ARM GAS  C:\Users\HELLOK~1\AppData\Local\Temp\ccWXQWqP.s 			page 1


   1              		.syntax unified
   2              		.cpu cortex-m0
   3              		.fpu softvfp
   4              		.eabi_attribute 20, 1
   5              		.eabi_attribute 21, 1
   6              		.eabi_attribute 23, 3
   7              		.eabi_attribute 24, 1
   8              		.eabi_attribute 25, 1
   9              		.eabi_attribute 26, 1
  10              		.eabi_attribute 30, 1
  11              		.eabi_attribute 34, 0
  12              		.eabi_attribute 18, 4
  13              		.thumb
  14              		.syntax unified
  15              		.file	"ENC.c"
  16              		.text
  17              	.Ltext0:
  18              		.cfi_sections	.debug_frame
  19              		.section	.text.ENC_SetDriveMode,"ax",%progbits
  20              		.align	2
  21              		.global	ENC_SetDriveMode
  22              		.code	16
  23              		.thumb_func
  24              		.type	ENC_SetDriveMode, %function
  25              	ENC_SetDriveMode:
  26              	.LFB0:
  27              		.file 1 "Generated_Source\\PSoC4\\ENC.c"
   1:Generated_Source\PSoC4/ENC.c **** /*******************************************************************************
   2:Generated_Source\PSoC4/ENC.c **** * File Name: ENC.c  
   3:Generated_Source\PSoC4/ENC.c **** * Version 2.20
   4:Generated_Source\PSoC4/ENC.c **** *
   5:Generated_Source\PSoC4/ENC.c **** * Description:
   6:Generated_Source\PSoC4/ENC.c **** *  This file contains API to enable firmware control of a Pins component.
   7:Generated_Source\PSoC4/ENC.c **** *
   8:Generated_Source\PSoC4/ENC.c **** ********************************************************************************
   9:Generated_Source\PSoC4/ENC.c **** * Copyright 2008-2015, Cypress Semiconductor Corporation.  All rights reserved.
  10:Generated_Source\PSoC4/ENC.c **** * You may use this file only in accordance with the license, terms, conditions, 
  11:Generated_Source\PSoC4/ENC.c **** * disclaimers, and limitations in the end user license agreement accompanying 
  12:Generated_Source\PSoC4/ENC.c **** * the software package with which this file was provided.
  13:Generated_Source\PSoC4/ENC.c **** *******************************************************************************/
  14:Generated_Source\PSoC4/ENC.c **** 
  15:Generated_Source\PSoC4/ENC.c **** #include "cytypes.h"
  16:Generated_Source\PSoC4/ENC.c **** #include "ENC.h"
  17:Generated_Source\PSoC4/ENC.c **** 
  18:Generated_Source\PSoC4/ENC.c **** 
  19:Generated_Source\PSoC4/ENC.c **** #if defined(ENC__PC)
  20:Generated_Source\PSoC4/ENC.c ****     #define ENC_SetP4PinDriveMode(shift, mode)  \
  21:Generated_Source\PSoC4/ENC.c ****     do { \
  22:Generated_Source\PSoC4/ENC.c ****         ENC_PC =   (ENC_PC & \
  23:Generated_Source\PSoC4/ENC.c ****                                 (uint32)(~(uint32)(ENC_DRIVE_MODE_IND_MASK << \
  24:Generated_Source\PSoC4/ENC.c ****                                 (ENC_DRIVE_MODE_BITS * (shift))))) | \
  25:Generated_Source\PSoC4/ENC.c ****                                 (uint32)((uint32)(mode) << \
  26:Generated_Source\PSoC4/ENC.c ****                                 (ENC_DRIVE_MODE_BITS * (shift))); \
  27:Generated_Source\PSoC4/ENC.c ****     } while (0)
  28:Generated_Source\PSoC4/ENC.c **** #else
  29:Generated_Source\PSoC4/ENC.c ****     #if (CY_PSOC4_4200L)
  30:Generated_Source\PSoC4/ENC.c ****         #define ENC_SetP4PinDriveMode(shift, mode)  \
ARM GAS  C:\Users\HELLOK~1\AppData\Local\Temp\ccWXQWqP.s 			page 2


  31:Generated_Source\PSoC4/ENC.c ****         do { \
  32:Generated_Source\PSoC4/ENC.c ****             ENC_USBIO_CTRL_REG = (ENC_USBIO_CTRL_REG & \
  33:Generated_Source\PSoC4/ENC.c ****                                     (uint32)(~(uint32)(ENC_DRIVE_MODE_IND_MASK << \
  34:Generated_Source\PSoC4/ENC.c ****                                     (ENC_DRIVE_MODE_BITS * (shift))))) | \
  35:Generated_Source\PSoC4/ENC.c ****                                     (uint32)((uint32)(mode) << \
  36:Generated_Source\PSoC4/ENC.c ****                                     (ENC_DRIVE_MODE_BITS * (shift))); \
  37:Generated_Source\PSoC4/ENC.c ****         } while (0)
  38:Generated_Source\PSoC4/ENC.c ****     #endif
  39:Generated_Source\PSoC4/ENC.c **** #endif
  40:Generated_Source\PSoC4/ENC.c ****   
  41:Generated_Source\PSoC4/ENC.c **** 
  42:Generated_Source\PSoC4/ENC.c **** #if defined(ENC__PC) || (CY_PSOC4_4200L) 
  43:Generated_Source\PSoC4/ENC.c ****     /*******************************************************************************
  44:Generated_Source\PSoC4/ENC.c ****     * Function Name: ENC_SetDriveMode
  45:Generated_Source\PSoC4/ENC.c ****     ****************************************************************************//**
  46:Generated_Source\PSoC4/ENC.c ****     *
  47:Generated_Source\PSoC4/ENC.c ****     * \brief Sets the drive mode for each of the Pins component's pins.
  48:Generated_Source\PSoC4/ENC.c ****     * 
  49:Generated_Source\PSoC4/ENC.c ****     * <b>Note</b> This affects all pins in the Pins component instance. Use the
  50:Generated_Source\PSoC4/ENC.c ****     * Per-Pin APIs if you wish to control individual pin's drive modes.
  51:Generated_Source\PSoC4/ENC.c ****     *
  52:Generated_Source\PSoC4/ENC.c ****     * <b>Note</b> USBIOs have limited drive functionality. Refer to the Drive Mode
  53:Generated_Source\PSoC4/ENC.c ****     * parameter for more information.
  54:Generated_Source\PSoC4/ENC.c ****     *
  55:Generated_Source\PSoC4/ENC.c ****     * \param mode
  56:Generated_Source\PSoC4/ENC.c ****     *  Mode for the selected signals. Valid options are documented in 
  57:Generated_Source\PSoC4/ENC.c ****     *  \ref driveMode.
  58:Generated_Source\PSoC4/ENC.c ****     *
  59:Generated_Source\PSoC4/ENC.c ****     * \return
  60:Generated_Source\PSoC4/ENC.c ****     *  None
  61:Generated_Source\PSoC4/ENC.c ****     *
  62:Generated_Source\PSoC4/ENC.c ****     * \sideeffect
  63:Generated_Source\PSoC4/ENC.c ****     *  If you use read-modify-write operations that are not atomic, the ISR can
  64:Generated_Source\PSoC4/ENC.c ****     *  cause corruption of this function. An ISR that interrupts this function 
  65:Generated_Source\PSoC4/ENC.c ****     *  and performs writes to the Pins component Drive Mode registers can cause 
  66:Generated_Source\PSoC4/ENC.c ****     *  corrupted port data. To avoid this issue, you should either use the Per-Pin
  67:Generated_Source\PSoC4/ENC.c ****     *  APIs (primary method) or disable interrupts around this function.
  68:Generated_Source\PSoC4/ENC.c ****     *
  69:Generated_Source\PSoC4/ENC.c ****     * \funcusage
  70:Generated_Source\PSoC4/ENC.c ****     *  \snippet ENC_SUT.c usage_ENC_SetDriveMode
  71:Generated_Source\PSoC4/ENC.c ****     *******************************************************************************/
  72:Generated_Source\PSoC4/ENC.c ****     void ENC_SetDriveMode(uint8 mode)
  73:Generated_Source\PSoC4/ENC.c ****     {
  28              		.loc 1 73 0
  29              		.cfi_startproc
  30              		@ args = 0, pretend = 0, frame = 0
  31              		@ frame_needed = 0, uses_anonymous_args = 0
  32              		@ link register save eliminated.
  33              	.LVL0:
  74:Generated_Source\PSoC4/ENC.c **** 		ENC_SetP4PinDriveMode(ENC__0__SHIFT, mode);
  34              		.loc 1 74 0
  35 0000 064A     		ldr	r2, .L2
  36 0002 1368     		ldr	r3, [r2]
  37 0004 0721     		movs	r1, #7
  38 0006 8B43     		bics	r3, r1
  39 0008 0343     		orrs	r3, r0
  40 000a 1360     		str	r3, [r2]
ARM GAS  C:\Users\HELLOK~1\AppData\Local\Temp\ccWXQWqP.s 			page 3


  75:Generated_Source\PSoC4/ENC.c **** 		ENC_SetP4PinDriveMode(ENC__1__SHIFT, mode);
  41              		.loc 1 75 0
  42 000c 1368     		ldr	r3, [r2]
  43 000e 3131     		adds	r1, r1, #49
  44 0010 8B43     		bics	r3, r1
  45 0012 C000     		lsls	r0, r0, #3
  46              	.LVL1:
  47 0014 1843     		orrs	r0, r3
  48 0016 1060     		str	r0, [r2]
  76:Generated_Source\PSoC4/ENC.c ****     }
  49              		.loc 1 76 0
  50              		@ sp needed
  51 0018 7047     		bx	lr
  52              	.L3:
  53 001a C046     		.align	2
  54              	.L2:
  55 001c 08000440 		.word	1074003976
  56              		.cfi_endproc
  57              	.LFE0:
  58              		.size	ENC_SetDriveMode, .-ENC_SetDriveMode
  59              		.section	.text.ENC_Write,"ax",%progbits
  60              		.align	2
  61              		.global	ENC_Write
  62              		.code	16
  63              		.thumb_func
  64              		.type	ENC_Write, %function
  65              	ENC_Write:
  66              	.LFB1:
  77:Generated_Source\PSoC4/ENC.c **** #endif
  78:Generated_Source\PSoC4/ENC.c **** 
  79:Generated_Source\PSoC4/ENC.c **** 
  80:Generated_Source\PSoC4/ENC.c **** /*******************************************************************************
  81:Generated_Source\PSoC4/ENC.c **** * Function Name: ENC_Write
  82:Generated_Source\PSoC4/ENC.c **** ****************************************************************************//**
  83:Generated_Source\PSoC4/ENC.c **** *
  84:Generated_Source\PSoC4/ENC.c **** * \brief Writes the value to the physical port (data output register), masking
  85:Generated_Source\PSoC4/ENC.c **** *  and shifting the bits appropriately. 
  86:Generated_Source\PSoC4/ENC.c **** *
  87:Generated_Source\PSoC4/ENC.c **** * The data output register controls the signal applied to the physical pin in 
  88:Generated_Source\PSoC4/ENC.c **** * conjunction with the drive mode parameter. This function avoids changing 
  89:Generated_Source\PSoC4/ENC.c **** * other bits in the port by using the appropriate method (read-modify-write or
  90:Generated_Source\PSoC4/ENC.c **** * bit banding).
  91:Generated_Source\PSoC4/ENC.c **** *
  92:Generated_Source\PSoC4/ENC.c **** * <b>Note</b> This function should not be used on a hardware digital output pin 
  93:Generated_Source\PSoC4/ENC.c **** * as it is driven by the hardware signal attached to it.
  94:Generated_Source\PSoC4/ENC.c **** *
  95:Generated_Source\PSoC4/ENC.c **** * \param value
  96:Generated_Source\PSoC4/ENC.c **** *  Value to write to the component instance.
  97:Generated_Source\PSoC4/ENC.c **** *
  98:Generated_Source\PSoC4/ENC.c **** * \return 
  99:Generated_Source\PSoC4/ENC.c **** *  None 
 100:Generated_Source\PSoC4/ENC.c **** *
 101:Generated_Source\PSoC4/ENC.c **** * \sideeffect
 102:Generated_Source\PSoC4/ENC.c **** *  If you use read-modify-write operations that are not atomic; the Interrupt 
 103:Generated_Source\PSoC4/ENC.c **** *  Service Routines (ISR) can cause corruption of this function. An ISR that 
 104:Generated_Source\PSoC4/ENC.c **** *  interrupts this function and performs writes to the Pins component data 
 105:Generated_Source\PSoC4/ENC.c **** *  register can cause corrupted port data. To avoid this issue, you should 
ARM GAS  C:\Users\HELLOK~1\AppData\Local\Temp\ccWXQWqP.s 			page 4


 106:Generated_Source\PSoC4/ENC.c **** *  either use the Per-Pin APIs (primary method) or disable interrupts around 
 107:Generated_Source\PSoC4/ENC.c **** *  this function.
 108:Generated_Source\PSoC4/ENC.c **** *
 109:Generated_Source\PSoC4/ENC.c **** * \funcusage
 110:Generated_Source\PSoC4/ENC.c **** *  \snippet ENC_SUT.c usage_ENC_Write
 111:Generated_Source\PSoC4/ENC.c **** *******************************************************************************/
 112:Generated_Source\PSoC4/ENC.c **** void ENC_Write(uint8 value)
 113:Generated_Source\PSoC4/ENC.c **** {
  67              		.loc 1 113 0
  68              		.cfi_startproc
  69              		@ args = 0, pretend = 0, frame = 0
  70              		@ frame_needed = 0, uses_anonymous_args = 0
  71              		@ link register save eliminated.
  72              	.LVL2:
 114:Generated_Source\PSoC4/ENC.c ****     uint8 drVal = (uint8)(ENC_DR & (uint8)(~ENC_MASK));
  73              		.loc 1 114 0
  74 0000 044A     		ldr	r2, .L5
  75 0002 1368     		ldr	r3, [r2]
  76 0004 DBB2     		uxtb	r3, r3
  77 0006 0321     		movs	r1, #3
  78 0008 8B43     		bics	r3, r1
  79              	.LVL3:
 115:Generated_Source\PSoC4/ENC.c ****     drVal = (drVal | ((uint8)(value << ENC_SHIFT) & ENC_MASK));
  80              		.loc 1 115 0
  81 000a 0840     		ands	r0, r1
  82              	.LVL4:
  83 000c 1843     		orrs	r0, r3
  84              	.LVL5:
 116:Generated_Source\PSoC4/ENC.c ****     ENC_DR = (uint32)drVal;
  85              		.loc 1 116 0
  86 000e 1060     		str	r0, [r2]
 117:Generated_Source\PSoC4/ENC.c **** }
  87              		.loc 1 117 0
  88              		@ sp needed
  89 0010 7047     		bx	lr
  90              	.L6:
  91 0012 C046     		.align	2
  92              	.L5:
  93 0014 00000440 		.word	1074003968
  94              		.cfi_endproc
  95              	.LFE1:
  96              		.size	ENC_Write, .-ENC_Write
  97              		.section	.text.ENC_Read,"ax",%progbits
  98              		.align	2
  99              		.global	ENC_Read
 100              		.code	16
 101              		.thumb_func
 102              		.type	ENC_Read, %function
 103              	ENC_Read:
 104              	.LFB2:
 118:Generated_Source\PSoC4/ENC.c **** 
 119:Generated_Source\PSoC4/ENC.c **** 
 120:Generated_Source\PSoC4/ENC.c **** /*******************************************************************************
 121:Generated_Source\PSoC4/ENC.c **** * Function Name: ENC_Read
 122:Generated_Source\PSoC4/ENC.c **** ****************************************************************************//**
 123:Generated_Source\PSoC4/ENC.c **** *
 124:Generated_Source\PSoC4/ENC.c **** * \brief Reads the associated physical port (pin status register) and masks 
ARM GAS  C:\Users\HELLOK~1\AppData\Local\Temp\ccWXQWqP.s 			page 5


 125:Generated_Source\PSoC4/ENC.c **** *  the required bits according to the width and bit position of the component
 126:Generated_Source\PSoC4/ENC.c **** *  instance. 
 127:Generated_Source\PSoC4/ENC.c **** *
 128:Generated_Source\PSoC4/ENC.c **** * The pin's status register returns the current logic level present on the 
 129:Generated_Source\PSoC4/ENC.c **** * physical pin.
 130:Generated_Source\PSoC4/ENC.c **** *
 131:Generated_Source\PSoC4/ENC.c **** * \return 
 132:Generated_Source\PSoC4/ENC.c **** *  The current value for the pins in the component as a right justified number.
 133:Generated_Source\PSoC4/ENC.c **** *
 134:Generated_Source\PSoC4/ENC.c **** * \funcusage
 135:Generated_Source\PSoC4/ENC.c **** *  \snippet ENC_SUT.c usage_ENC_Read  
 136:Generated_Source\PSoC4/ENC.c **** *******************************************************************************/
 137:Generated_Source\PSoC4/ENC.c **** uint8 ENC_Read(void)
 138:Generated_Source\PSoC4/ENC.c **** {
 105              		.loc 1 138 0
 106              		.cfi_startproc
 107              		@ args = 0, pretend = 0, frame = 0
 108              		@ frame_needed = 0, uses_anonymous_args = 0
 109              		@ link register save eliminated.
 139:Generated_Source\PSoC4/ENC.c ****     return (uint8)((ENC_PS & ENC_MASK) >> ENC_SHIFT);
 110              		.loc 1 139 0
 111 0000 024B     		ldr	r3, .L8
 112 0002 1B68     		ldr	r3, [r3]
 113 0004 0320     		movs	r0, #3
 114 0006 1840     		ands	r0, r3
 140:Generated_Source\PSoC4/ENC.c **** }
 115              		.loc 1 140 0
 116              		@ sp needed
 117 0008 7047     		bx	lr
 118              	.L9:
 119 000a C046     		.align	2
 120              	.L8:
 121 000c 04000440 		.word	1074003972
 122              		.cfi_endproc
 123              	.LFE2:
 124              		.size	ENC_Read, .-ENC_Read
 125              		.section	.text.ENC_ReadDataReg,"ax",%progbits
 126              		.align	2
 127              		.global	ENC_ReadDataReg
 128              		.code	16
 129              		.thumb_func
 130              		.type	ENC_ReadDataReg, %function
 131              	ENC_ReadDataReg:
 132              	.LFB3:
 141:Generated_Source\PSoC4/ENC.c **** 
 142:Generated_Source\PSoC4/ENC.c **** 
 143:Generated_Source\PSoC4/ENC.c **** /*******************************************************************************
 144:Generated_Source\PSoC4/ENC.c **** * Function Name: ENC_ReadDataReg
 145:Generated_Source\PSoC4/ENC.c **** ****************************************************************************//**
 146:Generated_Source\PSoC4/ENC.c **** *
 147:Generated_Source\PSoC4/ENC.c **** * \brief Reads the associated physical port's data output register and masks 
 148:Generated_Source\PSoC4/ENC.c **** *  the correct bits according to the width and bit position of the component 
 149:Generated_Source\PSoC4/ENC.c **** *  instance. 
 150:Generated_Source\PSoC4/ENC.c **** *
 151:Generated_Source\PSoC4/ENC.c **** * The data output register controls the signal applied to the physical pin in 
 152:Generated_Source\PSoC4/ENC.c **** * conjunction with the drive mode parameter. This is not the same as the 
 153:Generated_Source\PSoC4/ENC.c **** * preferred ENC_Read() API because the 
ARM GAS  C:\Users\HELLOK~1\AppData\Local\Temp\ccWXQWqP.s 			page 6


 154:Generated_Source\PSoC4/ENC.c **** * ENC_ReadDataReg() reads the data register instead of the status 
 155:Generated_Source\PSoC4/ENC.c **** * register. For output pins this is a useful function to determine the value 
 156:Generated_Source\PSoC4/ENC.c **** * just written to the pin.
 157:Generated_Source\PSoC4/ENC.c **** *
 158:Generated_Source\PSoC4/ENC.c **** * \return 
 159:Generated_Source\PSoC4/ENC.c **** *  The current value of the data register masked and shifted into a right 
 160:Generated_Source\PSoC4/ENC.c **** *  justified number for the component instance.
 161:Generated_Source\PSoC4/ENC.c **** *
 162:Generated_Source\PSoC4/ENC.c **** * \funcusage
 163:Generated_Source\PSoC4/ENC.c **** *  \snippet ENC_SUT.c usage_ENC_ReadDataReg 
 164:Generated_Source\PSoC4/ENC.c **** *******************************************************************************/
 165:Generated_Source\PSoC4/ENC.c **** uint8 ENC_ReadDataReg(void)
 166:Generated_Source\PSoC4/ENC.c **** {
 133              		.loc 1 166 0
 134              		.cfi_startproc
 135              		@ args = 0, pretend = 0, frame = 0
 136              		@ frame_needed = 0, uses_anonymous_args = 0
 137              		@ link register save eliminated.
 167:Generated_Source\PSoC4/ENC.c ****     return (uint8)((ENC_DR & ENC_MASK) >> ENC_SHIFT);
 138              		.loc 1 167 0
 139 0000 024B     		ldr	r3, .L11
 140 0002 1B68     		ldr	r3, [r3]
 141 0004 0320     		movs	r0, #3
 142 0006 1840     		ands	r0, r3
 168:Generated_Source\PSoC4/ENC.c **** }
 143              		.loc 1 168 0
 144              		@ sp needed
 145 0008 7047     		bx	lr
 146              	.L12:
 147 000a C046     		.align	2
 148              	.L11:
 149 000c 00000440 		.word	1074003968
 150              		.cfi_endproc
 151              	.LFE3:
 152              		.size	ENC_ReadDataReg, .-ENC_ReadDataReg
 153              		.section	.text.ENC_SetInterruptMode,"ax",%progbits
 154              		.align	2
 155              		.global	ENC_SetInterruptMode
 156              		.code	16
 157              		.thumb_func
 158              		.type	ENC_SetInterruptMode, %function
 159              	ENC_SetInterruptMode:
 160              	.LFB4:
 169:Generated_Source\PSoC4/ENC.c **** 
 170:Generated_Source\PSoC4/ENC.c **** 
 171:Generated_Source\PSoC4/ENC.c **** /*******************************************************************************
 172:Generated_Source\PSoC4/ENC.c **** * Function Name: ENC_SetInterruptMode
 173:Generated_Source\PSoC4/ENC.c **** ****************************************************************************//**
 174:Generated_Source\PSoC4/ENC.c **** *
 175:Generated_Source\PSoC4/ENC.c **** * \brief Configures the interrupt mode for each of the Pins component's
 176:Generated_Source\PSoC4/ENC.c **** *  pins. Alternatively you may set the interrupt mode for all the pins
 177:Generated_Source\PSoC4/ENC.c **** *  specified in the Pins component.
 178:Generated_Source\PSoC4/ENC.c **** *
 179:Generated_Source\PSoC4/ENC.c **** *  <b>Note</b> The interrupt is port-wide and therefore any enabled pin
 180:Generated_Source\PSoC4/ENC.c **** *  interrupt may trigger it.
 181:Generated_Source\PSoC4/ENC.c **** *
 182:Generated_Source\PSoC4/ENC.c **** * \param position
ARM GAS  C:\Users\HELLOK~1\AppData\Local\Temp\ccWXQWqP.s 			page 7


 183:Generated_Source\PSoC4/ENC.c **** *  The pin position as listed in the Pins component. You may OR these to be 
 184:Generated_Source\PSoC4/ENC.c **** *  able to configure the interrupt mode of multiple pins within a Pins 
 185:Generated_Source\PSoC4/ENC.c **** *  component. Or you may use ENC_INTR_ALL to configure the
 186:Generated_Source\PSoC4/ENC.c **** *  interrupt mode of all the pins in the Pins component.       
 187:Generated_Source\PSoC4/ENC.c **** *  - ENC_0_INTR       (First pin in the list)
 188:Generated_Source\PSoC4/ENC.c **** *  - ENC_1_INTR       (Second pin in the list)
 189:Generated_Source\PSoC4/ENC.c **** *  - ...
 190:Generated_Source\PSoC4/ENC.c **** *  - ENC_INTR_ALL     (All pins in Pins component)
 191:Generated_Source\PSoC4/ENC.c **** *
 192:Generated_Source\PSoC4/ENC.c **** * \param mode
 193:Generated_Source\PSoC4/ENC.c **** *  Interrupt mode for the selected pins. Valid options are documented in
 194:Generated_Source\PSoC4/ENC.c **** *  \ref intrMode.
 195:Generated_Source\PSoC4/ENC.c **** *
 196:Generated_Source\PSoC4/ENC.c **** * \return 
 197:Generated_Source\PSoC4/ENC.c **** *  None
 198:Generated_Source\PSoC4/ENC.c **** *  
 199:Generated_Source\PSoC4/ENC.c **** * \sideeffect
 200:Generated_Source\PSoC4/ENC.c **** *  It is recommended that the interrupt be disabled before calling this 
 201:Generated_Source\PSoC4/ENC.c **** *  function to avoid unintended interrupt requests. Note that the interrupt
 202:Generated_Source\PSoC4/ENC.c **** *  type is port wide, and therefore will trigger for any enabled pin on the 
 203:Generated_Source\PSoC4/ENC.c **** *  port.
 204:Generated_Source\PSoC4/ENC.c **** *
 205:Generated_Source\PSoC4/ENC.c **** * \funcusage
 206:Generated_Source\PSoC4/ENC.c **** *  \snippet ENC_SUT.c usage_ENC_SetInterruptMode
 207:Generated_Source\PSoC4/ENC.c **** *******************************************************************************/
 208:Generated_Source\PSoC4/ENC.c **** void ENC_SetInterruptMode(uint16 position, uint16 mode)
 209:Generated_Source\PSoC4/ENC.c **** {
 161              		.loc 1 209 0
 162              		.cfi_startproc
 163              		@ args = 0, pretend = 0, frame = 0
 164              		@ frame_needed = 0, uses_anonymous_args = 0
 165              		@ link register save eliminated.
 166              	.LVL6:
 210:Generated_Source\PSoC4/ENC.c ****     uint32 intrCfg;
 211:Generated_Source\PSoC4/ENC.c ****     
 212:Generated_Source\PSoC4/ENC.c ****     intrCfg =  ENC_INTCFG & (uint32)(~(uint32)position);
 167              		.loc 1 212 0
 168 0000 034A     		ldr	r2, .L14
 169 0002 1368     		ldr	r3, [r2]
 170 0004 8343     		bics	r3, r0
 171              	.LVL7:
 213:Generated_Source\PSoC4/ENC.c ****     ENC_INTCFG = intrCfg | ((uint32)position & (uint32)mode);
 172              		.loc 1 213 0
 173 0006 0840     		ands	r0, r1
 174              	.LVL8:
 175 0008 1843     		orrs	r0, r3
 176 000a 1060     		str	r0, [r2]
 214:Generated_Source\PSoC4/ENC.c **** }
 177              		.loc 1 214 0
 178              		@ sp needed
 179 000c 7047     		bx	lr
 180              	.L15:
 181 000e C046     		.align	2
 182              	.L14:
 183 0010 0C000440 		.word	1074003980
 184              		.cfi_endproc
 185              	.LFE4:
ARM GAS  C:\Users\HELLOK~1\AppData\Local\Temp\ccWXQWqP.s 			page 8


 186              		.size	ENC_SetInterruptMode, .-ENC_SetInterruptMode
 187              		.section	.text.ENC_ClearInterrupt,"ax",%progbits
 188              		.align	2
 189              		.global	ENC_ClearInterrupt
 190              		.code	16
 191              		.thumb_func
 192              		.type	ENC_ClearInterrupt, %function
 193              	ENC_ClearInterrupt:
 194              	.LFB5:
 215:Generated_Source\PSoC4/ENC.c **** 
 216:Generated_Source\PSoC4/ENC.c **** 
 217:Generated_Source\PSoC4/ENC.c **** /*******************************************************************************
 218:Generated_Source\PSoC4/ENC.c **** * Function Name: ENC_ClearInterrupt
 219:Generated_Source\PSoC4/ENC.c **** ****************************************************************************//**
 220:Generated_Source\PSoC4/ENC.c **** *
 221:Generated_Source\PSoC4/ENC.c **** * \brief Clears any active interrupts attached with the component and returns 
 222:Generated_Source\PSoC4/ENC.c **** *  the value of the interrupt status register allowing determination of which
 223:Generated_Source\PSoC4/ENC.c **** *  pins generated an interrupt event.
 224:Generated_Source\PSoC4/ENC.c **** *
 225:Generated_Source\PSoC4/ENC.c **** * \return 
 226:Generated_Source\PSoC4/ENC.c **** *  The right-shifted current value of the interrupt status register. Each pin 
 227:Generated_Source\PSoC4/ENC.c **** *  has one bit set if it generated an interrupt event. For example, bit 0 is 
 228:Generated_Source\PSoC4/ENC.c **** *  for pin 0 and bit 1 is for pin 1 of the Pins component.
 229:Generated_Source\PSoC4/ENC.c **** *  
 230:Generated_Source\PSoC4/ENC.c **** * \sideeffect
 231:Generated_Source\PSoC4/ENC.c **** *  Clears all bits of the physical port's interrupt status register, not just
 232:Generated_Source\PSoC4/ENC.c **** *  those associated with the Pins component.
 233:Generated_Source\PSoC4/ENC.c **** *
 234:Generated_Source\PSoC4/ENC.c **** * \funcusage
 235:Generated_Source\PSoC4/ENC.c **** *  \snippet ENC_SUT.c usage_ENC_ClearInterrupt
 236:Generated_Source\PSoC4/ENC.c **** *******************************************************************************/
 237:Generated_Source\PSoC4/ENC.c **** uint8 ENC_ClearInterrupt(void)
 238:Generated_Source\PSoC4/ENC.c **** {
 195              		.loc 1 238 0
 196              		.cfi_startproc
 197              		@ args = 0, pretend = 0, frame = 0
 198              		@ frame_needed = 0, uses_anonymous_args = 0
 199              		@ link register save eliminated.
 239:Generated_Source\PSoC4/ENC.c **** 	uint8 maskedStatus = (uint8)(ENC_INTSTAT & ENC_MASK);
 200              		.loc 1 239 0
 201 0000 024A     		ldr	r2, .L17
 202 0002 1068     		ldr	r0, [r2]
 203 0004 0323     		movs	r3, #3
 204 0006 1840     		ands	r0, r3
 205              	.LVL9:
 240:Generated_Source\PSoC4/ENC.c **** 	ENC_INTSTAT = maskedStatus;
 206              		.loc 1 240 0
 207 0008 1060     		str	r0, [r2]
 241:Generated_Source\PSoC4/ENC.c ****     return maskedStatus >> ENC_SHIFT;
 242:Generated_Source\PSoC4/ENC.c **** }
 208              		.loc 1 242 0
 209              		@ sp needed
 210 000a 7047     		bx	lr
 211              	.L18:
 212              		.align	2
 213              	.L17:
 214 000c 10000440 		.word	1074003984
ARM GAS  C:\Users\HELLOK~1\AppData\Local\Temp\ccWXQWqP.s 			page 9


 215              		.cfi_endproc
 216              	.LFE5:
 217              		.size	ENC_ClearInterrupt, .-ENC_ClearInterrupt
 218              		.text
 219              	.Letext0:
 220              		.file 2 "Generated_Source\\PSoC4\\cytypes.h"
 221              		.section	.debug_info,"",%progbits
 222              	.Ldebug_info0:
 223 0000 97010000 		.4byte	0x197
 224 0004 0400     		.2byte	0x4
 225 0006 00000000 		.4byte	.Ldebug_abbrev0
 226 000a 04       		.byte	0x4
 227 000b 01       		.uleb128 0x1
 228 000c F3000000 		.4byte	.LASF28
 229 0010 0C       		.byte	0xc
 230 0011 19020000 		.4byte	.LASF29
 231 0015 AB010000 		.4byte	.LASF30
 232 0019 00000000 		.4byte	.Ldebug_ranges0+0
 233 001d 00000000 		.4byte	0
 234 0021 00000000 		.4byte	.Ldebug_line0
 235 0025 02       		.uleb128 0x2
 236 0026 01       		.byte	0x1
 237 0027 06       		.byte	0x6
 238 0028 3F020000 		.4byte	.LASF0
 239 002c 02       		.uleb128 0x2
 240 002d 01       		.byte	0x1
 241 002e 08       		.byte	0x8
 242 002f 18000000 		.4byte	.LASF1
 243 0033 02       		.uleb128 0x2
 244 0034 02       		.byte	0x2
 245 0035 05       		.byte	0x5
 246 0036 A1010000 		.4byte	.LASF2
 247 003a 02       		.uleb128 0x2
 248 003b 02       		.byte	0x2
 249 003c 07       		.byte	0x7
 250 003d 3E000000 		.4byte	.LASF3
 251 0041 02       		.uleb128 0x2
 252 0042 04       		.byte	0x4
 253 0043 05       		.byte	0x5
 254 0044 36020000 		.4byte	.LASF4
 255 0048 02       		.uleb128 0x2
 256 0049 04       		.byte	0x4
 257 004a 07       		.byte	0x7
 258 004b 2C000000 		.4byte	.LASF5
 259 004f 02       		.uleb128 0x2
 260 0050 08       		.byte	0x8
 261 0051 05       		.byte	0x5
 262 0052 81010000 		.4byte	.LASF6
 263 0056 02       		.uleb128 0x2
 264 0057 08       		.byte	0x8
 265 0058 07       		.byte	0x7
 266 0059 D7000000 		.4byte	.LASF7
 267 005d 03       		.uleb128 0x3
 268 005e 04       		.byte	0x4
 269 005f 05       		.byte	0x5
 270 0060 696E7400 		.ascii	"int\000"
 271 0064 02       		.uleb128 0x2
ARM GAS  C:\Users\HELLOK~1\AppData\Local\Temp\ccWXQWqP.s 			page 10


 272 0065 04       		.byte	0x4
 273 0066 07       		.byte	0x7
 274 0067 C0000000 		.4byte	.LASF8
 275 006b 04       		.uleb128 0x4
 276 006c 12000000 		.4byte	.LASF9
 277 0070 02       		.byte	0x2
 278 0071 E401     		.2byte	0x1e4
 279 0073 2C000000 		.4byte	0x2c
 280 0077 04       		.uleb128 0x4
 281 0078 91000000 		.4byte	.LASF10
 282 007c 02       		.byte	0x2
 283 007d E501     		.2byte	0x1e5
 284 007f 3A000000 		.4byte	0x3a
 285 0083 04       		.uleb128 0x4
 286 0084 A1000000 		.4byte	.LASF11
 287 0088 02       		.byte	0x2
 288 0089 E601     		.2byte	0x1e6
 289 008b 48000000 		.4byte	0x48
 290 008f 02       		.uleb128 0x2
 291 0090 04       		.byte	0x4
 292 0091 04       		.byte	0x4
 293 0092 0C000000 		.4byte	.LASF12
 294 0096 02       		.uleb128 0x2
 295 0097 08       		.byte	0x8
 296 0098 04       		.byte	0x4
 297 0099 77000000 		.4byte	.LASF13
 298 009d 02       		.uleb128 0x2
 299 009e 01       		.byte	0x1
 300 009f 08       		.byte	0x8
 301 00a0 9C010000 		.4byte	.LASF14
 302 00a4 04       		.uleb128 0x4
 303 00a5 00000000 		.4byte	.LASF15
 304 00a9 02       		.byte	0x2
 305 00aa 9002     		.2byte	0x290
 306 00ac B0000000 		.4byte	0xb0
 307 00b0 05       		.uleb128 0x5
 308 00b1 83000000 		.4byte	0x83
 309 00b5 06       		.uleb128 0x6
 310 00b6 51000000 		.4byte	.LASF16
 311 00ba 01       		.byte	0x1
 312 00bb 48       		.byte	0x48
 313 00bc 00000000 		.4byte	.LFB0
 314 00c0 20000000 		.4byte	.LFE0-.LFB0
 315 00c4 01       		.uleb128 0x1
 316 00c5 9C       		.byte	0x9c
 317 00c6 DA000000 		.4byte	0xda
 318 00ca 07       		.uleb128 0x7
 319 00cb EE000000 		.4byte	.LASF18
 320 00cf 01       		.byte	0x1
 321 00d0 48       		.byte	0x48
 322 00d1 6B000000 		.4byte	0x6b
 323 00d5 00000000 		.4byte	.LLST0
 324 00d9 00       		.byte	0
 325 00da 06       		.uleb128 0x6
 326 00db CD000000 		.4byte	.LASF17
 327 00df 01       		.byte	0x1
 328 00e0 70       		.byte	0x70
ARM GAS  C:\Users\HELLOK~1\AppData\Local\Temp\ccWXQWqP.s 			page 11


 329 00e1 00000000 		.4byte	.LFB1
 330 00e5 18000000 		.4byte	.LFE1-.LFB1
 331 00e9 01       		.uleb128 0x1
 332 00ea 9C       		.byte	0x9c
 333 00eb 0E010000 		.4byte	0x10e
 334 00ef 07       		.uleb128 0x7
 335 00f0 06000000 		.4byte	.LASF19
 336 00f4 01       		.byte	0x1
 337 00f5 70       		.byte	0x70
 338 00f6 6B000000 		.4byte	0x6b
 339 00fa 21000000 		.4byte	.LLST1
 340 00fe 08       		.uleb128 0x8
 341 00ff 26000000 		.4byte	.LASF24
 342 0103 01       		.byte	0x1
 343 0104 72       		.byte	0x72
 344 0105 6B000000 		.4byte	0x6b
 345 0109 42000000 		.4byte	.LLST2
 346 010d 00       		.byte	0
 347 010e 09       		.uleb128 0x9
 348 010f 4B020000 		.4byte	.LASF20
 349 0113 01       		.byte	0x1
 350 0114 89       		.byte	0x89
 351 0115 6B000000 		.4byte	0x6b
 352 0119 00000000 		.4byte	.LFB2
 353 011d 10000000 		.4byte	.LFE2-.LFB2
 354 0121 01       		.uleb128 0x1
 355 0122 9C       		.byte	0x9c
 356 0123 09       		.uleb128 0x9
 357 0124 A8000000 		.4byte	.LASF21
 358 0128 01       		.byte	0x1
 359 0129 A5       		.byte	0xa5
 360 012a 6B000000 		.4byte	0x6b
 361 012e 00000000 		.4byte	.LFB3
 362 0132 10000000 		.4byte	.LFE3-.LFB3
 363 0136 01       		.uleb128 0x1
 364 0137 9C       		.byte	0x9c
 365 0138 06       		.uleb128 0x6
 366 0139 62000000 		.4byte	.LASF22
 367 013d 01       		.byte	0x1
 368 013e D0       		.byte	0xd0
 369 013f 00000000 		.4byte	.LFB4
 370 0143 14000000 		.4byte	.LFE4-.LFB4
 371 0147 01       		.uleb128 0x1
 372 0148 9C       		.byte	0x9c
 373 0149 77010000 		.4byte	0x177
 374 014d 07       		.uleb128 0x7
 375 014e 98000000 		.4byte	.LASF23
 376 0152 01       		.byte	0x1
 377 0153 D0       		.byte	0xd0
 378 0154 77000000 		.4byte	0x77
 379 0158 60000000 		.4byte	.LLST3
 380 015c 0A       		.uleb128 0xa
 381 015d EE000000 		.4byte	.LASF18
 382 0161 01       		.byte	0x1
 383 0162 D0       		.byte	0xd0
 384 0163 77000000 		.4byte	0x77
 385 0167 01       		.uleb128 0x1
ARM GAS  C:\Users\HELLOK~1\AppData\Local\Temp\ccWXQWqP.s 			page 12


 386 0168 51       		.byte	0x51
 387 0169 0B       		.uleb128 0xb
 388 016a B8000000 		.4byte	.LASF25
 389 016e 01       		.byte	0x1
 390 016f D2       		.byte	0xd2
 391 0170 83000000 		.4byte	0x83
 392 0174 01       		.uleb128 0x1
 393 0175 53       		.byte	0x53
 394 0176 00       		.byte	0
 395 0177 0C       		.uleb128 0xc
 396 0178 7E000000 		.4byte	.LASF26
 397 017c 01       		.byte	0x1
 398 017d ED       		.byte	0xed
 399 017e 6B000000 		.4byte	0x6b
 400 0182 00000000 		.4byte	.LFB5
 401 0186 10000000 		.4byte	.LFE5-.LFB5
 402 018a 01       		.uleb128 0x1
 403 018b 9C       		.byte	0x9c
 404 018c 0B       		.uleb128 0xb
 405 018d 8F010000 		.4byte	.LASF27
 406 0191 01       		.byte	0x1
 407 0192 EF       		.byte	0xef
 408 0193 6B000000 		.4byte	0x6b
 409 0197 01       		.uleb128 0x1
 410 0198 50       		.byte	0x50
 411 0199 00       		.byte	0
 412 019a 00       		.byte	0
 413              		.section	.debug_abbrev,"",%progbits
 414              	.Ldebug_abbrev0:
 415 0000 01       		.uleb128 0x1
 416 0001 11       		.uleb128 0x11
 417 0002 01       		.byte	0x1
 418 0003 25       		.uleb128 0x25
 419 0004 0E       		.uleb128 0xe
 420 0005 13       		.uleb128 0x13
 421 0006 0B       		.uleb128 0xb
 422 0007 03       		.uleb128 0x3
 423 0008 0E       		.uleb128 0xe
 424 0009 1B       		.uleb128 0x1b
 425 000a 0E       		.uleb128 0xe
 426 000b 55       		.uleb128 0x55
 427 000c 17       		.uleb128 0x17
 428 000d 11       		.uleb128 0x11
 429 000e 01       		.uleb128 0x1
 430 000f 10       		.uleb128 0x10
 431 0010 17       		.uleb128 0x17
 432 0011 00       		.byte	0
 433 0012 00       		.byte	0
 434 0013 02       		.uleb128 0x2
 435 0014 24       		.uleb128 0x24
 436 0015 00       		.byte	0
 437 0016 0B       		.uleb128 0xb
 438 0017 0B       		.uleb128 0xb
 439 0018 3E       		.uleb128 0x3e
 440 0019 0B       		.uleb128 0xb
 441 001a 03       		.uleb128 0x3
 442 001b 0E       		.uleb128 0xe
ARM GAS  C:\Users\HELLOK~1\AppData\Local\Temp\ccWXQWqP.s 			page 13


 443 001c 00       		.byte	0
 444 001d 00       		.byte	0
 445 001e 03       		.uleb128 0x3
 446 001f 24       		.uleb128 0x24
 447 0020 00       		.byte	0
 448 0021 0B       		.uleb128 0xb
 449 0022 0B       		.uleb128 0xb
 450 0023 3E       		.uleb128 0x3e
 451 0024 0B       		.uleb128 0xb
 452 0025 03       		.uleb128 0x3
 453 0026 08       		.uleb128 0x8
 454 0027 00       		.byte	0
 455 0028 00       		.byte	0
 456 0029 04       		.uleb128 0x4
 457 002a 16       		.uleb128 0x16
 458 002b 00       		.byte	0
 459 002c 03       		.uleb128 0x3
 460 002d 0E       		.uleb128 0xe
 461 002e 3A       		.uleb128 0x3a
 462 002f 0B       		.uleb128 0xb
 463 0030 3B       		.uleb128 0x3b
 464 0031 05       		.uleb128 0x5
 465 0032 49       		.uleb128 0x49
 466 0033 13       		.uleb128 0x13
 467 0034 00       		.byte	0
 468 0035 00       		.byte	0
 469 0036 05       		.uleb128 0x5
 470 0037 35       		.uleb128 0x35
 471 0038 00       		.byte	0
 472 0039 49       		.uleb128 0x49
 473 003a 13       		.uleb128 0x13
 474 003b 00       		.byte	0
 475 003c 00       		.byte	0
 476 003d 06       		.uleb128 0x6
 477 003e 2E       		.uleb128 0x2e
 478 003f 01       		.byte	0x1
 479 0040 3F       		.uleb128 0x3f
 480 0041 19       		.uleb128 0x19
 481 0042 03       		.uleb128 0x3
 482 0043 0E       		.uleb128 0xe
 483 0044 3A       		.uleb128 0x3a
 484 0045 0B       		.uleb128 0xb
 485 0046 3B       		.uleb128 0x3b
 486 0047 0B       		.uleb128 0xb
 487 0048 27       		.uleb128 0x27
 488 0049 19       		.uleb128 0x19
 489 004a 11       		.uleb128 0x11
 490 004b 01       		.uleb128 0x1
 491 004c 12       		.uleb128 0x12
 492 004d 06       		.uleb128 0x6
 493 004e 40       		.uleb128 0x40
 494 004f 18       		.uleb128 0x18
 495 0050 9742     		.uleb128 0x2117
 496 0052 19       		.uleb128 0x19
 497 0053 01       		.uleb128 0x1
 498 0054 13       		.uleb128 0x13
 499 0055 00       		.byte	0
ARM GAS  C:\Users\HELLOK~1\AppData\Local\Temp\ccWXQWqP.s 			page 14


 500 0056 00       		.byte	0
 501 0057 07       		.uleb128 0x7
 502 0058 05       		.uleb128 0x5
 503 0059 00       		.byte	0
 504 005a 03       		.uleb128 0x3
 505 005b 0E       		.uleb128 0xe
 506 005c 3A       		.uleb128 0x3a
 507 005d 0B       		.uleb128 0xb
 508 005e 3B       		.uleb128 0x3b
 509 005f 0B       		.uleb128 0xb
 510 0060 49       		.uleb128 0x49
 511 0061 13       		.uleb128 0x13
 512 0062 02       		.uleb128 0x2
 513 0063 17       		.uleb128 0x17
 514 0064 00       		.byte	0
 515 0065 00       		.byte	0
 516 0066 08       		.uleb128 0x8
 517 0067 34       		.uleb128 0x34
 518 0068 00       		.byte	0
 519 0069 03       		.uleb128 0x3
 520 006a 0E       		.uleb128 0xe
 521 006b 3A       		.uleb128 0x3a
 522 006c 0B       		.uleb128 0xb
 523 006d 3B       		.uleb128 0x3b
 524 006e 0B       		.uleb128 0xb
 525 006f 49       		.uleb128 0x49
 526 0070 13       		.uleb128 0x13
 527 0071 02       		.uleb128 0x2
 528 0072 17       		.uleb128 0x17
 529 0073 00       		.byte	0
 530 0074 00       		.byte	0
 531 0075 09       		.uleb128 0x9
 532 0076 2E       		.uleb128 0x2e
 533 0077 00       		.byte	0
 534 0078 3F       		.uleb128 0x3f
 535 0079 19       		.uleb128 0x19
 536 007a 03       		.uleb128 0x3
 537 007b 0E       		.uleb128 0xe
 538 007c 3A       		.uleb128 0x3a
 539 007d 0B       		.uleb128 0xb
 540 007e 3B       		.uleb128 0x3b
 541 007f 0B       		.uleb128 0xb
 542 0080 27       		.uleb128 0x27
 543 0081 19       		.uleb128 0x19
 544 0082 49       		.uleb128 0x49
 545 0083 13       		.uleb128 0x13
 546 0084 11       		.uleb128 0x11
 547 0085 01       		.uleb128 0x1
 548 0086 12       		.uleb128 0x12
 549 0087 06       		.uleb128 0x6
 550 0088 40       		.uleb128 0x40
 551 0089 18       		.uleb128 0x18
 552 008a 9742     		.uleb128 0x2117
 553 008c 19       		.uleb128 0x19
 554 008d 00       		.byte	0
 555 008e 00       		.byte	0
 556 008f 0A       		.uleb128 0xa
ARM GAS  C:\Users\HELLOK~1\AppData\Local\Temp\ccWXQWqP.s 			page 15


 557 0090 05       		.uleb128 0x5
 558 0091 00       		.byte	0
 559 0092 03       		.uleb128 0x3
 560 0093 0E       		.uleb128 0xe
 561 0094 3A       		.uleb128 0x3a
 562 0095 0B       		.uleb128 0xb
 563 0096 3B       		.uleb128 0x3b
 564 0097 0B       		.uleb128 0xb
 565 0098 49       		.uleb128 0x49
 566 0099 13       		.uleb128 0x13
 567 009a 02       		.uleb128 0x2
 568 009b 18       		.uleb128 0x18
 569 009c 00       		.byte	0
 570 009d 00       		.byte	0
 571 009e 0B       		.uleb128 0xb
 572 009f 34       		.uleb128 0x34
 573 00a0 00       		.byte	0
 574 00a1 03       		.uleb128 0x3
 575 00a2 0E       		.uleb128 0xe
 576 00a3 3A       		.uleb128 0x3a
 577 00a4 0B       		.uleb128 0xb
 578 00a5 3B       		.uleb128 0x3b
 579 00a6 0B       		.uleb128 0xb
 580 00a7 49       		.uleb128 0x49
 581 00a8 13       		.uleb128 0x13
 582 00a9 02       		.uleb128 0x2
 583 00aa 18       		.uleb128 0x18
 584 00ab 00       		.byte	0
 585 00ac 00       		.byte	0
 586 00ad 0C       		.uleb128 0xc
 587 00ae 2E       		.uleb128 0x2e
 588 00af 01       		.byte	0x1
 589 00b0 3F       		.uleb128 0x3f
 590 00b1 19       		.uleb128 0x19
 591 00b2 03       		.uleb128 0x3
 592 00b3 0E       		.uleb128 0xe
 593 00b4 3A       		.uleb128 0x3a
 594 00b5 0B       		.uleb128 0xb
 595 00b6 3B       		.uleb128 0x3b
 596 00b7 0B       		.uleb128 0xb
 597 00b8 27       		.uleb128 0x27
 598 00b9 19       		.uleb128 0x19
 599 00ba 49       		.uleb128 0x49
 600 00bb 13       		.uleb128 0x13
 601 00bc 11       		.uleb128 0x11
 602 00bd 01       		.uleb128 0x1
 603 00be 12       		.uleb128 0x12
 604 00bf 06       		.uleb128 0x6
 605 00c0 40       		.uleb128 0x40
 606 00c1 18       		.uleb128 0x18
 607 00c2 9742     		.uleb128 0x2117
 608 00c4 19       		.uleb128 0x19
 609 00c5 00       		.byte	0
 610 00c6 00       		.byte	0
 611 00c7 00       		.byte	0
 612              		.section	.debug_loc,"",%progbits
 613              	.Ldebug_loc0:
ARM GAS  C:\Users\HELLOK~1\AppData\Local\Temp\ccWXQWqP.s 			page 16


 614              	.LLST0:
 615 0000 00000000 		.4byte	.LVL0
 616 0004 14000000 		.4byte	.LVL1
 617 0008 0100     		.2byte	0x1
 618 000a 50       		.byte	0x50
 619 000b 14000000 		.4byte	.LVL1
 620 000f 20000000 		.4byte	.LFE0
 621 0013 0400     		.2byte	0x4
 622 0015 F3       		.byte	0xf3
 623 0016 01       		.uleb128 0x1
 624 0017 50       		.byte	0x50
 625 0018 9F       		.byte	0x9f
 626 0019 00000000 		.4byte	0
 627 001d 00000000 		.4byte	0
 628              	.LLST1:
 629 0021 00000000 		.4byte	.LVL2
 630 0025 0C000000 		.4byte	.LVL4
 631 0029 0100     		.2byte	0x1
 632 002b 50       		.byte	0x50
 633 002c 0C000000 		.4byte	.LVL4
 634 0030 18000000 		.4byte	.LFE1
 635 0034 0400     		.2byte	0x4
 636 0036 F3       		.byte	0xf3
 637 0037 01       		.uleb128 0x1
 638 0038 50       		.byte	0x50
 639 0039 9F       		.byte	0x9f
 640 003a 00000000 		.4byte	0
 641 003e 00000000 		.4byte	0
 642              	.LLST2:
 643 0042 0A000000 		.4byte	.LVL3
 644 0046 0E000000 		.4byte	.LVL5
 645 004a 0100     		.2byte	0x1
 646 004c 53       		.byte	0x53
 647 004d 0E000000 		.4byte	.LVL5
 648 0051 18000000 		.4byte	.LFE1
 649 0055 0100     		.2byte	0x1
 650 0057 50       		.byte	0x50
 651 0058 00000000 		.4byte	0
 652 005c 00000000 		.4byte	0
 653              	.LLST3:
 654 0060 00000000 		.4byte	.LVL6
 655 0064 08000000 		.4byte	.LVL8
 656 0068 0100     		.2byte	0x1
 657 006a 50       		.byte	0x50
 658 006b 08000000 		.4byte	.LVL8
 659 006f 14000000 		.4byte	.LFE4
 660 0073 0400     		.2byte	0x4
 661 0075 F3       		.byte	0xf3
 662 0076 01       		.uleb128 0x1
 663 0077 50       		.byte	0x50
 664 0078 9F       		.byte	0x9f
 665 0079 00000000 		.4byte	0
 666 007d 00000000 		.4byte	0
 667              		.section	.debug_aranges,"",%progbits
 668 0000 44000000 		.4byte	0x44
 669 0004 0200     		.2byte	0x2
 670 0006 00000000 		.4byte	.Ldebug_info0
ARM GAS  C:\Users\HELLOK~1\AppData\Local\Temp\ccWXQWqP.s 			page 17


 671 000a 04       		.byte	0x4
 672 000b 00       		.byte	0
 673 000c 0000     		.2byte	0
 674 000e 0000     		.2byte	0
 675 0010 00000000 		.4byte	.LFB0
 676 0014 20000000 		.4byte	.LFE0-.LFB0
 677 0018 00000000 		.4byte	.LFB1
 678 001c 18000000 		.4byte	.LFE1-.LFB1
 679 0020 00000000 		.4byte	.LFB2
 680 0024 10000000 		.4byte	.LFE2-.LFB2
 681 0028 00000000 		.4byte	.LFB3
 682 002c 10000000 		.4byte	.LFE3-.LFB3
 683 0030 00000000 		.4byte	.LFB4
 684 0034 14000000 		.4byte	.LFE4-.LFB4
 685 0038 00000000 		.4byte	.LFB5
 686 003c 10000000 		.4byte	.LFE5-.LFB5
 687 0040 00000000 		.4byte	0
 688 0044 00000000 		.4byte	0
 689              		.section	.debug_ranges,"",%progbits
 690              	.Ldebug_ranges0:
 691 0000 00000000 		.4byte	.LFB0
 692 0004 20000000 		.4byte	.LFE0
 693 0008 00000000 		.4byte	.LFB1
 694 000c 18000000 		.4byte	.LFE1
 695 0010 00000000 		.4byte	.LFB2
 696 0014 10000000 		.4byte	.LFE2
 697 0018 00000000 		.4byte	.LFB3
 698 001c 10000000 		.4byte	.LFE3
 699 0020 00000000 		.4byte	.LFB4
 700 0024 14000000 		.4byte	.LFE4
 701 0028 00000000 		.4byte	.LFB5
 702 002c 10000000 		.4byte	.LFE5
 703 0030 00000000 		.4byte	0
 704 0034 00000000 		.4byte	0
 705              		.section	.debug_line,"",%progbits
 706              	.Ldebug_line0:
 707 0000 B7000000 		.section	.debug_str,"MS",%progbits,1
 707      02004000 
 707      00000201 
 707      FB0E0D00 
 707      01010101 
 708              	.LASF15:
 709 0000 72656733 		.ascii	"reg32\000"
 709      3200
 710              	.LASF19:
 711 0006 76616C75 		.ascii	"value\000"
 711      6500
 712              	.LASF12:
 713 000c 666C6F61 		.ascii	"float\000"
 713      7400
 714              	.LASF9:
 715 0012 75696E74 		.ascii	"uint8\000"
 715      3800
 716              	.LASF1:
 717 0018 756E7369 		.ascii	"unsigned char\000"
 717      676E6564 
 717      20636861 
ARM GAS  C:\Users\HELLOK~1\AppData\Local\Temp\ccWXQWqP.s 			page 18


 717      7200
 718              	.LASF24:
 719 0026 64725661 		.ascii	"drVal\000"
 719      6C00
 720              	.LASF5:
 721 002c 6C6F6E67 		.ascii	"long unsigned int\000"
 721      20756E73 
 721      69676E65 
 721      6420696E 
 721      7400
 722              	.LASF3:
 723 003e 73686F72 		.ascii	"short unsigned int\000"
 723      7420756E 
 723      7369676E 
 723      65642069 
 723      6E7400
 724              	.LASF16:
 725 0051 454E435F 		.ascii	"ENC_SetDriveMode\000"
 725      53657444 
 725      72697665 
 725      4D6F6465 
 725      00
 726              	.LASF22:
 727 0062 454E435F 		.ascii	"ENC_SetInterruptMode\000"
 727      53657449 
 727      6E746572 
 727      72757074 
 727      4D6F6465 
 728              	.LASF13:
 729 0077 646F7562 		.ascii	"double\000"
 729      6C6500
 730              	.LASF26:
 731 007e 454E435F 		.ascii	"ENC_ClearInterrupt\000"
 731      436C6561 
 731      72496E74 
 731      65727275 
 731      707400
 732              	.LASF10:
 733 0091 75696E74 		.ascii	"uint16\000"
 733      313600
 734              	.LASF23:
 735 0098 706F7369 		.ascii	"position\000"
 735      74696F6E 
 735      00
 736              	.LASF11:
 737 00a1 75696E74 		.ascii	"uint32\000"
 737      333200
 738              	.LASF21:
 739 00a8 454E435F 		.ascii	"ENC_ReadDataReg\000"
 739      52656164 
 739      44617461 
 739      52656700 
 740              	.LASF25:
 741 00b8 696E7472 		.ascii	"intrCfg\000"
 741      43666700 
 742              	.LASF8:
 743 00c0 756E7369 		.ascii	"unsigned int\000"
ARM GAS  C:\Users\HELLOK~1\AppData\Local\Temp\ccWXQWqP.s 			page 19


 743      676E6564 
 743      20696E74 
 743      00
 744              	.LASF17:
 745 00cd 454E435F 		.ascii	"ENC_Write\000"
 745      57726974 
 745      6500
 746              	.LASF7:
 747 00d7 6C6F6E67 		.ascii	"long long unsigned int\000"
 747      206C6F6E 
 747      6720756E 
 747      7369676E 
 747      65642069 
 748              	.LASF18:
 749 00ee 6D6F6465 		.ascii	"mode\000"
 749      00
 750              	.LASF28:
 751 00f3 474E5520 		.ascii	"GNU C11 5.4.1 20160609 (release) [ARM/embedded-5-br"
 751      43313120 
 751      352E342E 
 751      31203230 
 751      31363036 
 752 0126 616E6368 		.ascii	"anch revision 237715] -mcpu=cortex-m0 -mthumb -g -O"
 752      20726576 
 752      6973696F 
 752      6E203233 
 752      37373135 
 753 0159 67202D66 		.ascii	"g -ffunction-sections -ffat-lto-objects\000"
 753      66756E63 
 753      74696F6E 
 753      2D736563 
 753      74696F6E 
 754              	.LASF6:
 755 0181 6C6F6E67 		.ascii	"long long int\000"
 755      206C6F6E 
 755      6720696E 
 755      7400
 756              	.LASF27:
 757 018f 6D61736B 		.ascii	"maskedStatus\000"
 757      65645374 
 757      61747573 
 757      00
 758              	.LASF14:
 759 019c 63686172 		.ascii	"char\000"
 759      00
 760              	.LASF2:
 761 01a1 73686F72 		.ascii	"short int\000"
 761      7420696E 
 761      7400
 762              	.LASF30:
 763 01ab 433A5C55 		.ascii	"C:\\Users\\Hello Kitty\\Desktop\\MicrocontrollersLa"
 763      73657273 
 763      5C48656C 
 763      6C6F204B 
 763      69747479 
 764 01da 625C4C61 		.ascii	"b\\Lab 2 - Interrupts\\Project\\Zip File\\Lab02 - I"
 764      62203220 
ARM GAS  C:\Users\HELLOK~1\AppData\Local\Temp\ccWXQWqP.s 			page 20


 764      2D20496E 
 764      74657272 
 764      75707473 
 765 0209 6E746572 		.ascii	"nterrupts.cydsn\000"
 765      72757074 
 765      732E6379 
 765      64736E00 
 766              	.LASF29:
 767 0219 47656E65 		.ascii	"Generated_Source\\PSoC4\\ENC.c\000"
 767      72617465 
 767      645F536F 
 767      75726365 
 767      5C50536F 
 768              	.LASF4:
 769 0236 6C6F6E67 		.ascii	"long int\000"
 769      20696E74 
 769      00
 770              	.LASF0:
 771 023f 7369676E 		.ascii	"signed char\000"
 771      65642063 
 771      68617200 
 772              	.LASF20:
 773 024b 454E435F 		.ascii	"ENC_Read\000"
 773      52656164 
 773      00
 774              		.ident	"GCC: (GNU Tools for ARM Embedded Processors) 5.4.1 20160609 (release) [ARM/embedded-5-bran
