ARM GAS  C:\Users\LEOTEJ~1\AppData\Local\Temp\cc9Useia.s 			page 1


   1              		.syntax unified
   2              		.cpu cortex-m0
   3              		.fpu softvfp
   4              		.eabi_attribute 20, 1
   5              		.eabi_attribute 21, 1
   6              		.eabi_attribute 23, 3
   7              		.eabi_attribute 24, 1
   8              		.eabi_attribute 25, 1
   9              		.eabi_attribute 26, 1
  10              		.eabi_attribute 30, 1
  11              		.eabi_attribute 34, 0
  12              		.eabi_attribute 18, 4
  13              		.thumb
  14              		.syntax unified
  15              		.file	"ENC_ISR.c"
  16              		.text
  17              	.Ltext0:
  18              		.cfi_sections	.debug_frame
  19              		.section	.text.ENC_ISR_Interrupt,"ax",%progbits
  20              		.align	2
  21              		.global	ENC_ISR_Interrupt
  22              		.code	16
  23              		.thumb_func
  24              		.type	ENC_ISR_Interrupt, %function
  25              	ENC_ISR_Interrupt:
  26              	.LFB4:
  27              		.file 1 "Generated_Source\\PSoC4\\ENC_ISR.c"
   1:Generated_Source\PSoC4/ENC_ISR.c **** /*******************************************************************************
   2:Generated_Source\PSoC4/ENC_ISR.c **** * File Name: ENC_ISR.c  
   3:Generated_Source\PSoC4/ENC_ISR.c **** * Version 1.70
   4:Generated_Source\PSoC4/ENC_ISR.c **** *
   5:Generated_Source\PSoC4/ENC_ISR.c **** *  Description:
   6:Generated_Source\PSoC4/ENC_ISR.c **** *   API for controlling the state of an interrupt.
   7:Generated_Source\PSoC4/ENC_ISR.c **** *
   8:Generated_Source\PSoC4/ENC_ISR.c **** *
   9:Generated_Source\PSoC4/ENC_ISR.c **** *  Note:
  10:Generated_Source\PSoC4/ENC_ISR.c **** *
  11:Generated_Source\PSoC4/ENC_ISR.c **** ********************************************************************************
  12:Generated_Source\PSoC4/ENC_ISR.c **** * Copyright 2008-2015, Cypress Semiconductor Corporation.  All rights reserved.
  13:Generated_Source\PSoC4/ENC_ISR.c **** * You may use this file only in accordance with the license, terms, conditions, 
  14:Generated_Source\PSoC4/ENC_ISR.c **** * disclaimers, and limitations in the end user license agreement accompanying 
  15:Generated_Source\PSoC4/ENC_ISR.c **** * the software package with which this file was provided.
  16:Generated_Source\PSoC4/ENC_ISR.c **** *******************************************************************************/
  17:Generated_Source\PSoC4/ENC_ISR.c **** 
  18:Generated_Source\PSoC4/ENC_ISR.c **** 
  19:Generated_Source\PSoC4/ENC_ISR.c **** #include <cydevice_trm.h>
  20:Generated_Source\PSoC4/ENC_ISR.c **** #include <CyLib.h>
  21:Generated_Source\PSoC4/ENC_ISR.c **** #include <ENC_ISR.h>
  22:Generated_Source\PSoC4/ENC_ISR.c **** #include "cyapicallbacks.h"
  23:Generated_Source\PSoC4/ENC_ISR.c **** 
  24:Generated_Source\PSoC4/ENC_ISR.c **** #if !defined(ENC_ISR__REMOVED) /* Check for removal by optimization */
  25:Generated_Source\PSoC4/ENC_ISR.c **** 
  26:Generated_Source\PSoC4/ENC_ISR.c **** /*******************************************************************************
  27:Generated_Source\PSoC4/ENC_ISR.c **** *  Place your includes, defines and code here 
  28:Generated_Source\PSoC4/ENC_ISR.c **** ********************************************************************************/
  29:Generated_Source\PSoC4/ENC_ISR.c **** /* `#START ENC_ISR_intc` */
  30:Generated_Source\PSoC4/ENC_ISR.c ****     
ARM GAS  C:\Users\LEOTEJ~1\AppData\Local\Temp\cc9Useia.s 			page 2


  31:Generated_Source\PSoC4/ENC_ISR.c **** #include "ENC.h"
  32:Generated_Source\PSoC4/ENC_ISR.c **** #include "LCD.h"
  33:Generated_Source\PSoC4/ENC_ISR.c **** extern volatile int encoderAsync;
  34:Generated_Source\PSoC4/ENC_ISR.c **** extern volatile int encoderPos;
  35:Generated_Source\PSoC4/ENC_ISR.c ****    
  36:Generated_Source\PSoC4/ENC_ISR.c ****     
  37:Generated_Source\PSoC4/ENC_ISR.c ****     
  38:Generated_Source\PSoC4/ENC_ISR.c ****     
  39:Generated_Source\PSoC4/ENC_ISR.c ****     
  40:Generated_Source\PSoC4/ENC_ISR.c ****     
  41:Generated_Source\PSoC4/ENC_ISR.c **** 
  42:Generated_Source\PSoC4/ENC_ISR.c **** /* `#END` */
  43:Generated_Source\PSoC4/ENC_ISR.c **** 
  44:Generated_Source\PSoC4/ENC_ISR.c **** extern cyisraddress CyRamVectors[CYINT_IRQ_BASE + CY_NUM_INTERRUPTS];
  45:Generated_Source\PSoC4/ENC_ISR.c **** 
  46:Generated_Source\PSoC4/ENC_ISR.c **** /* Declared in startup, used to set unused interrupts to. */
  47:Generated_Source\PSoC4/ENC_ISR.c **** CY_ISR_PROTO(IntDefaultHandler);
  48:Generated_Source\PSoC4/ENC_ISR.c **** 
  49:Generated_Source\PSoC4/ENC_ISR.c **** 
  50:Generated_Source\PSoC4/ENC_ISR.c **** /*******************************************************************************
  51:Generated_Source\PSoC4/ENC_ISR.c **** * Function Name: ENC_ISR_Start
  52:Generated_Source\PSoC4/ENC_ISR.c **** ********************************************************************************
  53:Generated_Source\PSoC4/ENC_ISR.c **** *
  54:Generated_Source\PSoC4/ENC_ISR.c **** * Summary:
  55:Generated_Source\PSoC4/ENC_ISR.c **** *  Set up the interrupt and enable it. This function disables the interrupt, 
  56:Generated_Source\PSoC4/ENC_ISR.c **** *  sets the default interrupt vector, sets the priority from the value in the
  57:Generated_Source\PSoC4/ENC_ISR.c **** *  Design Wide Resources Interrupt Editor, then enables the interrupt to the 
  58:Generated_Source\PSoC4/ENC_ISR.c **** *  interrupt controller.
  59:Generated_Source\PSoC4/ENC_ISR.c **** *
  60:Generated_Source\PSoC4/ENC_ISR.c **** * Parameters:  
  61:Generated_Source\PSoC4/ENC_ISR.c **** *   None
  62:Generated_Source\PSoC4/ENC_ISR.c **** *
  63:Generated_Source\PSoC4/ENC_ISR.c **** * Return:
  64:Generated_Source\PSoC4/ENC_ISR.c **** *   None
  65:Generated_Source\PSoC4/ENC_ISR.c **** *
  66:Generated_Source\PSoC4/ENC_ISR.c **** *******************************************************************************/
  67:Generated_Source\PSoC4/ENC_ISR.c **** void ENC_ISR_Start(void)
  68:Generated_Source\PSoC4/ENC_ISR.c **** {
  69:Generated_Source\PSoC4/ENC_ISR.c ****     /* For all we know the interrupt is active. */
  70:Generated_Source\PSoC4/ENC_ISR.c ****     ENC_ISR_Disable();
  71:Generated_Source\PSoC4/ENC_ISR.c **** 
  72:Generated_Source\PSoC4/ENC_ISR.c ****     /* Set the ISR to point to the ENC_ISR Interrupt. */
  73:Generated_Source\PSoC4/ENC_ISR.c ****     ENC_ISR_SetVector(&ENC_ISR_Interrupt);
  74:Generated_Source\PSoC4/ENC_ISR.c **** 
  75:Generated_Source\PSoC4/ENC_ISR.c ****     /* Set the priority. */
  76:Generated_Source\PSoC4/ENC_ISR.c ****     ENC_ISR_SetPriority((uint8)ENC_ISR_INTC_PRIOR_NUMBER);
  77:Generated_Source\PSoC4/ENC_ISR.c **** 
  78:Generated_Source\PSoC4/ENC_ISR.c ****     /* Enable it. */
  79:Generated_Source\PSoC4/ENC_ISR.c ****     ENC_ISR_Enable();
  80:Generated_Source\PSoC4/ENC_ISR.c **** }
  81:Generated_Source\PSoC4/ENC_ISR.c **** 
  82:Generated_Source\PSoC4/ENC_ISR.c **** 
  83:Generated_Source\PSoC4/ENC_ISR.c **** /*******************************************************************************
  84:Generated_Source\PSoC4/ENC_ISR.c **** * Function Name: ENC_ISR_StartEx
  85:Generated_Source\PSoC4/ENC_ISR.c **** ********************************************************************************
  86:Generated_Source\PSoC4/ENC_ISR.c **** *
  87:Generated_Source\PSoC4/ENC_ISR.c **** * Summary:
ARM GAS  C:\Users\LEOTEJ~1\AppData\Local\Temp\cc9Useia.s 			page 3


  88:Generated_Source\PSoC4/ENC_ISR.c **** *  Sets up the interrupt and enables it. This function disables the interrupt,
  89:Generated_Source\PSoC4/ENC_ISR.c **** *  sets the interrupt vector based on the address passed in, sets the priority 
  90:Generated_Source\PSoC4/ENC_ISR.c **** *  from the value in the Design Wide Resources Interrupt Editor, then enables 
  91:Generated_Source\PSoC4/ENC_ISR.c **** *  the interrupt to the interrupt controller.
  92:Generated_Source\PSoC4/ENC_ISR.c **** *  
  93:Generated_Source\PSoC4/ENC_ISR.c **** *  When defining ISR functions, the CY_ISR and CY_ISR_PROTO macros should be 
  94:Generated_Source\PSoC4/ENC_ISR.c **** *  used to provide consistent definition across compilers:
  95:Generated_Source\PSoC4/ENC_ISR.c **** *  
  96:Generated_Source\PSoC4/ENC_ISR.c **** *  Function definition example:
  97:Generated_Source\PSoC4/ENC_ISR.c **** *   CY_ISR(MyISR)
  98:Generated_Source\PSoC4/ENC_ISR.c **** *   {
  99:Generated_Source\PSoC4/ENC_ISR.c **** *   }
 100:Generated_Source\PSoC4/ENC_ISR.c **** *   Function prototype example:
 101:Generated_Source\PSoC4/ENC_ISR.c **** *   CY_ISR_PROTO(MyISR);
 102:Generated_Source\PSoC4/ENC_ISR.c **** *
 103:Generated_Source\PSoC4/ENC_ISR.c **** * Parameters:  
 104:Generated_Source\PSoC4/ENC_ISR.c **** *   address: Address of the ISR to set in the interrupt vector table.
 105:Generated_Source\PSoC4/ENC_ISR.c **** *
 106:Generated_Source\PSoC4/ENC_ISR.c **** * Return:
 107:Generated_Source\PSoC4/ENC_ISR.c **** *   None
 108:Generated_Source\PSoC4/ENC_ISR.c **** *
 109:Generated_Source\PSoC4/ENC_ISR.c **** *******************************************************************************/
 110:Generated_Source\PSoC4/ENC_ISR.c **** void ENC_ISR_StartEx(cyisraddress address)
 111:Generated_Source\PSoC4/ENC_ISR.c **** {
 112:Generated_Source\PSoC4/ENC_ISR.c ****     /* For all we know the interrupt is active. */
 113:Generated_Source\PSoC4/ENC_ISR.c ****     ENC_ISR_Disable();
 114:Generated_Source\PSoC4/ENC_ISR.c **** 
 115:Generated_Source\PSoC4/ENC_ISR.c ****     /* Set the ISR to point to the ENC_ISR Interrupt. */
 116:Generated_Source\PSoC4/ENC_ISR.c ****     ENC_ISR_SetVector(address);
 117:Generated_Source\PSoC4/ENC_ISR.c **** 
 118:Generated_Source\PSoC4/ENC_ISR.c ****     /* Set the priority. */
 119:Generated_Source\PSoC4/ENC_ISR.c ****     ENC_ISR_SetPriority((uint8)ENC_ISR_INTC_PRIOR_NUMBER);
 120:Generated_Source\PSoC4/ENC_ISR.c **** 
 121:Generated_Source\PSoC4/ENC_ISR.c ****     /* Enable it. */
 122:Generated_Source\PSoC4/ENC_ISR.c ****     ENC_ISR_Enable();
 123:Generated_Source\PSoC4/ENC_ISR.c **** }
 124:Generated_Source\PSoC4/ENC_ISR.c **** 
 125:Generated_Source\PSoC4/ENC_ISR.c **** 
 126:Generated_Source\PSoC4/ENC_ISR.c **** /*******************************************************************************
 127:Generated_Source\PSoC4/ENC_ISR.c **** * Function Name: ENC_ISR_Stop
 128:Generated_Source\PSoC4/ENC_ISR.c **** ********************************************************************************
 129:Generated_Source\PSoC4/ENC_ISR.c **** *
 130:Generated_Source\PSoC4/ENC_ISR.c **** * Summary:
 131:Generated_Source\PSoC4/ENC_ISR.c **** *   Disables and removes the interrupt.
 132:Generated_Source\PSoC4/ENC_ISR.c **** *
 133:Generated_Source\PSoC4/ENC_ISR.c **** * Parameters:  
 134:Generated_Source\PSoC4/ENC_ISR.c **** *   None
 135:Generated_Source\PSoC4/ENC_ISR.c **** *
 136:Generated_Source\PSoC4/ENC_ISR.c **** * Return:
 137:Generated_Source\PSoC4/ENC_ISR.c **** *   None
 138:Generated_Source\PSoC4/ENC_ISR.c **** *
 139:Generated_Source\PSoC4/ENC_ISR.c **** *******************************************************************************/
 140:Generated_Source\PSoC4/ENC_ISR.c **** void ENC_ISR_Stop(void)
 141:Generated_Source\PSoC4/ENC_ISR.c **** {
 142:Generated_Source\PSoC4/ENC_ISR.c ****     /* Disable this interrupt. */
 143:Generated_Source\PSoC4/ENC_ISR.c ****     ENC_ISR_Disable();
 144:Generated_Source\PSoC4/ENC_ISR.c **** 
ARM GAS  C:\Users\LEOTEJ~1\AppData\Local\Temp\cc9Useia.s 			page 4


 145:Generated_Source\PSoC4/ENC_ISR.c ****     /* Set the ISR to point to the passive one. */
 146:Generated_Source\PSoC4/ENC_ISR.c ****     ENC_ISR_SetVector(&IntDefaultHandler);
 147:Generated_Source\PSoC4/ENC_ISR.c **** }
 148:Generated_Source\PSoC4/ENC_ISR.c **** 
 149:Generated_Source\PSoC4/ENC_ISR.c **** 
 150:Generated_Source\PSoC4/ENC_ISR.c **** /*******************************************************************************
 151:Generated_Source\PSoC4/ENC_ISR.c **** * Function Name: ENC_ISR_Interrupt
 152:Generated_Source\PSoC4/ENC_ISR.c **** ********************************************************************************
 153:Generated_Source\PSoC4/ENC_ISR.c **** *
 154:Generated_Source\PSoC4/ENC_ISR.c **** * Summary:
 155:Generated_Source\PSoC4/ENC_ISR.c **** *   The default Interrupt Service Routine for ENC_ISR.
 156:Generated_Source\PSoC4/ENC_ISR.c **** *
 157:Generated_Source\PSoC4/ENC_ISR.c **** *   Add custom code between the START and END comments to keep the next version
 158:Generated_Source\PSoC4/ENC_ISR.c **** *   of this file from over-writing your code.
 159:Generated_Source\PSoC4/ENC_ISR.c **** *
 160:Generated_Source\PSoC4/ENC_ISR.c **** *   Note You may use either the default ISR by using this API, or you may define
 161:Generated_Source\PSoC4/ENC_ISR.c **** *   your own separate ISR through ISR_StartEx().
 162:Generated_Source\PSoC4/ENC_ISR.c **** *
 163:Generated_Source\PSoC4/ENC_ISR.c **** * Parameters:  
 164:Generated_Source\PSoC4/ENC_ISR.c **** *   None
 165:Generated_Source\PSoC4/ENC_ISR.c **** *
 166:Generated_Source\PSoC4/ENC_ISR.c **** * Return:
 167:Generated_Source\PSoC4/ENC_ISR.c **** *   None
 168:Generated_Source\PSoC4/ENC_ISR.c **** *
 169:Generated_Source\PSoC4/ENC_ISR.c **** *******************************************************************************/
 170:Generated_Source\PSoC4/ENC_ISR.c **** CY_ISR(ENC_ISR_Interrupt)
 171:Generated_Source\PSoC4/ENC_ISR.c **** {
  28              		.loc 1 171 0
  29              		.cfi_startproc
  30              		@ args = 0, pretend = 0, frame = 8
  31              		@ frame_needed = 0, uses_anonymous_args = 0
  32 0000 00B5     		push	{lr}
  33              		.cfi_def_cfa_offset 4
  34              		.cfi_offset 14, -4
  35 0002 83B0     		sub	sp, sp, #12
  36              		.cfi_def_cfa_offset 16
 172:Generated_Source\PSoC4/ENC_ISR.c ****     #ifdef ENC_ISR_INTERRUPT_INTERRUPT_CALLBACK
 173:Generated_Source\PSoC4/ENC_ISR.c ****         ENC_ISR_Interrupt_InterruptCallback();
 174:Generated_Source\PSoC4/ENC_ISR.c ****     #endif /* ENC_ISR_INTERRUPT_INTERRUPT_CALLBACK */ 
 175:Generated_Source\PSoC4/ENC_ISR.c **** 
 176:Generated_Source\PSoC4/ENC_ISR.c ****     /*  Place your Interrupt code here. */
 177:Generated_Source\PSoC4/ENC_ISR.c ****     /* `#START ENC_ISR_Interrupt` */
 178:Generated_Source\PSoC4/ENC_ISR.c ****     
 179:Generated_Source\PSoC4/ENC_ISR.c **** encoderPos = ENC_Read();
  37              		.loc 1 179 0
  38 0004 FFF7FEFF 		bl	ENC_Read
  39              	.LVL0:
  40 0008 094B     		ldr	r3, .L2
  41 000a 1860     		str	r0, [r3]
 180:Generated_Source\PSoC4/ENC_ISR.c **** volatile int ab  = ENC_Read();
  42              		.loc 1 180 0
  43 000c FFF7FEFF 		bl	ENC_Read
  44              	.LVL1:
  45 0010 0190     		str	r0, [sp, #4]
 181:Generated_Source\PSoC4/ENC_ISR.c ****     
 182:Generated_Source\PSoC4/ENC_ISR.c **** 
 183:Generated_Source\PSoC4/ENC_ISR.c **** CyDelay(20);
ARM GAS  C:\Users\LEOTEJ~1\AppData\Local\Temp\cc9Useia.s 			page 5


  46              		.loc 1 183 0
  47 0012 1420     		movs	r0, #20
  48 0014 FFF7FEFF 		bl	CyDelay
  49              	.LVL2:
 184:Generated_Source\PSoC4/ENC_ISR.c **** ENC_ClearInterrupt();   
  50              		.loc 1 184 0
  51 0018 FFF7FEFF 		bl	ENC_ClearInterrupt
  52              	.LVL3:
 185:Generated_Source\PSoC4/ENC_ISR.c **** encoderAsync = 1;
  53              		.loc 1 185 0
  54 001c 0122     		movs	r2, #1
  55 001e 054B     		ldr	r3, .L2+4
  56 0020 1A60     		str	r2, [r3]
 186:Generated_Source\PSoC4/ENC_ISR.c **** LCD_PrintNumber(ENC_ReadDataReg());
  57              		.loc 1 186 0
  58 0022 FFF7FEFF 		bl	ENC_ReadDataReg
  59              	.LVL4:
  60 0026 FFF7FEFF 		bl	LCD_PrintU32Number
  61              	.LVL5:
 187:Generated_Source\PSoC4/ENC_ISR.c **** 
 188:Generated_Source\PSoC4/ENC_ISR.c **** 
 189:Generated_Source\PSoC4/ENC_ISR.c ****     
 190:Generated_Source\PSoC4/ENC_ISR.c ****     
 191:Generated_Source\PSoC4/ENC_ISR.c ****     
 192:Generated_Source\PSoC4/ENC_ISR.c ****     /* `#END` */
 193:Generated_Source\PSoC4/ENC_ISR.c **** }
  62              		.loc 1 193 0
  63 002a 03B0     		add	sp, sp, #12
  64              		@ sp needed
  65 002c 00BD     		pop	{pc}
  66              	.L3:
  67 002e C046     		.align	2
  68              	.L2:
  69 0030 00000000 		.word	encoderPos
  70 0034 00000000 		.word	encoderAsync
  71              		.cfi_endproc
  72              	.LFE4:
  73              		.size	ENC_ISR_Interrupt, .-ENC_ISR_Interrupt
  74              		.section	.text.ENC_ISR_SetVector,"ax",%progbits
  75              		.align	2
  76              		.global	ENC_ISR_SetVector
  77              		.code	16
  78              		.thumb_func
  79              		.type	ENC_ISR_SetVector, %function
  80              	ENC_ISR_SetVector:
  81              	.LFB5:
 194:Generated_Source\PSoC4/ENC_ISR.c **** 
 195:Generated_Source\PSoC4/ENC_ISR.c **** 
 196:Generated_Source\PSoC4/ENC_ISR.c **** /*******************************************************************************
 197:Generated_Source\PSoC4/ENC_ISR.c **** * Function Name: ENC_ISR_SetVector
 198:Generated_Source\PSoC4/ENC_ISR.c **** ********************************************************************************
 199:Generated_Source\PSoC4/ENC_ISR.c **** *
 200:Generated_Source\PSoC4/ENC_ISR.c **** * Summary:
 201:Generated_Source\PSoC4/ENC_ISR.c **** *   Change the ISR vector for the Interrupt. Note calling ENC_ISR_Start
 202:Generated_Source\PSoC4/ENC_ISR.c **** *   will override any effect this method would have had. To set the vector 
 203:Generated_Source\PSoC4/ENC_ISR.c **** *   before the component has been started use ENC_ISR_StartEx instead.
 204:Generated_Source\PSoC4/ENC_ISR.c **** * 
ARM GAS  C:\Users\LEOTEJ~1\AppData\Local\Temp\cc9Useia.s 			page 6


 205:Generated_Source\PSoC4/ENC_ISR.c **** *   When defining ISR functions, the CY_ISR and CY_ISR_PROTO macros should be 
 206:Generated_Source\PSoC4/ENC_ISR.c **** *   used to provide consistent definition across compilers:
 207:Generated_Source\PSoC4/ENC_ISR.c **** *
 208:Generated_Source\PSoC4/ENC_ISR.c **** *   Function definition example:
 209:Generated_Source\PSoC4/ENC_ISR.c **** *   CY_ISR(MyISR)
 210:Generated_Source\PSoC4/ENC_ISR.c **** *   {
 211:Generated_Source\PSoC4/ENC_ISR.c **** *   }
 212:Generated_Source\PSoC4/ENC_ISR.c **** *
 213:Generated_Source\PSoC4/ENC_ISR.c **** *   Function prototype example:
 214:Generated_Source\PSoC4/ENC_ISR.c **** *     CY_ISR_PROTO(MyISR);
 215:Generated_Source\PSoC4/ENC_ISR.c **** *
 216:Generated_Source\PSoC4/ENC_ISR.c **** * Parameters:
 217:Generated_Source\PSoC4/ENC_ISR.c **** *   address: Address of the ISR to set in the interrupt vector table.
 218:Generated_Source\PSoC4/ENC_ISR.c **** *
 219:Generated_Source\PSoC4/ENC_ISR.c **** * Return:
 220:Generated_Source\PSoC4/ENC_ISR.c **** *   None
 221:Generated_Source\PSoC4/ENC_ISR.c **** *
 222:Generated_Source\PSoC4/ENC_ISR.c **** *******************************************************************************/
 223:Generated_Source\PSoC4/ENC_ISR.c **** void ENC_ISR_SetVector(cyisraddress address)
 224:Generated_Source\PSoC4/ENC_ISR.c **** {
  82              		.loc 1 224 0
  83              		.cfi_startproc
  84              		@ args = 0, pretend = 0, frame = 0
  85              		@ frame_needed = 0, uses_anonymous_args = 0
  86              		@ link register save eliminated.
  87              	.LVL6:
 225:Generated_Source\PSoC4/ENC_ISR.c ****     CyRamVectors[CYINT_IRQ_BASE + ENC_ISR__INTC_NUMBER] = address;
  88              		.loc 1 225 0
  89 0000 014B     		ldr	r3, .L5
  90 0002 1864     		str	r0, [r3, #64]
 226:Generated_Source\PSoC4/ENC_ISR.c **** }
  91              		.loc 1 226 0
  92              		@ sp needed
  93 0004 7047     		bx	lr
  94              	.L6:
  95 0006 C046     		.align	2
  96              	.L5:
  97 0008 00000000 		.word	CyRamVectors
  98              		.cfi_endproc
  99              	.LFE5:
 100              		.size	ENC_ISR_SetVector, .-ENC_ISR_SetVector
 101              		.section	.text.ENC_ISR_GetVector,"ax",%progbits
 102              		.align	2
 103              		.global	ENC_ISR_GetVector
 104              		.code	16
 105              		.thumb_func
 106              		.type	ENC_ISR_GetVector, %function
 107              	ENC_ISR_GetVector:
 108              	.LFB6:
 227:Generated_Source\PSoC4/ENC_ISR.c **** 
 228:Generated_Source\PSoC4/ENC_ISR.c **** 
 229:Generated_Source\PSoC4/ENC_ISR.c **** /*******************************************************************************
 230:Generated_Source\PSoC4/ENC_ISR.c **** * Function Name: ENC_ISR_GetVector
 231:Generated_Source\PSoC4/ENC_ISR.c **** ********************************************************************************
 232:Generated_Source\PSoC4/ENC_ISR.c **** *
 233:Generated_Source\PSoC4/ENC_ISR.c **** * Summary:
 234:Generated_Source\PSoC4/ENC_ISR.c **** *   Gets the "address" of the current ISR vector for the Interrupt.
ARM GAS  C:\Users\LEOTEJ~1\AppData\Local\Temp\cc9Useia.s 			page 7


 235:Generated_Source\PSoC4/ENC_ISR.c **** *
 236:Generated_Source\PSoC4/ENC_ISR.c **** * Parameters:
 237:Generated_Source\PSoC4/ENC_ISR.c **** *   None
 238:Generated_Source\PSoC4/ENC_ISR.c **** *
 239:Generated_Source\PSoC4/ENC_ISR.c **** * Return:
 240:Generated_Source\PSoC4/ENC_ISR.c **** *   Address of the ISR in the interrupt vector table.
 241:Generated_Source\PSoC4/ENC_ISR.c **** *
 242:Generated_Source\PSoC4/ENC_ISR.c **** *******************************************************************************/
 243:Generated_Source\PSoC4/ENC_ISR.c **** cyisraddress ENC_ISR_GetVector(void)
 244:Generated_Source\PSoC4/ENC_ISR.c **** {
 109              		.loc 1 244 0
 110              		.cfi_startproc
 111              		@ args = 0, pretend = 0, frame = 0
 112              		@ frame_needed = 0, uses_anonymous_args = 0
 113              		@ link register save eliminated.
 245:Generated_Source\PSoC4/ENC_ISR.c ****     return CyRamVectors[CYINT_IRQ_BASE + ENC_ISR__INTC_NUMBER];
 114              		.loc 1 245 0
 115 0000 014B     		ldr	r3, .L8
 116 0002 186C     		ldr	r0, [r3, #64]
 246:Generated_Source\PSoC4/ENC_ISR.c **** }
 117              		.loc 1 246 0
 118              		@ sp needed
 119 0004 7047     		bx	lr
 120              	.L9:
 121 0006 C046     		.align	2
 122              	.L8:
 123 0008 00000000 		.word	CyRamVectors
 124              		.cfi_endproc
 125              	.LFE6:
 126              		.size	ENC_ISR_GetVector, .-ENC_ISR_GetVector
 127              		.section	.text.ENC_ISR_SetPriority,"ax",%progbits
 128              		.align	2
 129              		.global	ENC_ISR_SetPriority
 130              		.code	16
 131              		.thumb_func
 132              		.type	ENC_ISR_SetPriority, %function
 133              	ENC_ISR_SetPriority:
 134              	.LFB7:
 247:Generated_Source\PSoC4/ENC_ISR.c **** 
 248:Generated_Source\PSoC4/ENC_ISR.c **** 
 249:Generated_Source\PSoC4/ENC_ISR.c **** /*******************************************************************************
 250:Generated_Source\PSoC4/ENC_ISR.c **** * Function Name: ENC_ISR_SetPriority
 251:Generated_Source\PSoC4/ENC_ISR.c **** ********************************************************************************
 252:Generated_Source\PSoC4/ENC_ISR.c **** *
 253:Generated_Source\PSoC4/ENC_ISR.c **** * Summary:
 254:Generated_Source\PSoC4/ENC_ISR.c **** *   Sets the Priority of the Interrupt. 
 255:Generated_Source\PSoC4/ENC_ISR.c **** *
 256:Generated_Source\PSoC4/ENC_ISR.c **** *   Note calling ENC_ISR_Start or ENC_ISR_StartEx will 
 257:Generated_Source\PSoC4/ENC_ISR.c **** *   override any effect this API would have had. This API should only be called
 258:Generated_Source\PSoC4/ENC_ISR.c **** *   after ENC_ISR_Start or ENC_ISR_StartEx has been called. 
 259:Generated_Source\PSoC4/ENC_ISR.c **** *   To set the initial priority for the component, use the Design-Wide Resources
 260:Generated_Source\PSoC4/ENC_ISR.c **** *   Interrupt Editor.
 261:Generated_Source\PSoC4/ENC_ISR.c **** *
 262:Generated_Source\PSoC4/ENC_ISR.c **** *   Note This API has no effect on Non-maskable interrupt NMI).
 263:Generated_Source\PSoC4/ENC_ISR.c **** *
 264:Generated_Source\PSoC4/ENC_ISR.c **** * Parameters:
 265:Generated_Source\PSoC4/ENC_ISR.c **** *   priority: Priority of the interrupt, 0 being the highest priority
ARM GAS  C:\Users\LEOTEJ~1\AppData\Local\Temp\cc9Useia.s 			page 8


 266:Generated_Source\PSoC4/ENC_ISR.c **** *             PSoC 3 and PSoC 5LP: Priority is from 0 to 7.
 267:Generated_Source\PSoC4/ENC_ISR.c **** *             PSoC 4: Priority is from 0 to 3.
 268:Generated_Source\PSoC4/ENC_ISR.c **** *
 269:Generated_Source\PSoC4/ENC_ISR.c **** * Return:
 270:Generated_Source\PSoC4/ENC_ISR.c **** *   None
 271:Generated_Source\PSoC4/ENC_ISR.c **** *
 272:Generated_Source\PSoC4/ENC_ISR.c **** *******************************************************************************/
 273:Generated_Source\PSoC4/ENC_ISR.c **** void ENC_ISR_SetPriority(uint8 priority)
 274:Generated_Source\PSoC4/ENC_ISR.c **** {
 135              		.loc 1 274 0
 136              		.cfi_startproc
 137              		@ args = 0, pretend = 0, frame = 0
 138              		@ frame_needed = 0, uses_anonymous_args = 0
 139              	.LVL7:
 140 0000 10B5     		push	{r4, lr}
 141              		.cfi_def_cfa_offset 8
 142              		.cfi_offset 4, -8
 143              		.cfi_offset 14, -4
 144 0002 0400     		movs	r4, r0
 145              	.LVL8:
 275:Generated_Source\PSoC4/ENC_ISR.c **** 	uint8 interruptState;
 276:Generated_Source\PSoC4/ENC_ISR.c ****     uint32 priorityOffset = ((ENC_ISR__INTC_NUMBER % 4u) * 8u) + 6u;
 277:Generated_Source\PSoC4/ENC_ISR.c ****     
 278:Generated_Source\PSoC4/ENC_ISR.c **** 	interruptState = CyEnterCriticalSection();
 146              		.loc 1 278 0
 147 0004 FFF7FEFF 		bl	CyEnterCriticalSection
 148              	.LVL9:
 279:Generated_Source\PSoC4/ENC_ISR.c ****     *ENC_ISR_INTC_PRIOR = (*ENC_ISR_INTC_PRIOR & (uint32)(~ENC_ISR__INTC_PRIOR_MASK)) |
 149              		.loc 1 279 0
 150 0008 044A     		ldr	r2, .L11
 151 000a 1368     		ldr	r3, [r2]
 152 000c C021     		movs	r1, #192
 153 000e 8B43     		bics	r3, r1
 280:Generated_Source\PSoC4/ENC_ISR.c ****                                     ((uint32)priority << priorityOffset);
 154              		.loc 1 280 0
 155 0010 A401     		lsls	r4, r4, #6
 279:Generated_Source\PSoC4/ENC_ISR.c ****     *ENC_ISR_INTC_PRIOR = (*ENC_ISR_INTC_PRIOR & (uint32)(~ENC_ISR__INTC_PRIOR_MASK)) |
 156              		.loc 1 279 0
 157 0012 1C43     		orrs	r4, r3
 158 0014 1460     		str	r4, [r2]
 281:Generated_Source\PSoC4/ENC_ISR.c **** 	CyExitCriticalSection(interruptState);
 159              		.loc 1 281 0
 160 0016 FFF7FEFF 		bl	CyExitCriticalSection
 161              	.LVL10:
 282:Generated_Source\PSoC4/ENC_ISR.c **** }
 162              		.loc 1 282 0
 163              		@ sp needed
 164 001a 10BD     		pop	{r4, pc}
 165              	.L12:
 166              		.align	2
 167              	.L11:
 168 001c 00E400E0 		.word	-536812544
 169              		.cfi_endproc
 170              	.LFE7:
 171              		.size	ENC_ISR_SetPriority, .-ENC_ISR_SetPriority
 172              		.section	.text.ENC_ISR_GetPriority,"ax",%progbits
 173              		.align	2
ARM GAS  C:\Users\LEOTEJ~1\AppData\Local\Temp\cc9Useia.s 			page 9


 174              		.global	ENC_ISR_GetPriority
 175              		.code	16
 176              		.thumb_func
 177              		.type	ENC_ISR_GetPriority, %function
 178              	ENC_ISR_GetPriority:
 179              	.LFB8:
 283:Generated_Source\PSoC4/ENC_ISR.c **** 
 284:Generated_Source\PSoC4/ENC_ISR.c **** 
 285:Generated_Source\PSoC4/ENC_ISR.c **** /*******************************************************************************
 286:Generated_Source\PSoC4/ENC_ISR.c **** * Function Name: ENC_ISR_GetPriority
 287:Generated_Source\PSoC4/ENC_ISR.c **** ********************************************************************************
 288:Generated_Source\PSoC4/ENC_ISR.c **** *
 289:Generated_Source\PSoC4/ENC_ISR.c **** * Summary:
 290:Generated_Source\PSoC4/ENC_ISR.c **** *   Gets the Priority of the Interrupt.
 291:Generated_Source\PSoC4/ENC_ISR.c **** *
 292:Generated_Source\PSoC4/ENC_ISR.c **** * Parameters:
 293:Generated_Source\PSoC4/ENC_ISR.c **** *   None
 294:Generated_Source\PSoC4/ENC_ISR.c **** *
 295:Generated_Source\PSoC4/ENC_ISR.c **** * Return:
 296:Generated_Source\PSoC4/ENC_ISR.c **** *   Priority of the interrupt, 0 being the highest priority
 297:Generated_Source\PSoC4/ENC_ISR.c **** *    PSoC 3 and PSoC 5LP: Priority is from 0 to 7.
 298:Generated_Source\PSoC4/ENC_ISR.c **** *    PSoC 4: Priority is from 0 to 3.
 299:Generated_Source\PSoC4/ENC_ISR.c **** *
 300:Generated_Source\PSoC4/ENC_ISR.c **** *******************************************************************************/
 301:Generated_Source\PSoC4/ENC_ISR.c **** uint8 ENC_ISR_GetPriority(void)
 302:Generated_Source\PSoC4/ENC_ISR.c **** {
 180              		.loc 1 302 0
 181              		.cfi_startproc
 182              		@ args = 0, pretend = 0, frame = 0
 183              		@ frame_needed = 0, uses_anonymous_args = 0
 184              		@ link register save eliminated.
 185              	.LVL11:
 303:Generated_Source\PSoC4/ENC_ISR.c ****     uint32 priority;
 304:Generated_Source\PSoC4/ENC_ISR.c **** 	uint32 priorityOffset = ((ENC_ISR__INTC_NUMBER % 4u) * 8u) + 6u;
 305:Generated_Source\PSoC4/ENC_ISR.c **** 
 306:Generated_Source\PSoC4/ENC_ISR.c ****     priority = (*ENC_ISR_INTC_PRIOR & ENC_ISR__INTC_PRIOR_MASK) >> priorityOffset;
 186              		.loc 1 306 0
 187 0000 024B     		ldr	r3, .L14
 188 0002 1868     		ldr	r0, [r3]
 189 0004 8009     		lsrs	r0, r0, #6
 190              	.LVL12:
 307:Generated_Source\PSoC4/ENC_ISR.c **** 
 308:Generated_Source\PSoC4/ENC_ISR.c ****     return (uint8)priority;
 191              		.loc 1 308 0
 192 0006 0323     		movs	r3, #3
 193 0008 1840     		ands	r0, r3
 194              	.LVL13:
 309:Generated_Source\PSoC4/ENC_ISR.c **** }
 195              		.loc 1 309 0
 196              		@ sp needed
 197 000a 7047     		bx	lr
 198              	.L15:
 199              		.align	2
 200              	.L14:
 201 000c 00E400E0 		.word	-536812544
 202              		.cfi_endproc
 203              	.LFE8:
ARM GAS  C:\Users\LEOTEJ~1\AppData\Local\Temp\cc9Useia.s 			page 10


 204              		.size	ENC_ISR_GetPriority, .-ENC_ISR_GetPriority
 205              		.section	.text.ENC_ISR_Enable,"ax",%progbits
 206              		.align	2
 207              		.global	ENC_ISR_Enable
 208              		.code	16
 209              		.thumb_func
 210              		.type	ENC_ISR_Enable, %function
 211              	ENC_ISR_Enable:
 212              	.LFB9:
 310:Generated_Source\PSoC4/ENC_ISR.c **** 
 311:Generated_Source\PSoC4/ENC_ISR.c **** 
 312:Generated_Source\PSoC4/ENC_ISR.c **** /*******************************************************************************
 313:Generated_Source\PSoC4/ENC_ISR.c **** * Function Name: ENC_ISR_Enable
 314:Generated_Source\PSoC4/ENC_ISR.c **** ********************************************************************************
 315:Generated_Source\PSoC4/ENC_ISR.c **** *
 316:Generated_Source\PSoC4/ENC_ISR.c **** * Summary:
 317:Generated_Source\PSoC4/ENC_ISR.c **** *   Enables the interrupt to the interrupt controller. Do not call this function
 318:Generated_Source\PSoC4/ENC_ISR.c **** *   unless ISR_Start() has been called or the functionality of the ISR_Start() 
 319:Generated_Source\PSoC4/ENC_ISR.c **** *   function, which sets the vector and the priority, has been called.
 320:Generated_Source\PSoC4/ENC_ISR.c **** *
 321:Generated_Source\PSoC4/ENC_ISR.c **** * Parameters:
 322:Generated_Source\PSoC4/ENC_ISR.c **** *   None
 323:Generated_Source\PSoC4/ENC_ISR.c **** *
 324:Generated_Source\PSoC4/ENC_ISR.c **** * Return:
 325:Generated_Source\PSoC4/ENC_ISR.c **** *   None
 326:Generated_Source\PSoC4/ENC_ISR.c **** *
 327:Generated_Source\PSoC4/ENC_ISR.c **** *******************************************************************************/
 328:Generated_Source\PSoC4/ENC_ISR.c **** void ENC_ISR_Enable(void)
 329:Generated_Source\PSoC4/ENC_ISR.c **** {
 213              		.loc 1 329 0
 214              		.cfi_startproc
 215              		@ args = 0, pretend = 0, frame = 0
 216              		@ frame_needed = 0, uses_anonymous_args = 0
 217              		@ link register save eliminated.
 330:Generated_Source\PSoC4/ENC_ISR.c ****     /* Enable the general interrupt. */
 331:Generated_Source\PSoC4/ENC_ISR.c ****     *ENC_ISR_INTC_SET_EN = ENC_ISR__INTC_MASK;
 218              		.loc 1 331 0
 219 0000 0122     		movs	r2, #1
 220 0002 014B     		ldr	r3, .L17
 221 0004 1A60     		str	r2, [r3]
 332:Generated_Source\PSoC4/ENC_ISR.c **** }
 222              		.loc 1 332 0
 223              		@ sp needed
 224 0006 7047     		bx	lr
 225              	.L18:
 226              		.align	2
 227              	.L17:
 228 0008 00E100E0 		.word	-536813312
 229              		.cfi_endproc
 230              	.LFE9:
 231              		.size	ENC_ISR_Enable, .-ENC_ISR_Enable
 232              		.section	.text.ENC_ISR_GetState,"ax",%progbits
 233              		.align	2
 234              		.global	ENC_ISR_GetState
 235              		.code	16
 236              		.thumb_func
 237              		.type	ENC_ISR_GetState, %function
ARM GAS  C:\Users\LEOTEJ~1\AppData\Local\Temp\cc9Useia.s 			page 11


 238              	ENC_ISR_GetState:
 239              	.LFB10:
 333:Generated_Source\PSoC4/ENC_ISR.c **** 
 334:Generated_Source\PSoC4/ENC_ISR.c **** 
 335:Generated_Source\PSoC4/ENC_ISR.c **** /*******************************************************************************
 336:Generated_Source\PSoC4/ENC_ISR.c **** * Function Name: ENC_ISR_GetState
 337:Generated_Source\PSoC4/ENC_ISR.c **** ********************************************************************************
 338:Generated_Source\PSoC4/ENC_ISR.c **** *
 339:Generated_Source\PSoC4/ENC_ISR.c **** * Summary:
 340:Generated_Source\PSoC4/ENC_ISR.c **** *   Gets the state (enabled, disabled) of the Interrupt.
 341:Generated_Source\PSoC4/ENC_ISR.c **** *
 342:Generated_Source\PSoC4/ENC_ISR.c **** * Parameters:
 343:Generated_Source\PSoC4/ENC_ISR.c **** *   None
 344:Generated_Source\PSoC4/ENC_ISR.c **** *
 345:Generated_Source\PSoC4/ENC_ISR.c **** * Return:
 346:Generated_Source\PSoC4/ENC_ISR.c **** *   1 if enabled, 0 if disabled.
 347:Generated_Source\PSoC4/ENC_ISR.c **** *
 348:Generated_Source\PSoC4/ENC_ISR.c **** *******************************************************************************/
 349:Generated_Source\PSoC4/ENC_ISR.c **** uint8 ENC_ISR_GetState(void)
 350:Generated_Source\PSoC4/ENC_ISR.c **** {
 240              		.loc 1 350 0
 241              		.cfi_startproc
 242              		@ args = 0, pretend = 0, frame = 0
 243              		@ frame_needed = 0, uses_anonymous_args = 0
 244              		@ link register save eliminated.
 351:Generated_Source\PSoC4/ENC_ISR.c ****     /* Get the state of the general interrupt. */
 352:Generated_Source\PSoC4/ENC_ISR.c ****     return ((*ENC_ISR_INTC_SET_EN & (uint32)ENC_ISR__INTC_MASK) != 0u) ? 1u:0u;
 245              		.loc 1 352 0
 246 0000 024B     		ldr	r3, .L20
 247 0002 1B68     		ldr	r3, [r3]
 248 0004 0120     		movs	r0, #1
 249 0006 1840     		ands	r0, r3
 353:Generated_Source\PSoC4/ENC_ISR.c **** }
 250              		.loc 1 353 0
 251              		@ sp needed
 252 0008 7047     		bx	lr
 253              	.L21:
 254 000a C046     		.align	2
 255              	.L20:
 256 000c 00E100E0 		.word	-536813312
 257              		.cfi_endproc
 258              	.LFE10:
 259              		.size	ENC_ISR_GetState, .-ENC_ISR_GetState
 260              		.section	.text.ENC_ISR_Disable,"ax",%progbits
 261              		.align	2
 262              		.global	ENC_ISR_Disable
 263              		.code	16
 264              		.thumb_func
 265              		.type	ENC_ISR_Disable, %function
 266              	ENC_ISR_Disable:
 267              	.LFB11:
 354:Generated_Source\PSoC4/ENC_ISR.c **** 
 355:Generated_Source\PSoC4/ENC_ISR.c **** 
 356:Generated_Source\PSoC4/ENC_ISR.c **** /*******************************************************************************
 357:Generated_Source\PSoC4/ENC_ISR.c **** * Function Name: ENC_ISR_Disable
 358:Generated_Source\PSoC4/ENC_ISR.c **** ********************************************************************************
 359:Generated_Source\PSoC4/ENC_ISR.c **** *
ARM GAS  C:\Users\LEOTEJ~1\AppData\Local\Temp\cc9Useia.s 			page 12


 360:Generated_Source\PSoC4/ENC_ISR.c **** * Summary:
 361:Generated_Source\PSoC4/ENC_ISR.c **** *   Disables the Interrupt in the interrupt controller.
 362:Generated_Source\PSoC4/ENC_ISR.c **** *
 363:Generated_Source\PSoC4/ENC_ISR.c **** * Parameters:
 364:Generated_Source\PSoC4/ENC_ISR.c **** *   None
 365:Generated_Source\PSoC4/ENC_ISR.c **** *
 366:Generated_Source\PSoC4/ENC_ISR.c **** * Return:
 367:Generated_Source\PSoC4/ENC_ISR.c **** *   None
 368:Generated_Source\PSoC4/ENC_ISR.c **** *
 369:Generated_Source\PSoC4/ENC_ISR.c **** *******************************************************************************/
 370:Generated_Source\PSoC4/ENC_ISR.c **** void ENC_ISR_Disable(void)
 371:Generated_Source\PSoC4/ENC_ISR.c **** {
 268              		.loc 1 371 0
 269              		.cfi_startproc
 270              		@ args = 0, pretend = 0, frame = 0
 271              		@ frame_needed = 0, uses_anonymous_args = 0
 272              		@ link register save eliminated.
 372:Generated_Source\PSoC4/ENC_ISR.c ****     /* Disable the general interrupt. */
 373:Generated_Source\PSoC4/ENC_ISR.c ****     *ENC_ISR_INTC_CLR_EN = ENC_ISR__INTC_MASK;
 273              		.loc 1 373 0
 274 0000 0122     		movs	r2, #1
 275 0002 014B     		ldr	r3, .L23
 276 0004 1A60     		str	r2, [r3]
 374:Generated_Source\PSoC4/ENC_ISR.c **** }
 277              		.loc 1 374 0
 278              		@ sp needed
 279 0006 7047     		bx	lr
 280              	.L24:
 281              		.align	2
 282              	.L23:
 283 0008 80E100E0 		.word	-536813184
 284              		.cfi_endproc
 285              	.LFE11:
 286              		.size	ENC_ISR_Disable, .-ENC_ISR_Disable
 287              		.section	.text.ENC_ISR_Start,"ax",%progbits
 288              		.align	2
 289              		.global	ENC_ISR_Start
 290              		.code	16
 291              		.thumb_func
 292              		.type	ENC_ISR_Start, %function
 293              	ENC_ISR_Start:
 294              	.LFB1:
  68:Generated_Source\PSoC4/ENC_ISR.c ****     /* For all we know the interrupt is active. */
 295              		.loc 1 68 0
 296              		.cfi_startproc
 297              		@ args = 0, pretend = 0, frame = 0
 298              		@ frame_needed = 0, uses_anonymous_args = 0
 299 0000 10B5     		push	{r4, lr}
 300              		.cfi_def_cfa_offset 8
 301              		.cfi_offset 4, -8
 302              		.cfi_offset 14, -4
  70:Generated_Source\PSoC4/ENC_ISR.c **** 
 303              		.loc 1 70 0
 304 0002 FFF7FEFF 		bl	ENC_ISR_Disable
 305              	.LVL14:
  73:Generated_Source\PSoC4/ENC_ISR.c **** 
 306              		.loc 1 73 0
ARM GAS  C:\Users\LEOTEJ~1\AppData\Local\Temp\cc9Useia.s 			page 13


 307 0006 0448     		ldr	r0, .L26
 308 0008 FFF7FEFF 		bl	ENC_ISR_SetVector
 309              	.LVL15:
  76:Generated_Source\PSoC4/ENC_ISR.c **** 
 310              		.loc 1 76 0
 311 000c 0320     		movs	r0, #3
 312 000e FFF7FEFF 		bl	ENC_ISR_SetPriority
 313              	.LVL16:
  79:Generated_Source\PSoC4/ENC_ISR.c **** }
 314              		.loc 1 79 0
 315 0012 FFF7FEFF 		bl	ENC_ISR_Enable
 316              	.LVL17:
  80:Generated_Source\PSoC4/ENC_ISR.c **** 
 317              		.loc 1 80 0
 318              		@ sp needed
 319 0016 10BD     		pop	{r4, pc}
 320              	.L27:
 321              		.align	2
 322              	.L26:
 323 0018 00000000 		.word	ENC_ISR_Interrupt
 324              		.cfi_endproc
 325              	.LFE1:
 326              		.size	ENC_ISR_Start, .-ENC_ISR_Start
 327              		.section	.text.ENC_ISR_StartEx,"ax",%progbits
 328              		.align	2
 329              		.global	ENC_ISR_StartEx
 330              		.code	16
 331              		.thumb_func
 332              		.type	ENC_ISR_StartEx, %function
 333              	ENC_ISR_StartEx:
 334              	.LFB2:
 111:Generated_Source\PSoC4/ENC_ISR.c ****     /* For all we know the interrupt is active. */
 335              		.loc 1 111 0
 336              		.cfi_startproc
 337              		@ args = 0, pretend = 0, frame = 0
 338              		@ frame_needed = 0, uses_anonymous_args = 0
 339              	.LVL18:
 340 0000 10B5     		push	{r4, lr}
 341              		.cfi_def_cfa_offset 8
 342              		.cfi_offset 4, -8
 343              		.cfi_offset 14, -4
 344 0002 0400     		movs	r4, r0
 113:Generated_Source\PSoC4/ENC_ISR.c **** 
 345              		.loc 1 113 0
 346 0004 FFF7FEFF 		bl	ENC_ISR_Disable
 347              	.LVL19:
 116:Generated_Source\PSoC4/ENC_ISR.c **** 
 348              		.loc 1 116 0
 349 0008 2000     		movs	r0, r4
 350 000a FFF7FEFF 		bl	ENC_ISR_SetVector
 351              	.LVL20:
 119:Generated_Source\PSoC4/ENC_ISR.c **** 
 352              		.loc 1 119 0
 353 000e 0320     		movs	r0, #3
 354 0010 FFF7FEFF 		bl	ENC_ISR_SetPriority
 355              	.LVL21:
 122:Generated_Source\PSoC4/ENC_ISR.c **** }
ARM GAS  C:\Users\LEOTEJ~1\AppData\Local\Temp\cc9Useia.s 			page 14


 356              		.loc 1 122 0
 357 0014 FFF7FEFF 		bl	ENC_ISR_Enable
 358              	.LVL22:
 123:Generated_Source\PSoC4/ENC_ISR.c **** 
 359              		.loc 1 123 0
 360              		@ sp needed
 361              	.LVL23:
 362 0018 10BD     		pop	{r4, pc}
 363              		.cfi_endproc
 364              	.LFE2:
 365              		.size	ENC_ISR_StartEx, .-ENC_ISR_StartEx
 366 001a C046     		.section	.text.ENC_ISR_Stop,"ax",%progbits
 367              		.align	2
 368              		.global	ENC_ISR_Stop
 369              		.code	16
 370              		.thumb_func
 371              		.type	ENC_ISR_Stop, %function
 372              	ENC_ISR_Stop:
 373              	.LFB3:
 141:Generated_Source\PSoC4/ENC_ISR.c ****     /* Disable this interrupt. */
 374              		.loc 1 141 0
 375              		.cfi_startproc
 376              		@ args = 0, pretend = 0, frame = 0
 377              		@ frame_needed = 0, uses_anonymous_args = 0
 378 0000 10B5     		push	{r4, lr}
 379              		.cfi_def_cfa_offset 8
 380              		.cfi_offset 4, -8
 381              		.cfi_offset 14, -4
 143:Generated_Source\PSoC4/ENC_ISR.c **** 
 382              		.loc 1 143 0
 383 0002 FFF7FEFF 		bl	ENC_ISR_Disable
 384              	.LVL24:
 146:Generated_Source\PSoC4/ENC_ISR.c **** }
 385              		.loc 1 146 0
 386 0006 0248     		ldr	r0, .L30
 387 0008 FFF7FEFF 		bl	ENC_ISR_SetVector
 388              	.LVL25:
 147:Generated_Source\PSoC4/ENC_ISR.c **** 
 389              		.loc 1 147 0
 390              		@ sp needed
 391 000c 10BD     		pop	{r4, pc}
 392              	.L31:
 393 000e C046     		.align	2
 394              	.L30:
 395 0010 00000000 		.word	IntDefaultHandler
 396              		.cfi_endproc
 397              	.LFE3:
 398              		.size	ENC_ISR_Stop, .-ENC_ISR_Stop
 399              		.section	.text.ENC_ISR_SetPending,"ax",%progbits
 400              		.align	2
 401              		.global	ENC_ISR_SetPending
 402              		.code	16
 403              		.thumb_func
 404              		.type	ENC_ISR_SetPending, %function
 405              	ENC_ISR_SetPending:
 406              	.LFB12:
 375:Generated_Source\PSoC4/ENC_ISR.c **** 
ARM GAS  C:\Users\LEOTEJ~1\AppData\Local\Temp\cc9Useia.s 			page 15


 376:Generated_Source\PSoC4/ENC_ISR.c **** 
 377:Generated_Source\PSoC4/ENC_ISR.c **** /*******************************************************************************
 378:Generated_Source\PSoC4/ENC_ISR.c **** * Function Name: ENC_ISR_SetPending
 379:Generated_Source\PSoC4/ENC_ISR.c **** ********************************************************************************
 380:Generated_Source\PSoC4/ENC_ISR.c **** *
 381:Generated_Source\PSoC4/ENC_ISR.c **** * Summary:
 382:Generated_Source\PSoC4/ENC_ISR.c **** *   Causes the Interrupt to enter the pending state, a software method of
 383:Generated_Source\PSoC4/ENC_ISR.c **** *   generating the interrupt.
 384:Generated_Source\PSoC4/ENC_ISR.c **** *
 385:Generated_Source\PSoC4/ENC_ISR.c **** * Parameters:
 386:Generated_Source\PSoC4/ENC_ISR.c **** *   None
 387:Generated_Source\PSoC4/ENC_ISR.c **** *
 388:Generated_Source\PSoC4/ENC_ISR.c **** * Return:
 389:Generated_Source\PSoC4/ENC_ISR.c **** *   None
 390:Generated_Source\PSoC4/ENC_ISR.c **** *
 391:Generated_Source\PSoC4/ENC_ISR.c **** * Side Effects:
 392:Generated_Source\PSoC4/ENC_ISR.c **** *   If interrupts are enabled and the interrupt is set up properly, the ISR is
 393:Generated_Source\PSoC4/ENC_ISR.c **** *   entered (depending on the priority of this interrupt and other pending 
 394:Generated_Source\PSoC4/ENC_ISR.c **** *   interrupts).
 395:Generated_Source\PSoC4/ENC_ISR.c **** *
 396:Generated_Source\PSoC4/ENC_ISR.c **** *******************************************************************************/
 397:Generated_Source\PSoC4/ENC_ISR.c **** void ENC_ISR_SetPending(void)
 398:Generated_Source\PSoC4/ENC_ISR.c **** {
 407              		.loc 1 398 0
 408              		.cfi_startproc
 409              		@ args = 0, pretend = 0, frame = 0
 410              		@ frame_needed = 0, uses_anonymous_args = 0
 411              		@ link register save eliminated.
 399:Generated_Source\PSoC4/ENC_ISR.c ****     *ENC_ISR_INTC_SET_PD = ENC_ISR__INTC_MASK;
 412              		.loc 1 399 0
 413 0000 0122     		movs	r2, #1
 414 0002 014B     		ldr	r3, .L33
 415 0004 1A60     		str	r2, [r3]
 400:Generated_Source\PSoC4/ENC_ISR.c **** }
 416              		.loc 1 400 0
 417              		@ sp needed
 418 0006 7047     		bx	lr
 419              	.L34:
 420              		.align	2
 421              	.L33:
 422 0008 00E200E0 		.word	-536813056
 423              		.cfi_endproc
 424              	.LFE12:
 425              		.size	ENC_ISR_SetPending, .-ENC_ISR_SetPending
 426              		.section	.text.ENC_ISR_ClearPending,"ax",%progbits
 427              		.align	2
 428              		.global	ENC_ISR_ClearPending
 429              		.code	16
 430              		.thumb_func
 431              		.type	ENC_ISR_ClearPending, %function
 432              	ENC_ISR_ClearPending:
 433              	.LFB13:
 401:Generated_Source\PSoC4/ENC_ISR.c **** 
 402:Generated_Source\PSoC4/ENC_ISR.c **** 
 403:Generated_Source\PSoC4/ENC_ISR.c **** /*******************************************************************************
 404:Generated_Source\PSoC4/ENC_ISR.c **** * Function Name: ENC_ISR_ClearPending
 405:Generated_Source\PSoC4/ENC_ISR.c **** ********************************************************************************
ARM GAS  C:\Users\LEOTEJ~1\AppData\Local\Temp\cc9Useia.s 			page 16


 406:Generated_Source\PSoC4/ENC_ISR.c **** *
 407:Generated_Source\PSoC4/ENC_ISR.c **** * Summary:
 408:Generated_Source\PSoC4/ENC_ISR.c **** *   Clears a pending interrupt in the interrupt controller.
 409:Generated_Source\PSoC4/ENC_ISR.c **** *
 410:Generated_Source\PSoC4/ENC_ISR.c **** *   Note Some interrupt sources are clear-on-read and require the block 
 411:Generated_Source\PSoC4/ENC_ISR.c **** *   interrupt/status register to be read/cleared with the appropriate block API 
 412:Generated_Source\PSoC4/ENC_ISR.c **** *   (GPIO, UART, and so on). Otherwise the ISR will continue to remain in 
 413:Generated_Source\PSoC4/ENC_ISR.c **** *   pending state even though the interrupt itself is cleared using this API.
 414:Generated_Source\PSoC4/ENC_ISR.c **** *
 415:Generated_Source\PSoC4/ENC_ISR.c **** * Parameters:
 416:Generated_Source\PSoC4/ENC_ISR.c **** *   None
 417:Generated_Source\PSoC4/ENC_ISR.c **** *
 418:Generated_Source\PSoC4/ENC_ISR.c **** * Return:
 419:Generated_Source\PSoC4/ENC_ISR.c **** *   None
 420:Generated_Source\PSoC4/ENC_ISR.c **** *
 421:Generated_Source\PSoC4/ENC_ISR.c **** *******************************************************************************/
 422:Generated_Source\PSoC4/ENC_ISR.c **** void ENC_ISR_ClearPending(void)
 423:Generated_Source\PSoC4/ENC_ISR.c **** {
 434              		.loc 1 423 0
 435              		.cfi_startproc
 436              		@ args = 0, pretend = 0, frame = 0
 437              		@ frame_needed = 0, uses_anonymous_args = 0
 438              		@ link register save eliminated.
 424:Generated_Source\PSoC4/ENC_ISR.c ****     *ENC_ISR_INTC_CLR_PD = ENC_ISR__INTC_MASK;
 439              		.loc 1 424 0
 440 0000 0122     		movs	r2, #1
 441 0002 014B     		ldr	r3, .L36
 442 0004 1A60     		str	r2, [r3]
 425:Generated_Source\PSoC4/ENC_ISR.c **** }
 443              		.loc 1 425 0
 444              		@ sp needed
 445 0006 7047     		bx	lr
 446              	.L37:
 447              		.align	2
 448              	.L36:
 449 0008 80E200E0 		.word	-536812928
 450              		.cfi_endproc
 451              	.LFE13:
 452              		.size	ENC_ISR_ClearPending, .-ENC_ISR_ClearPending
 453              		.text
 454              	.Letext0:
 455              		.file 2 "Generated_Source\\PSoC4/cytypes.h"
 456              		.file 3 "Generated_Source\\PSoC4\\ENC.h"
 457              		.file 4 "Generated_Source\\PSoC4/CyLib.h"
 458              		.file 5 "Generated_Source\\PSoC4\\LCD.h"
 459              		.section	.debug_info,"",%progbits
 460              	.Ldebug_info0:
 461 0000 B5030000 		.4byte	0x3b5
 462 0004 0400     		.2byte	0x4
 463 0006 00000000 		.4byte	.Ldebug_abbrev0
 464 000a 04       		.byte	0x4
 465 000b 01       		.uleb128 0x1
 466 000c F6010000 		.4byte	.LASF45
 467 0010 0C       		.byte	0xc
 468 0011 AB020000 		.4byte	.LASF46
 469 0015 22030000 		.4byte	.LASF47
 470 0019 00000000 		.4byte	.Ldebug_ranges0+0
ARM GAS  C:\Users\LEOTEJ~1\AppData\Local\Temp\cc9Useia.s 			page 17


 471 001d 00000000 		.4byte	0
 472 0021 00000000 		.4byte	.Ldebug_line0
 473 0025 02       		.uleb128 0x2
 474 0026 01       		.byte	0x1
 475 0027 06       		.byte	0x6
 476 0028 16030000 		.4byte	.LASF0
 477 002c 02       		.uleb128 0x2
 478 002d 01       		.byte	0x1
 479 002e 08       		.byte	0x8
 480 002f A1000000 		.4byte	.LASF1
 481 0033 02       		.uleb128 0x2
 482 0034 02       		.byte	0x2
 483 0035 05       		.byte	0x5
 484 0036 42010000 		.4byte	.LASF2
 485 003a 02       		.uleb128 0x2
 486 003b 02       		.byte	0x2
 487 003c 07       		.byte	0x7
 488 003d 51000000 		.4byte	.LASF3
 489 0041 02       		.uleb128 0x2
 490 0042 04       		.byte	0x4
 491 0043 05       		.byte	0x5
 492 0044 01030000 		.4byte	.LASF4
 493 0048 02       		.uleb128 0x2
 494 0049 04       		.byte	0x4
 495 004a 07       		.byte	0x7
 496 004b BE000000 		.4byte	.LASF5
 497 004f 02       		.uleb128 0x2
 498 0050 08       		.byte	0x8
 499 0051 05       		.byte	0x5
 500 0052 98020000 		.4byte	.LASF6
 501 0056 02       		.uleb128 0x2
 502 0057 08       		.byte	0x8
 503 0058 07       		.byte	0x7
 504 0059 8A000000 		.4byte	.LASF7
 505 005d 03       		.uleb128 0x3
 506 005e 04       		.byte	0x4
 507 005f 05       		.byte	0x5
 508 0060 696E7400 		.ascii	"int\000"
 509 0064 02       		.uleb128 0x2
 510 0065 04       		.byte	0x4
 511 0066 07       		.byte	0x7
 512 0067 8D010000 		.4byte	.LASF8
 513 006b 04       		.uleb128 0x4
 514 006c D0000000 		.4byte	.LASF9
 515 0070 02       		.byte	0x2
 516 0071 E401     		.2byte	0x1e4
 517 0073 2C000000 		.4byte	0x2c
 518 0077 04       		.uleb128 0x4
 519 0078 55010000 		.4byte	.LASF10
 520 007c 02       		.byte	0x2
 521 007d E501     		.2byte	0x1e5
 522 007f 3A000000 		.4byte	0x3a
 523 0083 04       		.uleb128 0x4
 524 0084 6F010000 		.4byte	.LASF11
 525 0088 02       		.byte	0x2
 526 0089 E601     		.2byte	0x1e6
 527 008b 48000000 		.4byte	0x48
ARM GAS  C:\Users\LEOTEJ~1\AppData\Local\Temp\cc9Useia.s 			page 18


 528 008f 02       		.uleb128 0x2
 529 0090 04       		.byte	0x4
 530 0091 04       		.byte	0x4
 531 0092 84000000 		.4byte	.LASF12
 532 0096 02       		.uleb128 0x2
 533 0097 08       		.byte	0x8
 534 0098 04       		.byte	0x4
 535 0099 1A010000 		.4byte	.LASF13
 536 009d 02       		.uleb128 0x2
 537 009e 01       		.byte	0x1
 538 009f 08       		.byte	0x8
 539 00a0 A6020000 		.4byte	.LASF14
 540 00a4 04       		.uleb128 0x4
 541 00a5 12000000 		.4byte	.LASF15
 542 00a9 02       		.byte	0x2
 543 00aa 9002     		.2byte	0x290
 544 00ac B0000000 		.4byte	0xb0
 545 00b0 05       		.uleb128 0x5
 546 00b1 83000000 		.4byte	0x83
 547 00b5 04       		.uleb128 0x4
 548 00b6 E9010000 		.4byte	.LASF16
 549 00ba 02       		.byte	0x2
 550 00bb A002     		.2byte	0x2a0
 551 00bd C1000000 		.4byte	0xc1
 552 00c1 06       		.uleb128 0x6
 553 00c2 04       		.byte	0x4
 554 00c3 C7000000 		.4byte	0xc7
 555 00c7 07       		.uleb128 0x7
 556 00c8 02       		.uleb128 0x2
 557 00c9 08       		.byte	0x8
 558 00ca 04       		.byte	0x4
 559 00cb 0A030000 		.4byte	.LASF17
 560 00cf 02       		.uleb128 0x2
 561 00d0 04       		.byte	0x4
 562 00d1 07       		.byte	0x7
 563 00d2 84020000 		.4byte	.LASF18
 564 00d6 08       		.uleb128 0x8
 565 00d7 E3000000 		.4byte	.LASF19
 566 00db 01       		.byte	0x1
 567 00dc AA       		.byte	0xaa
 568 00dd 00000000 		.4byte	.LFB4
 569 00e1 38000000 		.4byte	.LFE4-.LFB4
 570 00e5 01       		.uleb128 0x1
 571 00e6 9C       		.byte	0x9c
 572 00e7 39010000 		.4byte	0x139
 573 00eb 09       		.uleb128 0x9
 574 00ec 616200   		.ascii	"ab\000"
 575 00ef 01       		.byte	0x1
 576 00f0 B4       		.byte	0xb4
 577 00f1 39010000 		.4byte	0x139
 578 00f5 02       		.uleb128 0x2
 579 00f6 91       		.byte	0x91
 580 00f7 74       		.sleb128 -12
 581 00f8 0A       		.uleb128 0xa
 582 00f9 08000000 		.4byte	.LVL0
 583 00fd 6B030000 		.4byte	0x36b
 584 0101 0A       		.uleb128 0xa
ARM GAS  C:\Users\LEOTEJ~1\AppData\Local\Temp\cc9Useia.s 			page 19


 585 0102 10000000 		.4byte	.LVL1
 586 0106 6B030000 		.4byte	0x36b
 587 010a 0B       		.uleb128 0xb
 588 010b 18000000 		.4byte	.LVL2
 589 010f 76030000 		.4byte	0x376
 590 0113 1D010000 		.4byte	0x11d
 591 0117 0C       		.uleb128 0xc
 592 0118 01       		.uleb128 0x1
 593 0119 50       		.byte	0x50
 594 011a 01       		.uleb128 0x1
 595 011b 44       		.byte	0x44
 596 011c 00       		.byte	0
 597 011d 0A       		.uleb128 0xa
 598 011e 1C000000 		.4byte	.LVL3
 599 0122 81030000 		.4byte	0x381
 600 0126 0A       		.uleb128 0xa
 601 0127 26000000 		.4byte	.LVL4
 602 012b 8C030000 		.4byte	0x38c
 603 012f 0A       		.uleb128 0xa
 604 0130 2A000000 		.4byte	.LVL5
 605 0134 97030000 		.4byte	0x397
 606 0138 00       		.byte	0
 607 0139 05       		.uleb128 0x5
 608 013a 5D000000 		.4byte	0x5d
 609 013e 08       		.uleb128 0x8
 610 013f 00000000 		.4byte	.LASF20
 611 0143 01       		.byte	0x1
 612 0144 DF       		.byte	0xdf
 613 0145 00000000 		.4byte	.LFB5
 614 0149 0C000000 		.4byte	.LFE5-.LFB5
 615 014d 01       		.uleb128 0x1
 616 014e 9C       		.byte	0x9c
 617 014f 61010000 		.4byte	0x161
 618 0153 0D       		.uleb128 0xd
 619 0154 AB010000 		.4byte	.LASF22
 620 0158 01       		.byte	0x1
 621 0159 DF       		.byte	0xdf
 622 015a B5000000 		.4byte	0xb5
 623 015e 01       		.uleb128 0x1
 624 015f 50       		.byte	0x50
 625 0160 00       		.byte	0
 626 0161 0E       		.uleb128 0xe
 627 0162 E0020000 		.4byte	.LASF26
 628 0166 01       		.byte	0x1
 629 0167 F3       		.byte	0xf3
 630 0168 B5000000 		.4byte	0xb5
 631 016c 00000000 		.4byte	.LFB6
 632 0170 0C000000 		.4byte	.LFE6-.LFB6
 633 0174 01       		.uleb128 0x1
 634 0175 9C       		.byte	0x9c
 635 0176 0F       		.uleb128 0xf
 636 0177 3D000000 		.4byte	.LASF21
 637 017b 01       		.byte	0x1
 638 017c 1101     		.2byte	0x111
 639 017e 00000000 		.4byte	.LFB7
 640 0182 20000000 		.4byte	.LFE7-.LFB7
 641 0186 01       		.uleb128 0x1
ARM GAS  C:\Users\LEOTEJ~1\AppData\Local\Temp\cc9Useia.s 			page 20


 642 0187 9C       		.byte	0x9c
 643 0188 CC010000 		.4byte	0x1cc
 644 018c 10       		.uleb128 0x10
 645 018d 4C010000 		.4byte	.LASF23
 646 0191 01       		.byte	0x1
 647 0192 1101     		.2byte	0x111
 648 0194 6B000000 		.4byte	0x6b
 649 0198 00000000 		.4byte	.LLST0
 650 019c 11       		.uleb128 0x11
 651 019d AF000000 		.4byte	.LASF24
 652 01a1 01       		.byte	0x1
 653 01a2 1301     		.2byte	0x113
 654 01a4 6B000000 		.4byte	0x6b
 655 01a8 21000000 		.4byte	.LLST1
 656 01ac 12       		.uleb128 0x12
 657 01ad F2020000 		.4byte	.LASF25
 658 01b1 01       		.byte	0x1
 659 01b2 1401     		.2byte	0x114
 660 01b4 83000000 		.4byte	0x83
 661 01b8 06       		.byte	0x6
 662 01b9 0A       		.uleb128 0xa
 663 01ba 08000000 		.4byte	.LVL9
 664 01be A2030000 		.4byte	0x3a2
 665 01c2 0A       		.uleb128 0xa
 666 01c3 1A000000 		.4byte	.LVL10
 667 01c7 AD030000 		.4byte	0x3ad
 668 01cb 00       		.byte	0
 669 01cc 13       		.uleb128 0x13
 670 01cd CC020000 		.4byte	.LASF48
 671 01d1 01       		.byte	0x1
 672 01d2 2D01     		.2byte	0x12d
 673 01d4 6B000000 		.4byte	0x6b
 674 01d8 00000000 		.4byte	.LFB8
 675 01dc 10000000 		.4byte	.LFE8-.LFB8
 676 01e0 01       		.uleb128 0x1
 677 01e1 9C       		.byte	0x9c
 678 01e2 04020000 		.4byte	0x204
 679 01e6 11       		.uleb128 0x11
 680 01e7 4C010000 		.4byte	.LASF23
 681 01eb 01       		.byte	0x1
 682 01ec 2F01     		.2byte	0x12f
 683 01ee 83000000 		.4byte	0x83
 684 01f2 34000000 		.4byte	.LLST2
 685 01f6 12       		.uleb128 0x12
 686 01f7 F2020000 		.4byte	.LASF25
 687 01fb 01       		.byte	0x1
 688 01fc 3001     		.2byte	0x130
 689 01fe 83000000 		.4byte	0x83
 690 0202 06       		.byte	0x6
 691 0203 00       		.byte	0
 692 0204 14       		.uleb128 0x14
 693 0205 18000000 		.4byte	.LASF28
 694 0209 01       		.byte	0x1
 695 020a 4801     		.2byte	0x148
 696 020c 00000000 		.4byte	.LFB9
 697 0210 0C000000 		.4byte	.LFE9-.LFB9
 698 0214 01       		.uleb128 0x1
ARM GAS  C:\Users\LEOTEJ~1\AppData\Local\Temp\cc9Useia.s 			page 21


 699 0215 9C       		.byte	0x9c
 700 0216 15       		.uleb128 0x15
 701 0217 9A010000 		.4byte	.LASF27
 702 021b 01       		.byte	0x1
 703 021c 5D01     		.2byte	0x15d
 704 021e 6B000000 		.4byte	0x6b
 705 0222 00000000 		.4byte	.LFB10
 706 0226 10000000 		.4byte	.LFE10-.LFB10
 707 022a 01       		.uleb128 0x1
 708 022b 9C       		.byte	0x9c
 709 022c 14       		.uleb128 0x14
 710 022d 0A010000 		.4byte	.LASF29
 711 0231 01       		.byte	0x1
 712 0232 7201     		.2byte	0x172
 713 0234 00000000 		.4byte	.LFB11
 714 0238 0C000000 		.4byte	.LFE11-.LFB11
 715 023c 01       		.uleb128 0x1
 716 023d 9C       		.byte	0x9c
 717 023e 08       		.uleb128 0x8
 718 023f 21010000 		.4byte	.LASF30
 719 0243 01       		.byte	0x1
 720 0244 43       		.byte	0x43
 721 0245 00000000 		.4byte	.LFB1
 722 0249 1C000000 		.4byte	.LFE1-.LFB1
 723 024d 01       		.uleb128 0x1
 724 024e 9C       		.byte	0x9c
 725 024f 90020000 		.4byte	0x290
 726 0253 0A       		.uleb128 0xa
 727 0254 06000000 		.4byte	.LVL14
 728 0258 2C020000 		.4byte	0x22c
 729 025c 0B       		.uleb128 0xb
 730 025d 0C000000 		.4byte	.LVL15
 731 0261 3E010000 		.4byte	0x13e
 732 0265 73020000 		.4byte	0x273
 733 0269 0C       		.uleb128 0xc
 734 026a 01       		.uleb128 0x1
 735 026b 50       		.byte	0x50
 736 026c 05       		.uleb128 0x5
 737 026d 03       		.byte	0x3
 738 026e 00000000 		.4byte	ENC_ISR_Interrupt
 739 0272 00       		.byte	0
 740 0273 0B       		.uleb128 0xb
 741 0274 12000000 		.4byte	.LVL16
 742 0278 76010000 		.4byte	0x176
 743 027c 86020000 		.4byte	0x286
 744 0280 0C       		.uleb128 0xc
 745 0281 01       		.uleb128 0x1
 746 0282 50       		.byte	0x50
 747 0283 01       		.uleb128 0x1
 748 0284 33       		.byte	0x33
 749 0285 00       		.byte	0
 750 0286 0A       		.uleb128 0xa
 751 0287 16000000 		.4byte	.LVL17
 752 028b 04020000 		.4byte	0x204
 753 028f 00       		.byte	0
 754 0290 08       		.uleb128 0x8
 755 0291 74000000 		.4byte	.LASF31
ARM GAS  C:\Users\LEOTEJ~1\AppData\Local\Temp\cc9Useia.s 			page 22


 756 0295 01       		.byte	0x1
 757 0296 6E       		.byte	0x6e
 758 0297 00000000 		.4byte	.LFB2
 759 029b 1A000000 		.4byte	.LFE2-.LFB2
 760 029f 01       		.uleb128 0x1
 761 02a0 9C       		.byte	0x9c
 762 02a1 EE020000 		.4byte	0x2ee
 763 02a5 16       		.uleb128 0x16
 764 02a6 AB010000 		.4byte	.LASF22
 765 02aa 01       		.byte	0x1
 766 02ab 6E       		.byte	0x6e
 767 02ac B5000000 		.4byte	0xb5
 768 02b0 56000000 		.4byte	.LLST3
 769 02b4 0A       		.uleb128 0xa
 770 02b5 08000000 		.4byte	.LVL19
 771 02b9 2C020000 		.4byte	0x22c
 772 02bd 0B       		.uleb128 0xb
 773 02be 0E000000 		.4byte	.LVL20
 774 02c2 3E010000 		.4byte	0x13e
 775 02c6 D1020000 		.4byte	0x2d1
 776 02ca 0C       		.uleb128 0xc
 777 02cb 01       		.uleb128 0x1
 778 02cc 50       		.byte	0x50
 779 02cd 02       		.uleb128 0x2
 780 02ce 74       		.byte	0x74
 781 02cf 00       		.sleb128 0
 782 02d0 00       		.byte	0
 783 02d1 0B       		.uleb128 0xb
 784 02d2 14000000 		.4byte	.LVL21
 785 02d6 76010000 		.4byte	0x176
 786 02da E4020000 		.4byte	0x2e4
 787 02de 0C       		.uleb128 0xc
 788 02df 01       		.uleb128 0x1
 789 02e0 50       		.byte	0x50
 790 02e1 01       		.uleb128 0x1
 791 02e2 33       		.byte	0x33
 792 02e3 00       		.byte	0
 793 02e4 0A       		.uleb128 0xa
 794 02e5 18000000 		.4byte	.LVL22
 795 02e9 04020000 		.4byte	0x204
 796 02ed 00       		.byte	0
 797 02ee 08       		.uleb128 0x8
 798 02ef DC010000 		.4byte	.LASF32
 799 02f3 01       		.byte	0x1
 800 02f4 8C       		.byte	0x8c
 801 02f5 00000000 		.4byte	.LFB3
 802 02f9 14000000 		.4byte	.LFE3-.LFB3
 803 02fd 01       		.uleb128 0x1
 804 02fe 9C       		.byte	0x9c
 805 02ff 16030000 		.4byte	0x316
 806 0303 0A       		.uleb128 0xa
 807 0304 06000000 		.4byte	.LVL24
 808 0308 2C020000 		.4byte	0x22c
 809 030c 0A       		.uleb128 0xa
 810 030d 0C000000 		.4byte	.LVL25
 811 0311 3E010000 		.4byte	0x13e
 812 0315 00       		.byte	0
ARM GAS  C:\Users\LEOTEJ~1\AppData\Local\Temp\cc9Useia.s 			page 23


 813 0316 14       		.uleb128 0x14
 814 0317 5C010000 		.4byte	.LASF33
 815 031b 01       		.byte	0x1
 816 031c 8D01     		.2byte	0x18d
 817 031e 00000000 		.4byte	.LFB12
 818 0322 0C000000 		.4byte	.LFE12-.LFB12
 819 0326 01       		.uleb128 0x1
 820 0327 9C       		.byte	0x9c
 821 0328 14       		.uleb128 0x14
 822 0329 F5000000 		.4byte	.LASF34
 823 032d 01       		.byte	0x1
 824 032e A601     		.2byte	0x1a6
 825 0330 00000000 		.4byte	.LFB13
 826 0334 0C000000 		.4byte	.LFE13-.LFB13
 827 0338 01       		.uleb128 0x1
 828 0339 9C       		.byte	0x9c
 829 033a 17       		.uleb128 0x17
 830 033b D6000000 		.4byte	.LASF35
 831 033f 01       		.byte	0x1
 832 0340 21       		.byte	0x21
 833 0341 39010000 		.4byte	0x139
 834 0345 17       		.uleb128 0x17
 835 0346 8D020000 		.4byte	.LASF36
 836 034a 01       		.byte	0x1
 837 034b 22       		.byte	0x22
 838 034c 39010000 		.4byte	0x139
 839 0350 18       		.uleb128 0x18
 840 0351 B5000000 		.4byte	0xb5
 841 0355 60030000 		.4byte	0x360
 842 0359 19       		.uleb128 0x19
 843 035a CF000000 		.4byte	0xcf
 844 035e 2F       		.byte	0x2f
 845 035f 00       		.byte	0
 846 0360 17       		.uleb128 0x17
 847 0361 27000000 		.4byte	.LASF37
 848 0365 01       		.byte	0x1
 849 0366 2C       		.byte	0x2c
 850 0367 50030000 		.4byte	0x350
 851 036b 1A       		.uleb128 0x1a
 852 036c 34000000 		.4byte	.LASF38
 853 0370 34000000 		.4byte	.LASF38
 854 0374 03       		.byte	0x3
 855 0375 32       		.byte	0x32
 856 0376 1A       		.uleb128 0x1a
 857 0377 85030000 		.4byte	.LASF39
 858 037b 85030000 		.4byte	.LASF39
 859 037f 04       		.byte	0x4
 860 0380 D9       		.byte	0xd9
 861 0381 1A       		.uleb128 0x1a
 862 0382 2F010000 		.4byte	.LASF40
 863 0386 2F010000 		.4byte	.LASF40
 864 038a 03       		.byte	0x3
 865 038b 39       		.byte	0x39
 866 038c 1A       		.uleb128 0x1a
 867 038d 64000000 		.4byte	.LASF41
 868 0391 64000000 		.4byte	.LASF41
 869 0395 03       		.byte	0x3
ARM GAS  C:\Users\LEOTEJ~1\AppData\Local\Temp\cc9Useia.s 			page 24


 870 0396 34       		.byte	0x34
 871 0397 1A       		.uleb128 0x1a
 872 0398 C9010000 		.4byte	.LASF42
 873 039c C9010000 		.4byte	.LASF42
 874 03a0 05       		.byte	0x5
 875 03a1 61       		.byte	0x61
 876 03a2 1A       		.uleb128 0x1a
 877 03a3 76010000 		.4byte	.LASF43
 878 03a7 76010000 		.4byte	.LASF43
 879 03ab 04       		.byte	0x4
 880 03ac E5       		.byte	0xe5
 881 03ad 1A       		.uleb128 0x1a
 882 03ae B3010000 		.4byte	.LASF44
 883 03b2 B3010000 		.4byte	.LASF44
 884 03b6 04       		.byte	0x4
 885 03b7 E6       		.byte	0xe6
 886 03b8 00       		.byte	0
 887              		.section	.debug_abbrev,"",%progbits
 888              	.Ldebug_abbrev0:
 889 0000 01       		.uleb128 0x1
 890 0001 11       		.uleb128 0x11
 891 0002 01       		.byte	0x1
 892 0003 25       		.uleb128 0x25
 893 0004 0E       		.uleb128 0xe
 894 0005 13       		.uleb128 0x13
 895 0006 0B       		.uleb128 0xb
 896 0007 03       		.uleb128 0x3
 897 0008 0E       		.uleb128 0xe
 898 0009 1B       		.uleb128 0x1b
 899 000a 0E       		.uleb128 0xe
 900 000b 55       		.uleb128 0x55
 901 000c 17       		.uleb128 0x17
 902 000d 11       		.uleb128 0x11
 903 000e 01       		.uleb128 0x1
 904 000f 10       		.uleb128 0x10
 905 0010 17       		.uleb128 0x17
 906 0011 00       		.byte	0
 907 0012 00       		.byte	0
 908 0013 02       		.uleb128 0x2
 909 0014 24       		.uleb128 0x24
 910 0015 00       		.byte	0
 911 0016 0B       		.uleb128 0xb
 912 0017 0B       		.uleb128 0xb
 913 0018 3E       		.uleb128 0x3e
 914 0019 0B       		.uleb128 0xb
 915 001a 03       		.uleb128 0x3
 916 001b 0E       		.uleb128 0xe
 917 001c 00       		.byte	0
 918 001d 00       		.byte	0
 919 001e 03       		.uleb128 0x3
 920 001f 24       		.uleb128 0x24
 921 0020 00       		.byte	0
 922 0021 0B       		.uleb128 0xb
 923 0022 0B       		.uleb128 0xb
 924 0023 3E       		.uleb128 0x3e
 925 0024 0B       		.uleb128 0xb
 926 0025 03       		.uleb128 0x3
ARM GAS  C:\Users\LEOTEJ~1\AppData\Local\Temp\cc9Useia.s 			page 25


 927 0026 08       		.uleb128 0x8
 928 0027 00       		.byte	0
 929 0028 00       		.byte	0
 930 0029 04       		.uleb128 0x4
 931 002a 16       		.uleb128 0x16
 932 002b 00       		.byte	0
 933 002c 03       		.uleb128 0x3
 934 002d 0E       		.uleb128 0xe
 935 002e 3A       		.uleb128 0x3a
 936 002f 0B       		.uleb128 0xb
 937 0030 3B       		.uleb128 0x3b
 938 0031 05       		.uleb128 0x5
 939 0032 49       		.uleb128 0x49
 940 0033 13       		.uleb128 0x13
 941 0034 00       		.byte	0
 942 0035 00       		.byte	0
 943 0036 05       		.uleb128 0x5
 944 0037 35       		.uleb128 0x35
 945 0038 00       		.byte	0
 946 0039 49       		.uleb128 0x49
 947 003a 13       		.uleb128 0x13
 948 003b 00       		.byte	0
 949 003c 00       		.byte	0
 950 003d 06       		.uleb128 0x6
 951 003e 0F       		.uleb128 0xf
 952 003f 00       		.byte	0
 953 0040 0B       		.uleb128 0xb
 954 0041 0B       		.uleb128 0xb
 955 0042 49       		.uleb128 0x49
 956 0043 13       		.uleb128 0x13
 957 0044 00       		.byte	0
 958 0045 00       		.byte	0
 959 0046 07       		.uleb128 0x7
 960 0047 15       		.uleb128 0x15
 961 0048 00       		.byte	0
 962 0049 27       		.uleb128 0x27
 963 004a 19       		.uleb128 0x19
 964 004b 00       		.byte	0
 965 004c 00       		.byte	0
 966 004d 08       		.uleb128 0x8
 967 004e 2E       		.uleb128 0x2e
 968 004f 01       		.byte	0x1
 969 0050 3F       		.uleb128 0x3f
 970 0051 19       		.uleb128 0x19
 971 0052 03       		.uleb128 0x3
 972 0053 0E       		.uleb128 0xe
 973 0054 3A       		.uleb128 0x3a
 974 0055 0B       		.uleb128 0xb
 975 0056 3B       		.uleb128 0x3b
 976 0057 0B       		.uleb128 0xb
 977 0058 27       		.uleb128 0x27
 978 0059 19       		.uleb128 0x19
 979 005a 11       		.uleb128 0x11
 980 005b 01       		.uleb128 0x1
 981 005c 12       		.uleb128 0x12
 982 005d 06       		.uleb128 0x6
 983 005e 40       		.uleb128 0x40
ARM GAS  C:\Users\LEOTEJ~1\AppData\Local\Temp\cc9Useia.s 			page 26


 984 005f 18       		.uleb128 0x18
 985 0060 9742     		.uleb128 0x2117
 986 0062 19       		.uleb128 0x19
 987 0063 01       		.uleb128 0x1
 988 0064 13       		.uleb128 0x13
 989 0065 00       		.byte	0
 990 0066 00       		.byte	0
 991 0067 09       		.uleb128 0x9
 992 0068 34       		.uleb128 0x34
 993 0069 00       		.byte	0
 994 006a 03       		.uleb128 0x3
 995 006b 08       		.uleb128 0x8
 996 006c 3A       		.uleb128 0x3a
 997 006d 0B       		.uleb128 0xb
 998 006e 3B       		.uleb128 0x3b
 999 006f 0B       		.uleb128 0xb
 1000 0070 49       		.uleb128 0x49
 1001 0071 13       		.uleb128 0x13
 1002 0072 02       		.uleb128 0x2
 1003 0073 18       		.uleb128 0x18
 1004 0074 00       		.byte	0
 1005 0075 00       		.byte	0
 1006 0076 0A       		.uleb128 0xa
 1007 0077 898201   		.uleb128 0x4109
 1008 007a 00       		.byte	0
 1009 007b 11       		.uleb128 0x11
 1010 007c 01       		.uleb128 0x1
 1011 007d 31       		.uleb128 0x31
 1012 007e 13       		.uleb128 0x13
 1013 007f 00       		.byte	0
 1014 0080 00       		.byte	0
 1015 0081 0B       		.uleb128 0xb
 1016 0082 898201   		.uleb128 0x4109
 1017 0085 01       		.byte	0x1
 1018 0086 11       		.uleb128 0x11
 1019 0087 01       		.uleb128 0x1
 1020 0088 31       		.uleb128 0x31
 1021 0089 13       		.uleb128 0x13
 1022 008a 01       		.uleb128 0x1
 1023 008b 13       		.uleb128 0x13
 1024 008c 00       		.byte	0
 1025 008d 00       		.byte	0
 1026 008e 0C       		.uleb128 0xc
 1027 008f 8A8201   		.uleb128 0x410a
 1028 0092 00       		.byte	0
 1029 0093 02       		.uleb128 0x2
 1030 0094 18       		.uleb128 0x18
 1031 0095 9142     		.uleb128 0x2111
 1032 0097 18       		.uleb128 0x18
 1033 0098 00       		.byte	0
 1034 0099 00       		.byte	0
 1035 009a 0D       		.uleb128 0xd
 1036 009b 05       		.uleb128 0x5
 1037 009c 00       		.byte	0
 1038 009d 03       		.uleb128 0x3
 1039 009e 0E       		.uleb128 0xe
 1040 009f 3A       		.uleb128 0x3a
ARM GAS  C:\Users\LEOTEJ~1\AppData\Local\Temp\cc9Useia.s 			page 27


 1041 00a0 0B       		.uleb128 0xb
 1042 00a1 3B       		.uleb128 0x3b
 1043 00a2 0B       		.uleb128 0xb
 1044 00a3 49       		.uleb128 0x49
 1045 00a4 13       		.uleb128 0x13
 1046 00a5 02       		.uleb128 0x2
 1047 00a6 18       		.uleb128 0x18
 1048 00a7 00       		.byte	0
 1049 00a8 00       		.byte	0
 1050 00a9 0E       		.uleb128 0xe
 1051 00aa 2E       		.uleb128 0x2e
 1052 00ab 00       		.byte	0
 1053 00ac 3F       		.uleb128 0x3f
 1054 00ad 19       		.uleb128 0x19
 1055 00ae 03       		.uleb128 0x3
 1056 00af 0E       		.uleb128 0xe
 1057 00b0 3A       		.uleb128 0x3a
 1058 00b1 0B       		.uleb128 0xb
 1059 00b2 3B       		.uleb128 0x3b
 1060 00b3 0B       		.uleb128 0xb
 1061 00b4 27       		.uleb128 0x27
 1062 00b5 19       		.uleb128 0x19
 1063 00b6 49       		.uleb128 0x49
 1064 00b7 13       		.uleb128 0x13
 1065 00b8 11       		.uleb128 0x11
 1066 00b9 01       		.uleb128 0x1
 1067 00ba 12       		.uleb128 0x12
 1068 00bb 06       		.uleb128 0x6
 1069 00bc 40       		.uleb128 0x40
 1070 00bd 18       		.uleb128 0x18
 1071 00be 9742     		.uleb128 0x2117
 1072 00c0 19       		.uleb128 0x19
 1073 00c1 00       		.byte	0
 1074 00c2 00       		.byte	0
 1075 00c3 0F       		.uleb128 0xf
 1076 00c4 2E       		.uleb128 0x2e
 1077 00c5 01       		.byte	0x1
 1078 00c6 3F       		.uleb128 0x3f
 1079 00c7 19       		.uleb128 0x19
 1080 00c8 03       		.uleb128 0x3
 1081 00c9 0E       		.uleb128 0xe
 1082 00ca 3A       		.uleb128 0x3a
 1083 00cb 0B       		.uleb128 0xb
 1084 00cc 3B       		.uleb128 0x3b
 1085 00cd 05       		.uleb128 0x5
 1086 00ce 27       		.uleb128 0x27
 1087 00cf 19       		.uleb128 0x19
 1088 00d0 11       		.uleb128 0x11
 1089 00d1 01       		.uleb128 0x1
 1090 00d2 12       		.uleb128 0x12
 1091 00d3 06       		.uleb128 0x6
 1092 00d4 40       		.uleb128 0x40
 1093 00d5 18       		.uleb128 0x18
 1094 00d6 9742     		.uleb128 0x2117
 1095 00d8 19       		.uleb128 0x19
 1096 00d9 01       		.uleb128 0x1
 1097 00da 13       		.uleb128 0x13
ARM GAS  C:\Users\LEOTEJ~1\AppData\Local\Temp\cc9Useia.s 			page 28


 1098 00db 00       		.byte	0
 1099 00dc 00       		.byte	0
 1100 00dd 10       		.uleb128 0x10
 1101 00de 05       		.uleb128 0x5
 1102 00df 00       		.byte	0
 1103 00e0 03       		.uleb128 0x3
 1104 00e1 0E       		.uleb128 0xe
 1105 00e2 3A       		.uleb128 0x3a
 1106 00e3 0B       		.uleb128 0xb
 1107 00e4 3B       		.uleb128 0x3b
 1108 00e5 05       		.uleb128 0x5
 1109 00e6 49       		.uleb128 0x49
 1110 00e7 13       		.uleb128 0x13
 1111 00e8 02       		.uleb128 0x2
 1112 00e9 17       		.uleb128 0x17
 1113 00ea 00       		.byte	0
 1114 00eb 00       		.byte	0
 1115 00ec 11       		.uleb128 0x11
 1116 00ed 34       		.uleb128 0x34
 1117 00ee 00       		.byte	0
 1118 00ef 03       		.uleb128 0x3
 1119 00f0 0E       		.uleb128 0xe
 1120 00f1 3A       		.uleb128 0x3a
 1121 00f2 0B       		.uleb128 0xb
 1122 00f3 3B       		.uleb128 0x3b
 1123 00f4 05       		.uleb128 0x5
 1124 00f5 49       		.uleb128 0x49
 1125 00f6 13       		.uleb128 0x13
 1126 00f7 02       		.uleb128 0x2
 1127 00f8 17       		.uleb128 0x17
 1128 00f9 00       		.byte	0
 1129 00fa 00       		.byte	0
 1130 00fb 12       		.uleb128 0x12
 1131 00fc 34       		.uleb128 0x34
 1132 00fd 00       		.byte	0
 1133 00fe 03       		.uleb128 0x3
 1134 00ff 0E       		.uleb128 0xe
 1135 0100 3A       		.uleb128 0x3a
 1136 0101 0B       		.uleb128 0xb
 1137 0102 3B       		.uleb128 0x3b
 1138 0103 05       		.uleb128 0x5
 1139 0104 49       		.uleb128 0x49
 1140 0105 13       		.uleb128 0x13
 1141 0106 1C       		.uleb128 0x1c
 1142 0107 0B       		.uleb128 0xb
 1143 0108 00       		.byte	0
 1144 0109 00       		.byte	0
 1145 010a 13       		.uleb128 0x13
 1146 010b 2E       		.uleb128 0x2e
 1147 010c 01       		.byte	0x1
 1148 010d 3F       		.uleb128 0x3f
 1149 010e 19       		.uleb128 0x19
 1150 010f 03       		.uleb128 0x3
 1151 0110 0E       		.uleb128 0xe
 1152 0111 3A       		.uleb128 0x3a
 1153 0112 0B       		.uleb128 0xb
 1154 0113 3B       		.uleb128 0x3b
ARM GAS  C:\Users\LEOTEJ~1\AppData\Local\Temp\cc9Useia.s 			page 29


 1155 0114 05       		.uleb128 0x5
 1156 0115 27       		.uleb128 0x27
 1157 0116 19       		.uleb128 0x19
 1158 0117 49       		.uleb128 0x49
 1159 0118 13       		.uleb128 0x13
 1160 0119 11       		.uleb128 0x11
 1161 011a 01       		.uleb128 0x1
 1162 011b 12       		.uleb128 0x12
 1163 011c 06       		.uleb128 0x6
 1164 011d 40       		.uleb128 0x40
 1165 011e 18       		.uleb128 0x18
 1166 011f 9742     		.uleb128 0x2117
 1167 0121 19       		.uleb128 0x19
 1168 0122 01       		.uleb128 0x1
 1169 0123 13       		.uleb128 0x13
 1170 0124 00       		.byte	0
 1171 0125 00       		.byte	0
 1172 0126 14       		.uleb128 0x14
 1173 0127 2E       		.uleb128 0x2e
 1174 0128 00       		.byte	0
 1175 0129 3F       		.uleb128 0x3f
 1176 012a 19       		.uleb128 0x19
 1177 012b 03       		.uleb128 0x3
 1178 012c 0E       		.uleb128 0xe
 1179 012d 3A       		.uleb128 0x3a
 1180 012e 0B       		.uleb128 0xb
 1181 012f 3B       		.uleb128 0x3b
 1182 0130 05       		.uleb128 0x5
 1183 0131 27       		.uleb128 0x27
 1184 0132 19       		.uleb128 0x19
 1185 0133 11       		.uleb128 0x11
 1186 0134 01       		.uleb128 0x1
 1187 0135 12       		.uleb128 0x12
 1188 0136 06       		.uleb128 0x6
 1189 0137 40       		.uleb128 0x40
 1190 0138 18       		.uleb128 0x18
 1191 0139 9742     		.uleb128 0x2117
 1192 013b 19       		.uleb128 0x19
 1193 013c 00       		.byte	0
 1194 013d 00       		.byte	0
 1195 013e 15       		.uleb128 0x15
 1196 013f 2E       		.uleb128 0x2e
 1197 0140 00       		.byte	0
 1198 0141 3F       		.uleb128 0x3f
 1199 0142 19       		.uleb128 0x19
 1200 0143 03       		.uleb128 0x3
 1201 0144 0E       		.uleb128 0xe
 1202 0145 3A       		.uleb128 0x3a
 1203 0146 0B       		.uleb128 0xb
 1204 0147 3B       		.uleb128 0x3b
 1205 0148 05       		.uleb128 0x5
 1206 0149 27       		.uleb128 0x27
 1207 014a 19       		.uleb128 0x19
 1208 014b 49       		.uleb128 0x49
 1209 014c 13       		.uleb128 0x13
 1210 014d 11       		.uleb128 0x11
 1211 014e 01       		.uleb128 0x1
ARM GAS  C:\Users\LEOTEJ~1\AppData\Local\Temp\cc9Useia.s 			page 30


 1212 014f 12       		.uleb128 0x12
 1213 0150 06       		.uleb128 0x6
 1214 0151 40       		.uleb128 0x40
 1215 0152 18       		.uleb128 0x18
 1216 0153 9742     		.uleb128 0x2117
 1217 0155 19       		.uleb128 0x19
 1218 0156 00       		.byte	0
 1219 0157 00       		.byte	0
 1220 0158 16       		.uleb128 0x16
 1221 0159 05       		.uleb128 0x5
 1222 015a 00       		.byte	0
 1223 015b 03       		.uleb128 0x3
 1224 015c 0E       		.uleb128 0xe
 1225 015d 3A       		.uleb128 0x3a
 1226 015e 0B       		.uleb128 0xb
 1227 015f 3B       		.uleb128 0x3b
 1228 0160 0B       		.uleb128 0xb
 1229 0161 49       		.uleb128 0x49
 1230 0162 13       		.uleb128 0x13
 1231 0163 02       		.uleb128 0x2
 1232 0164 17       		.uleb128 0x17
 1233 0165 00       		.byte	0
 1234 0166 00       		.byte	0
 1235 0167 17       		.uleb128 0x17
 1236 0168 34       		.uleb128 0x34
 1237 0169 00       		.byte	0
 1238 016a 03       		.uleb128 0x3
 1239 016b 0E       		.uleb128 0xe
 1240 016c 3A       		.uleb128 0x3a
 1241 016d 0B       		.uleb128 0xb
 1242 016e 3B       		.uleb128 0x3b
 1243 016f 0B       		.uleb128 0xb
 1244 0170 49       		.uleb128 0x49
 1245 0171 13       		.uleb128 0x13
 1246 0172 3F       		.uleb128 0x3f
 1247 0173 19       		.uleb128 0x19
 1248 0174 3C       		.uleb128 0x3c
 1249 0175 19       		.uleb128 0x19
 1250 0176 00       		.byte	0
 1251 0177 00       		.byte	0
 1252 0178 18       		.uleb128 0x18
 1253 0179 01       		.uleb128 0x1
 1254 017a 01       		.byte	0x1
 1255 017b 49       		.uleb128 0x49
 1256 017c 13       		.uleb128 0x13
 1257 017d 01       		.uleb128 0x1
 1258 017e 13       		.uleb128 0x13
 1259 017f 00       		.byte	0
 1260 0180 00       		.byte	0
 1261 0181 19       		.uleb128 0x19
 1262 0182 21       		.uleb128 0x21
 1263 0183 00       		.byte	0
 1264 0184 49       		.uleb128 0x49
 1265 0185 13       		.uleb128 0x13
 1266 0186 2F       		.uleb128 0x2f
 1267 0187 0B       		.uleb128 0xb
 1268 0188 00       		.byte	0
ARM GAS  C:\Users\LEOTEJ~1\AppData\Local\Temp\cc9Useia.s 			page 31


 1269 0189 00       		.byte	0
 1270 018a 1A       		.uleb128 0x1a
 1271 018b 2E       		.uleb128 0x2e
 1272 018c 00       		.byte	0
 1273 018d 3F       		.uleb128 0x3f
 1274 018e 19       		.uleb128 0x19
 1275 018f 3C       		.uleb128 0x3c
 1276 0190 19       		.uleb128 0x19
 1277 0191 6E       		.uleb128 0x6e
 1278 0192 0E       		.uleb128 0xe
 1279 0193 03       		.uleb128 0x3
 1280 0194 0E       		.uleb128 0xe
 1281 0195 3A       		.uleb128 0x3a
 1282 0196 0B       		.uleb128 0xb
 1283 0197 3B       		.uleb128 0x3b
 1284 0198 0B       		.uleb128 0xb
 1285 0199 00       		.byte	0
 1286 019a 00       		.byte	0
 1287 019b 00       		.byte	0
 1288              		.section	.debug_loc,"",%progbits
 1289              	.Ldebug_loc0:
 1290              	.LLST0:
 1291 0000 00000000 		.4byte	.LVL7
 1292 0004 07000000 		.4byte	.LVL9-1
 1293 0008 0100     		.2byte	0x1
 1294 000a 50       		.byte	0x50
 1295 000b 07000000 		.4byte	.LVL9-1
 1296 000f 20000000 		.4byte	.LFE7
 1297 0013 0400     		.2byte	0x4
 1298 0015 F3       		.byte	0xf3
 1299 0016 01       		.uleb128 0x1
 1300 0017 50       		.byte	0x50
 1301 0018 9F       		.byte	0x9f
 1302 0019 00000000 		.4byte	0
 1303 001d 00000000 		.4byte	0
 1304              	.LLST1:
 1305 0021 08000000 		.4byte	.LVL9
 1306 0025 19000000 		.4byte	.LVL10-1
 1307 0029 0100     		.2byte	0x1
 1308 002b 50       		.byte	0x50
 1309 002c 00000000 		.4byte	0
 1310 0030 00000000 		.4byte	0
 1311              	.LLST2:
 1312 0034 06000000 		.4byte	.LVL12
 1313 0038 0A000000 		.4byte	.LVL13
 1314 003c 0500     		.2byte	0x5
 1315 003e 70       		.byte	0x70
 1316 003f 00       		.sleb128 0
 1317 0040 33       		.byte	0x33
 1318 0041 1A       		.byte	0x1a
 1319 0042 9F       		.byte	0x9f
 1320 0043 0A000000 		.4byte	.LVL13
 1321 0047 10000000 		.4byte	.LFE8
 1322 004b 0100     		.2byte	0x1
 1323 004d 50       		.byte	0x50
 1324 004e 00000000 		.4byte	0
 1325 0052 00000000 		.4byte	0
ARM GAS  C:\Users\LEOTEJ~1\AppData\Local\Temp\cc9Useia.s 			page 32


 1326              	.LLST3:
 1327 0056 00000000 		.4byte	.LVL18
 1328 005a 07000000 		.4byte	.LVL19-1
 1329 005e 0100     		.2byte	0x1
 1330 0060 50       		.byte	0x50
 1331 0061 07000000 		.4byte	.LVL19-1
 1332 0065 18000000 		.4byte	.LVL23
 1333 0069 0100     		.2byte	0x1
 1334 006b 54       		.byte	0x54
 1335 006c 18000000 		.4byte	.LVL23
 1336 0070 1A000000 		.4byte	.LFE2
 1337 0074 0400     		.2byte	0x4
 1338 0076 F3       		.byte	0xf3
 1339 0077 01       		.uleb128 0x1
 1340 0078 50       		.byte	0x50
 1341 0079 9F       		.byte	0x9f
 1342 007a 00000000 		.4byte	0
 1343 007e 00000000 		.4byte	0
 1344              		.section	.debug_aranges,"",%progbits
 1345 0000 7C000000 		.4byte	0x7c
 1346 0004 0200     		.2byte	0x2
 1347 0006 00000000 		.4byte	.Ldebug_info0
 1348 000a 04       		.byte	0x4
 1349 000b 00       		.byte	0
 1350 000c 0000     		.2byte	0
 1351 000e 0000     		.2byte	0
 1352 0010 00000000 		.4byte	.LFB4
 1353 0014 38000000 		.4byte	.LFE4-.LFB4
 1354 0018 00000000 		.4byte	.LFB5
 1355 001c 0C000000 		.4byte	.LFE5-.LFB5
 1356 0020 00000000 		.4byte	.LFB6
 1357 0024 0C000000 		.4byte	.LFE6-.LFB6
 1358 0028 00000000 		.4byte	.LFB7
 1359 002c 20000000 		.4byte	.LFE7-.LFB7
 1360 0030 00000000 		.4byte	.LFB8
 1361 0034 10000000 		.4byte	.LFE8-.LFB8
 1362 0038 00000000 		.4byte	.LFB9
 1363 003c 0C000000 		.4byte	.LFE9-.LFB9
 1364 0040 00000000 		.4byte	.LFB10
 1365 0044 10000000 		.4byte	.LFE10-.LFB10
 1366 0048 00000000 		.4byte	.LFB11
 1367 004c 0C000000 		.4byte	.LFE11-.LFB11
 1368 0050 00000000 		.4byte	.LFB1
 1369 0054 1C000000 		.4byte	.LFE1-.LFB1
 1370 0058 00000000 		.4byte	.LFB2
 1371 005c 1A000000 		.4byte	.LFE2-.LFB2
 1372 0060 00000000 		.4byte	.LFB3
 1373 0064 14000000 		.4byte	.LFE3-.LFB3
 1374 0068 00000000 		.4byte	.LFB12
 1375 006c 0C000000 		.4byte	.LFE12-.LFB12
 1376 0070 00000000 		.4byte	.LFB13
 1377 0074 0C000000 		.4byte	.LFE13-.LFB13
 1378 0078 00000000 		.4byte	0
 1379 007c 00000000 		.4byte	0
 1380              		.section	.debug_ranges,"",%progbits
 1381              	.Ldebug_ranges0:
 1382 0000 00000000 		.4byte	.LFB4
ARM GAS  C:\Users\LEOTEJ~1\AppData\Local\Temp\cc9Useia.s 			page 33


 1383 0004 38000000 		.4byte	.LFE4
 1384 0008 00000000 		.4byte	.LFB5
 1385 000c 0C000000 		.4byte	.LFE5
 1386 0010 00000000 		.4byte	.LFB6
 1387 0014 0C000000 		.4byte	.LFE6
 1388 0018 00000000 		.4byte	.LFB7
 1389 001c 20000000 		.4byte	.LFE7
 1390 0020 00000000 		.4byte	.LFB8
 1391 0024 10000000 		.4byte	.LFE8
 1392 0028 00000000 		.4byte	.LFB9
 1393 002c 0C000000 		.4byte	.LFE9
 1394 0030 00000000 		.4byte	.LFB10
 1395 0034 10000000 		.4byte	.LFE10
 1396 0038 00000000 		.4byte	.LFB11
 1397 003c 0C000000 		.4byte	.LFE11
 1398 0040 00000000 		.4byte	.LFB1
 1399 0044 1C000000 		.4byte	.LFE1
 1400 0048 00000000 		.4byte	.LFB2
 1401 004c 1A000000 		.4byte	.LFE2
 1402 0050 00000000 		.4byte	.LFB3
 1403 0054 14000000 		.4byte	.LFE3
 1404 0058 00000000 		.4byte	.LFB12
 1405 005c 0C000000 		.4byte	.LFE12
 1406 0060 00000000 		.4byte	.LFB13
 1407 0064 0C000000 		.4byte	.LFE13
 1408 0068 00000000 		.4byte	0
 1409 006c 00000000 		.4byte	0
 1410              		.section	.debug_line,"",%progbits
 1411              	.Ldebug_line0:
 1412 0000 62010000 		.section	.debug_str,"MS",%progbits,1
 1412      02006100 
 1412      00000201 
 1412      FB0E0D00 
 1412      01010101 
 1413              	.LASF20:
 1414 0000 454E435F 		.ascii	"ENC_ISR_SetVector\000"
 1414      4953525F 
 1414      53657456 
 1414      6563746F 
 1414      7200
 1415              	.LASF15:
 1416 0012 72656733 		.ascii	"reg32\000"
 1416      3200
 1417              	.LASF28:
 1418 0018 454E435F 		.ascii	"ENC_ISR_Enable\000"
 1418      4953525F 
 1418      456E6162 
 1418      6C6500
 1419              	.LASF37:
 1420 0027 43795261 		.ascii	"CyRamVectors\000"
 1420      6D566563 
 1420      746F7273 
 1420      00
 1421              	.LASF38:
 1422 0034 454E435F 		.ascii	"ENC_Read\000"
 1422      52656164 
 1422      00
ARM GAS  C:\Users\LEOTEJ~1\AppData\Local\Temp\cc9Useia.s 			page 34


 1423              	.LASF21:
 1424 003d 454E435F 		.ascii	"ENC_ISR_SetPriority\000"
 1424      4953525F 
 1424      53657450 
 1424      72696F72 
 1424      69747900 
 1425              	.LASF3:
 1426 0051 73686F72 		.ascii	"short unsigned int\000"
 1426      7420756E 
 1426      7369676E 
 1426      65642069 
 1426      6E7400
 1427              	.LASF41:
 1428 0064 454E435F 		.ascii	"ENC_ReadDataReg\000"
 1428      52656164 
 1428      44617461 
 1428      52656700 
 1429              	.LASF31:
 1430 0074 454E435F 		.ascii	"ENC_ISR_StartEx\000"
 1430      4953525F 
 1430      53746172 
 1430      74457800 
 1431              	.LASF12:
 1432 0084 666C6F61 		.ascii	"float\000"
 1432      7400
 1433              	.LASF7:
 1434 008a 6C6F6E67 		.ascii	"long long unsigned int\000"
 1434      206C6F6E 
 1434      6720756E 
 1434      7369676E 
 1434      65642069 
 1435              	.LASF1:
 1436 00a1 756E7369 		.ascii	"unsigned char\000"
 1436      676E6564 
 1436      20636861 
 1436      7200
 1437              	.LASF24:
 1438 00af 696E7465 		.ascii	"interruptState\000"
 1438      72727570 
 1438      74537461 
 1438      746500
 1439              	.LASF5:
 1440 00be 6C6F6E67 		.ascii	"long unsigned int\000"
 1440      20756E73 
 1440      69676E65 
 1440      6420696E 
 1440      7400
 1441              	.LASF9:
 1442 00d0 75696E74 		.ascii	"uint8\000"
 1442      3800
 1443              	.LASF35:
 1444 00d6 656E636F 		.ascii	"encoderAsync\000"
 1444      64657241 
 1444      73796E63 
 1444      00
 1445              	.LASF19:
 1446 00e3 454E435F 		.ascii	"ENC_ISR_Interrupt\000"
ARM GAS  C:\Users\LEOTEJ~1\AppData\Local\Temp\cc9Useia.s 			page 35


 1446      4953525F 
 1446      496E7465 
 1446      72727570 
 1446      7400
 1447              	.LASF34:
 1448 00f5 454E435F 		.ascii	"ENC_ISR_ClearPending\000"
 1448      4953525F 
 1448      436C6561 
 1448      7250656E 
 1448      64696E67 
 1449              	.LASF29:
 1450 010a 454E435F 		.ascii	"ENC_ISR_Disable\000"
 1450      4953525F 
 1450      44697361 
 1450      626C6500 
 1451              	.LASF13:
 1452 011a 646F7562 		.ascii	"double\000"
 1452      6C6500
 1453              	.LASF30:
 1454 0121 454E435F 		.ascii	"ENC_ISR_Start\000"
 1454      4953525F 
 1454      53746172 
 1454      7400
 1455              	.LASF40:
 1456 012f 454E435F 		.ascii	"ENC_ClearInterrupt\000"
 1456      436C6561 
 1456      72496E74 
 1456      65727275 
 1456      707400
 1457              	.LASF2:
 1458 0142 73686F72 		.ascii	"short int\000"
 1458      7420696E 
 1458      7400
 1459              	.LASF23:
 1460 014c 7072696F 		.ascii	"priority\000"
 1460      72697479 
 1460      00
 1461              	.LASF10:
 1462 0155 75696E74 		.ascii	"uint16\000"
 1462      313600
 1463              	.LASF33:
 1464 015c 454E435F 		.ascii	"ENC_ISR_SetPending\000"
 1464      4953525F 
 1464      53657450 
 1464      656E6469 
 1464      6E6700
 1465              	.LASF11:
 1466 016f 75696E74 		.ascii	"uint32\000"
 1466      333200
 1467              	.LASF43:
 1468 0176 4379456E 		.ascii	"CyEnterCriticalSection\000"
 1468      74657243 
 1468      72697469 
 1468      63616C53 
 1468      65637469 
 1469              	.LASF8:
 1470 018d 756E7369 		.ascii	"unsigned int\000"
ARM GAS  C:\Users\LEOTEJ~1\AppData\Local\Temp\cc9Useia.s 			page 36


 1470      676E6564 
 1470      20696E74 
 1470      00
 1471              	.LASF27:
 1472 019a 454E435F 		.ascii	"ENC_ISR_GetState\000"
 1472      4953525F 
 1472      47657453 
 1472      74617465 
 1472      00
 1473              	.LASF22:
 1474 01ab 61646472 		.ascii	"address\000"
 1474      65737300 
 1475              	.LASF44:
 1476 01b3 43794578 		.ascii	"CyExitCriticalSection\000"
 1476      69744372 
 1476      69746963 
 1476      616C5365 
 1476      6374696F 
 1477              	.LASF42:
 1478 01c9 4C43445F 		.ascii	"LCD_PrintU32Number\000"
 1478      5072696E 
 1478      74553332 
 1478      4E756D62 
 1478      657200
 1479              	.LASF32:
 1480 01dc 454E435F 		.ascii	"ENC_ISR_Stop\000"
 1480      4953525F 
 1480      53746F70 
 1480      00
 1481              	.LASF16:
 1482 01e9 63796973 		.ascii	"cyisraddress\000"
 1482      72616464 
 1482      72657373 
 1482      00
 1483              	.LASF45:
 1484 01f6 474E5520 		.ascii	"GNU C11 5.4.1 20160609 (release) [ARM/embedded-5-br"
 1484      43313120 
 1484      352E342E 
 1484      31203230 
 1484      31363036 
 1485 0229 616E6368 		.ascii	"anch revision 237715] -mcpu=cortex-m0 -mthumb -g -O"
 1485      20726576 
 1485      6973696F 
 1485      6E203233 
 1485      37373135 
 1486 025c 67202D66 		.ascii	"g -ffunction-sections -ffat-lto-objects\000"
 1486      66756E63 
 1486      74696F6E 
 1486      2D736563 
 1486      74696F6E 
 1487              	.LASF18:
 1488 0284 73697A65 		.ascii	"sizetype\000"
 1488      74797065 
 1488      00
 1489              	.LASF36:
 1490 028d 656E636F 		.ascii	"encoderPos\000"
 1490      64657250 
ARM GAS  C:\Users\LEOTEJ~1\AppData\Local\Temp\cc9Useia.s 			page 37


 1490      6F7300
 1491              	.LASF6:
 1492 0298 6C6F6E67 		.ascii	"long long int\000"
 1492      206C6F6E 
 1492      6720696E 
 1492      7400
 1493              	.LASF14:
 1494 02a6 63686172 		.ascii	"char\000"
 1494      00
 1495              	.LASF46:
 1496 02ab 47656E65 		.ascii	"Generated_Source\\PSoC4\\ENC_ISR.c\000"
 1496      72617465 
 1496      645F536F 
 1496      75726365 
 1496      5C50536F 
 1497              	.LASF48:
 1498 02cc 454E435F 		.ascii	"ENC_ISR_GetPriority\000"
 1498      4953525F 
 1498      47657450 
 1498      72696F72 
 1498      69747900 
 1499              	.LASF26:
 1500 02e0 454E435F 		.ascii	"ENC_ISR_GetVector\000"
 1500      4953525F 
 1500      47657456 
 1500      6563746F 
 1500      7200
 1501              	.LASF25:
 1502 02f2 7072696F 		.ascii	"priorityOffset\000"
 1502      72697479 
 1502      4F666673 
 1502      657400
 1503              	.LASF4:
 1504 0301 6C6F6E67 		.ascii	"long int\000"
 1504      20696E74 
 1504      00
 1505              	.LASF17:
 1506 030a 6C6F6E67 		.ascii	"long double\000"
 1506      20646F75 
 1506      626C6500 
 1507              	.LASF0:
 1508 0316 7369676E 		.ascii	"signed char\000"
 1508      65642063 
 1508      68617200 
 1509              	.LASF47:
 1510 0322 433A5C55 		.ascii	"C:\\Users\\Leo Tejkowski\\Desktop\\ece381\\Lab 2 - "
 1510      73657273 
 1510      5C4C656F 
 1510      2054656A 
 1510      6B6F7773 
 1511 0350 496E7465 		.ascii	"Interrupts\\Project\\Zip File\\Lab02 - Interrupts.c"
 1511      72727570 
 1511      74735C50 
 1511      726F6A65 
 1511      63745C5A 
 1512 0380 7964736E 		.ascii	"ydsn\000"
 1512      00
ARM GAS  C:\Users\LEOTEJ~1\AppData\Local\Temp\cc9Useia.s 			page 38


 1513              	.LASF39:
 1514 0385 43794465 		.ascii	"CyDelay\000"
 1514      6C617900 
 1515              		.ident	"GCC: (GNU Tools for ARM Embedded Processors) 5.4.1 20160609 (release) [ARM/embedded-5-bran
