--------------- Clean Started: 02/02/2023 14:06:27 Project: Design01, Configuration: ARM GCC 5.4-2016-q2-update Debug ---------------
Deleting file ".\CortexM0\ARM_GCC_541\Debug\main.o"
Deleting file ".\CortexM0\ARM_GCC_541\Debug\cyfitter_cfg.o"
Deleting file ".\CortexM0\ARM_GCC_541\Debug\cymetadata.o"
Deleting file ".\CortexM0\ARM_GCC_541\Debug\LED_PWM.o"
Deleting file ".\CortexM0\ARM_GCC_541\Debug\LED_PWM_PM.o"
Deleting file ".\CortexM0\ARM_GCC_541\Debug\LED_SEL.o"
Deleting file ".\CortexM0\ARM_GCC_541\Debug\LED_SEL_PM.o"
Deleting file ".\CortexM0\ARM_GCC_541\Debug\R_LED.o"
Deleting file ".\CortexM0\ARM_GCC_541\Debug\R_LED_PM.o"
Deleting file ".\CortexM0\ARM_GCC_541\Debug\G_LED.o"
Deleting file ".\CortexM0\ARM_GCC_541\Debug\G_LED_PM.o"
Deleting file ".\CortexM0\ARM_GCC_541\Debug\B_LED.o"
Deleting file ".\CortexM0\ARM_GCC_541\Debug\B_LED_PM.o"
Deleting file ".\CortexM0\ARM_GCC_541\Debug\Y_LED.o"
Deleting file ".\CortexM0\ARM_GCC_541\Debug\Y_LED_PM.o"
Deleting file ".\CortexM0\ARM_GCC_541\Debug\SPEAKER_PWM.o"
Deleting file ".\CortexM0\ARM_GCC_541\Debug\SPEAKER_PWM_PM.o"
Deleting file ".\CortexM0\ARM_GCC_541\Debug\SPEAKER.o"
Deleting file ".\CortexM0\ARM_GCC_541\Debug\SPEAKER_PM.o"
Deleting file ".\CortexM0\ARM_GCC_541\Debug\BTN.o"
Deleting file ".\CortexM0\ARM_GCC_541\Debug\BTN_PM.o"
Deleting file ".\CortexM0\ARM_GCC_541\Debug\INPUT_TIMER.o"
Deleting file ".\CortexM0\ARM_GCC_541\Debug\INPUT_TIMER_PM.o"
Deleting file ".\CortexM0\ARM_GCC_541\Debug\PRS.o"
Deleting file ".\CortexM0\ARM_GCC_541\Debug\PRS_PM.o"
Deleting file ".\CortexM0\ARM_GCC_541\Debug\PWM_CLK.o"
Deleting file ".\CortexM0\ARM_GCC_541\Debug\TIMER_CLK.o"
Deleting file ".\CortexM0\ARM_GCC_541\Debug\INPUT_TIMER_ISR.o"
Deleting file ".\CortexM0\ARM_GCC_541\Debug\Cm0Start.o"
Deleting file ".\CortexM0\ARM_GCC_541\Debug\CyFlash.o"
Deleting file ".\CortexM0\ARM_GCC_541\Debug\CyLib.o"
Deleting file ".\CortexM0\ARM_GCC_541\Debug\cyPm.o"
Deleting file ".\CortexM0\ARM_GCC_541\Debug\cyutils.o"
Deleting file ".\CortexM0\ARM_GCC_541\Debug\CyBootAsmGnu.o"
Deleting file ".\CortexM0\ARM_GCC_541\Debug\cy_em_eeprom.o"
Deleting file ".\CortexM0\ARM_GCC_541\Debug\CyDMA.o"
Deleting file ".\CortexM0\ARM_GCC_541\Debug\CyLFClk.o"
Deleting file ".\CortexM0\ARM_GCC_541\Debug\Design01.hex"
Deleting file ".\CortexM0\ARM_GCC_541\Debug\Design01.elf"
Deleting file ".\CortexM0\ARM_GCC_541\Debug\Design01.map"
Deleting file ".\Design01.rpt"
Deleting file ".\Design01_timing.html"
Deleting file ".\CortexM0\ARM_GCC_541\Debug\.deps\SOURCE_C__ARM_GCC_GENERIC.P"
Deleting file ".\CortexM0\ARM_GCC_541\Debug\.deps\SOURCE_ASM__ARM_GCC_GENERIC.P"
--------------- Clean Succeeded: 02/02/2023 14:06:27 ---------------
