ARM GAS  C:\Users\HELLOK~1\AppData\Local\Temp\cc8gm270.s 			page 1


   1              		.syntax unified
   2              		.cpu cortex-m0
   3              		.fpu softvfp
   4              		.eabi_attribute 20, 1
   5              		.eabi_attribute 21, 1
   6              		.eabi_attribute 23, 3
   7              		.eabi_attribute 24, 1
   8              		.eabi_attribute 25, 1
   9              		.eabi_attribute 26, 1
  10              		.eabi_attribute 30, 1
  11              		.eabi_attribute 34, 0
  12              		.eabi_attribute 18, 4
  13              		.thumb
  14              		.syntax unified
  15              		.file	"main.c"
  16              		.text
  17              	.Ltext0:
  18              		.cfi_sections	.debug_frame
  19              		.section	.text.tempInit,"ax",%progbits
  20              		.align	2
  21              		.global	tempInit
  22              		.code	16
  23              		.thumb_func
  24              		.type	tempInit, %function
  25              	tempInit:
  26              	.LFB35:
  27              		.file 1 "main.c"
   1:main.c        **** /* ========================================
   2:main.c        ****  *
   3:main.c        ****  * Copyright YOUR COMPANY, THE YEAR
   4:main.c        ****  * All Rights Reserved
   5:main.c        ****  * UNPUBLISHED, LICENSED SOFTWARE.
   6:main.c        ****  *
   7:main.c        ****  * CONFIDENTIAL AND PROPRIETARY INFORMATION
   8:main.c        ****  * WHICH IS THE PROPERTY OF your company.
   9:main.c        ****  *
  10:main.c        ****  * ========================================
  11:main.c        **** */
  12:main.c        **** #include "project.h"
  13:main.c        **** #include <stdio.h>
  14:main.c        **** 
  15:main.c        **** // Global variables for stuff
  16:main.c        **** uint8 mode = 0;
  17:main.c        **** volatile int buttonFlag;
  18:main.c        **** 
  19:main.c        **** /*
  20:main.c        **** This function simply initializes temperature readings. 
  21:main.c        **** 
  22:main.c        **** Init mate?
  23:main.c        **** */
  24:main.c        **** void tempInit/*Mate*/(){
  28              		.loc 1 24 0
  29              		.cfi_startproc
  30              		@ args = 0, pretend = 0, frame = 0
  31              		@ frame_needed = 0, uses_anonymous_args = 0
  32              		@ link register save eliminated.
  25:main.c        ****     // Set 6:4 to 100 and 7 to 1
ARM GAS  C:\Users\HELLOK~1\AppData\Local\Temp\cc8gm270.s 			page 2


  26:main.c        ****     ADC_SAR_CTRL_REG = (ADC_SAR_CTRL_REG & 0xFFFFFF0F) | 0x000000C0;
  33              		.loc 1 26 0
  34 0000 0349     		ldr	r1, .L2
  35 0002 0B68     		ldr	r3, [r1]
  36 0004 F022     		movs	r2, #240
  37 0006 9343     		bics	r3, r2
  38 0008 303A     		subs	r2, r2, #48
  39 000a 1343     		orrs	r3, r2
  40 000c 0B60     		str	r3, [r1]
  27:main.c        ****     // Set input to 0
  28:main.c        ****     //ADC_SetChanMask(0x0000);
  29:main.c        **** }
  41              		.loc 1 29 0
  42              		@ sp needed
  43 000e 7047     		bx	lr
  44              	.L3:
  45              		.align	2
  46              	.L2:
  47 0010 00003A40 		.word	1077542912
  48              		.cfi_endproc
  49              	.LFE35:
  50              		.size	tempInit, .-tempInit
  51              		.section	.text.potInit,"ax",%progbits
  52              		.align	2
  53              		.global	potInit
  54              		.code	16
  55              		.thumb_func
  56              		.type	potInit, %function
  57              	potInit:
  58              	.LFB36:
  30:main.c        **** /*
  31:main.c        **** This function simply initializes voltage readings. 
  32:main.c        **** 
  33:main.c        **** Init mate?
  34:main.c        **** */
  35:main.c        **** void potInit/*Mate*/(){
  59              		.loc 1 35 0
  60              		.cfi_startproc
  61              		@ args = 0, pretend = 0, frame = 0
  62              		@ frame_needed = 0, uses_anonymous_args = 0
  63              		@ link register save eliminated.
  36:main.c        ****     // Set 6:4 to 100 and 7 to 1
  37:main.c        ****     //ADC_Stop();
  38:main.c        ****     ADC_SAR_CTRL_REG = (ADC_SAR_CTRL_REG & 0xFFFFFF0F) | 0x000000E0;
  64              		.loc 1 38 0
  65 0000 0349     		ldr	r1, .L5
  66 0002 0B68     		ldr	r3, [r1]
  67 0004 F022     		movs	r2, #240
  68 0006 9343     		bics	r3, r2
  69 0008 103A     		subs	r2, r2, #16
  70 000a 1343     		orrs	r3, r2
  71 000c 0B60     		str	r3, [r1]
  39:main.c        ****     //ADC_Start();
  40:main.c        ****     // Set input to 0
  41:main.c        ****     //ADC_SetChanMask(0x0001);
  42:main.c        **** }
  72              		.loc 1 42 0
ARM GAS  C:\Users\HELLOK~1\AppData\Local\Temp\cc8gm270.s 			page 3


  73              		@ sp needed
  74 000e 7047     		bx	lr
  75              	.L6:
  76              		.align	2
  77              	.L5:
  78 0010 00003A40 		.word	1077542912
  79              		.cfi_endproc
  80              	.LFE36:
  81              		.size	potInit, .-potInit
  82              		.global	__aeabi_i2d
  83              		.global	__aeabi_dmul
  84              		.global	__aeabi_d2f
  85              		.global	__aeabi_f2d
  86              		.global	__aeabi_dsub
  87              		.global	__aeabi_ddiv
  88              		.section	.text.getTempValue,"ax",%progbits
  89              		.align	2
  90              		.global	getTempValue
  91              		.code	16
  92              		.thumb_func
  93              		.type	getTempValue, %function
  94              	getTempValue:
  95              	.LFB37:
  43:main.c        **** /*
  44:main.c        **** This function gets the temperature value from the ADC.
  45:main.c        **** 
  46:main.c        **** It returns the value in degrees celsius
  47:main.c        **** */
  48:main.c        **** float getTempValue(){
  96              		.loc 1 48 0
  97              		.cfi_startproc
  98              		@ args = 0, pretend = 0, frame = 0
  99              		@ frame_needed = 0, uses_anonymous_args = 0
 100 0000 10B5     		push	{r4, lr}
 101              		.cfi_def_cfa_offset 8
 102              		.cfi_offset 4, -8
 103              		.cfi_offset 14, -4
  49:main.c        ****     // Variable for voltage
  50:main.c        ****     float Vout;
  51:main.c        ****     // Starts the conversion in the ADC
  52:main.c        ****     ADC_StartConvert();
 104              		.loc 1 52 0
 105 0002 FFF7FEFF 		bl	ADC_StartConvert
 106              	.LVL0:
  53:main.c        ****     // Wait for ADC to stop
  54:main.c        ****     ADC_IsEndConversion(ADC_WAIT_FOR_RESULT);
 107              		.loc 1 54 0
 108 0006 0220     		movs	r0, #2
 109 0008 FFF7FEFF 		bl	ADC_IsEndConversion
 110              	.LVL1:
  55:main.c        ****     // Get result from channel 0
  56:main.c        ****     int out = ADC_GetResult16(0);
 111              		.loc 1 56 0
 112 000c 0020     		movs	r0, #0
 113 000e FFF7FEFF 		bl	ADC_GetResult16
 114              	.LVL2:
 115 0012 0400     		movs	r4, r0
ARM GAS  C:\Users\HELLOK~1\AppData\Local\Temp\cc8gm270.s 			page 4


 116              	.LVL3:
  57:main.c        ****     // Stop the ADC, saves power
  58:main.c        ****     ADC_StopConvert();
 117              		.loc 1 58 0
 118 0014 FFF7FEFF 		bl	ADC_StopConvert
 119              	.LVL4:
  59:main.c        ****     // Convert digital to voltage
  60:main.c        ****     Vout = out * (2.048/4095);
 120              		.loc 1 60 0
 121 0018 2000     		movs	r0, r4
 122 001a FFF7FEFF 		bl	__aeabi_i2d
 123              	.LVL5:
 124 001e 094A     		ldr	r2, .L8
 125 0020 094B     		ldr	r3, .L8+4
 126 0022 FFF7FEFF 		bl	__aeabi_dmul
 127              	.LVL6:
 128 0026 FFF7FEFF 		bl	__aeabi_d2f
 129              	.LVL7:
  61:main.c        ****     
  62:main.c        ****     // (Vout - V0)/Tc = Ta
  63:main.c        ****     return (Vout - .400)/(.0195);
 130              		.loc 1 63 0
 131 002a FFF7FEFF 		bl	__aeabi_f2d
 132              	.LVL8:
 133 002e 074A     		ldr	r2, .L8+8
 134 0030 074B     		ldr	r3, .L8+12
 135 0032 FFF7FEFF 		bl	__aeabi_dsub
 136              	.LVL9:
 137 0036 074A     		ldr	r2, .L8+16
 138 0038 074B     		ldr	r3, .L8+20
 139 003a FFF7FEFF 		bl	__aeabi_ddiv
 140              	.LVL10:
 141 003e FFF7FEFF 		bl	__aeabi_d2f
 142              	.LVL11:
  64:main.c        **** }
 143              		.loc 1 64 0
 144              		@ sp needed
 145              	.LVL12:
 146 0042 10BD     		pop	{r4, pc}
 147              	.L9:
 148              		.align	2
 149              	.L8:
 150 0044 1F2D3208 		.word	137506079
 151 0048 5463403F 		.word	1061184340
 152 004c 9A999999 		.word	-1717986918
 153 0050 9999D93F 		.word	1071225241
 154 0054 2B8716D9 		.word	-652835029
 155 0058 CEF7933F 		.word	1066661838
 156              		.cfi_endproc
 157              	.LFE37:
 158              		.size	getTempValue, .-getTempValue
 159              		.global	__aeabi_fmul
 160              		.global	__aeabi_fadd
 161              		.section	.text.convertCtoF,"ax",%progbits
 162              		.align	2
 163              		.global	convertCtoF
 164              		.code	16
ARM GAS  C:\Users\HELLOK~1\AppData\Local\Temp\cc8gm270.s 			page 5


 165              		.thumb_func
 166              		.type	convertCtoF, %function
 167              	convertCtoF:
 168              	.LFB38:
  65:main.c        **** /*
  66:main.c        **** This converts value in celsius to value in farenheit
  67:main.c        **** 
  68:main.c        **** Returns value in farenheit
  69:main.c        **** */
  70:main.c        **** float convertCtoF(float C){
 169              		.loc 1 70 0
 170              		.cfi_startproc
 171              		@ args = 0, pretend = 0, frame = 0
 172              		@ frame_needed = 0, uses_anonymous_args = 0
 173              	.LVL13:
 174 0000 10B5     		push	{r4, lr}
 175              		.cfi_def_cfa_offset 8
 176              		.cfi_offset 4, -8
 177              		.cfi_offset 14, -4
  71:main.c        ****     return (9/((float)5))*C + 32;
 178              		.loc 1 71 0
 179 0002 0449     		ldr	r1, .L11
 180 0004 FFF7FEFF 		bl	__aeabi_fmul
 181              	.LVL14:
 182 0008 8421     		movs	r1, #132
 183 000a C905     		lsls	r1, r1, #23
 184 000c FFF7FEFF 		bl	__aeabi_fadd
 185              	.LVL15:
  72:main.c        **** }
 186              		.loc 1 72 0
 187              		@ sp needed
 188 0010 10BD     		pop	{r4, pc}
 189              	.L12:
 190 0012 C046     		.align	2
 191              	.L11:
 192 0014 6666E63F 		.word	1072064102
 193              		.cfi_endproc
 194              	.LFE38:
 195              		.size	convertCtoF, .-convertCtoF
 196              		.global	__aeabi_fcmplt
 197              		.global	__aeabi_d2iz
 198              		.section	.text.selectTempLED,"ax",%progbits
 199              		.align	2
 200              		.global	selectTempLED
 201              		.code	16
 202              		.thumb_func
 203              		.type	selectTempLED, %function
 204              	selectTempLED:
 205              	.LFB39:
  73:main.c        **** /*
  74:main.c        **** This function selects the LED based on the temperature.
  75:main.c        **** 
  76:main.c        **** Blue for 75°F and under
  77:main.c        **** Green for 75°F-80°F
  78:main.c        **** Yellow for 80°F-85°F
  79:main.c        **** Red for 85°F-212°F
  80:main.c        **** 
ARM GAS  C:\Users\HELLOK~1\AppData\Local\Temp\cc8gm270.s 			page 6


  81:main.c        **** Duty cycle goes linearly between these values.
  82:main.c        **** */
  83:main.c        **** void selectTempLED(float temp){
 206              		.loc 1 83 0
 207              		.cfi_startproc
 208              		@ args = 0, pretend = 0, frame = 0
 209              		@ frame_needed = 0, uses_anonymous_args = 0
 210              	.LVL16:
 211 0000 10B5     		push	{r4, lr}
 212              		.cfi_def_cfa_offset 8
 213              		.cfi_offset 4, -8
 214              		.cfi_offset 14, -4
 215 0002 041C     		adds	r4, r0, #0
  84:main.c        ****     PWM_WritePeriod(1000);
 216              		.loc 1 84 0
 217 0004 FA20     		movs	r0, #250
 218              	.LVL17:
 219 0006 8000     		lsls	r0, r0, #2
 220 0008 FFF7FEFF 		bl	PWM_WritePeriod
 221              	.LVL18:
  85:main.c        ****     if(temp < 75.0){
 222              		.loc 1 85 0
 223 000c 3749     		ldr	r1, .L29
 224 000e 201C     		adds	r0, r4, #0
 225 0010 FFF7FEFF 		bl	__aeabi_fcmplt
 226              	.LVL19:
 227 0014 0028     		cmp	r0, #0
 228 0016 12D0     		beq	.L26
  86:main.c        ****         PWM_WriteCompare((int)((temp/75.0) * 1000));
 229              		.loc 1 86 0
 230 0018 201C     		adds	r0, r4, #0
 231 001a FFF7FEFF 		bl	__aeabi_f2d
 232              	.LVL20:
 233 001e 0022     		movs	r2, #0
 234 0020 334B     		ldr	r3, .L29+4
 235 0022 FFF7FEFF 		bl	__aeabi_ddiv
 236              	.LVL21:
 237 0026 0022     		movs	r2, #0
 238 0028 324B     		ldr	r3, .L29+8
 239 002a FFF7FEFF 		bl	__aeabi_dmul
 240              	.LVL22:
 241 002e FFF7FEFF 		bl	__aeabi_d2iz
 242              	.LVL23:
 243 0032 FFF7FEFF 		bl	PWM_WriteCompare
 244              	.LVL24:
  87:main.c        ****         LED_SEL_Write(2);
 245              		.loc 1 87 0
 246 0036 0220     		movs	r0, #2
 247 0038 FFF7FEFF 		bl	LED_SEL_Write
 248              	.LVL25:
 249 003c 55E0     		b	.L13
 250              	.L26:
  88:main.c        ****     } else if(temp < 80.0) {
 251              		.loc 1 88 0
 252 003e 2E49     		ldr	r1, .L29+12
 253 0040 201C     		adds	r0, r4, #0
 254 0042 FFF7FEFF 		bl	__aeabi_fcmplt
ARM GAS  C:\Users\HELLOK~1\AppData\Local\Temp\cc8gm270.s 			page 7


 255              	.LVL26:
 256 0046 0028     		cmp	r0, #0
 257 0048 16D0     		beq	.L27
  89:main.c        ****         PWM_WriteCompare((int)((temp-75.0)/(5.0) * 1000));
 258              		.loc 1 89 0
 259 004a 201C     		adds	r0, r4, #0
 260 004c FFF7FEFF 		bl	__aeabi_f2d
 261              	.LVL27:
 262 0050 0022     		movs	r2, #0
 263 0052 274B     		ldr	r3, .L29+4
 264 0054 FFF7FEFF 		bl	__aeabi_dsub
 265              	.LVL28:
 266 0058 0022     		movs	r2, #0
 267 005a 284B     		ldr	r3, .L29+16
 268 005c FFF7FEFF 		bl	__aeabi_ddiv
 269              	.LVL29:
 270 0060 0022     		movs	r2, #0
 271 0062 244B     		ldr	r3, .L29+8
 272 0064 FFF7FEFF 		bl	__aeabi_dmul
 273              	.LVL30:
 274 0068 FFF7FEFF 		bl	__aeabi_d2iz
 275              	.LVL31:
 276 006c FFF7FEFF 		bl	PWM_WriteCompare
 277              	.LVL32:
  90:main.c        ****         LED_SEL_Write(1);
 278              		.loc 1 90 0
 279 0070 0120     		movs	r0, #1
 280 0072 FFF7FEFF 		bl	LED_SEL_Write
 281              	.LVL33:
 282 0076 38E0     		b	.L13
 283              	.L27:
  91:main.c        ****     } else if(temp < 85.0) {
 284              		.loc 1 91 0
 285 0078 2149     		ldr	r1, .L29+20
 286 007a 201C     		adds	r0, r4, #0
 287 007c FFF7FEFF 		bl	__aeabi_fcmplt
 288              	.LVL34:
 289 0080 0028     		cmp	r0, #0
 290 0082 16D0     		beq	.L28
  92:main.c        ****         PWM_WriteCompare((int)((temp-80.0)/(5.0) * 1000));
 291              		.loc 1 92 0
 292 0084 201C     		adds	r0, r4, #0
 293 0086 FFF7FEFF 		bl	__aeabi_f2d
 294              	.LVL35:
 295 008a 0022     		movs	r2, #0
 296 008c 1D4B     		ldr	r3, .L29+24
 297 008e FFF7FEFF 		bl	__aeabi_dsub
 298              	.LVL36:
 299 0092 0022     		movs	r2, #0
 300 0094 194B     		ldr	r3, .L29+16
 301 0096 FFF7FEFF 		bl	__aeabi_ddiv
 302              	.LVL37:
 303 009a 0022     		movs	r2, #0
 304 009c 154B     		ldr	r3, .L29+8
 305 009e FFF7FEFF 		bl	__aeabi_dmul
 306              	.LVL38:
 307 00a2 FFF7FEFF 		bl	__aeabi_d2iz
ARM GAS  C:\Users\HELLOK~1\AppData\Local\Temp\cc8gm270.s 			page 8


 308              	.LVL39:
 309 00a6 FFF7FEFF 		bl	PWM_WriteCompare
 310              	.LVL40:
  93:main.c        ****         LED_SEL_Write(3);
 311              		.loc 1 93 0
 312 00aa 0320     		movs	r0, #3
 313 00ac FFF7FEFF 		bl	LED_SEL_Write
 314              	.LVL41:
 315 00b0 1BE0     		b	.L13
 316              	.L28:
  94:main.c        ****     } else if(temp < 212.0) {
 317              		.loc 1 94 0
 318 00b2 1549     		ldr	r1, .L29+28
 319 00b4 201C     		adds	r0, r4, #0
 320 00b6 FFF7FEFF 		bl	__aeabi_fcmplt
 321              	.LVL42:
 322 00ba 0028     		cmp	r0, #0
 323 00bc 15D0     		beq	.L13
  95:main.c        ****         PWM_WriteCompare((int)((temp-85.0)/(127.0) * 1000));
 324              		.loc 1 95 0
 325 00be 201C     		adds	r0, r4, #0
 326 00c0 FFF7FEFF 		bl	__aeabi_f2d
 327              	.LVL43:
 328 00c4 0022     		movs	r2, #0
 329 00c6 114B     		ldr	r3, .L29+32
 330 00c8 FFF7FEFF 		bl	__aeabi_dsub
 331              	.LVL44:
 332 00cc 0022     		movs	r2, #0
 333 00ce 104B     		ldr	r3, .L29+36
 334 00d0 FFF7FEFF 		bl	__aeabi_ddiv
 335              	.LVL45:
 336 00d4 0022     		movs	r2, #0
 337 00d6 074B     		ldr	r3, .L29+8
 338 00d8 FFF7FEFF 		bl	__aeabi_dmul
 339              	.LVL46:
 340 00dc FFF7FEFF 		bl	__aeabi_d2iz
 341              	.LVL47:
 342 00e0 FFF7FEFF 		bl	PWM_WriteCompare
 343              	.LVL48:
  96:main.c        ****         LED_SEL_Write(0);
 344              		.loc 1 96 0
 345 00e4 0020     		movs	r0, #0
 346 00e6 FFF7FEFF 		bl	LED_SEL_Write
 347              	.LVL49:
 348              	.L13:
  97:main.c        ****     }
  98:main.c        **** }
 349              		.loc 1 98 0
 350              		@ sp needed
 351              	.LVL50:
 352 00ea 10BD     		pop	{r4, pc}
 353              	.L30:
 354              		.align	2
 355              	.L29:
 356 00ec 00009642 		.word	1117126656
 357 00f0 00C05240 		.word	1079164928
 358 00f4 00408F40 		.word	1083129856
ARM GAS  C:\Users\HELLOK~1\AppData\Local\Temp\cc8gm270.s 			page 9


 359 00f8 0000A042 		.word	1117782016
 360 00fc 00001440 		.word	1075052544
 361 0100 0000AA42 		.word	1118437376
 362 0104 00005440 		.word	1079246848
 363 0108 00005443 		.word	1129578496
 364 010c 00405540 		.word	1079328768
 365 0110 00C05F40 		.word	1080016896
 366              		.cfi_endproc
 367              	.LFE39:
 368              		.size	selectTempLED, .-selectTempLED
 369              		.global	__aeabi_dcmplt
 370              		.section	.text.selectVoltageLED,"ax",%progbits
 371              		.align	2
 372              		.global	selectVoltageLED
 373              		.code	16
 374              		.thumb_func
 375              		.type	selectVoltageLED, %function
 376              	selectVoltageLED:
 377              	.LFB40:
  99:main.c        **** /*
 100:main.c        **** This function selects the LED based on the voltage.
 101:main.c        **** 
 102:main.c        **** Blue for 0.8V and under
 103:main.c        **** Green for 0.8V-1.6V
 104:main.c        **** Yellow for 1.6V-2.4V
 105:main.c        **** Red for 2.4V-3.3V
 106:main.c        **** 
 107:main.c        **** Duty cycle goes linearly between these values.
 108:main.c        **** */
 109:main.c        **** void selectVoltageLED(float voltage){
 378              		.loc 1 109 0
 379              		.cfi_startproc
 380              		@ args = 0, pretend = 0, frame = 0
 381              		@ frame_needed = 0, uses_anonymous_args = 0
 382              	.LVL51:
 383 0000 70B5     		push	{r4, r5, r6, lr}
 384              		.cfi_def_cfa_offset 16
 385              		.cfi_offset 4, -16
 386              		.cfi_offset 5, -12
 387              		.cfi_offset 6, -8
 388              		.cfi_offset 14, -4
 389 0002 041C     		adds	r4, r0, #0
 110:main.c        ****      PWM_WritePeriod(1000);
 390              		.loc 1 110 0
 391 0004 FA20     		movs	r0, #250
 392              	.LVL52:
 393 0006 8000     		lsls	r0, r0, #2
 394 0008 FFF7FEFF 		bl	PWM_WritePeriod
 395              	.LVL53:
 111:main.c        ****     if(voltage < 0.8){
 396              		.loc 1 111 0
 397 000c 201C     		adds	r0, r4, #0
 398 000e FFF7FEFF 		bl	__aeabi_f2d
 399              	.LVL54:
 400 0012 0400     		movs	r4, r0
 401              	.LVL55:
 402 0014 0D00     		movs	r5, r1
ARM GAS  C:\Users\HELLOK~1\AppData\Local\Temp\cc8gm270.s 			page 10


 403 0016 394A     		ldr	r2, .L47
 404 0018 394B     		ldr	r3, .L47+4
 405 001a FFF7FEFF 		bl	__aeabi_dcmplt
 406              	.LVL56:
 407 001e 0028     		cmp	r0, #0
 408 0020 11D0     		beq	.L44
 112:main.c        ****         PWM_WriteCompare((int)((voltage/0.8) * 1000));
 409              		.loc 1 112 0
 410 0022 364A     		ldr	r2, .L47
 411 0024 364B     		ldr	r3, .L47+4
 412 0026 2000     		movs	r0, r4
 413 0028 2900     		movs	r1, r5
 414 002a FFF7FEFF 		bl	__aeabi_ddiv
 415              	.LVL57:
 416 002e 0022     		movs	r2, #0
 417 0030 344B     		ldr	r3, .L47+8
 418 0032 FFF7FEFF 		bl	__aeabi_dmul
 419              	.LVL58:
 420 0036 FFF7FEFF 		bl	__aeabi_d2iz
 421              	.LVL59:
 422 003a FFF7FEFF 		bl	PWM_WriteCompare
 423              	.LVL60:
 113:main.c        ****         LED_SEL_Write(2);
 424              		.loc 1 113 0
 425 003e 0220     		movs	r0, #2
 426 0040 FFF7FEFF 		bl	LED_SEL_Write
 427              	.LVL61:
 428 0044 58E0     		b	.L31
 429              	.L44:
 114:main.c        ****     } else if(voltage < 1.6) {
 430              		.loc 1 114 0
 431 0046 2D4A     		ldr	r2, .L47
 432 0048 2F4B     		ldr	r3, .L47+12
 433 004a 2000     		movs	r0, r4
 434 004c 2900     		movs	r1, r5
 435 004e FFF7FEFF 		bl	__aeabi_dcmplt
 436              	.LVL62:
 437 0052 0028     		cmp	r0, #0
 438 0054 15D0     		beq	.L45
 115:main.c        ****         PWM_WriteCompare((int)((voltage-0.8)/(0.8) * 1000));
 439              		.loc 1 115 0
 440 0056 294A     		ldr	r2, .L47
 441 0058 294B     		ldr	r3, .L47+4
 442 005a 2000     		movs	r0, r4
 443 005c 2900     		movs	r1, r5
 444 005e FFF7FEFF 		bl	__aeabi_dsub
 445              	.LVL63:
 446 0062 264A     		ldr	r2, .L47
 447 0064 264B     		ldr	r3, .L47+4
 448 0066 FFF7FEFF 		bl	__aeabi_ddiv
 449              	.LVL64:
 450 006a 0022     		movs	r2, #0
 451 006c 254B     		ldr	r3, .L47+8
 452 006e FFF7FEFF 		bl	__aeabi_dmul
 453              	.LVL65:
 454 0072 FFF7FEFF 		bl	__aeabi_d2iz
 455              	.LVL66:
ARM GAS  C:\Users\HELLOK~1\AppData\Local\Temp\cc8gm270.s 			page 11


 456 0076 FFF7FEFF 		bl	PWM_WriteCompare
 457              	.LVL67:
 116:main.c        ****         LED_SEL_Write(1);
 458              		.loc 1 116 0
 459 007a 0120     		movs	r0, #1
 460 007c FFF7FEFF 		bl	LED_SEL_Write
 461              	.LVL68:
 462 0080 3AE0     		b	.L31
 463              	.L45:
 117:main.c        ****     } else if(voltage < 2.4) {
 464              		.loc 1 117 0
 465 0082 224A     		ldr	r2, .L47+16
 466 0084 224B     		ldr	r3, .L47+20
 467 0086 2000     		movs	r0, r4
 468 0088 2900     		movs	r1, r5
 469 008a FFF7FEFF 		bl	__aeabi_dcmplt
 470              	.LVL69:
 471 008e 0028     		cmp	r0, #0
 472 0090 15D0     		beq	.L46
 118:main.c        ****         PWM_WriteCompare((int)((voltage-1.6)/(0.8) * 1000));
 473              		.loc 1 118 0
 474 0092 1A4A     		ldr	r2, .L47
 475 0094 1C4B     		ldr	r3, .L47+12
 476 0096 2000     		movs	r0, r4
 477 0098 2900     		movs	r1, r5
 478 009a FFF7FEFF 		bl	__aeabi_dsub
 479              	.LVL70:
 480 009e 174A     		ldr	r2, .L47
 481 00a0 174B     		ldr	r3, .L47+4
 482 00a2 FFF7FEFF 		bl	__aeabi_ddiv
 483              	.LVL71:
 484 00a6 0022     		movs	r2, #0
 485 00a8 164B     		ldr	r3, .L47+8
 486 00aa FFF7FEFF 		bl	__aeabi_dmul
 487              	.LVL72:
 488 00ae FFF7FEFF 		bl	__aeabi_d2iz
 489              	.LVL73:
 490 00b2 FFF7FEFF 		bl	PWM_WriteCompare
 491              	.LVL74:
 119:main.c        ****         LED_SEL_Write(3);
 492              		.loc 1 119 0
 493 00b6 0320     		movs	r0, #3
 494 00b8 FFF7FEFF 		bl	LED_SEL_Write
 495              	.LVL75:
 496 00bc 1CE0     		b	.L31
 497              	.L46:
 120:main.c        ****     } else if(voltage < 3.3) {
 498              		.loc 1 120 0
 499 00be 154A     		ldr	r2, .L47+24
 500 00c0 154B     		ldr	r3, .L47+28
 501 00c2 2000     		movs	r0, r4
 502 00c4 2900     		movs	r1, r5
 503 00c6 FFF7FEFF 		bl	__aeabi_dcmplt
 504              	.LVL76:
 505 00ca 0028     		cmp	r0, #0
 506 00cc 14D0     		beq	.L31
 121:main.c        ****         PWM_WriteCompare((int)((voltage-2.4)/(0.9) * 1000));
ARM GAS  C:\Users\HELLOK~1\AppData\Local\Temp\cc8gm270.s 			page 12


 507              		.loc 1 121 0
 508 00ce 0F4A     		ldr	r2, .L47+16
 509 00d0 0F4B     		ldr	r3, .L47+20
 510 00d2 2000     		movs	r0, r4
 511 00d4 2900     		movs	r1, r5
 512 00d6 FFF7FEFF 		bl	__aeabi_dsub
 513              	.LVL77:
 514 00da 104A     		ldr	r2, .L47+32
 515 00dc 104B     		ldr	r3, .L47+36
 516 00de FFF7FEFF 		bl	__aeabi_ddiv
 517              	.LVL78:
 518 00e2 0022     		movs	r2, #0
 519 00e4 074B     		ldr	r3, .L47+8
 520 00e6 FFF7FEFF 		bl	__aeabi_dmul
 521              	.LVL79:
 522 00ea FFF7FEFF 		bl	__aeabi_d2iz
 523              	.LVL80:
 524 00ee FFF7FEFF 		bl	PWM_WriteCompare
 525              	.LVL81:
 122:main.c        ****         LED_SEL_Write(0);
 526              		.loc 1 122 0
 527 00f2 0020     		movs	r0, #0
 528 00f4 FFF7FEFF 		bl	LED_SEL_Write
 529              	.LVL82:
 530              	.L31:
 123:main.c        ****     }
 124:main.c        **** }
 531              		.loc 1 124 0
 532              		@ sp needed
 533 00f8 70BD     		pop	{r4, r5, r6, pc}
 534              	.L48:
 535 00fa C046     		.align	2
 536              	.L47:
 537 00fc 9A999999 		.word	-1717986918
 538 0100 9999E93F 		.word	1072273817
 539 0104 00408F40 		.word	1083129856
 540 0108 9999F93F 		.word	1073322393
 541 010c 33333333 		.word	858993459
 542 0110 33330340 		.word	1073951539
 543 0114 66666666 		.word	1717986918
 544 0118 66660A40 		.word	1074423398
 545 011c CDCCCCCC 		.word	-858993459
 546 0120 CCCCEC3F 		.word	1072483532
 547              		.cfi_endproc
 548              	.LFE40:
 549              		.size	selectVoltageLED, .-selectVoltageLED
 550              		.section	.text.getVoltage,"ax",%progbits
 551              		.align	2
 552              		.global	getVoltage
 553              		.code	16
 554              		.thumb_func
 555              		.type	getVoltage, %function
 556              	getVoltage:
 557              	.LFB41:
 125:main.c        **** /*
 126:main.c        **** This function gets the voltage value from the ADC.
 127:main.c        **** 
ARM GAS  C:\Users\HELLOK~1\AppData\Local\Temp\cc8gm270.s 			page 13


 128:main.c        **** It returns the value in volts
 129:main.c        **** */
 130:main.c        **** float getVoltage(){
 558              		.loc 1 130 0
 559              		.cfi_startproc
 560              		@ args = 0, pretend = 0, frame = 0
 561              		@ frame_needed = 0, uses_anonymous_args = 0
 562 0000 10B5     		push	{r4, lr}
 563              		.cfi_def_cfa_offset 8
 564              		.cfi_offset 4, -8
 565              		.cfi_offset 14, -4
 131:main.c        ****     // Variable for voltage
 132:main.c        ****     float Vout;
 133:main.c        ****     // Starts the conversion in the ADC
 134:main.c        ****     ADC_StartConvert();
 566              		.loc 1 134 0
 567 0002 FFF7FEFF 		bl	ADC_StartConvert
 568              	.LVL83:
 135:main.c        ****     // Wait for ADC to stop
 136:main.c        ****     ADC_IsEndConversion(ADC_WAIT_FOR_RESULT);
 569              		.loc 1 136 0
 570 0006 0220     		movs	r0, #2
 571 0008 FFF7FEFF 		bl	ADC_IsEndConversion
 572              	.LVL84:
 137:main.c        ****     // Get result from channel 1
 138:main.c        ****     int out = ADC_GetResult16(1);
 573              		.loc 1 138 0
 574 000c 0120     		movs	r0, #1
 575 000e FFF7FEFF 		bl	ADC_GetResult16
 576              	.LVL85:
 577 0012 0400     		movs	r4, r0
 578              	.LVL86:
 139:main.c        ****     // Stop the ADC, saves power
 140:main.c        ****     ADC_StopConvert();
 579              		.loc 1 140 0
 580 0014 FFF7FEFF 		bl	ADC_StopConvert
 581              	.LVL87:
 141:main.c        ****     // Converts digital value to voltage
 142:main.c        ****     Vout = out * (3.3/4095);
 582              		.loc 1 142 0
 583 0018 2000     		movs	r0, r4
 584 001a FFF7FEFF 		bl	__aeabi_i2d
 585              	.LVL88:
 586 001e 034A     		ldr	r2, .L50
 587 0020 034B     		ldr	r3, .L50+4
 588 0022 FFF7FEFF 		bl	__aeabi_dmul
 589              	.LVL89:
 590 0026 FFF7FEFF 		bl	__aeabi_d2f
 591              	.LVL90:
 143:main.c        ****     return Vout;
 144:main.c        **** }
 592              		.loc 1 144 0
 593              		@ sp needed
 594              	.LVL91:
 595 002a 10BD     		pop	{r4, pc}
 596              	.L51:
 597              		.align	2
ARM GAS  C:\Users\HELLOK~1\AppData\Local\Temp\cc8gm270.s 			page 14


 598              	.L50:
 599 002c B4D934E7 		.word	-415966796
 600 0030 0C684A3F 		.word	1061840908
 601              		.cfi_endproc
 602              	.LFE41:
 603              		.size	getVoltage, .-getVoltage
 604              		.section	.text.main,"ax",%progbits
 605              		.align	2
 606              		.global	main
 607              		.code	16
 608              		.thumb_func
 609              		.type	main, %function
 610              	main:
 611              	.LFB42:
 145:main.c        **** 
 146:main.c        **** int main(void)
 147:main.c        **** {
 612              		.loc 1 147 0
 613              		.cfi_startproc
 614              		@ args = 0, pretend = 0, frame = 32
 615              		@ frame_needed = 0, uses_anonymous_args = 0
 616 0000 30B5     		push	{r4, r5, lr}
 617              		.cfi_def_cfa_offset 12
 618              		.cfi_offset 4, -12
 619              		.cfi_offset 5, -8
 620              		.cfi_offset 14, -4
 621 0002 8DB0     		sub	sp, sp, #52
 622              		.cfi_def_cfa_offset 64
 148:main.c        ****     CyGlobalIntEnable; /* Enable global interrupts. */
 623              		.loc 1 148 0
 624              		.syntax divided
 625              	@ 148 "main.c" 1
 626 0004 62B6     		CPSIE   i
 627              	@ 0 "" 2
 149:main.c        **** 
 150:main.c        ****     /* Place your initialization/startup code here (e.g. MyInst_Start()) */
 151:main.c        ****     ADC_Start();
 628              		.loc 1 151 0
 629              		.thumb
 630              		.syntax unified
 631 0006 FFF7FEFF 		bl	ADC_Start
 632              	.LVL92:
 152:main.c        ****     BTN_ISR_Start();
 633              		.loc 1 152 0
 634 000a FFF7FEFF 		bl	BTN_ISR_Start
 635              	.LVL93:
 153:main.c        ****     LCD_Start();
 636              		.loc 1 153 0
 637 000e FFF7FEFF 		bl	LCD_Start
 638              	.LVL94:
 154:main.c        ****     PWM_Start();
 639              		.loc 1 154 0
 640 0012 FFF7FEFF 		bl	PWM_Start
 641              	.LVL95:
 155:main.c        ****     
 156:main.c        ****     tempInit/*Mate*/();
 642              		.loc 1 156 0
ARM GAS  C:\Users\HELLOK~1\AppData\Local\Temp\cc8gm270.s 			page 15


 643 0016 FFF7FEFF 		bl	tempInit
 644              	.LVL96:
 645              	.L53:
 157:main.c        ****     for(;;)
 158:main.c        ****     { 
 159:main.c        ****         // Check for button interrupt
 160:main.c        ****         if(buttonFlag == 1){
 646              		.loc 1 160 0
 647 001a 344B     		ldr	r3, .L58
 648 001c 1B68     		ldr	r3, [r3]
 649 001e 012B     		cmp	r3, #1
 650 0020 16D1     		bne	.L54
 161:main.c        ****             // Clear flag
 162:main.c        ****             buttonFlag = 0;
 651              		.loc 1 162 0
 652 0022 0022     		movs	r2, #0
 653 0024 314B     		ldr	r3, .L58
 654 0026 1A60     		str	r2, [r3]
 163:main.c        ****             // Change mode
 164:main.c        ****             if(mode == 1){
 655              		.loc 1 164 0
 656 0028 314B     		ldr	r3, .L58+4
 657 002a 1B78     		ldrb	r3, [r3]
 658 002c 012B     		cmp	r3, #1
 659 002e 07D1     		bne	.L55
 165:main.c        ****                 mode = 0;
 660              		.loc 1 165 0
 661 0030 2F4B     		ldr	r3, .L58+4
 662 0032 1A70     		strb	r2, [r3]
 166:main.c        ****                 tempInit();
 663              		.loc 1 166 0
 664 0034 FFF7FEFF 		bl	tempInit
 665              	.LVL97:
 167:main.c        ****                 CyDelay(100);
 666              		.loc 1 167 0
 667 0038 6420     		movs	r0, #100
 668 003a FFF7FEFF 		bl	CyDelay
 669              	.LVL98:
 670 003e 07E0     		b	.L54
 671              	.L55:
 168:main.c        ****             } else {
 169:main.c        ****                 mode = 1;
 672              		.loc 1 169 0
 673 0040 0122     		movs	r2, #1
 674 0042 2B4B     		ldr	r3, .L58+4
 675 0044 1A70     		strb	r2, [r3]
 170:main.c        ****                 potInit();
 676              		.loc 1 170 0
 677 0046 FFF7FEFF 		bl	potInit
 678              	.LVL99:
 171:main.c        ****                 CyDelay(100);
 679              		.loc 1 171 0
 680 004a 6420     		movs	r0, #100
 681 004c FFF7FEFF 		bl	CyDelay
 682              	.LVL100:
 683              	.L54:
 172:main.c        ****             }
ARM GAS  C:\Users\HELLOK~1\AppData\Local\Temp\cc8gm270.s 			page 16


 173:main.c        ****         }
 174:main.c        ****         // Temperature mode
 175:main.c        ****         if(mode ==  0){
 684              		.loc 1 175 0
 685 0050 274B     		ldr	r3, .L58+4
 686 0052 1B78     		ldrb	r3, [r3]
 687 0054 002B     		cmp	r3, #0
 688 0056 2FD1     		bne	.L56
 689              	.LBB2:
 176:main.c        ****             // Delay for refresh rate
 177:main.c        ****             CyDelay(100);
 690              		.loc 1 177 0
 691 0058 6420     		movs	r0, #100
 692 005a FFF7FEFF 		bl	CyDelay
 693              	.LVL101:
 178:main.c        ****             float temp = getTempValue();
 694              		.loc 1 178 0
 695 005e FFF7FEFF 		bl	getTempValue
 696              	.LVL102:
 697 0062 041C     		adds	r4, r0, #0
 698              	.LVL103:
 179:main.c        ****             // Variables for LCD prints
 180:main.c        ****             char topLine[16];
 181:main.c        ****             char bottomLine[16];
 182:main.c        ****             // Format the output
 183:main.c        ****             snprintf(topLine, 16, "Temp: %.2f %cC", temp, 223);
 699              		.loc 1 183 0
 700 0064 DF25     		movs	r5, #223
 701 0066 0295     		str	r5, [sp, #8]
 702 0068 FFF7FEFF 		bl	__aeabi_f2d
 703              	.LVL104:
 704 006c 0090     		str	r0, [sp]
 705 006e 0191     		str	r1, [sp, #4]
 706 0070 204A     		ldr	r2, .L58+8
 707 0072 1021     		movs	r1, #16
 708 0074 04A8     		add	r0, sp, #16
 709 0076 FFF7FEFF 		bl	snprintf
 710              	.LVL105:
 184:main.c        ****             snprintf(bottomLine, 16, "      %.2f %cF",convertCtoF(temp), 223);
 711              		.loc 1 184 0
 712 007a 201C     		adds	r0, r4, #0
 713 007c FFF7FEFF 		bl	convertCtoF
 714              	.LVL106:
 715 0080 041C     		adds	r4, r0, #0
 716              	.LVL107:
 717 0082 0295     		str	r5, [sp, #8]
 718 0084 FFF7FEFF 		bl	__aeabi_f2d
 719              	.LVL108:
 720 0088 0090     		str	r0, [sp]
 721 008a 0191     		str	r1, [sp, #4]
 722 008c 1A4A     		ldr	r2, .L58+12
 723 008e 1021     		movs	r1, #16
 724 0090 08A8     		add	r0, sp, #32
 725 0092 FFF7FEFF 		bl	snprintf
 726              	.LVL109:
 185:main.c        ****             // Clear display and print lines
 186:main.c        ****             LCD_ClearDisplay();
ARM GAS  C:\Users\HELLOK~1\AppData\Local\Temp\cc8gm270.s 			page 17


 727              		.loc 1 186 0
 728 0096 0120     		movs	r0, #1
 729 0098 FFF7FEFF 		bl	LCD_WriteControl
 730              	.LVL110:
 187:main.c        ****             LCD_PrintString(topLine);
 731              		.loc 1 187 0
 732 009c 04A8     		add	r0, sp, #16
 733 009e FFF7FEFF 		bl	LCD_PrintString
 734              	.LVL111:
 188:main.c        ****             LCD_Position(1,0);
 735              		.loc 1 188 0
 736 00a2 0021     		movs	r1, #0
 737 00a4 0120     		movs	r0, #1
 738 00a6 FFF7FEFF 		bl	LCD_Position
 739              	.LVL112:
 189:main.c        ****             LCD_PrintString(bottomLine);
 740              		.loc 1 189 0
 741 00aa 08A8     		add	r0, sp, #32
 742 00ac FFF7FEFF 		bl	LCD_PrintString
 743              	.LVL113:
 190:main.c        ****             // Select LED
 191:main.c        ****             selectTempLED(convertCtoF(temp));
 744              		.loc 1 191 0
 745 00b0 201C     		adds	r0, r4, #0
 746 00b2 FFF7FEFF 		bl	selectTempLED
 747              	.LVL114:
 748              	.LBE2:
 749 00b6 B0E7     		b	.L53
 750              	.L56:
 751              	.LBB3:
 192:main.c        ****         }
 193:main.c        ****         // Voltage mode
 194:main.c        ****         else {
 195:main.c        ****             // Refresh rate for LCD
 196:main.c        ****             CyDelay(100);
 752              		.loc 1 196 0 discriminator 2
 753 00b8 6420     		movs	r0, #100
 754 00ba FFF7FEFF 		bl	CyDelay
 755              	.LVL115:
 197:main.c        ****             float voltage = getVoltage();
 756              		.loc 1 197 0 discriminator 2
 757 00be FFF7FEFF 		bl	getVoltage
 758              	.LVL116:
 759 00c2 041C     		adds	r4, r0, #0
 760              	.LVL117:
 198:main.c        ****             // Variable for LCD printing
 199:main.c        ****             char topLine[16];
 200:main.c        ****             // Format print
 201:main.c        ****             snprintf(topLine, 16, "Voltage: %.2f V", voltage);
 761              		.loc 1 201 0 discriminator 2
 762 00c4 FFF7FEFF 		bl	__aeabi_f2d
 763              	.LVL118:
 764 00c8 0090     		str	r0, [sp]
 765 00ca 0191     		str	r1, [sp, #4]
 766 00cc 0B4A     		ldr	r2, .L58+16
 767 00ce 1021     		movs	r1, #16
 768 00d0 08A8     		add	r0, sp, #32
ARM GAS  C:\Users\HELLOK~1\AppData\Local\Temp\cc8gm270.s 			page 18


 769 00d2 FFF7FEFF 		bl	snprintf
 770              	.LVL119:
 202:main.c        ****             // Clear display, print string
 203:main.c        ****             LCD_ClearDisplay();
 771              		.loc 1 203 0 discriminator 2
 772 00d6 0120     		movs	r0, #1
 773 00d8 FFF7FEFF 		bl	LCD_WriteControl
 774              	.LVL120:
 204:main.c        ****             LCD_PrintString(topLine);
 775              		.loc 1 204 0 discriminator 2
 776 00dc 08A8     		add	r0, sp, #32
 777 00de FFF7FEFF 		bl	LCD_PrintString
 778              	.LVL121:
 205:main.c        ****             // Select LED for voltage
 206:main.c        ****             selectVoltageLED(voltage);
 779              		.loc 1 206 0 discriminator 2
 780 00e2 201C     		adds	r0, r4, #0
 781 00e4 FFF7FEFF 		bl	selectVoltageLED
 782              	.LVL122:
 783 00e8 97E7     		b	.L53
 784              	.L59:
 785 00ea C046     		.align	2
 786              	.L58:
 787 00ec 00000000 		.word	buttonFlag
 788 00f0 00000000 		.word	.LANCHOR0
 789 00f4 00000000 		.word	.LC2
 790 00f8 10000000 		.word	.LC4
 791 00fc 20000000 		.word	.LC6
 792              	.LBE3:
 793              		.cfi_endproc
 794              	.LFE42:
 795              		.size	main, .-main
 796              		.comm	buttonFlag,4,4
 797              		.global	mode
 798              		.section	.rodata.str1.4,"aMS",%progbits,1
 799              		.align	2
 800              	.LC2:
 801 0000 54656D70 		.ascii	"Temp: %.2f %cC\000"
 801      3A20252E 
 801      32662025 
 801      634300
 802 000f 00       		.space	1
 803              	.LC4:
 804 0010 20202020 		.ascii	"      %.2f %cF\000"
 804      2020252E 
 804      32662025 
 804      634600
 805 001f 00       		.space	1
 806              	.LC6:
 807 0020 566F6C74 		.ascii	"Voltage: %.2f V\000"
 807      6167653A 
 807      20252E32 
 807      66205600 
 808              		.bss
 809              		.set	.LANCHOR0,. + 0
 810              		.type	mode, %object
 811              		.size	mode, 1
ARM GAS  C:\Users\HELLOK~1\AppData\Local\Temp\cc8gm270.s 			page 19


 812              	mode:
 813 0000 00       		.space	1
 814              		.text
 815              	.Letext0:
 816              		.file 2 "Generated_Source\\PSoC4/cytypes.h"
 817              		.file 3 "Generated_Source\\PSoC4/ADC.h"
 818              		.file 4 "Generated_Source\\PSoC4/PWM.h"
 819              		.file 5 "Generated_Source\\PSoC4/LED_SEL.h"
 820              		.file 6 "Generated_Source\\PSoC4/CyLib.h"
 821              		.file 7 "c:\\program files (x86)\\cypress\\psoc creator\\4.2\\psoc creator\\import\\gnu\\arm\\5.4.
 822              		.file 8 "Generated_Source\\PSoC4/LCD.h"
 823              		.file 9 "Generated_Source\\PSoC4/BTN_ISR.h"
 824              		.section	.debug_info,"",%progbits
 825              	.Ldebug_info0:
 826 0000 51060000 		.4byte	0x651
 827 0004 0400     		.2byte	0x4
 828 0006 00000000 		.4byte	.Ldebug_abbrev0
 829 000a 04       		.byte	0x4
 830 000b 01       		.uleb128 0x1
 831 000c 10020000 		.4byte	.LASF46
 832 0010 0C       		.byte	0xc
 833 0011 D3020000 		.4byte	.LASF47
 834 0015 2F010000 		.4byte	.LASF48
 835 0019 00000000 		.4byte	.Ldebug_ranges0+0
 836 001d 00000000 		.4byte	0
 837 0021 00000000 		.4byte	.Ldebug_line0
 838 0025 02       		.uleb128 0x2
 839 0026 04       		.byte	0x4
 840 0027 04       		.byte	0x4
 841 0028 61000000 		.4byte	.LASF0
 842 002c 02       		.uleb128 0x2
 843 002d 01       		.byte	0x1
 844 002e 06       		.byte	0x6
 845 002f 18030000 		.4byte	.LASF1
 846 0033 02       		.uleb128 0x2
 847 0034 01       		.byte	0x1
 848 0035 08       		.byte	0x8
 849 0036 7E000000 		.4byte	.LASF2
 850 003a 02       		.uleb128 0x2
 851 003b 02       		.byte	0x2
 852 003c 05       		.byte	0x5
 853 003d DF020000 		.4byte	.LASF3
 854 0041 02       		.uleb128 0x2
 855 0042 02       		.byte	0x2
 856 0043 07       		.byte	0x7
 857 0044 CA000000 		.4byte	.LASF4
 858 0048 02       		.uleb128 0x2
 859 0049 04       		.byte	0x4
 860 004a 05       		.byte	0x5
 861 004b 03030000 		.4byte	.LASF5
 862 004f 02       		.uleb128 0x2
 863 0050 04       		.byte	0x4
 864 0051 07       		.byte	0x7
 865 0052 FE000000 		.4byte	.LASF6
 866 0056 02       		.uleb128 0x2
 867 0057 08       		.byte	0x8
 868 0058 05       		.byte	0x5
ARM GAS  C:\Users\HELLOK~1\AppData\Local\Temp\cc8gm270.s 			page 20


 869 0059 B7020000 		.4byte	.LASF7
 870 005d 02       		.uleb128 0x2
 871 005e 08       		.byte	0x8
 872 005f 07       		.byte	0x7
 873 0060 D8010000 		.4byte	.LASF8
 874 0064 03       		.uleb128 0x3
 875 0065 04       		.byte	0x4
 876 0066 05       		.byte	0x5
 877 0067 696E7400 		.ascii	"int\000"
 878 006b 02       		.uleb128 0x2
 879 006c 04       		.byte	0x4
 880 006d 07       		.byte	0x7
 881 006e C0010000 		.4byte	.LASF9
 882 0072 04       		.uleb128 0x4
 883 0073 78000000 		.4byte	.LASF10
 884 0077 02       		.byte	0x2
 885 0078 E701     		.2byte	0x1e7
 886 007a 33000000 		.4byte	0x33
 887 007e 04       		.uleb128 0x4
 888 007f B9010000 		.4byte	.LASF11
 889 0083 02       		.byte	0x2
 890 0084 E901     		.2byte	0x1e9
 891 0086 4F000000 		.4byte	0x4f
 892 008a 02       		.uleb128 0x2
 893 008b 08       		.byte	0x8
 894 008c 04       		.byte	0x4
 895 008d 41000000 		.4byte	.LASF12
 896 0091 02       		.uleb128 0x2
 897 0092 01       		.byte	0x1
 898 0093 08       		.byte	0x8
 899 0094 DA020000 		.4byte	.LASF13
 900 0098 04       		.uleb128 0x4
 901 0099 00000000 		.4byte	.LASF14
 902 009d 02       		.byte	0x2
 903 009e 9302     		.2byte	0x293
 904 00a0 A4000000 		.4byte	0xa4
 905 00a4 05       		.uleb128 0x5
 906 00a5 7E000000 		.4byte	0x7e
 907 00a9 02       		.uleb128 0x2
 908 00aa 08       		.byte	0x8
 909 00ab 04       		.byte	0x4
 910 00ac 0C030000 		.4byte	.LASF15
 911 00b0 02       		.uleb128 0x2
 912 00b1 04       		.byte	0x4
 913 00b2 07       		.byte	0x7
 914 00b3 AE020000 		.4byte	.LASF16
 915 00b7 06       		.uleb128 0x6
 916 00b8 48000000 		.4byte	.LASF17
 917 00bc 01       		.byte	0x1
 918 00bd 18       		.byte	0x18
 919 00be 00000000 		.4byte	.LFB35
 920 00c2 14000000 		.4byte	.LFE35-.LFB35
 921 00c6 01       		.uleb128 0x1
 922 00c7 9C       		.byte	0x9c
 923 00c8 06       		.uleb128 0x6
 924 00c9 8C000000 		.4byte	.LASF18
 925 00cd 01       		.byte	0x1
ARM GAS  C:\Users\HELLOK~1\AppData\Local\Temp\cc8gm270.s 			page 21


 926 00ce 23       		.byte	0x23
 927 00cf 00000000 		.4byte	.LFB36
 928 00d3 14000000 		.4byte	.LFE36-.LFB36
 929 00d7 01       		.uleb128 0x1
 930 00d8 9C       		.byte	0x9c
 931 00d9 07       		.uleb128 0x7
 932 00da 17000000 		.4byte	.LASF20
 933 00de 01       		.byte	0x1
 934 00df 30       		.byte	0x30
 935 00e0 25000000 		.4byte	0x25
 936 00e4 00000000 		.4byte	.LFB37
 937 00e8 5C000000 		.4byte	.LFE37-.LFB37
 938 00ec 01       		.uleb128 0x1
 939 00ed 9C       		.byte	0x9c
 940 00ee 49010000 		.4byte	0x149
 941 00f2 08       		.uleb128 0x8
 942 00f3 E9020000 		.4byte	.LASF19
 943 00f7 01       		.byte	0x1
 944 00f8 32       		.byte	0x32
 945 00f9 25000000 		.4byte	0x25
 946 00fd 00000000 		.4byte	.LLST0
 947 0101 09       		.uleb128 0x9
 948 0102 6F757400 		.ascii	"out\000"
 949 0106 01       		.byte	0x1
 950 0107 38       		.byte	0x38
 951 0108 64000000 		.4byte	0x64
 952 010c 13000000 		.4byte	.LLST1
 953 0110 0A       		.uleb128 0xa
 954 0111 06000000 		.4byte	.LVL0
 955 0115 A1050000 		.4byte	0x5a1
 956 0119 0B       		.uleb128 0xb
 957 011a 0C000000 		.4byte	.LVL1
 958 011e AC050000 		.4byte	0x5ac
 959 0122 2C010000 		.4byte	0x12c
 960 0126 0C       		.uleb128 0xc
 961 0127 01       		.uleb128 0x1
 962 0128 50       		.byte	0x50
 963 0129 01       		.uleb128 0x1
 964 012a 32       		.byte	0x32
 965 012b 00       		.byte	0
 966 012c 0B       		.uleb128 0xb
 967 012d 12000000 		.4byte	.LVL2
 968 0131 B7050000 		.4byte	0x5b7
 969 0135 3F010000 		.4byte	0x13f
 970 0139 0C       		.uleb128 0xc
 971 013a 01       		.uleb128 0x1
 972 013b 50       		.byte	0x50
 973 013c 01       		.uleb128 0x1
 974 013d 30       		.byte	0x30
 975 013e 00       		.byte	0
 976 013f 0A       		.uleb128 0xa
 977 0140 18000000 		.4byte	.LVL4
 978 0144 C2050000 		.4byte	0x5c2
 979 0148 00       		.byte	0
 980 0149 0D       		.uleb128 0xd
 981 014a A5000000 		.4byte	.LASF49
 982 014e 01       		.byte	0x1
ARM GAS  C:\Users\HELLOK~1\AppData\Local\Temp\cc8gm270.s 			page 22


 983 014f 46       		.byte	0x46
 984 0150 25000000 		.4byte	0x25
 985 0154 00000000 		.4byte	.LFB38
 986 0158 18000000 		.4byte	.LFE38-.LFB38
 987 015c 01       		.uleb128 0x1
 988 015d 9C       		.byte	0x9c
 989 015e 70010000 		.4byte	0x170
 990 0162 0E       		.uleb128 0xe
 991 0163 4300     		.ascii	"C\000"
 992 0165 01       		.byte	0x1
 993 0166 46       		.byte	0x46
 994 0167 25000000 		.4byte	0x25
 995 016b 2C000000 		.4byte	.LLST2
 996 016f 00       		.byte	0
 997 0170 0F       		.uleb128 0xf
 998 0171 10010000 		.4byte	.LASF21
 999 0175 01       		.byte	0x1
 1000 0176 53       		.byte	0x53
 1001 0177 00000000 		.4byte	.LFB39
 1002 017b 14010000 		.4byte	.LFE39-.LFB39
 1003 017f 01       		.uleb128 0x1
 1004 0180 9C       		.byte	0x9c
 1005 0181 16020000 		.4byte	0x216
 1006 0185 10       		.uleb128 0x10
 1007 0186 C5000000 		.4byte	.LASF22
 1008 018a 01       		.byte	0x1
 1009 018b 53       		.byte	0x53
 1010 018c 25000000 		.4byte	0x25
 1011 0190 4F000000 		.4byte	.LLST3
 1012 0194 0B       		.uleb128 0xb
 1013 0195 0C000000 		.4byte	.LVL18
 1014 0199 CD050000 		.4byte	0x5cd
 1015 019d A9010000 		.4byte	0x1a9
 1016 01a1 0C       		.uleb128 0xc
 1017 01a2 01       		.uleb128 0x1
 1018 01a3 50       		.byte	0x50
 1019 01a4 03       		.uleb128 0x3
 1020 01a5 0A       		.byte	0xa
 1021 01a6 E803     		.2byte	0x3e8
 1022 01a8 00       		.byte	0
 1023 01a9 0A       		.uleb128 0xa
 1024 01aa 36000000 		.4byte	.LVL24
 1025 01ae D9050000 		.4byte	0x5d9
 1026 01b2 0B       		.uleb128 0xb
 1027 01b3 3C000000 		.4byte	.LVL25
 1028 01b7 E5050000 		.4byte	0x5e5
 1029 01bb C5010000 		.4byte	0x1c5
 1030 01bf 0C       		.uleb128 0xc
 1031 01c0 01       		.uleb128 0x1
 1032 01c1 50       		.byte	0x50
 1033 01c2 01       		.uleb128 0x1
 1034 01c3 32       		.byte	0x32
 1035 01c4 00       		.byte	0
 1036 01c5 0A       		.uleb128 0xa
 1037 01c6 70000000 		.4byte	.LVL32
 1038 01ca D9050000 		.4byte	0x5d9
 1039 01ce 0B       		.uleb128 0xb
ARM GAS  C:\Users\HELLOK~1\AppData\Local\Temp\cc8gm270.s 			page 23


 1040 01cf 76000000 		.4byte	.LVL33
 1041 01d3 E5050000 		.4byte	0x5e5
 1042 01d7 E1010000 		.4byte	0x1e1
 1043 01db 0C       		.uleb128 0xc
 1044 01dc 01       		.uleb128 0x1
 1045 01dd 50       		.byte	0x50
 1046 01de 01       		.uleb128 0x1
 1047 01df 31       		.byte	0x31
 1048 01e0 00       		.byte	0
 1049 01e1 0A       		.uleb128 0xa
 1050 01e2 AA000000 		.4byte	.LVL40
 1051 01e6 D9050000 		.4byte	0x5d9
 1052 01ea 0B       		.uleb128 0xb
 1053 01eb B0000000 		.4byte	.LVL41
 1054 01ef E5050000 		.4byte	0x5e5
 1055 01f3 FD010000 		.4byte	0x1fd
 1056 01f7 0C       		.uleb128 0xc
 1057 01f8 01       		.uleb128 0x1
 1058 01f9 50       		.byte	0x50
 1059 01fa 01       		.uleb128 0x1
 1060 01fb 33       		.byte	0x33
 1061 01fc 00       		.byte	0
 1062 01fd 0A       		.uleb128 0xa
 1063 01fe E4000000 		.4byte	.LVL48
 1064 0202 D9050000 		.4byte	0x5d9
 1065 0206 11       		.uleb128 0x11
 1066 0207 EA000000 		.4byte	.LVL49
 1067 020b E5050000 		.4byte	0x5e5
 1068 020f 0C       		.uleb128 0xc
 1069 0210 01       		.uleb128 0x1
 1070 0211 50       		.byte	0x50
 1071 0212 01       		.uleb128 0x1
 1072 0213 30       		.byte	0x30
 1073 0214 00       		.byte	0
 1074 0215 00       		.byte	0
 1075 0216 0F       		.uleb128 0xf
 1076 0217 67000000 		.4byte	.LASF23
 1077 021b 01       		.byte	0x1
 1078 021c 6D       		.byte	0x6d
 1079 021d 00000000 		.4byte	.LFB40
 1080 0221 24010000 		.4byte	.LFE40-.LFB40
 1081 0225 01       		.uleb128 0x1
 1082 0226 9C       		.byte	0x9c
 1083 0227 BC020000 		.4byte	0x2bc
 1084 022b 10       		.uleb128 0x10
 1085 022c E6000000 		.4byte	.LASF24
 1086 0230 01       		.byte	0x1
 1087 0231 6D       		.byte	0x6d
 1088 0232 25000000 		.4byte	0x25
 1089 0236 7D000000 		.4byte	.LLST4
 1090 023a 0B       		.uleb128 0xb
 1091 023b 0C000000 		.4byte	.LVL53
 1092 023f CD050000 		.4byte	0x5cd
 1093 0243 4F020000 		.4byte	0x24f
 1094 0247 0C       		.uleb128 0xc
 1095 0248 01       		.uleb128 0x1
 1096 0249 50       		.byte	0x50
ARM GAS  C:\Users\HELLOK~1\AppData\Local\Temp\cc8gm270.s 			page 24


 1097 024a 03       		.uleb128 0x3
 1098 024b 0A       		.byte	0xa
 1099 024c E803     		.2byte	0x3e8
 1100 024e 00       		.byte	0
 1101 024f 0A       		.uleb128 0xa
 1102 0250 3E000000 		.4byte	.LVL60
 1103 0254 D9050000 		.4byte	0x5d9
 1104 0258 0B       		.uleb128 0xb
 1105 0259 44000000 		.4byte	.LVL61
 1106 025d E5050000 		.4byte	0x5e5
 1107 0261 6B020000 		.4byte	0x26b
 1108 0265 0C       		.uleb128 0xc
 1109 0266 01       		.uleb128 0x1
 1110 0267 50       		.byte	0x50
 1111 0268 01       		.uleb128 0x1
 1112 0269 32       		.byte	0x32
 1113 026a 00       		.byte	0
 1114 026b 0A       		.uleb128 0xa
 1115 026c 7A000000 		.4byte	.LVL67
 1116 0270 D9050000 		.4byte	0x5d9
 1117 0274 0B       		.uleb128 0xb
 1118 0275 80000000 		.4byte	.LVL68
 1119 0279 E5050000 		.4byte	0x5e5
 1120 027d 87020000 		.4byte	0x287
 1121 0281 0C       		.uleb128 0xc
 1122 0282 01       		.uleb128 0x1
 1123 0283 50       		.byte	0x50
 1124 0284 01       		.uleb128 0x1
 1125 0285 31       		.byte	0x31
 1126 0286 00       		.byte	0
 1127 0287 0A       		.uleb128 0xa
 1128 0288 B6000000 		.4byte	.LVL74
 1129 028c D9050000 		.4byte	0x5d9
 1130 0290 0B       		.uleb128 0xb
 1131 0291 BC000000 		.4byte	.LVL75
 1132 0295 E5050000 		.4byte	0x5e5
 1133 0299 A3020000 		.4byte	0x2a3
 1134 029d 0C       		.uleb128 0xc
 1135 029e 01       		.uleb128 0x1
 1136 029f 50       		.byte	0x50
 1137 02a0 01       		.uleb128 0x1
 1138 02a1 33       		.byte	0x33
 1139 02a2 00       		.byte	0
 1140 02a3 0A       		.uleb128 0xa
 1141 02a4 F2000000 		.4byte	.LVL81
 1142 02a8 D9050000 		.4byte	0x5d9
 1143 02ac 11       		.uleb128 0x11
 1144 02ad F8000000 		.4byte	.LVL82
 1145 02b1 E5050000 		.4byte	0x5e5
 1146 02b5 0C       		.uleb128 0xc
 1147 02b6 01       		.uleb128 0x1
 1148 02b7 50       		.byte	0x50
 1149 02b8 01       		.uleb128 0x1
 1150 02b9 30       		.byte	0x30
 1151 02ba 00       		.byte	0
 1152 02bb 00       		.byte	0
 1153 02bc 07       		.uleb128 0x7
ARM GAS  C:\Users\HELLOK~1\AppData\Local\Temp\cc8gm270.s 			page 25


 1154 02bd EE020000 		.4byte	.LASF25
 1155 02c1 01       		.byte	0x1
 1156 02c2 82       		.byte	0x82
 1157 02c3 25000000 		.4byte	0x25
 1158 02c7 00000000 		.4byte	.LFB41
 1159 02cb 34000000 		.4byte	.LFE41-.LFB41
 1160 02cf 01       		.uleb128 0x1
 1161 02d0 9C       		.byte	0x9c
 1162 02d1 2A030000 		.4byte	0x32a
 1163 02d5 12       		.uleb128 0x12
 1164 02d6 E9020000 		.4byte	.LASF19
 1165 02da 01       		.byte	0x1
 1166 02db 84       		.byte	0x84
 1167 02dc 25000000 		.4byte	0x25
 1168 02e0 01       		.uleb128 0x1
 1169 02e1 50       		.byte	0x50
 1170 02e2 09       		.uleb128 0x9
 1171 02e3 6F757400 		.ascii	"out\000"
 1172 02e7 01       		.byte	0x1
 1173 02e8 8A       		.byte	0x8a
 1174 02e9 64000000 		.4byte	0x64
 1175 02ed AB000000 		.4byte	.LLST5
 1176 02f1 0A       		.uleb128 0xa
 1177 02f2 06000000 		.4byte	.LVL83
 1178 02f6 A1050000 		.4byte	0x5a1
 1179 02fa 0B       		.uleb128 0xb
 1180 02fb 0C000000 		.4byte	.LVL84
 1181 02ff AC050000 		.4byte	0x5ac
 1182 0303 0D030000 		.4byte	0x30d
 1183 0307 0C       		.uleb128 0xc
 1184 0308 01       		.uleb128 0x1
 1185 0309 50       		.byte	0x50
 1186 030a 01       		.uleb128 0x1
 1187 030b 32       		.byte	0x32
 1188 030c 00       		.byte	0
 1189 030d 0B       		.uleb128 0xb
 1190 030e 12000000 		.4byte	.LVL85
 1191 0312 B7050000 		.4byte	0x5b7
 1192 0316 20030000 		.4byte	0x320
 1193 031a 0C       		.uleb128 0xc
 1194 031b 01       		.uleb128 0x1
 1195 031c 50       		.byte	0x50
 1196 031d 01       		.uleb128 0x1
 1197 031e 31       		.byte	0x31
 1198 031f 00       		.byte	0
 1199 0320 0A       		.uleb128 0xa
 1200 0321 18000000 		.4byte	.LVL87
 1201 0325 C2050000 		.4byte	0x5c2
 1202 0329 00       		.byte	0
 1203 032a 13       		.uleb128 0x13
 1204 032b 0B020000 		.4byte	.LASF50
 1205 032f 01       		.byte	0x1
 1206 0330 92       		.byte	0x92
 1207 0331 64000000 		.4byte	0x64
 1208 0335 00000000 		.4byte	.LFB42
 1209 0339 00010000 		.4byte	.LFE42-.LFB42
 1210 033d 01       		.uleb128 0x1
ARM GAS  C:\Users\HELLOK~1\AppData\Local\Temp\cc8gm270.s 			page 26


 1211 033e 9C       		.byte	0x9c
 1212 033f 6A050000 		.4byte	0x56a
 1213 0343 14       		.uleb128 0x14
 1214 0344 58000000 		.4byte	.LBB2
 1215 0348 5E000000 		.4byte	.LBE2-.LBB2
 1216 034c 64040000 		.4byte	0x464
 1217 0350 08       		.uleb128 0x8
 1218 0351 C5000000 		.4byte	.LASF22
 1219 0355 01       		.byte	0x1
 1220 0356 B2       		.byte	0xb2
 1221 0357 25000000 		.4byte	0x25
 1222 035b C4000000 		.4byte	.LLST6
 1223 035f 12       		.uleb128 0x12
 1224 0360 39000000 		.4byte	.LASF26
 1225 0364 01       		.byte	0x1
 1226 0365 B4       		.byte	0xb4
 1227 0366 6A050000 		.4byte	0x56a
 1228 036a 02       		.uleb128 0x2
 1229 036b 91       		.byte	0x91
 1230 036c 50       		.sleb128 -48
 1231 036d 12       		.uleb128 0x12
 1232 036e 24000000 		.4byte	.LASF27
 1233 0372 01       		.byte	0x1
 1234 0373 B5       		.byte	0xb5
 1235 0374 6A050000 		.4byte	0x56a
 1236 0378 02       		.uleb128 0x2
 1237 0379 91       		.byte	0x91
 1238 037a 60       		.sleb128 -32
 1239 037b 0B       		.uleb128 0xb
 1240 037c 5E000000 		.4byte	.LVL101
 1241 0380 F0050000 		.4byte	0x5f0
 1242 0384 8F030000 		.4byte	0x38f
 1243 0388 0C       		.uleb128 0xc
 1244 0389 01       		.uleb128 0x1
 1245 038a 50       		.byte	0x50
 1246 038b 02       		.uleb128 0x2
 1247 038c 08       		.byte	0x8
 1248 038d 64       		.byte	0x64
 1249 038e 00       		.byte	0
 1250 038f 0A       		.uleb128 0xa
 1251 0390 62000000 		.4byte	.LVL102
 1252 0394 D9000000 		.4byte	0xd9
 1253 0398 0B       		.uleb128 0xb
 1254 0399 7A000000 		.4byte	.LVL105
 1255 039d FB050000 		.4byte	0x5fb
 1256 03a1 C1030000 		.4byte	0x3c1
 1257 03a5 0C       		.uleb128 0xc
 1258 03a6 01       		.uleb128 0x1
 1259 03a7 50       		.byte	0x50
 1260 03a8 02       		.uleb128 0x2
 1261 03a9 91       		.byte	0x91
 1262 03aa 50       		.sleb128 -48
 1263 03ab 0C       		.uleb128 0xc
 1264 03ac 01       		.uleb128 0x1
 1265 03ad 51       		.byte	0x51
 1266 03ae 01       		.uleb128 0x1
 1267 03af 40       		.byte	0x40
ARM GAS  C:\Users\HELLOK~1\AppData\Local\Temp\cc8gm270.s 			page 27


 1268 03b0 0C       		.uleb128 0xc
 1269 03b1 01       		.uleb128 0x1
 1270 03b2 52       		.byte	0x52
 1271 03b3 05       		.uleb128 0x5
 1272 03b4 03       		.byte	0x3
 1273 03b5 00000000 		.4byte	.LC2
 1274 03b9 0C       		.uleb128 0xc
 1275 03ba 02       		.uleb128 0x2
 1276 03bb 7D       		.byte	0x7d
 1277 03bc 08       		.sleb128 8
 1278 03bd 02       		.uleb128 0x2
 1279 03be 75       		.byte	0x75
 1280 03bf 00       		.sleb128 0
 1281 03c0 00       		.byte	0
 1282 03c1 0B       		.uleb128 0xb
 1283 03c2 80000000 		.4byte	.LVL106
 1284 03c6 49010000 		.4byte	0x149
 1285 03ca D6030000 		.4byte	0x3d6
 1286 03ce 0C       		.uleb128 0xc
 1287 03cf 01       		.uleb128 0x1
 1288 03d0 50       		.byte	0x50
 1289 03d1 03       		.uleb128 0x3
 1290 03d2 F5       		.byte	0xf5
 1291 03d3 04       		.uleb128 0x4
 1292 03d4 25       		.uleb128 0x25
 1293 03d5 00       		.byte	0
 1294 03d6 0B       		.uleb128 0xb
 1295 03d7 96000000 		.4byte	.LVL109
 1296 03db FB050000 		.4byte	0x5fb
 1297 03df FF030000 		.4byte	0x3ff
 1298 03e3 0C       		.uleb128 0xc
 1299 03e4 01       		.uleb128 0x1
 1300 03e5 50       		.byte	0x50
 1301 03e6 02       		.uleb128 0x2
 1302 03e7 91       		.byte	0x91
 1303 03e8 60       		.sleb128 -32
 1304 03e9 0C       		.uleb128 0xc
 1305 03ea 01       		.uleb128 0x1
 1306 03eb 51       		.byte	0x51
 1307 03ec 01       		.uleb128 0x1
 1308 03ed 40       		.byte	0x40
 1309 03ee 0C       		.uleb128 0xc
 1310 03ef 01       		.uleb128 0x1
 1311 03f0 52       		.byte	0x52
 1312 03f1 05       		.uleb128 0x5
 1313 03f2 03       		.byte	0x3
 1314 03f3 10000000 		.4byte	.LC4
 1315 03f7 0C       		.uleb128 0xc
 1316 03f8 02       		.uleb128 0x2
 1317 03f9 7D       		.byte	0x7d
 1318 03fa 08       		.sleb128 8
 1319 03fb 02       		.uleb128 0x2
 1320 03fc 75       		.byte	0x75
 1321 03fd 00       		.sleb128 0
 1322 03fe 00       		.byte	0
 1323 03ff 0B       		.uleb128 0xb
 1324 0400 9C000000 		.4byte	.LVL110
ARM GAS  C:\Users\HELLOK~1\AppData\Local\Temp\cc8gm270.s 			page 28


 1325 0404 06060000 		.4byte	0x606
 1326 0408 12040000 		.4byte	0x412
 1327 040c 0C       		.uleb128 0xc
 1328 040d 01       		.uleb128 0x1
 1329 040e 50       		.byte	0x50
 1330 040f 01       		.uleb128 0x1
 1331 0410 31       		.byte	0x31
 1332 0411 00       		.byte	0
 1333 0412 0B       		.uleb128 0xb
 1334 0413 A2000000 		.4byte	.LVL111
 1335 0417 11060000 		.4byte	0x611
 1336 041b 26040000 		.4byte	0x426
 1337 041f 0C       		.uleb128 0xc
 1338 0420 01       		.uleb128 0x1
 1339 0421 50       		.byte	0x50
 1340 0422 02       		.uleb128 0x2
 1341 0423 91       		.byte	0x91
 1342 0424 50       		.sleb128 -48
 1343 0425 00       		.byte	0
 1344 0426 0B       		.uleb128 0xb
 1345 0427 AA000000 		.4byte	.LVL112
 1346 042b 1C060000 		.4byte	0x61c
 1347 042f 3E040000 		.4byte	0x43e
 1348 0433 0C       		.uleb128 0xc
 1349 0434 01       		.uleb128 0x1
 1350 0435 50       		.byte	0x50
 1351 0436 01       		.uleb128 0x1
 1352 0437 31       		.byte	0x31
 1353 0438 0C       		.uleb128 0xc
 1354 0439 01       		.uleb128 0x1
 1355 043a 51       		.byte	0x51
 1356 043b 01       		.uleb128 0x1
 1357 043c 30       		.byte	0x30
 1358 043d 00       		.byte	0
 1359 043e 0B       		.uleb128 0xb
 1360 043f B0000000 		.4byte	.LVL113
 1361 0443 11060000 		.4byte	0x611
 1362 0447 52040000 		.4byte	0x452
 1363 044b 0C       		.uleb128 0xc
 1364 044c 01       		.uleb128 0x1
 1365 044d 50       		.byte	0x50
 1366 044e 02       		.uleb128 0x2
 1367 044f 91       		.byte	0x91
 1368 0450 60       		.sleb128 -32
 1369 0451 00       		.byte	0
 1370 0452 11       		.uleb128 0x11
 1371 0453 B6000000 		.4byte	.LVL114
 1372 0457 70010000 		.4byte	0x170
 1373 045b 0C       		.uleb128 0xc
 1374 045c 01       		.uleb128 0x1
 1375 045d 50       		.byte	0x50
 1376 045e 03       		.uleb128 0x3
 1377 045f F5       		.byte	0xf5
 1378 0460 04       		.uleb128 0x4
 1379 0461 25       		.uleb128 0x25
 1380 0462 00       		.byte	0
 1381 0463 00       		.byte	0
ARM GAS  C:\Users\HELLOK~1\AppData\Local\Temp\cc8gm270.s 			page 29


 1382 0464 14       		.uleb128 0x14
 1383 0465 B8000000 		.4byte	.LBB3
 1384 0469 48000000 		.4byte	.LBE3-.LBB3
 1385 046d 06050000 		.4byte	0x506
 1386 0471 08       		.uleb128 0x8
 1387 0472 E6000000 		.4byte	.LASF24
 1388 0476 01       		.byte	0x1
 1389 0477 C5       		.byte	0xc5
 1390 0478 25000000 		.4byte	0x25
 1391 047c E2000000 		.4byte	.LLST7
 1392 0480 12       		.uleb128 0x12
 1393 0481 39000000 		.4byte	.LASF26
 1394 0485 01       		.byte	0x1
 1395 0486 C7       		.byte	0xc7
 1396 0487 6A050000 		.4byte	0x56a
 1397 048b 02       		.uleb128 0x2
 1398 048c 91       		.byte	0x91
 1399 048d 60       		.sleb128 -32
 1400 048e 0B       		.uleb128 0xb
 1401 048f BE000000 		.4byte	.LVL115
 1402 0493 F0050000 		.4byte	0x5f0
 1403 0497 A2040000 		.4byte	0x4a2
 1404 049b 0C       		.uleb128 0xc
 1405 049c 01       		.uleb128 0x1
 1406 049d 50       		.byte	0x50
 1407 049e 02       		.uleb128 0x2
 1408 049f 08       		.byte	0x8
 1409 04a0 64       		.byte	0x64
 1410 04a1 00       		.byte	0
 1411 04a2 0A       		.uleb128 0xa
 1412 04a3 C2000000 		.4byte	.LVL116
 1413 04a7 BC020000 		.4byte	0x2bc
 1414 04ab 0B       		.uleb128 0xb
 1415 04ac D6000000 		.4byte	.LVL119
 1416 04b0 FB050000 		.4byte	0x5fb
 1417 04b4 CD040000 		.4byte	0x4cd
 1418 04b8 0C       		.uleb128 0xc
 1419 04b9 01       		.uleb128 0x1
 1420 04ba 50       		.byte	0x50
 1421 04bb 02       		.uleb128 0x2
 1422 04bc 91       		.byte	0x91
 1423 04bd 60       		.sleb128 -32
 1424 04be 0C       		.uleb128 0xc
 1425 04bf 01       		.uleb128 0x1
 1426 04c0 51       		.byte	0x51
 1427 04c1 01       		.uleb128 0x1
 1428 04c2 40       		.byte	0x40
 1429 04c3 0C       		.uleb128 0xc
 1430 04c4 01       		.uleb128 0x1
 1431 04c5 52       		.byte	0x52
 1432 04c6 05       		.uleb128 0x5
 1433 04c7 03       		.byte	0x3
 1434 04c8 20000000 		.4byte	.LC6
 1435 04cc 00       		.byte	0
 1436 04cd 0B       		.uleb128 0xb
 1437 04ce DC000000 		.4byte	.LVL120
 1438 04d2 06060000 		.4byte	0x606
ARM GAS  C:\Users\HELLOK~1\AppData\Local\Temp\cc8gm270.s 			page 30


 1439 04d6 E0040000 		.4byte	0x4e0
 1440 04da 0C       		.uleb128 0xc
 1441 04db 01       		.uleb128 0x1
 1442 04dc 50       		.byte	0x50
 1443 04dd 01       		.uleb128 0x1
 1444 04de 31       		.byte	0x31
 1445 04df 00       		.byte	0
 1446 04e0 0B       		.uleb128 0xb
 1447 04e1 E2000000 		.4byte	.LVL121
 1448 04e5 11060000 		.4byte	0x611
 1449 04e9 F4040000 		.4byte	0x4f4
 1450 04ed 0C       		.uleb128 0xc
 1451 04ee 01       		.uleb128 0x1
 1452 04ef 50       		.byte	0x50
 1453 04f0 02       		.uleb128 0x2
 1454 04f1 91       		.byte	0x91
 1455 04f2 60       		.sleb128 -32
 1456 04f3 00       		.byte	0
 1457 04f4 11       		.uleb128 0x11
 1458 04f5 E8000000 		.4byte	.LVL122
 1459 04f9 16020000 		.4byte	0x216
 1460 04fd 0C       		.uleb128 0xc
 1461 04fe 01       		.uleb128 0x1
 1462 04ff 50       		.byte	0x50
 1463 0500 03       		.uleb128 0x3
 1464 0501 F5       		.byte	0xf5
 1465 0502 04       		.uleb128 0x4
 1466 0503 25       		.uleb128 0x25
 1467 0504 00       		.byte	0
 1468 0505 00       		.byte	0
 1469 0506 0A       		.uleb128 0xa
 1470 0507 0A000000 		.4byte	.LVL92
 1471 050b 27060000 		.4byte	0x627
 1472 050f 0A       		.uleb128 0xa
 1473 0510 0E000000 		.4byte	.LVL93
 1474 0514 32060000 		.4byte	0x632
 1475 0518 0A       		.uleb128 0xa
 1476 0519 12000000 		.4byte	.LVL94
 1477 051d 3D060000 		.4byte	0x63d
 1478 0521 0A       		.uleb128 0xa
 1479 0522 16000000 		.4byte	.LVL95
 1480 0526 48060000 		.4byte	0x648
 1481 052a 0A       		.uleb128 0xa
 1482 052b 1A000000 		.4byte	.LVL96
 1483 052f B7000000 		.4byte	0xb7
 1484 0533 0A       		.uleb128 0xa
 1485 0534 38000000 		.4byte	.LVL97
 1486 0538 B7000000 		.4byte	0xb7
 1487 053c 0B       		.uleb128 0xb
 1488 053d 3E000000 		.4byte	.LVL98
 1489 0541 F0050000 		.4byte	0x5f0
 1490 0545 50050000 		.4byte	0x550
 1491 0549 0C       		.uleb128 0xc
 1492 054a 01       		.uleb128 0x1
 1493 054b 50       		.byte	0x50
 1494 054c 02       		.uleb128 0x2
 1495 054d 08       		.byte	0x8
ARM GAS  C:\Users\HELLOK~1\AppData\Local\Temp\cc8gm270.s 			page 31


 1496 054e 64       		.byte	0x64
 1497 054f 00       		.byte	0
 1498 0550 0A       		.uleb128 0xa
 1499 0551 4A000000 		.4byte	.LVL99
 1500 0555 C8000000 		.4byte	0xc8
 1501 0559 11       		.uleb128 0x11
 1502 055a 50000000 		.4byte	.LVL100
 1503 055e F0050000 		.4byte	0x5f0
 1504 0562 0C       		.uleb128 0xc
 1505 0563 01       		.uleb128 0x1
 1506 0564 50       		.byte	0x50
 1507 0565 02       		.uleb128 0x2
 1508 0566 08       		.byte	0x8
 1509 0567 64       		.byte	0x64
 1510 0568 00       		.byte	0
 1511 0569 00       		.byte	0
 1512 056a 15       		.uleb128 0x15
 1513 056b 91000000 		.4byte	0x91
 1514 056f 7A050000 		.4byte	0x57a
 1515 0573 16       		.uleb128 0x16
 1516 0574 B0000000 		.4byte	0xb0
 1517 0578 0F       		.byte	0xf
 1518 0579 00       		.byte	0
 1519 057a 17       		.uleb128 0x17
 1520 057b FC010000 		.4byte	.LASF28
 1521 057f 01       		.byte	0x1
 1522 0580 10       		.byte	0x10
 1523 0581 72000000 		.4byte	0x72
 1524 0585 05       		.uleb128 0x5
 1525 0586 03       		.byte	0x3
 1526 0587 00000000 		.4byte	mode
 1527 058b 17       		.uleb128 0x17
 1528 058c CD010000 		.4byte	.LASF29
 1529 0590 01       		.byte	0x1
 1530 0591 11       		.byte	0x11
 1531 0592 9C050000 		.4byte	0x59c
 1532 0596 05       		.uleb128 0x5
 1533 0597 03       		.byte	0x3
 1534 0598 00000000 		.4byte	buttonFlag
 1535 059c 05       		.uleb128 0x5
 1536 059d 64000000 		.4byte	0x64
 1537 05a1 18       		.uleb128 0x18
 1538 05a2 94000000 		.4byte	.LASF30
 1539 05a6 94000000 		.4byte	.LASF30
 1540 05aa 03       		.byte	0x3
 1541 05ab 9D       		.byte	0x9d
 1542 05ac 18       		.uleb128 0x18
 1543 05ad B1000000 		.4byte	.LASF31
 1544 05b1 B1000000 		.4byte	.LASF31
 1545 05b5 03       		.byte	0x3
 1546 05b6 9F       		.byte	0x9f
 1547 05b7 18       		.uleb128 0x18
 1548 05b8 51000000 		.4byte	.LASF32
 1549 05bc 51000000 		.4byte	.LASF32
 1550 05c0 03       		.byte	0x3
 1551 05c1 A0       		.byte	0xa0
 1552 05c2 18       		.uleb128 0x18
ARM GAS  C:\Users\HELLOK~1\AppData\Local\Temp\cc8gm270.s 			page 32


 1553 05c3 EE000000 		.4byte	.LASF33
 1554 05c7 EE000000 		.4byte	.LASF33
 1555 05cb 03       		.byte	0x3
 1556 05cc 9E       		.byte	0x9e
 1557 05cd 19       		.uleb128 0x19
 1558 05ce 9E020000 		.4byte	.LASF34
 1559 05d2 9E020000 		.4byte	.LASF34
 1560 05d6 04       		.byte	0x4
 1561 05d7 5001     		.2byte	0x150
 1562 05d9 19       		.uleb128 0x19
 1563 05da 1E010000 		.4byte	.LASF35
 1564 05de 1E010000 		.4byte	.LASF35
 1565 05e2 04       		.byte	0x4
 1566 05e3 5501     		.2byte	0x155
 1567 05e5 18       		.uleb128 0x18
 1568 05e6 AB010000 		.4byte	.LASF36
 1569 05ea AB010000 		.4byte	.LASF36
 1570 05ee 05       		.byte	0x5
 1571 05ef 2F       		.byte	0x2f
 1572 05f0 18       		.uleb128 0x18
 1573 05f1 24030000 		.4byte	.LASF37
 1574 05f5 24030000 		.4byte	.LASF37
 1575 05f9 06       		.byte	0x6
 1576 05fa D9       		.byte	0xd9
 1577 05fb 18       		.uleb128 0x18
 1578 05fc DD000000 		.4byte	.LASF38
 1579 0600 DD000000 		.4byte	.LASF38
 1580 0604 07       		.byte	0x7
 1581 0605 FD       		.byte	0xfd
 1582 0606 18       		.uleb128 0x18
 1583 0607 06000000 		.4byte	.LASF39
 1584 060b 06000000 		.4byte	.LASF39
 1585 060f 08       		.byte	0x8
 1586 0610 3A       		.byte	0x3a
 1587 0611 18       		.uleb128 0x18
 1588 0612 9B010000 		.4byte	.LASF40
 1589 0616 9B010000 		.4byte	.LASF40
 1590 061a 08       		.byte	0x8
 1591 061b 3C       		.byte	0x3c
 1592 061c 18       		.uleb128 0x18
 1593 061d EF010000 		.4byte	.LASF41
 1594 0621 EF010000 		.4byte	.LASF41
 1595 0625 08       		.byte	0x8
 1596 0626 3D       		.byte	0x3d
 1597 0627 18       		.uleb128 0x18
 1598 0628 01020000 		.4byte	.LASF42
 1599 062c 01020000 		.4byte	.LASF42
 1600 0630 03       		.byte	0x3
 1601 0631 99       		.byte	0x99
 1602 0632 18       		.uleb128 0x18
 1603 0633 C5020000 		.4byte	.LASF43
 1604 0637 C5020000 		.4byte	.LASF43
 1605 063b 09       		.byte	0x9
 1606 063c 17       		.byte	0x17
 1607 063d 18       		.uleb128 0x18
 1608 063e F9020000 		.4byte	.LASF44
 1609 0642 F9020000 		.4byte	.LASF44
ARM GAS  C:\Users\HELLOK~1\AppData\Local\Temp\cc8gm270.s 			page 33


 1610 0646 08       		.byte	0x8
 1611 0647 38       		.byte	0x38
 1612 0648 19       		.uleb128 0x19
 1613 0649 2F000000 		.4byte	.LASF45
 1614 064d 2F000000 		.4byte	.LASF45
 1615 0651 04       		.byte	0x4
 1616 0652 3201     		.2byte	0x132
 1617 0654 00       		.byte	0
 1618              		.section	.debug_abbrev,"",%progbits
 1619              	.Ldebug_abbrev0:
 1620 0000 01       		.uleb128 0x1
 1621 0001 11       		.uleb128 0x11
 1622 0002 01       		.byte	0x1
 1623 0003 25       		.uleb128 0x25
 1624 0004 0E       		.uleb128 0xe
 1625 0005 13       		.uleb128 0x13
 1626 0006 0B       		.uleb128 0xb
 1627 0007 03       		.uleb128 0x3
 1628 0008 0E       		.uleb128 0xe
 1629 0009 1B       		.uleb128 0x1b
 1630 000a 0E       		.uleb128 0xe
 1631 000b 55       		.uleb128 0x55
 1632 000c 17       		.uleb128 0x17
 1633 000d 11       		.uleb128 0x11
 1634 000e 01       		.uleb128 0x1
 1635 000f 10       		.uleb128 0x10
 1636 0010 17       		.uleb128 0x17
 1637 0011 00       		.byte	0
 1638 0012 00       		.byte	0
 1639 0013 02       		.uleb128 0x2
 1640 0014 24       		.uleb128 0x24
 1641 0015 00       		.byte	0
 1642 0016 0B       		.uleb128 0xb
 1643 0017 0B       		.uleb128 0xb
 1644 0018 3E       		.uleb128 0x3e
 1645 0019 0B       		.uleb128 0xb
 1646 001a 03       		.uleb128 0x3
 1647 001b 0E       		.uleb128 0xe
 1648 001c 00       		.byte	0
 1649 001d 00       		.byte	0
 1650 001e 03       		.uleb128 0x3
 1651 001f 24       		.uleb128 0x24
 1652 0020 00       		.byte	0
 1653 0021 0B       		.uleb128 0xb
 1654 0022 0B       		.uleb128 0xb
 1655 0023 3E       		.uleb128 0x3e
 1656 0024 0B       		.uleb128 0xb
 1657 0025 03       		.uleb128 0x3
 1658 0026 08       		.uleb128 0x8
 1659 0027 00       		.byte	0
 1660 0028 00       		.byte	0
 1661 0029 04       		.uleb128 0x4
 1662 002a 16       		.uleb128 0x16
 1663 002b 00       		.byte	0
 1664 002c 03       		.uleb128 0x3
 1665 002d 0E       		.uleb128 0xe
 1666 002e 3A       		.uleb128 0x3a
ARM GAS  C:\Users\HELLOK~1\AppData\Local\Temp\cc8gm270.s 			page 34


 1667 002f 0B       		.uleb128 0xb
 1668 0030 3B       		.uleb128 0x3b
 1669 0031 05       		.uleb128 0x5
 1670 0032 49       		.uleb128 0x49
 1671 0033 13       		.uleb128 0x13
 1672 0034 00       		.byte	0
 1673 0035 00       		.byte	0
 1674 0036 05       		.uleb128 0x5
 1675 0037 35       		.uleb128 0x35
 1676 0038 00       		.byte	0
 1677 0039 49       		.uleb128 0x49
 1678 003a 13       		.uleb128 0x13
 1679 003b 00       		.byte	0
 1680 003c 00       		.byte	0
 1681 003d 06       		.uleb128 0x6
 1682 003e 2E       		.uleb128 0x2e
 1683 003f 00       		.byte	0
 1684 0040 3F       		.uleb128 0x3f
 1685 0041 19       		.uleb128 0x19
 1686 0042 03       		.uleb128 0x3
 1687 0043 0E       		.uleb128 0xe
 1688 0044 3A       		.uleb128 0x3a
 1689 0045 0B       		.uleb128 0xb
 1690 0046 3B       		.uleb128 0x3b
 1691 0047 0B       		.uleb128 0xb
 1692 0048 11       		.uleb128 0x11
 1693 0049 01       		.uleb128 0x1
 1694 004a 12       		.uleb128 0x12
 1695 004b 06       		.uleb128 0x6
 1696 004c 40       		.uleb128 0x40
 1697 004d 18       		.uleb128 0x18
 1698 004e 9742     		.uleb128 0x2117
 1699 0050 19       		.uleb128 0x19
 1700 0051 00       		.byte	0
 1701 0052 00       		.byte	0
 1702 0053 07       		.uleb128 0x7
 1703 0054 2E       		.uleb128 0x2e
 1704 0055 01       		.byte	0x1
 1705 0056 3F       		.uleb128 0x3f
 1706 0057 19       		.uleb128 0x19
 1707 0058 03       		.uleb128 0x3
 1708 0059 0E       		.uleb128 0xe
 1709 005a 3A       		.uleb128 0x3a
 1710 005b 0B       		.uleb128 0xb
 1711 005c 3B       		.uleb128 0x3b
 1712 005d 0B       		.uleb128 0xb
 1713 005e 49       		.uleb128 0x49
 1714 005f 13       		.uleb128 0x13
 1715 0060 11       		.uleb128 0x11
 1716 0061 01       		.uleb128 0x1
 1717 0062 12       		.uleb128 0x12
 1718 0063 06       		.uleb128 0x6
 1719 0064 40       		.uleb128 0x40
 1720 0065 18       		.uleb128 0x18
 1721 0066 9642     		.uleb128 0x2116
 1722 0068 19       		.uleb128 0x19
 1723 0069 01       		.uleb128 0x1
ARM GAS  C:\Users\HELLOK~1\AppData\Local\Temp\cc8gm270.s 			page 35


 1724 006a 13       		.uleb128 0x13
 1725 006b 00       		.byte	0
 1726 006c 00       		.byte	0
 1727 006d 08       		.uleb128 0x8
 1728 006e 34       		.uleb128 0x34
 1729 006f 00       		.byte	0
 1730 0070 03       		.uleb128 0x3
 1731 0071 0E       		.uleb128 0xe
 1732 0072 3A       		.uleb128 0x3a
 1733 0073 0B       		.uleb128 0xb
 1734 0074 3B       		.uleb128 0x3b
 1735 0075 0B       		.uleb128 0xb
 1736 0076 49       		.uleb128 0x49
 1737 0077 13       		.uleb128 0x13
 1738 0078 02       		.uleb128 0x2
 1739 0079 17       		.uleb128 0x17
 1740 007a 00       		.byte	0
 1741 007b 00       		.byte	0
 1742 007c 09       		.uleb128 0x9
 1743 007d 34       		.uleb128 0x34
 1744 007e 00       		.byte	0
 1745 007f 03       		.uleb128 0x3
 1746 0080 08       		.uleb128 0x8
 1747 0081 3A       		.uleb128 0x3a
 1748 0082 0B       		.uleb128 0xb
 1749 0083 3B       		.uleb128 0x3b
 1750 0084 0B       		.uleb128 0xb
 1751 0085 49       		.uleb128 0x49
 1752 0086 13       		.uleb128 0x13
 1753 0087 02       		.uleb128 0x2
 1754 0088 17       		.uleb128 0x17
 1755 0089 00       		.byte	0
 1756 008a 00       		.byte	0
 1757 008b 0A       		.uleb128 0xa
 1758 008c 898201   		.uleb128 0x4109
 1759 008f 00       		.byte	0
 1760 0090 11       		.uleb128 0x11
 1761 0091 01       		.uleb128 0x1
 1762 0092 31       		.uleb128 0x31
 1763 0093 13       		.uleb128 0x13
 1764 0094 00       		.byte	0
 1765 0095 00       		.byte	0
 1766 0096 0B       		.uleb128 0xb
 1767 0097 898201   		.uleb128 0x4109
 1768 009a 01       		.byte	0x1
 1769 009b 11       		.uleb128 0x11
 1770 009c 01       		.uleb128 0x1
 1771 009d 31       		.uleb128 0x31
 1772 009e 13       		.uleb128 0x13
 1773 009f 01       		.uleb128 0x1
 1774 00a0 13       		.uleb128 0x13
 1775 00a1 00       		.byte	0
 1776 00a2 00       		.byte	0
 1777 00a3 0C       		.uleb128 0xc
 1778 00a4 8A8201   		.uleb128 0x410a
 1779 00a7 00       		.byte	0
 1780 00a8 02       		.uleb128 0x2
ARM GAS  C:\Users\HELLOK~1\AppData\Local\Temp\cc8gm270.s 			page 36


 1781 00a9 18       		.uleb128 0x18
 1782 00aa 9142     		.uleb128 0x2111
 1783 00ac 18       		.uleb128 0x18
 1784 00ad 00       		.byte	0
 1785 00ae 00       		.byte	0
 1786 00af 0D       		.uleb128 0xd
 1787 00b0 2E       		.uleb128 0x2e
 1788 00b1 01       		.byte	0x1
 1789 00b2 3F       		.uleb128 0x3f
 1790 00b3 19       		.uleb128 0x19
 1791 00b4 03       		.uleb128 0x3
 1792 00b5 0E       		.uleb128 0xe
 1793 00b6 3A       		.uleb128 0x3a
 1794 00b7 0B       		.uleb128 0xb
 1795 00b8 3B       		.uleb128 0x3b
 1796 00b9 0B       		.uleb128 0xb
 1797 00ba 27       		.uleb128 0x27
 1798 00bb 19       		.uleb128 0x19
 1799 00bc 49       		.uleb128 0x49
 1800 00bd 13       		.uleb128 0x13
 1801 00be 11       		.uleb128 0x11
 1802 00bf 01       		.uleb128 0x1
 1803 00c0 12       		.uleb128 0x12
 1804 00c1 06       		.uleb128 0x6
 1805 00c2 40       		.uleb128 0x40
 1806 00c3 18       		.uleb128 0x18
 1807 00c4 9642     		.uleb128 0x2116
 1808 00c6 19       		.uleb128 0x19
 1809 00c7 01       		.uleb128 0x1
 1810 00c8 13       		.uleb128 0x13
 1811 00c9 00       		.byte	0
 1812 00ca 00       		.byte	0
 1813 00cb 0E       		.uleb128 0xe
 1814 00cc 05       		.uleb128 0x5
 1815 00cd 00       		.byte	0
 1816 00ce 03       		.uleb128 0x3
 1817 00cf 08       		.uleb128 0x8
 1818 00d0 3A       		.uleb128 0x3a
 1819 00d1 0B       		.uleb128 0xb
 1820 00d2 3B       		.uleb128 0x3b
 1821 00d3 0B       		.uleb128 0xb
 1822 00d4 49       		.uleb128 0x49
 1823 00d5 13       		.uleb128 0x13
 1824 00d6 02       		.uleb128 0x2
 1825 00d7 17       		.uleb128 0x17
 1826 00d8 00       		.byte	0
 1827 00d9 00       		.byte	0
 1828 00da 0F       		.uleb128 0xf
 1829 00db 2E       		.uleb128 0x2e
 1830 00dc 01       		.byte	0x1
 1831 00dd 3F       		.uleb128 0x3f
 1832 00de 19       		.uleb128 0x19
 1833 00df 03       		.uleb128 0x3
 1834 00e0 0E       		.uleb128 0xe
 1835 00e1 3A       		.uleb128 0x3a
 1836 00e2 0B       		.uleb128 0xb
 1837 00e3 3B       		.uleb128 0x3b
ARM GAS  C:\Users\HELLOK~1\AppData\Local\Temp\cc8gm270.s 			page 37


 1838 00e4 0B       		.uleb128 0xb
 1839 00e5 27       		.uleb128 0x27
 1840 00e6 19       		.uleb128 0x19
 1841 00e7 11       		.uleb128 0x11
 1842 00e8 01       		.uleb128 0x1
 1843 00e9 12       		.uleb128 0x12
 1844 00ea 06       		.uleb128 0x6
 1845 00eb 40       		.uleb128 0x40
 1846 00ec 18       		.uleb128 0x18
 1847 00ed 9642     		.uleb128 0x2116
 1848 00ef 19       		.uleb128 0x19
 1849 00f0 01       		.uleb128 0x1
 1850 00f1 13       		.uleb128 0x13
 1851 00f2 00       		.byte	0
 1852 00f3 00       		.byte	0
 1853 00f4 10       		.uleb128 0x10
 1854 00f5 05       		.uleb128 0x5
 1855 00f6 00       		.byte	0
 1856 00f7 03       		.uleb128 0x3
 1857 00f8 0E       		.uleb128 0xe
 1858 00f9 3A       		.uleb128 0x3a
 1859 00fa 0B       		.uleb128 0xb
 1860 00fb 3B       		.uleb128 0x3b
 1861 00fc 0B       		.uleb128 0xb
 1862 00fd 49       		.uleb128 0x49
 1863 00fe 13       		.uleb128 0x13
 1864 00ff 02       		.uleb128 0x2
 1865 0100 17       		.uleb128 0x17
 1866 0101 00       		.byte	0
 1867 0102 00       		.byte	0
 1868 0103 11       		.uleb128 0x11
 1869 0104 898201   		.uleb128 0x4109
 1870 0107 01       		.byte	0x1
 1871 0108 11       		.uleb128 0x11
 1872 0109 01       		.uleb128 0x1
 1873 010a 31       		.uleb128 0x31
 1874 010b 13       		.uleb128 0x13
 1875 010c 00       		.byte	0
 1876 010d 00       		.byte	0
 1877 010e 12       		.uleb128 0x12
 1878 010f 34       		.uleb128 0x34
 1879 0110 00       		.byte	0
 1880 0111 03       		.uleb128 0x3
 1881 0112 0E       		.uleb128 0xe
 1882 0113 3A       		.uleb128 0x3a
 1883 0114 0B       		.uleb128 0xb
 1884 0115 3B       		.uleb128 0x3b
 1885 0116 0B       		.uleb128 0xb
 1886 0117 49       		.uleb128 0x49
 1887 0118 13       		.uleb128 0x13
 1888 0119 02       		.uleb128 0x2
 1889 011a 18       		.uleb128 0x18
 1890 011b 00       		.byte	0
 1891 011c 00       		.byte	0
 1892 011d 13       		.uleb128 0x13
 1893 011e 2E       		.uleb128 0x2e
 1894 011f 01       		.byte	0x1
ARM GAS  C:\Users\HELLOK~1\AppData\Local\Temp\cc8gm270.s 			page 38


 1895 0120 3F       		.uleb128 0x3f
 1896 0121 19       		.uleb128 0x19
 1897 0122 03       		.uleb128 0x3
 1898 0123 0E       		.uleb128 0xe
 1899 0124 3A       		.uleb128 0x3a
 1900 0125 0B       		.uleb128 0xb
 1901 0126 3B       		.uleb128 0x3b
 1902 0127 0B       		.uleb128 0xb
 1903 0128 27       		.uleb128 0x27
 1904 0129 19       		.uleb128 0x19
 1905 012a 49       		.uleb128 0x49
 1906 012b 13       		.uleb128 0x13
 1907 012c 8701     		.uleb128 0x87
 1908 012e 19       		.uleb128 0x19
 1909 012f 11       		.uleb128 0x11
 1910 0130 01       		.uleb128 0x1
 1911 0131 12       		.uleb128 0x12
 1912 0132 06       		.uleb128 0x6
 1913 0133 40       		.uleb128 0x40
 1914 0134 18       		.uleb128 0x18
 1915 0135 9642     		.uleb128 0x2116
 1916 0137 19       		.uleb128 0x19
 1917 0138 01       		.uleb128 0x1
 1918 0139 13       		.uleb128 0x13
 1919 013a 00       		.byte	0
 1920 013b 00       		.byte	0
 1921 013c 14       		.uleb128 0x14
 1922 013d 0B       		.uleb128 0xb
 1923 013e 01       		.byte	0x1
 1924 013f 11       		.uleb128 0x11
 1925 0140 01       		.uleb128 0x1
 1926 0141 12       		.uleb128 0x12
 1927 0142 06       		.uleb128 0x6
 1928 0143 01       		.uleb128 0x1
 1929 0144 13       		.uleb128 0x13
 1930 0145 00       		.byte	0
 1931 0146 00       		.byte	0
 1932 0147 15       		.uleb128 0x15
 1933 0148 01       		.uleb128 0x1
 1934 0149 01       		.byte	0x1
 1935 014a 49       		.uleb128 0x49
 1936 014b 13       		.uleb128 0x13
 1937 014c 01       		.uleb128 0x1
 1938 014d 13       		.uleb128 0x13
 1939 014e 00       		.byte	0
 1940 014f 00       		.byte	0
 1941 0150 16       		.uleb128 0x16
 1942 0151 21       		.uleb128 0x21
 1943 0152 00       		.byte	0
 1944 0153 49       		.uleb128 0x49
 1945 0154 13       		.uleb128 0x13
 1946 0155 2F       		.uleb128 0x2f
 1947 0156 0B       		.uleb128 0xb
 1948 0157 00       		.byte	0
 1949 0158 00       		.byte	0
 1950 0159 17       		.uleb128 0x17
 1951 015a 34       		.uleb128 0x34
ARM GAS  C:\Users\HELLOK~1\AppData\Local\Temp\cc8gm270.s 			page 39


 1952 015b 00       		.byte	0
 1953 015c 03       		.uleb128 0x3
 1954 015d 0E       		.uleb128 0xe
 1955 015e 3A       		.uleb128 0x3a
 1956 015f 0B       		.uleb128 0xb
 1957 0160 3B       		.uleb128 0x3b
 1958 0161 0B       		.uleb128 0xb
 1959 0162 49       		.uleb128 0x49
 1960 0163 13       		.uleb128 0x13
 1961 0164 3F       		.uleb128 0x3f
 1962 0165 19       		.uleb128 0x19
 1963 0166 02       		.uleb128 0x2
 1964 0167 18       		.uleb128 0x18
 1965 0168 00       		.byte	0
 1966 0169 00       		.byte	0
 1967 016a 18       		.uleb128 0x18
 1968 016b 2E       		.uleb128 0x2e
 1969 016c 00       		.byte	0
 1970 016d 3F       		.uleb128 0x3f
 1971 016e 19       		.uleb128 0x19
 1972 016f 3C       		.uleb128 0x3c
 1973 0170 19       		.uleb128 0x19
 1974 0171 6E       		.uleb128 0x6e
 1975 0172 0E       		.uleb128 0xe
 1976 0173 03       		.uleb128 0x3
 1977 0174 0E       		.uleb128 0xe
 1978 0175 3A       		.uleb128 0x3a
 1979 0176 0B       		.uleb128 0xb
 1980 0177 3B       		.uleb128 0x3b
 1981 0178 0B       		.uleb128 0xb
 1982 0179 00       		.byte	0
 1983 017a 00       		.byte	0
 1984 017b 19       		.uleb128 0x19
 1985 017c 2E       		.uleb128 0x2e
 1986 017d 00       		.byte	0
 1987 017e 3F       		.uleb128 0x3f
 1988 017f 19       		.uleb128 0x19
 1989 0180 3C       		.uleb128 0x3c
 1990 0181 19       		.uleb128 0x19
 1991 0182 6E       		.uleb128 0x6e
 1992 0183 0E       		.uleb128 0xe
 1993 0184 03       		.uleb128 0x3
 1994 0185 0E       		.uleb128 0xe
 1995 0186 3A       		.uleb128 0x3a
 1996 0187 0B       		.uleb128 0xb
 1997 0188 3B       		.uleb128 0x3b
 1998 0189 05       		.uleb128 0x5
 1999 018a 00       		.byte	0
 2000 018b 00       		.byte	0
 2001 018c 00       		.byte	0
 2002              		.section	.debug_loc,"",%progbits
 2003              	.Ldebug_loc0:
 2004              	.LLST0:
 2005 0000 2A000000 		.4byte	.LVL7
 2006 0004 2D000000 		.4byte	.LVL8-1
 2007 0008 0100     		.2byte	0x1
 2008 000a 50       		.byte	0x50
ARM GAS  C:\Users\HELLOK~1\AppData\Local\Temp\cc8gm270.s 			page 40


 2009 000b 00000000 		.4byte	0
 2010 000f 00000000 		.4byte	0
 2011              	.LLST1:
 2012 0013 14000000 		.4byte	.LVL3
 2013 0017 42000000 		.4byte	.LVL12
 2014 001b 0700     		.2byte	0x7
 2015 001d 74       		.byte	0x74
 2016 001e 00       		.sleb128 0
 2017 001f 40       		.byte	0x40
 2018 0020 24       		.byte	0x24
 2019 0021 40       		.byte	0x40
 2020 0022 26       		.byte	0x26
 2021 0023 9F       		.byte	0x9f
 2022 0024 00000000 		.4byte	0
 2023 0028 00000000 		.4byte	0
 2024              	.LLST2:
 2025 002c 00000000 		.4byte	.LVL13
 2026 0030 07000000 		.4byte	.LVL14-1
 2027 0034 0100     		.2byte	0x1
 2028 0036 50       		.byte	0x50
 2029 0037 07000000 		.4byte	.LVL14-1
 2030 003b 18000000 		.4byte	.LFE38
 2031 003f 0600     		.2byte	0x6
 2032 0041 F3       		.byte	0xf3
 2033 0042 03       		.uleb128 0x3
 2034 0043 F5       		.byte	0xf5
 2035 0044 00       		.uleb128 0
 2036 0045 25       		.uleb128 0x25
 2037 0046 9F       		.byte	0x9f
 2038 0047 00000000 		.4byte	0
 2039 004b 00000000 		.4byte	0
 2040              	.LLST3:
 2041 004f 00000000 		.4byte	.LVL16
 2042 0053 06000000 		.4byte	.LVL17
 2043 0057 0100     		.2byte	0x1
 2044 0059 50       		.byte	0x50
 2045 005a 06000000 		.4byte	.LVL17
 2046 005e EA000000 		.4byte	.LVL50
 2047 0062 0100     		.2byte	0x1
 2048 0064 54       		.byte	0x54
 2049 0065 EA000000 		.4byte	.LVL50
 2050 0069 14010000 		.4byte	.LFE39
 2051 006d 0600     		.2byte	0x6
 2052 006f F3       		.byte	0xf3
 2053 0070 03       		.uleb128 0x3
 2054 0071 F5       		.byte	0xf5
 2055 0072 00       		.uleb128 0
 2056 0073 25       		.uleb128 0x25
 2057 0074 9F       		.byte	0x9f
 2058 0075 00000000 		.4byte	0
 2059 0079 00000000 		.4byte	0
 2060              	.LLST4:
 2061 007d 00000000 		.4byte	.LVL51
 2062 0081 06000000 		.4byte	.LVL52
 2063 0085 0100     		.2byte	0x1
 2064 0087 50       		.byte	0x50
 2065 0088 06000000 		.4byte	.LVL52
ARM GAS  C:\Users\HELLOK~1\AppData\Local\Temp\cc8gm270.s 			page 41


 2066 008c 14000000 		.4byte	.LVL55
 2067 0090 0100     		.2byte	0x1
 2068 0092 54       		.byte	0x54
 2069 0093 14000000 		.4byte	.LVL55
 2070 0097 24010000 		.4byte	.LFE40
 2071 009b 0600     		.2byte	0x6
 2072 009d F3       		.byte	0xf3
 2073 009e 03       		.uleb128 0x3
 2074 009f F5       		.byte	0xf5
 2075 00a0 00       		.uleb128 0
 2076 00a1 25       		.uleb128 0x25
 2077 00a2 9F       		.byte	0x9f
 2078 00a3 00000000 		.4byte	0
 2079 00a7 00000000 		.4byte	0
 2080              	.LLST5:
 2081 00ab 14000000 		.4byte	.LVL86
 2082 00af 2A000000 		.4byte	.LVL91
 2083 00b3 0700     		.2byte	0x7
 2084 00b5 74       		.byte	0x74
 2085 00b6 00       		.sleb128 0
 2086 00b7 40       		.byte	0x40
 2087 00b8 24       		.byte	0x24
 2088 00b9 40       		.byte	0x40
 2089 00ba 26       		.byte	0x26
 2090 00bb 9F       		.byte	0x9f
 2091 00bc 00000000 		.4byte	0
 2092 00c0 00000000 		.4byte	0
 2093              	.LLST6:
 2094 00c4 64000000 		.4byte	.LVL103
 2095 00c8 6B000000 		.4byte	.LVL104-1
 2096 00cc 0100     		.2byte	0x1
 2097 00ce 50       		.byte	0x50
 2098 00cf 6B000000 		.4byte	.LVL104-1
 2099 00d3 82000000 		.4byte	.LVL107
 2100 00d7 0100     		.2byte	0x1
 2101 00d9 54       		.byte	0x54
 2102 00da 00000000 		.4byte	0
 2103 00de 00000000 		.4byte	0
 2104              	.LLST7:
 2105 00e2 C4000000 		.4byte	.LVL117
 2106 00e6 C7000000 		.4byte	.LVL118-1
 2107 00ea 0100     		.2byte	0x1
 2108 00ec 50       		.byte	0x50
 2109 00ed C7000000 		.4byte	.LVL118-1
 2110 00f1 00010000 		.4byte	.LFE42
 2111 00f5 0100     		.2byte	0x1
 2112 00f7 54       		.byte	0x54
 2113 00f8 00000000 		.4byte	0
 2114 00fc 00000000 		.4byte	0
 2115              		.section	.debug_aranges,"",%progbits
 2116 0000 54000000 		.4byte	0x54
 2117 0004 0200     		.2byte	0x2
 2118 0006 00000000 		.4byte	.Ldebug_info0
 2119 000a 04       		.byte	0x4
 2120 000b 00       		.byte	0
 2121 000c 0000     		.2byte	0
 2122 000e 0000     		.2byte	0
ARM GAS  C:\Users\HELLOK~1\AppData\Local\Temp\cc8gm270.s 			page 42


 2123 0010 00000000 		.4byte	.LFB35
 2124 0014 14000000 		.4byte	.LFE35-.LFB35
 2125 0018 00000000 		.4byte	.LFB36
 2126 001c 14000000 		.4byte	.LFE36-.LFB36
 2127 0020 00000000 		.4byte	.LFB37
 2128 0024 5C000000 		.4byte	.LFE37-.LFB37
 2129 0028 00000000 		.4byte	.LFB38
 2130 002c 18000000 		.4byte	.LFE38-.LFB38
 2131 0030 00000000 		.4byte	.LFB39
 2132 0034 14010000 		.4byte	.LFE39-.LFB39
 2133 0038 00000000 		.4byte	.LFB40
 2134 003c 24010000 		.4byte	.LFE40-.LFB40
 2135 0040 00000000 		.4byte	.LFB41
 2136 0044 34000000 		.4byte	.LFE41-.LFB41
 2137 0048 00000000 		.4byte	.LFB42
 2138 004c 00010000 		.4byte	.LFE42-.LFB42
 2139 0050 00000000 		.4byte	0
 2140 0054 00000000 		.4byte	0
 2141              		.section	.debug_ranges,"",%progbits
 2142              	.Ldebug_ranges0:
 2143 0000 00000000 		.4byte	.LFB35
 2144 0004 14000000 		.4byte	.LFE35
 2145 0008 00000000 		.4byte	.LFB36
 2146 000c 14000000 		.4byte	.LFE36
 2147 0010 00000000 		.4byte	.LFB37
 2148 0014 5C000000 		.4byte	.LFE37
 2149 0018 00000000 		.4byte	.LFB38
 2150 001c 18000000 		.4byte	.LFE38
 2151 0020 00000000 		.4byte	.LFB39
 2152 0024 14010000 		.4byte	.LFE39
 2153 0028 00000000 		.4byte	.LFB40
 2154 002c 24010000 		.4byte	.LFE40
 2155 0030 00000000 		.4byte	.LFB41
 2156 0034 34000000 		.4byte	.LFE41
 2157 0038 00000000 		.4byte	.LFB42
 2158 003c 00010000 		.4byte	.LFE42
 2159 0040 00000000 		.4byte	0
 2160 0044 00000000 		.4byte	0
 2161              		.section	.debug_line,"",%progbits
 2162              	.Ldebug_line0:
 2163 0000 E3010000 		.section	.debug_str,"MS",%progbits,1
 2163      0200F400 
 2163      00000201 
 2163      FB0E0D00 
 2163      01010101 
 2164              	.LASF14:
 2165 0000 72656733 		.ascii	"reg32\000"
 2165      3200
 2166              	.LASF39:
 2167 0006 4C43445F 		.ascii	"LCD_WriteControl\000"
 2167      57726974 
 2167      65436F6E 
 2167      74726F6C 
 2167      00
 2168              	.LASF20:
 2169 0017 67657454 		.ascii	"getTempValue\000"
 2169      656D7056 
ARM GAS  C:\Users\HELLOK~1\AppData\Local\Temp\cc8gm270.s 			page 43


 2169      616C7565 
 2169      00
 2170              	.LASF27:
 2171 0024 626F7474 		.ascii	"bottomLine\000"
 2171      6F6D4C69 
 2171      6E6500
 2172              	.LASF45:
 2173 002f 50574D5F 		.ascii	"PWM_Start\000"
 2173      53746172 
 2173      7400
 2174              	.LASF26:
 2175 0039 746F704C 		.ascii	"topLine\000"
 2175      696E6500 
 2176              	.LASF12:
 2177 0041 646F7562 		.ascii	"double\000"
 2177      6C6500
 2178              	.LASF17:
 2179 0048 74656D70 		.ascii	"tempInit\000"
 2179      496E6974 
 2179      00
 2180              	.LASF32:
 2181 0051 4144435F 		.ascii	"ADC_GetResult16\000"
 2181      47657452 
 2181      6573756C 
 2181      74313600 
 2182              	.LASF0:
 2183 0061 666C6F61 		.ascii	"float\000"
 2183      7400
 2184              	.LASF23:
 2185 0067 73656C65 		.ascii	"selectVoltageLED\000"
 2185      6374566F 
 2185      6C746167 
 2185      654C4544 
 2185      00
 2186              	.LASF10:
 2187 0078 75696E74 		.ascii	"uint8\000"
 2187      3800
 2188              	.LASF2:
 2189 007e 756E7369 		.ascii	"unsigned char\000"
 2189      676E6564 
 2189      20636861 
 2189      7200
 2190              	.LASF18:
 2191 008c 706F7449 		.ascii	"potInit\000"
 2191      6E697400 
 2192              	.LASF30:
 2193 0094 4144435F 		.ascii	"ADC_StartConvert\000"
 2193      53746172 
 2193      74436F6E 
 2193      76657274 
 2193      00
 2194              	.LASF49:
 2195 00a5 636F6E76 		.ascii	"convertCtoF\000"
 2195      65727443 
 2195      746F4600 
 2196              	.LASF31:
 2197 00b1 4144435F 		.ascii	"ADC_IsEndConversion\000"
ARM GAS  C:\Users\HELLOK~1\AppData\Local\Temp\cc8gm270.s 			page 44


 2197      4973456E 
 2197      64436F6E 
 2197      76657273 
 2197      696F6E00 
 2198              	.LASF22:
 2199 00c5 74656D70 		.ascii	"temp\000"
 2199      00
 2200              	.LASF4:
 2201 00ca 73686F72 		.ascii	"short unsigned int\000"
 2201      7420756E 
 2201      7369676E 
 2201      65642069 
 2201      6E7400
 2202              	.LASF38:
 2203 00dd 736E7072 		.ascii	"snprintf\000"
 2203      696E7466 
 2203      00
 2204              	.LASF24:
 2205 00e6 766F6C74 		.ascii	"voltage\000"
 2205      61676500 
 2206              	.LASF33:
 2207 00ee 4144435F 		.ascii	"ADC_StopConvert\000"
 2207      53746F70 
 2207      436F6E76 
 2207      65727400 
 2208              	.LASF6:
 2209 00fe 6C6F6E67 		.ascii	"long unsigned int\000"
 2209      20756E73 
 2209      69676E65 
 2209      6420696E 
 2209      7400
 2210              	.LASF21:
 2211 0110 73656C65 		.ascii	"selectTempLED\000"
 2211      63745465 
 2211      6D704C45 
 2211      4400
 2212              	.LASF35:
 2213 011e 50574D5F 		.ascii	"PWM_WriteCompare\000"
 2213      57726974 
 2213      65436F6D 
 2213      70617265 
 2213      00
 2214              	.LASF48:
 2215 012f 433A5C55 		.ascii	"C:\\Users\\Hello Kitty\\Desktop\\MicrocontrollersLa"
 2215      73657273 
 2215      5C48656C 
 2215      6C6F204B 
 2215      69747479 
 2216 015e 625C4C61 		.ascii	"b\\Lab 7 - Analog\\Project\\Lab 7 - Analog\\Lab 7 -"
 2216      62203720 
 2216      2D20416E 
 2216      616C6F67 
 2216      5C50726F 
 2217 018d 20416E61 		.ascii	" Analog.cydsn\000"
 2217      6C6F672E 
 2217      63796473 
 2217      6E00
ARM GAS  C:\Users\HELLOK~1\AppData\Local\Temp\cc8gm270.s 			page 45


 2218              	.LASF40:
 2219 019b 4C43445F 		.ascii	"LCD_PrintString\000"
 2219      5072696E 
 2219      74537472 
 2219      696E6700 
 2220              	.LASF36:
 2221 01ab 4C45445F 		.ascii	"LED_SEL_Write\000"
 2221      53454C5F 
 2221      57726974 
 2221      6500
 2222              	.LASF11:
 2223 01b9 75696E74 		.ascii	"uint32\000"
 2223      333200
 2224              	.LASF9:
 2225 01c0 756E7369 		.ascii	"unsigned int\000"
 2225      676E6564 
 2225      20696E74 
 2225      00
 2226              	.LASF29:
 2227 01cd 62757474 		.ascii	"buttonFlag\000"
 2227      6F6E466C 
 2227      616700
 2228              	.LASF8:
 2229 01d8 6C6F6E67 		.ascii	"long long unsigned int\000"
 2229      206C6F6E 
 2229      6720756E 
 2229      7369676E 
 2229      65642069 
 2230              	.LASF41:
 2231 01ef 4C43445F 		.ascii	"LCD_Position\000"
 2231      506F7369 
 2231      74696F6E 
 2231      00
 2232              	.LASF28:
 2233 01fc 6D6F6465 		.ascii	"mode\000"
 2233      00
 2234              	.LASF42:
 2235 0201 4144435F 		.ascii	"ADC_Start\000"
 2235      53746172 
 2235      7400
 2236              	.LASF50:
 2237 020b 6D61696E 		.ascii	"main\000"
 2237      00
 2238              	.LASF46:
 2239 0210 474E5520 		.ascii	"GNU C11 5.4.1 20160609 (release) [ARM/embedded-5-br"
 2239      43313120 
 2239      352E342E 
 2239      31203230 
 2239      31363036 
 2240 0243 616E6368 		.ascii	"anch revision 237715] -mcpu=cortex-m0 -mthumb -g -O"
 2240      20726576 
 2240      6973696F 
 2240      6E203233 
 2240      37373135 
 2241 0276 67202D66 		.ascii	"g -ffunction-sections -ffat-lto-objects\000"
 2241      66756E63 
 2241      74696F6E 
ARM GAS  C:\Users\HELLOK~1\AppData\Local\Temp\cc8gm270.s 			page 46


 2241      2D736563 
 2241      74696F6E 
 2242              	.LASF34:
 2243 029e 50574D5F 		.ascii	"PWM_WritePeriod\000"
 2243      57726974 
 2243      65506572 
 2243      696F6400 
 2244              	.LASF16:
 2245 02ae 73697A65 		.ascii	"sizetype\000"
 2245      74797065 
 2245      00
 2246              	.LASF7:
 2247 02b7 6C6F6E67 		.ascii	"long long int\000"
 2247      206C6F6E 
 2247      6720696E 
 2247      7400
 2248              	.LASF43:
 2249 02c5 42544E5F 		.ascii	"BTN_ISR_Start\000"
 2249      4953525F 
 2249      53746172 
 2249      7400
 2250              	.LASF47:
 2251 02d3 6D61696E 		.ascii	"main.c\000"
 2251      2E6300
 2252              	.LASF13:
 2253 02da 63686172 		.ascii	"char\000"
 2253      00
 2254              	.LASF3:
 2255 02df 73686F72 		.ascii	"short int\000"
 2255      7420696E 
 2255      7400
 2256              	.LASF19:
 2257 02e9 566F7574 		.ascii	"Vout\000"
 2257      00
 2258              	.LASF25:
 2259 02ee 67657456 		.ascii	"getVoltage\000"
 2259      6F6C7461 
 2259      676500
 2260              	.LASF44:
 2261 02f9 4C43445F 		.ascii	"LCD_Start\000"
 2261      53746172 
 2261      7400
 2262              	.LASF5:
 2263 0303 6C6F6E67 		.ascii	"long int\000"
 2263      20696E74 
 2263      00
 2264              	.LASF15:
 2265 030c 6C6F6E67 		.ascii	"long double\000"
 2265      20646F75 
 2265      626C6500 
 2266              	.LASF1:
 2267 0318 7369676E 		.ascii	"signed char\000"
 2267      65642063 
 2267      68617200 
 2268              	.LASF37:
 2269 0324 43794465 		.ascii	"CyDelay\000"
 2269      6C617900 
ARM GAS  C:\Users\HELLOK~1\AppData\Local\Temp\cc8gm270.s 			page 47


 2270              		.ident	"GCC: (GNU Tools for ARM Embedded Processors) 5.4.1 20160609 (release) [ARM/embedded-5-bran
