ARM GAS  C:\Users\LEOTEJ~1\AppData\Local\Temp\ccXBeR5f.s 			page 1


   1              		.syntax unified
   2              		.cpu cortex-m0
   3              		.fpu softvfp
   4              		.eabi_attribute 20, 1
   5              		.eabi_attribute 21, 1
   6              		.eabi_attribute 23, 3
   7              		.eabi_attribute 24, 1
   8              		.eabi_attribute 25, 1
   9              		.eabi_attribute 26, 1
  10              		.eabi_attribute 30, 1
  11              		.eabi_attribute 34, 0
  12              		.eabi_attribute 18, 4
  13              		.thumb
  14              		.syntax unified
  15              		.file	"cyfitter_cfg.c"
  16              		.text
  17              	.Ltext0:
  18              		.cfi_sections	.debug_frame
  19              		.section	.text.AnalogSetDefault,"ax",%progbits
  20              		.align	2
  21              		.code	16
  22              		.thumb_func
  23              		.type	AnalogSetDefault, %function
  24              	AnalogSetDefault:
  25              	.LFB5:
  26              		.file 1 "Generated_Source\\PSoC4\\cyfitter_cfg.c"
   1:Generated_Source\PSoC4/cyfitter_cfg.c **** 
   2:Generated_Source\PSoC4/cyfitter_cfg.c **** /*******************************************************************************
   3:Generated_Source\PSoC4/cyfitter_cfg.c **** * File Name: cyfitter_cfg.c
   4:Generated_Source\PSoC4/cyfitter_cfg.c **** * 
   5:Generated_Source\PSoC4/cyfitter_cfg.c **** * PSoC Creator  4.4
   6:Generated_Source\PSoC4/cyfitter_cfg.c **** *
   7:Generated_Source\PSoC4/cyfitter_cfg.c **** * Description:
   8:Generated_Source\PSoC4/cyfitter_cfg.c **** * This file contains device initialization code.
   9:Generated_Source\PSoC4/cyfitter_cfg.c **** * Except for the user defined sections in CyClockStartupError(), this file should not be modified.
  10:Generated_Source\PSoC4/cyfitter_cfg.c **** * This file is automatically generated by PSoC Creator.
  11:Generated_Source\PSoC4/cyfitter_cfg.c **** *
  12:Generated_Source\PSoC4/cyfitter_cfg.c **** ********************************************************************************
  13:Generated_Source\PSoC4/cyfitter_cfg.c **** * Copyright (c) 2007-2020 Cypress Semiconductor.  All rights reserved.
  14:Generated_Source\PSoC4/cyfitter_cfg.c **** * You may use this file only in accordance with the license, terms, conditions, 
  15:Generated_Source\PSoC4/cyfitter_cfg.c **** * disclaimers, and limitations in the end user license agreement accompanying 
  16:Generated_Source\PSoC4/cyfitter_cfg.c **** * the software package with which this file was provided.
  17:Generated_Source\PSoC4/cyfitter_cfg.c **** ********************************************************************************/
  18:Generated_Source\PSoC4/cyfitter_cfg.c **** 
  19:Generated_Source\PSoC4/cyfitter_cfg.c **** #include <string.h>
  20:Generated_Source\PSoC4/cyfitter_cfg.c **** #include "cytypes.h"
  21:Generated_Source\PSoC4/cyfitter_cfg.c **** #include "cydevice_trm.h"
  22:Generated_Source\PSoC4/cyfitter_cfg.c **** #include "cyfitter.h"
  23:Generated_Source\PSoC4/cyfitter_cfg.c **** #include "CyLib.h"
  24:Generated_Source\PSoC4/cyfitter_cfg.c **** #include "CyLFClk.h"
  25:Generated_Source\PSoC4/cyfitter_cfg.c **** #include "cyfitter_cfg.h"
  26:Generated_Source\PSoC4/cyfitter_cfg.c **** #include "cyapicallbacks.h"
  27:Generated_Source\PSoC4/cyfitter_cfg.c **** 
  28:Generated_Source\PSoC4/cyfitter_cfg.c **** 
  29:Generated_Source\PSoC4/cyfitter_cfg.c **** #if defined(__GNUC__) || defined(__ARMCC_VERSION)
  30:Generated_Source\PSoC4/cyfitter_cfg.c ****     #define CYPACKED 
  31:Generated_Source\PSoC4/cyfitter_cfg.c ****     #define CYPACKED_ATTR __attribute__ ((packed))
ARM GAS  C:\Users\LEOTEJ~1\AppData\Local\Temp\ccXBeR5f.s 			page 2


  32:Generated_Source\PSoC4/cyfitter_cfg.c ****     #define CYALIGNED __attribute__ ((aligned))
  33:Generated_Source\PSoC4/cyfitter_cfg.c ****     #define CY_CFG_UNUSED __attribute__ ((unused))
  34:Generated_Source\PSoC4/cyfitter_cfg.c ****     #ifndef CY_CFG_SECTION
  35:Generated_Source\PSoC4/cyfitter_cfg.c ****         #define CY_CFG_SECTION __attribute__ ((section(".psocinit")))
  36:Generated_Source\PSoC4/cyfitter_cfg.c ****     #endif
  37:Generated_Source\PSoC4/cyfitter_cfg.c ****     
  38:Generated_Source\PSoC4/cyfitter_cfg.c ****     #if defined(__ARMCC_VERSION)
  39:Generated_Source\PSoC4/cyfitter_cfg.c ****         #define CY_CFG_MEMORY_BARRIER() __memory_changed()
  40:Generated_Source\PSoC4/cyfitter_cfg.c ****     #else
  41:Generated_Source\PSoC4/cyfitter_cfg.c ****         #define CY_CFG_MEMORY_BARRIER() __sync_synchronize()
  42:Generated_Source\PSoC4/cyfitter_cfg.c ****     #endif
  43:Generated_Source\PSoC4/cyfitter_cfg.c ****     
  44:Generated_Source\PSoC4/cyfitter_cfg.c **** #elif defined(__ICCARM__)
  45:Generated_Source\PSoC4/cyfitter_cfg.c ****     #include <intrinsics.h>
  46:Generated_Source\PSoC4/cyfitter_cfg.c **** 
  47:Generated_Source\PSoC4/cyfitter_cfg.c ****     #define CYPACKED __packed
  48:Generated_Source\PSoC4/cyfitter_cfg.c ****     #define CYPACKED_ATTR 
  49:Generated_Source\PSoC4/cyfitter_cfg.c ****     #define CYALIGNED _Pragma("data_alignment=4")
  50:Generated_Source\PSoC4/cyfitter_cfg.c ****     #define CY_CFG_UNUSED _Pragma("diag_suppress=Pe177")
  51:Generated_Source\PSoC4/cyfitter_cfg.c ****     #define CY_CFG_SECTION _Pragma("location=\".psocinit\"")
  52:Generated_Source\PSoC4/cyfitter_cfg.c ****     
  53:Generated_Source\PSoC4/cyfitter_cfg.c ****     #define CY_CFG_MEMORY_BARRIER() __DMB()
  54:Generated_Source\PSoC4/cyfitter_cfg.c ****     
  55:Generated_Source\PSoC4/cyfitter_cfg.c **** #else
  56:Generated_Source\PSoC4/cyfitter_cfg.c ****     #error Unsupported toolchain
  57:Generated_Source\PSoC4/cyfitter_cfg.c **** #endif
  58:Generated_Source\PSoC4/cyfitter_cfg.c **** 
  59:Generated_Source\PSoC4/cyfitter_cfg.c **** #ifndef CYCODE
  60:Generated_Source\PSoC4/cyfitter_cfg.c ****     #define CYCODE
  61:Generated_Source\PSoC4/cyfitter_cfg.c **** #endif
  62:Generated_Source\PSoC4/cyfitter_cfg.c **** #ifndef CYDATA
  63:Generated_Source\PSoC4/cyfitter_cfg.c ****     #define CYDATA
  64:Generated_Source\PSoC4/cyfitter_cfg.c **** #endif
  65:Generated_Source\PSoC4/cyfitter_cfg.c **** #ifndef CYFAR
  66:Generated_Source\PSoC4/cyfitter_cfg.c ****     #define CYFAR
  67:Generated_Source\PSoC4/cyfitter_cfg.c **** #endif
  68:Generated_Source\PSoC4/cyfitter_cfg.c **** #ifndef CYXDATA
  69:Generated_Source\PSoC4/cyfitter_cfg.c ****     #define CYXDATA
  70:Generated_Source\PSoC4/cyfitter_cfg.c **** #endif
  71:Generated_Source\PSoC4/cyfitter_cfg.c **** 
  72:Generated_Source\PSoC4/cyfitter_cfg.c **** 
  73:Generated_Source\PSoC4/cyfitter_cfg.c **** CY_CFG_UNUSED
  74:Generated_Source\PSoC4/cyfitter_cfg.c **** static void CYMEMZERO(void *s, size_t n);
  75:Generated_Source\PSoC4/cyfitter_cfg.c **** CY_CFG_UNUSED
  76:Generated_Source\PSoC4/cyfitter_cfg.c **** static void CYMEMZERO(void *s, size_t n)
  77:Generated_Source\PSoC4/cyfitter_cfg.c **** {
  78:Generated_Source\PSoC4/cyfitter_cfg.c **** 	(void)memset(s, 0, n);
  79:Generated_Source\PSoC4/cyfitter_cfg.c **** }
  80:Generated_Source\PSoC4/cyfitter_cfg.c **** CY_CFG_UNUSED
  81:Generated_Source\PSoC4/cyfitter_cfg.c **** static void CYCONFIGCPY(void *dest, const void *src, size_t n);
  82:Generated_Source\PSoC4/cyfitter_cfg.c **** CY_CFG_UNUSED
  83:Generated_Source\PSoC4/cyfitter_cfg.c **** static void CYCONFIGCPY(void *dest, const void *src, size_t n)
  84:Generated_Source\PSoC4/cyfitter_cfg.c **** {
  85:Generated_Source\PSoC4/cyfitter_cfg.c **** 	(void)memcpy(dest, src, n);
  86:Generated_Source\PSoC4/cyfitter_cfg.c **** }
  87:Generated_Source\PSoC4/cyfitter_cfg.c **** CY_CFG_UNUSED
  88:Generated_Source\PSoC4/cyfitter_cfg.c **** static void CYCONFIGCPYCODE(void *dest, const void *src, size_t n);
ARM GAS  C:\Users\LEOTEJ~1\AppData\Local\Temp\ccXBeR5f.s 			page 3


  89:Generated_Source\PSoC4/cyfitter_cfg.c **** CY_CFG_UNUSED
  90:Generated_Source\PSoC4/cyfitter_cfg.c **** static void CYCONFIGCPYCODE(void *dest, const void *src, size_t n)
  91:Generated_Source\PSoC4/cyfitter_cfg.c **** {
  92:Generated_Source\PSoC4/cyfitter_cfg.c **** 	(void)memcpy(dest, src, n);
  93:Generated_Source\PSoC4/cyfitter_cfg.c **** }
  94:Generated_Source\PSoC4/cyfitter_cfg.c **** 
  95:Generated_Source\PSoC4/cyfitter_cfg.c **** 
  96:Generated_Source\PSoC4/cyfitter_cfg.c **** 
  97:Generated_Source\PSoC4/cyfitter_cfg.c **** 
  98:Generated_Source\PSoC4/cyfitter_cfg.c **** /* Clock startup error codes                                                   */
  99:Generated_Source\PSoC4/cyfitter_cfg.c **** #define CYCLOCKSTART_NO_ERROR    0u
 100:Generated_Source\PSoC4/cyfitter_cfg.c **** #define CYCLOCKSTART_XTAL_ERROR  1u
 101:Generated_Source\PSoC4/cyfitter_cfg.c **** #define CYCLOCKSTART_32KHZ_ERROR 2u
 102:Generated_Source\PSoC4/cyfitter_cfg.c **** #define CYCLOCKSTART_PLL_ERROR   3u
 103:Generated_Source\PSoC4/cyfitter_cfg.c **** #define CYCLOCKSTART_FLL_ERROR   4u
 104:Generated_Source\PSoC4/cyfitter_cfg.c **** #define CYCLOCKSTART_WCO_ERROR   5u
 105:Generated_Source\PSoC4/cyfitter_cfg.c **** 
 106:Generated_Source\PSoC4/cyfitter_cfg.c **** 
 107:Generated_Source\PSoC4/cyfitter_cfg.c **** #ifdef CY_NEED_CYCLOCKSTARTUPERROR
 108:Generated_Source\PSoC4/cyfitter_cfg.c **** /*******************************************************************************
 109:Generated_Source\PSoC4/cyfitter_cfg.c **** * Function Name: CyClockStartupError
 110:Generated_Source\PSoC4/cyfitter_cfg.c **** ********************************************************************************
 111:Generated_Source\PSoC4/cyfitter_cfg.c **** * Summary:
 112:Generated_Source\PSoC4/cyfitter_cfg.c **** *  If an error is encountered during clock configuration (crystal startup error,
 113:Generated_Source\PSoC4/cyfitter_cfg.c **** *  PLL lock error, etc.), the system will end up here.  Unless reimplemented by
 114:Generated_Source\PSoC4/cyfitter_cfg.c **** *  the customer, this function will stop in an infinite loop.
 115:Generated_Source\PSoC4/cyfitter_cfg.c **** *
 116:Generated_Source\PSoC4/cyfitter_cfg.c **** * Parameters:
 117:Generated_Source\PSoC4/cyfitter_cfg.c **** *   void
 118:Generated_Source\PSoC4/cyfitter_cfg.c **** *
 119:Generated_Source\PSoC4/cyfitter_cfg.c **** * Return:
 120:Generated_Source\PSoC4/cyfitter_cfg.c **** *   void
 121:Generated_Source\PSoC4/cyfitter_cfg.c **** *
 122:Generated_Source\PSoC4/cyfitter_cfg.c **** *******************************************************************************/
 123:Generated_Source\PSoC4/cyfitter_cfg.c **** CY_CFG_UNUSED
 124:Generated_Source\PSoC4/cyfitter_cfg.c **** static void CyClockStartupError(uint8 errorCode);
 125:Generated_Source\PSoC4/cyfitter_cfg.c **** CY_CFG_UNUSED
 126:Generated_Source\PSoC4/cyfitter_cfg.c **** static void CyClockStartupError(uint8 errorCode)
 127:Generated_Source\PSoC4/cyfitter_cfg.c **** {
 128:Generated_Source\PSoC4/cyfitter_cfg.c ****     /* To remove the compiler warning if errorCode not used.                */
 129:Generated_Source\PSoC4/cyfitter_cfg.c ****     errorCode = errorCode;
 130:Generated_Source\PSoC4/cyfitter_cfg.c **** 
 131:Generated_Source\PSoC4/cyfitter_cfg.c ****     /* If we have a clock startup error (bad MHz crystal, PLL lock, etc.),  */
 132:Generated_Source\PSoC4/cyfitter_cfg.c ****     /* we will end up here to allow the customer to implement something to  */
 133:Generated_Source\PSoC4/cyfitter_cfg.c ****     /* deal with the clock condition.                                       */
 134:Generated_Source\PSoC4/cyfitter_cfg.c **** 
 135:Generated_Source\PSoC4/cyfitter_cfg.c **** #ifdef CY_CFG_CLOCK_STARTUP_ERROR_CALLBACK
 136:Generated_Source\PSoC4/cyfitter_cfg.c ****     CY_CFG_Clock_Startup_ErrorCallback();
 137:Generated_Source\PSoC4/cyfitter_cfg.c **** #else
 138:Generated_Source\PSoC4/cyfitter_cfg.c ****     /*  If not using CY_CFG_CLOCK_STARTUP_ERROR_CALLBACK, place your clock startup code here. */
 139:Generated_Source\PSoC4/cyfitter_cfg.c ****     /* `#START CyClockStartupError` */
 140:Generated_Source\PSoC4/cyfitter_cfg.c **** 
 141:Generated_Source\PSoC4/cyfitter_cfg.c **** 
 142:Generated_Source\PSoC4/cyfitter_cfg.c **** 
 143:Generated_Source\PSoC4/cyfitter_cfg.c ****     /* `#END` */
 144:Generated_Source\PSoC4/cyfitter_cfg.c **** 
 145:Generated_Source\PSoC4/cyfitter_cfg.c ****     while(1) {}
ARM GAS  C:\Users\LEOTEJ~1\AppData\Local\Temp\ccXBeR5f.s 			page 4


 146:Generated_Source\PSoC4/cyfitter_cfg.c **** #endif /* CY_CFG_CLOCK_STARTUP_ERROR_CALLBACK */
 147:Generated_Source\PSoC4/cyfitter_cfg.c **** }
 148:Generated_Source\PSoC4/cyfitter_cfg.c **** #endif
 149:Generated_Source\PSoC4/cyfitter_cfg.c **** 
 150:Generated_Source\PSoC4/cyfitter_cfg.c **** 
 151:Generated_Source\PSoC4/cyfitter_cfg.c **** 
 152:Generated_Source\PSoC4/cyfitter_cfg.c **** /*******************************************************************************
 153:Generated_Source\PSoC4/cyfitter_cfg.c **** * Function Name: ClockSetup
 154:Generated_Source\PSoC4/cyfitter_cfg.c **** ********************************************************************************
 155:Generated_Source\PSoC4/cyfitter_cfg.c **** *
 156:Generated_Source\PSoC4/cyfitter_cfg.c **** * Summary:
 157:Generated_Source\PSoC4/cyfitter_cfg.c **** *   Performs the initialization of all of the clocks in the device based on the
 158:Generated_Source\PSoC4/cyfitter_cfg.c **** *   settings in the Clock tab of the DWR.  This includes enabling the requested
 159:Generated_Source\PSoC4/cyfitter_cfg.c **** *   clocks and setting the necessary dividers to produce the desired frequency. 
 160:Generated_Source\PSoC4/cyfitter_cfg.c **** *
 161:Generated_Source\PSoC4/cyfitter_cfg.c **** * Parameters:
 162:Generated_Source\PSoC4/cyfitter_cfg.c **** *   void
 163:Generated_Source\PSoC4/cyfitter_cfg.c **** *
 164:Generated_Source\PSoC4/cyfitter_cfg.c **** * Return:
 165:Generated_Source\PSoC4/cyfitter_cfg.c **** *   void
 166:Generated_Source\PSoC4/cyfitter_cfg.c **** *
 167:Generated_Source\PSoC4/cyfitter_cfg.c **** *******************************************************************************/
 168:Generated_Source\PSoC4/cyfitter_cfg.c **** static void ClockSetup(void);
 169:Generated_Source\PSoC4/cyfitter_cfg.c **** CY_CFG_SECTION
 170:Generated_Source\PSoC4/cyfitter_cfg.c **** static void ClockSetup(void)
 171:Generated_Source\PSoC4/cyfitter_cfg.c **** {
 172:Generated_Source\PSoC4/cyfitter_cfg.c **** 
 173:Generated_Source\PSoC4/cyfitter_cfg.c **** 	/* Set Flash Cycles based on max possible frequency in case a glitch occurs during ClockSetup(). *
 174:Generated_Source\PSoC4/cyfitter_cfg.c **** 	CY_SET_REG32((void CYXDATA *)(CYREG_CPUSS_FLASH_CTL), (0x0012u));
 175:Generated_Source\PSoC4/cyfitter_cfg.c **** 	/* Setup and trim IMO based on desired frequency. */
 176:Generated_Source\PSoC4/cyfitter_cfg.c **** 	CySysClkWriteImoFreq(48u);
 177:Generated_Source\PSoC4/cyfitter_cfg.c **** 	/* CYDEV_CLK_ILO_CONFIG Starting address: CYDEV_CLK_ILO_CONFIG */
 178:Generated_Source\PSoC4/cyfitter_cfg.c **** 	CY_SET_REG32((void *)(CYREG_CLK_ILO_CONFIG), 0x80000006u);
 179:Generated_Source\PSoC4/cyfitter_cfg.c **** 
 180:Generated_Source\PSoC4/cyfitter_cfg.c **** 
 181:Generated_Source\PSoC4/cyfitter_cfg.c **** 	/* Setup phase aligned clocks */
 182:Generated_Source\PSoC4/cyfitter_cfg.c **** 
 183:Generated_Source\PSoC4/cyfitter_cfg.c **** 	/* CYDEV_CLK_IMO_CONFIG Starting address: CYDEV_CLK_IMO_CONFIG */
 184:Generated_Source\PSoC4/cyfitter_cfg.c **** 	CY_SET_REG32((void *)(CYREG_CLK_IMO_CONFIG), 0x80000000u);
 185:Generated_Source\PSoC4/cyfitter_cfg.c **** 
 186:Generated_Source\PSoC4/cyfitter_cfg.c **** 	/* CYDEV_CLK_SELECT Starting address: CYDEV_CLK_SELECT */
 187:Generated_Source\PSoC4/cyfitter_cfg.c **** 	CY_SET_REG32((void *)(CYREG_CLK_SELECT), 0x00040000u);
 188:Generated_Source\PSoC4/cyfitter_cfg.c **** 
 189:Generated_Source\PSoC4/cyfitter_cfg.c **** 	(void)CyIntSetVector(7u, &CySysWdtIsr);
 190:Generated_Source\PSoC4/cyfitter_cfg.c **** 	CyIntEnable(7u);
 191:Generated_Source\PSoC4/cyfitter_cfg.c **** 	CY_SET_REG32((void *)(CYREG_WDT_CONFIG), 0x00000000u);
 192:Generated_Source\PSoC4/cyfitter_cfg.c **** }
 193:Generated_Source\PSoC4/cyfitter_cfg.c **** 
 194:Generated_Source\PSoC4/cyfitter_cfg.c **** 
 195:Generated_Source\PSoC4/cyfitter_cfg.c **** /* Analog API Functions */
 196:Generated_Source\PSoC4/cyfitter_cfg.c **** 
 197:Generated_Source\PSoC4/cyfitter_cfg.c **** 
 198:Generated_Source\PSoC4/cyfitter_cfg.c **** /*******************************************************************************
 199:Generated_Source\PSoC4/cyfitter_cfg.c **** * Function Name: AnalogSetDefault
 200:Generated_Source\PSoC4/cyfitter_cfg.c **** ********************************************************************************
 201:Generated_Source\PSoC4/cyfitter_cfg.c **** *
 202:Generated_Source\PSoC4/cyfitter_cfg.c **** * Summary:
ARM GAS  C:\Users\LEOTEJ~1\AppData\Local\Temp\ccXBeR5f.s 			page 5


 203:Generated_Source\PSoC4/cyfitter_cfg.c **** *  Sets up the analog portions of the chip to default values based on chip
 204:Generated_Source\PSoC4/cyfitter_cfg.c **** *  configuration options from the project.
 205:Generated_Source\PSoC4/cyfitter_cfg.c **** *
 206:Generated_Source\PSoC4/cyfitter_cfg.c **** * Parameters:
 207:Generated_Source\PSoC4/cyfitter_cfg.c **** *  void
 208:Generated_Source\PSoC4/cyfitter_cfg.c **** *
 209:Generated_Source\PSoC4/cyfitter_cfg.c **** * Return:
 210:Generated_Source\PSoC4/cyfitter_cfg.c **** *  void
 211:Generated_Source\PSoC4/cyfitter_cfg.c **** *
 212:Generated_Source\PSoC4/cyfitter_cfg.c **** *******************************************************************************/
 213:Generated_Source\PSoC4/cyfitter_cfg.c **** static void AnalogSetDefault(void);
 214:Generated_Source\PSoC4/cyfitter_cfg.c **** static void AnalogSetDefault(void)
 215:Generated_Source\PSoC4/cyfitter_cfg.c **** {
  27              		.loc 1 215 0
  28              		.cfi_startproc
  29              		@ args = 0, pretend = 0, frame = 0
  30              		@ frame_needed = 0, uses_anonymous_args = 0
  31              		@ link register save eliminated.
 216:Generated_Source\PSoC4/cyfitter_cfg.c **** 	CY_SET_XTND_REG32((void CYFAR *)CYREG_CTBM0_DFT_CTRL, 0x00000003u);
  32              		.loc 1 216 0
  33 0000 0323     		movs	r3, #3
  34 0002 044A     		ldr	r2, .L2
  35 0004 1360     		str	r3, [r2]
 217:Generated_Source\PSoC4/cyfitter_cfg.c **** 	CY_SET_XTND_REG32((void CYFAR *)CYREG_CTBM1_DFT_CTRL, 0x00000003u);
  36              		.loc 1 217 0
  37 0006 044A     		ldr	r2, .L2+4
  38 0008 1360     		str	r3, [r2]
 218:Generated_Source\PSoC4/cyfitter_cfg.c **** 	CY_SET_XTND_REG32((void CYFAR *)CYREG_PASS_DSAB_DSAB_CTRL, 0x00000000u);
  39              		.loc 1 218 0
  40 000a 0022     		movs	r2, #0
  41 000c 034B     		ldr	r3, .L2+8
  42 000e 1A60     		str	r2, [r3]
 219:Generated_Source\PSoC4/cyfitter_cfg.c **** }
  43              		.loc 1 219 0
  44              		@ sp needed
  45 0010 7047     		bx	lr
  46              	.L3:
  47 0012 C046     		.align	2
  48              	.L2:
  49 0014 30003040 		.word	1076887600
  50 0018 30003140 		.word	1076953136
  51 001c 000E3F40 		.word	1077874176
  52              		.cfi_endproc
  53              	.LFE5:
  54              		.size	AnalogSetDefault, .-AnalogSetDefault
  55              		.section	.text.CYMEMZERO,"ax",%progbits
  56              		.align	2
  57              		.code	16
  58              		.thumb_func
  59              		.type	CYMEMZERO, %function
  60              	CYMEMZERO:
  61              	.LFB1:
  77:Generated_Source\PSoC4/cyfitter_cfg.c **** 	(void)memset(s, 0, n);
  62              		.loc 1 77 0
  63              		.cfi_startproc
  64              		@ args = 0, pretend = 0, frame = 0
  65              		@ frame_needed = 0, uses_anonymous_args = 0
ARM GAS  C:\Users\LEOTEJ~1\AppData\Local\Temp\ccXBeR5f.s 			page 6


  66              	.LVL0:
  67 0000 10B5     		push	{r4, lr}
  68              		.cfi_def_cfa_offset 8
  69              		.cfi_offset 4, -8
  70              		.cfi_offset 14, -4
  71 0002 0A00     		movs	r2, r1
  78:Generated_Source\PSoC4/cyfitter_cfg.c **** }
  72              		.loc 1 78 0
  73 0004 0021     		movs	r1, #0
  74              	.LVL1:
  75 0006 FFF7FEFF 		bl	memset
  76              	.LVL2:
  79:Generated_Source\PSoC4/cyfitter_cfg.c **** CY_CFG_UNUSED
  77              		.loc 1 79 0
  78              		@ sp needed
  79 000a 10BD     		pop	{r4, pc}
  80              		.cfi_endproc
  81              	.LFE1:
  82              		.size	CYMEMZERO, .-CYMEMZERO
  83              		.section	.psocinit,"ax",%progbits
  84              		.align	2
  85              		.code	16
  86              		.thumb_func
  87              		.type	ClockSetup, %function
  88              	ClockSetup:
  89              	.LFB4:
 171:Generated_Source\PSoC4/cyfitter_cfg.c **** 
  90              		.loc 1 171 0
  91              		.cfi_startproc
  92              		@ args = 0, pretend = 0, frame = 0
  93              		@ frame_needed = 0, uses_anonymous_args = 0
  94 0000 10B5     		push	{r4, lr}
  95              		.cfi_def_cfa_offset 8
  96              		.cfi_offset 4, -8
  97              		.cfi_offset 14, -4
 174:Generated_Source\PSoC4/cyfitter_cfg.c **** 	/* Setup and trim IMO based on desired frequency. */
  98              		.loc 1 174 0
  99 0002 1222     		movs	r2, #18
 100 0004 0C4B     		ldr	r3, .L6
 101 0006 1A60     		str	r2, [r3]
 176:Generated_Source\PSoC4/cyfitter_cfg.c **** 	/* CYDEV_CLK_ILO_CONFIG Starting address: CYDEV_CLK_ILO_CONFIG */
 102              		.loc 1 176 0
 103 0008 3020     		movs	r0, #48
 104 000a FFF7FEFF 		bl	CySysClkWriteImoFreq
 105              	.LVL3:
 178:Generated_Source\PSoC4/cyfitter_cfg.c **** 
 106              		.loc 1 178 0
 107 000e 0B4A     		ldr	r2, .L6+4
 108 0010 0B4B     		ldr	r3, .L6+8
 109 0012 1A60     		str	r2, [r3]
 184:Generated_Source\PSoC4/cyfitter_cfg.c **** 
 110              		.loc 1 184 0
 111 0014 063A     		subs	r2, r2, #6
 112 0016 0B4B     		ldr	r3, .L6+12
 113 0018 1A60     		str	r2, [r3]
 187:Generated_Source\PSoC4/cyfitter_cfg.c **** 
 114              		.loc 1 187 0
ARM GAS  C:\Users\LEOTEJ~1\AppData\Local\Temp\ccXBeR5f.s 			page 7


 115 001a 8022     		movs	r2, #128
 116 001c D202     		lsls	r2, r2, #11
 117 001e 0A4B     		ldr	r3, .L6+16
 118 0020 1A60     		str	r2, [r3]
 189:Generated_Source\PSoC4/cyfitter_cfg.c **** 	CyIntEnable(7u);
 119              		.loc 1 189 0
 120 0022 0A49     		ldr	r1, .L6+20
 121 0024 0720     		movs	r0, #7
 122 0026 FFF7FEFF 		bl	CyIntSetVector
 123              	.LVL4:
 190:Generated_Source\PSoC4/cyfitter_cfg.c **** 	CY_SET_REG32((void *)(CYREG_WDT_CONFIG), 0x00000000u);
 124              		.loc 1 190 0
 125 002a 0720     		movs	r0, #7
 126 002c FFF7FEFF 		bl	CyIntEnable
 127              	.LVL5:
 191:Generated_Source\PSoC4/cyfitter_cfg.c **** }
 128              		.loc 1 191 0
 129 0030 0022     		movs	r2, #0
 130 0032 074B     		ldr	r3, .L6+24
 131 0034 1A60     		str	r2, [r3]
 192:Generated_Source\PSoC4/cyfitter_cfg.c **** 
 132              		.loc 1 192 0
 133              		@ sp needed
 134 0036 10BD     		pop	{r4, pc}
 135              	.L7:
 136              		.align	2
 137              	.L6:
 138 0038 30001040 		.word	1074790448
 139 003c 06000080 		.word	-2147483642
 140 0040 04010B40 		.word	1074462980
 141 0044 08010B40 		.word	1074462984
 142 0048 00010B40 		.word	1074462976
 143 004c 00000000 		.word	CySysWdtIsr
 144 0050 0C020B40 		.word	1074463244
 145              		.cfi_endproc
 146              	.LFE4:
 147              		.size	ClockSetup, .-ClockSetup
 148              		.align	2
 149              		.global	cyfitter_cfg
 150              		.code	16
 151              		.thumb_func
 152              		.type	cyfitter_cfg, %function
 153              	cyfitter_cfg:
 154              	.LFB6:
 220:Generated_Source\PSoC4/cyfitter_cfg.c **** 
 221:Generated_Source\PSoC4/cyfitter_cfg.c **** 
 222:Generated_Source\PSoC4/cyfitter_cfg.c **** 
 223:Generated_Source\PSoC4/cyfitter_cfg.c **** 
 224:Generated_Source\PSoC4/cyfitter_cfg.c **** /*******************************************************************************
 225:Generated_Source\PSoC4/cyfitter_cfg.c **** * Function Name: cyfitter_cfg
 226:Generated_Source\PSoC4/cyfitter_cfg.c **** ********************************************************************************
 227:Generated_Source\PSoC4/cyfitter_cfg.c **** * Summary:
 228:Generated_Source\PSoC4/cyfitter_cfg.c **** *  This function is called by the start-up code for the selected device. It
 229:Generated_Source\PSoC4/cyfitter_cfg.c **** *  performs all of the necessary device configuration based on the design
 230:Generated_Source\PSoC4/cyfitter_cfg.c **** *  settings.  This includes settings from the Design Wide Resources (DWR) such
 231:Generated_Source\PSoC4/cyfitter_cfg.c **** *  as Clocks and Pins as well as any component configuration that is necessary.
 232:Generated_Source\PSoC4/cyfitter_cfg.c **** *
ARM GAS  C:\Users\LEOTEJ~1\AppData\Local\Temp\ccXBeR5f.s 			page 8


 233:Generated_Source\PSoC4/cyfitter_cfg.c **** * Parameters:
 234:Generated_Source\PSoC4/cyfitter_cfg.c **** *   void
 235:Generated_Source\PSoC4/cyfitter_cfg.c **** *
 236:Generated_Source\PSoC4/cyfitter_cfg.c **** * Return:
 237:Generated_Source\PSoC4/cyfitter_cfg.c **** *   void
 238:Generated_Source\PSoC4/cyfitter_cfg.c **** *
 239:Generated_Source\PSoC4/cyfitter_cfg.c **** *******************************************************************************/
 240:Generated_Source\PSoC4/cyfitter_cfg.c **** CY_CFG_SECTION
 241:Generated_Source\PSoC4/cyfitter_cfg.c **** void cyfitter_cfg(void)
 242:Generated_Source\PSoC4/cyfitter_cfg.c **** {
 155              		.loc 1 242 0
 156              		.cfi_startproc
 157              		@ args = 0, pretend = 0, frame = 0
 158              		@ frame_needed = 0, uses_anonymous_args = 0
 159 0054 10B5     		push	{r4, lr}
 160              		.cfi_def_cfa_offset 8
 161              		.cfi_offset 4, -8
 162              		.cfi_offset 14, -4
 243:Generated_Source\PSoC4/cyfitter_cfg.c **** 	/* Disable interrupts by default. Let user enable if/when they want. */
 244:Generated_Source\PSoC4/cyfitter_cfg.c **** 	CyGlobalIntDisable;
 163              		.loc 1 244 0
 164              		.syntax divided
 165              	@ 244 "Generated_Source\PSoC4\cyfitter_cfg.c" 1
 166 0056 72B6     		CPSID   i
 167              	@ 0 "" 2
 168              	.LVL6:
 169              		.thumb
 170              		.syntax unified
 171              	.LBB2:
 245:Generated_Source\PSoC4/cyfitter_cfg.c **** 
 246:Generated_Source\PSoC4/cyfitter_cfg.c **** 	{
 247:Generated_Source\PSoC4/cyfitter_cfg.c **** 
 248:Generated_Source\PSoC4/cyfitter_cfg.c **** 		CYPACKED typedef struct {
 249:Generated_Source\PSoC4/cyfitter_cfg.c **** 			void CYFAR *address;
 250:Generated_Source\PSoC4/cyfitter_cfg.c **** 			uint16 size;
 251:Generated_Source\PSoC4/cyfitter_cfg.c **** 		} CYPACKED_ATTR cfg_memset_t;
 252:Generated_Source\PSoC4/cyfitter_cfg.c **** 
 253:Generated_Source\PSoC4/cyfitter_cfg.c **** 		static const cfg_memset_t CYCODE cfg_memset_list[] = {
 254:Generated_Source\PSoC4/cyfitter_cfg.c **** 			/* address, size */
 255:Generated_Source\PSoC4/cyfitter_cfg.c **** 			{(void CYFAR *)(CYDEV_UDB_P0_U0_BASE), 1024u},
 256:Generated_Source\PSoC4/cyfitter_cfg.c **** 			{(void CYFAR *)(CYDEV_UDB_DSI0_BASE), 1024u},
 257:Generated_Source\PSoC4/cyfitter_cfg.c **** 		};
 258:Generated_Source\PSoC4/cyfitter_cfg.c **** 
 259:Generated_Source\PSoC4/cyfitter_cfg.c **** 		uint8 CYDATA i;
 260:Generated_Source\PSoC4/cyfitter_cfg.c **** 
 261:Generated_Source\PSoC4/cyfitter_cfg.c **** 		/* Zero out critical memory blocks before beginning configuration */
 262:Generated_Source\PSoC4/cyfitter_cfg.c **** 		for (i = 0u; i < (sizeof(cfg_memset_list)/sizeof(cfg_memset_list[0])); i++)
 172              		.loc 1 262 0
 173 0058 0024     		movs	r4, #0
 174 005a 0FE0     		b	.L9
 175              	.LVL7:
 176              	.L10:
 177              	.LBB3:
 263:Generated_Source\PSoC4/cyfitter_cfg.c **** 		{
 264:Generated_Source\PSoC4/cyfitter_cfg.c **** 			const cfg_memset_t CYCODE * CYDATA ms = &cfg_memset_list[i];
 265:Generated_Source\PSoC4/cyfitter_cfg.c **** 			CYMEMZERO(ms->address, (size_t)(uint32)(ms->size));
 178              		.loc 1 265 0 discriminator 3
ARM GAS  C:\Users\LEOTEJ~1\AppData\Local\Temp\ccXBeR5f.s 			page 9


 179 005c 1A48     		ldr	r0, .L11
 180 005e 6200     		lsls	r2, r4, #1
 181 0060 1319     		adds	r3, r2, r4
 182 0062 5900     		lsls	r1, r3, #1
 183 0064 0B00     		movs	r3, r1
 184 0066 4118     		adds	r1, r0, r1
 185 0068 8988     		ldrh	r1, [r1, #4]
 186 006a 1A5A     		ldrh	r2, [r3, r0]
 187 006c C318     		adds	r3, r0, r3
 188 006e 5888     		ldrh	r0, [r3, #2]
 189 0070 0004     		lsls	r0, r0, #16
 190 0072 1043     		orrs	r0, r2
 191 0074 FFF7FEFF 		bl	CYMEMZERO
 192              	.LVL8:
 193              	.LBE3:
 262:Generated_Source\PSoC4/cyfitter_cfg.c **** 		{
 194              		.loc 1 262 0 discriminator 3
 195 0078 0134     		adds	r4, r4, #1
 196              	.LVL9:
 197 007a E4B2     		uxtb	r4, r4
 198              	.LVL10:
 199              	.L9:
 262:Generated_Source\PSoC4/cyfitter_cfg.c **** 		{
 200              		.loc 1 262 0 is_stmt 0 discriminator 1
 201 007c 012C     		cmp	r4, #1
 202 007e EDD9     		bls	.L10
 266:Generated_Source\PSoC4/cyfitter_cfg.c **** 		}
 267:Generated_Source\PSoC4/cyfitter_cfg.c **** 
 268:Generated_Source\PSoC4/cyfitter_cfg.c **** 		/* HSIOM Starting address: CYDEV_HSIOM_BASE */
 269:Generated_Source\PSoC4/cyfitter_cfg.c **** 		CY_SET_REG32((void *)(CYREG_HSIOM_PORT_SEL3), 0x0000EE00u);
 203              		.loc 1 269 0 is_stmt 1
 204 0080 EE22     		movs	r2, #238
 205 0082 1202     		lsls	r2, r2, #8
 206 0084 114B     		ldr	r3, .L11+4
 207 0086 1A60     		str	r2, [r3]
 270:Generated_Source\PSoC4/cyfitter_cfg.c **** 
 271:Generated_Source\PSoC4/cyfitter_cfg.c **** 		/* UDB_PA_1 Starting address: CYDEV_UDB_PA1_BASE */
 272:Generated_Source\PSoC4/cyfitter_cfg.c **** 		CY_SET_REG32((void *)(CYDEV_UDB_PA1_BASE), 0x00990000u);
 208              		.loc 1 272 0
 209 0088 9923     		movs	r3, #153
 210 008a 1B04     		lsls	r3, r3, #16
 211 008c 104A     		ldr	r2, .L11+8
 212 008e 1360     		str	r3, [r2]
 273:Generated_Source\PSoC4/cyfitter_cfg.c **** 
 274:Generated_Source\PSoC4/cyfitter_cfg.c **** 		/* UDB_PA_2 Starting address: CYDEV_UDB_PA2_BASE */
 275:Generated_Source\PSoC4/cyfitter_cfg.c **** 		CY_SET_REG32((void *)(CYDEV_UDB_PA2_BASE), 0x00990000u);
 213              		.loc 1 275 0
 214 0090 104A     		ldr	r2, .L11+12
 215 0092 1360     		str	r3, [r2]
 276:Generated_Source\PSoC4/cyfitter_cfg.c **** 
 277:Generated_Source\PSoC4/cyfitter_cfg.c **** 		/* UDB_PA_3 Starting address: CYDEV_UDB_PA3_BASE */
 278:Generated_Source\PSoC4/cyfitter_cfg.c **** 		CY_SET_REG32((void *)(CYDEV_UDB_PA3_BASE), 0x00990000u);
 216              		.loc 1 278 0
 217 0094 104A     		ldr	r2, .L11+16
 218 0096 1360     		str	r3, [r2]
 279:Generated_Source\PSoC4/cyfitter_cfg.c **** 
 280:Generated_Source\PSoC4/cyfitter_cfg.c **** 		/* Enable digital routing */
ARM GAS  C:\Users\LEOTEJ~1\AppData\Local\Temp\ccXBeR5f.s 			page 10


 281:Generated_Source\PSoC4/cyfitter_cfg.c **** 		CY_SET_XTND_REG8((void *)CYREG_UDB_UDBIF_BANK_CTL, (uint8)(CY_GET_XTND_REG8((void *)CYREG_UDB_UDB
 219              		.loc 1 281 0
 220 0098 104A     		ldr	r2, .L11+20
 221 009a 1178     		ldrb	r1, [r2]
 222 009c 0623     		movs	r3, #6
 223 009e 0B43     		orrs	r3, r1
 224 00a0 DBB2     		uxtb	r3, r3
 225 00a2 1370     		strb	r3, [r2]
 226              	.LBE2:
 282:Generated_Source\PSoC4/cyfitter_cfg.c **** 	}
 283:Generated_Source\PSoC4/cyfitter_cfg.c **** 
 284:Generated_Source\PSoC4/cyfitter_cfg.c **** 	/* Perform second pass device configuration. These items must be configured in specific order afte
 285:Generated_Source\PSoC4/cyfitter_cfg.c **** 	/* IOPINS0_1 Starting address: CYDEV_GPIO_PRT1_BASE */
 286:Generated_Source\PSoC4/cyfitter_cfg.c **** 	CY_SET_REG32((void *)(CYREG_GPIO_PRT1_PC), 0x000006F6u);
 227              		.loc 1 286 0
 228 00a4 0E4A     		ldr	r2, .L11+24
 229 00a6 0F4B     		ldr	r3, .L11+28
 230 00a8 1A60     		str	r2, [r3]
 287:Generated_Source\PSoC4/cyfitter_cfg.c **** 
 288:Generated_Source\PSoC4/cyfitter_cfg.c **** 	/* IOPINS0_2 Starting address: CYDEV_GPIO_PRT2_BASE */
 289:Generated_Source\PSoC4/cyfitter_cfg.c **** 	CY_SET_REG32((void *)(CYREG_GPIO_PRT2_PC), 0x001B6DB6u);
 231              		.loc 1 289 0
 232 00aa 0F4A     		ldr	r2, .L11+32
 233 00ac 0F4B     		ldr	r3, .L11+36
 234 00ae 1A60     		str	r2, [r3]
 290:Generated_Source\PSoC4/cyfitter_cfg.c **** 
 291:Generated_Source\PSoC4/cyfitter_cfg.c **** 	/* IOPINS0_3 Starting address: CYDEV_GPIO_PRT3_BASE */
 292:Generated_Source\PSoC4/cyfitter_cfg.c **** 	CY_SET_REG32((void *)(CYREG_GPIO_PRT3_PC), 0x00000DB6u);
 235              		.loc 1 292 0
 236 00b0 0F4A     		ldr	r2, .L11+40
 237 00b2 104B     		ldr	r3, .L11+44
 238 00b4 1A60     		str	r2, [r3]
 293:Generated_Source\PSoC4/cyfitter_cfg.c **** 
 294:Generated_Source\PSoC4/cyfitter_cfg.c **** 	/* IOPINS0_5 Starting address: CYDEV_GPIO_PRT5_BASE */
 295:Generated_Source\PSoC4/cyfitter_cfg.c **** 	CY_SET_REG32((void *)(CYREG_GPIO_PRT5_PC), 0x00018600u);
 239              		.loc 1 295 0
 240 00b6 C322     		movs	r2, #195
 241 00b8 5202     		lsls	r2, r2, #9
 242 00ba 0F4B     		ldr	r3, .L11+48
 243 00bc 1A60     		str	r2, [r3]
 296:Generated_Source\PSoC4/cyfitter_cfg.c **** 
 297:Generated_Source\PSoC4/cyfitter_cfg.c **** 
 298:Generated_Source\PSoC4/cyfitter_cfg.c **** 	/* Setup clocks based on selections from Clock DWR */
 299:Generated_Source\PSoC4/cyfitter_cfg.c **** 	ClockSetup();
 244              		.loc 1 299 0
 245 00be FFF79FFF 		bl	ClockSetup
 246              	.LVL11:
 300:Generated_Source\PSoC4/cyfitter_cfg.c **** 
 301:Generated_Source\PSoC4/cyfitter_cfg.c **** 	/* Perform basic analog initialization to defaults */
 302:Generated_Source\PSoC4/cyfitter_cfg.c **** 	AnalogSetDefault();
 247              		.loc 1 302 0
 248 00c2 FFF7FEFF 		bl	AnalogSetDefault
 249              	.LVL12:
 303:Generated_Source\PSoC4/cyfitter_cfg.c **** 
 304:Generated_Source\PSoC4/cyfitter_cfg.c **** }
 250              		.loc 1 304 0
 251              		@ sp needed
ARM GAS  C:\Users\LEOTEJ~1\AppData\Local\Temp\ccXBeR5f.s 			page 11


 252              	.LVL13:
 253 00c6 10BD     		pop	{r4, pc}
 254              	.L12:
 255              		.align	2
 256              	.L11:
 257 00c8 00000000 		.word	.LANCHOR0
 258 00cc 00030240 		.word	1073873664
 259 00d0 10500F40 		.word	1074745360
 260 00d4 20500F40 		.word	1074745376
 261 00d8 30500F40 		.word	1074745392
 262 00dc 00700F40 		.word	1074753536
 263 00e0 F6060000 		.word	1782
 264 00e4 08010440 		.word	1074004232
 265 00e8 B66D1B00 		.word	1797558
 266 00ec 08020440 		.word	1074004488
 267 00f0 B60D0000 		.word	3510
 268 00f4 08030440 		.word	1074004744
 269 00f8 08050440 		.word	1074005256
 270              		.cfi_endproc
 271              	.LFE6:
 272              		.size	cyfitter_cfg, .-cyfitter_cfg
 273              		.section	.rodata
 274              		.align	2
 275              		.set	.LANCHOR0,. + 0
 276              		.type	cfg_memset_list.4888, %object
 277              		.size	cfg_memset_list.4888, 12
 278              	cfg_memset_list.4888:
 279 0000 00300F40 		.word	1074737152
 280 0004 0004     		.short	1024
 281 0006 00400F40 		.4byte	1074741248
 282 000a 0004     		.short	1024
 283              		.text
 284              	.Letext0:
 285              		.file 2 "c:\\program files (x86)\\cypress\\psoc creator\\4.4\\psoc creator\\import\\gnu\\arm\\5.4.
 286              		.file 3 "Generated_Source\\PSoC4\\cytypes.h"
 287              		.file 4 "Generated_Source\\PSoC4\\CyLib.h"
 288              		.section	.debug_info,"",%progbits
 289              	.Ldebug_info0:
 290 0000 8F020000 		.4byte	0x28f
 291 0004 0400     		.2byte	0x4
 292 0006 00000000 		.4byte	.Ldebug_abbrev0
 293 000a 04       		.byte	0x4
 294 000b 01       		.uleb128 0x1
 295 000c 3A010000 		.4byte	.LASF29
 296 0010 0C       		.byte	0xc
 297 0011 31020000 		.4byte	.LASF30
 298 0015 5B000000 		.4byte	.LASF31
 299 0019 00000000 		.4byte	.Ldebug_ranges0+0
 300 001d 00000000 		.4byte	0
 301 0021 00000000 		.4byte	.Ldebug_line0
 302 0025 02       		.uleb128 0x2
 303 0026 04       		.byte	0x4
 304 0027 05       		.byte	0x5
 305 0028 696E7400 		.ascii	"int\000"
 306 002c 03       		.uleb128 0x3
 307 002d 06000000 		.4byte	.LASF12
 308 0031 02       		.byte	0x2
ARM GAS  C:\Users\LEOTEJ~1\AppData\Local\Temp\ccXBeR5f.s 			page 12


 309 0032 D8       		.byte	0xd8
 310 0033 37000000 		.4byte	0x37
 311 0037 04       		.uleb128 0x4
 312 0038 04       		.byte	0x4
 313 0039 07       		.byte	0x7
 314 003a 01010000 		.4byte	.LASF0
 315 003e 04       		.uleb128 0x4
 316 003f 08       		.byte	0x8
 317 0040 05       		.byte	0x5
 318 0041 DE010000 		.4byte	.LASF1
 319 0045 04       		.uleb128 0x4
 320 0046 08       		.byte	0x8
 321 0047 04       		.byte	0x4
 322 0048 19020000 		.4byte	.LASF2
 323 004c 04       		.uleb128 0x4
 324 004d 01       		.byte	0x1
 325 004e 06       		.byte	0x6
 326 004f 25020000 		.4byte	.LASF3
 327 0053 04       		.uleb128 0x4
 328 0054 01       		.byte	0x1
 329 0055 08       		.byte	0x8
 330 0056 CB000000 		.4byte	.LASF4
 331 005a 04       		.uleb128 0x4
 332 005b 02       		.byte	0x2
 333 005c 05       		.byte	0x5
 334 005d F1010000 		.4byte	.LASF5
 335 0061 04       		.uleb128 0x4
 336 0062 02       		.byte	0x2
 337 0063 07       		.byte	0x7
 338 0064 48000000 		.4byte	.LASF6
 339 0068 04       		.uleb128 0x4
 340 0069 04       		.byte	0x4
 341 006a 05       		.byte	0x5
 342 006b 10020000 		.4byte	.LASF7
 343 006f 04       		.uleb128 0x4
 344 0070 04       		.byte	0x4
 345 0071 07       		.byte	0x7
 346 0072 A9000000 		.4byte	.LASF8
 347 0076 04       		.uleb128 0x4
 348 0077 08       		.byte	0x8
 349 0078 07       		.byte	0x7
 350 0079 23010000 		.4byte	.LASF9
 351 007d 04       		.uleb128 0x4
 352 007e 04       		.byte	0x4
 353 007f 07       		.byte	0x7
 354 0080 D5010000 		.4byte	.LASF10
 355 0084 05       		.uleb128 0x5
 356 0085 04       		.byte	0x4
 357 0086 04       		.uleb128 0x4
 358 0087 01       		.byte	0x1
 359 0088 08       		.byte	0x8
 360 0089 EC010000 		.4byte	.LASF11
 361 008d 06       		.uleb128 0x6
 362 008e BB000000 		.4byte	.LASF13
 363 0092 03       		.byte	0x3
 364 0093 E401     		.2byte	0x1e4
 365 0095 53000000 		.4byte	0x53
ARM GAS  C:\Users\LEOTEJ~1\AppData\Local\Temp\ccXBeR5f.s 			page 13


 366 0099 06       		.uleb128 0x6
 367 009a F3000000 		.4byte	.LASF14
 368 009e 03       		.byte	0x3
 369 009f E501     		.2byte	0x1e5
 370 00a1 61000000 		.4byte	0x61
 371 00a5 06       		.uleb128 0x6
 372 00a6 FA000000 		.4byte	.LASF15
 373 00aa 03       		.byte	0x3
 374 00ab E601     		.2byte	0x1e6
 375 00ad 6F000000 		.4byte	0x6f
 376 00b1 04       		.uleb128 0x4
 377 00b2 04       		.byte	0x4
 378 00b3 04       		.byte	0x4
 379 00b4 99000000 		.4byte	.LASF16
 380 00b8 04       		.uleb128 0x4
 381 00b9 08       		.byte	0x8
 382 00ba 04       		.byte	0x4
 383 00bb E0000000 		.4byte	.LASF17
 384 00bf 06       		.uleb128 0x6
 385 00c0 A4000000 		.4byte	.LASF18
 386 00c4 03       		.byte	0x3
 387 00c5 8E02     		.2byte	0x28e
 388 00c7 CB000000 		.4byte	0xcb
 389 00cb 07       		.uleb128 0x7
 390 00cc 8D000000 		.4byte	0x8d
 391 00d0 06       		.uleb128 0x6
 392 00d1 00000000 		.4byte	.LASF19
 393 00d5 03       		.byte	0x3
 394 00d6 9002     		.2byte	0x290
 395 00d8 DC000000 		.4byte	0xdc
 396 00dc 07       		.uleb128 0x7
 397 00dd A5000000 		.4byte	0xa5
 398 00e1 08       		.uleb128 0x8
 399 00e2 0D000000 		.4byte	.LASF32
 400 00e6 01       		.byte	0x1
 401 00e7 D6       		.byte	0xd6
 402 00e8 00000000 		.4byte	.LFB5
 403 00ec 20000000 		.4byte	.LFE5-.LFB5
 404 00f0 01       		.uleb128 0x1
 405 00f1 9C       		.byte	0x9c
 406 00f2 09       		.uleb128 0x9
 407 00f3 C1000000 		.4byte	.LASF20
 408 00f7 01       		.byte	0x1
 409 00f8 4C       		.byte	0x4c
 410 00f9 00000000 		.4byte	.LFB1
 411 00fd 0C000000 		.4byte	.LFE1-.LFB1
 412 0101 01       		.uleb128 0x1
 413 0102 9C       		.byte	0x9c
 414 0103 3F010000 		.4byte	0x13f
 415 0107 0A       		.uleb128 0xa
 416 0108 7300     		.ascii	"s\000"
 417 010a 01       		.byte	0x1
 418 010b 4C       		.byte	0x4c
 419 010c 84000000 		.4byte	0x84
 420 0110 00000000 		.4byte	.LLST0
 421 0114 0A       		.uleb128 0xa
 422 0115 6E00     		.ascii	"n\000"
ARM GAS  C:\Users\LEOTEJ~1\AppData\Local\Temp\ccXBeR5f.s 			page 14


 423 0117 01       		.byte	0x1
 424 0118 4C       		.byte	0x4c
 425 0119 2C000000 		.4byte	0x2c
 426 011d 21000000 		.4byte	.LLST1
 427 0121 0B       		.uleb128 0xb
 428 0122 0A000000 		.4byte	.LVL2
 429 0126 68020000 		.4byte	0x268
 430 012a 0C       		.uleb128 0xc
 431 012b 01       		.uleb128 0x1
 432 012c 50       		.byte	0x50
 433 012d 03       		.uleb128 0x3
 434 012e F3       		.byte	0xf3
 435 012f 01       		.uleb128 0x1
 436 0130 50       		.byte	0x50
 437 0131 0C       		.uleb128 0xc
 438 0132 01       		.uleb128 0x1
 439 0133 51       		.byte	0x51
 440 0134 01       		.uleb128 0x1
 441 0135 30       		.byte	0x30
 442 0136 0C       		.uleb128 0xc
 443 0137 01       		.uleb128 0x1
 444 0138 52       		.byte	0x52
 445 0139 03       		.uleb128 0x3
 446 013a F3       		.byte	0xf3
 447 013b 01       		.uleb128 0x1
 448 013c 51       		.byte	0x51
 449 013d 00       		.byte	0
 450 013e 00       		.byte	0
 451 013f 09       		.uleb128 0x9
 452 0140 3D000000 		.4byte	.LASF21
 453 0144 01       		.byte	0x1
 454 0145 AA       		.byte	0xaa
 455 0146 00000000 		.4byte	.LFB4
 456 014a 54000000 		.4byte	.LFE4-.LFB4
 457 014e 01       		.uleb128 0x1
 458 014f 9C       		.byte	0x9c
 459 0150 8B010000 		.4byte	0x18b
 460 0154 0D       		.uleb128 0xd
 461 0155 0E000000 		.4byte	.LVL3
 462 0159 71020000 		.4byte	0x271
 463 015d 68010000 		.4byte	0x168
 464 0161 0C       		.uleb128 0xc
 465 0162 01       		.uleb128 0x1
 466 0163 50       		.byte	0x50
 467 0164 02       		.uleb128 0x2
 468 0165 08       		.byte	0x8
 469 0166 30       		.byte	0x30
 470 0167 00       		.byte	0
 471 0168 0D       		.uleb128 0xd
 472 0169 2A000000 		.4byte	.LVL4
 473 016d 7C020000 		.4byte	0x27c
 474 0171 7B010000 		.4byte	0x17b
 475 0175 0C       		.uleb128 0xc
 476 0176 01       		.uleb128 0x1
 477 0177 50       		.byte	0x50
 478 0178 01       		.uleb128 0x1
 479 0179 37       		.byte	0x37
ARM GAS  C:\Users\LEOTEJ~1\AppData\Local\Temp\ccXBeR5f.s 			page 15


 480 017a 00       		.byte	0
 481 017b 0B       		.uleb128 0xb
 482 017c 30000000 		.4byte	.LVL5
 483 0180 87020000 		.4byte	0x287
 484 0184 0C       		.uleb128 0xc
 485 0185 01       		.uleb128 0x1
 486 0186 50       		.byte	0x50
 487 0187 01       		.uleb128 0x1
 488 0188 37       		.byte	0x37
 489 0189 00       		.byte	0
 490 018a 00       		.byte	0
 491 018b 0E       		.uleb128 0xe
 492 018c 0E010000 		.4byte	.LASF33
 493 0190 01       		.byte	0x1
 494 0191 F1       		.byte	0xf1
 495 0192 54000000 		.4byte	.LFB6
 496 0196 A8000000 		.4byte	.LFE6-.LFB6
 497 019a 01       		.uleb128 0x1
 498 019b 9C       		.byte	0x9c
 499 019c 68020000 		.4byte	0x268
 500 01a0 0F       		.uleb128 0xf
 501 01a1 58000000 		.4byte	.LBB2
 502 01a5 4C000000 		.4byte	.LBE2-.LBB2
 503 01a9 55020000 		.4byte	0x255
 504 01ad 10       		.uleb128 0x10
 505 01ae 06       		.byte	0x6
 506 01af 01       		.byte	0x1
 507 01b0 F8       		.byte	0xf8
 508 01b1 CE010000 		.4byte	0x1ce
 509 01b5 11       		.uleb128 0x11
 510 01b6 1B010000 		.4byte	.LASF22
 511 01ba 01       		.byte	0x1
 512 01bb F9       		.byte	0xf9
 513 01bc 84000000 		.4byte	0x84
 514 01c0 00       		.byte	0
 515 01c1 11       		.uleb128 0x11
 516 01c2 9F000000 		.4byte	.LASF23
 517 01c6 01       		.byte	0x1
 518 01c7 FA       		.byte	0xfa
 519 01c8 99000000 		.4byte	0x99
 520 01cc 04       		.byte	0x4
 521 01cd 00       		.byte	0
 522 01ce 03       		.uleb128 0x3
 523 01cf C8010000 		.4byte	.LASF24
 524 01d3 01       		.byte	0x1
 525 01d4 FB       		.byte	0xfb
 526 01d5 AD010000 		.4byte	0x1ad
 527 01d9 12       		.uleb128 0x12
 528 01da E9010000 		.4byte	0x1e9
 529 01de E9010000 		.4byte	0x1e9
 530 01e2 13       		.uleb128 0x13
 531 01e3 7D000000 		.4byte	0x7d
 532 01e7 01       		.byte	0x1
 533 01e8 00       		.byte	0
 534 01e9 14       		.uleb128 0x14
 535 01ea CE010000 		.4byte	0x1ce
 536 01ee 15       		.uleb128 0x15
ARM GAS  C:\Users\LEOTEJ~1\AppData\Local\Temp\ccXBeR5f.s 			page 16


 537 01ef 2D000000 		.4byte	.LASF25
 538 01f3 01       		.byte	0x1
 539 01f4 FD       		.byte	0xfd
 540 01f5 FF010000 		.4byte	0x1ff
 541 01f9 05       		.uleb128 0x5
 542 01fa 03       		.byte	0x3
 543 01fb 00000000 		.4byte	cfg_memset_list.4888
 544 01ff 14       		.uleb128 0x14
 545 0200 D9010000 		.4byte	0x1d9
 546 0204 16       		.uleb128 0x16
 547 0205 6900     		.ascii	"i\000"
 548 0207 01       		.byte	0x1
 549 0208 0301     		.2byte	0x103
 550 020a 8D000000 		.4byte	0x8d
 551 020e 4D000000 		.4byte	.LLST2
 552 0212 17       		.uleb128 0x17
 553 0213 5C000000 		.4byte	.LBB3
 554 0217 1C000000 		.4byte	.LBE3-.LBB3
 555 021b 16       		.uleb128 0x16
 556 021c 6D7300   		.ascii	"ms\000"
 557 021f 01       		.byte	0x1
 558 0220 0801     		.2byte	0x108
 559 0222 2A020000 		.4byte	0x22a
 560 0226 77000000 		.4byte	.LLST3
 561 022a 18       		.uleb128 0x18
 562 022b 04       		.byte	0x4
 563 022c E9010000 		.4byte	0x1e9
 564 0230 0B       		.uleb128 0xb
 565 0231 78000000 		.4byte	.LVL8
 566 0235 F2000000 		.4byte	0xf2
 567 0239 0C       		.uleb128 0xc
 568 023a 01       		.uleb128 0x1
 569 023b 51       		.byte	0x51
 570 023c 15       		.uleb128 0x15
 571 023d 74       		.byte	0x74
 572 023e 00       		.sleb128 0
 573 023f 31       		.byte	0x31
 574 0240 24       		.byte	0x24
 575 0241 74       		.byte	0x74
 576 0242 00       		.sleb128 0
 577 0243 22       		.byte	0x22
 578 0244 31       		.byte	0x31
 579 0245 24       		.byte	0x24
 580 0246 03       		.byte	0x3
 581 0247 04000000 		.4byte	.LANCHOR0+4
 582 024b 22       		.byte	0x22
 583 024c 94       		.byte	0x94
 584 024d 02       		.byte	0x2
 585 024e 0A       		.byte	0xa
 586 024f FFFF     		.2byte	0xffff
 587 0251 1A       		.byte	0x1a
 588 0252 00       		.byte	0
 589 0253 00       		.byte	0
 590 0254 00       		.byte	0
 591 0255 19       		.uleb128 0x19
 592 0256 C2000000 		.4byte	.LVL11
 593 025a 3F010000 		.4byte	0x13f
ARM GAS  C:\Users\LEOTEJ~1\AppData\Local\Temp\ccXBeR5f.s 			page 17


 594 025e 19       		.uleb128 0x19
 595 025f C6000000 		.4byte	.LVL12
 596 0263 E1000000 		.4byte	0xe1
 597 0267 00       		.byte	0
 598 0268 1A       		.uleb128 0x1a
 599 0269 D9000000 		.4byte	.LASF34
 600 026d D9000000 		.4byte	.LASF34
 601 0271 1B       		.uleb128 0x1b
 602 0272 FB010000 		.4byte	.LASF26
 603 0276 FB010000 		.4byte	.LASF26
 604 027a 04       		.byte	0x4
 605 027b 6C       		.byte	0x6c
 606 027c 1B       		.uleb128 0x1b
 607 027d 1E000000 		.4byte	.LASF27
 608 0281 1E000000 		.4byte	.LASF27
 609 0285 04       		.byte	0x4
 610 0286 BD       		.byte	0xbd
 611 0287 1B       		.uleb128 0x1b
 612 0288 E7000000 		.4byte	.LASF28
 613 028c E7000000 		.4byte	.LASF28
 614 0290 04       		.byte	0x4
 615 0291 C3       		.byte	0xc3
 616 0292 00       		.byte	0
 617              		.section	.debug_abbrev,"",%progbits
 618              	.Ldebug_abbrev0:
 619 0000 01       		.uleb128 0x1
 620 0001 11       		.uleb128 0x11
 621 0002 01       		.byte	0x1
 622 0003 25       		.uleb128 0x25
 623 0004 0E       		.uleb128 0xe
 624 0005 13       		.uleb128 0x13
 625 0006 0B       		.uleb128 0xb
 626 0007 03       		.uleb128 0x3
 627 0008 0E       		.uleb128 0xe
 628 0009 1B       		.uleb128 0x1b
 629 000a 0E       		.uleb128 0xe
 630 000b 55       		.uleb128 0x55
 631 000c 17       		.uleb128 0x17
 632 000d 11       		.uleb128 0x11
 633 000e 01       		.uleb128 0x1
 634 000f 10       		.uleb128 0x10
 635 0010 17       		.uleb128 0x17
 636 0011 00       		.byte	0
 637 0012 00       		.byte	0
 638 0013 02       		.uleb128 0x2
 639 0014 24       		.uleb128 0x24
 640 0015 00       		.byte	0
 641 0016 0B       		.uleb128 0xb
 642 0017 0B       		.uleb128 0xb
 643 0018 3E       		.uleb128 0x3e
 644 0019 0B       		.uleb128 0xb
 645 001a 03       		.uleb128 0x3
 646 001b 08       		.uleb128 0x8
 647 001c 00       		.byte	0
 648 001d 00       		.byte	0
 649 001e 03       		.uleb128 0x3
 650 001f 16       		.uleb128 0x16
ARM GAS  C:\Users\LEOTEJ~1\AppData\Local\Temp\ccXBeR5f.s 			page 18


 651 0020 00       		.byte	0
 652 0021 03       		.uleb128 0x3
 653 0022 0E       		.uleb128 0xe
 654 0023 3A       		.uleb128 0x3a
 655 0024 0B       		.uleb128 0xb
 656 0025 3B       		.uleb128 0x3b
 657 0026 0B       		.uleb128 0xb
 658 0027 49       		.uleb128 0x49
 659 0028 13       		.uleb128 0x13
 660 0029 00       		.byte	0
 661 002a 00       		.byte	0
 662 002b 04       		.uleb128 0x4
 663 002c 24       		.uleb128 0x24
 664 002d 00       		.byte	0
 665 002e 0B       		.uleb128 0xb
 666 002f 0B       		.uleb128 0xb
 667 0030 3E       		.uleb128 0x3e
 668 0031 0B       		.uleb128 0xb
 669 0032 03       		.uleb128 0x3
 670 0033 0E       		.uleb128 0xe
 671 0034 00       		.byte	0
 672 0035 00       		.byte	0
 673 0036 05       		.uleb128 0x5
 674 0037 0F       		.uleb128 0xf
 675 0038 00       		.byte	0
 676 0039 0B       		.uleb128 0xb
 677 003a 0B       		.uleb128 0xb
 678 003b 00       		.byte	0
 679 003c 00       		.byte	0
 680 003d 06       		.uleb128 0x6
 681 003e 16       		.uleb128 0x16
 682 003f 00       		.byte	0
 683 0040 03       		.uleb128 0x3
 684 0041 0E       		.uleb128 0xe
 685 0042 3A       		.uleb128 0x3a
 686 0043 0B       		.uleb128 0xb
 687 0044 3B       		.uleb128 0x3b
 688 0045 05       		.uleb128 0x5
 689 0046 49       		.uleb128 0x49
 690 0047 13       		.uleb128 0x13
 691 0048 00       		.byte	0
 692 0049 00       		.byte	0
 693 004a 07       		.uleb128 0x7
 694 004b 35       		.uleb128 0x35
 695 004c 00       		.byte	0
 696 004d 49       		.uleb128 0x49
 697 004e 13       		.uleb128 0x13
 698 004f 00       		.byte	0
 699 0050 00       		.byte	0
 700 0051 08       		.uleb128 0x8
 701 0052 2E       		.uleb128 0x2e
 702 0053 00       		.byte	0
 703 0054 03       		.uleb128 0x3
 704 0055 0E       		.uleb128 0xe
 705 0056 3A       		.uleb128 0x3a
 706 0057 0B       		.uleb128 0xb
 707 0058 3B       		.uleb128 0x3b
ARM GAS  C:\Users\LEOTEJ~1\AppData\Local\Temp\ccXBeR5f.s 			page 19


 708 0059 0B       		.uleb128 0xb
 709 005a 27       		.uleb128 0x27
 710 005b 19       		.uleb128 0x19
 711 005c 11       		.uleb128 0x11
 712 005d 01       		.uleb128 0x1
 713 005e 12       		.uleb128 0x12
 714 005f 06       		.uleb128 0x6
 715 0060 40       		.uleb128 0x40
 716 0061 18       		.uleb128 0x18
 717 0062 9742     		.uleb128 0x2117
 718 0064 19       		.uleb128 0x19
 719 0065 00       		.byte	0
 720 0066 00       		.byte	0
 721 0067 09       		.uleb128 0x9
 722 0068 2E       		.uleb128 0x2e
 723 0069 01       		.byte	0x1
 724 006a 03       		.uleb128 0x3
 725 006b 0E       		.uleb128 0xe
 726 006c 3A       		.uleb128 0x3a
 727 006d 0B       		.uleb128 0xb
 728 006e 3B       		.uleb128 0x3b
 729 006f 0B       		.uleb128 0xb
 730 0070 27       		.uleb128 0x27
 731 0071 19       		.uleb128 0x19
 732 0072 11       		.uleb128 0x11
 733 0073 01       		.uleb128 0x1
 734 0074 12       		.uleb128 0x12
 735 0075 06       		.uleb128 0x6
 736 0076 40       		.uleb128 0x40
 737 0077 18       		.uleb128 0x18
 738 0078 9742     		.uleb128 0x2117
 739 007a 19       		.uleb128 0x19
 740 007b 01       		.uleb128 0x1
 741 007c 13       		.uleb128 0x13
 742 007d 00       		.byte	0
 743 007e 00       		.byte	0
 744 007f 0A       		.uleb128 0xa
 745 0080 05       		.uleb128 0x5
 746 0081 00       		.byte	0
 747 0082 03       		.uleb128 0x3
 748 0083 08       		.uleb128 0x8
 749 0084 3A       		.uleb128 0x3a
 750 0085 0B       		.uleb128 0xb
 751 0086 3B       		.uleb128 0x3b
 752 0087 0B       		.uleb128 0xb
 753 0088 49       		.uleb128 0x49
 754 0089 13       		.uleb128 0x13
 755 008a 02       		.uleb128 0x2
 756 008b 17       		.uleb128 0x17
 757 008c 00       		.byte	0
 758 008d 00       		.byte	0
 759 008e 0B       		.uleb128 0xb
 760 008f 898201   		.uleb128 0x4109
 761 0092 01       		.byte	0x1
 762 0093 11       		.uleb128 0x11
 763 0094 01       		.uleb128 0x1
 764 0095 31       		.uleb128 0x31
ARM GAS  C:\Users\LEOTEJ~1\AppData\Local\Temp\ccXBeR5f.s 			page 20


 765 0096 13       		.uleb128 0x13
 766 0097 00       		.byte	0
 767 0098 00       		.byte	0
 768 0099 0C       		.uleb128 0xc
 769 009a 8A8201   		.uleb128 0x410a
 770 009d 00       		.byte	0
 771 009e 02       		.uleb128 0x2
 772 009f 18       		.uleb128 0x18
 773 00a0 9142     		.uleb128 0x2111
 774 00a2 18       		.uleb128 0x18
 775 00a3 00       		.byte	0
 776 00a4 00       		.byte	0
 777 00a5 0D       		.uleb128 0xd
 778 00a6 898201   		.uleb128 0x4109
 779 00a9 01       		.byte	0x1
 780 00aa 11       		.uleb128 0x11
 781 00ab 01       		.uleb128 0x1
 782 00ac 31       		.uleb128 0x31
 783 00ad 13       		.uleb128 0x13
 784 00ae 01       		.uleb128 0x1
 785 00af 13       		.uleb128 0x13
 786 00b0 00       		.byte	0
 787 00b1 00       		.byte	0
 788 00b2 0E       		.uleb128 0xe
 789 00b3 2E       		.uleb128 0x2e
 790 00b4 01       		.byte	0x1
 791 00b5 3F       		.uleb128 0x3f
 792 00b6 19       		.uleb128 0x19
 793 00b7 03       		.uleb128 0x3
 794 00b8 0E       		.uleb128 0xe
 795 00b9 3A       		.uleb128 0x3a
 796 00ba 0B       		.uleb128 0xb
 797 00bb 3B       		.uleb128 0x3b
 798 00bc 0B       		.uleb128 0xb
 799 00bd 27       		.uleb128 0x27
 800 00be 19       		.uleb128 0x19
 801 00bf 11       		.uleb128 0x11
 802 00c0 01       		.uleb128 0x1
 803 00c1 12       		.uleb128 0x12
 804 00c2 06       		.uleb128 0x6
 805 00c3 40       		.uleb128 0x40
 806 00c4 18       		.uleb128 0x18
 807 00c5 9742     		.uleb128 0x2117
 808 00c7 19       		.uleb128 0x19
 809 00c8 01       		.uleb128 0x1
 810 00c9 13       		.uleb128 0x13
 811 00ca 00       		.byte	0
 812 00cb 00       		.byte	0
 813 00cc 0F       		.uleb128 0xf
 814 00cd 0B       		.uleb128 0xb
 815 00ce 01       		.byte	0x1
 816 00cf 11       		.uleb128 0x11
 817 00d0 01       		.uleb128 0x1
 818 00d1 12       		.uleb128 0x12
 819 00d2 06       		.uleb128 0x6
 820 00d3 01       		.uleb128 0x1
 821 00d4 13       		.uleb128 0x13
ARM GAS  C:\Users\LEOTEJ~1\AppData\Local\Temp\ccXBeR5f.s 			page 21


 822 00d5 00       		.byte	0
 823 00d6 00       		.byte	0
 824 00d7 10       		.uleb128 0x10
 825 00d8 13       		.uleb128 0x13
 826 00d9 01       		.byte	0x1
 827 00da 0B       		.uleb128 0xb
 828 00db 0B       		.uleb128 0xb
 829 00dc 3A       		.uleb128 0x3a
 830 00dd 0B       		.uleb128 0xb
 831 00de 3B       		.uleb128 0x3b
 832 00df 0B       		.uleb128 0xb
 833 00e0 01       		.uleb128 0x1
 834 00e1 13       		.uleb128 0x13
 835 00e2 00       		.byte	0
 836 00e3 00       		.byte	0
 837 00e4 11       		.uleb128 0x11
 838 00e5 0D       		.uleb128 0xd
 839 00e6 00       		.byte	0
 840 00e7 03       		.uleb128 0x3
 841 00e8 0E       		.uleb128 0xe
 842 00e9 3A       		.uleb128 0x3a
 843 00ea 0B       		.uleb128 0xb
 844 00eb 3B       		.uleb128 0x3b
 845 00ec 0B       		.uleb128 0xb
 846 00ed 49       		.uleb128 0x49
 847 00ee 13       		.uleb128 0x13
 848 00ef 38       		.uleb128 0x38
 849 00f0 0B       		.uleb128 0xb
 850 00f1 00       		.byte	0
 851 00f2 00       		.byte	0
 852 00f3 12       		.uleb128 0x12
 853 00f4 01       		.uleb128 0x1
 854 00f5 01       		.byte	0x1
 855 00f6 49       		.uleb128 0x49
 856 00f7 13       		.uleb128 0x13
 857 00f8 01       		.uleb128 0x1
 858 00f9 13       		.uleb128 0x13
 859 00fa 00       		.byte	0
 860 00fb 00       		.byte	0
 861 00fc 13       		.uleb128 0x13
 862 00fd 21       		.uleb128 0x21
 863 00fe 00       		.byte	0
 864 00ff 49       		.uleb128 0x49
 865 0100 13       		.uleb128 0x13
 866 0101 2F       		.uleb128 0x2f
 867 0102 0B       		.uleb128 0xb
 868 0103 00       		.byte	0
 869 0104 00       		.byte	0
 870 0105 14       		.uleb128 0x14
 871 0106 26       		.uleb128 0x26
 872 0107 00       		.byte	0
 873 0108 49       		.uleb128 0x49
 874 0109 13       		.uleb128 0x13
 875 010a 00       		.byte	0
 876 010b 00       		.byte	0
 877 010c 15       		.uleb128 0x15
 878 010d 34       		.uleb128 0x34
ARM GAS  C:\Users\LEOTEJ~1\AppData\Local\Temp\ccXBeR5f.s 			page 22


 879 010e 00       		.byte	0
 880 010f 03       		.uleb128 0x3
 881 0110 0E       		.uleb128 0xe
 882 0111 3A       		.uleb128 0x3a
 883 0112 0B       		.uleb128 0xb
 884 0113 3B       		.uleb128 0x3b
 885 0114 0B       		.uleb128 0xb
 886 0115 49       		.uleb128 0x49
 887 0116 13       		.uleb128 0x13
 888 0117 02       		.uleb128 0x2
 889 0118 18       		.uleb128 0x18
 890 0119 00       		.byte	0
 891 011a 00       		.byte	0
 892 011b 16       		.uleb128 0x16
 893 011c 34       		.uleb128 0x34
 894 011d 00       		.byte	0
 895 011e 03       		.uleb128 0x3
 896 011f 08       		.uleb128 0x8
 897 0120 3A       		.uleb128 0x3a
 898 0121 0B       		.uleb128 0xb
 899 0122 3B       		.uleb128 0x3b
 900 0123 05       		.uleb128 0x5
 901 0124 49       		.uleb128 0x49
 902 0125 13       		.uleb128 0x13
 903 0126 02       		.uleb128 0x2
 904 0127 17       		.uleb128 0x17
 905 0128 00       		.byte	0
 906 0129 00       		.byte	0
 907 012a 17       		.uleb128 0x17
 908 012b 0B       		.uleb128 0xb
 909 012c 01       		.byte	0x1
 910 012d 11       		.uleb128 0x11
 911 012e 01       		.uleb128 0x1
 912 012f 12       		.uleb128 0x12
 913 0130 06       		.uleb128 0x6
 914 0131 00       		.byte	0
 915 0132 00       		.byte	0
 916 0133 18       		.uleb128 0x18
 917 0134 0F       		.uleb128 0xf
 918 0135 00       		.byte	0
 919 0136 0B       		.uleb128 0xb
 920 0137 0B       		.uleb128 0xb
 921 0138 49       		.uleb128 0x49
 922 0139 13       		.uleb128 0x13
 923 013a 00       		.byte	0
 924 013b 00       		.byte	0
 925 013c 19       		.uleb128 0x19
 926 013d 898201   		.uleb128 0x4109
 927 0140 00       		.byte	0
 928 0141 11       		.uleb128 0x11
 929 0142 01       		.uleb128 0x1
 930 0143 31       		.uleb128 0x31
 931 0144 13       		.uleb128 0x13
 932 0145 00       		.byte	0
 933 0146 00       		.byte	0
 934 0147 1A       		.uleb128 0x1a
 935 0148 2E       		.uleb128 0x2e
ARM GAS  C:\Users\LEOTEJ~1\AppData\Local\Temp\ccXBeR5f.s 			page 23


 936 0149 00       		.byte	0
 937 014a 3F       		.uleb128 0x3f
 938 014b 19       		.uleb128 0x19
 939 014c 3C       		.uleb128 0x3c
 940 014d 19       		.uleb128 0x19
 941 014e 6E       		.uleb128 0x6e
 942 014f 0E       		.uleb128 0xe
 943 0150 03       		.uleb128 0x3
 944 0151 0E       		.uleb128 0xe
 945 0152 00       		.byte	0
 946 0153 00       		.byte	0
 947 0154 1B       		.uleb128 0x1b
 948 0155 2E       		.uleb128 0x2e
 949 0156 00       		.byte	0
 950 0157 3F       		.uleb128 0x3f
 951 0158 19       		.uleb128 0x19
 952 0159 3C       		.uleb128 0x3c
 953 015a 19       		.uleb128 0x19
 954 015b 6E       		.uleb128 0x6e
 955 015c 0E       		.uleb128 0xe
 956 015d 03       		.uleb128 0x3
 957 015e 0E       		.uleb128 0xe
 958 015f 3A       		.uleb128 0x3a
 959 0160 0B       		.uleb128 0xb
 960 0161 3B       		.uleb128 0x3b
 961 0162 0B       		.uleb128 0xb
 962 0163 00       		.byte	0
 963 0164 00       		.byte	0
 964 0165 00       		.byte	0
 965              		.section	.debug_loc,"",%progbits
 966              	.Ldebug_loc0:
 967              	.LLST0:
 968 0000 00000000 		.4byte	.LVL0
 969 0004 09000000 		.4byte	.LVL2-1
 970 0008 0100     		.2byte	0x1
 971 000a 50       		.byte	0x50
 972 000b 09000000 		.4byte	.LVL2-1
 973 000f 0C000000 		.4byte	.LFE1
 974 0013 0400     		.2byte	0x4
 975 0015 F3       		.byte	0xf3
 976 0016 01       		.uleb128 0x1
 977 0017 50       		.byte	0x50
 978 0018 9F       		.byte	0x9f
 979 0019 00000000 		.4byte	0
 980 001d 00000000 		.4byte	0
 981              	.LLST1:
 982 0021 00000000 		.4byte	.LVL0
 983 0025 06000000 		.4byte	.LVL1
 984 0029 0100     		.2byte	0x1
 985 002b 51       		.byte	0x51
 986 002c 06000000 		.4byte	.LVL1
 987 0030 09000000 		.4byte	.LVL2-1
 988 0034 0100     		.2byte	0x1
 989 0036 52       		.byte	0x52
 990 0037 09000000 		.4byte	.LVL2-1
 991 003b 0C000000 		.4byte	.LFE1
 992 003f 0400     		.2byte	0x4
ARM GAS  C:\Users\LEOTEJ~1\AppData\Local\Temp\ccXBeR5f.s 			page 24


 993 0041 F3       		.byte	0xf3
 994 0042 01       		.uleb128 0x1
 995 0043 51       		.byte	0x51
 996 0044 9F       		.byte	0x9f
 997 0045 00000000 		.4byte	0
 998 0049 00000000 		.4byte	0
 999              	.LLST2:
 1000 004d 58000000 		.4byte	.LVL6
 1001 0051 5C000000 		.4byte	.LVL7
 1002 0055 0200     		.2byte	0x2
 1003 0057 30       		.byte	0x30
 1004 0058 9F       		.byte	0x9f
 1005 0059 5C000000 		.4byte	.LVL7
 1006 005d 7A000000 		.4byte	.LVL9
 1007 0061 0100     		.2byte	0x1
 1008 0063 54       		.byte	0x54
 1009 0064 7C000000 		.4byte	.LVL10
 1010 0068 C6000000 		.4byte	.LVL13
 1011 006c 0100     		.2byte	0x1
 1012 006e 54       		.byte	0x54
 1013 006f 00000000 		.4byte	0
 1014 0073 00000000 		.4byte	0
 1015              	.LLST3:
 1016 0077 5C000000 		.4byte	.LVL7
 1017 007b 7A000000 		.4byte	.LVL9
 1018 007f 0B00     		.2byte	0xb
 1019 0081 74       		.byte	0x74
 1020 0082 00       		.sleb128 0
 1021 0083 36       		.byte	0x36
 1022 0084 1E       		.byte	0x1e
 1023 0085 03       		.byte	0x3
 1024 0086 00000000 		.4byte	cfg_memset_list.4888
 1025 008a 22       		.byte	0x22
 1026 008b 9F       		.byte	0x9f
 1027 008c 7A000000 		.4byte	.LVL9
 1028 0090 7C000000 		.4byte	.LVL10
 1029 0094 0B00     		.2byte	0xb
 1030 0096 74       		.byte	0x74
 1031 0097 7F       		.sleb128 -1
 1032 0098 36       		.byte	0x36
 1033 0099 1E       		.byte	0x1e
 1034 009a 03       		.byte	0x3
 1035 009b 00000000 		.4byte	cfg_memset_list.4888
 1036 009f 22       		.byte	0x22
 1037 00a0 9F       		.byte	0x9f
 1038 00a1 00000000 		.4byte	0
 1039 00a5 00000000 		.4byte	0
 1040              		.section	.debug_aranges,"",%progbits
 1041 0000 34000000 		.4byte	0x34
 1042 0004 0200     		.2byte	0x2
 1043 0006 00000000 		.4byte	.Ldebug_info0
 1044 000a 04       		.byte	0x4
 1045 000b 00       		.byte	0
 1046 000c 0000     		.2byte	0
 1047 000e 0000     		.2byte	0
 1048 0010 00000000 		.4byte	.LFB5
 1049 0014 20000000 		.4byte	.LFE5-.LFB5
ARM GAS  C:\Users\LEOTEJ~1\AppData\Local\Temp\ccXBeR5f.s 			page 25


 1050 0018 00000000 		.4byte	.LFB1
 1051 001c 0C000000 		.4byte	.LFE1-.LFB1
 1052 0020 00000000 		.4byte	.LFB4
 1053 0024 54000000 		.4byte	.LFE4-.LFB4
 1054 0028 54000000 		.4byte	.LFB6
 1055 002c A8000000 		.4byte	.LFE6-.LFB6
 1056 0030 00000000 		.4byte	0
 1057 0034 00000000 		.4byte	0
 1058              		.section	.debug_ranges,"",%progbits
 1059              	.Ldebug_ranges0:
 1060 0000 00000000 		.4byte	.LFB5
 1061 0004 20000000 		.4byte	.LFE5
 1062 0008 00000000 		.4byte	.LFB1
 1063 000c 0C000000 		.4byte	.LFE1
 1064 0010 00000000 		.4byte	.LFB4
 1065 0014 54000000 		.4byte	.LFE4
 1066 0018 54000000 		.4byte	.LFB6
 1067 001c FC000000 		.4byte	.LFE6
 1068 0020 00000000 		.4byte	0
 1069 0024 00000000 		.4byte	0
 1070              		.section	.debug_line,"",%progbits
 1071              	.Ldebug_line0:
 1072 0000 3F010000 		.section	.debug_str,"MS",%progbits,1
 1072      0200D600 
 1072      00000201 
 1072      FB0E0D00 
 1072      01010101 
 1073              	.LASF19:
 1074 0000 72656733 		.ascii	"reg32\000"
 1074      3200
 1075              	.LASF12:
 1076 0006 73697A65 		.ascii	"size_t\000"
 1076      5F7400
 1077              	.LASF32:
 1078 000d 416E616C 		.ascii	"AnalogSetDefault\000"
 1078      6F675365 
 1078      74446566 
 1078      61756C74 
 1078      00
 1079              	.LASF27:
 1080 001e 4379496E 		.ascii	"CyIntSetVector\000"
 1080      74536574 
 1080      56656374 
 1080      6F7200
 1081              	.LASF25:
 1082 002d 6366675F 		.ascii	"cfg_memset_list\000"
 1082      6D656D73 
 1082      65745F6C 
 1082      69737400 
 1083              	.LASF21:
 1084 003d 436C6F63 		.ascii	"ClockSetup\000"
 1084      6B536574 
 1084      757000
 1085              	.LASF6:
 1086 0048 73686F72 		.ascii	"short unsigned int\000"
 1086      7420756E 
 1086      7369676E 
ARM GAS  C:\Users\LEOTEJ~1\AppData\Local\Temp\ccXBeR5f.s 			page 26


 1086      65642069 
 1086      6E7400
 1087              	.LASF31:
 1088 005b 433A5C55 		.ascii	"C:\\Users\\Leo Tejkowski\\Documents\\PSoC Creator\\"
 1088      73657273 
 1088      5C4C656F 
 1088      2054656A 
 1088      6B6F7773 
 1089 0089 4C616231 		.ascii	"Lab1\\Lab1.cydsn\000"
 1089      5C4C6162 
 1089      312E6379 
 1089      64736E00 
 1090              	.LASF16:
 1091 0099 666C6F61 		.ascii	"float\000"
 1091      7400
 1092              	.LASF23:
 1093 009f 73697A65 		.ascii	"size\000"
 1093      00
 1094              	.LASF18:
 1095 00a4 72656738 		.ascii	"reg8\000"
 1095      00
 1096              	.LASF8:
 1097 00a9 6C6F6E67 		.ascii	"long unsigned int\000"
 1097      20756E73 
 1097      69676E65 
 1097      6420696E 
 1097      7400
 1098              	.LASF13:
 1099 00bb 75696E74 		.ascii	"uint8\000"
 1099      3800
 1100              	.LASF20:
 1101 00c1 43594D45 		.ascii	"CYMEMZERO\000"
 1101      4D5A4552 
 1101      4F00
 1102              	.LASF4:
 1103 00cb 756E7369 		.ascii	"unsigned char\000"
 1103      676E6564 
 1103      20636861 
 1103      7200
 1104              	.LASF34:
 1105 00d9 6D656D73 		.ascii	"memset\000"
 1105      657400
 1106              	.LASF17:
 1107 00e0 646F7562 		.ascii	"double\000"
 1107      6C6500
 1108              	.LASF28:
 1109 00e7 4379496E 		.ascii	"CyIntEnable\000"
 1109      74456E61 
 1109      626C6500 
 1110              	.LASF14:
 1111 00f3 75696E74 		.ascii	"uint16\000"
 1111      313600
 1112              	.LASF15:
 1113 00fa 75696E74 		.ascii	"uint32\000"
 1113      333200
 1114              	.LASF0:
 1115 0101 756E7369 		.ascii	"unsigned int\000"
ARM GAS  C:\Users\LEOTEJ~1\AppData\Local\Temp\ccXBeR5f.s 			page 27


 1115      676E6564 
 1115      20696E74 
 1115      00
 1116              	.LASF33:
 1117 010e 63796669 		.ascii	"cyfitter_cfg\000"
 1117      74746572 
 1117      5F636667 
 1117      00
 1118              	.LASF22:
 1119 011b 61646472 		.ascii	"address\000"
 1119      65737300 
 1120              	.LASF9:
 1121 0123 6C6F6E67 		.ascii	"long long unsigned int\000"
 1121      206C6F6E 
 1121      6720756E 
 1121      7369676E 
 1121      65642069 
 1122              	.LASF29:
 1123 013a 474E5520 		.ascii	"GNU C11 5.4.1 20160609 (release) [ARM/embedded-5-br"
 1123      43313120 
 1123      352E342E 
 1123      31203230 
 1123      31363036 
 1124 016d 616E6368 		.ascii	"anch revision 237715] -mcpu=cortex-m0 -mthumb -g -O"
 1124      20726576 
 1124      6973696F 
 1124      6E203233 
 1124      37373135 
 1125 01a0 67202D66 		.ascii	"g -ffunction-sections -ffat-lto-objects\000"
 1125      66756E63 
 1125      74696F6E 
 1125      2D736563 
 1125      74696F6E 
 1126              	.LASF24:
 1127 01c8 6366675F 		.ascii	"cfg_memset_t\000"
 1127      6D656D73 
 1127      65745F74 
 1127      00
 1128              	.LASF10:
 1129 01d5 73697A65 		.ascii	"sizetype\000"
 1129      74797065 
 1129      00
 1130              	.LASF1:
 1131 01de 6C6F6E67 		.ascii	"long long int\000"
 1131      206C6F6E 
 1131      6720696E 
 1131      7400
 1132              	.LASF11:
 1133 01ec 63686172 		.ascii	"char\000"
 1133      00
 1134              	.LASF5:
 1135 01f1 73686F72 		.ascii	"short int\000"
 1135      7420696E 
 1135      7400
 1136              	.LASF26:
 1137 01fb 43795379 		.ascii	"CySysClkWriteImoFreq\000"
 1137      73436C6B 
ARM GAS  C:\Users\LEOTEJ~1\AppData\Local\Temp\ccXBeR5f.s 			page 28


 1137      57726974 
 1137      65496D6F 
 1137      46726571 
 1138              	.LASF7:
 1139 0210 6C6F6E67 		.ascii	"long int\000"
 1139      20696E74 
 1139      00
 1140              	.LASF2:
 1141 0219 6C6F6E67 		.ascii	"long double\000"
 1141      20646F75 
 1141      626C6500 
 1142              	.LASF3:
 1143 0225 7369676E 		.ascii	"signed char\000"
 1143      65642063 
 1143      68617200 
 1144              	.LASF30:
 1145 0231 47656E65 		.ascii	"Generated_Source\\PSoC4\\cyfitter_cfg.c\000"
 1145      72617465 
 1145      645F536F 
 1145      75726365 
 1145      5C50536F 
 1146              		.ident	"GCC: (GNU Tools for ARM Embedded Processors) 5.4.1 20160609 (release) [ARM/embedded-5-bran
