--------------- Build Started: 03/23/2023 16:22:32 Project: ECE381_SP23_Lab06_Wirless_Light_Controller, Configuration: ARM GCC 5.4-2016-q2-update Debug ---------------
The code generation step is up to date.
main.c: In function 'processMessage':
main.c:130:30: warning: unused variable 'b' [-Wunused-variable]
                 volatile int b = 0;
                              ^
main.c:145:30: warning: unused variable 'b' [-Wunused-variable]
                 volatile int b = 0;
                              ^
main.c:160:30: warning: unused variable 'b' [-Wunused-variable]
                 volatile int b = 0;
                              ^
main.c:175:30: warning: unused variable 'b' [-Wunused-variable]
                 volatile int b = 0;
                              ^
main.c:184:20: warning: unused variable 'a' [-Wunused-variable]
     volatile uint8 a = 0;
                    ^
main.c: In function 'Receiver':
main.c:239:25: warning: unused variable 'spiRdBuf' [-Wunused-variable]
     uint8 spiWrBuf[32], spiRdBuf[32];
                         ^
main.c: In function 'main':
main.c:360:30: warning: unused variable 'a' [-Wunused-variable]
                 volatile int a = 1;
                              ^
main.c:325:9: warning: variable 'color_sel' set but not used [-Wunused-but-set-variable]
     int color_sel = 0;
         ^
main.c:324:9: warning: variable 'brightness' set but not used [-Wunused-but-set-variable]
     int brightness = 0;
         ^
arm-none-eabi-gcc.exe -mcpu=cortex-m0 -mthumb -I. -IGenerated_Source\PSoC4 -Wa,-alh=.\CortexM0\ARM_GCC_541\Debug/main.lst -g -D DEBUG -D CY_CORE_ID=0 -Wall -ffunction-sections -ffat-lto-objects -Og -c main.c -o .\CortexM0\ARM_GCC_541\Debug\main.o
arm-none-eabi-ar.exe -rs .\CortexM0\ARM_GCC_541\Debug\ECE381_SP23_Lab06_Wirless_Light_Controller.a .\CortexM0\ARM_GCC_541\Debug\SPI.o .\CortexM0\ARM_GCC_541\Debug\SPI_SPI_UART.o .\CortexM0\ARM_GCC_541\Debug\SPI_SPI_UART_INT.o .\CortexM0\ARM_GCC_541\Debug\SPI_PM.o .\CortexM0\ARM_GCC_541\Debug\SPI_SPI.o .\CortexM0\ARM_GCC_541\Debug\SPI_BOOT.o .\CortexM0\ARM_GCC_541\Debug\SPI_SPI_BOOT.o .\CortexM0\ARM_GCC_541\Debug\LCD.o .\CortexM0\ARM_GCC_541\Debug\LCD_PM.o .\CortexM0\ARM_GCC_541\Debug\NRF24_IRQ.o .\CortexM0\ARM_GCC_541\Debug\NRF24_IRQ_PM.o .\CortexM0\ARM_GCC_541\Debug\NRF24_CE.o .\CortexM0\ARM_GCC_541\Debug\NRF24_CE_PM.o .\CortexM0\ARM_GCC_541\Debug\PWM_CLK.o .\CortexM0\ARM_GCC_541\Debug\R_LED.o .\CortexM0\ARM_GCC_541\Debug\R_LED_PM.o .\CortexM0\ARM_GCC_541\Debug\G_LED.o .\CortexM0\ARM_GCC_541\Debug\G_LED_PM.o .\CortexM0\ARM_GCC_541\Debug\B_LED.o .\CortexM0\ARM_GCC_541\Debug\B_LED_PM.o .\CortexM0\ARM_GCC_541\Debug\Y_LED.o .\CortexM0\ARM_GCC_541\Debug\Y_LED_PM.o .\CortexM0\ARM_GCC_541\Debug\PWM_SEL.o .\CortexM0\ARM_GCC_541\Debug\PWM_SEL_PM.o .\CortexM0\ARM_GCC_541\Debug\ENC.o .\CortexM0\ARM_GCC_541\Debug\ENC_PM.o .\CortexM0\ARM_GCC_541\Debug\ENC_ISR.o .\CortexM0\ARM_GCC_541\Debug\BTN.o .\CortexM0\ARM_GCC_541\Debug\BTN_PM.o .\CortexM0\ARM_GCC_541\Debug\BTN_ISR.o .\CortexM0\ARM_GCC_541\Debug\SPI_SCBCLK.o .\CortexM0\ARM_GCC_541\Debug\SPI_sclk_m.o .\CortexM0\ARM_GCC_541\Debug\SPI_sclk_m_PM.o .\CortexM0\ARM_GCC_541\Debug\SPI_miso_m.o .\CortexM0\ARM_GCC_541\Debug\SPI_miso_m_PM.o .\CortexM0\ARM_GCC_541\Debug\SPI_mosi_m.o .\CortexM0\ARM_GCC_541\Debug\SPI_mosi_m_PM.o .\CortexM0\ARM_GCC_541\Debug\SPI_ss0_m.o .\CortexM0\ARM_GCC_541\Debug\SPI_ss0_m_PM.o .\CortexM0\ARM_GCC_541\Debug\SPI_SCB_IRQ.o .\CortexM0\ARM_GCC_541\Debug\LCD_LCDPort.o .\CortexM0\ARM_GCC_541\Debug\LCD_LCDPort_PM.o .\CortexM0\ARM_GCC_541\Debug\CyFlash.o .\CortexM0\ARM_GCC_541\Debug\CyLib.o .\CortexM0\ARM_GCC_541\Debug\cyPm.o .\CortexM0\ARM_GCC_541\Debug\cyutils.o .\CortexM0\ARM_GCC_541\Debug\cy_em_eeprom.o .\CortexM0\ARM_GCC_541\Debug\CyDMA.o .\CortexM0\ARM_GCC_541\Debug\CyLFClk.o .\CortexM0\ARM_GCC_541\Debug\PWM.o .\CortexM0\ARM_GCC_541\Debug\PWM_PM.o .\CortexM0\ARM_GCC_541\Debug\CyBootAsmGnu.o
arm-none-eabi-ar.exe: creating .\CortexM0\ARM_GCC_541\Debug\ECE381_SP23_Lab06_Wirless_Light_Controller.a
arm-none-eabi-gcc.exe -Wl,--start-group -o "C:\Users\Hello Kitty\Desktop\MicrocontrollersLab\Lab 6 - SPI Wireless LEDs\Project\ECE381_SP23_Lab06_Wirless_Light_Controller.cydsn\CortexM0\ARM_GCC_541\Debug\ECE381_SP23_Lab06_Wirless_Light_Controller.elf" .\CortexM0\ARM_GCC_541\Debug\main.o .\CortexM0\ARM_GCC_541\Debug\cyfitter_cfg.o .\CortexM0\ARM_GCC_541\Debug\cymetadata.o .\CortexM0\ARM_GCC_541\Debug\Cm0Start.o .\CortexM0\ARM_GCC_541\Debug\ECE381_SP23_Lab06_Wirless_Light_Controller.a -mcpu=cortex-m0 -mthumb -L Generated_Source\PSoC4 -Wl,-Map,.\CortexM0\ARM_GCC_541\Debug/ECE381_SP23_Lab06_Wirless_Light_Controller.map -T Generated_Source\PSoC4\cm0gcc.ld -specs=nano.specs -Wl,--gc-sections -g -ffunction-sections -Og -ffat-lto-objects -Wl,--end-group
cyelftool.exe -C "C:\Users\Hello Kitty\Desktop\MicrocontrollersLab\Lab 6 - SPI Wireless LEDs\Project\ECE381_SP23_Lab06_Wirless_Light_Controller.cydsn\CortexM0\ARM_GCC_541\Debug\ECE381_SP23_Lab06_Wirless_Light_Controller.elf" --flash_row_size 128 --flash_size 131072 --flash_offset 0x00000000
No ELF section .cychecksum found, creating one
Application checksum calculated and stored in ELF section .cychecksum
Checksum calculated and stored in ELF section .cymeta
cyelftool.exe -S "C:\Users\Hello Kitty\Desktop\MicrocontrollersLab\Lab 6 - SPI Wireless LEDs\Project\ECE381_SP23_Lab06_Wirless_Light_Controller.cydsn\CortexM0\ARM_GCC_541\Debug\ECE381_SP23_Lab06_Wirless_Light_Controller.elf"
Flash used: 5392 of 131072 bytes (4.1%).
SRAM used: 2712 of 16384 bytes (16.6%). Stack: 2048 bytes. Heap: 128 bytes.
--------------- Build Succeeded: 03/23/2023 16:22:34 ---------------
