--------------- Rebuild Started: 04/06/2023 13:47:41 Project: main.c, Configuration: ARM GCC 5.4-2016-q2-update Debug ---------------
arm-none-eabi-gcc.exe -mcpu=cortex-m0 -mthumb -I. -IGenerated_Source\PSoC4 -Wa,-alh=.\CortexM0\ARM_GCC_541\Debug/main.lst -g -D DEBUG -D CY_CORE_ID=0 -Wall -ffunction-sections -ffat-lto-objects -Og -c main.c -o .\CortexM0\ARM_GCC_541\Debug\main.o
main.c: In function 'Transmitter':
main.c:253:25: warning: unused variable 'spiRdBuf' [-Wunused-variable]
     uint8 spiWrBuf[32], spiRdBuf[32];
                         ^
main.c: In function 'Receiver':
main.c:330:25: warning: unused variable 'spiRdBuf' [-Wunused-variable]
     uint8 spiWrBuf[32], spiRdBuf[32];
                         ^
main.c: In function 'jam':
main.c:474:23: warning: unused variable 'error' [-Wunused-variable]
                 uint8 error = SendMessage(comm, j);
                       ^
main.c: In function 'main':
main.c:677:18: warning: pointer targets in passing argument 1 of 'snprintf' differ in signedness [-Wpointer-sign]
         snprintf(command, 6, "%c %d", command[0],brightness);
                  ^
In file included from c:\program files (x86)\cypress\psoc creator\4.2\psoc creator\import\gnu\arm\5.4.1\arm-none-eabi\include\string.h:10:0,
                 from Generated_Source\PSoC4/CyLib.h:25,
                 from Generated_Source\PSoC4/SPI.h:24,
                 from Generated_Source\PSoC4/project.h:21,
                 from main.c:12:
c:\program files (x86)\cypress\psoc creator\4.2\psoc creator\import\gnu\arm\5.4.1\arm-none-eabi\include\stdio.h:253:5: note: expected 'char * restrict' but argument is of type 'uint8 * {aka unsigned char *}'
 int _EXFUN(snprintf, (char *__restrict, size_t, const char *__restrict, ...)
     ^
--------------- Rebuild Succeeded: 04/06/2023 13:47:43 ---------------
