ARM GAS  C:\Users\HELLOK~1\AppData\Local\Temp\ccTWRgqh.s 			page 1


   1              		.syntax unified
   2              		.cpu cortex-m0
   3              		.fpu softvfp
   4              		.eabi_attribute 20, 1
   5              		.eabi_attribute 21, 1
   6              		.eabi_attribute 23, 3
   7              		.eabi_attribute 24, 1
   8              		.eabi_attribute 25, 1
   9              		.eabi_attribute 26, 1
  10              		.eabi_attribute 30, 1
  11              		.eabi_attribute 34, 0
  12              		.eabi_attribute 18, 4
  13              		.thumb
  14              		.syntax unified
  15              		.file	"main.c"
  16              		.text
  17              	.Ltext0:
  18              		.cfi_sections	.debug_frame
  19              		.section	.text.printChar,"ax",%progbits
  20              		.align	2
  21              		.global	printChar
  22              		.code	16
  23              		.thumb_func
  24              		.type	printChar, %function
  25              	printChar:
  26              	.LFB34:
  27              		.file 1 "main.c"
   1:main.c        **** /* ========================================
   2:main.c        ****  *
   3:main.c        ****  * Copyright YOUR COMPANY, THE YEAR
   4:main.c        ****  * All Rights Reserved
   5:main.c        ****  * UNPUBLISHED, LICENSED SOFTWARE.
   6:main.c        ****  *
   7:main.c        ****  * CONFIDENTIAL AND PROPRIETARY INFORMATION
   8:main.c        ****  * WHICH IS THE PROPERTY OF your company.
   9:main.c        ****  *
  10:main.c        ****  * ========================================
  11:main.c        **** */
  12:main.c        **** #include "project.h"
  13:main.c        **** int printChar(char print, int length){
  28              		.loc 1 13 0
  29              		.cfi_startproc
  30              		@ args = 0, pretend = 0, frame = 0
  31              		@ frame_needed = 0, uses_anonymous_args = 0
  32              	.LVL0:
  33 0000 70B5     		push	{r4, r5, r6, lr}
  34              		.cfi_def_cfa_offset 16
  35              		.cfi_offset 4, -16
  36              		.cfi_offset 5, -12
  37              		.cfi_offset 6, -8
  38              		.cfi_offset 14, -4
  39 0002 0500     		movs	r5, r0
  40 0004 0C00     		movs	r4, r1
  14:main.c        ****     if(length == 16){
  41              		.loc 1 14 0
  42 0006 1029     		cmp	r1, #16
  43 0008 03D1     		bne	.L2
ARM GAS  C:\Users\HELLOK~1\AppData\Local\Temp\ccTWRgqh.s 			page 2


  44              	.LVL1:
  15:main.c        ****         length = 0;
  16:main.c        ****         LCD_ClearDisplay();
  45              		.loc 1 16 0
  46 000a 0120     		movs	r0, #1
  47              	.LVL2:
  48 000c FFF7FEFF 		bl	LCD_WriteControl
  49              	.LVL3:
  15:main.c        ****         length = 0;
  50              		.loc 1 15 0
  51 0010 0024     		movs	r4, #0
  52              	.LVL4:
  53              	.L2:
  17:main.c        ****     }
  18:main.c        ****     LCD_WriteData(print);
  54              		.loc 1 18 0
  55 0012 2800     		movs	r0, r5
  56 0014 FFF7FEFF 		bl	LCD_WriteData
  57              	.LVL5:
  19:main.c        ****     length++;
  58              		.loc 1 19 0
  59 0018 601C     		adds	r0, r4, #1
  60              	.LVL6:
  20:main.c        ****     return length;
  21:main.c        **** }
  61              		.loc 1 21 0
  62              		@ sp needed
  63 001a 70BD     		pop	{r4, r5, r6, pc}
  64              		.cfi_endproc
  65              	.LFE34:
  66              		.size	printChar, .-printChar
  67              		.section	.text.main,"ax",%progbits
  68              		.align	2
  69              		.global	main
  70              		.code	16
  71              		.thumb_func
  72              		.type	main, %function
  73              	main:
  74              	.LFB35:
  22:main.c        **** int main(void)
  23:main.c        **** {
  75              		.loc 1 23 0
  76              		.cfi_startproc
  77              		@ args = 0, pretend = 0, frame = 0
  78              		@ frame_needed = 0, uses_anonymous_args = 0
  79 0000 70B5     		push	{r4, r5, r6, lr}
  80              		.cfi_def_cfa_offset 16
  81              		.cfi_offset 4, -16
  82              		.cfi_offset 5, -12
  83              		.cfi_offset 6, -8
  84              		.cfi_offset 14, -4
  24:main.c        ****     CyGlobalIntEnable; /* Enable global interrupts. */
  85              		.loc 1 24 0
  86              		.syntax divided
  87              	@ 24 "main.c" 1
  88 0002 62B6     		CPSIE   i
  89              	@ 0 "" 2
ARM GAS  C:\Users\HELLOK~1\AppData\Local\Temp\ccTWRgqh.s 			page 3


  90              	.LVL7:
  25:main.c        **** 
  26:main.c        ****     /* Place your initialization/startup code here (e.g. MyInst_Start()) */
  27:main.c        ****     int x = 0;
  28:main.c        ****     int length = 0;
  29:main.c        ****     LCD_Start();
  91              		.loc 1 29 0
  92              		.thumb
  93              		.syntax unified
  94 0004 FFF7FEFF 		bl	LCD_Start
  95              	.LVL8:
  30:main.c        ****     LCD_ClearDisplay();
  96              		.loc 1 30 0
  97 0008 0120     		movs	r0, #1
  98 000a FFF7FEFF 		bl	LCD_WriteControl
  99              	.LVL9:
  28:main.c        ****     LCD_Start();
 100              		.loc 1 28 0
 101 000e 0024     		movs	r4, #0
  27:main.c        ****     int length = 0;
 102              		.loc 1 27 0
 103 0010 0025     		movs	r5, #0
 104 0012 29E0     		b	.L4
 105              	.LVL10:
 106              	.L12:
  31:main.c        ****     for(;;)
  32:main.c        ****     {
  33:main.c        ****         // Works
  34:main.c        ****         // Polling Process
  35:main.c        ****         while(C0_Read() == 0 && C1_Read() == 0 && C2_Read() == 0 && C3_Read() == 0){
  36:main.c        ****             switch(x){
 107              		.loc 1 36 0
 108 0014 012D     		cmp	r5, #1
 109 0016 10D0     		beq	.L6
 110 0018 02DC     		bgt	.L7
 111 001a 002D     		cmp	r5, #0
 112 001c 05D0     		beq	.L8
 113 001e 23E0     		b	.L4
 114              	.L7:
 115 0020 022D     		cmp	r5, #2
 116 0022 12D0     		beq	.L9
 117 0024 032D     		cmp	r5, #3
 118 0026 18D0     		beq	.L10
 119 0028 1EE0     		b	.L4
 120              	.L8:
  37:main.c        ****                 case 0:
  38:main.c        ****                     R3_Write(0);
 121              		.loc 1 38 0
 122 002a 0020     		movs	r0, #0
 123 002c FFF7FEFF 		bl	R3_Write
 124              	.LVL11:
  39:main.c        ****                     R0_Write(1);
 125              		.loc 1 39 0
 126 0030 0120     		movs	r0, #1
 127 0032 FFF7FEFF 		bl	R0_Write
 128              	.LVL12:
  40:main.c        ****                     x++;
ARM GAS  C:\Users\HELLOK~1\AppData\Local\Temp\ccTWRgqh.s 			page 4


 129              		.loc 1 40 0
 130 0036 0135     		adds	r5, r5, #1
 131              	.LVL13:
  41:main.c        ****                     break;
 132              		.loc 1 41 0
 133 0038 16E0     		b	.L4
 134              	.L6:
  42:main.c        ****                 case 1:
  43:main.c        ****                     R0_Write(0);
 135              		.loc 1 43 0
 136 003a 0020     		movs	r0, #0
 137 003c FFF7FEFF 		bl	R0_Write
 138              	.LVL14:
  44:main.c        ****                     R1_Write(1);
 139              		.loc 1 44 0
 140 0040 0120     		movs	r0, #1
 141 0042 FFF7FEFF 		bl	R1_Write
 142              	.LVL15:
  45:main.c        ****                     x++;
 143              		.loc 1 45 0
 144 0046 0135     		adds	r5, r5, #1
 145              	.LVL16:
  46:main.c        ****                     break;
 146              		.loc 1 46 0
 147 0048 0EE0     		b	.L4
 148              	.L9:
  47:main.c        ****                 case 2:
  48:main.c        ****                     R1_Write(0);
 149              		.loc 1 48 0
 150 004a 0020     		movs	r0, #0
 151 004c FFF7FEFF 		bl	R1_Write
 152              	.LVL17:
  49:main.c        ****                     R2_Write(1);
 153              		.loc 1 49 0
 154 0050 0120     		movs	r0, #1
 155 0052 FFF7FEFF 		bl	R2_Write
 156              	.LVL18:
  50:main.c        ****                     x++;
 157              		.loc 1 50 0
 158 0056 0135     		adds	r5, r5, #1
 159              	.LVL19:
  51:main.c        ****                     break;
 160              		.loc 1 51 0
 161 0058 06E0     		b	.L4
 162              	.L10:
  52:main.c        ****                 case 3:
  53:main.c        ****                     R2_Write(0);
 163              		.loc 1 53 0
 164 005a 0020     		movs	r0, #0
 165 005c FFF7FEFF 		bl	R2_Write
 166              	.LVL20:
  54:main.c        ****                     R3_Write(1);
 167              		.loc 1 54 0
 168 0060 0120     		movs	r0, #1
 169 0062 FFF7FEFF 		bl	R3_Write
 170              	.LVL21:
  55:main.c        ****                     x=0;
ARM GAS  C:\Users\HELLOK~1\AppData\Local\Temp\ccTWRgqh.s 			page 5


 171              		.loc 1 55 0
 172 0066 0025     		movs	r5, #0
 173              	.LVL22:
 174              	.L4:
  35:main.c        ****             switch(x){
 175              		.loc 1 35 0
 176 0068 FFF7FEFF 		bl	C0_Read
 177              	.LVL23:
 178 006c 0028     		cmp	r0, #0
 179 006e 0BD1     		bne	.L11
  35:main.c        ****             switch(x){
 180              		.loc 1 35 0 is_stmt 0 discriminator 1
 181 0070 FFF7FEFF 		bl	C1_Read
 182              	.LVL24:
 183 0074 0028     		cmp	r0, #0
 184 0076 07D1     		bne	.L11
  35:main.c        ****             switch(x){
 185              		.loc 1 35 0 discriminator 2
 186 0078 FFF7FEFF 		bl	C2_Read
 187              	.LVL25:
 188 007c 0028     		cmp	r0, #0
 189 007e 03D1     		bne	.L11
  35:main.c        ****             switch(x){
 190              		.loc 1 35 0 discriminator 3
 191 0080 FFF7FEFF 		bl	C3_Read
 192              	.LVL26:
 193 0084 0028     		cmp	r0, #0
 194 0086 C5D0     		beq	.L12
 195              	.L11:
  56:main.c        ****                     break;
  57:main.c        ****             }
  58:main.c        ****         }
  59:main.c        ****         // End Polling
  60:main.c        ****         // Delay
  61:main.c        ****         CyDelay(10);
 196              		.loc 1 61 0 is_stmt 1
 197 0088 0A20     		movs	r0, #10
 198 008a FFF7FEFF 		bl	CyDelay
 199              	.LVL27:
  62:main.c        ****         // Do whatever
  63:main.c        ****         if(C0_Read() == 1){
 200              		.loc 1 63 0
 201 008e FFF7FEFF 		bl	C0_Read
 202              	.LVL28:
 203 0092 0128     		cmp	r0, #1
 204 0094 22D1     		bne	.L13
  64:main.c        ****             switch(x){
 205              		.loc 1 64 0
 206 0096 012D     		cmp	r5, #1
 207 0098 08D0     		beq	.L15
 208 009a 02DC     		bgt	.L16
 209 009c 002D     		cmp	r5, #0
 210 009e 17D0     		beq	.L17
 211 00a0 90E0     		b	.L38
 212              	.L16:
 213 00a2 022D     		cmp	r5, #2
 214 00a4 08D0     		beq	.L18
ARM GAS  C:\Users\HELLOK~1\AppData\Local\Temp\ccTWRgqh.s 			page 6


 215 00a6 032D     		cmp	r5, #3
 216 00a8 0CD0     		beq	.L19
 217 00aa 8BE0     		b	.L38
 218              	.L15:
  65:main.c        ****                 case 1:
  66:main.c        ****                     // Print 1 (0,0)
  67:main.c        ****                     length = printChar('1', length);
 219              		.loc 1 67 0
 220 00ac 2100     		movs	r1, r4
 221 00ae 3120     		movs	r0, #49
 222 00b0 FFF7FEFF 		bl	printChar
 223              	.LVL29:
 224 00b4 0400     		movs	r4, r0
 225              	.LVL30:
  68:main.c        ****                     break;
 226              		.loc 1 68 0
 227 00b6 85E0     		b	.L38
 228              	.LVL31:
 229              	.L18:
  69:main.c        ****                 case 2:
  70:main.c        ****                     // Print 4 (0,1)
  71:main.c        ****                     length = printChar('4',length);
 230              		.loc 1 71 0
 231 00b8 2100     		movs	r1, r4
 232 00ba 3420     		movs	r0, #52
 233 00bc FFF7FEFF 		bl	printChar
 234              	.LVL32:
 235 00c0 0400     		movs	r4, r0
 236              	.LVL33:
  72:main.c        ****                     break;
 237              		.loc 1 72 0
 238 00c2 7FE0     		b	.L38
 239              	.LVL34:
 240              	.L19:
  73:main.c        ****                 case 3:
  74:main.c        ****                     // Print 7 (0,2)
  75:main.c        ****                     length = printChar('7',length);
 241              		.loc 1 75 0
 242 00c4 2100     		movs	r1, r4
 243 00c6 3720     		movs	r0, #55
 244 00c8 FFF7FEFF 		bl	printChar
 245              	.LVL35:
 246 00cc 0400     		movs	r4, r0
 247              	.LVL36:
  76:main.c        ****                     break;
 248              		.loc 1 76 0
 249 00ce 79E0     		b	.L38
 250              	.LVL37:
 251              	.L17:
  77:main.c        ****                 case 0:
  78:main.c        ****                     // Print * (0,3)
  79:main.c        ****                     length = printChar('*',length);
 252              		.loc 1 79 0
 253 00d0 2100     		movs	r1, r4
 254 00d2 2A20     		movs	r0, #42
 255 00d4 FFF7FEFF 		bl	printChar
 256              	.LVL38:
ARM GAS  C:\Users\HELLOK~1\AppData\Local\Temp\ccTWRgqh.s 			page 7


 257 00d8 0400     		movs	r4, r0
 258              	.LVL39:
  80:main.c        ****                     break;
 259              		.loc 1 80 0
 260 00da 73E0     		b	.L38
 261              	.LVL40:
 262              	.L13:
  81:main.c        ****             }
  82:main.c        ****         }
  83:main.c        ****         else if(C1_Read() == 1){
 263              		.loc 1 83 0
 264 00dc FFF7FEFF 		bl	C1_Read
 265              	.LVL41:
 266 00e0 0128     		cmp	r0, #1
 267 00e2 22D1     		bne	.L20
  84:main.c        ****             switch(x){
 268              		.loc 1 84 0
 269 00e4 012D     		cmp	r5, #1
 270 00e6 08D0     		beq	.L21
 271 00e8 02DC     		bgt	.L22
 272 00ea 002D     		cmp	r5, #0
 273 00ec 17D0     		beq	.L23
 274 00ee 69E0     		b	.L38
 275              	.L22:
 276 00f0 022D     		cmp	r5, #2
 277 00f2 08D0     		beq	.L24
 278 00f4 032D     		cmp	r5, #3
 279 00f6 0CD0     		beq	.L25
 280 00f8 64E0     		b	.L38
 281              	.L21:
  85:main.c        ****                 case 1:
  86:main.c        ****                     // Print 2 (1,0)
  87:main.c        ****                     length = printChar('2',length);
 282              		.loc 1 87 0
 283 00fa 2100     		movs	r1, r4
 284 00fc 3220     		movs	r0, #50
 285 00fe FFF7FEFF 		bl	printChar
 286              	.LVL42:
 287 0102 0400     		movs	r4, r0
 288              	.LVL43:
  88:main.c        ****                     break;
 289              		.loc 1 88 0
 290 0104 5EE0     		b	.L38
 291              	.LVL44:
 292              	.L24:
  89:main.c        ****                 case 2:
  90:main.c        ****                     // Print 5 (1,1)
  91:main.c        ****                     length = printChar('5',length);
 293              		.loc 1 91 0
 294 0106 2100     		movs	r1, r4
 295 0108 3520     		movs	r0, #53
 296 010a FFF7FEFF 		bl	printChar
 297              	.LVL45:
 298 010e 0400     		movs	r4, r0
 299              	.LVL46:
  92:main.c        ****                     break;
 300              		.loc 1 92 0
ARM GAS  C:\Users\HELLOK~1\AppData\Local\Temp\ccTWRgqh.s 			page 8


 301 0110 58E0     		b	.L38
 302              	.LVL47:
 303              	.L25:
  93:main.c        ****                 case 3:
  94:main.c        ****                     // Print 8 (1,2)
  95:main.c        ****                     length = printChar('8',length);
 304              		.loc 1 95 0
 305 0112 2100     		movs	r1, r4
 306 0114 3820     		movs	r0, #56
 307 0116 FFF7FEFF 		bl	printChar
 308              	.LVL48:
 309 011a 0400     		movs	r4, r0
 310              	.LVL49:
  96:main.c        ****                     break;
 311              		.loc 1 96 0
 312 011c 52E0     		b	.L38
 313              	.LVL50:
 314              	.L23:
  97:main.c        ****                 case 0:
  98:main.c        ****                     // Print 0 (1,3)
  99:main.c        ****                     length = printChar('0',length);
 315              		.loc 1 99 0
 316 011e 2100     		movs	r1, r4
 317 0120 3020     		movs	r0, #48
 318 0122 FFF7FEFF 		bl	printChar
 319              	.LVL51:
 320 0126 0400     		movs	r4, r0
 321              	.LVL52:
 100:main.c        ****                     break;
 322              		.loc 1 100 0
 323 0128 4CE0     		b	.L38
 324              	.LVL53:
 325              	.L20:
 101:main.c        ****             }
 102:main.c        ****         }
 103:main.c        ****         else if(C2_Read() == 1){
 326              		.loc 1 103 0
 327 012a FFF7FEFF 		bl	C2_Read
 328              	.LVL54:
 329 012e 0128     		cmp	r0, #1
 330 0130 22D1     		bne	.L26
 104:main.c        ****             switch(x){
 331              		.loc 1 104 0
 332 0132 012D     		cmp	r5, #1
 333 0134 08D0     		beq	.L27
 334 0136 02DC     		bgt	.L28
 335 0138 002D     		cmp	r5, #0
 336 013a 17D0     		beq	.L29
 337 013c 42E0     		b	.L38
 338              	.L28:
 339 013e 022D     		cmp	r5, #2
 340 0140 08D0     		beq	.L30
 341 0142 032D     		cmp	r5, #3
 342 0144 0CD0     		beq	.L31
 343 0146 3DE0     		b	.L38
 344              	.L27:
 105:main.c        ****                 case 1:
ARM GAS  C:\Users\HELLOK~1\AppData\Local\Temp\ccTWRgqh.s 			page 9


 106:main.c        ****                     // Print 3 (2,0)
 107:main.c        ****                     length = printChar('3',length);
 345              		.loc 1 107 0
 346 0148 2100     		movs	r1, r4
 347 014a 3320     		movs	r0, #51
 348 014c FFF7FEFF 		bl	printChar
 349              	.LVL55:
 350 0150 0400     		movs	r4, r0
 351              	.LVL56:
 108:main.c        ****                     break;
 352              		.loc 1 108 0
 353 0152 37E0     		b	.L38
 354              	.LVL57:
 355              	.L30:
 109:main.c        ****                 case 2:
 110:main.c        ****                     // Print 6 (2,1)
 111:main.c        ****                     length = printChar('6',length);
 356              		.loc 1 111 0
 357 0154 2100     		movs	r1, r4
 358 0156 3620     		movs	r0, #54
 359 0158 FFF7FEFF 		bl	printChar
 360              	.LVL58:
 361 015c 0400     		movs	r4, r0
 362              	.LVL59:
 112:main.c        ****                     break;
 363              		.loc 1 112 0
 364 015e 31E0     		b	.L38
 365              	.LVL60:
 366              	.L31:
 113:main.c        ****                 case 3:
 114:main.c        ****                     // Print 9 (2,2)
 115:main.c        ****                     length = printChar('9',length);
 367              		.loc 1 115 0
 368 0160 2100     		movs	r1, r4
 369 0162 3920     		movs	r0, #57
 370 0164 FFF7FEFF 		bl	printChar
 371              	.LVL61:
 372 0168 0400     		movs	r4, r0
 373              	.LVL62:
 116:main.c        ****                     break;
 374              		.loc 1 116 0
 375 016a 2BE0     		b	.L38
 376              	.LVL63:
 377              	.L29:
 117:main.c        ****                 case 0:
 118:main.c        ****                     // Print # (2,3)
 119:main.c        ****                     length = printChar('#',length);
 378              		.loc 1 119 0
 379 016c 2100     		movs	r1, r4
 380 016e 2320     		movs	r0, #35
 381 0170 FFF7FEFF 		bl	printChar
 382              	.LVL64:
 383 0174 0400     		movs	r4, r0
 384              	.LVL65:
 120:main.c        ****                     break;
 385              		.loc 1 120 0
 386 0176 25E0     		b	.L38
ARM GAS  C:\Users\HELLOK~1\AppData\Local\Temp\ccTWRgqh.s 			page 10


 387              	.LVL66:
 388              	.L26:
 121:main.c        ****             }
 122:main.c        ****         }
 123:main.c        ****         else if(C3_Read() == 1){
 389              		.loc 1 123 0
 390 0178 FFF7FEFF 		bl	C3_Read
 391              	.LVL67:
 392 017c 0128     		cmp	r0, #1
 393 017e 21D1     		bne	.L38
 124:main.c        ****             switch(x){
 394              		.loc 1 124 0
 395 0180 012D     		cmp	r5, #1
 396 0182 08D0     		beq	.L33
 397 0184 02DC     		bgt	.L34
 398 0186 002D     		cmp	r5, #0
 399 0188 17D0     		beq	.L35
 400 018a 1BE0     		b	.L38
 401              	.L34:
 402 018c 022D     		cmp	r5, #2
 403 018e 08D0     		beq	.L36
 404 0190 032D     		cmp	r5, #3
 405 0192 0CD0     		beq	.L37
 406 0194 16E0     		b	.L38
 407              	.L33:
 125:main.c        ****                 case 1:
 126:main.c        ****                     // Print A (3,0)
 127:main.c        ****                     length = printChar('A',length);
 408              		.loc 1 127 0
 409 0196 2100     		movs	r1, r4
 410 0198 4120     		movs	r0, #65
 411 019a FFF7FEFF 		bl	printChar
 412              	.LVL68:
 413 019e 0400     		movs	r4, r0
 414              	.LVL69:
 128:main.c        ****                     break;
 415              		.loc 1 128 0
 416 01a0 10E0     		b	.L38
 417              	.LVL70:
 418              	.L36:
 129:main.c        ****                 case 2:
 130:main.c        ****                     // Print B (3,1)
 131:main.c        ****                     length = printChar('B',length);
 419              		.loc 1 131 0
 420 01a2 2100     		movs	r1, r4
 421 01a4 4220     		movs	r0, #66
 422 01a6 FFF7FEFF 		bl	printChar
 423              	.LVL71:
 424 01aa 0400     		movs	r4, r0
 425              	.LVL72:
 132:main.c        ****                     break;
 426              		.loc 1 132 0
 427 01ac 0AE0     		b	.L38
 428              	.LVL73:
 429              	.L37:
 133:main.c        ****                 case 3:
 134:main.c        ****                     // Print C (3,2)
ARM GAS  C:\Users\HELLOK~1\AppData\Local\Temp\ccTWRgqh.s 			page 11


 135:main.c        ****                     length = printChar('C',length);
 430              		.loc 1 135 0
 431 01ae 2100     		movs	r1, r4
 432 01b0 4320     		movs	r0, #67
 433 01b2 FFF7FEFF 		bl	printChar
 434              	.LVL74:
 435 01b6 0400     		movs	r4, r0
 436              	.LVL75:
 136:main.c        ****                     break;
 437              		.loc 1 136 0
 438 01b8 04E0     		b	.L38
 439              	.LVL76:
 440              	.L35:
 137:main.c        ****                 case 0:
 138:main.c        ****                     // Print D (3,3)
 139:main.c        ****                     length = printChar('D',length);
 441              		.loc 1 139 0
 442 01ba 2100     		movs	r1, r4
 443 01bc 4420     		movs	r0, #68
 444 01be FFF7FEFF 		bl	printChar
 445              	.LVL77:
 446 01c2 0400     		movs	r4, r0
 447              	.LVL78:
 448              	.L38:
 140:main.c        ****                     break;
 141:main.c        ****             }
 142:main.c        ****         }
 143:main.c        ****         // Check for release
 144:main.c        ****         while(C0_Read() == 1 || C1_Read() == 1 || C2_Read() == 1 || C3_Read() == 1);
 449              		.loc 1 144 0 discriminator 7
 450 01c4 FFF7FEFF 		bl	C0_Read
 451              	.LVL79:
 452 01c8 0128     		cmp	r0, #1
 453 01ca FBD0     		beq	.L38
 454              		.loc 1 144 0 is_stmt 0 discriminator 2
 455 01cc FFF7FEFF 		bl	C1_Read
 456              	.LVL80:
 457 01d0 0128     		cmp	r0, #1
 458 01d2 F7D0     		beq	.L38
 459              		.loc 1 144 0 discriminator 4
 460 01d4 FFF7FEFF 		bl	C2_Read
 461              	.LVL81:
 462 01d8 0128     		cmp	r0, #1
 463 01da F3D0     		beq	.L38
 464              		.loc 1 144 0 discriminator 6
 465 01dc FFF7FEFF 		bl	C3_Read
 466              	.LVL82:
 467 01e0 0128     		cmp	r0, #1
 468 01e2 EFD0     		beq	.L38
 469 01e4 40E7     		b	.L4
 470              		.cfi_endproc
 471              	.LFE35:
 472              		.size	main, .-main
 473 01e6 C046     		.text
 474              	.Letext0:
 475              		.file 2 "Generated_Source\\PSoC4/LCD.h"
 476              		.file 3 "Generated_Source\\PSoC4/R3.h"
ARM GAS  C:\Users\HELLOK~1\AppData\Local\Temp\ccTWRgqh.s 			page 12


 477              		.file 4 "Generated_Source\\PSoC4/R0.h"
 478              		.file 5 "Generated_Source\\PSoC4/R1.h"
 479              		.file 6 "Generated_Source\\PSoC4/R2.h"
 480              		.file 7 "Generated_Source\\PSoC4/C0.h"
 481              		.file 8 "Generated_Source\\PSoC4/C1.h"
 482              		.file 9 "Generated_Source\\PSoC4/C2.h"
 483              		.file 10 "Generated_Source\\PSoC4/C3.h"
 484              		.file 11 "Generated_Source\\PSoC4/CyLib.h"
 485              		.section	.debug_info,"",%progbits
 486              	.Ldebug_info0:
 487 0000 73040000 		.4byte	0x473
 488 0004 0400     		.2byte	0x4
 489 0006 00000000 		.4byte	.Ldebug_abbrev0
 490 000a 04       		.byte	0x4
 491 000b 01       		.uleb128 0x1
 492 000c 1A010000 		.4byte	.LASF28
 493 0010 0C       		.byte	0xc
 494 0011 BF010000 		.4byte	.LASF29
 495 0015 11000000 		.4byte	.LASF30
 496 0019 00000000 		.4byte	.Ldebug_ranges0+0
 497 001d 00000000 		.4byte	0
 498 0021 00000000 		.4byte	.Ldebug_line0
 499 0025 02       		.uleb128 0x2
 500 0026 01       		.byte	0x1
 501 0027 06       		.byte	0x6
 502 0028 01020000 		.4byte	.LASF0
 503 002c 02       		.uleb128 0x2
 504 002d 01       		.byte	0x1
 505 002e 08       		.byte	0x8
 506 002f 95000000 		.4byte	.LASF1
 507 0033 02       		.uleb128 0x2
 508 0034 02       		.byte	0x2
 509 0035 05       		.byte	0x5
 510 0036 D1010000 		.4byte	.LASF2
 511 003a 02       		.uleb128 0x2
 512 003b 02       		.byte	0x2
 513 003c 07       		.byte	0x7
 514 003d BD000000 		.4byte	.LASF3
 515 0041 02       		.uleb128 0x2
 516 0042 04       		.byte	0x4
 517 0043 05       		.byte	0x5
 518 0044 EC010000 		.4byte	.LASF4
 519 0048 02       		.uleb128 0x2
 520 0049 04       		.byte	0x4
 521 004a 07       		.byte	0x7
 522 004b AB000000 		.4byte	.LASF5
 523 004f 02       		.uleb128 0x2
 524 0050 08       		.byte	0x8
 525 0051 05       		.byte	0x5
 526 0052 B1010000 		.4byte	.LASF6
 527 0056 02       		.uleb128 0x2
 528 0057 08       		.byte	0x8
 529 0058 07       		.byte	0x7
 530 0059 03010000 		.4byte	.LASF7
 531 005d 03       		.uleb128 0x3
 532 005e 04       		.byte	0x4
 533 005f 05       		.byte	0x5
ARM GAS  C:\Users\HELLOK~1\AppData\Local\Temp\ccTWRgqh.s 			page 13


 534 0060 696E7400 		.ascii	"int\000"
 535 0064 02       		.uleb128 0x2
 536 0065 04       		.byte	0x4
 537 0066 07       		.byte	0x7
 538 0067 F6000000 		.4byte	.LASF8
 539 006b 02       		.uleb128 0x2
 540 006c 04       		.byte	0x4
 541 006d 04       		.byte	0x4
 542 006e 7C000000 		.4byte	.LASF9
 543 0072 02       		.uleb128 0x2
 544 0073 08       		.byte	0x8
 545 0074 04       		.byte	0x4
 546 0075 D9000000 		.4byte	.LASF10
 547 0079 02       		.uleb128 0x2
 548 007a 01       		.byte	0x1
 549 007b 08       		.byte	0x8
 550 007c C6010000 		.4byte	.LASF11
 551 0080 02       		.uleb128 0x2
 552 0081 04       		.byte	0x4
 553 0082 07       		.byte	0x7
 554 0083 A8010000 		.4byte	.LASF12
 555 0087 02       		.uleb128 0x2
 556 0088 08       		.byte	0x8
 557 0089 04       		.byte	0x4
 558 008a F5010000 		.4byte	.LASF13
 559 008e 04       		.uleb128 0x4
 560 008f E2010000 		.4byte	.LASF31
 561 0093 01       		.byte	0x1
 562 0094 0D       		.byte	0xd
 563 0095 5D000000 		.4byte	0x5d
 564 0099 00000000 		.4byte	.LFB34
 565 009d 1C000000 		.4byte	.LFE34-.LFB34
 566 00a1 01       		.uleb128 0x1
 567 00a2 9C       		.byte	0x9c
 568 00a3 E9000000 		.4byte	0xe9
 569 00a7 05       		.uleb128 0x5
 570 00a8 CB010000 		.4byte	.LASF14
 571 00ac 01       		.byte	0x1
 572 00ad 0D       		.byte	0xd
 573 00ae 79000000 		.4byte	0x79
 574 00b2 00000000 		.4byte	.LLST0
 575 00b6 05       		.uleb128 0x5
 576 00b7 DB010000 		.4byte	.LASF15
 577 00bb 01       		.byte	0x1
 578 00bc 0D       		.byte	0xd
 579 00bd 5D000000 		.4byte	0x5d
 580 00c1 21000000 		.4byte	.LLST1
 581 00c5 06       		.uleb128 0x6
 582 00c6 10000000 		.4byte	.LVL3
 583 00ca F2030000 		.4byte	0x3f2
 584 00ce D8000000 		.4byte	0xd8
 585 00d2 07       		.uleb128 0x7
 586 00d3 01       		.uleb128 0x1
 587 00d4 50       		.byte	0x50
 588 00d5 01       		.uleb128 0x1
 589 00d6 31       		.byte	0x31
 590 00d7 00       		.byte	0
ARM GAS  C:\Users\HELLOK~1\AppData\Local\Temp\ccTWRgqh.s 			page 14


 591 00d8 08       		.uleb128 0x8
 592 00d9 18000000 		.4byte	.LVL5
 593 00dd FD030000 		.4byte	0x3fd
 594 00e1 07       		.uleb128 0x7
 595 00e2 01       		.uleb128 0x1
 596 00e3 50       		.byte	0x50
 597 00e4 02       		.uleb128 0x2
 598 00e5 75       		.byte	0x75
 599 00e6 00       		.sleb128 0
 600 00e7 00       		.byte	0
 601 00e8 00       		.byte	0
 602 00e9 09       		.uleb128 0x9
 603 00ea E9000000 		.4byte	.LASF32
 604 00ee 01       		.byte	0x1
 605 00ef 16       		.byte	0x16
 606 00f0 5D000000 		.4byte	0x5d
 607 00f4 00000000 		.4byte	.LFB35
 608 00f8 E6010000 		.4byte	.LFE35-.LFB35
 609 00fc 01       		.uleb128 0x1
 610 00fd 9C       		.byte	0x9c
 611 00fe F2030000 		.4byte	0x3f2
 612 0102 0A       		.uleb128 0xa
 613 0103 7800     		.ascii	"x\000"
 614 0105 01       		.byte	0x1
 615 0106 1B       		.byte	0x1b
 616 0107 5D000000 		.4byte	0x5d
 617 010b 56000000 		.4byte	.LLST2
 618 010f 0B       		.uleb128 0xb
 619 0110 DB010000 		.4byte	.LASF15
 620 0114 01       		.byte	0x1
 621 0115 1C       		.byte	0x1c
 622 0116 5D000000 		.4byte	0x5d
 623 011a 8C000000 		.4byte	.LLST3
 624 011e 0C       		.uleb128 0xc
 625 011f 08000000 		.4byte	.LVL8
 626 0123 08040000 		.4byte	0x408
 627 0127 06       		.uleb128 0x6
 628 0128 0E000000 		.4byte	.LVL9
 629 012c F2030000 		.4byte	0x3f2
 630 0130 3A010000 		.4byte	0x13a
 631 0134 07       		.uleb128 0x7
 632 0135 01       		.uleb128 0x1
 633 0136 50       		.byte	0x50
 634 0137 01       		.uleb128 0x1
 635 0138 31       		.byte	0x31
 636 0139 00       		.byte	0
 637 013a 06       		.uleb128 0x6
 638 013b 30000000 		.4byte	.LVL11
 639 013f 13040000 		.4byte	0x413
 640 0143 4D010000 		.4byte	0x14d
 641 0147 07       		.uleb128 0x7
 642 0148 01       		.uleb128 0x1
 643 0149 50       		.byte	0x50
 644 014a 01       		.uleb128 0x1
 645 014b 30       		.byte	0x30
 646 014c 00       		.byte	0
 647 014d 06       		.uleb128 0x6
ARM GAS  C:\Users\HELLOK~1\AppData\Local\Temp\ccTWRgqh.s 			page 15


 648 014e 36000000 		.4byte	.LVL12
 649 0152 1E040000 		.4byte	0x41e
 650 0156 60010000 		.4byte	0x160
 651 015a 07       		.uleb128 0x7
 652 015b 01       		.uleb128 0x1
 653 015c 50       		.byte	0x50
 654 015d 01       		.uleb128 0x1
 655 015e 31       		.byte	0x31
 656 015f 00       		.byte	0
 657 0160 06       		.uleb128 0x6
 658 0161 40000000 		.4byte	.LVL14
 659 0165 1E040000 		.4byte	0x41e
 660 0169 73010000 		.4byte	0x173
 661 016d 07       		.uleb128 0x7
 662 016e 01       		.uleb128 0x1
 663 016f 50       		.byte	0x50
 664 0170 01       		.uleb128 0x1
 665 0171 30       		.byte	0x30
 666 0172 00       		.byte	0
 667 0173 06       		.uleb128 0x6
 668 0174 46000000 		.4byte	.LVL15
 669 0178 29040000 		.4byte	0x429
 670 017c 86010000 		.4byte	0x186
 671 0180 07       		.uleb128 0x7
 672 0181 01       		.uleb128 0x1
 673 0182 50       		.byte	0x50
 674 0183 01       		.uleb128 0x1
 675 0184 31       		.byte	0x31
 676 0185 00       		.byte	0
 677 0186 06       		.uleb128 0x6
 678 0187 50000000 		.4byte	.LVL17
 679 018b 29040000 		.4byte	0x429
 680 018f 99010000 		.4byte	0x199
 681 0193 07       		.uleb128 0x7
 682 0194 01       		.uleb128 0x1
 683 0195 50       		.byte	0x50
 684 0196 01       		.uleb128 0x1
 685 0197 30       		.byte	0x30
 686 0198 00       		.byte	0
 687 0199 06       		.uleb128 0x6
 688 019a 56000000 		.4byte	.LVL18
 689 019e 34040000 		.4byte	0x434
 690 01a2 AC010000 		.4byte	0x1ac
 691 01a6 07       		.uleb128 0x7
 692 01a7 01       		.uleb128 0x1
 693 01a8 50       		.byte	0x50
 694 01a9 01       		.uleb128 0x1
 695 01aa 31       		.byte	0x31
 696 01ab 00       		.byte	0
 697 01ac 06       		.uleb128 0x6
 698 01ad 60000000 		.4byte	.LVL20
 699 01b1 34040000 		.4byte	0x434
 700 01b5 BF010000 		.4byte	0x1bf
 701 01b9 07       		.uleb128 0x7
 702 01ba 01       		.uleb128 0x1
 703 01bb 50       		.byte	0x50
 704 01bc 01       		.uleb128 0x1
ARM GAS  C:\Users\HELLOK~1\AppData\Local\Temp\ccTWRgqh.s 			page 16


 705 01bd 30       		.byte	0x30
 706 01be 00       		.byte	0
 707 01bf 06       		.uleb128 0x6
 708 01c0 66000000 		.4byte	.LVL21
 709 01c4 13040000 		.4byte	0x413
 710 01c8 D2010000 		.4byte	0x1d2
 711 01cc 07       		.uleb128 0x7
 712 01cd 01       		.uleb128 0x1
 713 01ce 50       		.byte	0x50
 714 01cf 01       		.uleb128 0x1
 715 01d0 31       		.byte	0x31
 716 01d1 00       		.byte	0
 717 01d2 0C       		.uleb128 0xc
 718 01d3 6C000000 		.4byte	.LVL23
 719 01d7 3F040000 		.4byte	0x43f
 720 01db 0C       		.uleb128 0xc
 721 01dc 74000000 		.4byte	.LVL24
 722 01e0 4A040000 		.4byte	0x44a
 723 01e4 0C       		.uleb128 0xc
 724 01e5 7C000000 		.4byte	.LVL25
 725 01e9 55040000 		.4byte	0x455
 726 01ed 0C       		.uleb128 0xc
 727 01ee 84000000 		.4byte	.LVL26
 728 01f2 60040000 		.4byte	0x460
 729 01f6 06       		.uleb128 0x6
 730 01f7 8E000000 		.4byte	.LVL27
 731 01fb 6B040000 		.4byte	0x46b
 732 01ff 09020000 		.4byte	0x209
 733 0203 07       		.uleb128 0x7
 734 0204 01       		.uleb128 0x1
 735 0205 50       		.byte	0x50
 736 0206 01       		.uleb128 0x1
 737 0207 3A       		.byte	0x3a
 738 0208 00       		.byte	0
 739 0209 0C       		.uleb128 0xc
 740 020a 92000000 		.4byte	.LVL28
 741 020e 3F040000 		.4byte	0x43f
 742 0212 06       		.uleb128 0x6
 743 0213 B4000000 		.4byte	.LVL29
 744 0217 8E000000 		.4byte	0x8e
 745 021b 2C020000 		.4byte	0x22c
 746 021f 07       		.uleb128 0x7
 747 0220 01       		.uleb128 0x1
 748 0221 50       		.byte	0x50
 749 0222 02       		.uleb128 0x2
 750 0223 08       		.byte	0x8
 751 0224 31       		.byte	0x31
 752 0225 07       		.uleb128 0x7
 753 0226 01       		.uleb128 0x1
 754 0227 51       		.byte	0x51
 755 0228 02       		.uleb128 0x2
 756 0229 74       		.byte	0x74
 757 022a 00       		.sleb128 0
 758 022b 00       		.byte	0
 759 022c 06       		.uleb128 0x6
 760 022d C0000000 		.4byte	.LVL32
 761 0231 8E000000 		.4byte	0x8e
ARM GAS  C:\Users\HELLOK~1\AppData\Local\Temp\ccTWRgqh.s 			page 17


 762 0235 46020000 		.4byte	0x246
 763 0239 07       		.uleb128 0x7
 764 023a 01       		.uleb128 0x1
 765 023b 50       		.byte	0x50
 766 023c 02       		.uleb128 0x2
 767 023d 08       		.byte	0x8
 768 023e 34       		.byte	0x34
 769 023f 07       		.uleb128 0x7
 770 0240 01       		.uleb128 0x1
 771 0241 51       		.byte	0x51
 772 0242 02       		.uleb128 0x2
 773 0243 74       		.byte	0x74
 774 0244 00       		.sleb128 0
 775 0245 00       		.byte	0
 776 0246 06       		.uleb128 0x6
 777 0247 CC000000 		.4byte	.LVL35
 778 024b 8E000000 		.4byte	0x8e
 779 024f 60020000 		.4byte	0x260
 780 0253 07       		.uleb128 0x7
 781 0254 01       		.uleb128 0x1
 782 0255 50       		.byte	0x50
 783 0256 02       		.uleb128 0x2
 784 0257 08       		.byte	0x8
 785 0258 37       		.byte	0x37
 786 0259 07       		.uleb128 0x7
 787 025a 01       		.uleb128 0x1
 788 025b 51       		.byte	0x51
 789 025c 02       		.uleb128 0x2
 790 025d 74       		.byte	0x74
 791 025e 00       		.sleb128 0
 792 025f 00       		.byte	0
 793 0260 06       		.uleb128 0x6
 794 0261 D8000000 		.4byte	.LVL38
 795 0265 8E000000 		.4byte	0x8e
 796 0269 7A020000 		.4byte	0x27a
 797 026d 07       		.uleb128 0x7
 798 026e 01       		.uleb128 0x1
 799 026f 50       		.byte	0x50
 800 0270 02       		.uleb128 0x2
 801 0271 08       		.byte	0x8
 802 0272 2A       		.byte	0x2a
 803 0273 07       		.uleb128 0x7
 804 0274 01       		.uleb128 0x1
 805 0275 51       		.byte	0x51
 806 0276 02       		.uleb128 0x2
 807 0277 74       		.byte	0x74
 808 0278 00       		.sleb128 0
 809 0279 00       		.byte	0
 810 027a 0C       		.uleb128 0xc
 811 027b E0000000 		.4byte	.LVL41
 812 027f 4A040000 		.4byte	0x44a
 813 0283 06       		.uleb128 0x6
 814 0284 02010000 		.4byte	.LVL42
 815 0288 8E000000 		.4byte	0x8e
 816 028c 9D020000 		.4byte	0x29d
 817 0290 07       		.uleb128 0x7
 818 0291 01       		.uleb128 0x1
ARM GAS  C:\Users\HELLOK~1\AppData\Local\Temp\ccTWRgqh.s 			page 18


 819 0292 50       		.byte	0x50
 820 0293 02       		.uleb128 0x2
 821 0294 08       		.byte	0x8
 822 0295 32       		.byte	0x32
 823 0296 07       		.uleb128 0x7
 824 0297 01       		.uleb128 0x1
 825 0298 51       		.byte	0x51
 826 0299 02       		.uleb128 0x2
 827 029a 74       		.byte	0x74
 828 029b 00       		.sleb128 0
 829 029c 00       		.byte	0
 830 029d 06       		.uleb128 0x6
 831 029e 0E010000 		.4byte	.LVL45
 832 02a2 8E000000 		.4byte	0x8e
 833 02a6 B7020000 		.4byte	0x2b7
 834 02aa 07       		.uleb128 0x7
 835 02ab 01       		.uleb128 0x1
 836 02ac 50       		.byte	0x50
 837 02ad 02       		.uleb128 0x2
 838 02ae 08       		.byte	0x8
 839 02af 35       		.byte	0x35
 840 02b0 07       		.uleb128 0x7
 841 02b1 01       		.uleb128 0x1
 842 02b2 51       		.byte	0x51
 843 02b3 02       		.uleb128 0x2
 844 02b4 74       		.byte	0x74
 845 02b5 00       		.sleb128 0
 846 02b6 00       		.byte	0
 847 02b7 06       		.uleb128 0x6
 848 02b8 1A010000 		.4byte	.LVL48
 849 02bc 8E000000 		.4byte	0x8e
 850 02c0 D1020000 		.4byte	0x2d1
 851 02c4 07       		.uleb128 0x7
 852 02c5 01       		.uleb128 0x1
 853 02c6 50       		.byte	0x50
 854 02c7 02       		.uleb128 0x2
 855 02c8 08       		.byte	0x8
 856 02c9 38       		.byte	0x38
 857 02ca 07       		.uleb128 0x7
 858 02cb 01       		.uleb128 0x1
 859 02cc 51       		.byte	0x51
 860 02cd 02       		.uleb128 0x2
 861 02ce 74       		.byte	0x74
 862 02cf 00       		.sleb128 0
 863 02d0 00       		.byte	0
 864 02d1 06       		.uleb128 0x6
 865 02d2 26010000 		.4byte	.LVL51
 866 02d6 8E000000 		.4byte	0x8e
 867 02da EB020000 		.4byte	0x2eb
 868 02de 07       		.uleb128 0x7
 869 02df 01       		.uleb128 0x1
 870 02e0 50       		.byte	0x50
 871 02e1 02       		.uleb128 0x2
 872 02e2 08       		.byte	0x8
 873 02e3 30       		.byte	0x30
 874 02e4 07       		.uleb128 0x7
 875 02e5 01       		.uleb128 0x1
ARM GAS  C:\Users\HELLOK~1\AppData\Local\Temp\ccTWRgqh.s 			page 19


 876 02e6 51       		.byte	0x51
 877 02e7 02       		.uleb128 0x2
 878 02e8 74       		.byte	0x74
 879 02e9 00       		.sleb128 0
 880 02ea 00       		.byte	0
 881 02eb 0C       		.uleb128 0xc
 882 02ec 2E010000 		.4byte	.LVL54
 883 02f0 55040000 		.4byte	0x455
 884 02f4 06       		.uleb128 0x6
 885 02f5 50010000 		.4byte	.LVL55
 886 02f9 8E000000 		.4byte	0x8e
 887 02fd 0E030000 		.4byte	0x30e
 888 0301 07       		.uleb128 0x7
 889 0302 01       		.uleb128 0x1
 890 0303 50       		.byte	0x50
 891 0304 02       		.uleb128 0x2
 892 0305 08       		.byte	0x8
 893 0306 33       		.byte	0x33
 894 0307 07       		.uleb128 0x7
 895 0308 01       		.uleb128 0x1
 896 0309 51       		.byte	0x51
 897 030a 02       		.uleb128 0x2
 898 030b 74       		.byte	0x74
 899 030c 00       		.sleb128 0
 900 030d 00       		.byte	0
 901 030e 06       		.uleb128 0x6
 902 030f 5C010000 		.4byte	.LVL58
 903 0313 8E000000 		.4byte	0x8e
 904 0317 28030000 		.4byte	0x328
 905 031b 07       		.uleb128 0x7
 906 031c 01       		.uleb128 0x1
 907 031d 50       		.byte	0x50
 908 031e 02       		.uleb128 0x2
 909 031f 08       		.byte	0x8
 910 0320 36       		.byte	0x36
 911 0321 07       		.uleb128 0x7
 912 0322 01       		.uleb128 0x1
 913 0323 51       		.byte	0x51
 914 0324 02       		.uleb128 0x2
 915 0325 74       		.byte	0x74
 916 0326 00       		.sleb128 0
 917 0327 00       		.byte	0
 918 0328 06       		.uleb128 0x6
 919 0329 68010000 		.4byte	.LVL61
 920 032d 8E000000 		.4byte	0x8e
 921 0331 42030000 		.4byte	0x342
 922 0335 07       		.uleb128 0x7
 923 0336 01       		.uleb128 0x1
 924 0337 50       		.byte	0x50
 925 0338 02       		.uleb128 0x2
 926 0339 08       		.byte	0x8
 927 033a 39       		.byte	0x39
 928 033b 07       		.uleb128 0x7
 929 033c 01       		.uleb128 0x1
 930 033d 51       		.byte	0x51
 931 033e 02       		.uleb128 0x2
 932 033f 74       		.byte	0x74
ARM GAS  C:\Users\HELLOK~1\AppData\Local\Temp\ccTWRgqh.s 			page 20


 933 0340 00       		.sleb128 0
 934 0341 00       		.byte	0
 935 0342 06       		.uleb128 0x6
 936 0343 74010000 		.4byte	.LVL64
 937 0347 8E000000 		.4byte	0x8e
 938 034b 5C030000 		.4byte	0x35c
 939 034f 07       		.uleb128 0x7
 940 0350 01       		.uleb128 0x1
 941 0351 50       		.byte	0x50
 942 0352 02       		.uleb128 0x2
 943 0353 08       		.byte	0x8
 944 0354 23       		.byte	0x23
 945 0355 07       		.uleb128 0x7
 946 0356 01       		.uleb128 0x1
 947 0357 51       		.byte	0x51
 948 0358 02       		.uleb128 0x2
 949 0359 74       		.byte	0x74
 950 035a 00       		.sleb128 0
 951 035b 00       		.byte	0
 952 035c 0C       		.uleb128 0xc
 953 035d 7C010000 		.4byte	.LVL67
 954 0361 60040000 		.4byte	0x460
 955 0365 06       		.uleb128 0x6
 956 0366 9E010000 		.4byte	.LVL68
 957 036a 8E000000 		.4byte	0x8e
 958 036e 7F030000 		.4byte	0x37f
 959 0372 07       		.uleb128 0x7
 960 0373 01       		.uleb128 0x1
 961 0374 50       		.byte	0x50
 962 0375 02       		.uleb128 0x2
 963 0376 08       		.byte	0x8
 964 0377 41       		.byte	0x41
 965 0378 07       		.uleb128 0x7
 966 0379 01       		.uleb128 0x1
 967 037a 51       		.byte	0x51
 968 037b 02       		.uleb128 0x2
 969 037c 74       		.byte	0x74
 970 037d 00       		.sleb128 0
 971 037e 00       		.byte	0
 972 037f 06       		.uleb128 0x6
 973 0380 AA010000 		.4byte	.LVL71
 974 0384 8E000000 		.4byte	0x8e
 975 0388 99030000 		.4byte	0x399
 976 038c 07       		.uleb128 0x7
 977 038d 01       		.uleb128 0x1
 978 038e 50       		.byte	0x50
 979 038f 02       		.uleb128 0x2
 980 0390 08       		.byte	0x8
 981 0391 42       		.byte	0x42
 982 0392 07       		.uleb128 0x7
 983 0393 01       		.uleb128 0x1
 984 0394 51       		.byte	0x51
 985 0395 02       		.uleb128 0x2
 986 0396 74       		.byte	0x74
 987 0397 00       		.sleb128 0
 988 0398 00       		.byte	0
 989 0399 06       		.uleb128 0x6
ARM GAS  C:\Users\HELLOK~1\AppData\Local\Temp\ccTWRgqh.s 			page 21


 990 039a B6010000 		.4byte	.LVL74
 991 039e 8E000000 		.4byte	0x8e
 992 03a2 B3030000 		.4byte	0x3b3
 993 03a6 07       		.uleb128 0x7
 994 03a7 01       		.uleb128 0x1
 995 03a8 50       		.byte	0x50
 996 03a9 02       		.uleb128 0x2
 997 03aa 08       		.byte	0x8
 998 03ab 43       		.byte	0x43
 999 03ac 07       		.uleb128 0x7
 1000 03ad 01       		.uleb128 0x1
 1001 03ae 51       		.byte	0x51
 1002 03af 02       		.uleb128 0x2
 1003 03b0 74       		.byte	0x74
 1004 03b1 00       		.sleb128 0
 1005 03b2 00       		.byte	0
 1006 03b3 06       		.uleb128 0x6
 1007 03b4 C2010000 		.4byte	.LVL77
 1008 03b8 8E000000 		.4byte	0x8e
 1009 03bc CD030000 		.4byte	0x3cd
 1010 03c0 07       		.uleb128 0x7
 1011 03c1 01       		.uleb128 0x1
 1012 03c2 50       		.byte	0x50
 1013 03c3 02       		.uleb128 0x2
 1014 03c4 08       		.byte	0x8
 1015 03c5 44       		.byte	0x44
 1016 03c6 07       		.uleb128 0x7
 1017 03c7 01       		.uleb128 0x1
 1018 03c8 51       		.byte	0x51
 1019 03c9 02       		.uleb128 0x2
 1020 03ca 74       		.byte	0x74
 1021 03cb 00       		.sleb128 0
 1022 03cc 00       		.byte	0
 1023 03cd 0C       		.uleb128 0xc
 1024 03ce C8010000 		.4byte	.LVL79
 1025 03d2 3F040000 		.4byte	0x43f
 1026 03d6 0C       		.uleb128 0xc
 1027 03d7 D0010000 		.4byte	.LVL80
 1028 03db 4A040000 		.4byte	0x44a
 1029 03df 0C       		.uleb128 0xc
 1030 03e0 D8010000 		.4byte	.LVL81
 1031 03e4 55040000 		.4byte	0x455
 1032 03e8 0C       		.uleb128 0xc
 1033 03e9 E0010000 		.4byte	.LVL82
 1034 03ed 60040000 		.4byte	0x460
 1035 03f1 00       		.byte	0
 1036 03f2 0D       		.uleb128 0xd
 1037 03f3 00000000 		.4byte	.LASF16
 1038 03f7 00000000 		.4byte	.LASF16
 1039 03fb 02       		.byte	0x2
 1040 03fc 3A       		.byte	0x3a
 1041 03fd 0D       		.uleb128 0xd
 1042 03fe 6E000000 		.4byte	.LASF17
 1043 0402 6E000000 		.4byte	.LASF17
 1044 0406 02       		.byte	0x2
 1045 0407 3B       		.byte	0x3b
 1046 0408 0D       		.uleb128 0xd
ARM GAS  C:\Users\HELLOK~1\AppData\Local\Temp\ccTWRgqh.s 			page 22


 1047 0409 82000000 		.4byte	.LASF18
 1048 040d 82000000 		.4byte	.LASF18
 1049 0411 02       		.byte	0x2
 1050 0412 38       		.byte	0x38
 1051 0413 0D       		.uleb128 0xd
 1052 0414 E0000000 		.4byte	.LASF19
 1053 0418 E0000000 		.4byte	.LASF19
 1054 041c 03       		.byte	0x3
 1055 041d 33       		.byte	0x33
 1056 041e 0D       		.uleb128 0xd
 1057 041f 65000000 		.4byte	.LASF20
 1058 0423 65000000 		.4byte	.LASF20
 1059 0427 04       		.byte	0x4
 1060 0428 33       		.byte	0x33
 1061 0429 0D       		.uleb128 0xd
 1062 042a 8C000000 		.4byte	.LASF21
 1063 042e 8C000000 		.4byte	.LASF21
 1064 0432 05       		.byte	0x5
 1065 0433 33       		.byte	0x33
 1066 0434 0D       		.uleb128 0xd
 1067 0435 D0000000 		.4byte	.LASF22
 1068 0439 D0000000 		.4byte	.LASF22
 1069 043d 06       		.byte	0x6
 1070 043e 33       		.byte	0x33
 1071 043f 0D       		.uleb128 0xd
 1072 0440 0D020000 		.4byte	.LASF23
 1073 0444 0D020000 		.4byte	.LASF23
 1074 0448 07       		.byte	0x7
 1075 0449 32       		.byte	0x32
 1076 044a 0D       		.uleb128 0xd
 1077 044b A3000000 		.4byte	.LASF24
 1078 044f A3000000 		.4byte	.LASF24
 1079 0453 08       		.byte	0x8
 1080 0454 32       		.byte	0x32
 1081 0455 0D       		.uleb128 0xd
 1082 0456 EE000000 		.4byte	.LASF25
 1083 045a EE000000 		.4byte	.LASF25
 1084 045e 09       		.byte	0x9
 1085 045f 32       		.byte	0x32
 1086 0460 0D       		.uleb128 0xd
 1087 0461 5D000000 		.4byte	.LASF26
 1088 0465 5D000000 		.4byte	.LASF26
 1089 0469 0A       		.byte	0xa
 1090 046a 32       		.byte	0x32
 1091 046b 0D       		.uleb128 0xd
 1092 046c 15020000 		.4byte	.LASF27
 1093 0470 15020000 		.4byte	.LASF27
 1094 0474 0B       		.byte	0xb
 1095 0475 D9       		.byte	0xd9
 1096 0476 00       		.byte	0
 1097              		.section	.debug_abbrev,"",%progbits
 1098              	.Ldebug_abbrev0:
 1099 0000 01       		.uleb128 0x1
 1100 0001 11       		.uleb128 0x11
 1101 0002 01       		.byte	0x1
 1102 0003 25       		.uleb128 0x25
 1103 0004 0E       		.uleb128 0xe
ARM GAS  C:\Users\HELLOK~1\AppData\Local\Temp\ccTWRgqh.s 			page 23


 1104 0005 13       		.uleb128 0x13
 1105 0006 0B       		.uleb128 0xb
 1106 0007 03       		.uleb128 0x3
 1107 0008 0E       		.uleb128 0xe
 1108 0009 1B       		.uleb128 0x1b
 1109 000a 0E       		.uleb128 0xe
 1110 000b 55       		.uleb128 0x55
 1111 000c 17       		.uleb128 0x17
 1112 000d 11       		.uleb128 0x11
 1113 000e 01       		.uleb128 0x1
 1114 000f 10       		.uleb128 0x10
 1115 0010 17       		.uleb128 0x17
 1116 0011 00       		.byte	0
 1117 0012 00       		.byte	0
 1118 0013 02       		.uleb128 0x2
 1119 0014 24       		.uleb128 0x24
 1120 0015 00       		.byte	0
 1121 0016 0B       		.uleb128 0xb
 1122 0017 0B       		.uleb128 0xb
 1123 0018 3E       		.uleb128 0x3e
 1124 0019 0B       		.uleb128 0xb
 1125 001a 03       		.uleb128 0x3
 1126 001b 0E       		.uleb128 0xe
 1127 001c 00       		.byte	0
 1128 001d 00       		.byte	0
 1129 001e 03       		.uleb128 0x3
 1130 001f 24       		.uleb128 0x24
 1131 0020 00       		.byte	0
 1132 0021 0B       		.uleb128 0xb
 1133 0022 0B       		.uleb128 0xb
 1134 0023 3E       		.uleb128 0x3e
 1135 0024 0B       		.uleb128 0xb
 1136 0025 03       		.uleb128 0x3
 1137 0026 08       		.uleb128 0x8
 1138 0027 00       		.byte	0
 1139 0028 00       		.byte	0
 1140 0029 04       		.uleb128 0x4
 1141 002a 2E       		.uleb128 0x2e
 1142 002b 01       		.byte	0x1
 1143 002c 3F       		.uleb128 0x3f
 1144 002d 19       		.uleb128 0x19
 1145 002e 03       		.uleb128 0x3
 1146 002f 0E       		.uleb128 0xe
 1147 0030 3A       		.uleb128 0x3a
 1148 0031 0B       		.uleb128 0xb
 1149 0032 3B       		.uleb128 0x3b
 1150 0033 0B       		.uleb128 0xb
 1151 0034 27       		.uleb128 0x27
 1152 0035 19       		.uleb128 0x19
 1153 0036 49       		.uleb128 0x49
 1154 0037 13       		.uleb128 0x13
 1155 0038 11       		.uleb128 0x11
 1156 0039 01       		.uleb128 0x1
 1157 003a 12       		.uleb128 0x12
 1158 003b 06       		.uleb128 0x6
 1159 003c 40       		.uleb128 0x40
 1160 003d 18       		.uleb128 0x18
ARM GAS  C:\Users\HELLOK~1\AppData\Local\Temp\ccTWRgqh.s 			page 24


 1161 003e 9742     		.uleb128 0x2117
 1162 0040 19       		.uleb128 0x19
 1163 0041 01       		.uleb128 0x1
 1164 0042 13       		.uleb128 0x13
 1165 0043 00       		.byte	0
 1166 0044 00       		.byte	0
 1167 0045 05       		.uleb128 0x5
 1168 0046 05       		.uleb128 0x5
 1169 0047 00       		.byte	0
 1170 0048 03       		.uleb128 0x3
 1171 0049 0E       		.uleb128 0xe
 1172 004a 3A       		.uleb128 0x3a
 1173 004b 0B       		.uleb128 0xb
 1174 004c 3B       		.uleb128 0x3b
 1175 004d 0B       		.uleb128 0xb
 1176 004e 49       		.uleb128 0x49
 1177 004f 13       		.uleb128 0x13
 1178 0050 02       		.uleb128 0x2
 1179 0051 17       		.uleb128 0x17
 1180 0052 00       		.byte	0
 1181 0053 00       		.byte	0
 1182 0054 06       		.uleb128 0x6
 1183 0055 898201   		.uleb128 0x4109
 1184 0058 01       		.byte	0x1
 1185 0059 11       		.uleb128 0x11
 1186 005a 01       		.uleb128 0x1
 1187 005b 31       		.uleb128 0x31
 1188 005c 13       		.uleb128 0x13
 1189 005d 01       		.uleb128 0x1
 1190 005e 13       		.uleb128 0x13
 1191 005f 00       		.byte	0
 1192 0060 00       		.byte	0
 1193 0061 07       		.uleb128 0x7
 1194 0062 8A8201   		.uleb128 0x410a
 1195 0065 00       		.byte	0
 1196 0066 02       		.uleb128 0x2
 1197 0067 18       		.uleb128 0x18
 1198 0068 9142     		.uleb128 0x2111
 1199 006a 18       		.uleb128 0x18
 1200 006b 00       		.byte	0
 1201 006c 00       		.byte	0
 1202 006d 08       		.uleb128 0x8
 1203 006e 898201   		.uleb128 0x4109
 1204 0071 01       		.byte	0x1
 1205 0072 11       		.uleb128 0x11
 1206 0073 01       		.uleb128 0x1
 1207 0074 31       		.uleb128 0x31
 1208 0075 13       		.uleb128 0x13
 1209 0076 00       		.byte	0
 1210 0077 00       		.byte	0
 1211 0078 09       		.uleb128 0x9
 1212 0079 2E       		.uleb128 0x2e
 1213 007a 01       		.byte	0x1
 1214 007b 3F       		.uleb128 0x3f
 1215 007c 19       		.uleb128 0x19
 1216 007d 03       		.uleb128 0x3
 1217 007e 0E       		.uleb128 0xe
ARM GAS  C:\Users\HELLOK~1\AppData\Local\Temp\ccTWRgqh.s 			page 25


 1218 007f 3A       		.uleb128 0x3a
 1219 0080 0B       		.uleb128 0xb
 1220 0081 3B       		.uleb128 0x3b
 1221 0082 0B       		.uleb128 0xb
 1222 0083 27       		.uleb128 0x27
 1223 0084 19       		.uleb128 0x19
 1224 0085 49       		.uleb128 0x49
 1225 0086 13       		.uleb128 0x13
 1226 0087 8701     		.uleb128 0x87
 1227 0089 19       		.uleb128 0x19
 1228 008a 11       		.uleb128 0x11
 1229 008b 01       		.uleb128 0x1
 1230 008c 12       		.uleb128 0x12
 1231 008d 06       		.uleb128 0x6
 1232 008e 40       		.uleb128 0x40
 1233 008f 18       		.uleb128 0x18
 1234 0090 9742     		.uleb128 0x2117
 1235 0092 19       		.uleb128 0x19
 1236 0093 01       		.uleb128 0x1
 1237 0094 13       		.uleb128 0x13
 1238 0095 00       		.byte	0
 1239 0096 00       		.byte	0
 1240 0097 0A       		.uleb128 0xa
 1241 0098 34       		.uleb128 0x34
 1242 0099 00       		.byte	0
 1243 009a 03       		.uleb128 0x3
 1244 009b 08       		.uleb128 0x8
 1245 009c 3A       		.uleb128 0x3a
 1246 009d 0B       		.uleb128 0xb
 1247 009e 3B       		.uleb128 0x3b
 1248 009f 0B       		.uleb128 0xb
 1249 00a0 49       		.uleb128 0x49
 1250 00a1 13       		.uleb128 0x13
 1251 00a2 02       		.uleb128 0x2
 1252 00a3 17       		.uleb128 0x17
 1253 00a4 00       		.byte	0
 1254 00a5 00       		.byte	0
 1255 00a6 0B       		.uleb128 0xb
 1256 00a7 34       		.uleb128 0x34
 1257 00a8 00       		.byte	0
 1258 00a9 03       		.uleb128 0x3
 1259 00aa 0E       		.uleb128 0xe
 1260 00ab 3A       		.uleb128 0x3a
 1261 00ac 0B       		.uleb128 0xb
 1262 00ad 3B       		.uleb128 0x3b
 1263 00ae 0B       		.uleb128 0xb
 1264 00af 49       		.uleb128 0x49
 1265 00b0 13       		.uleb128 0x13
 1266 00b1 02       		.uleb128 0x2
 1267 00b2 17       		.uleb128 0x17
 1268 00b3 00       		.byte	0
 1269 00b4 00       		.byte	0
 1270 00b5 0C       		.uleb128 0xc
 1271 00b6 898201   		.uleb128 0x4109
 1272 00b9 00       		.byte	0
 1273 00ba 11       		.uleb128 0x11
 1274 00bb 01       		.uleb128 0x1
ARM GAS  C:\Users\HELLOK~1\AppData\Local\Temp\ccTWRgqh.s 			page 26


 1275 00bc 31       		.uleb128 0x31
 1276 00bd 13       		.uleb128 0x13
 1277 00be 00       		.byte	0
 1278 00bf 00       		.byte	0
 1279 00c0 0D       		.uleb128 0xd
 1280 00c1 2E       		.uleb128 0x2e
 1281 00c2 00       		.byte	0
 1282 00c3 3F       		.uleb128 0x3f
 1283 00c4 19       		.uleb128 0x19
 1284 00c5 3C       		.uleb128 0x3c
 1285 00c6 19       		.uleb128 0x19
 1286 00c7 6E       		.uleb128 0x6e
 1287 00c8 0E       		.uleb128 0xe
 1288 00c9 03       		.uleb128 0x3
 1289 00ca 0E       		.uleb128 0xe
 1290 00cb 3A       		.uleb128 0x3a
 1291 00cc 0B       		.uleb128 0xb
 1292 00cd 3B       		.uleb128 0x3b
 1293 00ce 0B       		.uleb128 0xb
 1294 00cf 00       		.byte	0
 1295 00d0 00       		.byte	0
 1296 00d1 00       		.byte	0
 1297              		.section	.debug_loc,"",%progbits
 1298              	.Ldebug_loc0:
 1299              	.LLST0:
 1300 0000 00000000 		.4byte	.LVL0
 1301 0004 0C000000 		.4byte	.LVL2
 1302 0008 0100     		.2byte	0x1
 1303 000a 50       		.byte	0x50
 1304 000b 0C000000 		.4byte	.LVL2
 1305 000f 1C000000 		.4byte	.LFE34
 1306 0013 0400     		.2byte	0x4
 1307 0015 F3       		.byte	0xf3
 1308 0016 01       		.uleb128 0x1
 1309 0017 50       		.byte	0x50
 1310 0018 9F       		.byte	0x9f
 1311 0019 00000000 		.4byte	0
 1312 001d 00000000 		.4byte	0
 1313              	.LLST1:
 1314 0021 00000000 		.4byte	.LVL0
 1315 0025 0A000000 		.4byte	.LVL1
 1316 0029 0100     		.2byte	0x1
 1317 002b 51       		.byte	0x51
 1318 002c 0A000000 		.4byte	.LVL1
 1319 0030 12000000 		.4byte	.LVL4
 1320 0034 0200     		.2byte	0x2
 1321 0036 30       		.byte	0x30
 1322 0037 9F       		.byte	0x9f
 1323 0038 12000000 		.4byte	.LVL4
 1324 003c 1A000000 		.4byte	.LVL6
 1325 0040 0100     		.2byte	0x1
 1326 0042 54       		.byte	0x54
 1327 0043 1A000000 		.4byte	.LVL6
 1328 0047 1C000000 		.4byte	.LFE34
 1329 004b 0100     		.2byte	0x1
 1330 004d 50       		.byte	0x50
 1331 004e 00000000 		.4byte	0
ARM GAS  C:\Users\HELLOK~1\AppData\Local\Temp\ccTWRgqh.s 			page 27


 1332 0052 00000000 		.4byte	0
 1333              	.LLST2:
 1334 0056 04000000 		.4byte	.LVL7
 1335 005a 14000000 		.4byte	.LVL10
 1336 005e 0200     		.2byte	0x2
 1337 0060 30       		.byte	0x30
 1338 0061 9F       		.byte	0x9f
 1339 0062 14000000 		.4byte	.LVL10
 1340 0066 66000000 		.4byte	.LVL21
 1341 006a 0100     		.2byte	0x1
 1342 006c 55       		.byte	0x55
 1343 006d 66000000 		.4byte	.LVL21
 1344 0071 68000000 		.4byte	.LVL22
 1345 0075 0200     		.2byte	0x2
 1346 0077 30       		.byte	0x30
 1347 0078 9F       		.byte	0x9f
 1348 0079 68000000 		.4byte	.LVL22
 1349 007d E6010000 		.4byte	.LFE35
 1350 0081 0100     		.2byte	0x1
 1351 0083 55       		.byte	0x55
 1352 0084 00000000 		.4byte	0
 1353 0088 00000000 		.4byte	0
 1354              	.LLST3:
 1355 008c 04000000 		.4byte	.LVL7
 1356 0090 14000000 		.4byte	.LVL10
 1357 0094 0200     		.2byte	0x2
 1358 0096 30       		.byte	0x30
 1359 0097 9F       		.byte	0x9f
 1360 0098 14000000 		.4byte	.LVL10
 1361 009c B6000000 		.4byte	.LVL30
 1362 00a0 0100     		.2byte	0x1
 1363 00a2 54       		.byte	0x54
 1364 00a3 B6000000 		.4byte	.LVL30
 1365 00a7 B8000000 		.4byte	.LVL31
 1366 00ab 0100     		.2byte	0x1
 1367 00ad 50       		.byte	0x50
 1368 00ae B8000000 		.4byte	.LVL31
 1369 00b2 C2000000 		.4byte	.LVL33
 1370 00b6 0100     		.2byte	0x1
 1371 00b8 54       		.byte	0x54
 1372 00b9 C2000000 		.4byte	.LVL33
 1373 00bd C4000000 		.4byte	.LVL34
 1374 00c1 0100     		.2byte	0x1
 1375 00c3 50       		.byte	0x50
 1376 00c4 C4000000 		.4byte	.LVL34
 1377 00c8 CE000000 		.4byte	.LVL36
 1378 00cc 0100     		.2byte	0x1
 1379 00ce 54       		.byte	0x54
 1380 00cf CE000000 		.4byte	.LVL36
 1381 00d3 D0000000 		.4byte	.LVL37
 1382 00d7 0100     		.2byte	0x1
 1383 00d9 50       		.byte	0x50
 1384 00da D0000000 		.4byte	.LVL37
 1385 00de DA000000 		.4byte	.LVL39
 1386 00e2 0100     		.2byte	0x1
 1387 00e4 54       		.byte	0x54
 1388 00e5 DA000000 		.4byte	.LVL39
ARM GAS  C:\Users\HELLOK~1\AppData\Local\Temp\ccTWRgqh.s 			page 28


 1389 00e9 DC000000 		.4byte	.LVL40
 1390 00ed 0100     		.2byte	0x1
 1391 00ef 50       		.byte	0x50
 1392 00f0 DC000000 		.4byte	.LVL40
 1393 00f4 04010000 		.4byte	.LVL43
 1394 00f8 0100     		.2byte	0x1
 1395 00fa 54       		.byte	0x54
 1396 00fb 04010000 		.4byte	.LVL43
 1397 00ff 06010000 		.4byte	.LVL44
 1398 0103 0100     		.2byte	0x1
 1399 0105 50       		.byte	0x50
 1400 0106 06010000 		.4byte	.LVL44
 1401 010a 10010000 		.4byte	.LVL46
 1402 010e 0100     		.2byte	0x1
 1403 0110 54       		.byte	0x54
 1404 0111 10010000 		.4byte	.LVL46
 1405 0115 12010000 		.4byte	.LVL47
 1406 0119 0100     		.2byte	0x1
 1407 011b 50       		.byte	0x50
 1408 011c 12010000 		.4byte	.LVL47
 1409 0120 1C010000 		.4byte	.LVL49
 1410 0124 0100     		.2byte	0x1
 1411 0126 54       		.byte	0x54
 1412 0127 1C010000 		.4byte	.LVL49
 1413 012b 1E010000 		.4byte	.LVL50
 1414 012f 0100     		.2byte	0x1
 1415 0131 50       		.byte	0x50
 1416 0132 1E010000 		.4byte	.LVL50
 1417 0136 28010000 		.4byte	.LVL52
 1418 013a 0100     		.2byte	0x1
 1419 013c 54       		.byte	0x54
 1420 013d 28010000 		.4byte	.LVL52
 1421 0141 2A010000 		.4byte	.LVL53
 1422 0145 0100     		.2byte	0x1
 1423 0147 50       		.byte	0x50
 1424 0148 2A010000 		.4byte	.LVL53
 1425 014c 52010000 		.4byte	.LVL56
 1426 0150 0100     		.2byte	0x1
 1427 0152 54       		.byte	0x54
 1428 0153 52010000 		.4byte	.LVL56
 1429 0157 54010000 		.4byte	.LVL57
 1430 015b 0100     		.2byte	0x1
 1431 015d 50       		.byte	0x50
 1432 015e 54010000 		.4byte	.LVL57
 1433 0162 5E010000 		.4byte	.LVL59
 1434 0166 0100     		.2byte	0x1
 1435 0168 54       		.byte	0x54
 1436 0169 5E010000 		.4byte	.LVL59
 1437 016d 60010000 		.4byte	.LVL60
 1438 0171 0100     		.2byte	0x1
 1439 0173 50       		.byte	0x50
 1440 0174 60010000 		.4byte	.LVL60
 1441 0178 6A010000 		.4byte	.LVL62
 1442 017c 0100     		.2byte	0x1
 1443 017e 54       		.byte	0x54
 1444 017f 6A010000 		.4byte	.LVL62
 1445 0183 6C010000 		.4byte	.LVL63
ARM GAS  C:\Users\HELLOK~1\AppData\Local\Temp\ccTWRgqh.s 			page 29


 1446 0187 0100     		.2byte	0x1
 1447 0189 50       		.byte	0x50
 1448 018a 6C010000 		.4byte	.LVL63
 1449 018e 76010000 		.4byte	.LVL65
 1450 0192 0100     		.2byte	0x1
 1451 0194 54       		.byte	0x54
 1452 0195 76010000 		.4byte	.LVL65
 1453 0199 78010000 		.4byte	.LVL66
 1454 019d 0100     		.2byte	0x1
 1455 019f 50       		.byte	0x50
 1456 01a0 78010000 		.4byte	.LVL66
 1457 01a4 A0010000 		.4byte	.LVL69
 1458 01a8 0100     		.2byte	0x1
 1459 01aa 54       		.byte	0x54
 1460 01ab A0010000 		.4byte	.LVL69
 1461 01af A2010000 		.4byte	.LVL70
 1462 01b3 0100     		.2byte	0x1
 1463 01b5 50       		.byte	0x50
 1464 01b6 A2010000 		.4byte	.LVL70
 1465 01ba AC010000 		.4byte	.LVL72
 1466 01be 0100     		.2byte	0x1
 1467 01c0 54       		.byte	0x54
 1468 01c1 AC010000 		.4byte	.LVL72
 1469 01c5 AE010000 		.4byte	.LVL73
 1470 01c9 0100     		.2byte	0x1
 1471 01cb 50       		.byte	0x50
 1472 01cc AE010000 		.4byte	.LVL73
 1473 01d0 B8010000 		.4byte	.LVL75
 1474 01d4 0100     		.2byte	0x1
 1475 01d6 54       		.byte	0x54
 1476 01d7 B8010000 		.4byte	.LVL75
 1477 01db BA010000 		.4byte	.LVL76
 1478 01df 0100     		.2byte	0x1
 1479 01e1 50       		.byte	0x50
 1480 01e2 BA010000 		.4byte	.LVL76
 1481 01e6 E6010000 		.4byte	.LFE35
 1482 01ea 0100     		.2byte	0x1
 1483 01ec 54       		.byte	0x54
 1484 01ed 00000000 		.4byte	0
 1485 01f1 00000000 		.4byte	0
 1486              		.section	.debug_aranges,"",%progbits
 1487 0000 24000000 		.4byte	0x24
 1488 0004 0200     		.2byte	0x2
 1489 0006 00000000 		.4byte	.Ldebug_info0
 1490 000a 04       		.byte	0x4
 1491 000b 00       		.byte	0
 1492 000c 0000     		.2byte	0
 1493 000e 0000     		.2byte	0
 1494 0010 00000000 		.4byte	.LFB34
 1495 0014 1C000000 		.4byte	.LFE34-.LFB34
 1496 0018 00000000 		.4byte	.LFB35
 1497 001c E6010000 		.4byte	.LFE35-.LFB35
 1498 0020 00000000 		.4byte	0
 1499 0024 00000000 		.4byte	0
 1500              		.section	.debug_ranges,"",%progbits
 1501              	.Ldebug_ranges0:
 1502 0000 00000000 		.4byte	.LFB34
ARM GAS  C:\Users\HELLOK~1\AppData\Local\Temp\ccTWRgqh.s 			page 30


 1503 0004 1C000000 		.4byte	.LFE34
 1504 0008 00000000 		.4byte	.LFB35
 1505 000c E6010000 		.4byte	.LFE35
 1506 0010 00000000 		.4byte	0
 1507 0014 00000000 		.4byte	0
 1508              		.section	.debug_line,"",%progbits
 1509              	.Ldebug_line0:
 1510 0000 1C010000 		.section	.debug_str,"MS",%progbits,1
 1510      02008800 
 1510      00000201 
 1510      FB0E0D00 
 1510      01010101 
 1511              	.LASF16:
 1512 0000 4C43445F 		.ascii	"LCD_WriteControl\000"
 1512      57726974 
 1512      65436F6E 
 1512      74726F6C 
 1512      00
 1513              	.LASF30:
 1514 0011 433A5C55 		.ascii	"C:\\Users\\Hello Kitty\\Documents\\PSoC Creator\\La"
 1514      73657273 
 1514      5C48656C 
 1514      6C6F204B 
 1514      69747479 
 1515 003f 62303120 		.ascii	"b01 - GPIO\\Lab01 - GPIO.cydsn\000"
 1515      2D204750 
 1515      494F5C4C 
 1515      61623031 
 1515      202D2047 
 1516              	.LASF26:
 1517 005d 43335F52 		.ascii	"C3_Read\000"
 1517      65616400 
 1518              	.LASF20:
 1519 0065 52305F57 		.ascii	"R0_Write\000"
 1519      72697465 
 1519      00
 1520              	.LASF17:
 1521 006e 4C43445F 		.ascii	"LCD_WriteData\000"
 1521      57726974 
 1521      65446174 
 1521      6100
 1522              	.LASF9:
 1523 007c 666C6F61 		.ascii	"float\000"
 1523      7400
 1524              	.LASF18:
 1525 0082 4C43445F 		.ascii	"LCD_Start\000"
 1525      53746172 
 1525      7400
 1526              	.LASF21:
 1527 008c 52315F57 		.ascii	"R1_Write\000"
 1527      72697465 
 1527      00
 1528              	.LASF1:
 1529 0095 756E7369 		.ascii	"unsigned char\000"
 1529      676E6564 
 1529      20636861 
 1529      7200
ARM GAS  C:\Users\HELLOK~1\AppData\Local\Temp\ccTWRgqh.s 			page 31


 1530              	.LASF24:
 1531 00a3 43315F52 		.ascii	"C1_Read\000"
 1531      65616400 
 1532              	.LASF5:
 1533 00ab 6C6F6E67 		.ascii	"long unsigned int\000"
 1533      20756E73 
 1533      69676E65 
 1533      6420696E 
 1533      7400
 1534              	.LASF3:
 1535 00bd 73686F72 		.ascii	"short unsigned int\000"
 1535      7420756E 
 1535      7369676E 
 1535      65642069 
 1535      6E7400
 1536              	.LASF22:
 1537 00d0 52325F57 		.ascii	"R2_Write\000"
 1537      72697465 
 1537      00
 1538              	.LASF10:
 1539 00d9 646F7562 		.ascii	"double\000"
 1539      6C6500
 1540              	.LASF19:
 1541 00e0 52335F57 		.ascii	"R3_Write\000"
 1541      72697465 
 1541      00
 1542              	.LASF32:
 1543 00e9 6D61696E 		.ascii	"main\000"
 1543      00
 1544              	.LASF25:
 1545 00ee 43325F52 		.ascii	"C2_Read\000"
 1545      65616400 
 1546              	.LASF8:
 1547 00f6 756E7369 		.ascii	"unsigned int\000"
 1547      676E6564 
 1547      20696E74 
 1547      00
 1548              	.LASF7:
 1549 0103 6C6F6E67 		.ascii	"long long unsigned int\000"
 1549      206C6F6E 
 1549      6720756E 
 1549      7369676E 
 1549      65642069 
 1550              	.LASF28:
 1551 011a 474E5520 		.ascii	"GNU C11 5.4.1 20160609 (release) [ARM/embedded-5-br"
 1551      43313120 
 1551      352E342E 
 1551      31203230 
 1551      31363036 
 1552 014d 616E6368 		.ascii	"anch revision 237715] -mcpu=cortex-m0 -mthumb -g -O"
 1552      20726576 
 1552      6973696F 
 1552      6E203233 
 1552      37373135 
 1553 0180 67202D66 		.ascii	"g -ffunction-sections -ffat-lto-objects\000"
 1553      66756E63 
 1553      74696F6E 
ARM GAS  C:\Users\HELLOK~1\AppData\Local\Temp\ccTWRgqh.s 			page 32


 1553      2D736563 
 1553      74696F6E 
 1554              	.LASF12:
 1555 01a8 73697A65 		.ascii	"sizetype\000"
 1555      74797065 
 1555      00
 1556              	.LASF6:
 1557 01b1 6C6F6E67 		.ascii	"long long int\000"
 1557      206C6F6E 
 1557      6720696E 
 1557      7400
 1558              	.LASF29:
 1559 01bf 6D61696E 		.ascii	"main.c\000"
 1559      2E6300
 1560              	.LASF11:
 1561 01c6 63686172 		.ascii	"char\000"
 1561      00
 1562              	.LASF14:
 1563 01cb 7072696E 		.ascii	"print\000"
 1563      7400
 1564              	.LASF2:
 1565 01d1 73686F72 		.ascii	"short int\000"
 1565      7420696E 
 1565      7400
 1566              	.LASF15:
 1567 01db 6C656E67 		.ascii	"length\000"
 1567      746800
 1568              	.LASF31:
 1569 01e2 7072696E 		.ascii	"printChar\000"
 1569      74436861 
 1569      7200
 1570              	.LASF4:
 1571 01ec 6C6F6E67 		.ascii	"long int\000"
 1571      20696E74 
 1571      00
 1572              	.LASF13:
 1573 01f5 6C6F6E67 		.ascii	"long double\000"
 1573      20646F75 
 1573      626C6500 
 1574              	.LASF0:
 1575 0201 7369676E 		.ascii	"signed char\000"
 1575      65642063 
 1575      68617200 
 1576              	.LASF23:
 1577 020d 43305F52 		.ascii	"C0_Read\000"
 1577      65616400 
 1578              	.LASF27:
 1579 0215 43794465 		.ascii	"CyDelay\000"
 1579      6C617900 
 1580              		.ident	"GCC: (GNU Tools for ARM Embedded Processors) 5.4.1 20160609 (release) [ARM/embedded-5-bran
