ARM GAS  C:\Users\HELLOK~1\AppData\Local\Temp\ccEAiykB.s 			page 1


   1              		.syntax unified
   2              		.cpu cortex-m0
   3              		.fpu softvfp
   4              		.eabi_attribute 20, 1
   5              		.eabi_attribute 21, 1
   6              		.eabi_attribute 23, 3
   7              		.eabi_attribute 24, 1
   8              		.eabi_attribute 25, 1
   9              		.eabi_attribute 26, 1
  10              		.eabi_attribute 30, 1
  11              		.eabi_attribute 34, 0
  12              		.eabi_attribute 18, 4
  13              		.thumb
  14              		.syntax unified
  15              		.file	"main.c"
  16              		.text
  17              	.Ltext0:
  18              		.cfi_sections	.debug_frame
  19              		.section	.text.main,"ax",%progbits
  20              		.align	2
  21              		.global	main
  22              		.code	16
  23              		.thumb_func
  24              		.type	main, %function
  25              	main:
  26              	.LFB35:
  27              		.file 1 "main.c"
   1:main.c        **** /* ========================================
   2:main.c        ****  *
   3:main.c        ****  * Copyright YOUR COMPANY, THE YEAR
   4:main.c        ****  * All Rights Reserved
   5:main.c        ****  * UNPUBLISHED, LICENSED SOFTWARE.
   6:main.c        ****  *
   7:main.c        ****  * CONFIDENTIAL AND PROPRIETARY INFORMATION
   8:main.c        ****  * WHICH IS THE PROPERTY OF your company.
   9:main.c        ****  *
  10:main.c        ****  * ========================================
  11:main.c        **** */
  12:main.c        **** #include "project.h"
  13:main.c        **** #include <stdio.h>
  14:main.c        **** 
  15:main.c        **** int main(void)
  16:main.c        **** {
  28              		.loc 1 16 0
  29              		.cfi_startproc
  30              		@ args = 0, pretend = 0, frame = 32
  31              		@ frame_needed = 0, uses_anonymous_args = 0
  32 0000 30B5     		push	{r4, r5, lr}
  33              		.cfi_def_cfa_offset 12
  34              		.cfi_offset 4, -12
  35              		.cfi_offset 5, -8
  36              		.cfi_offset 14, -4
  37 0002 8BB0     		sub	sp, sp, #44
  38              		.cfi_def_cfa_offset 56
  17:main.c        ****     CyGlobalIntEnable; /* Enable global interrupts. */
  39              		.loc 1 17 0
  40              		.syntax divided
ARM GAS  C:\Users\HELLOK~1\AppData\Local\Temp\ccEAiykB.s 			page 2


  41              	@ 17 "main.c" 1
  42 0004 62B6     		CPSIE   i
  43              	@ 0 "" 2
  18:main.c        **** 
  19:main.c        ****     /* Place your initialization/startup code here (e.g. MyInst_Start()) */
  20:main.c        ****     ADC_Start();
  44              		.loc 1 20 0
  45              		.thumb
  46              		.syntax unified
  47 0006 FFF7FEFF 		bl	ADC_Start
  48              	.LVL0:
  21:main.c        ****     IDAC_Start();
  49              		.loc 1 21 0
  50 000a FFF7FEFF 		bl	IDAC_Start
  51              	.LVL1:
  22:main.c        ****     UART_Start();
  52              		.loc 1 22 0
  53 000e FFF7FEFF 		bl	UART_Start
  54              	.LVL2:
  23:main.c        ****     ADC_StartConvert();
  55              		.loc 1 23 0
  56 0012 FFF7FEFF 		bl	ADC_StartConvert
  57              	.LVL3:
  58              	.LBB2:
  24:main.c        ****     char message[32];
  25:main.c        ****     for(int i = 0x00; i < 0xFF; i++){
  59              		.loc 1 25 0
  60 0016 0024     		movs	r4, #0
  61 0018 19E0     		b	.L2
  62              	.LVL4:
  63              	.L3:
  26:main.c        ****         IDAC_SetValue(i);
  64              		.loc 1 26 0 discriminator 3
  65 001a 2000     		movs	r0, r4
  66 001c FFF7FEFF 		bl	IDAC_SetValue
  67              	.LVL5:
  27:main.c        ****         CyDelay(10);
  68              		.loc 1 27 0 discriminator 3
  69 0020 0A20     		movs	r0, #10
  70 0022 FFF7FEFF 		bl	CyDelay
  71              	.LVL6:
  28:main.c        ****         ADC_IsEndConversion(ADC_WAIT_FOR_RESULT);
  72              		.loc 1 28 0 discriminator 3
  73 0026 0220     		movs	r0, #2
  74 0028 FFF7FEFF 		bl	ADC_IsEndConversion
  75              	.LVL7:
  29:main.c        ****         snprintf(message, 32, "%d,%d\n",i,ADC_GetResult16(0));
  76              		.loc 1 29 0 discriminator 3
  77 002c 0020     		movs	r0, #0
  78 002e FFF7FEFF 		bl	ADC_GetResult16
  79              	.LVL8:
  80 0032 02AD     		add	r5, sp, #8
  81 0034 0090     		str	r0, [sp]
  82 0036 2300     		movs	r3, r4
  83 0038 064A     		ldr	r2, .L5
  84 003a 2021     		movs	r1, #32
  85 003c 2800     		movs	r0, r5
ARM GAS  C:\Users\HELLOK~1\AppData\Local\Temp\ccEAiykB.s 			page 3


  86 003e FFF7FEFF 		bl	snprintf
  87              	.LVL9:
  30:main.c        ****         message[31] = '\0';
  88              		.loc 1 30 0 discriminator 3
  89 0042 0023     		movs	r3, #0
  90 0044 EB77     		strb	r3, [r5, #31]
  31:main.c        ****         UART_UartPutString(message);
  91              		.loc 1 31 0 discriminator 3
  92 0046 2800     		movs	r0, r5
  93 0048 FFF7FEFF 		bl	UART_UartPutString
  94              	.LVL10:
  25:main.c        ****         IDAC_SetValue(i);
  95              		.loc 1 25 0 discriminator 3
  96 004c 0134     		adds	r4, r4, #1
  97              	.LVL11:
  98              	.L2:
  25:main.c        ****         IDAC_SetValue(i);
  99              		.loc 1 25 0 is_stmt 0 discriminator 1
 100 004e FE2C     		cmp	r4, #254
 101 0050 E3DD     		ble	.L3
 102              	.L4:
 103 0052 FEE7     		b	.L4
 104              	.L6:
 105              		.align	2
 106              	.L5:
 107 0054 00000000 		.word	.LC0
 108              	.LBE2:
 109              		.cfi_endproc
 110              	.LFE35:
 111              		.size	main, .-main
 112              		.section	.rodata.str1.4,"aMS",%progbits,1
 113              		.align	2
 114              	.LC0:
 115 0000 25642C25 		.ascii	"%d,%d\012\000"
 115      640A00
 116              		.text
 117              	.Letext0:
 118              		.file 2 "Generated_Source\\PSoC4/IDAC.h"
 119              		.file 3 "Generated_Source\\PSoC4/CyLib.h"
 120              		.file 4 "Generated_Source\\PSoC4/ADC.h"
 121              		.file 5 "c:\\program files (x86)\\cypress\\psoc creator\\4.2\\psoc creator\\import\\gnu\\arm\\5.4.
 122              		.file 6 "Generated_Source\\PSoC4/UART_SPI_UART.h"
 123              		.file 7 "Generated_Source\\PSoC4/UART.h"
 124              		.section	.debug_info,"",%progbits
 125              	.Ldebug_info0:
 126 0000 F7010000 		.4byte	0x1f7
 127 0004 0400     		.2byte	0x4
 128 0006 00000000 		.4byte	.Ldebug_abbrev0
 129 000a 04       		.byte	0x4
 130 000b 01       		.uleb128 0x1
 131 000c 40010000 		.4byte	.LASF25
 132 0010 0C       		.byte	0xc
 133 0011 E5010000 		.4byte	.LASF26
 134 0015 31000000 		.4byte	.LASF27
 135 0019 00000000 		.4byte	.Ldebug_ranges0+0
 136 001d 00000000 		.4byte	0
 137 0021 00000000 		.4byte	.Ldebug_line0
ARM GAS  C:\Users\HELLOK~1\AppData\Local\Temp\ccEAiykB.s 			page 4


 138 0025 02       		.uleb128 0x2
 139 0026 01       		.byte	0x1
 140 0027 06       		.byte	0x6
 141 0028 1E020000 		.4byte	.LASF0
 142 002c 02       		.uleb128 0x2
 143 002d 01       		.byte	0x1
 144 002e 08       		.byte	0x8
 145 002f ED000000 		.4byte	.LASF1
 146 0033 02       		.uleb128 0x2
 147 0034 02       		.byte	0x2
 148 0035 05       		.byte	0x5
 149 0036 F1010000 		.4byte	.LASF2
 150 003a 02       		.uleb128 0x2
 151 003b 02       		.byte	0x2
 152 003c 07       		.byte	0x7
 153 003d BF000000 		.4byte	.LASF3
 154 0041 02       		.uleb128 0x2
 155 0042 04       		.byte	0x4
 156 0043 05       		.byte	0x5
 157 0044 09020000 		.4byte	.LASF4
 158 0048 02       		.uleb128 0x2
 159 0049 04       		.byte	0x4
 160 004a 07       		.byte	0x7
 161 004b FB000000 		.4byte	.LASF5
 162 004f 02       		.uleb128 0x2
 163 0050 08       		.byte	0x8
 164 0051 05       		.byte	0x5
 165 0052 D7010000 		.4byte	.LASF6
 166 0056 02       		.uleb128 0x2
 167 0057 08       		.byte	0x8
 168 0058 07       		.byte	0x7
 169 0059 1F010000 		.4byte	.LASF7
 170 005d 03       		.uleb128 0x3
 171 005e 04       		.byte	0x4
 172 005f 05       		.byte	0x5
 173 0060 696E7400 		.ascii	"int\000"
 174 0064 02       		.uleb128 0x2
 175 0065 04       		.byte	0x4
 176 0066 07       		.byte	0x7
 177 0067 12010000 		.4byte	.LASF8
 178 006b 02       		.uleb128 0x2
 179 006c 04       		.byte	0x4
 180 006d 04       		.byte	0x4
 181 006e 2B000000 		.4byte	.LASF9
 182 0072 02       		.uleb128 0x2
 183 0073 08       		.byte	0x8
 184 0074 04       		.byte	0x4
 185 0075 11000000 		.4byte	.LASF10
 186 0079 02       		.uleb128 0x2
 187 007a 01       		.byte	0x1
 188 007b 08       		.byte	0x8
 189 007c EC010000 		.4byte	.LASF11
 190 0080 02       		.uleb128 0x2
 191 0081 08       		.byte	0x8
 192 0082 04       		.byte	0x4
 193 0083 12020000 		.4byte	.LASF12
 194 0087 02       		.uleb128 0x2
ARM GAS  C:\Users\HELLOK~1\AppData\Local\Temp\ccEAiykB.s 			page 5


 195 0088 04       		.byte	0x4
 196 0089 07       		.byte	0x7
 197 008a CE010000 		.4byte	.LASF13
 198 008e 04       		.uleb128 0x4
 199 008f 0D010000 		.4byte	.LASF28
 200 0093 01       		.byte	0x1
 201 0094 0F       		.byte	0xf
 202 0095 5D000000 		.4byte	0x5d
 203 0099 00000000 		.4byte	.LFB35
 204 009d 58000000 		.4byte	.LFE35-.LFB35
 205 00a1 01       		.uleb128 0x1
 206 00a2 9C       		.byte	0x9c
 207 00a3 7B010000 		.4byte	0x17b
 208 00a7 05       		.uleb128 0x5
 209 00a8 00000000 		.4byte	.LASF14
 210 00ac 01       		.byte	0x1
 211 00ad 18       		.byte	0x18
 212 00ae 7B010000 		.4byte	0x17b
 213 00b2 02       		.uleb128 0x2
 214 00b3 91       		.byte	0x91
 215 00b4 50       		.sleb128 -48
 216 00b5 06       		.uleb128 0x6
 217 00b6 16000000 		.4byte	.LBB2
 218 00ba 42000000 		.4byte	.LBE2-.LBB2
 219 00be 56010000 		.4byte	0x156
 220 00c2 07       		.uleb128 0x7
 221 00c3 6900     		.ascii	"i\000"
 222 00c5 01       		.byte	0x1
 223 00c6 19       		.byte	0x19
 224 00c7 5D000000 		.4byte	0x5d
 225 00cb 00000000 		.4byte	.LLST0
 226 00cf 08       		.uleb128 0x8
 227 00d0 20000000 		.4byte	.LVL5
 228 00d4 8B010000 		.4byte	0x18b
 229 00d8 E3000000 		.4byte	0xe3
 230 00dc 09       		.uleb128 0x9
 231 00dd 01       		.uleb128 0x1
 232 00de 50       		.byte	0x50
 233 00df 02       		.uleb128 0x2
 234 00e0 74       		.byte	0x74
 235 00e1 00       		.sleb128 0
 236 00e2 00       		.byte	0
 237 00e3 08       		.uleb128 0x8
 238 00e4 26000000 		.4byte	.LVL6
 239 00e8 96010000 		.4byte	0x196
 240 00ec F6000000 		.4byte	0xf6
 241 00f0 09       		.uleb128 0x9
 242 00f1 01       		.uleb128 0x1
 243 00f2 50       		.byte	0x50
 244 00f3 01       		.uleb128 0x1
 245 00f4 3A       		.byte	0x3a
 246 00f5 00       		.byte	0
 247 00f6 08       		.uleb128 0x8
 248 00f7 2C000000 		.4byte	.LVL7
 249 00fb A1010000 		.4byte	0x1a1
 250 00ff 09010000 		.4byte	0x109
 251 0103 09       		.uleb128 0x9
ARM GAS  C:\Users\HELLOK~1\AppData\Local\Temp\ccEAiykB.s 			page 6


 252 0104 01       		.uleb128 0x1
 253 0105 50       		.byte	0x50
 254 0106 01       		.uleb128 0x1
 255 0107 32       		.byte	0x32
 256 0108 00       		.byte	0
 257 0109 08       		.uleb128 0x8
 258 010a 32000000 		.4byte	.LVL8
 259 010e AC010000 		.4byte	0x1ac
 260 0112 1C010000 		.4byte	0x11c
 261 0116 09       		.uleb128 0x9
 262 0117 01       		.uleb128 0x1
 263 0118 50       		.byte	0x50
 264 0119 01       		.uleb128 0x1
 265 011a 30       		.byte	0x30
 266 011b 00       		.byte	0
 267 011c 08       		.uleb128 0x8
 268 011d 42000000 		.4byte	.LVL9
 269 0121 B7010000 		.4byte	0x1b7
 270 0125 45010000 		.4byte	0x145
 271 0129 09       		.uleb128 0x9
 272 012a 01       		.uleb128 0x1
 273 012b 50       		.byte	0x50
 274 012c 02       		.uleb128 0x2
 275 012d 75       		.byte	0x75
 276 012e 00       		.sleb128 0
 277 012f 09       		.uleb128 0x9
 278 0130 01       		.uleb128 0x1
 279 0131 51       		.byte	0x51
 280 0132 02       		.uleb128 0x2
 281 0133 08       		.byte	0x8
 282 0134 20       		.byte	0x20
 283 0135 09       		.uleb128 0x9
 284 0136 01       		.uleb128 0x1
 285 0137 52       		.byte	0x52
 286 0138 05       		.uleb128 0x5
 287 0139 03       		.byte	0x3
 288 013a 00000000 		.4byte	.LC0
 289 013e 09       		.uleb128 0x9
 290 013f 01       		.uleb128 0x1
 291 0140 53       		.byte	0x53
 292 0141 02       		.uleb128 0x2
 293 0142 74       		.byte	0x74
 294 0143 00       		.sleb128 0
 295 0144 00       		.byte	0
 296 0145 0A       		.uleb128 0xa
 297 0146 4C000000 		.4byte	.LVL10
 298 014a C2010000 		.4byte	0x1c2
 299 014e 09       		.uleb128 0x9
 300 014f 01       		.uleb128 0x1
 301 0150 50       		.byte	0x50
 302 0151 02       		.uleb128 0x2
 303 0152 75       		.byte	0x75
 304 0153 00       		.sleb128 0
 305 0154 00       		.byte	0
 306 0155 00       		.byte	0
 307 0156 0B       		.uleb128 0xb
 308 0157 0A000000 		.4byte	.LVL0
ARM GAS  C:\Users\HELLOK~1\AppData\Local\Temp\ccEAiykB.s 			page 7


 309 015b CE010000 		.4byte	0x1ce
 310 015f 0B       		.uleb128 0xb
 311 0160 0E000000 		.4byte	.LVL1
 312 0164 D9010000 		.4byte	0x1d9
 313 0168 0B       		.uleb128 0xb
 314 0169 12000000 		.4byte	.LVL2
 315 016d E4010000 		.4byte	0x1e4
 316 0171 0B       		.uleb128 0xb
 317 0172 16000000 		.4byte	.LVL3
 318 0176 EF010000 		.4byte	0x1ef
 319 017a 00       		.byte	0
 320 017b 0C       		.uleb128 0xc
 321 017c 79000000 		.4byte	0x79
 322 0180 8B010000 		.4byte	0x18b
 323 0184 0D       		.uleb128 0xd
 324 0185 87000000 		.4byte	0x87
 325 0189 1F       		.byte	0x1f
 326 018a 00       		.byte	0
 327 018b 0E       		.uleb128 0xe
 328 018c FB010000 		.4byte	.LASF15
 329 0190 FB010000 		.4byte	.LASF15
 330 0194 02       		.byte	0x2
 331 0195 54       		.byte	0x54
 332 0196 0E       		.uleb128 0xe
 333 0197 35020000 		.4byte	.LASF16
 334 019b 35020000 		.4byte	.LASF16
 335 019f 03       		.byte	0x3
 336 01a0 D9       		.byte	0xd9
 337 01a1 0E       		.uleb128 0xe
 338 01a2 AB000000 		.4byte	.LASF17
 339 01a6 AB000000 		.4byte	.LASF17
 340 01aa 04       		.byte	0x4
 341 01ab 9F       		.byte	0x9f
 342 01ac 0E       		.uleb128 0xe
 343 01ad DD000000 		.4byte	.LASF18
 344 01b1 DD000000 		.4byte	.LASF18
 345 01b5 04       		.byte	0x4
 346 01b6 A0       		.byte	0xa0
 347 01b7 0E       		.uleb128 0xe
 348 01b8 08000000 		.4byte	.LASF19
 349 01bc 08000000 		.4byte	.LASF19
 350 01c0 05       		.byte	0x5
 351 01c1 FD       		.byte	0xfd
 352 01c2 0F       		.uleb128 0xf
 353 01c3 18000000 		.4byte	.LASF20
 354 01c7 18000000 		.4byte	.LASF20
 355 01cb 06       		.byte	0x6
 356 01cc 2A03     		.2byte	0x32a
 357 01ce 0E       		.uleb128 0xe
 358 01cf 36010000 		.4byte	.LASF21
 359 01d3 36010000 		.4byte	.LASF21
 360 01d7 04       		.byte	0x4
 361 01d8 99       		.byte	0x99
 362 01d9 0E       		.uleb128 0xe
 363 01da 2A020000 		.4byte	.LASF22
 364 01de 2A020000 		.4byte	.LASF22
 365 01e2 02       		.byte	0x2
ARM GAS  C:\Users\HELLOK~1\AppData\Local\Temp\ccEAiykB.s 			page 8


 366 01e3 52       		.byte	0x52
 367 01e4 0E       		.uleb128 0xe
 368 01e5 D2000000 		.4byte	.LASF23
 369 01e9 D2000000 		.4byte	.LASF23
 370 01ed 07       		.byte	0x7
 371 01ee 72       		.byte	0x72
 372 01ef 0E       		.uleb128 0xe
 373 01f0 9A000000 		.4byte	.LASF24
 374 01f4 9A000000 		.4byte	.LASF24
 375 01f8 04       		.byte	0x4
 376 01f9 9D       		.byte	0x9d
 377 01fa 00       		.byte	0
 378              		.section	.debug_abbrev,"",%progbits
 379              	.Ldebug_abbrev0:
 380 0000 01       		.uleb128 0x1
 381 0001 11       		.uleb128 0x11
 382 0002 01       		.byte	0x1
 383 0003 25       		.uleb128 0x25
 384 0004 0E       		.uleb128 0xe
 385 0005 13       		.uleb128 0x13
 386 0006 0B       		.uleb128 0xb
 387 0007 03       		.uleb128 0x3
 388 0008 0E       		.uleb128 0xe
 389 0009 1B       		.uleb128 0x1b
 390 000a 0E       		.uleb128 0xe
 391 000b 55       		.uleb128 0x55
 392 000c 17       		.uleb128 0x17
 393 000d 11       		.uleb128 0x11
 394 000e 01       		.uleb128 0x1
 395 000f 10       		.uleb128 0x10
 396 0010 17       		.uleb128 0x17
 397 0011 00       		.byte	0
 398 0012 00       		.byte	0
 399 0013 02       		.uleb128 0x2
 400 0014 24       		.uleb128 0x24
 401 0015 00       		.byte	0
 402 0016 0B       		.uleb128 0xb
 403 0017 0B       		.uleb128 0xb
 404 0018 3E       		.uleb128 0x3e
 405 0019 0B       		.uleb128 0xb
 406 001a 03       		.uleb128 0x3
 407 001b 0E       		.uleb128 0xe
 408 001c 00       		.byte	0
 409 001d 00       		.byte	0
 410 001e 03       		.uleb128 0x3
 411 001f 24       		.uleb128 0x24
 412 0020 00       		.byte	0
 413 0021 0B       		.uleb128 0xb
 414 0022 0B       		.uleb128 0xb
 415 0023 3E       		.uleb128 0x3e
 416 0024 0B       		.uleb128 0xb
 417 0025 03       		.uleb128 0x3
 418 0026 08       		.uleb128 0x8
 419 0027 00       		.byte	0
 420 0028 00       		.byte	0
 421 0029 04       		.uleb128 0x4
 422 002a 2E       		.uleb128 0x2e
ARM GAS  C:\Users\HELLOK~1\AppData\Local\Temp\ccEAiykB.s 			page 9


 423 002b 01       		.byte	0x1
 424 002c 3F       		.uleb128 0x3f
 425 002d 19       		.uleb128 0x19
 426 002e 03       		.uleb128 0x3
 427 002f 0E       		.uleb128 0xe
 428 0030 3A       		.uleb128 0x3a
 429 0031 0B       		.uleb128 0xb
 430 0032 3B       		.uleb128 0x3b
 431 0033 0B       		.uleb128 0xb
 432 0034 27       		.uleb128 0x27
 433 0035 19       		.uleb128 0x19
 434 0036 49       		.uleb128 0x49
 435 0037 13       		.uleb128 0x13
 436 0038 8701     		.uleb128 0x87
 437 003a 19       		.uleb128 0x19
 438 003b 11       		.uleb128 0x11
 439 003c 01       		.uleb128 0x1
 440 003d 12       		.uleb128 0x12
 441 003e 06       		.uleb128 0x6
 442 003f 40       		.uleb128 0x40
 443 0040 18       		.uleb128 0x18
 444 0041 9742     		.uleb128 0x2117
 445 0043 19       		.uleb128 0x19
 446 0044 01       		.uleb128 0x1
 447 0045 13       		.uleb128 0x13
 448 0046 00       		.byte	0
 449 0047 00       		.byte	0
 450 0048 05       		.uleb128 0x5
 451 0049 34       		.uleb128 0x34
 452 004a 00       		.byte	0
 453 004b 03       		.uleb128 0x3
 454 004c 0E       		.uleb128 0xe
 455 004d 3A       		.uleb128 0x3a
 456 004e 0B       		.uleb128 0xb
 457 004f 3B       		.uleb128 0x3b
 458 0050 0B       		.uleb128 0xb
 459 0051 49       		.uleb128 0x49
 460 0052 13       		.uleb128 0x13
 461 0053 02       		.uleb128 0x2
 462 0054 18       		.uleb128 0x18
 463 0055 00       		.byte	0
 464 0056 00       		.byte	0
 465 0057 06       		.uleb128 0x6
 466 0058 0B       		.uleb128 0xb
 467 0059 01       		.byte	0x1
 468 005a 11       		.uleb128 0x11
 469 005b 01       		.uleb128 0x1
 470 005c 12       		.uleb128 0x12
 471 005d 06       		.uleb128 0x6
 472 005e 01       		.uleb128 0x1
 473 005f 13       		.uleb128 0x13
 474 0060 00       		.byte	0
 475 0061 00       		.byte	0
 476 0062 07       		.uleb128 0x7
 477 0063 34       		.uleb128 0x34
 478 0064 00       		.byte	0
 479 0065 03       		.uleb128 0x3
ARM GAS  C:\Users\HELLOK~1\AppData\Local\Temp\ccEAiykB.s 			page 10


 480 0066 08       		.uleb128 0x8
 481 0067 3A       		.uleb128 0x3a
 482 0068 0B       		.uleb128 0xb
 483 0069 3B       		.uleb128 0x3b
 484 006a 0B       		.uleb128 0xb
 485 006b 49       		.uleb128 0x49
 486 006c 13       		.uleb128 0x13
 487 006d 02       		.uleb128 0x2
 488 006e 17       		.uleb128 0x17
 489 006f 00       		.byte	0
 490 0070 00       		.byte	0
 491 0071 08       		.uleb128 0x8
 492 0072 898201   		.uleb128 0x4109
 493 0075 01       		.byte	0x1
 494 0076 11       		.uleb128 0x11
 495 0077 01       		.uleb128 0x1
 496 0078 31       		.uleb128 0x31
 497 0079 13       		.uleb128 0x13
 498 007a 01       		.uleb128 0x1
 499 007b 13       		.uleb128 0x13
 500 007c 00       		.byte	0
 501 007d 00       		.byte	0
 502 007e 09       		.uleb128 0x9
 503 007f 8A8201   		.uleb128 0x410a
 504 0082 00       		.byte	0
 505 0083 02       		.uleb128 0x2
 506 0084 18       		.uleb128 0x18
 507 0085 9142     		.uleb128 0x2111
 508 0087 18       		.uleb128 0x18
 509 0088 00       		.byte	0
 510 0089 00       		.byte	0
 511 008a 0A       		.uleb128 0xa
 512 008b 898201   		.uleb128 0x4109
 513 008e 01       		.byte	0x1
 514 008f 11       		.uleb128 0x11
 515 0090 01       		.uleb128 0x1
 516 0091 31       		.uleb128 0x31
 517 0092 13       		.uleb128 0x13
 518 0093 00       		.byte	0
 519 0094 00       		.byte	0
 520 0095 0B       		.uleb128 0xb
 521 0096 898201   		.uleb128 0x4109
 522 0099 00       		.byte	0
 523 009a 11       		.uleb128 0x11
 524 009b 01       		.uleb128 0x1
 525 009c 31       		.uleb128 0x31
 526 009d 13       		.uleb128 0x13
 527 009e 00       		.byte	0
 528 009f 00       		.byte	0
 529 00a0 0C       		.uleb128 0xc
 530 00a1 01       		.uleb128 0x1
 531 00a2 01       		.byte	0x1
 532 00a3 49       		.uleb128 0x49
 533 00a4 13       		.uleb128 0x13
 534 00a5 01       		.uleb128 0x1
 535 00a6 13       		.uleb128 0x13
 536 00a7 00       		.byte	0
ARM GAS  C:\Users\HELLOK~1\AppData\Local\Temp\ccEAiykB.s 			page 11


 537 00a8 00       		.byte	0
 538 00a9 0D       		.uleb128 0xd
 539 00aa 21       		.uleb128 0x21
 540 00ab 00       		.byte	0
 541 00ac 49       		.uleb128 0x49
 542 00ad 13       		.uleb128 0x13
 543 00ae 2F       		.uleb128 0x2f
 544 00af 0B       		.uleb128 0xb
 545 00b0 00       		.byte	0
 546 00b1 00       		.byte	0
 547 00b2 0E       		.uleb128 0xe
 548 00b3 2E       		.uleb128 0x2e
 549 00b4 00       		.byte	0
 550 00b5 3F       		.uleb128 0x3f
 551 00b6 19       		.uleb128 0x19
 552 00b7 3C       		.uleb128 0x3c
 553 00b8 19       		.uleb128 0x19
 554 00b9 6E       		.uleb128 0x6e
 555 00ba 0E       		.uleb128 0xe
 556 00bb 03       		.uleb128 0x3
 557 00bc 0E       		.uleb128 0xe
 558 00bd 3A       		.uleb128 0x3a
 559 00be 0B       		.uleb128 0xb
 560 00bf 3B       		.uleb128 0x3b
 561 00c0 0B       		.uleb128 0xb
 562 00c1 00       		.byte	0
 563 00c2 00       		.byte	0
 564 00c3 0F       		.uleb128 0xf
 565 00c4 2E       		.uleb128 0x2e
 566 00c5 00       		.byte	0
 567 00c6 3F       		.uleb128 0x3f
 568 00c7 19       		.uleb128 0x19
 569 00c8 3C       		.uleb128 0x3c
 570 00c9 19       		.uleb128 0x19
 571 00ca 6E       		.uleb128 0x6e
 572 00cb 0E       		.uleb128 0xe
 573 00cc 03       		.uleb128 0x3
 574 00cd 0E       		.uleb128 0xe
 575 00ce 3A       		.uleb128 0x3a
 576 00cf 0B       		.uleb128 0xb
 577 00d0 3B       		.uleb128 0x3b
 578 00d1 05       		.uleb128 0x5
 579 00d2 00       		.byte	0
 580 00d3 00       		.byte	0
 581 00d4 00       		.byte	0
 582              		.section	.debug_loc,"",%progbits
 583              	.Ldebug_loc0:
 584              	.LLST0:
 585 0000 16000000 		.4byte	.LVL3
 586 0004 1A000000 		.4byte	.LVL4
 587 0008 0200     		.2byte	0x2
 588 000a 30       		.byte	0x30
 589 000b 9F       		.byte	0x9f
 590 000c 1A000000 		.4byte	.LVL4
 591 0010 58000000 		.4byte	.LFE35
 592 0014 0100     		.2byte	0x1
 593 0016 54       		.byte	0x54
ARM GAS  C:\Users\HELLOK~1\AppData\Local\Temp\ccEAiykB.s 			page 12


 594 0017 00000000 		.4byte	0
 595 001b 00000000 		.4byte	0
 596              		.section	.debug_aranges,"",%progbits
 597 0000 1C000000 		.4byte	0x1c
 598 0004 0200     		.2byte	0x2
 599 0006 00000000 		.4byte	.Ldebug_info0
 600 000a 04       		.byte	0x4
 601 000b 00       		.byte	0
 602 000c 0000     		.2byte	0
 603 000e 0000     		.2byte	0
 604 0010 00000000 		.4byte	.LFB35
 605 0014 58000000 		.4byte	.LFE35-.LFB35
 606 0018 00000000 		.4byte	0
 607 001c 00000000 		.4byte	0
 608              		.section	.debug_ranges,"",%progbits
 609              	.Ldebug_ranges0:
 610 0000 00000000 		.4byte	.LFB35
 611 0004 58000000 		.4byte	.LFE35
 612 0008 00000000 		.4byte	0
 613 000c 00000000 		.4byte	0
 614              		.section	.debug_line,"",%progbits
 615              	.Ldebug_line0:
 616 0000 28010000 		.section	.debug_str,"MS",%progbits,1
 616      0200E200 
 616      00000201 
 616      FB0E0D00 
 616      01010101 
 617              	.LASF14:
 618 0000 6D657373 		.ascii	"message\000"
 618      61676500 
 619              	.LASF19:
 620 0008 736E7072 		.ascii	"snprintf\000"
 620      696E7466 
 620      00
 621              	.LASF10:
 622 0011 646F7562 		.ascii	"double\000"
 622      6C6500
 623              	.LASF20:
 624 0018 55415254 		.ascii	"UART_UartPutString\000"
 624      5F556172 
 624      74507574 
 624      53747269 
 624      6E6700
 625              	.LASF9:
 626 002b 666C6F61 		.ascii	"float\000"
 626      7400
 627              	.LASF27:
 628 0031 433A5C55 		.ascii	"C:\\Users\\Hello Kitty\\Desktop\\MicrocontrollersLa"
 628      73657273 
 628      5C48656C 
 628      6C6F204B 
 628      69747479 
 629 0060 625C4C61 		.ascii	"b\\Lab 7 - Analog\\Project\\Lab 7 - Analog\\Calibra"
 629      62203720 
 629      2D20416E 
 629      616C6F67 
 629      5C50726F 
ARM GAS  C:\Users\HELLOK~1\AppData\Local\Temp\ccEAiykB.s 			page 13


 630 008f 74696F6E 		.ascii	"tion.cydsn\000"
 630      2E637964 
 630      736E00
 631              	.LASF24:
 632 009a 4144435F 		.ascii	"ADC_StartConvert\000"
 632      53746172 
 632      74436F6E 
 632      76657274 
 632      00
 633              	.LASF17:
 634 00ab 4144435F 		.ascii	"ADC_IsEndConversion\000"
 634      4973456E 
 634      64436F6E 
 634      76657273 
 634      696F6E00 
 635              	.LASF3:
 636 00bf 73686F72 		.ascii	"short unsigned int\000"
 636      7420756E 
 636      7369676E 
 636      65642069 
 636      6E7400
 637              	.LASF23:
 638 00d2 55415254 		.ascii	"UART_Start\000"
 638      5F537461 
 638      727400
 639              	.LASF18:
 640 00dd 4144435F 		.ascii	"ADC_GetResult16\000"
 640      47657452 
 640      6573756C 
 640      74313600 
 641              	.LASF1:
 642 00ed 756E7369 		.ascii	"unsigned char\000"
 642      676E6564 
 642      20636861 
 642      7200
 643              	.LASF5:
 644 00fb 6C6F6E67 		.ascii	"long unsigned int\000"
 644      20756E73 
 644      69676E65 
 644      6420696E 
 644      7400
 645              	.LASF28:
 646 010d 6D61696E 		.ascii	"main\000"
 646      00
 647              	.LASF8:
 648 0112 756E7369 		.ascii	"unsigned int\000"
 648      676E6564 
 648      20696E74 
 648      00
 649              	.LASF7:
 650 011f 6C6F6E67 		.ascii	"long long unsigned int\000"
 650      206C6F6E 
 650      6720756E 
 650      7369676E 
 650      65642069 
 651              	.LASF21:
 652 0136 4144435F 		.ascii	"ADC_Start\000"
ARM GAS  C:\Users\HELLOK~1\AppData\Local\Temp\ccEAiykB.s 			page 14


 652      53746172 
 652      7400
 653              	.LASF25:
 654 0140 474E5520 		.ascii	"GNU C11 5.4.1 20160609 (release) [ARM/embedded-5-br"
 654      43313120 
 654      352E342E 
 654      31203230 
 654      31363036 
 655 0173 616E6368 		.ascii	"anch revision 237715] -mcpu=cortex-m0 -mthumb -g -O"
 655      20726576 
 655      6973696F 
 655      6E203233 
 655      37373135 
 656 01a6 67202D66 		.ascii	"g -ffunction-sections -ffat-lto-objects\000"
 656      66756E63 
 656      74696F6E 
 656      2D736563 
 656      74696F6E 
 657              	.LASF13:
 658 01ce 73697A65 		.ascii	"sizetype\000"
 658      74797065 
 658      00
 659              	.LASF6:
 660 01d7 6C6F6E67 		.ascii	"long long int\000"
 660      206C6F6E 
 660      6720696E 
 660      7400
 661              	.LASF26:
 662 01e5 6D61696E 		.ascii	"main.c\000"
 662      2E6300
 663              	.LASF11:
 664 01ec 63686172 		.ascii	"char\000"
 664      00
 665              	.LASF2:
 666 01f1 73686F72 		.ascii	"short int\000"
 666      7420696E 
 666      7400
 667              	.LASF15:
 668 01fb 49444143 		.ascii	"IDAC_SetValue\000"
 668      5F536574 
 668      56616C75 
 668      6500
 669              	.LASF4:
 670 0209 6C6F6E67 		.ascii	"long int\000"
 670      20696E74 
 670      00
 671              	.LASF12:
 672 0212 6C6F6E67 		.ascii	"long double\000"
 672      20646F75 
 672      626C6500 
 673              	.LASF0:
 674 021e 7369676E 		.ascii	"signed char\000"
 674      65642063 
 674      68617200 
 675              	.LASF22:
 676 022a 49444143 		.ascii	"IDAC_Start\000"
 676      5F537461 
ARM GAS  C:\Users\HELLOK~1\AppData\Local\Temp\ccEAiykB.s 			page 15


 676      727400
 677              	.LASF16:
 678 0235 43794465 		.ascii	"CyDelay\000"
 678      6C617900 
 679              		.ident	"GCC: (GNU Tools for ARM Embedded Processors) 5.4.1 20160609 (release) [ARM/embedded-5-bran
