ARM GAS  C:\Users\LEOTEJ~1\AppData\Local\Temp\ccBzcMaC.s 			page 1


   1              		.syntax unified
   2              		.cpu cortex-m0
   3              		.fpu softvfp
   4              		.eabi_attribute 20, 1
   5              		.eabi_attribute 21, 1
   6              		.eabi_attribute 23, 3
   7              		.eabi_attribute 24, 1
   8              		.eabi_attribute 25, 1
   9              		.eabi_attribute 26, 1
  10              		.eabi_attribute 30, 1
  11              		.eabi_attribute 34, 0
  12              		.eabi_attribute 18, 4
  13              		.thumb
  14              		.syntax unified
  15              		.file	"main.c"
  16              		.text
  17              	.Ltext0:
  18              		.cfi_sections	.debug_frame
  19              		.section	.text.poll_button,"ax",%progbits
  20              		.align	2
  21              		.global	poll_button
  22              		.code	16
  23              		.thumb_func
  24              		.type	poll_button, %function
  25              	poll_button:
  26              	.LFB34:
  27              		.file 1 "main.c"
   1:main.c        **** /* ========================================
   2:main.c        ****  *
   3:main.c        ****  * Copyright YOUR COMPANY, THE YEAR
   4:main.c        ****  * All Rights Reserved
   5:main.c        ****  * UNPUBLISHED, LICENSED SOFTWARE.
   6:main.c        ****  *
   7:main.c        ****  * CONFIDENTIAL AND PROPRIETARY INFORMATION
   8:main.c        ****  * WHICH IS THE PROPERTY OF your company.
   9:main.c        ****  *
  10:main.c        ****  * ========================================
  11:main.c        **** */
  12:main.c        **** #include "project.h"
  13:main.c        **** 
  14:main.c        **** static const int ROUNDS = 20;
  15:main.c        **** volatile int timeout, pressed;
  16:main.c        **** 
  17:main.c        **** // This function implements a non-blocking polling loop.
  18:main.c        **** // If neither of the buttons is pressed, it should return 0,
  19:main.c        **** // otherwise it should return a value that corresponds
  20:main.c        **** // to one of the colored buttons. To be consistent, this
  21:main.c        **** // should match the color used in the sequence
  22:main.c        **** int poll_button()
  23:main.c        **** {
  28              		.loc 1 23 0
  29              		.cfi_startproc
  30              		@ args = 0, pretend = 0, frame = 0
  31              		@ frame_needed = 0, uses_anonymous_args = 0
  32 0000 10B5     		push	{r4, lr}
  33              		.cfi_def_cfa_offset 8
  34              		.cfi_offset 4, -8
ARM GAS  C:\Users\LEOTEJ~1\AppData\Local\Temp\ccBzcMaC.s 			page 2


  35              		.cfi_offset 14, -4
  36              	.L2:
  24:main.c        ****     int button = 0;
  25:main.c        ****     
  26:main.c        ****     // XXX: Polling loop for button goes here
  27:main.c        ****     
  28:main.c        ****     while(BTN_Read() == 0){
  37              		.loc 1 28 0 discriminator 1
  38 0002 FFF7FEFF 		bl	BTN_Read
  39              	.LVL0:
  40 0006 0028     		cmp	r0, #0
  41 0008 FBD0     		beq	.L2
  42              	.LVL1:
  29:main.c        ****     }
  30:main.c        ****     button = 1;
  31:main.c        ****     
  32:main.c        ****     return button;
  33:main.c        **** }
  43              		.loc 1 33 0
  44 000a 0120     		movs	r0, #1
  45              		@ sp needed
  46 000c 10BD     		pop	{r4, pc}
  47              		.cfi_endproc
  48              	.LFE34:
  49              		.size	poll_button, .-poll_button
  50 000e C046     		.section	.text.play_color,"ax",%progbits
  51              		.align	2
  52              		.global	play_color
  53              		.code	16
  54              		.thumb_func
  55              		.type	play_color, %function
  56              	play_color:
  57              	.LFB35:
  34:main.c        **** 
  35:main.c        **** // The play color function illuminates an led
  36:main.c        **** // using a PWM at a duty cycle given by dc for
  37:main.c        **** // a number of milliseconds equal to delay and
  38:main.c        **** // plays the correpsonding note.
  39:main.c        **** //
  40:main.c        **** //  INPUTS:
  41:main.c        **** //      color (int): A mapping to determine the
  42:main.c        **** //                   LED to play.
  43:main.c        **** //                  Suggested Colors and Notes are
  44:main.c        **** //                  0: Red (310 Hz)
  45:main.c        **** //                  1: Green (415 Hz)
  46:main.c        **** //                  2: Blue (209 Hz)
  47:main.c        **** //                  3: Yellow (252 Hz)
  48:main.c        **** //
  49:main.c        **** //      dc (int): The duty cycle of the chosen LED's
  50:main.c        **** //                PWM. Only numbers 0-100 should be
  51:main.c        **** //                valid.
  52:main.c        **** //
  53:main.c        **** //      delay (uint32): How long to play the LED and
  54:main.c        **** //                      note, in milliseconds
  55:main.c        **** 
  56:main.c        **** void play_color(int color, int dc, uint32 delay)
  57:main.c        **** {
ARM GAS  C:\Users\LEOTEJ~1\AppData\Local\Temp\ccBzcMaC.s 			page 3


  58              		.loc 1 57 0
  59              		.cfi_startproc
  60              		@ args = 0, pretend = 0, frame = 0
  61              		@ frame_needed = 0, uses_anonymous_args = 0
  62              	.LVL2:
  63 0000 F8B5     		push	{r3, r4, r5, r6, r7, lr}
  64              		.cfi_def_cfa_offset 24
  65              		.cfi_offset 3, -24
  66              		.cfi_offset 4, -20
  67              		.cfi_offset 5, -16
  68              		.cfi_offset 6, -12
  69              		.cfi_offset 7, -8
  70              		.cfi_offset 14, -4
  71 0002 0400     		movs	r4, r0
  72 0004 0D00     		movs	r5, r1
  73 0006 1600     		movs	r6, r2
  74              	.LVL3:
  58:main.c        ****     int period = 0;
  59:main.c        ****  
  60:main.c        ****     switch(color){
  75              		.loc 1 60 0
  76 0008 0128     		cmp	r0, #1
  77 000a 09D0     		beq	.L5
  78 000c 02DC     		bgt	.L6
  79 000e 0028     		cmp	r0, #0
  80 0010 0DD0     		beq	.L10
  81 0012 03E0     		b	.L4
  82              	.L6:
  83 0014 0228     		cmp	r0, #2
  84 0016 05D0     		beq	.L8
  85 0018 0328     		cmp	r0, #3
  86 001a 05D0     		beq	.L9
  87              	.L4:
  58:main.c        ****     int period = 0;
  88              		.loc 1 58 0
  89 001c 0027     		movs	r7, #0
  90 001e 07E0     		b	.L7
  91              	.L5:
  92              	.LVL4:
  61:main.c        ****     case 0:
  62:main.c        ****         period = 3225;
  63:main.c        ****         break;
  64:main.c        ****     case 1:
  65:main.c        ****         period = 3174;
  93              		.loc 1 65 0
  94 0020 114F     		ldr	r7, .L11
  66:main.c        ****         break;
  95              		.loc 1 66 0
  96 0022 05E0     		b	.L7
  97              	.LVL5:
  98              	.L8:
  67:main.c        ****     case 2:
  68:main.c        ****         period = 4784;
  99              		.loc 1 68 0
 100 0024 114F     		ldr	r7, .L11+4
  69:main.c        ****         break;
 101              		.loc 1 69 0
ARM GAS  C:\Users\LEOTEJ~1\AppData\Local\Temp\ccBzcMaC.s 			page 4


 102 0026 03E0     		b	.L7
 103              	.LVL6:
 104              	.L9:
  70:main.c        ****     case 3:
  71:main.c        ****         period = 3968;
 105              		.loc 1 71 0
 106 0028 F827     		movs	r7, #248
 107 002a 3F01     		lsls	r7, r7, #4
  72:main.c        ****         break;
 108              		.loc 1 72 0
 109 002c 00E0     		b	.L7
 110              	.LVL7:
 111              	.L10:
  62:main.c        ****         break;
 112              		.loc 1 62 0
 113 002e 104F     		ldr	r7, .L11+8
 114              	.LVL8:
 115              	.L7:
  73:main.c        ****      
  74:main.c        ****     
  75:main.c        ****     
  76:main.c        ****     }
  77:main.c        ****     
  78:main.c        ****     SPEAKER_PWM_WritePeriod(period);
 116              		.loc 1 78 0
 117 0030 3800     		movs	r0, r7
 118              	.LVL9:
 119 0032 FFF7FEFF 		bl	SPEAKER_PWM_WritePeriod
 120              	.LVL10:
  79:main.c        ****     SPEAKER_PWM_WriteCompare((int) (period/2));
 121              		.loc 1 79 0
 122 0036 7808     		lsrs	r0, r7, #1
 123 0038 FFF7FEFF 		bl	SPEAKER_PWM_WriteCompare
 124              	.LVL11:
  80:main.c        ****     LED_PWM_WritePeriod(1000);
 125              		.loc 1 80 0
 126 003c FA20     		movs	r0, #250
 127 003e 8000     		lsls	r0, r0, #2
 128 0040 FFF7FEFF 		bl	LED_PWM_WritePeriod
 129              	.LVL12:
  81:main.c        ****     LED_PWM_WriteCompare(dc * 10);
 130              		.loc 1 81 0
 131 0044 AB00     		lsls	r3, r5, #2
 132 0046 5D19     		adds	r5, r3, r5
 133              	.LVL13:
 134 0048 6800     		lsls	r0, r5, #1
 135 004a FFF7FEFF 		bl	LED_PWM_WriteCompare
 136              	.LVL14:
  82:main.c        ****     LED_PWM_Start();
 137              		.loc 1 82 0
 138 004e FFF7FEFF 		bl	LED_PWM_Start
 139              	.LVL15:
  83:main.c        ****     SPEAKER_PWM_Start();
 140              		.loc 1 83 0
 141 0052 FFF7FEFF 		bl	SPEAKER_PWM_Start
 142              	.LVL16:
  84:main.c        ****     LED_SEL_Write(color);
ARM GAS  C:\Users\LEOTEJ~1\AppData\Local\Temp\ccBzcMaC.s 			page 5


 143              		.loc 1 84 0
 144 0056 E0B2     		uxtb	r0, r4
 145 0058 FFF7FEFF 		bl	LED_SEL_Write
 146              	.LVL17:
  85:main.c        ****     CyDelay(delay);
 147              		.loc 1 85 0
 148 005c 3000     		movs	r0, r6
 149 005e FFF7FEFF 		bl	CyDelay
 150              	.LVL18:
  86:main.c        ****     SPEAKER_PWM_Stop(); 
 151              		.loc 1 86 0
 152 0062 FFF7FEFF 		bl	SPEAKER_PWM_Stop
 153              	.LVL19:
  87:main.c        ****     
  88:main.c        **** }
 154              		.loc 1 88 0
 155              		@ sp needed
 156              	.LVL20:
 157              	.LVL21:
 158              	.LVL22:
 159 0066 F8BD     		pop	{r3, r4, r5, r6, r7, pc}
 160              	.L12:
 161              		.align	2
 162              	.L11:
 163 0068 660C0000 		.word	3174
 164 006c B0120000 		.word	4784
 165 0070 990C0000 		.word	3225
 166              		.cfi_endproc
 167              	.LFE35:
 168              		.size	play_color, .-play_color
 169              		.section	.text.play_start,"ax",%progbits
 170              		.align	2
 171              		.global	play_start
 172              		.code	16
 173              		.thumb_func
 174              		.type	play_start, %function
 175              	play_start:
 176              	.LFB36:
  89:main.c        **** 
  90:main.c        **** // This should play the start sequence of Simon, which is
  91:main.c        **** // to turn all 4 LEDs on and play a 600Hz tone for 500 ms,
  92:main.c        **** // then turn them off for 500ms, then repeat 2 more times
  93:main.c        **** void play_start()
  94:main.c        **** {
 177              		.loc 1 94 0
 178              		.cfi_startproc
 179              		@ args = 0, pretend = 0, frame = 0
 180              		@ frame_needed = 0, uses_anonymous_args = 0
 181 0000 70B5     		push	{r4, r5, r6, lr}
 182              		.cfi_def_cfa_offset 16
 183              		.cfi_offset 4, -16
 184              		.cfi_offset 5, -12
 185              		.cfi_offset 6, -8
 186              		.cfi_offset 14, -4
  95:main.c        ****    
  96:main.c        ****     // 50% duty cycle, 600 Hz
  97:main.c        ****     
ARM GAS  C:\Users\LEOTEJ~1\AppData\Local\Temp\ccBzcMaC.s 			page 6


  98:main.c        ****     /*
  99:main.c        ****     How to calculate Hz
 100:main.c        ****     Take clock rate (1MHz) and divide by frequency. (in microsec) - WritePeriod
 101:main.c        ****     Duty cycle : multiply %duty cycle to the period - WriteCompare
 102:main.c        ****     Period = (1000000/600) + 1
 103:main.c        ****     Compare = .5 * Period
 104:main.c        ****         
 105:main.c        ****     
 106:main.c        ****     
 107:main.c        ****     */
 108:main.c        ****     
 109:main.c        ****     SPEAKER_PWM_WritePeriod(1667);
 187              		.loc 1 109 0
 188 0002 1F48     		ldr	r0, .L18
 189 0004 FFF7FEFF 		bl	SPEAKER_PWM_WritePeriod
 190              	.LVL23:
 110:main.c        ****     SPEAKER_PWM_WriteCompare(833);
 191              		.loc 1 110 0
 192 0008 1E48     		ldr	r0, .L18+4
 193 000a FFF7FEFF 		bl	SPEAKER_PWM_WriteCompare
 194              	.LVL24:
 111:main.c        ****     LED_PWM_WritePeriod(1000);
 195              		.loc 1 111 0
 196 000e FA20     		movs	r0, #250
 197 0010 8000     		lsls	r0, r0, #2
 198 0012 FFF7FEFF 		bl	LED_PWM_WritePeriod
 199              	.LVL25:
 112:main.c        ****     LED_PWM_WriteCompare(999);
 200              		.loc 1 112 0
 201 0016 1C48     		ldr	r0, .L18+8
 202 0018 FFF7FEFF 		bl	LED_PWM_WriteCompare
 203              	.LVL26:
 204              	.LBB2:
 113:main.c        ****     for (int i = 0; i < 3; i++){
 205              		.loc 1 113 0
 206 001c 0025     		movs	r5, #0
 207 001e 29E0     		b	.L14
 208              	.LVL27:
 209              	.L17:
 114:main.c        ****         CyDelay(500);
 210              		.loc 1 114 0
 211 0020 FA20     		movs	r0, #250
 212 0022 4000     		lsls	r0, r0, #1
 213 0024 FFF7FEFF 		bl	CyDelay
 214              	.LVL28:
 115:main.c        ****         SPEAKER_PWM_Start();
 215              		.loc 1 115 0
 216 0028 FFF7FEFF 		bl	SPEAKER_PWM_Start
 217              	.LVL29:
 116:main.c        ****         LED_PWM_Start();
 218              		.loc 1 116 0
 219 002c FFF7FEFF 		bl	LED_PWM_Start
 220              	.LVL30:
 221              	.LBB3:
 117:main.c        ****         for(int i = 0; i < 125; i++){
 222              		.loc 1 117 0
 223 0030 0024     		movs	r4, #0
ARM GAS  C:\Users\LEOTEJ~1\AppData\Local\Temp\ccBzcMaC.s 			page 7


 224 0032 18E0     		b	.L15
 225              	.LVL31:
 226              	.L16:
 118:main.c        ****             LED_SEL_Write(0);
 227              		.loc 1 118 0 discriminator 3
 228 0034 0020     		movs	r0, #0
 229 0036 FFF7FEFF 		bl	LED_SEL_Write
 230              	.LVL32:
 119:main.c        ****             CyDelay(1);
 231              		.loc 1 119 0 discriminator 3
 232 003a 0120     		movs	r0, #1
 233 003c FFF7FEFF 		bl	CyDelay
 234              	.LVL33:
 120:main.c        ****             LED_SEL_Write(1);
 235              		.loc 1 120 0 discriminator 3
 236 0040 0120     		movs	r0, #1
 237 0042 FFF7FEFF 		bl	LED_SEL_Write
 238              	.LVL34:
 121:main.c        ****             CyDelay(1);
 239              		.loc 1 121 0 discriminator 3
 240 0046 0120     		movs	r0, #1
 241 0048 FFF7FEFF 		bl	CyDelay
 242              	.LVL35:
 122:main.c        ****             LED_SEL_Write(2);
 243              		.loc 1 122 0 discriminator 3
 244 004c 0220     		movs	r0, #2
 245 004e FFF7FEFF 		bl	LED_SEL_Write
 246              	.LVL36:
 123:main.c        ****             CyDelay(1);
 247              		.loc 1 123 0 discriminator 3
 248 0052 0120     		movs	r0, #1
 249 0054 FFF7FEFF 		bl	CyDelay
 250              	.LVL37:
 124:main.c        ****             LED_SEL_Write(3);
 251              		.loc 1 124 0 discriminator 3
 252 0058 0320     		movs	r0, #3
 253 005a FFF7FEFF 		bl	LED_SEL_Write
 254              	.LVL38:
 125:main.c        ****             CyDelay(1);
 255              		.loc 1 125 0 discriminator 3
 256 005e 0120     		movs	r0, #1
 257 0060 FFF7FEFF 		bl	CyDelay
 258              	.LVL39:
 117:main.c        ****             LED_SEL_Write(0);
 259              		.loc 1 117 0 discriminator 3
 260 0064 0134     		adds	r4, r4, #1
 261              	.LVL40:
 262              	.L15:
 117:main.c        ****             LED_SEL_Write(0);
 263              		.loc 1 117 0 is_stmt 0 discriminator 1
 264 0066 7C2C     		cmp	r4, #124
 265 0068 E4DD     		ble	.L16
 266              	.LBE3:
 126:main.c        ****         }
 127:main.c        ****         
 128:main.c        ****         
 129:main.c        ****         
ARM GAS  C:\Users\LEOTEJ~1\AppData\Local\Temp\ccBzcMaC.s 			page 8


 130:main.c        ****        // CyDelay(500);
 131:main.c        ****         SPEAKER_PWM_Stop();
 267              		.loc 1 131 0 is_stmt 1 discriminator 2
 268 006a FFF7FEFF 		bl	SPEAKER_PWM_Stop
 269              	.LVL41:
 132:main.c        ****         LED_PWM_Stop();
 270              		.loc 1 132 0 discriminator 2
 271 006e FFF7FEFF 		bl	LED_PWM_Stop
 272              	.LVL42:
 113:main.c        ****         CyDelay(500);
 273              		.loc 1 113 0 discriminator 2
 274 0072 0135     		adds	r5, r5, #1
 275              	.LVL43:
 276              	.L14:
 113:main.c        ****         CyDelay(500);
 277              		.loc 1 113 0 is_stmt 0 discriminator 1
 278 0074 022D     		cmp	r5, #2
 279 0076 D3DD     		ble	.L17
 280              	.LBE2:
 133:main.c        ****         
 134:main.c        ****         
 135:main.c        ****     }
 136:main.c        ****     SPEAKER_PWM_Stop();
 281              		.loc 1 136 0 is_stmt 1
 282 0078 FFF7FEFF 		bl	SPEAKER_PWM_Stop
 283              	.LVL44:
 137:main.c        **** }
 284              		.loc 1 137 0
 285              		@ sp needed
 286              	.LVL45:
 287 007c 70BD     		pop	{r4, r5, r6, pc}
 288              	.L19:
 289 007e C046     		.align	2
 290              	.L18:
 291 0080 83060000 		.word	1667
 292 0084 41030000 		.word	833
 293 0088 E7030000 		.word	999
 294              		.cfi_endproc
 295              	.LFE36:
 296              		.size	play_start, .-play_start
 297              		.section	.text.play_fail,"ax",%progbits
 298              		.align	2
 299              		.global	play_fail
 300              		.code	16
 301              		.thumb_func
 302              		.type	play_fail, %function
 303              	play_fail:
 304              	.LFB37:
 138:main.c        **** 
 139:main.c        **** // This should play the fail sequence, which is to turn on
 140:main.c        **** // all 4 LEDs and play a 42Hz tone for 1.5 seconds
 141:main.c        **** void play_fail()
 142:main.c        **** {
 305              		.loc 1 142 0
 306              		.cfi_startproc
 307              		@ args = 0, pretend = 0, frame = 0
 308              		@ frame_needed = 0, uses_anonymous_args = 0
ARM GAS  C:\Users\LEOTEJ~1\AppData\Local\Temp\ccBzcMaC.s 			page 9


 309              		@ link register save eliminated.
 143:main.c        ****     
 144:main.c        **** }
 310              		.loc 1 144 0
 311              		@ sp needed
 312 0000 7047     		bx	lr
 313              		.cfi_endproc
 314              	.LFE37:
 315              		.size	play_fail, .-play_fail
 316 0002 C046     		.section	.text.play_win,"ax",%progbits
 317              		.align	2
 318              		.global	play_win
 319              		.code	16
 320              		.thumb_func
 321              		.type	play_win, %function
 322              	play_win:
 323              	.LFB38:
 145:main.c        **** 
 146:main.c        **** // This should play back the victory sequence. In the original
 147:main.c        **** // Simon, that plays:
 148:main.c        **** // R, Y, B, G in sequence 0.1s apart, 3 times
 149:main.c        **** // then RY, 
 150:main.c        **** // then play failure tone for 0.8s, while the lights then
 151:main.c        **** // continually flash R Y B G 0.1s apart.
 152:main.c        **** //
 153:main.c        **** // You can implement whatever victory sequence you want if
 154:main.c        **** // you don't feel like doing the original one.
 155:main.c        **** void play_win()
 156:main.c        **** {
 324              		.loc 1 156 0
 325              		.cfi_startproc
 326              		@ args = 0, pretend = 0, frame = 0
 327              		@ frame_needed = 0, uses_anonymous_args = 0
 328              		@ link register save eliminated.
 157:main.c        ****     
 158:main.c        **** }
 329              		.loc 1 158 0
 330              		@ sp needed
 331 0000 7047     		bx	lr
 332              		.cfi_endproc
 333              	.LFE38:
 334              		.size	play_win, .-play_win
 335 0002 C046     		.section	.text.main,"ax",%progbits
 336              		.align	2
 337              		.global	main
 338              		.code	16
 339              		.thumb_func
 340              		.type	main, %function
 341              	main:
 342              	.LFB39:
 159:main.c        **** 
 160:main.c        **** int main(void)
 161:main.c        **** {
 343              		.loc 1 161 0
 344              		.cfi_startproc
 345              		@ args = 0, pretend = 0, frame = 80
 346              		@ frame_needed = 0, uses_anonymous_args = 0
ARM GAS  C:\Users\LEOTEJ~1\AppData\Local\Temp\ccBzcMaC.s 			page 10


 347 0000 F0B5     		push	{r4, r5, r6, r7, lr}
 348              		.cfi_def_cfa_offset 20
 349              		.cfi_offset 4, -20
 350              		.cfi_offset 5, -16
 351              		.cfi_offset 6, -12
 352              		.cfi_offset 7, -8
 353              		.cfi_offset 14, -4
 354 0002 95B0     		sub	sp, sp, #84
 355              		.cfi_def_cfa_offset 104
 162:main.c        ****     CyGlobalIntEnable; /* Enable global interrupts. */
 356              		.loc 1 162 0
 357              		.syntax divided
 358              	@ 162 "main.c" 1
 359 0004 62B6     		CPSIE   i
 360              	@ 0 "" 2
 361              	.LVL46:
 163:main.c        ****     
 164:main.c        ****     /* Variables */
 165:main.c        ****     int ix = 0, num_correct = 0, errors = 0, seq_ctr = 0;
 166:main.c        ****     int simon_sequence[ROUNDS];
 167:main.c        ****     
 168:main.c        **** 
 169:main.c        ****     /* Place your initialization/startup code here (e.g. MyInst_Start()) */
 170:main.c        ****     PRS_Start();
 362              		.loc 1 170 0
 363              		.thumb
 364              		.syntax unified
 365 0006 FFF7FEFF 		bl	PRS_Start
 366              	.LVL47:
 171:main.c        ****     SPEAKER_PWM_Start();
 367              		.loc 1 171 0
 368 000a FFF7FEFF 		bl	SPEAKER_PWM_Start
 369              	.LVL48:
 172:main.c        ****     SPEAKER_PWM_Stop();
 370              		.loc 1 172 0
 371 000e FFF7FEFF 		bl	SPEAKER_PWM_Stop
 372              	.LVL49:
 173:main.c        ****     LED_PWM_Start();
 373              		.loc 1 173 0
 374 0012 FFF7FEFF 		bl	LED_PWM_Start
 375              	.LVL50:
 174:main.c        ****     LED_PWM_Stop();
 376              		.loc 1 174 0
 377 0016 FFF7FEFF 		bl	LED_PWM_Stop
 378              	.LVL51:
 175:main.c        ****     INPUT_TIMER_Start();
 379              		.loc 1 175 0
 380 001a FFF7FEFF 		bl	INPUT_TIMER_Start
 381              	.LVL52:
 176:main.c        ****     INPUT_TIMER_Stop();
 382              		.loc 1 176 0
 383 001e FFF7FEFF 		bl	INPUT_TIMER_Stop
 384              	.LVL53:
 177:main.c        ****     INPUT_TIMER_ISR_Start();
 385              		.loc 1 177 0
 386 0022 FFF7FEFF 		bl	INPUT_TIMER_ISR_Start
 387              	.LVL54:
ARM GAS  C:\Users\LEOTEJ~1\AppData\Local\Temp\ccBzcMaC.s 			page 11


 388              	.L23:
 178:main.c        ****     
 179:main.c        ****     for(;;)
 180:main.c        ****     {
 181:main.c        ****         /* Place your application code here. */
 182:main.c        ****         
 183:main.c        ****         // Wait for any button press  
 184:main.c        ****         while (poll_button() == 0);
 389              		.loc 1 184 0 discriminator 1
 390 0026 FFF7FEFF 		bl	poll_button
 391              	.LVL55:
 392 002a 0028     		cmp	r0, #0
 393 002c FBD0     		beq	.L23
 185:main.c        ****         
 186:main.c        ****         // Play the start sequence
 187:main.c        ****         play_start();
 394              		.loc 1 187 0
 395 002e FFF7FEFF 		bl	play_start
 396              	.LVL56:
 397              	.LBB4:
 188:main.c        ****         
 189:main.c        ****         // Generate random sequnce of 20 rounds. Store it
 190:main.c        ****         // in simon_sequence
 191:main.c        ****         
 192:main.c        ****         
 193:main.c        ****         for(int i = 0; i < ROUNDS; i++){
 398              		.loc 1 193 0
 399 0032 0024     		movs	r4, #0
 400 0034 07E0     		b	.L24
 401              	.LVL57:
 402              	.L25:
 194:main.c        ****             simon_sequence[i] = PRS_Read() % 4;
 403              		.loc 1 194 0 discriminator 3
 404 0036 FFF7FEFF 		bl	PRS_Read
 405              	.LVL58:
 406 003a A300     		lsls	r3, r4, #2
 407 003c 0322     		movs	r2, #3
 408 003e 1040     		ands	r0, r2
 409 0040 6A46     		mov	r2, sp
 410 0042 9850     		str	r0, [r3, r2]
 193:main.c        ****             simon_sequence[i] = PRS_Read() % 4;
 411              		.loc 1 193 0 discriminator 3
 412 0044 0134     		adds	r4, r4, #1
 413              	.LVL59:
 414              	.L24:
 193:main.c        ****             simon_sequence[i] = PRS_Read() % 4;
 415              		.loc 1 193 0 is_stmt 0 discriminator 1
 416 0046 132C     		cmp	r4, #19
 417 0048 F5DD     		ble	.L25
 418 004a 0124     		movs	r4, #1
 419              	.LVL60:
 420 004c 0026     		movs	r6, #0
 421 004e 45E0     		b	.L26
 422              	.LVL61:
 423              	.L27:
 424              	.LBE4:
 195:main.c        ****             
ARM GAS  C:\Users\LEOTEJ~1\AppData\Local\Temp\ccBzcMaC.s 			page 12


 196:main.c        ****         }
 197:main.c        ****         
 198:main.c        ****        
 199:main.c        ****         
 200:main.c        ****         // Zero the sequence counter. We use this variable to keep
 201:main.c        ****         // track of how far along we are in the game        
 202:main.c        ****         seq_ctr = 1;
 203:main.c        ****         
 204:main.c        ****         // These variables keep track of how many are correct each round and
 205:main.c        ****         // if any errors are input.
 206:main.c        ****         num_correct = 0, errors = 0;
 207:main.c        **** 
 208:main.c        ****         // Start the counter at 1 (Why not zero? Due to the nature of
 209:main.c        ****         // for loops bounds checking! See below)
 210:main.c        ****         seq_ctr = 1;        
 211:main.c        ****         
 212:main.c        ****         
 213:main.c        ****         // The main game begins here. As long as there are no errors,
 214:main.c        ****         // and we haven't gone through all rounds, we are stuck in here        
 215:main.c        ****         while (seq_ctr < ROUNDS + 1 && errors == 0)
 216:main.c        ****         {
 217:main.c        ****             
 218:main.c        ****             // For each round of the game, we start with having no
 219:main.c        ****             // correct buttons pressed            
 220:main.c        ****             num_correct = 0;
 221:main.c        ****             
 222:main.c        ****             // Playback current sequence. The LED should get
 223:main.c        ****             // progressively dimmer for each color in the sequence
 224:main.c        ****             for (ix = 0; ix < seq_ctr; ix++)
 225:main.c        ****             {
 226:main.c        ****                 play_color(simon_sequence[ix], (100/ROUNDS)*(ROUNDS - seq_ctr + 1), 420); 
 425              		.loc 1 226 0 is_stmt 1 discriminator 3
 426 0050 1521     		movs	r1, #21
 427 0052 091B     		subs	r1, r1, r4
 428 0054 8B00     		lsls	r3, r1, #2
 429 0056 5918     		adds	r1, r3, r1
 430 0058 AB00     		lsls	r3, r5, #2
 431 005a 6A46     		mov	r2, sp
 432 005c 9858     		ldr	r0, [r3, r2]
 433 005e D222     		movs	r2, #210
 434 0060 5200     		lsls	r2, r2, #1
 435 0062 FFF7FEFF 		bl	play_color
 436              	.LVL62:
 224:main.c        ****             {
 437              		.loc 1 224 0 discriminator 3
 438 0066 0135     		adds	r5, r5, #1
 439              	.LVL63:
 440 0068 00E0     		b	.L36
 441              	.LVL64:
 442              	.L39:
 443 006a 0025     		movs	r5, #0
 444              	.L36:
 445              	.LVL65:
 224:main.c        ****             {
 446              		.loc 1 224 0 is_stmt 0 discriminator 1
 447 006c A542     		cmp	r5, r4
 448 006e EFDB     		blt	.L27
ARM GAS  C:\Users\LEOTEJ~1\AppData\Local\Temp\ccBzcMaC.s 			page 13


 449 0070 0025     		movs	r5, #0
 450              	.LVL66:
 451 0072 26E0     		b	.L28
 452              	.LVL67:
 453              	.L33:
 227:main.c        ****             }
 228:main.c        ****             
 229:main.c        ****             // Since seq_ctr keeps track of the current number we have
 230:main.c        ****             // gotten correct so far, for each round we have to keep looping
 231:main.c        ****             // until we get all correct (or break if an error)
 232:main.c        ****             while (num_correct < seq_ctr)
 233:main.c        ****             {
 234:main.c        ****                 // Pressed keeps track of the current (if any) button that
 235:main.c        ****                 // was pressed. Timeout starts at 0 and gets set from
 236:main.c        ****                 // INPUT_TIMER_ISR if a button hasn't been pressed in
 237:main.c        ****                 // 3s
 238:main.c        ****                 pressed = 0;
 454              		.loc 1 238 0 is_stmt 1
 455 0074 0023     		movs	r3, #0
 456 0076 1C4A     		ldr	r2, .L40
 457 0078 1360     		str	r3, [r2]
 239:main.c        ****                 timeout = 0;      
 458              		.loc 1 239 0
 459 007a 1C4A     		ldr	r2, .L40+4
 460 007c 1360     		str	r3, [r2]
 240:main.c        ****                 
 241:main.c        ****                 // This is the main input loop. When poll_button returns
 242:main.c        ****                 // something non-zero, that means a button is pressed.
 243:main.c        ****                 // If timeout gets set to 1, that means 3s have elapsed
 244:main.c        ****                 // without a button press
 245:main.c        ****                 while(pressed == 0 && timeout == 0)
 461              		.loc 1 245 0
 462 007e 03E0     		b	.L29
 463              	.L31:
 246:main.c        ****                 {
 247:main.c        ****                     pressed = poll_button();
 464              		.loc 1 247 0
 465 0080 FFF7FEFF 		bl	poll_button
 466              	.LVL68:
 467 0084 184B     		ldr	r3, .L40
 468 0086 1860     		str	r0, [r3]
 469              	.L29:
 245:main.c        ****                 {
 470              		.loc 1 245 0
 471 0088 174B     		ldr	r3, .L40
 472 008a 1B68     		ldr	r3, [r3]
 473 008c 002B     		cmp	r3, #0
 474 008e 03D1     		bne	.L30
 245:main.c        ****                 {
 475              		.loc 1 245 0 is_stmt 0 discriminator 1
 476 0090 164B     		ldr	r3, .L40+4
 477 0092 1B68     		ldr	r3, [r3]
 478 0094 002B     		cmp	r3, #0
 479 0096 F3D0     		beq	.L31
 480              	.L30:
 248:main.c        ****                 }                
 249:main.c        ****                 
ARM GAS  C:\Users\LEOTEJ~1\AppData\Local\Temp\ccBzcMaC.s 			page 14


 250:main.c        ****                 // If the main input loop breaks due a timeout, then 
 251:main.c        ****                 if (timeout == 1)
 481              		.loc 1 251 0 is_stmt 1
 482 0098 144B     		ldr	r3, .L40+4
 483 009a 1B68     		ldr	r3, [r3]
 484 009c 012B     		cmp	r3, #1
 485 009e 13D0     		beq	.L37
 252:main.c        ****                 {
 253:main.c        ****                     // Play the fail sequence
 254:main.c        ****                     play_fail();
 255:main.c        **** 
 256:main.c        ****                     // Set the error counter
 257:main.c        ****                     errors = 1;
 258:main.c        **** 
 259:main.c        ****                     // Break out of the loop for the current round.
 260:main.c        ****                     // This combined with setting errors should get
 261:main.c        ****                     // back to start of the gam
 262:main.c        ****                     break;
 263:main.c        ****                 }
 264:main.c        ****                 // otherwise, the main input loop broke due to a button press.
 265:main.c        ****                 else
 266:main.c        ****                 {
 267:main.c        ****                     // Whether right or wrong, playback the correct color
 268:main.c        ****                     play_color(pressed, (100/ROUNDS)*(ROUNDS - seq_ctr + 1), 420);
 486              		.loc 1 268 0
 487 00a0 114F     		ldr	r7, .L40
 488 00a2 3868     		ldr	r0, [r7]
 489 00a4 1521     		movs	r1, #21
 490 00a6 091B     		subs	r1, r1, r4
 491 00a8 8B00     		lsls	r3, r1, #2
 492 00aa 5918     		adds	r1, r3, r1
 493 00ac D222     		movs	r2, #210
 494 00ae 5200     		lsls	r2, r2, #1
 495 00b0 FFF7FEFF 		bl	play_color
 496              	.LVL69:
 269:main.c        **** 
 270:main.c        ****                     // Check here to see pressed button is correct
 271:main.c        ****                     if (pressed == simon_sequence[num_correct])
 497              		.loc 1 271 0
 498 00b4 AB00     		lsls	r3, r5, #2
 499 00b6 6A46     		mov	r2, sp
 500 00b8 9A58     		ldr	r2, [r3, r2]
 501 00ba 3B68     		ldr	r3, [r7]
 502 00bc 9A42     		cmp	r2, r3
 503 00be 05D1     		bne	.L38
 272:main.c        ****                     {
 273:main.c        ****                         // Increment the number of correctly input
 274:main.c        ****                         // buttons for the sequence
 275:main.c        ****                         num_correct++;
 504              		.loc 1 275 0
 505 00c0 0135     		adds	r5, r5, #1
 506              	.LVL70:
 507              	.L28:
 232:main.c        ****             {
 508              		.loc 1 232 0
 509 00c2 A542     		cmp	r5, r4
 510 00c4 D6DB     		blt	.L33
ARM GAS  C:\Users\LEOTEJ~1\AppData\Local\Temp\ccBzcMaC.s 			page 15


 511 00c6 02E0     		b	.L32
 512              	.L37:
 257:main.c        **** 
 513              		.loc 1 257 0
 514 00c8 0126     		movs	r6, #1
 515              	.LVL71:
 516 00ca 00E0     		b	.L32
 517              	.LVL72:
 518              	.L38:
 276:main.c        ****                     }
 277:main.c        ****                     // Otherwise, the button pressed didn't match the current sequence color
 278:main.c        ****                     else
 279:main.c        ****                     {
 280:main.c        ****                         // Play the fail sequence
 281:main.c        ****                         play_fail();
 282:main.c        **** 
 283:main.c        ****                         // Set the error counter
 284:main.c        ****                         errors = 1;
 519              		.loc 1 284 0
 520 00cc 0126     		movs	r6, #1
 521              	.LVL73:
 522              	.L32:
 285:main.c        **** 
 286:main.c        ****                         // Break out of the loop for the current round.
 287:main.c        ****                         // This combined with setting errors should get
 288:main.c        ****                         // back to start of the game
 289:main.c        ****                         break;
 290:main.c        ****                     }
 291:main.c        ****                 }                
 292:main.c        ****                 
 293:main.c        ****             }
 294:main.c        ****             
 295:main.c        ****             // If we get here, all the buttons entered for the current round
 296:main.c        ****             // matched the sequence! We can increment the sequence counter
 297:main.c        ****             // and go on to the next round. The original Simon delayed 0.8s
 298:main.c        ****             // between rounds.
 299:main.c        ****             if (errors == 0)
 523              		.loc 1 299 0
 524 00ce 002E     		cmp	r6, #0
 525 00d0 04D1     		bne	.L26
 300:main.c        ****             {
 301:main.c        ****                 seq_ctr++;
 526              		.loc 1 301 0
 527 00d2 0134     		adds	r4, r4, #1
 528              	.LVL74:
 302:main.c        ****                 CyDelay(800);
 529              		.loc 1 302 0
 530 00d4 C820     		movs	r0, #200
 531 00d6 8000     		lsls	r0, r0, #2
 532 00d8 FFF7FEFF 		bl	CyDelay
 533              	.LVL75:
 534              	.L26:
 215:main.c        ****         {
 535              		.loc 1 215 0
 536 00dc 142C     		cmp	r4, #20
 537 00de A2DC     		bgt	.L23
 215:main.c        ****         {
ARM GAS  C:\Users\LEOTEJ~1\AppData\Local\Temp\ccBzcMaC.s 			page 16


 538              		.loc 1 215 0 is_stmt 0 discriminator 1
 539 00e0 002E     		cmp	r6, #0
 540 00e2 C2D0     		beq	.L39
 541 00e4 9FE7     		b	.L23
 542              	.L41:
 543 00e6 C046     		.align	2
 544              	.L40:
 545 00e8 00000000 		.word	pressed
 546 00ec 00000000 		.word	timeout
 547              		.cfi_endproc
 548              	.LFE39:
 549              		.size	main, .-main
 550              		.comm	pressed,4,4
 551              		.comm	timeout,4,4
 552              		.text
 553              	.Letext0:
 554              		.file 2 "Generated_Source\\PSoC4/BTN.h"
 555              		.file 3 "Generated_Source\\PSoC4/SPEAKER_PWM.h"
 556              		.file 4 "Generated_Source\\PSoC4/LED_PWM.h"
 557              		.file 5 "Generated_Source\\PSoC4/LED_SEL.h"
 558              		.file 6 "Generated_Source\\PSoC4/CyLib.h"
 559              		.file 7 "Generated_Source\\PSoC4/PRS.h"
 560              		.file 8 "Generated_Source\\PSoC4/INPUT_TIMER.h"
 561              		.file 9 "Generated_Source\\PSoC4/INPUT_TIMER_ISR.h"
 562              		.file 10 "Generated_Source\\PSoC4/cytypes.h"
 563              		.section	.debug_info,"",%progbits
 564              	.Ldebug_info0:
 565 0000 8D050000 		.4byte	0x58d
 566 0004 0400     		.2byte	0x4
 567 0006 00000000 		.4byte	.Ldebug_abbrev0
 568 000a 04       		.byte	0x4
 569 000b 01       		.uleb128 0x1
 570 000c DD010000 		.4byte	.LASF45
 571 0010 0C       		.byte	0xc
 572 0011 8B020000 		.4byte	.LASF46
 573 0015 0F010000 		.4byte	.LASF47
 574 0019 00000000 		.4byte	.Ldebug_ranges0+0
 575 001d 00000000 		.4byte	0
 576 0021 00000000 		.4byte	.Ldebug_line0
 577 0025 02       		.uleb128 0x2
 578 0026 01       		.byte	0x1
 579 0027 06       		.byte	0x6
 580 0028 FF020000 		.4byte	.LASF0
 581 002c 02       		.uleb128 0x2
 582 002d 01       		.byte	0x1
 583 002e 08       		.byte	0x8
 584 002f E9000000 		.4byte	.LASF1
 585 0033 02       		.uleb128 0x2
 586 0034 02       		.byte	0x2
 587 0035 05       		.byte	0x5
 588 0036 5F010000 		.4byte	.LASF2
 589 003a 02       		.uleb128 0x2
 590 003b 02       		.byte	0x2
 591 003c 07       		.byte	0x7
 592 003d B3000000 		.4byte	.LASF3
 593 0041 02       		.uleb128 0x2
 594 0042 04       		.byte	0x4
ARM GAS  C:\Users\LEOTEJ~1\AppData\Local\Temp\ccBzcMaC.s 			page 17


 595 0043 05       		.byte	0x5
 596 0044 DE020000 		.4byte	.LASF4
 597 0048 02       		.uleb128 0x2
 598 0049 04       		.byte	0x4
 599 004a 07       		.byte	0x7
 600 004b CB010000 		.4byte	.LASF5
 601 004f 02       		.uleb128 0x2
 602 0050 08       		.byte	0x8
 603 0051 05       		.byte	0x5
 604 0052 7D020000 		.4byte	.LASF6
 605 0056 02       		.uleb128 0x2
 606 0057 08       		.byte	0x8
 607 0058 07       		.byte	0x7
 608 0059 B4010000 		.4byte	.LASF7
 609 005d 03       		.uleb128 0x3
 610 005e 04       		.byte	0x4
 611 005f 05       		.byte	0x5
 612 0060 696E7400 		.ascii	"int\000"
 613 0064 02       		.uleb128 0x2
 614 0065 04       		.byte	0x4
 615 0066 07       		.byte	0x7
 616 0067 A7010000 		.4byte	.LASF8
 617 006b 04       		.uleb128 0x4
 618 006c 94010000 		.4byte	.LASF48
 619 0070 0A       		.byte	0xa
 620 0071 FE01     		.2byte	0x1fe
 621 0073 48000000 		.4byte	0x48
 622 0077 02       		.uleb128 0x2
 623 0078 04       		.byte	0x4
 624 0079 04       		.byte	0x4
 625 007a 55000000 		.4byte	.LASF9
 626 007e 02       		.uleb128 0x2
 627 007f 08       		.byte	0x8
 628 0080 04       		.byte	0x4
 629 0081 F7000000 		.4byte	.LASF10
 630 0085 02       		.uleb128 0x2
 631 0086 01       		.byte	0x1
 632 0087 08       		.byte	0x8
 633 0088 E7020000 		.4byte	.LASF11
 634 008c 02       		.uleb128 0x2
 635 008d 08       		.byte	0x8
 636 008e 04       		.byte	0x4
 637 008f F3020000 		.4byte	.LASF12
 638 0093 02       		.uleb128 0x2
 639 0094 04       		.byte	0x4
 640 0095 07       		.byte	0x7
 641 0096 6B020000 		.4byte	.LASF13
 642 009a 05       		.uleb128 0x5
 643 009b 12030000 		.4byte	.LASF14
 644 009f 01       		.byte	0x1
 645 00a0 16       		.byte	0x16
 646 00a1 5D000000 		.4byte	0x5d
 647 00a5 00000000 		.4byte	.LFB34
 648 00a9 0E000000 		.4byte	.LFE34-.LFB34
 649 00ad 01       		.uleb128 0x1
 650 00ae 9C       		.byte	0x9c
 651 00af C9000000 		.4byte	0xc9
ARM GAS  C:\Users\LEOTEJ~1\AppData\Local\Temp\ccBzcMaC.s 			page 18


 652 00b3 06       		.uleb128 0x6
 653 00b4 EC020000 		.4byte	.LASF18
 654 00b8 01       		.byte	0x1
 655 00b9 18       		.byte	0x18
 656 00ba 5D000000 		.4byte	0x5d
 657 00be 01       		.byte	0x1
 658 00bf 07       		.uleb128 0x7
 659 00c0 06000000 		.4byte	.LVL0
 660 00c4 D6040000 		.4byte	0x4d6
 661 00c8 00       		.byte	0
 662 00c9 08       		.uleb128 0x8
 663 00ca A3020000 		.4byte	.LASF15
 664 00ce 01       		.byte	0x1
 665 00cf 38       		.byte	0x38
 666 00d0 00000000 		.4byte	.LFB35
 667 00d4 74000000 		.4byte	.LFE35-.LFB35
 668 00d8 01       		.uleb128 0x1
 669 00d9 9C       		.byte	0x9c
 670 00da B2010000 		.4byte	0x1b2
 671 00de 09       		.uleb128 0x9
 672 00df 69010000 		.4byte	.LASF16
 673 00e3 01       		.byte	0x1
 674 00e4 38       		.byte	0x38
 675 00e5 5D000000 		.4byte	0x5d
 676 00e9 00000000 		.4byte	.LLST0
 677 00ed 0A       		.uleb128 0xa
 678 00ee 646300   		.ascii	"dc\000"
 679 00f1 01       		.byte	0x1
 680 00f2 38       		.byte	0x38
 681 00f3 5D000000 		.4byte	0x5d
 682 00f7 2C000000 		.4byte	.LLST1
 683 00fb 09       		.uleb128 0x9
 684 00fc 6F000000 		.4byte	.LASF17
 685 0100 01       		.byte	0x1
 686 0101 38       		.byte	0x38
 687 0102 6B000000 		.4byte	0x6b
 688 0106 58000000 		.4byte	.LLST2
 689 010a 0B       		.uleb128 0xb
 690 010b 16000000 		.4byte	.LASF19
 691 010f 01       		.byte	0x1
 692 0110 3A       		.byte	0x3a
 693 0111 5D000000 		.4byte	0x5d
 694 0115 84000000 		.4byte	.LLST3
 695 0119 0C       		.uleb128 0xc
 696 011a 36000000 		.4byte	.LVL10
 697 011e E1040000 		.4byte	0x4e1
 698 0122 2D010000 		.4byte	0x12d
 699 0126 0D       		.uleb128 0xd
 700 0127 01       		.uleb128 0x1
 701 0128 50       		.byte	0x50
 702 0129 02       		.uleb128 0x2
 703 012a 77       		.byte	0x77
 704 012b 00       		.sleb128 0
 705 012c 00       		.byte	0
 706 012d 0C       		.uleb128 0xc
 707 012e 3C000000 		.4byte	.LVL11
 708 0132 ED040000 		.4byte	0x4ed
ARM GAS  C:\Users\LEOTEJ~1\AppData\Local\Temp\ccBzcMaC.s 			page 19


 709 0136 43010000 		.4byte	0x143
 710 013a 0D       		.uleb128 0xd
 711 013b 01       		.uleb128 0x1
 712 013c 50       		.byte	0x50
 713 013d 04       		.uleb128 0x4
 714 013e 77       		.byte	0x77
 715 013f 00       		.sleb128 0
 716 0140 31       		.byte	0x31
 717 0141 25       		.byte	0x25
 718 0142 00       		.byte	0
 719 0143 0C       		.uleb128 0xc
 720 0144 44000000 		.4byte	.LVL12
 721 0148 F9040000 		.4byte	0x4f9
 722 014c 58010000 		.4byte	0x158
 723 0150 0D       		.uleb128 0xd
 724 0151 01       		.uleb128 0x1
 725 0152 50       		.byte	0x50
 726 0153 03       		.uleb128 0x3
 727 0154 0A       		.byte	0xa
 728 0155 E803     		.2byte	0x3e8
 729 0157 00       		.byte	0
 730 0158 0C       		.uleb128 0xc
 731 0159 4E000000 		.4byte	.LVL14
 732 015d 05050000 		.4byte	0x505
 733 0161 6E010000 		.4byte	0x16e
 734 0165 0D       		.uleb128 0xd
 735 0166 01       		.uleb128 0x1
 736 0167 50       		.byte	0x50
 737 0168 04       		.uleb128 0x4
 738 0169 75       		.byte	0x75
 739 016a 00       		.sleb128 0
 740 016b 31       		.byte	0x31
 741 016c 24       		.byte	0x24
 742 016d 00       		.byte	0
 743 016e 07       		.uleb128 0x7
 744 016f 52000000 		.4byte	.LVL15
 745 0173 11050000 		.4byte	0x511
 746 0177 07       		.uleb128 0x7
 747 0178 56000000 		.4byte	.LVL16
 748 017c 1D050000 		.4byte	0x51d
 749 0180 0C       		.uleb128 0xc
 750 0181 5C000000 		.4byte	.LVL17
 751 0185 29050000 		.4byte	0x529
 752 0189 94010000 		.4byte	0x194
 753 018d 0D       		.uleb128 0xd
 754 018e 01       		.uleb128 0x1
 755 018f 50       		.byte	0x50
 756 0190 02       		.uleb128 0x2
 757 0191 74       		.byte	0x74
 758 0192 00       		.sleb128 0
 759 0193 00       		.byte	0
 760 0194 0C       		.uleb128 0xc
 761 0195 62000000 		.4byte	.LVL18
 762 0199 34050000 		.4byte	0x534
 763 019d A8010000 		.4byte	0x1a8
 764 01a1 0D       		.uleb128 0xd
 765 01a2 01       		.uleb128 0x1
ARM GAS  C:\Users\LEOTEJ~1\AppData\Local\Temp\ccBzcMaC.s 			page 20


 766 01a3 50       		.byte	0x50
 767 01a4 02       		.uleb128 0x2
 768 01a5 76       		.byte	0x76
 769 01a6 00       		.sleb128 0
 770 01a7 00       		.byte	0
 771 01a8 07       		.uleb128 0x7
 772 01a9 66000000 		.4byte	.LVL19
 773 01ad 3F050000 		.4byte	0x53f
 774 01b1 00       		.byte	0
 775 01b2 0E       		.uleb128 0xe
 776 01b3 C6000000 		.4byte	.LASF49
 777 01b7 01       		.byte	0x1
 778 01b8 5D       		.byte	0x5d
 779 01b9 00000000 		.4byte	.LFB36
 780 01bd 8C000000 		.4byte	.LFE36-.LFB36
 781 01c1 01       		.uleb128 0x1
 782 01c2 9C       		.byte	0x9c
 783 01c3 28030000 		.4byte	0x328
 784 01c7 0F       		.uleb128 0xf
 785 01c8 1C000000 		.4byte	.LBB2
 786 01cc 5C000000 		.4byte	.LBE2-.LBB2
 787 01d0 CA020000 		.4byte	0x2ca
 788 01d4 10       		.uleb128 0x10
 789 01d5 6900     		.ascii	"i\000"
 790 01d7 01       		.byte	0x1
 791 01d8 71       		.byte	0x71
 792 01d9 5D000000 		.4byte	0x5d
 793 01dd D9000000 		.4byte	.LLST4
 794 01e1 0F       		.uleb128 0xf
 795 01e2 30000000 		.4byte	.LBB3
 796 01e6 3A000000 		.4byte	.LBE3-.LBB3
 797 01ea 90020000 		.4byte	0x290
 798 01ee 10       		.uleb128 0x10
 799 01ef 6900     		.ascii	"i\000"
 800 01f1 01       		.byte	0x1
 801 01f2 75       		.byte	0x75
 802 01f3 5D000000 		.4byte	0x5d
 803 01f7 F8000000 		.4byte	.LLST5
 804 01fb 0C       		.uleb128 0xc
 805 01fc 3A000000 		.4byte	.LVL32
 806 0200 29050000 		.4byte	0x529
 807 0204 0E020000 		.4byte	0x20e
 808 0208 0D       		.uleb128 0xd
 809 0209 01       		.uleb128 0x1
 810 020a 50       		.byte	0x50
 811 020b 01       		.uleb128 0x1
 812 020c 30       		.byte	0x30
 813 020d 00       		.byte	0
 814 020e 0C       		.uleb128 0xc
 815 020f 40000000 		.4byte	.LVL33
 816 0213 34050000 		.4byte	0x534
 817 0217 21020000 		.4byte	0x221
 818 021b 0D       		.uleb128 0xd
 819 021c 01       		.uleb128 0x1
 820 021d 50       		.byte	0x50
 821 021e 01       		.uleb128 0x1
 822 021f 31       		.byte	0x31
ARM GAS  C:\Users\LEOTEJ~1\AppData\Local\Temp\ccBzcMaC.s 			page 21


 823 0220 00       		.byte	0
 824 0221 0C       		.uleb128 0xc
 825 0222 46000000 		.4byte	.LVL34
 826 0226 29050000 		.4byte	0x529
 827 022a 34020000 		.4byte	0x234
 828 022e 0D       		.uleb128 0xd
 829 022f 01       		.uleb128 0x1
 830 0230 50       		.byte	0x50
 831 0231 01       		.uleb128 0x1
 832 0232 31       		.byte	0x31
 833 0233 00       		.byte	0
 834 0234 0C       		.uleb128 0xc
 835 0235 4C000000 		.4byte	.LVL35
 836 0239 34050000 		.4byte	0x534
 837 023d 47020000 		.4byte	0x247
 838 0241 0D       		.uleb128 0xd
 839 0242 01       		.uleb128 0x1
 840 0243 50       		.byte	0x50
 841 0244 01       		.uleb128 0x1
 842 0245 31       		.byte	0x31
 843 0246 00       		.byte	0
 844 0247 0C       		.uleb128 0xc
 845 0248 52000000 		.4byte	.LVL36
 846 024c 29050000 		.4byte	0x529
 847 0250 5A020000 		.4byte	0x25a
 848 0254 0D       		.uleb128 0xd
 849 0255 01       		.uleb128 0x1
 850 0256 50       		.byte	0x50
 851 0257 01       		.uleb128 0x1
 852 0258 32       		.byte	0x32
 853 0259 00       		.byte	0
 854 025a 0C       		.uleb128 0xc
 855 025b 58000000 		.4byte	.LVL37
 856 025f 34050000 		.4byte	0x534
 857 0263 6D020000 		.4byte	0x26d
 858 0267 0D       		.uleb128 0xd
 859 0268 01       		.uleb128 0x1
 860 0269 50       		.byte	0x50
 861 026a 01       		.uleb128 0x1
 862 026b 31       		.byte	0x31
 863 026c 00       		.byte	0
 864 026d 0C       		.uleb128 0xc
 865 026e 5E000000 		.4byte	.LVL38
 866 0272 29050000 		.4byte	0x529
 867 0276 80020000 		.4byte	0x280
 868 027a 0D       		.uleb128 0xd
 869 027b 01       		.uleb128 0x1
 870 027c 50       		.byte	0x50
 871 027d 01       		.uleb128 0x1
 872 027e 33       		.byte	0x33
 873 027f 00       		.byte	0
 874 0280 11       		.uleb128 0x11
 875 0281 64000000 		.4byte	.LVL39
 876 0285 34050000 		.4byte	0x534
 877 0289 0D       		.uleb128 0xd
 878 028a 01       		.uleb128 0x1
 879 028b 50       		.byte	0x50
ARM GAS  C:\Users\LEOTEJ~1\AppData\Local\Temp\ccBzcMaC.s 			page 22


 880 028c 01       		.uleb128 0x1
 881 028d 31       		.byte	0x31
 882 028e 00       		.byte	0
 883 028f 00       		.byte	0
 884 0290 0C       		.uleb128 0xc
 885 0291 28000000 		.4byte	.LVL28
 886 0295 34050000 		.4byte	0x534
 887 0299 A5020000 		.4byte	0x2a5
 888 029d 0D       		.uleb128 0xd
 889 029e 01       		.uleb128 0x1
 890 029f 50       		.byte	0x50
 891 02a0 03       		.uleb128 0x3
 892 02a1 0A       		.byte	0xa
 893 02a2 F401     		.2byte	0x1f4
 894 02a4 00       		.byte	0
 895 02a5 07       		.uleb128 0x7
 896 02a6 2C000000 		.4byte	.LVL29
 897 02aa 1D050000 		.4byte	0x51d
 898 02ae 07       		.uleb128 0x7
 899 02af 30000000 		.4byte	.LVL30
 900 02b3 11050000 		.4byte	0x511
 901 02b7 07       		.uleb128 0x7
 902 02b8 6E000000 		.4byte	.LVL41
 903 02bc 3F050000 		.4byte	0x53f
 904 02c0 07       		.uleb128 0x7
 905 02c1 72000000 		.4byte	.LVL42
 906 02c5 4B050000 		.4byte	0x54b
 907 02c9 00       		.byte	0
 908 02ca 0C       		.uleb128 0xc
 909 02cb 08000000 		.4byte	.LVL23
 910 02cf E1040000 		.4byte	0x4e1
 911 02d3 DF020000 		.4byte	0x2df
 912 02d7 0D       		.uleb128 0xd
 913 02d8 01       		.uleb128 0x1
 914 02d9 50       		.byte	0x50
 915 02da 03       		.uleb128 0x3
 916 02db 0A       		.byte	0xa
 917 02dc 8306     		.2byte	0x683
 918 02de 00       		.byte	0
 919 02df 0C       		.uleb128 0xc
 920 02e0 0E000000 		.4byte	.LVL24
 921 02e4 ED040000 		.4byte	0x4ed
 922 02e8 F4020000 		.4byte	0x2f4
 923 02ec 0D       		.uleb128 0xd
 924 02ed 01       		.uleb128 0x1
 925 02ee 50       		.byte	0x50
 926 02ef 03       		.uleb128 0x3
 927 02f0 0A       		.byte	0xa
 928 02f1 4103     		.2byte	0x341
 929 02f3 00       		.byte	0
 930 02f4 0C       		.uleb128 0xc
 931 02f5 16000000 		.4byte	.LVL25
 932 02f9 F9040000 		.4byte	0x4f9
 933 02fd 09030000 		.4byte	0x309
 934 0301 0D       		.uleb128 0xd
 935 0302 01       		.uleb128 0x1
 936 0303 50       		.byte	0x50
ARM GAS  C:\Users\LEOTEJ~1\AppData\Local\Temp\ccBzcMaC.s 			page 23


 937 0304 03       		.uleb128 0x3
 938 0305 0A       		.byte	0xa
 939 0306 E803     		.2byte	0x3e8
 940 0308 00       		.byte	0
 941 0309 0C       		.uleb128 0xc
 942 030a 1C000000 		.4byte	.LVL26
 943 030e 05050000 		.4byte	0x505
 944 0312 1E030000 		.4byte	0x31e
 945 0316 0D       		.uleb128 0xd
 946 0317 01       		.uleb128 0x1
 947 0318 50       		.byte	0x50
 948 0319 03       		.uleb128 0x3
 949 031a 0A       		.byte	0xa
 950 031b E703     		.2byte	0x3e7
 951 031d 00       		.byte	0
 952 031e 07       		.uleb128 0x7
 953 031f 7C000000 		.4byte	.LVL44
 954 0323 3F050000 		.4byte	0x53f
 955 0327 00       		.byte	0
 956 0328 12       		.uleb128 0x12
 957 0329 D1000000 		.4byte	.LASF20
 958 032d 01       		.byte	0x1
 959 032e 8D       		.byte	0x8d
 960 032f 00000000 		.4byte	.LFB37
 961 0333 02000000 		.4byte	.LFE37-.LFB37
 962 0337 01       		.uleb128 0x1
 963 0338 9C       		.byte	0x9c
 964 0339 12       		.uleb128 0x12
 965 033a 9A020000 		.4byte	.LASF21
 966 033e 01       		.byte	0x1
 967 033f 9B       		.byte	0x9b
 968 0340 00000000 		.4byte	.LFB38
 969 0344 02000000 		.4byte	.LFE38-.LFB38
 970 0348 01       		.uleb128 0x1
 971 0349 9C       		.byte	0x9c
 972 034a 13       		.uleb128 0x13
 973 034b 9B010000 		.4byte	.LASF50
 974 034f 01       		.byte	0x1
 975 0350 A0       		.byte	0xa0
 976 0351 5D000000 		.4byte	0x5d
 977 0355 00000000 		.4byte	.LFB39
 978 0359 F0000000 		.4byte	.LFE39-.LFB39
 979 035d 01       		.uleb128 0x1
 980 035e 9C       		.byte	0x9c
 981 035f 8D040000 		.4byte	0x48d
 982 0363 10       		.uleb128 0x10
 983 0364 697800   		.ascii	"ix\000"
 984 0367 01       		.byte	0x1
 985 0368 A5       		.byte	0xa5
 986 0369 5D000000 		.4byte	0x5d
 987 036d 17010000 		.4byte	.LLST6
 988 0371 0B       		.uleb128 0xb
 989 0372 8D000000 		.4byte	.LASF22
 990 0376 01       		.byte	0x1
 991 0377 A5       		.byte	0xa5
 992 0378 5D000000 		.4byte	0x5d
 993 037c 41010000 		.4byte	.LLST7
ARM GAS  C:\Users\LEOTEJ~1\AppData\Local\Temp\ccBzcMaC.s 			page 24


 994 0380 0B       		.uleb128 0xb
 995 0381 A0010000 		.4byte	.LASF23
 996 0385 01       		.byte	0x1
 997 0386 A5       		.byte	0xa5
 998 0387 5D000000 		.4byte	0x5d
 999 038b 60010000 		.4byte	.LLST8
 1000 038f 0B       		.uleb128 0xb
 1001 0390 AB000000 		.4byte	.LASF24
 1002 0394 01       		.byte	0x1
 1003 0395 A5       		.byte	0xa5
 1004 0396 5D000000 		.4byte	0x5d
 1005 039a 8A010000 		.4byte	.LLST9
 1006 039e 14       		.uleb128 0x14
 1007 039f 85010000 		.4byte	.LASF25
 1008 03a3 01       		.byte	0x1
 1009 03a4 A6       		.byte	0xa6
 1010 03a5 8D040000 		.4byte	0x48d
 1011 03a9 02       		.uleb128 0x2
 1012 03aa 7D       		.byte	0x7d
 1013 03ab 00       		.sleb128 0
 1014 03ac 0F       		.uleb128 0xf
 1015 03ad 32000000 		.4byte	.LBB4
 1016 03b1 1E000000 		.4byte	.LBE4-.LBB4
 1017 03b5 D0030000 		.4byte	0x3d0
 1018 03b9 10       		.uleb128 0x10
 1019 03ba 6900     		.ascii	"i\000"
 1020 03bc 01       		.byte	0x1
 1021 03bd C1       		.byte	0xc1
 1022 03be 5D000000 		.4byte	0x5d
 1023 03c2 A9010000 		.4byte	.LLST10
 1024 03c6 07       		.uleb128 0x7
 1025 03c7 3A000000 		.4byte	.LVL58
 1026 03cb 57050000 		.4byte	0x557
 1027 03cf 00       		.byte	0
 1028 03d0 07       		.uleb128 0x7
 1029 03d1 0A000000 		.4byte	.LVL47
 1030 03d5 62050000 		.4byte	0x562
 1031 03d9 07       		.uleb128 0x7
 1032 03da 0E000000 		.4byte	.LVL48
 1033 03de 1D050000 		.4byte	0x51d
 1034 03e2 07       		.uleb128 0x7
 1035 03e3 12000000 		.4byte	.LVL49
 1036 03e7 3F050000 		.4byte	0x53f
 1037 03eb 07       		.uleb128 0x7
 1038 03ec 16000000 		.4byte	.LVL50
 1039 03f0 11050000 		.4byte	0x511
 1040 03f4 07       		.uleb128 0x7
 1041 03f5 1A000000 		.4byte	.LVL51
 1042 03f9 4B050000 		.4byte	0x54b
 1043 03fd 07       		.uleb128 0x7
 1044 03fe 1E000000 		.4byte	.LVL52
 1045 0402 6D050000 		.4byte	0x56d
 1046 0406 07       		.uleb128 0x7
 1047 0407 22000000 		.4byte	.LVL53
 1048 040b 79050000 		.4byte	0x579
 1049 040f 07       		.uleb128 0x7
 1050 0410 26000000 		.4byte	.LVL54
ARM GAS  C:\Users\LEOTEJ~1\AppData\Local\Temp\ccBzcMaC.s 			page 25


 1051 0414 85050000 		.4byte	0x585
 1052 0418 07       		.uleb128 0x7
 1053 0419 2A000000 		.4byte	.LVL55
 1054 041d 9A000000 		.4byte	0x9a
 1055 0421 07       		.uleb128 0x7
 1056 0422 32000000 		.4byte	.LVL56
 1057 0426 B2010000 		.4byte	0x1b2
 1058 042a 0C       		.uleb128 0xc
 1059 042b 66000000 		.4byte	.LVL62
 1060 042f C9000000 		.4byte	0xc9
 1061 0433 4E040000 		.4byte	0x44e
 1062 0437 0D       		.uleb128 0xd
 1063 0438 01       		.uleb128 0x1
 1064 0439 51       		.byte	0x51
 1065 043a 0B       		.uleb128 0xb
 1066 043b 45       		.byte	0x45
 1067 043c 74       		.byte	0x74
 1068 043d 00       		.sleb128 0
 1069 043e 1C       		.byte	0x1c
 1070 043f 32       		.byte	0x32
 1071 0440 24       		.byte	0x24
 1072 0441 45       		.byte	0x45
 1073 0442 74       		.byte	0x74
 1074 0443 00       		.sleb128 0
 1075 0444 1C       		.byte	0x1c
 1076 0445 22       		.byte	0x22
 1077 0446 0D       		.uleb128 0xd
 1078 0447 01       		.uleb128 0x1
 1079 0448 52       		.byte	0x52
 1080 0449 03       		.uleb128 0x3
 1081 044a 0A       		.byte	0xa
 1082 044b A401     		.2byte	0x1a4
 1083 044d 00       		.byte	0
 1084 044e 07       		.uleb128 0x7
 1085 044f 84000000 		.4byte	.LVL68
 1086 0453 9A000000 		.4byte	0x9a
 1087 0457 0C       		.uleb128 0xc
 1088 0458 B4000000 		.4byte	.LVL69
 1089 045c C9000000 		.4byte	0xc9
 1090 0460 7B040000 		.4byte	0x47b
 1091 0464 0D       		.uleb128 0xd
 1092 0465 01       		.uleb128 0x1
 1093 0466 51       		.byte	0x51
 1094 0467 0B       		.uleb128 0xb
 1095 0468 45       		.byte	0x45
 1096 0469 74       		.byte	0x74
 1097 046a 00       		.sleb128 0
 1098 046b 1C       		.byte	0x1c
 1099 046c 32       		.byte	0x32
 1100 046d 24       		.byte	0x24
 1101 046e 45       		.byte	0x45
 1102 046f 74       		.byte	0x74
 1103 0470 00       		.sleb128 0
 1104 0471 1C       		.byte	0x1c
 1105 0472 22       		.byte	0x22
 1106 0473 0D       		.uleb128 0xd
 1107 0474 01       		.uleb128 0x1
ARM GAS  C:\Users\LEOTEJ~1\AppData\Local\Temp\ccBzcMaC.s 			page 26


 1108 0475 52       		.byte	0x52
 1109 0476 03       		.uleb128 0x3
 1110 0477 0A       		.byte	0xa
 1111 0478 A401     		.2byte	0x1a4
 1112 047a 00       		.byte	0
 1113 047b 11       		.uleb128 0x11
 1114 047c DC000000 		.4byte	.LVL75
 1115 0480 34050000 		.4byte	0x534
 1116 0484 0D       		.uleb128 0xd
 1117 0485 01       		.uleb128 0x1
 1118 0486 50       		.byte	0x50
 1119 0487 03       		.uleb128 0x3
 1120 0488 0A       		.byte	0xa
 1121 0489 2003     		.2byte	0x320
 1122 048b 00       		.byte	0
 1123 048c 00       		.byte	0
 1124 048d 15       		.uleb128 0x15
 1125 048e 5D000000 		.4byte	0x5d
 1126 0492 9E040000 		.4byte	0x49e
 1127 0496 16       		.uleb128 0x16
 1128 0497 93000000 		.4byte	0x93
 1129 049b 01       		.uleb128 0x1
 1130 049c 43       		.byte	0x43
 1131 049d 00       		.byte	0
 1132 049e 06       		.uleb128 0x6
 1133 049f 0B030000 		.4byte	.LASF26
 1134 04a3 01       		.byte	0x1
 1135 04a4 0E       		.byte	0xe
 1136 04a5 AA040000 		.4byte	0x4aa
 1137 04a9 14       		.byte	0x14
 1138 04aa 17       		.uleb128 0x17
 1139 04ab 5D000000 		.4byte	0x5d
 1140 04af 18       		.uleb128 0x18
 1141 04b0 92020000 		.4byte	.LASF27
 1142 04b4 01       		.byte	0x1
 1143 04b5 0F       		.byte	0xf
 1144 04b6 C0040000 		.4byte	0x4c0
 1145 04ba 05       		.uleb128 0x5
 1146 04bb 03       		.byte	0x3
 1147 04bc 00000000 		.4byte	timeout
 1148 04c0 19       		.uleb128 0x19
 1149 04c1 5D000000 		.4byte	0x5d
 1150 04c5 18       		.uleb128 0x18
 1151 04c6 00000000 		.4byte	.LASF28
 1152 04ca 01       		.byte	0x1
 1153 04cb 0F       		.byte	0xf
 1154 04cc C0040000 		.4byte	0x4c0
 1155 04d0 05       		.uleb128 0x5
 1156 04d1 03       		.byte	0x3
 1157 04d2 00000000 		.4byte	pressed
 1158 04d6 1A       		.uleb128 0x1a
 1159 04d7 74020000 		.4byte	.LASF29
 1160 04db 74020000 		.4byte	.LASF29
 1161 04df 02       		.byte	0x2
 1162 04e0 32       		.byte	0x32
 1163 04e1 1B       		.uleb128 0x1b
 1164 04e2 75000000 		.4byte	.LASF30
ARM GAS  C:\Users\LEOTEJ~1\AppData\Local\Temp\ccBzcMaC.s 			page 27


 1165 04e6 75000000 		.4byte	.LASF30
 1166 04ea 03       		.byte	0x3
 1167 04eb 5001     		.2byte	0x150
 1168 04ed 1B       		.uleb128 0x1b
 1169 04ee 1D000000 		.4byte	.LASF31
 1170 04f2 1D000000 		.4byte	.LASF31
 1171 04f6 03       		.byte	0x3
 1172 04f7 5501     		.2byte	0x155
 1173 04f9 1B       		.uleb128 0x1b
 1174 04fa 5B000000 		.4byte	.LASF32
 1175 04fe 5B000000 		.4byte	.LASF32
 1176 0502 04       		.byte	0x4
 1177 0503 5001     		.2byte	0x150
 1178 0505 1B       		.uleb128 0x1b
 1179 0506 36000000 		.4byte	.LASF33
 1180 050a 36000000 		.4byte	.LASF33
 1181 050e 04       		.byte	0x4
 1182 050f 5501     		.2byte	0x155
 1183 0511 1B       		.uleb128 0x1b
 1184 0512 DB000000 		.4byte	.LASF34
 1185 0516 DB000000 		.4byte	.LASF34
 1186 051a 04       		.byte	0x4
 1187 051b 3201     		.2byte	0x132
 1188 051d 1B       		.uleb128 0x1b
 1189 051e AE020000 		.4byte	.LASF35
 1190 0522 AE020000 		.4byte	.LASF35
 1191 0526 03       		.byte	0x3
 1192 0527 3201     		.2byte	0x132
 1193 0529 1A       		.uleb128 0x1a
 1194 052a 08000000 		.4byte	.LASF36
 1195 052e 08000000 		.4byte	.LASF36
 1196 0532 05       		.byte	0x5
 1197 0533 2F       		.byte	0x2f
 1198 0534 1A       		.uleb128 0x1a
 1199 0535 1E030000 		.4byte	.LASF37
 1200 0539 1E030000 		.4byte	.LASF37
 1201 053d 06       		.byte	0x6
 1202 053e EC       		.byte	0xec
 1203 053f 1B       		.uleb128 0x1b
 1204 0540 C0020000 		.4byte	.LASF38
 1205 0544 C0020000 		.4byte	.LASF38
 1206 0548 03       		.byte	0x3
 1207 0549 3301     		.2byte	0x133
 1208 054b 1B       		.uleb128 0x1b
 1209 054c D1020000 		.4byte	.LASF39
 1210 0550 D1020000 		.4byte	.LASF39
 1211 0554 04       		.byte	0x4
 1212 0555 3301     		.2byte	0x133
 1213 0557 1A       		.uleb128 0x1a
 1214 0558 26030000 		.4byte	.LASF40
 1215 055c 26030000 		.4byte	.LASF40
 1216 0560 07       		.byte	0x7
 1217 0561 6D       		.byte	0x6d
 1218 0562 1A       		.uleb128 0x1a
 1219 0563 4B000000 		.4byte	.LASF41
 1220 0567 4B000000 		.4byte	.LASF41
 1221 056b 07       		.byte	0x7
ARM GAS  C:\Users\LEOTEJ~1\AppData\Local\Temp\ccBzcMaC.s 			page 28


 1222 056c 59       		.byte	0x59
 1223 056d 1B       		.uleb128 0x1b
 1224 056e 99000000 		.4byte	.LASF42
 1225 0572 99000000 		.4byte	.LASF42
 1226 0576 08       		.byte	0x8
 1227 0577 3201     		.2byte	0x132
 1228 0579 1B       		.uleb128 0x1b
 1229 057a FE000000 		.4byte	.LASF43
 1230 057e FE000000 		.4byte	.LASF43
 1231 0582 08       		.byte	0x8
 1232 0583 3301     		.2byte	0x133
 1233 0585 1A       		.uleb128 0x1a
 1234 0586 6F010000 		.4byte	.LASF44
 1235 058a 6F010000 		.4byte	.LASF44
 1236 058e 09       		.byte	0x9
 1237 058f 17       		.byte	0x17
 1238 0590 00       		.byte	0
 1239              		.section	.debug_abbrev,"",%progbits
 1240              	.Ldebug_abbrev0:
 1241 0000 01       		.uleb128 0x1
 1242 0001 11       		.uleb128 0x11
 1243 0002 01       		.byte	0x1
 1244 0003 25       		.uleb128 0x25
 1245 0004 0E       		.uleb128 0xe
 1246 0005 13       		.uleb128 0x13
 1247 0006 0B       		.uleb128 0xb
 1248 0007 03       		.uleb128 0x3
 1249 0008 0E       		.uleb128 0xe
 1250 0009 1B       		.uleb128 0x1b
 1251 000a 0E       		.uleb128 0xe
 1252 000b 55       		.uleb128 0x55
 1253 000c 17       		.uleb128 0x17
 1254 000d 11       		.uleb128 0x11
 1255 000e 01       		.uleb128 0x1
 1256 000f 10       		.uleb128 0x10
 1257 0010 17       		.uleb128 0x17
 1258 0011 00       		.byte	0
 1259 0012 00       		.byte	0
 1260 0013 02       		.uleb128 0x2
 1261 0014 24       		.uleb128 0x24
 1262 0015 00       		.byte	0
 1263 0016 0B       		.uleb128 0xb
 1264 0017 0B       		.uleb128 0xb
 1265 0018 3E       		.uleb128 0x3e
 1266 0019 0B       		.uleb128 0xb
 1267 001a 03       		.uleb128 0x3
 1268 001b 0E       		.uleb128 0xe
 1269 001c 00       		.byte	0
 1270 001d 00       		.byte	0
 1271 001e 03       		.uleb128 0x3
 1272 001f 24       		.uleb128 0x24
 1273 0020 00       		.byte	0
 1274 0021 0B       		.uleb128 0xb
 1275 0022 0B       		.uleb128 0xb
 1276 0023 3E       		.uleb128 0x3e
 1277 0024 0B       		.uleb128 0xb
 1278 0025 03       		.uleb128 0x3
ARM GAS  C:\Users\LEOTEJ~1\AppData\Local\Temp\ccBzcMaC.s 			page 29


 1279 0026 08       		.uleb128 0x8
 1280 0027 00       		.byte	0
 1281 0028 00       		.byte	0
 1282 0029 04       		.uleb128 0x4
 1283 002a 16       		.uleb128 0x16
 1284 002b 00       		.byte	0
 1285 002c 03       		.uleb128 0x3
 1286 002d 0E       		.uleb128 0xe
 1287 002e 3A       		.uleb128 0x3a
 1288 002f 0B       		.uleb128 0xb
 1289 0030 3B       		.uleb128 0x3b
 1290 0031 05       		.uleb128 0x5
 1291 0032 49       		.uleb128 0x49
 1292 0033 13       		.uleb128 0x13
 1293 0034 00       		.byte	0
 1294 0035 00       		.byte	0
 1295 0036 05       		.uleb128 0x5
 1296 0037 2E       		.uleb128 0x2e
 1297 0038 01       		.byte	0x1
 1298 0039 3F       		.uleb128 0x3f
 1299 003a 19       		.uleb128 0x19
 1300 003b 03       		.uleb128 0x3
 1301 003c 0E       		.uleb128 0xe
 1302 003d 3A       		.uleb128 0x3a
 1303 003e 0B       		.uleb128 0xb
 1304 003f 3B       		.uleb128 0x3b
 1305 0040 0B       		.uleb128 0xb
 1306 0041 49       		.uleb128 0x49
 1307 0042 13       		.uleb128 0x13
 1308 0043 11       		.uleb128 0x11
 1309 0044 01       		.uleb128 0x1
 1310 0045 12       		.uleb128 0x12
 1311 0046 06       		.uleb128 0x6
 1312 0047 40       		.uleb128 0x40
 1313 0048 18       		.uleb128 0x18
 1314 0049 9742     		.uleb128 0x2117
 1315 004b 19       		.uleb128 0x19
 1316 004c 01       		.uleb128 0x1
 1317 004d 13       		.uleb128 0x13
 1318 004e 00       		.byte	0
 1319 004f 00       		.byte	0
 1320 0050 06       		.uleb128 0x6
 1321 0051 34       		.uleb128 0x34
 1322 0052 00       		.byte	0
 1323 0053 03       		.uleb128 0x3
 1324 0054 0E       		.uleb128 0xe
 1325 0055 3A       		.uleb128 0x3a
 1326 0056 0B       		.uleb128 0xb
 1327 0057 3B       		.uleb128 0x3b
 1328 0058 0B       		.uleb128 0xb
 1329 0059 49       		.uleb128 0x49
 1330 005a 13       		.uleb128 0x13
 1331 005b 1C       		.uleb128 0x1c
 1332 005c 0B       		.uleb128 0xb
 1333 005d 00       		.byte	0
 1334 005e 00       		.byte	0
 1335 005f 07       		.uleb128 0x7
ARM GAS  C:\Users\LEOTEJ~1\AppData\Local\Temp\ccBzcMaC.s 			page 30


 1336 0060 898201   		.uleb128 0x4109
 1337 0063 00       		.byte	0
 1338 0064 11       		.uleb128 0x11
 1339 0065 01       		.uleb128 0x1
 1340 0066 31       		.uleb128 0x31
 1341 0067 13       		.uleb128 0x13
 1342 0068 00       		.byte	0
 1343 0069 00       		.byte	0
 1344 006a 08       		.uleb128 0x8
 1345 006b 2E       		.uleb128 0x2e
 1346 006c 01       		.byte	0x1
 1347 006d 3F       		.uleb128 0x3f
 1348 006e 19       		.uleb128 0x19
 1349 006f 03       		.uleb128 0x3
 1350 0070 0E       		.uleb128 0xe
 1351 0071 3A       		.uleb128 0x3a
 1352 0072 0B       		.uleb128 0xb
 1353 0073 3B       		.uleb128 0x3b
 1354 0074 0B       		.uleb128 0xb
 1355 0075 27       		.uleb128 0x27
 1356 0076 19       		.uleb128 0x19
 1357 0077 11       		.uleb128 0x11
 1358 0078 01       		.uleb128 0x1
 1359 0079 12       		.uleb128 0x12
 1360 007a 06       		.uleb128 0x6
 1361 007b 40       		.uleb128 0x40
 1362 007c 18       		.uleb128 0x18
 1363 007d 9742     		.uleb128 0x2117
 1364 007f 19       		.uleb128 0x19
 1365 0080 01       		.uleb128 0x1
 1366 0081 13       		.uleb128 0x13
 1367 0082 00       		.byte	0
 1368 0083 00       		.byte	0
 1369 0084 09       		.uleb128 0x9
 1370 0085 05       		.uleb128 0x5
 1371 0086 00       		.byte	0
 1372 0087 03       		.uleb128 0x3
 1373 0088 0E       		.uleb128 0xe
 1374 0089 3A       		.uleb128 0x3a
 1375 008a 0B       		.uleb128 0xb
 1376 008b 3B       		.uleb128 0x3b
 1377 008c 0B       		.uleb128 0xb
 1378 008d 49       		.uleb128 0x49
 1379 008e 13       		.uleb128 0x13
 1380 008f 02       		.uleb128 0x2
 1381 0090 17       		.uleb128 0x17
 1382 0091 00       		.byte	0
 1383 0092 00       		.byte	0
 1384 0093 0A       		.uleb128 0xa
 1385 0094 05       		.uleb128 0x5
 1386 0095 00       		.byte	0
 1387 0096 03       		.uleb128 0x3
 1388 0097 08       		.uleb128 0x8
 1389 0098 3A       		.uleb128 0x3a
 1390 0099 0B       		.uleb128 0xb
 1391 009a 3B       		.uleb128 0x3b
 1392 009b 0B       		.uleb128 0xb
ARM GAS  C:\Users\LEOTEJ~1\AppData\Local\Temp\ccBzcMaC.s 			page 31


 1393 009c 49       		.uleb128 0x49
 1394 009d 13       		.uleb128 0x13
 1395 009e 02       		.uleb128 0x2
 1396 009f 17       		.uleb128 0x17
 1397 00a0 00       		.byte	0
 1398 00a1 00       		.byte	0
 1399 00a2 0B       		.uleb128 0xb
 1400 00a3 34       		.uleb128 0x34
 1401 00a4 00       		.byte	0
 1402 00a5 03       		.uleb128 0x3
 1403 00a6 0E       		.uleb128 0xe
 1404 00a7 3A       		.uleb128 0x3a
 1405 00a8 0B       		.uleb128 0xb
 1406 00a9 3B       		.uleb128 0x3b
 1407 00aa 0B       		.uleb128 0xb
 1408 00ab 49       		.uleb128 0x49
 1409 00ac 13       		.uleb128 0x13
 1410 00ad 02       		.uleb128 0x2
 1411 00ae 17       		.uleb128 0x17
 1412 00af 00       		.byte	0
 1413 00b0 00       		.byte	0
 1414 00b1 0C       		.uleb128 0xc
 1415 00b2 898201   		.uleb128 0x4109
 1416 00b5 01       		.byte	0x1
 1417 00b6 11       		.uleb128 0x11
 1418 00b7 01       		.uleb128 0x1
 1419 00b8 31       		.uleb128 0x31
 1420 00b9 13       		.uleb128 0x13
 1421 00ba 01       		.uleb128 0x1
 1422 00bb 13       		.uleb128 0x13
 1423 00bc 00       		.byte	0
 1424 00bd 00       		.byte	0
 1425 00be 0D       		.uleb128 0xd
 1426 00bf 8A8201   		.uleb128 0x410a
 1427 00c2 00       		.byte	0
 1428 00c3 02       		.uleb128 0x2
 1429 00c4 18       		.uleb128 0x18
 1430 00c5 9142     		.uleb128 0x2111
 1431 00c7 18       		.uleb128 0x18
 1432 00c8 00       		.byte	0
 1433 00c9 00       		.byte	0
 1434 00ca 0E       		.uleb128 0xe
 1435 00cb 2E       		.uleb128 0x2e
 1436 00cc 01       		.byte	0x1
 1437 00cd 3F       		.uleb128 0x3f
 1438 00ce 19       		.uleb128 0x19
 1439 00cf 03       		.uleb128 0x3
 1440 00d0 0E       		.uleb128 0xe
 1441 00d1 3A       		.uleb128 0x3a
 1442 00d2 0B       		.uleb128 0xb
 1443 00d3 3B       		.uleb128 0x3b
 1444 00d4 0B       		.uleb128 0xb
 1445 00d5 11       		.uleb128 0x11
 1446 00d6 01       		.uleb128 0x1
 1447 00d7 12       		.uleb128 0x12
 1448 00d8 06       		.uleb128 0x6
 1449 00d9 40       		.uleb128 0x40
ARM GAS  C:\Users\LEOTEJ~1\AppData\Local\Temp\ccBzcMaC.s 			page 32


 1450 00da 18       		.uleb128 0x18
 1451 00db 9742     		.uleb128 0x2117
 1452 00dd 19       		.uleb128 0x19
 1453 00de 01       		.uleb128 0x1
 1454 00df 13       		.uleb128 0x13
 1455 00e0 00       		.byte	0
 1456 00e1 00       		.byte	0
 1457 00e2 0F       		.uleb128 0xf
 1458 00e3 0B       		.uleb128 0xb
 1459 00e4 01       		.byte	0x1
 1460 00e5 11       		.uleb128 0x11
 1461 00e6 01       		.uleb128 0x1
 1462 00e7 12       		.uleb128 0x12
 1463 00e8 06       		.uleb128 0x6
 1464 00e9 01       		.uleb128 0x1
 1465 00ea 13       		.uleb128 0x13
 1466 00eb 00       		.byte	0
 1467 00ec 00       		.byte	0
 1468 00ed 10       		.uleb128 0x10
 1469 00ee 34       		.uleb128 0x34
 1470 00ef 00       		.byte	0
 1471 00f0 03       		.uleb128 0x3
 1472 00f1 08       		.uleb128 0x8
 1473 00f2 3A       		.uleb128 0x3a
 1474 00f3 0B       		.uleb128 0xb
 1475 00f4 3B       		.uleb128 0x3b
 1476 00f5 0B       		.uleb128 0xb
 1477 00f6 49       		.uleb128 0x49
 1478 00f7 13       		.uleb128 0x13
 1479 00f8 02       		.uleb128 0x2
 1480 00f9 17       		.uleb128 0x17
 1481 00fa 00       		.byte	0
 1482 00fb 00       		.byte	0
 1483 00fc 11       		.uleb128 0x11
 1484 00fd 898201   		.uleb128 0x4109
 1485 0100 01       		.byte	0x1
 1486 0101 11       		.uleb128 0x11
 1487 0102 01       		.uleb128 0x1
 1488 0103 31       		.uleb128 0x31
 1489 0104 13       		.uleb128 0x13
 1490 0105 00       		.byte	0
 1491 0106 00       		.byte	0
 1492 0107 12       		.uleb128 0x12
 1493 0108 2E       		.uleb128 0x2e
 1494 0109 00       		.byte	0
 1495 010a 3F       		.uleb128 0x3f
 1496 010b 19       		.uleb128 0x19
 1497 010c 03       		.uleb128 0x3
 1498 010d 0E       		.uleb128 0xe
 1499 010e 3A       		.uleb128 0x3a
 1500 010f 0B       		.uleb128 0xb
 1501 0110 3B       		.uleb128 0x3b
 1502 0111 0B       		.uleb128 0xb
 1503 0112 11       		.uleb128 0x11
 1504 0113 01       		.uleb128 0x1
 1505 0114 12       		.uleb128 0x12
 1506 0115 06       		.uleb128 0x6
ARM GAS  C:\Users\LEOTEJ~1\AppData\Local\Temp\ccBzcMaC.s 			page 33


 1507 0116 40       		.uleb128 0x40
 1508 0117 18       		.uleb128 0x18
 1509 0118 9742     		.uleb128 0x2117
 1510 011a 19       		.uleb128 0x19
 1511 011b 00       		.byte	0
 1512 011c 00       		.byte	0
 1513 011d 13       		.uleb128 0x13
 1514 011e 2E       		.uleb128 0x2e
 1515 011f 01       		.byte	0x1
 1516 0120 3F       		.uleb128 0x3f
 1517 0121 19       		.uleb128 0x19
 1518 0122 03       		.uleb128 0x3
 1519 0123 0E       		.uleb128 0xe
 1520 0124 3A       		.uleb128 0x3a
 1521 0125 0B       		.uleb128 0xb
 1522 0126 3B       		.uleb128 0x3b
 1523 0127 0B       		.uleb128 0xb
 1524 0128 27       		.uleb128 0x27
 1525 0129 19       		.uleb128 0x19
 1526 012a 49       		.uleb128 0x49
 1527 012b 13       		.uleb128 0x13
 1528 012c 8701     		.uleb128 0x87
 1529 012e 19       		.uleb128 0x19
 1530 012f 11       		.uleb128 0x11
 1531 0130 01       		.uleb128 0x1
 1532 0131 12       		.uleb128 0x12
 1533 0132 06       		.uleb128 0x6
 1534 0133 40       		.uleb128 0x40
 1535 0134 18       		.uleb128 0x18
 1536 0135 9742     		.uleb128 0x2117
 1537 0137 19       		.uleb128 0x19
 1538 0138 01       		.uleb128 0x1
 1539 0139 13       		.uleb128 0x13
 1540 013a 00       		.byte	0
 1541 013b 00       		.byte	0
 1542 013c 14       		.uleb128 0x14
 1543 013d 34       		.uleb128 0x34
 1544 013e 00       		.byte	0
 1545 013f 03       		.uleb128 0x3
 1546 0140 0E       		.uleb128 0xe
 1547 0141 3A       		.uleb128 0x3a
 1548 0142 0B       		.uleb128 0xb
 1549 0143 3B       		.uleb128 0x3b
 1550 0144 0B       		.uleb128 0xb
 1551 0145 49       		.uleb128 0x49
 1552 0146 13       		.uleb128 0x13
 1553 0147 02       		.uleb128 0x2
 1554 0148 18       		.uleb128 0x18
 1555 0149 00       		.byte	0
 1556 014a 00       		.byte	0
 1557 014b 15       		.uleb128 0x15
 1558 014c 01       		.uleb128 0x1
 1559 014d 01       		.byte	0x1
 1560 014e 49       		.uleb128 0x49
 1561 014f 13       		.uleb128 0x13
 1562 0150 01       		.uleb128 0x1
 1563 0151 13       		.uleb128 0x13
ARM GAS  C:\Users\LEOTEJ~1\AppData\Local\Temp\ccBzcMaC.s 			page 34


 1564 0152 00       		.byte	0
 1565 0153 00       		.byte	0
 1566 0154 16       		.uleb128 0x16
 1567 0155 21       		.uleb128 0x21
 1568 0156 00       		.byte	0
 1569 0157 49       		.uleb128 0x49
 1570 0158 13       		.uleb128 0x13
 1571 0159 2F       		.uleb128 0x2f
 1572 015a 18       		.uleb128 0x18
 1573 015b 00       		.byte	0
 1574 015c 00       		.byte	0
 1575 015d 17       		.uleb128 0x17
 1576 015e 26       		.uleb128 0x26
 1577 015f 00       		.byte	0
 1578 0160 49       		.uleb128 0x49
 1579 0161 13       		.uleb128 0x13
 1580 0162 00       		.byte	0
 1581 0163 00       		.byte	0
 1582 0164 18       		.uleb128 0x18
 1583 0165 34       		.uleb128 0x34
 1584 0166 00       		.byte	0
 1585 0167 03       		.uleb128 0x3
 1586 0168 0E       		.uleb128 0xe
 1587 0169 3A       		.uleb128 0x3a
 1588 016a 0B       		.uleb128 0xb
 1589 016b 3B       		.uleb128 0x3b
 1590 016c 0B       		.uleb128 0xb
 1591 016d 49       		.uleb128 0x49
 1592 016e 13       		.uleb128 0x13
 1593 016f 3F       		.uleb128 0x3f
 1594 0170 19       		.uleb128 0x19
 1595 0171 02       		.uleb128 0x2
 1596 0172 18       		.uleb128 0x18
 1597 0173 00       		.byte	0
 1598 0174 00       		.byte	0
 1599 0175 19       		.uleb128 0x19
 1600 0176 35       		.uleb128 0x35
 1601 0177 00       		.byte	0
 1602 0178 49       		.uleb128 0x49
 1603 0179 13       		.uleb128 0x13
 1604 017a 00       		.byte	0
 1605 017b 00       		.byte	0
 1606 017c 1A       		.uleb128 0x1a
 1607 017d 2E       		.uleb128 0x2e
 1608 017e 00       		.byte	0
 1609 017f 3F       		.uleb128 0x3f
 1610 0180 19       		.uleb128 0x19
 1611 0181 3C       		.uleb128 0x3c
 1612 0182 19       		.uleb128 0x19
 1613 0183 6E       		.uleb128 0x6e
 1614 0184 0E       		.uleb128 0xe
 1615 0185 03       		.uleb128 0x3
 1616 0186 0E       		.uleb128 0xe
 1617 0187 3A       		.uleb128 0x3a
 1618 0188 0B       		.uleb128 0xb
 1619 0189 3B       		.uleb128 0x3b
 1620 018a 0B       		.uleb128 0xb
ARM GAS  C:\Users\LEOTEJ~1\AppData\Local\Temp\ccBzcMaC.s 			page 35


 1621 018b 00       		.byte	0
 1622 018c 00       		.byte	0
 1623 018d 1B       		.uleb128 0x1b
 1624 018e 2E       		.uleb128 0x2e
 1625 018f 00       		.byte	0
 1626 0190 3F       		.uleb128 0x3f
 1627 0191 19       		.uleb128 0x19
 1628 0192 3C       		.uleb128 0x3c
 1629 0193 19       		.uleb128 0x19
 1630 0194 6E       		.uleb128 0x6e
 1631 0195 0E       		.uleb128 0xe
 1632 0196 03       		.uleb128 0x3
 1633 0197 0E       		.uleb128 0xe
 1634 0198 3A       		.uleb128 0x3a
 1635 0199 0B       		.uleb128 0xb
 1636 019a 3B       		.uleb128 0x3b
 1637 019b 05       		.uleb128 0x5
 1638 019c 00       		.byte	0
 1639 019d 00       		.byte	0
 1640 019e 00       		.byte	0
 1641              		.section	.debug_loc,"",%progbits
 1642              	.Ldebug_loc0:
 1643              	.LLST0:
 1644 0000 00000000 		.4byte	.LVL2
 1645 0004 32000000 		.4byte	.LVL9
 1646 0008 0100     		.2byte	0x1
 1647 000a 50       		.byte	0x50
 1648 000b 32000000 		.4byte	.LVL9
 1649 000f 66000000 		.4byte	.LVL20
 1650 0013 0100     		.2byte	0x1
 1651 0015 54       		.byte	0x54
 1652 0016 66000000 		.4byte	.LVL20
 1653 001a 74000000 		.4byte	.LFE35
 1654 001e 0400     		.2byte	0x4
 1655 0020 F3       		.byte	0xf3
 1656 0021 01       		.uleb128 0x1
 1657 0022 50       		.byte	0x50
 1658 0023 9F       		.byte	0x9f
 1659 0024 00000000 		.4byte	0
 1660 0028 00000000 		.4byte	0
 1661              	.LLST1:
 1662 002c 00000000 		.4byte	.LVL2
 1663 0030 35000000 		.4byte	.LVL10-1
 1664 0034 0100     		.2byte	0x1
 1665 0036 51       		.byte	0x51
 1666 0037 35000000 		.4byte	.LVL10-1
 1667 003b 48000000 		.4byte	.LVL13
 1668 003f 0100     		.2byte	0x1
 1669 0041 55       		.byte	0x55
 1670 0042 48000000 		.4byte	.LVL13
 1671 0046 74000000 		.4byte	.LFE35
 1672 004a 0400     		.2byte	0x4
 1673 004c F3       		.byte	0xf3
 1674 004d 01       		.uleb128 0x1
 1675 004e 51       		.byte	0x51
 1676 004f 9F       		.byte	0x9f
 1677 0050 00000000 		.4byte	0
ARM GAS  C:\Users\LEOTEJ~1\AppData\Local\Temp\ccBzcMaC.s 			page 36


 1678 0054 00000000 		.4byte	0
 1679              	.LLST2:
 1680 0058 00000000 		.4byte	.LVL2
 1681 005c 35000000 		.4byte	.LVL10-1
 1682 0060 0100     		.2byte	0x1
 1683 0062 52       		.byte	0x52
 1684 0063 35000000 		.4byte	.LVL10-1
 1685 0067 66000000 		.4byte	.LVL21
 1686 006b 0100     		.2byte	0x1
 1687 006d 56       		.byte	0x56
 1688 006e 66000000 		.4byte	.LVL21
 1689 0072 74000000 		.4byte	.LFE35
 1690 0076 0400     		.2byte	0x4
 1691 0078 F3       		.byte	0xf3
 1692 0079 01       		.uleb128 0x1
 1693 007a 52       		.byte	0x52
 1694 007b 9F       		.byte	0x9f
 1695 007c 00000000 		.4byte	0
 1696 0080 00000000 		.4byte	0
 1697              	.LLST3:
 1698 0084 08000000 		.4byte	.LVL3
 1699 0088 20000000 		.4byte	.LVL4
 1700 008c 0200     		.2byte	0x2
 1701 008e 30       		.byte	0x30
 1702 008f 9F       		.byte	0x9f
 1703 0090 20000000 		.4byte	.LVL4
 1704 0094 24000000 		.4byte	.LVL5
 1705 0098 0400     		.2byte	0x4
 1706 009a 0A       		.byte	0xa
 1707 009b 660C     		.2byte	0xc66
 1708 009d 9F       		.byte	0x9f
 1709 009e 24000000 		.4byte	.LVL5
 1710 00a2 28000000 		.4byte	.LVL6
 1711 00a6 0400     		.2byte	0x4
 1712 00a8 0A       		.byte	0xa
 1713 00a9 B012     		.2byte	0x12b0
 1714 00ab 9F       		.byte	0x9f
 1715 00ac 28000000 		.4byte	.LVL6
 1716 00b0 2E000000 		.4byte	.LVL7
 1717 00b4 0400     		.2byte	0x4
 1718 00b6 0A       		.byte	0xa
 1719 00b7 800F     		.2byte	0xf80
 1720 00b9 9F       		.byte	0x9f
 1721 00ba 2E000000 		.4byte	.LVL7
 1722 00be 30000000 		.4byte	.LVL8
 1723 00c2 0200     		.2byte	0x2
 1724 00c4 30       		.byte	0x30
 1725 00c5 9F       		.byte	0x9f
 1726 00c6 30000000 		.4byte	.LVL8
 1727 00ca 66000000 		.4byte	.LVL22
 1728 00ce 0100     		.2byte	0x1
 1729 00d0 57       		.byte	0x57
 1730 00d1 00000000 		.4byte	0
 1731 00d5 00000000 		.4byte	0
 1732              	.LLST4:
 1733 00d9 1C000000 		.4byte	.LVL26
 1734 00dd 20000000 		.4byte	.LVL27
ARM GAS  C:\Users\LEOTEJ~1\AppData\Local\Temp\ccBzcMaC.s 			page 37


 1735 00e1 0200     		.2byte	0x2
 1736 00e3 30       		.byte	0x30
 1737 00e4 9F       		.byte	0x9f
 1738 00e5 20000000 		.4byte	.LVL27
 1739 00e9 7C000000 		.4byte	.LVL45
 1740 00ed 0100     		.2byte	0x1
 1741 00ef 55       		.byte	0x55
 1742 00f0 00000000 		.4byte	0
 1743 00f4 00000000 		.4byte	0
 1744              	.LLST5:
 1745 00f8 30000000 		.4byte	.LVL30
 1746 00fc 34000000 		.4byte	.LVL31
 1747 0100 0200     		.2byte	0x2
 1748 0102 30       		.byte	0x30
 1749 0103 9F       		.byte	0x9f
 1750 0104 34000000 		.4byte	.LVL31
 1751 0108 74000000 		.4byte	.LVL43
 1752 010c 0100     		.2byte	0x1
 1753 010e 54       		.byte	0x54
 1754 010f 00000000 		.4byte	0
 1755 0113 00000000 		.4byte	0
 1756              	.LLST6:
 1757 0117 06000000 		.4byte	.LVL46
 1758 011b 26000000 		.4byte	.LVL54
 1759 011f 0200     		.2byte	0x2
 1760 0121 30       		.byte	0x30
 1761 0122 9F       		.byte	0x9f
 1762 0123 50000000 		.4byte	.LVL61
 1763 0127 6A000000 		.4byte	.LVL64
 1764 012b 0100     		.2byte	0x1
 1765 012d 55       		.byte	0x55
 1766 012e 6C000000 		.4byte	.LVL65
 1767 0132 72000000 		.4byte	.LVL66
 1768 0136 0100     		.2byte	0x1
 1769 0138 55       		.byte	0x55
 1770 0139 00000000 		.4byte	0
 1771 013d 00000000 		.4byte	0
 1772              	.LLST7:
 1773 0141 06000000 		.4byte	.LVL46
 1774 0145 26000000 		.4byte	.LVL54
 1775 0149 0200     		.2byte	0x2
 1776 014b 30       		.byte	0x30
 1777 014c 9F       		.byte	0x9f
 1778 014d 74000000 		.4byte	.LVL67
 1779 0151 DC000000 		.4byte	.LVL75
 1780 0155 0100     		.2byte	0x1
 1781 0157 55       		.byte	0x55
 1782 0158 00000000 		.4byte	0
 1783 015c 00000000 		.4byte	0
 1784              	.LLST8:
 1785 0160 06000000 		.4byte	.LVL46
 1786 0164 26000000 		.4byte	.LVL54
 1787 0168 0200     		.2byte	0x2
 1788 016a 30       		.byte	0x30
 1789 016b 9F       		.byte	0x9f
 1790 016c 50000000 		.4byte	.LVL61
 1791 0170 CA000000 		.4byte	.LVL71
ARM GAS  C:\Users\LEOTEJ~1\AppData\Local\Temp\ccBzcMaC.s 			page 38


 1792 0174 0100     		.2byte	0x1
 1793 0176 56       		.byte	0x56
 1794 0177 CC000000 		.4byte	.LVL72
 1795 017b F0000000 		.4byte	.LFE39
 1796 017f 0100     		.2byte	0x1
 1797 0181 56       		.byte	0x56
 1798 0182 00000000 		.4byte	0
 1799 0186 00000000 		.4byte	0
 1800              	.LLST9:
 1801 018a 06000000 		.4byte	.LVL46
 1802 018e 26000000 		.4byte	.LVL54
 1803 0192 0200     		.2byte	0x2
 1804 0194 30       		.byte	0x30
 1805 0195 9F       		.byte	0x9f
 1806 0196 50000000 		.4byte	.LVL61
 1807 019a F0000000 		.4byte	.LFE39
 1808 019e 0100     		.2byte	0x1
 1809 01a0 54       		.byte	0x54
 1810 01a1 00000000 		.4byte	0
 1811 01a5 00000000 		.4byte	0
 1812              	.LLST10:
 1813 01a9 32000000 		.4byte	.LVL56
 1814 01ad 36000000 		.4byte	.LVL57
 1815 01b1 0200     		.2byte	0x2
 1816 01b3 30       		.byte	0x30
 1817 01b4 9F       		.byte	0x9f
 1818 01b5 36000000 		.4byte	.LVL57
 1819 01b9 4C000000 		.4byte	.LVL60
 1820 01bd 0100     		.2byte	0x1
 1821 01bf 54       		.byte	0x54
 1822 01c0 00000000 		.4byte	0
 1823 01c4 00000000 		.4byte	0
 1824              		.section	.debug_aranges,"",%progbits
 1825 0000 44000000 		.4byte	0x44
 1826 0004 0200     		.2byte	0x2
 1827 0006 00000000 		.4byte	.Ldebug_info0
 1828 000a 04       		.byte	0x4
 1829 000b 00       		.byte	0
 1830 000c 0000     		.2byte	0
 1831 000e 0000     		.2byte	0
 1832 0010 00000000 		.4byte	.LFB34
 1833 0014 0E000000 		.4byte	.LFE34-.LFB34
 1834 0018 00000000 		.4byte	.LFB35
 1835 001c 74000000 		.4byte	.LFE35-.LFB35
 1836 0020 00000000 		.4byte	.LFB36
 1837 0024 8C000000 		.4byte	.LFE36-.LFB36
 1838 0028 00000000 		.4byte	.LFB37
 1839 002c 02000000 		.4byte	.LFE37-.LFB37
 1840 0030 00000000 		.4byte	.LFB38
 1841 0034 02000000 		.4byte	.LFE38-.LFB38
 1842 0038 00000000 		.4byte	.LFB39
 1843 003c F0000000 		.4byte	.LFE39-.LFB39
 1844 0040 00000000 		.4byte	0
 1845 0044 00000000 		.4byte	0
 1846              		.section	.debug_ranges,"",%progbits
 1847              	.Ldebug_ranges0:
 1848 0000 00000000 		.4byte	.LFB34
ARM GAS  C:\Users\LEOTEJ~1\AppData\Local\Temp\ccBzcMaC.s 			page 39


 1849 0004 0E000000 		.4byte	.LFE34
 1850 0008 00000000 		.4byte	.LFB35
 1851 000c 74000000 		.4byte	.LFE35
 1852 0010 00000000 		.4byte	.LFB36
 1853 0014 8C000000 		.4byte	.LFE36
 1854 0018 00000000 		.4byte	.LFB37
 1855 001c 02000000 		.4byte	.LFE37
 1856 0020 00000000 		.4byte	.LFB38
 1857 0024 02000000 		.4byte	.LFE38
 1858 0028 00000000 		.4byte	.LFB39
 1859 002c F0000000 		.4byte	.LFE39
 1860 0030 00000000 		.4byte	0
 1861 0034 00000000 		.4byte	0
 1862              		.section	.debug_line,"",%progbits
 1863              	.Ldebug_line0:
 1864 0000 F1010000 		.section	.debug_str,"MS",%progbits,1
 1864      0200AF00 
 1864      00000201 
 1864      FB0E0D00 
 1864      01010101 
 1865              	.LASF28:
 1866 0000 70726573 		.ascii	"pressed\000"
 1866      73656400 
 1867              	.LASF36:
 1868 0008 4C45445F 		.ascii	"LED_SEL_Write\000"
 1868      53454C5F 
 1868      57726974 
 1868      6500
 1869              	.LASF19:
 1870 0016 70657269 		.ascii	"period\000"
 1870      6F6400
 1871              	.LASF31:
 1872 001d 53504541 		.ascii	"SPEAKER_PWM_WriteCompare\000"
 1872      4B45525F 
 1872      50574D5F 
 1872      57726974 
 1872      65436F6D 
 1873              	.LASF33:
 1874 0036 4C45445F 		.ascii	"LED_PWM_WriteCompare\000"
 1874      50574D5F 
 1874      57726974 
 1874      65436F6D 
 1874      70617265 
 1875              	.LASF41:
 1876 004b 5052535F 		.ascii	"PRS_Start\000"
 1876      53746172 
 1876      7400
 1877              	.LASF9:
 1878 0055 666C6F61 		.ascii	"float\000"
 1878      7400
 1879              	.LASF32:
 1880 005b 4C45445F 		.ascii	"LED_PWM_WritePeriod\000"
 1880      50574D5F 
 1880      57726974 
 1880      65506572 
 1880      696F6400 
 1881              	.LASF17:
ARM GAS  C:\Users\LEOTEJ~1\AppData\Local\Temp\ccBzcMaC.s 			page 40


 1882 006f 64656C61 		.ascii	"delay\000"
 1882      7900
 1883              	.LASF30:
 1884 0075 53504541 		.ascii	"SPEAKER_PWM_WritePeriod\000"
 1884      4B45525F 
 1884      50574D5F 
 1884      57726974 
 1884      65506572 
 1885              	.LASF22:
 1886 008d 6E756D5F 		.ascii	"num_correct\000"
 1886      636F7272 
 1886      65637400 
 1887              	.LASF42:
 1888 0099 494E5055 		.ascii	"INPUT_TIMER_Start\000"
 1888      545F5449 
 1888      4D45525F 
 1888      53746172 
 1888      7400
 1889              	.LASF24:
 1890 00ab 7365715F 		.ascii	"seq_ctr\000"
 1890      63747200 
 1891              	.LASF3:
 1892 00b3 73686F72 		.ascii	"short unsigned int\000"
 1892      7420756E 
 1892      7369676E 
 1892      65642069 
 1892      6E7400
 1893              	.LASF49:
 1894 00c6 706C6179 		.ascii	"play_start\000"
 1894      5F737461 
 1894      727400
 1895              	.LASF20:
 1896 00d1 706C6179 		.ascii	"play_fail\000"
 1896      5F666169 
 1896      6C00
 1897              	.LASF34:
 1898 00db 4C45445F 		.ascii	"LED_PWM_Start\000"
 1898      50574D5F 
 1898      53746172 
 1898      7400
 1899              	.LASF1:
 1900 00e9 756E7369 		.ascii	"unsigned char\000"
 1900      676E6564 
 1900      20636861 
 1900      7200
 1901              	.LASF10:
 1902 00f7 646F7562 		.ascii	"double\000"
 1902      6C6500
 1903              	.LASF43:
 1904 00fe 494E5055 		.ascii	"INPUT_TIMER_Stop\000"
 1904      545F5449 
 1904      4D45525F 
 1904      53746F70 
 1904      00
 1905              	.LASF47:
 1906 010f 433A5C55 		.ascii	"C:\\Users\\Leo Tejkowski\\Desktop\\ece381\\Lab 3 - "
 1906      73657273 
ARM GAS  C:\Users\LEOTEJ~1\AppData\Local\Temp\ccBzcMaC.s 			page 41


 1906      5C4C656F 
 1906      2054656A 
 1906      6B6F7773 
 1907 013d 53696D6F 		.ascii	"Simon Game\\Project\\Design01.cydsn\000"
 1907      6E204761 
 1907      6D655C50 
 1907      726F6A65 
 1907      63745C44 
 1908              	.LASF2:
 1909 015f 73686F72 		.ascii	"short int\000"
 1909      7420696E 
 1909      7400
 1910              	.LASF16:
 1911 0169 636F6C6F 		.ascii	"color\000"
 1911      7200
 1912              	.LASF44:
 1913 016f 494E5055 		.ascii	"INPUT_TIMER_ISR_Start\000"
 1913      545F5449 
 1913      4D45525F 
 1913      4953525F 
 1913      53746172 
 1914              	.LASF25:
 1915 0185 73696D6F 		.ascii	"simon_sequence\000"
 1915      6E5F7365 
 1915      7175656E 
 1915      636500
 1916              	.LASF48:
 1917 0194 75696E74 		.ascii	"uint32\000"
 1917      333200
 1918              	.LASF50:
 1919 019b 6D61696E 		.ascii	"main\000"
 1919      00
 1920              	.LASF23:
 1921 01a0 6572726F 		.ascii	"errors\000"
 1921      727300
 1922              	.LASF8:
 1923 01a7 756E7369 		.ascii	"unsigned int\000"
 1923      676E6564 
 1923      20696E74 
 1923      00
 1924              	.LASF7:
 1925 01b4 6C6F6E67 		.ascii	"long long unsigned int\000"
 1925      206C6F6E 
 1925      6720756E 
 1925      7369676E 
 1925      65642069 
 1926              	.LASF5:
 1927 01cb 6C6F6E67 		.ascii	"long unsigned int\000"
 1927      20756E73 
 1927      69676E65 
 1927      6420696E 
 1927      7400
 1928              	.LASF45:
 1929 01dd 474E5520 		.ascii	"GNU C11 5.4.1 20160609 (release) [ARM/embedded-5-br"
 1929      43313120 
 1929      352E342E 
 1929      31203230 
ARM GAS  C:\Users\LEOTEJ~1\AppData\Local\Temp\ccBzcMaC.s 			page 42


 1929      31363036 
 1930 0210 616E6368 		.ascii	"anch revision 237715] -mcpu=cortex-m0 -mthumb -g -O"
 1930      20726576 
 1930      6973696F 
 1930      6E203233 
 1930      37373135 
 1931 0243 67202D66 		.ascii	"g -ffunction-sections -ffat-lto-objects\000"
 1931      66756E63 
 1931      74696F6E 
 1931      2D736563 
 1931      74696F6E 
 1932              	.LASF13:
 1933 026b 73697A65 		.ascii	"sizetype\000"
 1933      74797065 
 1933      00
 1934              	.LASF29:
 1935 0274 42544E5F 		.ascii	"BTN_Read\000"
 1935      52656164 
 1935      00
 1936              	.LASF6:
 1937 027d 6C6F6E67 		.ascii	"long long int\000"
 1937      206C6F6E 
 1937      6720696E 
 1937      7400
 1938              	.LASF46:
 1939 028b 6D61696E 		.ascii	"main.c\000"
 1939      2E6300
 1940              	.LASF27:
 1941 0292 74696D65 		.ascii	"timeout\000"
 1941      6F757400 
 1942              	.LASF21:
 1943 029a 706C6179 		.ascii	"play_win\000"
 1943      5F77696E 
 1943      00
 1944              	.LASF15:
 1945 02a3 706C6179 		.ascii	"play_color\000"
 1945      5F636F6C 
 1945      6F7200
 1946              	.LASF35:
 1947 02ae 53504541 		.ascii	"SPEAKER_PWM_Start\000"
 1947      4B45525F 
 1947      50574D5F 
 1947      53746172 
 1947      7400
 1948              	.LASF38:
 1949 02c0 53504541 		.ascii	"SPEAKER_PWM_Stop\000"
 1949      4B45525F 
 1949      50574D5F 
 1949      53746F70 
 1949      00
 1950              	.LASF39:
 1951 02d1 4C45445F 		.ascii	"LED_PWM_Stop\000"
 1951      50574D5F 
 1951      53746F70 
 1951      00
 1952              	.LASF4:
 1953 02de 6C6F6E67 		.ascii	"long int\000"
ARM GAS  C:\Users\LEOTEJ~1\AppData\Local\Temp\ccBzcMaC.s 			page 43


 1953      20696E74 
 1953      00
 1954              	.LASF11:
 1955 02e7 63686172 		.ascii	"char\000"
 1955      00
 1956              	.LASF18:
 1957 02ec 62757474 		.ascii	"button\000"
 1957      6F6E00
 1958              	.LASF12:
 1959 02f3 6C6F6E67 		.ascii	"long double\000"
 1959      20646F75 
 1959      626C6500 
 1960              	.LASF0:
 1961 02ff 7369676E 		.ascii	"signed char\000"
 1961      65642063 
 1961      68617200 
 1962              	.LASF26:
 1963 030b 524F554E 		.ascii	"ROUNDS\000"
 1963      445300
 1964              	.LASF14:
 1965 0312 706F6C6C 		.ascii	"poll_button\000"
 1965      5F627574 
 1965      746F6E00 
 1966              	.LASF37:
 1967 031e 43794465 		.ascii	"CyDelay\000"
 1967      6C617900 
 1968              	.LASF40:
 1969 0326 5052535F 		.ascii	"PRS_Read\000"
 1969      52656164 
 1969      00
 1970              		.ident	"GCC: (GNU Tools for ARM Embedded Processors) 5.4.1 20160609 (release) [ARM/embedded-5-bran
