ARM GAS  C:\Users\tyork\AppData\Local\Temp\ccNcmehk.s 			page 1


   1              		.syntax unified
   2              		.cpu cortex-m0
   3              		.fpu softvfp
   4              		.eabi_attribute 20, 1
   5              		.eabi_attribute 21, 1
   6              		.eabi_attribute 23, 3
   7              		.eabi_attribute 24, 1
   8              		.eabi_attribute 25, 1
   9              		.eabi_attribute 26, 1
  10              		.eabi_attribute 30, 1
  11              		.eabi_attribute 34, 0
  12              		.eabi_attribute 18, 4
  13              		.thumb
  14              		.syntax unified
  15              		.file	"main.c"
  16              		.text
  17              	.Ltext0:
  18              		.cfi_sections	.debug_frame
  19              		.section	.text.vBlinkTaskRed,"ax",%progbits
  20              		.align	2
  21              		.global	vBlinkTaskRed
  22              		.code	16
  23              		.thumb_func
  24              		.type	vBlinkTaskRed, %function
  25              	vBlinkTaskRed:
  26              	.LFB34:
  27              		.file 1 "main.c"
   1:main.c        **** /* ========================================
   2:main.c        ****  *
   3:main.c        ****  * Copyright YOUR COMPANY, THE YEAR
   4:main.c        ****  * All Rights Reserved
   5:main.c        ****  * UNPUBLISHED, LICENSED SOFTWARE.
   6:main.c        ****  *
   7:main.c        ****  * CONFIDENTIAL AND PROPRIETARY INFORMATION
   8:main.c        ****  * WHICH IS THE PROPERTY OF your company.
   9:main.c        ****  *
  10:main.c        ****  * ========================================
  11:main.c        **** */
  12:main.c        **** #include "project.h"
  13:main.c        **** #include "FreeRTOS.h"
  14:main.c        **** #include "semphr.h"
  15:main.c        **** #include "task.h"
  16:main.c        **** 
  17:main.c        **** // FreeRTOS Variables
  18:main.c        **** SemaphoreHandle_t adc_mutex;
  19:main.c        **** TaskHandle_t blink_task, lcd_task, motor_task;
  20:main.c        **** 
  21:main.c        **** // Other Globals
  22:main.c        **** volatile int16 adcDV;
  23:main.c        **** 
  24:main.c        **** // This task should blink the RED LED at
  25:main.c        **** // a rate of 2Hz
  26:main.c        **** void vBlinkTaskRed(void *pvParameters)
  27:main.c        **** {
  28              		.loc 1 27 0
  29              		.cfi_startproc
  30              		@ Volatile: function does not return.
ARM GAS  C:\Users\tyork\AppData\Local\Temp\ccNcmehk.s 			page 2


  31              		@ args = 0, pretend = 0, frame = 0
  32              		@ frame_needed = 0, uses_anonymous_args = 0
  33              		@ link register save eliminated.
  34              	.LVL0:
  35              	.L2:
  36 0000 FEE7     		b	.L2
  37              		.cfi_endproc
  38              	.LFE34:
  39              		.size	vBlinkTaskRed, .-vBlinkTaskRed
  40 0002 C046     		.section	.text.vSpinMotorTask,"ax",%progbits
  41              		.align	2
  42              		.global	vSpinMotorTask
  43              		.code	16
  44              		.thumb_func
  45              		.type	vSpinMotorTask, %function
  46              	vSpinMotorTask:
  47              	.LFB36:
  28:main.c        ****     while(1) {
  29:main.c        ****         
  30:main.c        ****     }
  31:main.c        ****     
  32:main.c        **** }
  33:main.c        **** 
  34:main.c        **** // Print the temperature in F and C
  35:main.c        **** // to the LCD once per second.
  36:main.c        **** // Whole number temps are fine so 
  37:main.c        **** // you can use LCD_PrintNumber() instead of snprintf()
  38:main.c        **** void vUpdateLCDTask(void *pvParameters)
  39:main.c        **** {
  40:main.c        ****     int16 adcDV_local;
  41:main.c        ****     
  42:main.c        ****     while(1) {
  43:main.c        ****         if (xSemaphoreTake(adc_mutex, 0) == pdTRUE)
  44:main.c        ****         {
  45:main.c        ****             adcDV_local = adcDV;
  46:main.c        ****             
  47:main.c        ****             xSemaphoreGive(adc_mutex);
  48:main.c        ****         }
  49:main.c        ****         else
  50:main.c        ****         {
  51:main.c        ****             
  52:main.c        ****         }
  53:main.c        ****         
  54:main.c        ****     }
  55:main.c        ****     
  56:main.c        **** }
  57:main.c        **** 
  58:main.c        **** // Spin the motor at a rate of 2ms per step
  59:main.c        **** void vSpinMotorTask(void *pvParameters)
  60:main.c        **** {
  48              		.loc 1 60 0
  49              		.cfi_startproc
  50              		@ Volatile: function does not return.
  51              		@ args = 0, pretend = 0, frame = 0
  52              		@ frame_needed = 0, uses_anonymous_args = 0
  53              		@ link register save eliminated.
  54              	.LVL1:
ARM GAS  C:\Users\tyork\AppData\Local\Temp\ccNcmehk.s 			page 3


  55              	.L4:
  56 0000 FEE7     		b	.L4
  57              		.cfi_endproc
  58              	.LFE36:
  59              		.size	vSpinMotorTask, .-vSpinMotorTask
  60 0002 C046     		.section	.text.vUpdateLCDTask,"ax",%progbits
  61              		.align	2
  62              		.global	vUpdateLCDTask
  63              		.code	16
  64              		.thumb_func
  65              		.type	vUpdateLCDTask, %function
  66              	vUpdateLCDTask:
  67              	.LFB35:
  39:main.c        ****     int16 adcDV_local;
  68              		.loc 1 39 0
  69              		.cfi_startproc
  70              		@ args = 0, pretend = 0, frame = 0
  71              		@ frame_needed = 0, uses_anonymous_args = 0
  72              	.LVL2:
  39:main.c        ****     int16 adcDV_local;
  73              		.loc 1 39 0
  74 0000 10B5     		push	{r4, lr}
  75              		.cfi_def_cfa_offset 8
  76              		.cfi_offset 4, -8
  77              		.cfi_offset 14, -4
  78              	.LVL3:
  79              	.L6:
  43:main.c        ****         {
  80              		.loc 1 43 0
  81 0002 084B     		ldr	r3, .L8
  82 0004 1868     		ldr	r0, [r3]
  83 0006 0021     		movs	r1, #0
  84 0008 FFF7FEFF 		bl	xQueueSemaphoreTake
  85              	.LVL4:
  86 000c 0128     		cmp	r0, #1
  87 000e F8D1     		bne	.L6
  45:main.c        ****             
  88              		.loc 1 45 0
  89 0010 054B     		ldr	r3, .L8+4
  90 0012 1B88     		ldrh	r3, [r3]
  91              	.LVL5:
  47:main.c        ****         }
  92              		.loc 1 47 0
  93 0014 034B     		ldr	r3, .L8
  94 0016 1868     		ldr	r0, [r3]
  95 0018 0023     		movs	r3, #0
  96 001a 0022     		movs	r2, #0
  97 001c 0021     		movs	r1, #0
  98 001e FFF7FEFF 		bl	xQueueGenericSend
  99              	.LVL6:
 100 0022 EEE7     		b	.L6
 101              	.L9:
 102              		.align	2
 103              	.L8:
 104 0024 00000000 		.word	adc_mutex
 105 0028 00000000 		.word	adcDV
 106              		.cfi_endproc
ARM GAS  C:\Users\tyork\AppData\Local\Temp\ccNcmehk.s 			page 4


 107              	.LFE35:
 108              		.size	vUpdateLCDTask, .-vUpdateLCDTask
 109              		.section	.text.prvHardwareSetup,"ax",%progbits
 110              		.align	2
 111              		.global	prvHardwareSetup
 112              		.code	16
 113              		.thumb_func
 114              		.type	prvHardwareSetup, %function
 115              	prvHardwareSetup:
 116              	.LFB38:
  61:main.c        ****     while(1) {
  62:main.c        ****         
  63:main.c        ****     }
  64:main.c        ****     
  65:main.c        **** }
  66:main.c        **** 
  67:main.c        **** void prvHardwareSetup();
  68:main.c        **** 
  69:main.c        **** int main(void)
  70:main.c        **** {
  71:main.c        ****     
  72:main.c        ****     adc_mutex = xSemaphoreCreateMutex();
  73:main.c        ****     
  74:main.c        ****     xTaskCreate(vBlinkTaskRed, (portCHAR *) "BlinkRed",configMINIMAL_STACK_SIZE, NULL, tskIDLE_PRIO
  75:main.c        ****     xTaskCreate(vUpdateLCDTask, (portCHAR *) "UpdateLCD",configMINIMAL_STACK_SIZE, NULL, tskIDLE_PR
  76:main.c        ****     xTaskCreate(vSpinMotorTask, (portCHAR *) "SpinMotor",configMINIMAL_STACK_SIZE, NULL, tskIDLE_PR
  77:main.c        ****     
  78:main.c        ****     prvHardwareSetup(); //Set up FreeRTOS for our hardware    
  79:main.c        ****     
  80:main.c        ****     // Start our modules and ISRs
  81:main.c        ****     SW_ISR_Start();
  82:main.c        ****     ADC_Start();
  83:main.c        ****     ADC_StartConvert();
  84:main.c        ****     ADC_ISR_Start();    
  85:main.c        ****     
  86:main.c        ****     CyGlobalIntEnable; /* Enable global interrupts. */
  87:main.c        **** 
  88:main.c        ****     vTaskStartScheduler();
  89:main.c        **** 
  90:main.c        ****     for(;;)
  91:main.c        ****     {
  92:main.c        ****         /* WE SHOULD NEVER GET HERE! THE SCHEDULER TAKES OVER! */
  93:main.c        ****     }
  94:main.c        ****         
  95:main.c        ****     
  96:main.c        **** }
  97:main.c        **** 
  98:main.c        **** void prvHardwareSetup( void )
  99:main.c        **** {
 117              		.loc 1 99 0
 118              		.cfi_startproc
 119              		@ args = 0, pretend = 0, frame = 0
 120              		@ frame_needed = 0, uses_anonymous_args = 0
 121              		@ link register save eliminated.
 100:main.c        **** 	/* Port layer functions that need to be copied into the vector table. */
 101:main.c        **** 	extern void xPortPendSVHandler( void );
 102:main.c        **** 	extern void xPortSysTickHandler( void );
ARM GAS  C:\Users\tyork\AppData\Local\Temp\ccNcmehk.s 			page 5


 103:main.c        **** 	extern void vPortSVCHandler( void );
 104:main.c        **** 	extern cyisraddress CyRamVectors[];
 105:main.c        **** 
 106:main.c        **** 	/* Install the OS Interrupt Handlers. */
 107:main.c        **** 	CyRamVectors[ 11 ] = ( cyisraddress ) vPortSVCHandler;
 122              		.loc 1 107 0
 123 0000 034B     		ldr	r3, .L11
 124 0002 044A     		ldr	r2, .L11+4
 125 0004 DA62     		str	r2, [r3, #44]
 108:main.c        **** 	CyRamVectors[ 14 ] = ( cyisraddress ) xPortPendSVHandler;
 126              		.loc 1 108 0
 127 0006 044A     		ldr	r2, .L11+8
 128 0008 9A63     		str	r2, [r3, #56]
 109:main.c        **** 	CyRamVectors[ 15 ] = ( cyisraddress ) xPortSysTickHandler;
 129              		.loc 1 109 0
 130 000a 044A     		ldr	r2, .L11+12
 131 000c DA63     		str	r2, [r3, #60]
 110:main.c        ****    
 111:main.c        **** }
 132              		.loc 1 111 0
 133              		@ sp needed
 134 000e 7047     		bx	lr
 135              	.L12:
 136              		.align	2
 137              	.L11:
 138 0010 00000000 		.word	CyRamVectors
 139 0014 00000000 		.word	vPortSVCHandler
 140 0018 00000000 		.word	xPortPendSVHandler
 141 001c 00000000 		.word	xPortSysTickHandler
 142              		.cfi_endproc
 143              	.LFE38:
 144              		.size	prvHardwareSetup, .-prvHardwareSetup
 145              		.section	.text.main,"ax",%progbits
 146              		.align	2
 147              		.global	main
 148              		.code	16
 149              		.thumb_func
 150              		.type	main, %function
 151              	main:
 152              	.LFB37:
  70:main.c        ****     
 153              		.loc 1 70 0
 154              		.cfi_startproc
 155              		@ Volatile: function does not return.
 156              		@ args = 0, pretend = 0, frame = 0
 157              		@ frame_needed = 0, uses_anonymous_args = 0
 158 0000 00B5     		push	{lr}
 159              		.cfi_def_cfa_offset 4
 160              		.cfi_offset 14, -4
 161 0002 83B0     		sub	sp, sp, #12
 162              		.cfi_def_cfa_offset 16
  72:main.c        ****     
 163              		.loc 1 72 0
 164 0004 0120     		movs	r0, #1
 165 0006 FFF7FEFF 		bl	xQueueCreateMutex
 166              	.LVL7:
 167 000a 174B     		ldr	r3, .L15
ARM GAS  C:\Users\tyork\AppData\Local\Temp\ccNcmehk.s 			page 6


 168 000c 1860     		str	r0, [r3]
  74:main.c        ****     xTaskCreate(vUpdateLCDTask, (portCHAR *) "UpdateLCD",configMINIMAL_STACK_SIZE, NULL, tskIDLE_PR
 169              		.loc 1 74 0
 170 000e 174B     		ldr	r3, .L15+4
 171 0010 0193     		str	r3, [sp, #4]
 172 0012 0223     		movs	r3, #2
 173 0014 0093     		str	r3, [sp]
 174 0016 0023     		movs	r3, #0
 175 0018 6422     		movs	r2, #100
 176 001a 1549     		ldr	r1, .L15+8
 177 001c 1548     		ldr	r0, .L15+12
 178 001e FFF7FEFF 		bl	xTaskCreate
 179              	.LVL8:
  75:main.c        ****     xTaskCreate(vSpinMotorTask, (portCHAR *) "SpinMotor",configMINIMAL_STACK_SIZE, NULL, tskIDLE_PR
 180              		.loc 1 75 0
 181 0022 154B     		ldr	r3, .L15+16
 182 0024 0193     		str	r3, [sp, #4]
 183 0026 0323     		movs	r3, #3
 184 0028 0093     		str	r3, [sp]
 185 002a 0023     		movs	r3, #0
 186 002c 6422     		movs	r2, #100
 187 002e 1349     		ldr	r1, .L15+20
 188 0030 1348     		ldr	r0, .L15+24
 189 0032 FFF7FEFF 		bl	xTaskCreate
 190              	.LVL9:
  76:main.c        ****     
 191              		.loc 1 76 0
 192 0036 134B     		ldr	r3, .L15+28
 193 0038 0193     		str	r3, [sp, #4]
 194 003a 0423     		movs	r3, #4
 195 003c 0093     		str	r3, [sp]
 196 003e 0023     		movs	r3, #0
 197 0040 6422     		movs	r2, #100
 198 0042 1149     		ldr	r1, .L15+32
 199 0044 1148     		ldr	r0, .L15+36
 200 0046 FFF7FEFF 		bl	xTaskCreate
 201              	.LVL10:
  78:main.c        ****     
 202              		.loc 1 78 0
 203 004a FFF7FEFF 		bl	prvHardwareSetup
 204              	.LVL11:
  81:main.c        ****     ADC_Start();
 205              		.loc 1 81 0
 206 004e FFF7FEFF 		bl	SW_ISR_Start
 207              	.LVL12:
  82:main.c        ****     ADC_StartConvert();
 208              		.loc 1 82 0
 209 0052 FFF7FEFF 		bl	ADC_Start
 210              	.LVL13:
  83:main.c        ****     ADC_ISR_Start();    
 211              		.loc 1 83 0
 212 0056 FFF7FEFF 		bl	ADC_StartConvert
 213              	.LVL14:
  84:main.c        ****     
 214              		.loc 1 84 0
 215 005a FFF7FEFF 		bl	ADC_ISR_Start
 216              	.LVL15:
ARM GAS  C:\Users\tyork\AppData\Local\Temp\ccNcmehk.s 			page 7


  86:main.c        **** 
 217              		.loc 1 86 0
 218              		.syntax divided
 219              	@ 86 "main.c" 1
 220 005e 62B6     		CPSIE   i
 221              	@ 0 "" 2
  88:main.c        **** 
 222              		.loc 1 88 0
 223              		.thumb
 224              		.syntax unified
 225 0060 FFF7FEFF 		bl	vTaskStartScheduler
 226              	.LVL16:
 227              	.L14:
 228 0064 FEE7     		b	.L14
 229              	.L16:
 230 0066 C046     		.align	2
 231              	.L15:
 232 0068 00000000 		.word	adc_mutex
 233 006c 00000000 		.word	blink_task
 234 0070 00000000 		.word	.LC7
 235 0074 00000000 		.word	vBlinkTaskRed
 236 0078 00000000 		.word	lcd_task
 237 007c 0C000000 		.word	.LC11
 238 0080 00000000 		.word	vUpdateLCDTask
 239 0084 00000000 		.word	motor_task
 240 0088 18000000 		.word	.LC15
 241 008c 00000000 		.word	vSpinMotorTask
 242              		.cfi_endproc
 243              	.LFE37:
 244              		.size	main, .-main
 245              		.section	.text.vApplicationStackOverflowHook,"ax",%progbits
 246              		.align	2
 247              		.global	vApplicationStackOverflowHook
 248              		.code	16
 249              		.thumb_func
 250              		.type	vApplicationStackOverflowHook, %function
 251              	vApplicationStackOverflowHook:
 252              	.LFB39:
 112:main.c        **** 
 113:main.c        **** void vApplicationStackOverflowHook( TaskHandle_t pxTask, char *pcTaskName )
 114:main.c        **** {
 253              		.loc 1 114 0
 254              		.cfi_startproc
 255              		@ Volatile: function does not return.
 256              		@ args = 0, pretend = 0, frame = 0
 257              		@ frame_needed = 0, uses_anonymous_args = 0
 258              		@ link register save eliminated.
 259              	.LVL17:
 115:main.c        **** 	/* The stack space has been execeeded for a task, considering allocating more. */
 116:main.c        **** 	taskDISABLE_INTERRUPTS();
 260              		.loc 1 116 0
 261              		.syntax divided
 262              	@ 116 "main.c" 1
 263 0000 72B6     		 cpsid i 
 264              	@ 0 "" 2
 265              		.thumb
 266              		.syntax unified
ARM GAS  C:\Users\tyork\AppData\Local\Temp\ccNcmehk.s 			page 8


 267              	.L18:
 268 0002 FEE7     		b	.L18
 269              		.cfi_endproc
 270              	.LFE39:
 271              		.size	vApplicationStackOverflowHook, .-vApplicationStackOverflowHook
 272              		.section	.text.vApplicationMallocFailedHook,"ax",%progbits
 273              		.align	2
 274              		.global	vApplicationMallocFailedHook
 275              		.code	16
 276              		.thumb_func
 277              		.type	vApplicationMallocFailedHook, %function
 278              	vApplicationMallocFailedHook:
 279              	.LFB40:
 117:main.c        ****     
 118:main.c        **** 	for( ;; );
 119:main.c        **** }
 120:main.c        **** 
 121:main.c        **** void vApplicationMallocFailedHook( void )
 122:main.c        **** {
 280              		.loc 1 122 0
 281              		.cfi_startproc
 282              		@ Volatile: function does not return.
 283              		@ args = 0, pretend = 0, frame = 0
 284              		@ frame_needed = 0, uses_anonymous_args = 0
 285              		@ link register save eliminated.
 123:main.c        **** 	/* The heap space has been execeeded. */
 124:main.c        **** 	taskDISABLE_INTERRUPTS();
 286              		.loc 1 124 0
 287              		.syntax divided
 288              	@ 124 "main.c" 1
 289 0000 72B6     		 cpsid i 
 290              	@ 0 "" 2
 291              		.thumb
 292              		.syntax unified
 293              	.L20:
 294 0002 FEE7     		b	.L20
 295              		.cfi_endproc
 296              	.LFE40:
 297              		.size	vApplicationMallocFailedHook, .-vApplicationMallocFailedHook
 298              		.comm	adcDV,2,2
 299              		.comm	motor_task,4,4
 300              		.comm	lcd_task,4,4
 301              		.comm	blink_task,4,4
 302              		.comm	adc_mutex,4,4
 303              		.section	.rodata.str1.4,"aMS",%progbits,1
 304              		.align	2
 305              	.LC7:
 306 0000 426C696E 		.ascii	"BlinkRed\000"
 306      6B526564 
 306      00
 307 0009 000000   		.space	3
 308              	.LC11:
 309 000c 55706461 		.ascii	"UpdateLCD\000"
 309      74654C43 
 309      4400
 310 0016 0000     		.space	2
 311              	.LC15:
ARM GAS  C:\Users\tyork\AppData\Local\Temp\ccNcmehk.s 			page 9


 312 0018 5370696E 		.ascii	"SpinMotor\000"
 312      4D6F746F 
 312      7200
 313              		.text
 314              	.Letext0:
 315              		.file 2 "c:\\program files (x86)\\cypress\\psoc creator\\4.4\\psoc creator\\import\\gnu\\arm\\5.4.
 316              		.file 3 "c:\\program files (x86)\\cypress\\psoc creator\\4.4\\psoc creator\\import\\gnu\\arm\\5.4.
 317              		.file 4 "Generated_Source\\PSoC4/cytypes.h"
 318              		.file 5 ".\\FreeRTOS\\Include/portmacro.h"
 319              		.file 6 ".\\FreeRTOS\\Include/task.h"
 320              		.file 7 ".\\FreeRTOS\\Include/queue.h"
 321              		.file 8 ".\\FreeRTOS\\Include/semphr.h"
 322              		.file 9 "Generated_Source\\PSoC4/SW_ISR.h"
 323              		.file 10 "Generated_Source\\PSoC4/ADC.h"
 324              		.file 11 "Generated_Source\\PSoC4/ADC_ISR.h"
 325              		.section	.debug_info,"",%progbits
 326              	.Ldebug_info0:
 327 0000 3B040000 		.4byte	0x43b
 328 0004 0400     		.2byte	0x4
 329 0006 00000000 		.4byte	.Ldebug_abbrev0
 330 000a 04       		.byte	0x4
 331 000b 01       		.uleb128 0x1
 332 000c 0D020000 		.4byte	.LASF53
 333 0010 0C       		.byte	0xc
 334 0011 B7020000 		.4byte	.LASF54
 335 0015 05030000 		.4byte	.LASF55
 336 0019 00000000 		.4byte	.Ldebug_ranges0+0
 337 001d 00000000 		.4byte	0
 338 0021 00000000 		.4byte	.Ldebug_line0
 339 0025 02       		.uleb128 0x2
 340 0026 01       		.byte	0x1
 341 0027 06       		.byte	0x6
 342 0028 91030000 		.4byte	.LASF0
 343 002c 03       		.uleb128 0x3
 344 002d 00000000 		.4byte	.LASF5
 345 0031 02       		.byte	0x2
 346 0032 1D       		.byte	0x1d
 347 0033 37000000 		.4byte	0x37
 348 0037 02       		.uleb128 0x2
 349 0038 01       		.byte	0x1
 350 0039 08       		.byte	0x8
 351 003a 97000000 		.4byte	.LASF1
 352 003e 02       		.uleb128 0x2
 353 003f 02       		.byte	0x2
 354 0040 05       		.byte	0x5
 355 0041 5C000000 		.4byte	.LASF2
 356 0045 02       		.uleb128 0x2
 357 0046 02       		.byte	0x2
 358 0047 07       		.byte	0x7
 359 0048 D9000000 		.4byte	.LASF3
 360 004c 02       		.uleb128 0x2
 361 004d 04       		.byte	0x4
 362 004e 05       		.byte	0x5
 363 004f 6A030000 		.4byte	.LASF4
 364 0053 03       		.uleb128 0x3
 365 0054 F5000000 		.4byte	.LASF6
 366 0058 02       		.byte	0x2
ARM GAS  C:\Users\tyork\AppData\Local\Temp\ccNcmehk.s 			page 10


 367 0059 41       		.byte	0x41
 368 005a 5E000000 		.4byte	0x5e
 369 005e 02       		.uleb128 0x2
 370 005f 04       		.byte	0x4
 371 0060 07       		.byte	0x7
 372 0061 C7000000 		.4byte	.LASF7
 373 0065 02       		.uleb128 0x2
 374 0066 08       		.byte	0x8
 375 0067 05       		.byte	0x5
 376 0068 A9020000 		.4byte	.LASF8
 377 006c 02       		.uleb128 0x2
 378 006d 08       		.byte	0x8
 379 006e 07       		.byte	0x7
 380 006f C1010000 		.4byte	.LASF9
 381 0073 04       		.uleb128 0x4
 382 0074 04       		.byte	0x4
 383 0075 05       		.byte	0x5
 384 0076 696E7400 		.ascii	"int\000"
 385 007a 02       		.uleb128 0x2
 386 007b 04       		.byte	0x4
 387 007c 07       		.byte	0x7
 388 007d B4010000 		.4byte	.LASF10
 389 0081 03       		.uleb128 0x3
 390 0082 D8010000 		.4byte	.LASF11
 391 0086 03       		.byte	0x3
 392 0087 18       		.byte	0x18
 393 0088 2C000000 		.4byte	0x2c
 394 008c 03       		.uleb128 0x3
 395 008d 61030000 		.4byte	.LASF12
 396 0091 03       		.byte	0x3
 397 0092 30       		.byte	0x30
 398 0093 53000000 		.4byte	0x53
 399 0097 05       		.uleb128 0x5
 400 0098 C1000000 		.4byte	.LASF13
 401 009c 04       		.byte	0x4
 402 009d 0002     		.2byte	0x200
 403 009f 3E000000 		.4byte	0x3e
 404 00a3 02       		.uleb128 0x2
 405 00a4 04       		.byte	0x4
 406 00a5 04       		.byte	0x4
 407 00a6 91000000 		.4byte	.LASF14
 408 00aa 02       		.uleb128 0x2
 409 00ab 08       		.byte	0x8
 410 00ac 04       		.byte	0x4
 411 00ad 0D010000 		.4byte	.LASF15
 412 00b1 02       		.uleb128 0x2
 413 00b2 01       		.byte	0x1
 414 00b3 08       		.byte	0x8
 415 00b4 BE020000 		.4byte	.LASF16
 416 00b8 05       		.uleb128 0x5
 417 00b9 6F010000 		.4byte	.LASF17
 418 00bd 04       		.byte	0x4
 419 00be B802     		.2byte	0x2b8
 420 00c0 C4000000 		.4byte	0xc4
 421 00c4 06       		.uleb128 0x6
 422 00c5 04       		.byte	0x4
 423 00c6 CA000000 		.4byte	0xca
ARM GAS  C:\Users\tyork\AppData\Local\Temp\ccNcmehk.s 			page 11


 424 00ca 07       		.uleb128 0x7
 425 00cb 02       		.uleb128 0x2
 426 00cc 08       		.byte	0x8
 427 00cd 04       		.byte	0x4
 428 00ce 85030000 		.4byte	.LASF18
 429 00d2 02       		.uleb128 0x2
 430 00d3 04       		.byte	0x4
 431 00d4 07       		.byte	0x7
 432 00d5 9B020000 		.4byte	.LASF19
 433 00d9 08       		.uleb128 0x8
 434 00da 04       		.byte	0x4
 435 00db 06       		.uleb128 0x6
 436 00dc 04       		.byte	0x4
 437 00dd B1000000 		.4byte	0xb1
 438 00e1 03       		.uleb128 0x3
 439 00e2 CE030000 		.4byte	.LASF20
 440 00e6 05       		.byte	0x5
 441 00e7 3A       		.byte	0x3a
 442 00e8 4C000000 		.4byte	0x4c
 443 00ec 03       		.uleb128 0x3
 444 00ed B1030000 		.4byte	.LASF21
 445 00f1 05       		.byte	0x5
 446 00f2 3B       		.byte	0x3b
 447 00f3 5E000000 		.4byte	0x5e
 448 00f7 03       		.uleb128 0x3
 449 00f8 18000000 		.4byte	.LASF22
 450 00fc 05       		.byte	0x5
 451 00fd 41       		.byte	0x41
 452 00fe 8C000000 		.4byte	0x8c
 453 0102 03       		.uleb128 0x3
 454 0103 23000000 		.4byte	.LASF23
 455 0107 06       		.byte	0x6
 456 0108 57       		.byte	0x57
 457 0109 0D010000 		.4byte	0x10d
 458 010d 06       		.uleb128 0x6
 459 010e 04       		.byte	0x4
 460 010f 13010000 		.4byte	0x113
 461 0113 09       		.uleb128 0x9
 462 0114 7C010000 		.4byte	.LASF25
 463 0118 03       		.uleb128 0x3
 464 0119 3A000000 		.4byte	.LASF24
 465 011d 07       		.byte	0x7
 466 011e 33       		.byte	0x33
 467 011f 23010000 		.4byte	0x123
 468 0123 06       		.uleb128 0x6
 469 0124 04       		.byte	0x4
 470 0125 29010000 		.4byte	0x129
 471 0129 09       		.uleb128 0x9
 472 012a 90010000 		.4byte	.LASF26
 473 012e 03       		.uleb128 0x3
 474 012f 23010000 		.4byte	.LASF27
 475 0133 08       		.byte	0x8
 476 0134 26       		.byte	0x26
 477 0135 18010000 		.4byte	0x118
 478 0139 0A       		.uleb128 0xa
 479 013a 0A000000 		.4byte	.LASF28
 480 013e 01       		.byte	0x1
ARM GAS  C:\Users\tyork\AppData\Local\Temp\ccNcmehk.s 			page 12


 481 013f 1A       		.byte	0x1a
 482 0140 00000000 		.4byte	.LFB34
 483 0144 02000000 		.4byte	.LFE34-.LFB34
 484 0148 01       		.uleb128 0x1
 485 0149 9C       		.byte	0x9c
 486 014a 5C010000 		.4byte	0x15c
 487 014e 0B       		.uleb128 0xb
 488 014f 53010000 		.4byte	.LASF30
 489 0153 01       		.byte	0x1
 490 0154 1A       		.byte	0x1a
 491 0155 D9000000 		.4byte	0xd9
 492 0159 01       		.uleb128 0x1
 493 015a 50       		.byte	0x50
 494 015b 00       		.byte	0
 495 015c 0A       		.uleb128 0xa
 496 015d 14010000 		.4byte	.LASF29
 497 0161 01       		.byte	0x1
 498 0162 3B       		.byte	0x3b
 499 0163 00000000 		.4byte	.LFB36
 500 0167 02000000 		.4byte	.LFE36-.LFB36
 501 016b 01       		.uleb128 0x1
 502 016c 9C       		.byte	0x9c
 503 016d 7F010000 		.4byte	0x17f
 504 0171 0B       		.uleb128 0xb
 505 0172 53010000 		.4byte	.LASF30
 506 0176 01       		.byte	0x1
 507 0177 3B       		.byte	0x3b
 508 0178 D9000000 		.4byte	0xd9
 509 017c 01       		.uleb128 0x1
 510 017d 50       		.byte	0x50
 511 017e 00       		.byte	0
 512 017f 0A       		.uleb128 0xa
 513 0180 60010000 		.4byte	.LASF31
 514 0184 01       		.byte	0x1
 515 0185 26       		.byte	0x26
 516 0186 00000000 		.4byte	.LFB35
 517 018a 2C000000 		.4byte	.LFE35-.LFB35
 518 018e 01       		.uleb128 0x1
 519 018f 9C       		.byte	0x9c
 520 0190 DB010000 		.4byte	0x1db
 521 0194 0C       		.uleb128 0xc
 522 0195 53010000 		.4byte	.LASF30
 523 0199 01       		.byte	0x1
 524 019a 26       		.byte	0x26
 525 019b D9000000 		.4byte	0xd9
 526 019f 00000000 		.4byte	.LLST0
 527 01a3 0D       		.uleb128 0xd
 528 01a4 55030000 		.4byte	.LASF56
 529 01a8 01       		.byte	0x1
 530 01a9 28       		.byte	0x28
 531 01aa 97000000 		.4byte	0x97
 532 01ae 0E       		.uleb128 0xe
 533 01af 0C000000 		.4byte	.LVL4
 534 01b3 D6030000 		.4byte	0x3d6
 535 01b7 C1010000 		.4byte	0x1c1
 536 01bb 0F       		.uleb128 0xf
 537 01bc 01       		.uleb128 0x1
ARM GAS  C:\Users\tyork\AppData\Local\Temp\ccNcmehk.s 			page 13


 538 01bd 51       		.byte	0x51
 539 01be 01       		.uleb128 0x1
 540 01bf 30       		.byte	0x30
 541 01c0 00       		.byte	0
 542 01c1 10       		.uleb128 0x10
 543 01c2 22000000 		.4byte	.LVL6
 544 01c6 E2030000 		.4byte	0x3e2
 545 01ca 0F       		.uleb128 0xf
 546 01cb 01       		.uleb128 0x1
 547 01cc 51       		.byte	0x51
 548 01cd 01       		.uleb128 0x1
 549 01ce 30       		.byte	0x30
 550 01cf 0F       		.uleb128 0xf
 551 01d0 01       		.uleb128 0x1
 552 01d1 52       		.byte	0x52
 553 01d2 01       		.uleb128 0x1
 554 01d3 30       		.byte	0x30
 555 01d4 0F       		.uleb128 0xf
 556 01d5 01       		.uleb128 0x1
 557 01d6 53       		.byte	0x53
 558 01d7 01       		.uleb128 0x1
 559 01d8 30       		.byte	0x30
 560 01d9 00       		.byte	0
 561 01da 00       		.byte	0
 562 01db 11       		.uleb128 0x11
 563 01dc BD030000 		.4byte	.LASF57
 564 01e0 01       		.byte	0x1
 565 01e1 62       		.byte	0x62
 566 01e2 00000000 		.4byte	.LFB38
 567 01e6 20000000 		.4byte	.LFE38-.LFB38
 568 01ea 01       		.uleb128 0x1
 569 01eb 9C       		.byte	0x9c
 570 01ec 11020000 		.4byte	0x211
 571 01f0 12       		.uleb128 0x12
 572 01f1 73000000 		.4byte	.LASF32
 573 01f5 01       		.byte	0x1
 574 01f6 65       		.byte	0x65
 575 01f7 12       		.uleb128 0x12
 576 01f8 A0010000 		.4byte	.LASF33
 577 01fc 01       		.byte	0x1
 578 01fd 66       		.byte	0x66
 579 01fe 12       		.uleb128 0x12
 580 01ff C3020000 		.4byte	.LASF34
 581 0203 01       		.byte	0x1
 582 0204 67       		.byte	0x67
 583 0205 13       		.uleb128 0x13
 584 0206 66000000 		.4byte	.LASF38
 585 020a 01       		.byte	0x1
 586 020b 68       		.byte	0x68
 587 020c 11020000 		.4byte	0x211
 588 0210 00       		.byte	0
 589 0211 14       		.uleb128 0x14
 590 0212 B8000000 		.4byte	0xb8
 591 0216 1C020000 		.4byte	0x21c
 592 021a 15       		.uleb128 0x15
 593 021b 00       		.byte	0
 594 021c 16       		.uleb128 0x16
ARM GAS  C:\Users\tyork\AppData\Local\Temp\ccNcmehk.s 			page 14


 595 021d A4020000 		.4byte	.LASF58
 596 0221 01       		.byte	0x1
 597 0222 45       		.byte	0x45
 598 0223 73000000 		.4byte	0x73
 599 0227 00000000 		.4byte	.LFB37
 600 022b 90000000 		.4byte	.LFE37-.LFB37
 601 022f 01       		.uleb128 0x1
 602 0230 9C       		.byte	0x9c
 603 0231 30030000 		.4byte	0x330
 604 0235 0E       		.uleb128 0xe
 605 0236 0A000000 		.4byte	.LVL7
 606 023a EE030000 		.4byte	0x3ee
 607 023e 48020000 		.4byte	0x248
 608 0242 0F       		.uleb128 0xf
 609 0243 01       		.uleb128 0x1
 610 0244 50       		.byte	0x50
 611 0245 01       		.uleb128 0x1
 612 0246 31       		.byte	0x31
 613 0247 00       		.byte	0
 614 0248 0E       		.uleb128 0xe
 615 0249 22000000 		.4byte	.LVL8
 616 024d FA030000 		.4byte	0x3fa
 617 0251 83020000 		.4byte	0x283
 618 0255 0F       		.uleb128 0xf
 619 0256 01       		.uleb128 0x1
 620 0257 50       		.byte	0x50
 621 0258 05       		.uleb128 0x5
 622 0259 03       		.byte	0x3
 623 025a 00000000 		.4byte	vBlinkTaskRed
 624 025e 0F       		.uleb128 0xf
 625 025f 01       		.uleb128 0x1
 626 0260 51       		.byte	0x51
 627 0261 05       		.uleb128 0x5
 628 0262 03       		.byte	0x3
 629 0263 00000000 		.4byte	.LC7
 630 0267 0F       		.uleb128 0xf
 631 0268 01       		.uleb128 0x1
 632 0269 52       		.byte	0x52
 633 026a 02       		.uleb128 0x2
 634 026b 08       		.byte	0x8
 635 026c 64       		.byte	0x64
 636 026d 0F       		.uleb128 0xf
 637 026e 01       		.uleb128 0x1
 638 026f 53       		.byte	0x53
 639 0270 01       		.uleb128 0x1
 640 0271 30       		.byte	0x30
 641 0272 0F       		.uleb128 0xf
 642 0273 02       		.uleb128 0x2
 643 0274 7D       		.byte	0x7d
 644 0275 00       		.sleb128 0
 645 0276 01       		.uleb128 0x1
 646 0277 32       		.byte	0x32
 647 0278 0F       		.uleb128 0xf
 648 0279 02       		.uleb128 0x2
 649 027a 7D       		.byte	0x7d
 650 027b 04       		.sleb128 4
 651 027c 05       		.uleb128 0x5
ARM GAS  C:\Users\tyork\AppData\Local\Temp\ccNcmehk.s 			page 15


 652 027d 03       		.byte	0x3
 653 027e 00000000 		.4byte	blink_task
 654 0282 00       		.byte	0
 655 0283 0E       		.uleb128 0xe
 656 0284 36000000 		.4byte	.LVL9
 657 0288 FA030000 		.4byte	0x3fa
 658 028c BE020000 		.4byte	0x2be
 659 0290 0F       		.uleb128 0xf
 660 0291 01       		.uleb128 0x1
 661 0292 50       		.byte	0x50
 662 0293 05       		.uleb128 0x5
 663 0294 03       		.byte	0x3
 664 0295 00000000 		.4byte	vUpdateLCDTask
 665 0299 0F       		.uleb128 0xf
 666 029a 01       		.uleb128 0x1
 667 029b 51       		.byte	0x51
 668 029c 05       		.uleb128 0x5
 669 029d 03       		.byte	0x3
 670 029e 0C000000 		.4byte	.LC11
 671 02a2 0F       		.uleb128 0xf
 672 02a3 01       		.uleb128 0x1
 673 02a4 52       		.byte	0x52
 674 02a5 02       		.uleb128 0x2
 675 02a6 08       		.byte	0x8
 676 02a7 64       		.byte	0x64
 677 02a8 0F       		.uleb128 0xf
 678 02a9 01       		.uleb128 0x1
 679 02aa 53       		.byte	0x53
 680 02ab 01       		.uleb128 0x1
 681 02ac 30       		.byte	0x30
 682 02ad 0F       		.uleb128 0xf
 683 02ae 02       		.uleb128 0x2
 684 02af 7D       		.byte	0x7d
 685 02b0 00       		.sleb128 0
 686 02b1 01       		.uleb128 0x1
 687 02b2 33       		.byte	0x33
 688 02b3 0F       		.uleb128 0xf
 689 02b4 02       		.uleb128 0x2
 690 02b5 7D       		.byte	0x7d
 691 02b6 04       		.sleb128 4
 692 02b7 05       		.uleb128 0x5
 693 02b8 03       		.byte	0x3
 694 02b9 00000000 		.4byte	lcd_task
 695 02bd 00       		.byte	0
 696 02be 0E       		.uleb128 0xe
 697 02bf 4A000000 		.4byte	.LVL10
 698 02c3 FA030000 		.4byte	0x3fa
 699 02c7 F9020000 		.4byte	0x2f9
 700 02cb 0F       		.uleb128 0xf
 701 02cc 01       		.uleb128 0x1
 702 02cd 50       		.byte	0x50
 703 02ce 05       		.uleb128 0x5
 704 02cf 03       		.byte	0x3
 705 02d0 00000000 		.4byte	vSpinMotorTask
 706 02d4 0F       		.uleb128 0xf
 707 02d5 01       		.uleb128 0x1
 708 02d6 51       		.byte	0x51
ARM GAS  C:\Users\tyork\AppData\Local\Temp\ccNcmehk.s 			page 16


 709 02d7 05       		.uleb128 0x5
 710 02d8 03       		.byte	0x3
 711 02d9 18000000 		.4byte	.LC15
 712 02dd 0F       		.uleb128 0xf
 713 02de 01       		.uleb128 0x1
 714 02df 52       		.byte	0x52
 715 02e0 02       		.uleb128 0x2
 716 02e1 08       		.byte	0x8
 717 02e2 64       		.byte	0x64
 718 02e3 0F       		.uleb128 0xf
 719 02e4 01       		.uleb128 0x1
 720 02e5 53       		.byte	0x53
 721 02e6 01       		.uleb128 0x1
 722 02e7 30       		.byte	0x30
 723 02e8 0F       		.uleb128 0xf
 724 02e9 02       		.uleb128 0x2
 725 02ea 7D       		.byte	0x7d
 726 02eb 00       		.sleb128 0
 727 02ec 01       		.uleb128 0x1
 728 02ed 34       		.byte	0x34
 729 02ee 0F       		.uleb128 0xf
 730 02ef 02       		.uleb128 0x2
 731 02f0 7D       		.byte	0x7d
 732 02f1 04       		.sleb128 4
 733 02f2 05       		.uleb128 0x5
 734 02f3 03       		.byte	0x3
 735 02f4 00000000 		.4byte	motor_task
 736 02f8 00       		.byte	0
 737 02f9 17       		.uleb128 0x17
 738 02fa 4E000000 		.4byte	.LVL11
 739 02fe DB010000 		.4byte	0x1db
 740 0302 17       		.uleb128 0x17
 741 0303 52000000 		.4byte	.LVL12
 742 0307 06040000 		.4byte	0x406
 743 030b 17       		.uleb128 0x17
 744 030c 56000000 		.4byte	.LVL13
 745 0310 11040000 		.4byte	0x411
 746 0314 17       		.uleb128 0x17
 747 0315 5A000000 		.4byte	.LVL14
 748 0319 1C040000 		.4byte	0x41c
 749 031d 17       		.uleb128 0x17
 750 031e 5E000000 		.4byte	.LVL15
 751 0322 27040000 		.4byte	0x427
 752 0326 17       		.uleb128 0x17
 753 0327 64000000 		.4byte	.LVL16
 754 032b 32040000 		.4byte	0x432
 755 032f 00       		.byte	0
 756 0330 0A       		.uleb128 0xa
 757 0331 35010000 		.4byte	.LASF35
 758 0335 01       		.byte	0x1
 759 0336 71       		.byte	0x71
 760 0337 00000000 		.4byte	.LFB39
 761 033b 04000000 		.4byte	.LFE39-.LFB39
 762 033f 01       		.uleb128 0x1
 763 0340 9C       		.byte	0x9c
 764 0341 60030000 		.4byte	0x360
 765 0345 0B       		.uleb128 0xb
ARM GAS  C:\Users\tyork\AppData\Local\Temp\ccNcmehk.s 			page 17


 766 0346 E1020000 		.4byte	.LASF36
 767 034a 01       		.byte	0x1
 768 034b 71       		.byte	0x71
 769 034c 02010000 		.4byte	0x102
 770 0350 01       		.uleb128 0x1
 771 0351 50       		.byte	0x50
 772 0352 0B       		.uleb128 0xb
 773 0353 FA020000 		.4byte	.LASF37
 774 0357 01       		.byte	0x1
 775 0358 71       		.byte	0x71
 776 0359 DB000000 		.4byte	0xdb
 777 035d 01       		.uleb128 0x1
 778 035e 51       		.byte	0x51
 779 035f 00       		.byte	0
 780 0360 18       		.uleb128 0x18
 781 0361 EA010000 		.4byte	.LASF59
 782 0365 01       		.byte	0x1
 783 0366 79       		.byte	0x79
 784 0367 00000000 		.4byte	.LFB40
 785 036b 04000000 		.4byte	.LFE40-.LFB40
 786 036f 01       		.uleb128 0x1
 787 0370 9C       		.byte	0x9c
 788 0371 19       		.uleb128 0x19
 789 0372 30000000 		.4byte	.LASF39
 790 0376 01       		.byte	0x1
 791 0377 12       		.byte	0x12
 792 0378 2E010000 		.4byte	0x12e
 793 037c 05       		.uleb128 0x5
 794 037d 03       		.byte	0x3
 795 037e 00000000 		.4byte	adc_mutex
 796 0382 19       		.uleb128 0x19
 797 0383 86000000 		.4byte	.LASF40
 798 0387 01       		.byte	0x1
 799 0388 13       		.byte	0x13
 800 0389 02010000 		.4byte	0x102
 801 038d 05       		.uleb128 0x5
 802 038e 03       		.byte	0x3
 803 038f 00000000 		.4byte	blink_task
 804 0393 19       		.uleb128 0x19
 805 0394 EC000000 		.4byte	.LASF41
 806 0398 01       		.byte	0x1
 807 0399 13       		.byte	0x13
 808 039a 02010000 		.4byte	0x102
 809 039e 05       		.uleb128 0x5
 810 039f 03       		.byte	0x3
 811 03a0 00000000 		.4byte	lcd_task
 812 03a4 19       		.uleb128 0x19
 813 03a5 B6000000 		.4byte	.LASF42
 814 03a9 01       		.byte	0x1
 815 03aa 13       		.byte	0x13
 816 03ab 02010000 		.4byte	0x102
 817 03af 05       		.uleb128 0x5
 818 03b0 03       		.byte	0x3
 819 03b1 00000000 		.4byte	motor_task
 820 03b5 19       		.uleb128 0x19
 821 03b6 07020000 		.4byte	.LASF43
 822 03ba 01       		.byte	0x1
ARM GAS  C:\Users\tyork\AppData\Local\Temp\ccNcmehk.s 			page 18


 823 03bb 16       		.byte	0x16
 824 03bc C6030000 		.4byte	0x3c6
 825 03c0 05       		.uleb128 0x5
 826 03c1 03       		.byte	0x3
 827 03c2 00000000 		.4byte	adcDV
 828 03c6 1A       		.uleb128 0x1a
 829 03c7 97000000 		.4byte	0x97
 830 03cb 13       		.uleb128 0x13
 831 03cc 66000000 		.4byte	.LASF38
 832 03d0 01       		.byte	0x1
 833 03d1 68       		.byte	0x68
 834 03d2 11020000 		.4byte	0x211
 835 03d6 1B       		.uleb128 0x1b
 836 03d7 9D030000 		.4byte	.LASF44
 837 03db 9D030000 		.4byte	.LASF44
 838 03df 07       		.byte	0x7
 839 03e0 B805     		.2byte	0x5b8
 840 03e2 1B       		.uleb128 0x1b
 841 03e3 E8020000 		.4byte	.LASF45
 842 03e7 E8020000 		.4byte	.LASF45
 843 03eb 07       		.byte	0x7
 844 03ec 9102     		.2byte	0x291
 845 03ee 1B       		.uleb128 0x1b
 846 03ef 73030000 		.4byte	.LASF46
 847 03f3 73030000 		.4byte	.LASF46
 848 03f7 07       		.byte	0x7
 849 03f8 B005     		.2byte	0x5b0
 850 03fa 1B       		.uleb128 0x1b
 851 03fb D9030000 		.4byte	.LASF47
 852 03ff D9030000 		.4byte	.LASF47
 853 0403 06       		.byte	0x6
 854 0404 6301     		.2byte	0x163
 855 0406 1C       		.uleb128 0x1c
 856 0407 00010000 		.4byte	.LASF48
 857 040b 00010000 		.4byte	.LASF48
 858 040f 09       		.byte	0x9
 859 0410 17       		.byte	0x17
 860 0411 1C       		.uleb128 0x1c
 861 0412 E0010000 		.4byte	.LASF49
 862 0416 E0010000 		.4byte	.LASF49
 863 041a 0A       		.byte	0xa
 864 041b 99       		.byte	0x99
 865 041c 1C       		.uleb128 0x1c
 866 041d A5000000 		.4byte	.LASF50
 867 0421 A5000000 		.4byte	.LASF50
 868 0425 0A       		.byte	0xa
 869 0426 9D       		.byte	0x9d
 870 0427 1C       		.uleb128 0x1c
 871 0428 D3020000 		.4byte	.LASF51
 872 042c D3020000 		.4byte	.LASF51
 873 0430 0B       		.byte	0xb
 874 0431 17       		.byte	0x17
 875 0432 1B       		.uleb128 0x1b
 876 0433 48000000 		.4byte	.LASF52
 877 0437 48000000 		.4byte	.LASF52
 878 043b 06       		.byte	0x6
 879 043c EB04     		.2byte	0x4eb
ARM GAS  C:\Users\tyork\AppData\Local\Temp\ccNcmehk.s 			page 19


 880 043e 00       		.byte	0
 881              		.section	.debug_abbrev,"",%progbits
 882              	.Ldebug_abbrev0:
 883 0000 01       		.uleb128 0x1
 884 0001 11       		.uleb128 0x11
 885 0002 01       		.byte	0x1
 886 0003 25       		.uleb128 0x25
 887 0004 0E       		.uleb128 0xe
 888 0005 13       		.uleb128 0x13
 889 0006 0B       		.uleb128 0xb
 890 0007 03       		.uleb128 0x3
 891 0008 0E       		.uleb128 0xe
 892 0009 1B       		.uleb128 0x1b
 893 000a 0E       		.uleb128 0xe
 894 000b 55       		.uleb128 0x55
 895 000c 17       		.uleb128 0x17
 896 000d 11       		.uleb128 0x11
 897 000e 01       		.uleb128 0x1
 898 000f 10       		.uleb128 0x10
 899 0010 17       		.uleb128 0x17
 900 0011 00       		.byte	0
 901 0012 00       		.byte	0
 902 0013 02       		.uleb128 0x2
 903 0014 24       		.uleb128 0x24
 904 0015 00       		.byte	0
 905 0016 0B       		.uleb128 0xb
 906 0017 0B       		.uleb128 0xb
 907 0018 3E       		.uleb128 0x3e
 908 0019 0B       		.uleb128 0xb
 909 001a 03       		.uleb128 0x3
 910 001b 0E       		.uleb128 0xe
 911 001c 00       		.byte	0
 912 001d 00       		.byte	0
 913 001e 03       		.uleb128 0x3
 914 001f 16       		.uleb128 0x16
 915 0020 00       		.byte	0
 916 0021 03       		.uleb128 0x3
 917 0022 0E       		.uleb128 0xe
 918 0023 3A       		.uleb128 0x3a
 919 0024 0B       		.uleb128 0xb
 920 0025 3B       		.uleb128 0x3b
 921 0026 0B       		.uleb128 0xb
 922 0027 49       		.uleb128 0x49
 923 0028 13       		.uleb128 0x13
 924 0029 00       		.byte	0
 925 002a 00       		.byte	0
 926 002b 04       		.uleb128 0x4
 927 002c 24       		.uleb128 0x24
 928 002d 00       		.byte	0
 929 002e 0B       		.uleb128 0xb
 930 002f 0B       		.uleb128 0xb
 931 0030 3E       		.uleb128 0x3e
 932 0031 0B       		.uleb128 0xb
 933 0032 03       		.uleb128 0x3
 934 0033 08       		.uleb128 0x8
 935 0034 00       		.byte	0
 936 0035 00       		.byte	0
ARM GAS  C:\Users\tyork\AppData\Local\Temp\ccNcmehk.s 			page 20


 937 0036 05       		.uleb128 0x5
 938 0037 16       		.uleb128 0x16
 939 0038 00       		.byte	0
 940 0039 03       		.uleb128 0x3
 941 003a 0E       		.uleb128 0xe
 942 003b 3A       		.uleb128 0x3a
 943 003c 0B       		.uleb128 0xb
 944 003d 3B       		.uleb128 0x3b
 945 003e 05       		.uleb128 0x5
 946 003f 49       		.uleb128 0x49
 947 0040 13       		.uleb128 0x13
 948 0041 00       		.byte	0
 949 0042 00       		.byte	0
 950 0043 06       		.uleb128 0x6
 951 0044 0F       		.uleb128 0xf
 952 0045 00       		.byte	0
 953 0046 0B       		.uleb128 0xb
 954 0047 0B       		.uleb128 0xb
 955 0048 49       		.uleb128 0x49
 956 0049 13       		.uleb128 0x13
 957 004a 00       		.byte	0
 958 004b 00       		.byte	0
 959 004c 07       		.uleb128 0x7
 960 004d 15       		.uleb128 0x15
 961 004e 00       		.byte	0
 962 004f 27       		.uleb128 0x27
 963 0050 19       		.uleb128 0x19
 964 0051 00       		.byte	0
 965 0052 00       		.byte	0
 966 0053 08       		.uleb128 0x8
 967 0054 0F       		.uleb128 0xf
 968 0055 00       		.byte	0
 969 0056 0B       		.uleb128 0xb
 970 0057 0B       		.uleb128 0xb
 971 0058 00       		.byte	0
 972 0059 00       		.byte	0
 973 005a 09       		.uleb128 0x9
 974 005b 13       		.uleb128 0x13
 975 005c 00       		.byte	0
 976 005d 03       		.uleb128 0x3
 977 005e 0E       		.uleb128 0xe
 978 005f 3C       		.uleb128 0x3c
 979 0060 19       		.uleb128 0x19
 980 0061 00       		.byte	0
 981 0062 00       		.byte	0
 982 0063 0A       		.uleb128 0xa
 983 0064 2E       		.uleb128 0x2e
 984 0065 01       		.byte	0x1
 985 0066 3F       		.uleb128 0x3f
 986 0067 19       		.uleb128 0x19
 987 0068 03       		.uleb128 0x3
 988 0069 0E       		.uleb128 0xe
 989 006a 3A       		.uleb128 0x3a
 990 006b 0B       		.uleb128 0xb
 991 006c 3B       		.uleb128 0x3b
 992 006d 0B       		.uleb128 0xb
 993 006e 27       		.uleb128 0x27
ARM GAS  C:\Users\tyork\AppData\Local\Temp\ccNcmehk.s 			page 21


 994 006f 19       		.uleb128 0x19
 995 0070 8701     		.uleb128 0x87
 996 0072 19       		.uleb128 0x19
 997 0073 11       		.uleb128 0x11
 998 0074 01       		.uleb128 0x1
 999 0075 12       		.uleb128 0x12
 1000 0076 06       		.uleb128 0x6
 1001 0077 40       		.uleb128 0x40
 1002 0078 18       		.uleb128 0x18
 1003 0079 9742     		.uleb128 0x2117
 1004 007b 19       		.uleb128 0x19
 1005 007c 01       		.uleb128 0x1
 1006 007d 13       		.uleb128 0x13
 1007 007e 00       		.byte	0
 1008 007f 00       		.byte	0
 1009 0080 0B       		.uleb128 0xb
 1010 0081 05       		.uleb128 0x5
 1011 0082 00       		.byte	0
 1012 0083 03       		.uleb128 0x3
 1013 0084 0E       		.uleb128 0xe
 1014 0085 3A       		.uleb128 0x3a
 1015 0086 0B       		.uleb128 0xb
 1016 0087 3B       		.uleb128 0x3b
 1017 0088 0B       		.uleb128 0xb
 1018 0089 49       		.uleb128 0x49
 1019 008a 13       		.uleb128 0x13
 1020 008b 02       		.uleb128 0x2
 1021 008c 18       		.uleb128 0x18
 1022 008d 00       		.byte	0
 1023 008e 00       		.byte	0
 1024 008f 0C       		.uleb128 0xc
 1025 0090 05       		.uleb128 0x5
 1026 0091 00       		.byte	0
 1027 0092 03       		.uleb128 0x3
 1028 0093 0E       		.uleb128 0xe
 1029 0094 3A       		.uleb128 0x3a
 1030 0095 0B       		.uleb128 0xb
 1031 0096 3B       		.uleb128 0x3b
 1032 0097 0B       		.uleb128 0xb
 1033 0098 49       		.uleb128 0x49
 1034 0099 13       		.uleb128 0x13
 1035 009a 02       		.uleb128 0x2
 1036 009b 17       		.uleb128 0x17
 1037 009c 00       		.byte	0
 1038 009d 00       		.byte	0
 1039 009e 0D       		.uleb128 0xd
 1040 009f 34       		.uleb128 0x34
 1041 00a0 00       		.byte	0
 1042 00a1 03       		.uleb128 0x3
 1043 00a2 0E       		.uleb128 0xe
 1044 00a3 3A       		.uleb128 0x3a
 1045 00a4 0B       		.uleb128 0xb
 1046 00a5 3B       		.uleb128 0x3b
 1047 00a6 0B       		.uleb128 0xb
 1048 00a7 49       		.uleb128 0x49
 1049 00a8 13       		.uleb128 0x13
 1050 00a9 00       		.byte	0
ARM GAS  C:\Users\tyork\AppData\Local\Temp\ccNcmehk.s 			page 22


 1051 00aa 00       		.byte	0
 1052 00ab 0E       		.uleb128 0xe
 1053 00ac 898201   		.uleb128 0x4109
 1054 00af 01       		.byte	0x1
 1055 00b0 11       		.uleb128 0x11
 1056 00b1 01       		.uleb128 0x1
 1057 00b2 31       		.uleb128 0x31
 1058 00b3 13       		.uleb128 0x13
 1059 00b4 01       		.uleb128 0x1
 1060 00b5 13       		.uleb128 0x13
 1061 00b6 00       		.byte	0
 1062 00b7 00       		.byte	0
 1063 00b8 0F       		.uleb128 0xf
 1064 00b9 8A8201   		.uleb128 0x410a
 1065 00bc 00       		.byte	0
 1066 00bd 02       		.uleb128 0x2
 1067 00be 18       		.uleb128 0x18
 1068 00bf 9142     		.uleb128 0x2111
 1069 00c1 18       		.uleb128 0x18
 1070 00c2 00       		.byte	0
 1071 00c3 00       		.byte	0
 1072 00c4 10       		.uleb128 0x10
 1073 00c5 898201   		.uleb128 0x4109
 1074 00c8 01       		.byte	0x1
 1075 00c9 11       		.uleb128 0x11
 1076 00ca 01       		.uleb128 0x1
 1077 00cb 31       		.uleb128 0x31
 1078 00cc 13       		.uleb128 0x13
 1079 00cd 00       		.byte	0
 1080 00ce 00       		.byte	0
 1081 00cf 11       		.uleb128 0x11
 1082 00d0 2E       		.uleb128 0x2e
 1083 00d1 01       		.byte	0x1
 1084 00d2 3F       		.uleb128 0x3f
 1085 00d3 19       		.uleb128 0x19
 1086 00d4 03       		.uleb128 0x3
 1087 00d5 0E       		.uleb128 0xe
 1088 00d6 3A       		.uleb128 0x3a
 1089 00d7 0B       		.uleb128 0xb
 1090 00d8 3B       		.uleb128 0x3b
 1091 00d9 0B       		.uleb128 0xb
 1092 00da 27       		.uleb128 0x27
 1093 00db 19       		.uleb128 0x19
 1094 00dc 11       		.uleb128 0x11
 1095 00dd 01       		.uleb128 0x1
 1096 00de 12       		.uleb128 0x12
 1097 00df 06       		.uleb128 0x6
 1098 00e0 40       		.uleb128 0x40
 1099 00e1 18       		.uleb128 0x18
 1100 00e2 9742     		.uleb128 0x2117
 1101 00e4 19       		.uleb128 0x19
 1102 00e5 01       		.uleb128 0x1
 1103 00e6 13       		.uleb128 0x13
 1104 00e7 00       		.byte	0
 1105 00e8 00       		.byte	0
 1106 00e9 12       		.uleb128 0x12
 1107 00ea 2E       		.uleb128 0x2e
ARM GAS  C:\Users\tyork\AppData\Local\Temp\ccNcmehk.s 			page 23


 1108 00eb 00       		.byte	0
 1109 00ec 3F       		.uleb128 0x3f
 1110 00ed 19       		.uleb128 0x19
 1111 00ee 03       		.uleb128 0x3
 1112 00ef 0E       		.uleb128 0xe
 1113 00f0 3A       		.uleb128 0x3a
 1114 00f1 0B       		.uleb128 0xb
 1115 00f2 3B       		.uleb128 0x3b
 1116 00f3 0B       		.uleb128 0xb
 1117 00f4 27       		.uleb128 0x27
 1118 00f5 19       		.uleb128 0x19
 1119 00f6 3C       		.uleb128 0x3c
 1120 00f7 19       		.uleb128 0x19
 1121 00f8 00       		.byte	0
 1122 00f9 00       		.byte	0
 1123 00fa 13       		.uleb128 0x13
 1124 00fb 34       		.uleb128 0x34
 1125 00fc 00       		.byte	0
 1126 00fd 03       		.uleb128 0x3
 1127 00fe 0E       		.uleb128 0xe
 1128 00ff 3A       		.uleb128 0x3a
 1129 0100 0B       		.uleb128 0xb
 1130 0101 3B       		.uleb128 0x3b
 1131 0102 0B       		.uleb128 0xb
 1132 0103 49       		.uleb128 0x49
 1133 0104 13       		.uleb128 0x13
 1134 0105 3F       		.uleb128 0x3f
 1135 0106 19       		.uleb128 0x19
 1136 0107 3C       		.uleb128 0x3c
 1137 0108 19       		.uleb128 0x19
 1138 0109 00       		.byte	0
 1139 010a 00       		.byte	0
 1140 010b 14       		.uleb128 0x14
 1141 010c 01       		.uleb128 0x1
 1142 010d 01       		.byte	0x1
 1143 010e 49       		.uleb128 0x49
 1144 010f 13       		.uleb128 0x13
 1145 0110 01       		.uleb128 0x1
 1146 0111 13       		.uleb128 0x13
 1147 0112 00       		.byte	0
 1148 0113 00       		.byte	0
 1149 0114 15       		.uleb128 0x15
 1150 0115 21       		.uleb128 0x21
 1151 0116 00       		.byte	0
 1152 0117 00       		.byte	0
 1153 0118 00       		.byte	0
 1154 0119 16       		.uleb128 0x16
 1155 011a 2E       		.uleb128 0x2e
 1156 011b 01       		.byte	0x1
 1157 011c 3F       		.uleb128 0x3f
 1158 011d 19       		.uleb128 0x19
 1159 011e 03       		.uleb128 0x3
 1160 011f 0E       		.uleb128 0xe
 1161 0120 3A       		.uleb128 0x3a
 1162 0121 0B       		.uleb128 0xb
 1163 0122 3B       		.uleb128 0x3b
 1164 0123 0B       		.uleb128 0xb
ARM GAS  C:\Users\tyork\AppData\Local\Temp\ccNcmehk.s 			page 24


 1165 0124 27       		.uleb128 0x27
 1166 0125 19       		.uleb128 0x19
 1167 0126 49       		.uleb128 0x49
 1168 0127 13       		.uleb128 0x13
 1169 0128 8701     		.uleb128 0x87
 1170 012a 19       		.uleb128 0x19
 1171 012b 11       		.uleb128 0x11
 1172 012c 01       		.uleb128 0x1
 1173 012d 12       		.uleb128 0x12
 1174 012e 06       		.uleb128 0x6
 1175 012f 40       		.uleb128 0x40
 1176 0130 18       		.uleb128 0x18
 1177 0131 9742     		.uleb128 0x2117
 1178 0133 19       		.uleb128 0x19
 1179 0134 01       		.uleb128 0x1
 1180 0135 13       		.uleb128 0x13
 1181 0136 00       		.byte	0
 1182 0137 00       		.byte	0
 1183 0138 17       		.uleb128 0x17
 1184 0139 898201   		.uleb128 0x4109
 1185 013c 00       		.byte	0
 1186 013d 11       		.uleb128 0x11
 1187 013e 01       		.uleb128 0x1
 1188 013f 31       		.uleb128 0x31
 1189 0140 13       		.uleb128 0x13
 1190 0141 00       		.byte	0
 1191 0142 00       		.byte	0
 1192 0143 18       		.uleb128 0x18
 1193 0144 2E       		.uleb128 0x2e
 1194 0145 00       		.byte	0
 1195 0146 3F       		.uleb128 0x3f
 1196 0147 19       		.uleb128 0x19
 1197 0148 03       		.uleb128 0x3
 1198 0149 0E       		.uleb128 0xe
 1199 014a 3A       		.uleb128 0x3a
 1200 014b 0B       		.uleb128 0xb
 1201 014c 3B       		.uleb128 0x3b
 1202 014d 0B       		.uleb128 0xb
 1203 014e 27       		.uleb128 0x27
 1204 014f 19       		.uleb128 0x19
 1205 0150 8701     		.uleb128 0x87
 1206 0152 19       		.uleb128 0x19
 1207 0153 11       		.uleb128 0x11
 1208 0154 01       		.uleb128 0x1
 1209 0155 12       		.uleb128 0x12
 1210 0156 06       		.uleb128 0x6
 1211 0157 40       		.uleb128 0x40
 1212 0158 18       		.uleb128 0x18
 1213 0159 9742     		.uleb128 0x2117
 1214 015b 19       		.uleb128 0x19
 1215 015c 00       		.byte	0
 1216 015d 00       		.byte	0
 1217 015e 19       		.uleb128 0x19
 1218 015f 34       		.uleb128 0x34
 1219 0160 00       		.byte	0
 1220 0161 03       		.uleb128 0x3
 1221 0162 0E       		.uleb128 0xe
ARM GAS  C:\Users\tyork\AppData\Local\Temp\ccNcmehk.s 			page 25


 1222 0163 3A       		.uleb128 0x3a
 1223 0164 0B       		.uleb128 0xb
 1224 0165 3B       		.uleb128 0x3b
 1225 0166 0B       		.uleb128 0xb
 1226 0167 49       		.uleb128 0x49
 1227 0168 13       		.uleb128 0x13
 1228 0169 3F       		.uleb128 0x3f
 1229 016a 19       		.uleb128 0x19
 1230 016b 02       		.uleb128 0x2
 1231 016c 18       		.uleb128 0x18
 1232 016d 00       		.byte	0
 1233 016e 00       		.byte	0
 1234 016f 1A       		.uleb128 0x1a
 1235 0170 35       		.uleb128 0x35
 1236 0171 00       		.byte	0
 1237 0172 49       		.uleb128 0x49
 1238 0173 13       		.uleb128 0x13
 1239 0174 00       		.byte	0
 1240 0175 00       		.byte	0
 1241 0176 1B       		.uleb128 0x1b
 1242 0177 2E       		.uleb128 0x2e
 1243 0178 00       		.byte	0
 1244 0179 3F       		.uleb128 0x3f
 1245 017a 19       		.uleb128 0x19
 1246 017b 3C       		.uleb128 0x3c
 1247 017c 19       		.uleb128 0x19
 1248 017d 6E       		.uleb128 0x6e
 1249 017e 0E       		.uleb128 0xe
 1250 017f 03       		.uleb128 0x3
 1251 0180 0E       		.uleb128 0xe
 1252 0181 3A       		.uleb128 0x3a
 1253 0182 0B       		.uleb128 0xb
 1254 0183 3B       		.uleb128 0x3b
 1255 0184 05       		.uleb128 0x5
 1256 0185 00       		.byte	0
 1257 0186 00       		.byte	0
 1258 0187 1C       		.uleb128 0x1c
 1259 0188 2E       		.uleb128 0x2e
 1260 0189 00       		.byte	0
 1261 018a 3F       		.uleb128 0x3f
 1262 018b 19       		.uleb128 0x19
 1263 018c 3C       		.uleb128 0x3c
 1264 018d 19       		.uleb128 0x19
 1265 018e 6E       		.uleb128 0x6e
 1266 018f 0E       		.uleb128 0xe
 1267 0190 03       		.uleb128 0x3
 1268 0191 0E       		.uleb128 0xe
 1269 0192 3A       		.uleb128 0x3a
 1270 0193 0B       		.uleb128 0xb
 1271 0194 3B       		.uleb128 0x3b
 1272 0195 0B       		.uleb128 0xb
 1273 0196 00       		.byte	0
 1274 0197 00       		.byte	0
 1275 0198 00       		.byte	0
 1276              		.section	.debug_loc,"",%progbits
 1277              	.Ldebug_loc0:
 1278              	.LLST0:
ARM GAS  C:\Users\tyork\AppData\Local\Temp\ccNcmehk.s 			page 26


 1279 0000 00000000 		.4byte	.LVL2
 1280 0004 02000000 		.4byte	.LVL3
 1281 0008 0100     		.2byte	0x1
 1282 000a 50       		.byte	0x50
 1283 000b 02000000 		.4byte	.LVL3
 1284 000f 2C000000 		.4byte	.LFE35
 1285 0013 0400     		.2byte	0x4
 1286 0015 F3       		.byte	0xf3
 1287 0016 01       		.uleb128 0x1
 1288 0017 50       		.byte	0x50
 1289 0018 9F       		.byte	0x9f
 1290 0019 00000000 		.4byte	0
 1291 001d 00000000 		.4byte	0
 1292              		.section	.debug_aranges,"",%progbits
 1293 0000 4C000000 		.4byte	0x4c
 1294 0004 0200     		.2byte	0x2
 1295 0006 00000000 		.4byte	.Ldebug_info0
 1296 000a 04       		.byte	0x4
 1297 000b 00       		.byte	0
 1298 000c 0000     		.2byte	0
 1299 000e 0000     		.2byte	0
 1300 0010 00000000 		.4byte	.LFB34
 1301 0014 02000000 		.4byte	.LFE34-.LFB34
 1302 0018 00000000 		.4byte	.LFB36
 1303 001c 02000000 		.4byte	.LFE36-.LFB36
 1304 0020 00000000 		.4byte	.LFB35
 1305 0024 2C000000 		.4byte	.LFE35-.LFB35
 1306 0028 00000000 		.4byte	.LFB38
 1307 002c 20000000 		.4byte	.LFE38-.LFB38
 1308 0030 00000000 		.4byte	.LFB37
 1309 0034 90000000 		.4byte	.LFE37-.LFB37
 1310 0038 00000000 		.4byte	.LFB39
 1311 003c 04000000 		.4byte	.LFE39-.LFB39
 1312 0040 00000000 		.4byte	.LFB40
 1313 0044 04000000 		.4byte	.LFE40-.LFB40
 1314 0048 00000000 		.4byte	0
 1315 004c 00000000 		.4byte	0
 1316              		.section	.debug_ranges,"",%progbits
 1317              	.Ldebug_ranges0:
 1318 0000 00000000 		.4byte	.LFB34
 1319 0004 02000000 		.4byte	.LFE34
 1320 0008 00000000 		.4byte	.LFB36
 1321 000c 02000000 		.4byte	.LFE36
 1322 0010 00000000 		.4byte	.LFB35
 1323 0014 2C000000 		.4byte	.LFE35
 1324 0018 00000000 		.4byte	.LFB38
 1325 001c 20000000 		.4byte	.LFE38
 1326 0020 00000000 		.4byte	.LFB37
 1327 0024 90000000 		.4byte	.LFE37
 1328 0028 00000000 		.4byte	.LFB39
 1329 002c 04000000 		.4byte	.LFE39
 1330 0030 00000000 		.4byte	.LFB40
 1331 0034 04000000 		.4byte	.LFE40
 1332 0038 00000000 		.4byte	0
 1333 003c 00000000 		.4byte	0
 1334              		.section	.debug_line,"",%progbits
 1335              	.Ldebug_line0:
ARM GAS  C:\Users\tyork\AppData\Local\Temp\ccNcmehk.s 			page 27


 1336 0000 2B020000 		.section	.debug_str,"MS",%progbits,1
 1336      0200A301 
 1336      00000201 
 1336      FB0E0D00 
 1336      01010101 
 1337              	.LASF5:
 1338 0000 5F5F7569 		.ascii	"__uint8_t\000"
 1338      6E74385F 
 1338      7400
 1339              	.LASF28:
 1340 000a 76426C69 		.ascii	"vBlinkTaskRed\000"
 1340      6E6B5461 
 1340      736B5265 
 1340      6400
 1341              	.LASF22:
 1342 0018 5469636B 		.ascii	"TickType_t\000"
 1342      54797065 
 1342      5F7400
 1343              	.LASF23:
 1344 0023 5461736B 		.ascii	"TaskHandle_t\000"
 1344      48616E64 
 1344      6C655F74 
 1344      00
 1345              	.LASF39:
 1346 0030 6164635F 		.ascii	"adc_mutex\000"
 1346      6D757465 
 1346      7800
 1347              	.LASF24:
 1348 003a 51756575 		.ascii	"QueueHandle_t\000"
 1348      6548616E 
 1348      646C655F 
 1348      7400
 1349              	.LASF52:
 1350 0048 76546173 		.ascii	"vTaskStartScheduler\000"
 1350      6B537461 
 1350      72745363 
 1350      68656475 
 1350      6C657200 
 1351              	.LASF2:
 1352 005c 73686F72 		.ascii	"short int\000"
 1352      7420696E 
 1352      7400
 1353              	.LASF38:
 1354 0066 43795261 		.ascii	"CyRamVectors\000"
 1354      6D566563 
 1354      746F7273 
 1354      00
 1355              	.LASF32:
 1356 0073 78506F72 		.ascii	"xPortPendSVHandler\000"
 1356      7450656E 
 1356      64535648 
 1356      616E646C 
 1356      657200
 1357              	.LASF40:
 1358 0086 626C696E 		.ascii	"blink_task\000"
 1358      6B5F7461 
 1358      736B00
ARM GAS  C:\Users\tyork\AppData\Local\Temp\ccNcmehk.s 			page 28


 1359              	.LASF14:
 1360 0091 666C6F61 		.ascii	"float\000"
 1360      7400
 1361              	.LASF1:
 1362 0097 756E7369 		.ascii	"unsigned char\000"
 1362      676E6564 
 1362      20636861 
 1362      7200
 1363              	.LASF50:
 1364 00a5 4144435F 		.ascii	"ADC_StartConvert\000"
 1364      53746172 
 1364      74436F6E 
 1364      76657274 
 1364      00
 1365              	.LASF42:
 1366 00b6 6D6F746F 		.ascii	"motor_task\000"
 1366      725F7461 
 1366      736B00
 1367              	.LASF13:
 1368 00c1 696E7431 		.ascii	"int16\000"
 1368      3600
 1369              	.LASF7:
 1370 00c7 6C6F6E67 		.ascii	"long unsigned int\000"
 1370      20756E73 
 1370      69676E65 
 1370      6420696E 
 1370      7400
 1371              	.LASF3:
 1372 00d9 73686F72 		.ascii	"short unsigned int\000"
 1372      7420756E 
 1372      7369676E 
 1372      65642069 
 1372      6E7400
 1373              	.LASF41:
 1374 00ec 6C63645F 		.ascii	"lcd_task\000"
 1374      7461736B 
 1374      00
 1375              	.LASF6:
 1376 00f5 5F5F7569 		.ascii	"__uint32_t\000"
 1376      6E743332 
 1376      5F7400
 1377              	.LASF48:
 1378 0100 53575F49 		.ascii	"SW_ISR_Start\000"
 1378      53525F53 
 1378      74617274 
 1378      00
 1379              	.LASF15:
 1380 010d 646F7562 		.ascii	"double\000"
 1380      6C6500
 1381              	.LASF29:
 1382 0114 76537069 		.ascii	"vSpinMotorTask\000"
 1382      6E4D6F74 
 1382      6F725461 
 1382      736B00
 1383              	.LASF27:
 1384 0123 53656D61 		.ascii	"SemaphoreHandle_t\000"
 1384      70686F72 
ARM GAS  C:\Users\tyork\AppData\Local\Temp\ccNcmehk.s 			page 29


 1384      6548616E 
 1384      646C655F 
 1384      7400
 1385              	.LASF35:
 1386 0135 76417070 		.ascii	"vApplicationStackOverflowHook\000"
 1386      6C696361 
 1386      74696F6E 
 1386      53746163 
 1386      6B4F7665 
 1387              	.LASF30:
 1388 0153 70765061 		.ascii	"pvParameters\000"
 1388      72616D65 
 1388      74657273 
 1388      00
 1389              	.LASF31:
 1390 0160 76557064 		.ascii	"vUpdateLCDTask\000"
 1390      6174654C 
 1390      43445461 
 1390      736B00
 1391              	.LASF17:
 1392 016f 63796973 		.ascii	"cyisraddress\000"
 1392      72616464 
 1392      72657373 
 1392      00
 1393              	.LASF25:
 1394 017c 74736B54 		.ascii	"tskTaskControlBlock\000"
 1394      61736B43 
 1394      6F6E7472 
 1394      6F6C426C 
 1394      6F636B00 
 1395              	.LASF26:
 1396 0190 51756575 		.ascii	"QueueDefinition\000"
 1396      65446566 
 1396      696E6974 
 1396      696F6E00 
 1397              	.LASF33:
 1398 01a0 78506F72 		.ascii	"xPortSysTickHandler\000"
 1398      74537973 
 1398      5469636B 
 1398      48616E64 
 1398      6C657200 
 1399              	.LASF10:
 1400 01b4 756E7369 		.ascii	"unsigned int\000"
 1400      676E6564 
 1400      20696E74 
 1400      00
 1401              	.LASF9:
 1402 01c1 6C6F6E67 		.ascii	"long long unsigned int\000"
 1402      206C6F6E 
 1402      6720756E 
 1402      7369676E 
 1402      65642069 
 1403              	.LASF11:
 1404 01d8 75696E74 		.ascii	"uint8_t\000"
 1404      385F7400 
 1405              	.LASF49:
 1406 01e0 4144435F 		.ascii	"ADC_Start\000"
ARM GAS  C:\Users\tyork\AppData\Local\Temp\ccNcmehk.s 			page 30


 1406      53746172 
 1406      7400
 1407              	.LASF59:
 1408 01ea 76417070 		.ascii	"vApplicationMallocFailedHook\000"
 1408      6C696361 
 1408      74696F6E 
 1408      4D616C6C 
 1408      6F634661 
 1409              	.LASF43:
 1410 0207 61646344 		.ascii	"adcDV\000"
 1410      5600
 1411              	.LASF53:
 1412 020d 474E5520 		.ascii	"GNU C11 5.4.1 20160609 (release) [ARM/embedded-5-br"
 1412      43313120 
 1412      352E342E 
 1412      31203230 
 1412      31363036 
 1413 0240 616E6368 		.ascii	"anch revision 237715] -mcpu=cortex-m0 -mthumb -g -O"
 1413      20726576 
 1413      6973696F 
 1413      6E203233 
 1413      37373135 
 1414 0273 67202D66 		.ascii	"g -ffunction-sections -ffat-lto-objects\000"
 1414      66756E63 
 1414      74696F6E 
 1414      2D736563 
 1414      74696F6E 
 1415              	.LASF19:
 1416 029b 73697A65 		.ascii	"sizetype\000"
 1416      74797065 
 1416      00
 1417              	.LASF58:
 1418 02a4 6D61696E 		.ascii	"main\000"
 1418      00
 1419              	.LASF8:
 1420 02a9 6C6F6E67 		.ascii	"long long int\000"
 1420      206C6F6E 
 1420      6720696E 
 1420      7400
 1421              	.LASF54:
 1422 02b7 6D61696E 		.ascii	"main.c\000"
 1422      2E6300
 1423              	.LASF16:
 1424 02be 63686172 		.ascii	"char\000"
 1424      00
 1425              	.LASF34:
 1426 02c3 76506F72 		.ascii	"vPortSVCHandler\000"
 1426      74535643 
 1426      48616E64 
 1426      6C657200 
 1427              	.LASF51:
 1428 02d3 4144435F 		.ascii	"ADC_ISR_Start\000"
 1428      4953525F 
 1428      53746172 
 1428      7400
 1429              	.LASF36:
 1430 02e1 70785461 		.ascii	"pxTask\000"
ARM GAS  C:\Users\tyork\AppData\Local\Temp\ccNcmehk.s 			page 31


 1430      736B00
 1431              	.LASF45:
 1432 02e8 78517565 		.ascii	"xQueueGenericSend\000"
 1432      75654765 
 1432      6E657269 
 1432      6353656E 
 1432      6400
 1433              	.LASF37:
 1434 02fa 70635461 		.ascii	"pcTaskName\000"
 1434      736B4E61 
 1434      6D6500
 1435              	.LASF55:
 1436 0305 433A5C55 		.ascii	"C:\\Users\\tyork\\Documents\\PSoC Creator\\ECE381_S"
 1436      73657273 
 1436      5C74796F 
 1436      726B5C44 
 1436      6F63756D 
 1437 0333 5032335F 		.ascii	"P23_Lab08_FreeRTOS\\Design01.cydsn\000"
 1437      4C616230 
 1437      385F4672 
 1437      65655254 
 1437      4F535C44 
 1438              	.LASF56:
 1439 0355 61646344 		.ascii	"adcDV_local\000"
 1439      565F6C6F 
 1439      63616C00 
 1440              	.LASF12:
 1441 0361 75696E74 		.ascii	"uint32_t\000"
 1441      33325F74 
 1441      00
 1442              	.LASF4:
 1443 036a 6C6F6E67 		.ascii	"long int\000"
 1443      20696E74 
 1443      00
 1444              	.LASF46:
 1445 0373 78517565 		.ascii	"xQueueCreateMutex\000"
 1445      75654372 
 1445      65617465 
 1445      4D757465 
 1445      7800
 1446              	.LASF18:
 1447 0385 6C6F6E67 		.ascii	"long double\000"
 1447      20646F75 
 1447      626C6500 
 1448              	.LASF0:
 1449 0391 7369676E 		.ascii	"signed char\000"
 1449      65642063 
 1449      68617200 
 1450              	.LASF44:
 1451 039d 78517565 		.ascii	"xQueueSemaphoreTake\000"
 1451      75655365 
 1451      6D617068 
 1451      6F726554 
 1451      616B6500 
 1452              	.LASF21:
 1453 03b1 55426173 		.ascii	"UBaseType_t\000"
 1453      65547970 
ARM GAS  C:\Users\tyork\AppData\Local\Temp\ccNcmehk.s 			page 32


 1453      655F7400 
 1454              	.LASF57:
 1455 03bd 70727648 		.ascii	"prvHardwareSetup\000"
 1455      61726477 
 1455      61726553 
 1455      65747570 
 1455      00
 1456              	.LASF20:
 1457 03ce 42617365 		.ascii	"BaseType_t\000"
 1457      54797065 
 1457      5F7400
 1458              	.LASF47:
 1459 03d9 78546173 		.ascii	"xTaskCreate\000"
 1459      6B437265 
 1459      61746500 
 1460              		.ident	"GCC: (GNU Tools for ARM Embedded Processors) 5.4.1 20160609 (release) [ARM/embedded-5-bran
