ARM GAS  C:\Users\tyork\AppData\Local\Temp\ccxV3Csw.s 			page 1


   1              		.syntax unified
   2              		.cpu cortex-m0
   3              		.fpu softvfp
   4              		.eabi_attribute 20, 1
   5              		.eabi_attribute 21, 1
   6              		.eabi_attribute 23, 3
   7              		.eabi_attribute 24, 1
   8              		.eabi_attribute 25, 1
   9              		.eabi_attribute 26, 1
  10              		.eabi_attribute 30, 1
  11              		.eabi_attribute 34, 0
  12              		.eabi_attribute 18, 4
  13              		.thumb
  14              		.syntax unified
  15              		.file	"SW_ISR.c"
  16              		.text
  17              	.Ltext0:
  18              		.cfi_sections	.debug_frame
  19              		.section	.text.SW_ISR_Interrupt,"ax",%progbits
  20              		.align	2
  21              		.global	SW_ISR_Interrupt
  22              		.code	16
  23              		.thumb_func
  24              		.type	SW_ISR_Interrupt, %function
  25              	SW_ISR_Interrupt:
  26              	.LFB37:
  27              		.file 1 "Generated_Source\\PSoC4\\SW_ISR.c"
   1:Generated_Source\PSoC4/SW_ISR.c **** /*******************************************************************************
   2:Generated_Source\PSoC4/SW_ISR.c **** * File Name: SW_ISR.c  
   3:Generated_Source\PSoC4/SW_ISR.c **** * Version 1.71
   4:Generated_Source\PSoC4/SW_ISR.c **** *
   5:Generated_Source\PSoC4/SW_ISR.c **** *  Description:
   6:Generated_Source\PSoC4/SW_ISR.c **** *   API for controlling the state of an interrupt.
   7:Generated_Source\PSoC4/SW_ISR.c **** *
   8:Generated_Source\PSoC4/SW_ISR.c **** *
   9:Generated_Source\PSoC4/SW_ISR.c **** *  Note:
  10:Generated_Source\PSoC4/SW_ISR.c **** *
  11:Generated_Source\PSoC4/SW_ISR.c **** ********************************************************************************
  12:Generated_Source\PSoC4/SW_ISR.c **** * Copyright 2008-2015, Cypress Semiconductor Corporation.  All rights reserved.
  13:Generated_Source\PSoC4/SW_ISR.c **** * You may use this file only in accordance with the license, terms, conditions, 
  14:Generated_Source\PSoC4/SW_ISR.c **** * disclaimers, and limitations in the end user license agreement accompanying 
  15:Generated_Source\PSoC4/SW_ISR.c **** * the software package with which this file was provided.
  16:Generated_Source\PSoC4/SW_ISR.c **** *******************************************************************************/
  17:Generated_Source\PSoC4/SW_ISR.c **** 
  18:Generated_Source\PSoC4/SW_ISR.c **** 
  19:Generated_Source\PSoC4/SW_ISR.c **** #include <cydevice_trm.h>
  20:Generated_Source\PSoC4/SW_ISR.c **** #include <CyLib.h>
  21:Generated_Source\PSoC4/SW_ISR.c **** #include <SW_ISR.h>
  22:Generated_Source\PSoC4/SW_ISR.c **** #include "cyapicallbacks.h"
  23:Generated_Source\PSoC4/SW_ISR.c **** 
  24:Generated_Source\PSoC4/SW_ISR.c **** #if !defined(SW_ISR__REMOVED) /* Check for removal by optimization */
  25:Generated_Source\PSoC4/SW_ISR.c **** 
  26:Generated_Source\PSoC4/SW_ISR.c **** /*******************************************************************************
  27:Generated_Source\PSoC4/SW_ISR.c **** *  Place your includes, defines and code here 
  28:Generated_Source\PSoC4/SW_ISR.c **** ********************************************************************************/
  29:Generated_Source\PSoC4/SW_ISR.c **** /* `#START SW_ISR_intc` */
  30:Generated_Source\PSoC4/SW_ISR.c **** #include "SW.h"
ARM GAS  C:\Users\tyork\AppData\Local\Temp\ccxV3Csw.s 			page 2


  31:Generated_Source\PSoC4/SW_ISR.c **** #include "FreeRTOS.h"
  32:Generated_Source\PSoC4/SW_ISR.c **** #include "task.h"
  33:Generated_Source\PSoC4/SW_ISR.c **** #include "semphr.h"
  34:Generated_Source\PSoC4/SW_ISR.c **** TaskHandle_t blink_task, lcd_task, motor_task;
  35:Generated_Source\PSoC4/SW_ISR.c **** int onOff = 1;
  36:Generated_Source\PSoC4/SW_ISR.c **** /* `#END` */
  37:Generated_Source\PSoC4/SW_ISR.c **** 
  38:Generated_Source\PSoC4/SW_ISR.c **** extern cyisraddress CyRamVectors[CYINT_IRQ_BASE + CY_NUM_INTERRUPTS];
  39:Generated_Source\PSoC4/SW_ISR.c **** 
  40:Generated_Source\PSoC4/SW_ISR.c **** /* Declared in startup, used to set unused interrupts to. */
  41:Generated_Source\PSoC4/SW_ISR.c **** CY_ISR_PROTO(IntDefaultHandler);
  42:Generated_Source\PSoC4/SW_ISR.c **** 
  43:Generated_Source\PSoC4/SW_ISR.c **** 
  44:Generated_Source\PSoC4/SW_ISR.c **** /*******************************************************************************
  45:Generated_Source\PSoC4/SW_ISR.c **** * Function Name: SW_ISR_Start
  46:Generated_Source\PSoC4/SW_ISR.c **** ********************************************************************************
  47:Generated_Source\PSoC4/SW_ISR.c **** *
  48:Generated_Source\PSoC4/SW_ISR.c **** * Summary:
  49:Generated_Source\PSoC4/SW_ISR.c **** *  Set up the interrupt and enable it. This function disables the interrupt, 
  50:Generated_Source\PSoC4/SW_ISR.c **** *  sets the default interrupt vector, sets the priority from the value in the
  51:Generated_Source\PSoC4/SW_ISR.c **** *  Design Wide Resources Interrupt Editor, then enables the interrupt to the 
  52:Generated_Source\PSoC4/SW_ISR.c **** *  interrupt controller.
  53:Generated_Source\PSoC4/SW_ISR.c **** *
  54:Generated_Source\PSoC4/SW_ISR.c **** * Parameters:  
  55:Generated_Source\PSoC4/SW_ISR.c **** *   None
  56:Generated_Source\PSoC4/SW_ISR.c **** *
  57:Generated_Source\PSoC4/SW_ISR.c **** * Return:
  58:Generated_Source\PSoC4/SW_ISR.c **** *   None
  59:Generated_Source\PSoC4/SW_ISR.c **** *
  60:Generated_Source\PSoC4/SW_ISR.c **** *******************************************************************************/
  61:Generated_Source\PSoC4/SW_ISR.c **** void SW_ISR_Start(void)
  62:Generated_Source\PSoC4/SW_ISR.c **** {
  63:Generated_Source\PSoC4/SW_ISR.c ****     /* For all we know the interrupt is active. */
  64:Generated_Source\PSoC4/SW_ISR.c ****     SW_ISR_Disable();
  65:Generated_Source\PSoC4/SW_ISR.c **** 
  66:Generated_Source\PSoC4/SW_ISR.c ****     /* Set the ISR to point to the SW_ISR Interrupt. */
  67:Generated_Source\PSoC4/SW_ISR.c ****     SW_ISR_SetVector(&SW_ISR_Interrupt);
  68:Generated_Source\PSoC4/SW_ISR.c **** 
  69:Generated_Source\PSoC4/SW_ISR.c ****     /* Set the priority. */
  70:Generated_Source\PSoC4/SW_ISR.c ****     SW_ISR_SetPriority((uint8)SW_ISR_INTC_PRIOR_NUMBER);
  71:Generated_Source\PSoC4/SW_ISR.c **** 
  72:Generated_Source\PSoC4/SW_ISR.c ****     /* Enable it. */
  73:Generated_Source\PSoC4/SW_ISR.c ****     SW_ISR_Enable();
  74:Generated_Source\PSoC4/SW_ISR.c **** }
  75:Generated_Source\PSoC4/SW_ISR.c **** 
  76:Generated_Source\PSoC4/SW_ISR.c **** 
  77:Generated_Source\PSoC4/SW_ISR.c **** /*******************************************************************************
  78:Generated_Source\PSoC4/SW_ISR.c **** * Function Name: SW_ISR_StartEx
  79:Generated_Source\PSoC4/SW_ISR.c **** ********************************************************************************
  80:Generated_Source\PSoC4/SW_ISR.c **** *
  81:Generated_Source\PSoC4/SW_ISR.c **** * Summary:
  82:Generated_Source\PSoC4/SW_ISR.c **** *  Sets up the interrupt and enables it. This function disables the interrupt,
  83:Generated_Source\PSoC4/SW_ISR.c **** *  sets the interrupt vector based on the address passed in, sets the priority 
  84:Generated_Source\PSoC4/SW_ISR.c **** *  from the value in the Design Wide Resources Interrupt Editor, then enables 
  85:Generated_Source\PSoC4/SW_ISR.c **** *  the interrupt to the interrupt controller.
  86:Generated_Source\PSoC4/SW_ISR.c **** *  
  87:Generated_Source\PSoC4/SW_ISR.c **** *  When defining ISR functions, the CY_ISR and CY_ISR_PROTO macros should be 
ARM GAS  C:\Users\tyork\AppData\Local\Temp\ccxV3Csw.s 			page 3


  88:Generated_Source\PSoC4/SW_ISR.c **** *  used to provide consistent definition across compilers:
  89:Generated_Source\PSoC4/SW_ISR.c **** *  
  90:Generated_Source\PSoC4/SW_ISR.c **** *  Function definition example:
  91:Generated_Source\PSoC4/SW_ISR.c **** *   CY_ISR(MyISR)
  92:Generated_Source\PSoC4/SW_ISR.c **** *   {
  93:Generated_Source\PSoC4/SW_ISR.c **** *   }
  94:Generated_Source\PSoC4/SW_ISR.c **** *   Function prototype example:
  95:Generated_Source\PSoC4/SW_ISR.c **** *   CY_ISR_PROTO(MyISR);
  96:Generated_Source\PSoC4/SW_ISR.c **** *
  97:Generated_Source\PSoC4/SW_ISR.c **** * Parameters:  
  98:Generated_Source\PSoC4/SW_ISR.c **** *   address: Address of the ISR to set in the interrupt vector table.
  99:Generated_Source\PSoC4/SW_ISR.c **** *
 100:Generated_Source\PSoC4/SW_ISR.c **** * Return:
 101:Generated_Source\PSoC4/SW_ISR.c **** *   None
 102:Generated_Source\PSoC4/SW_ISR.c **** *
 103:Generated_Source\PSoC4/SW_ISR.c **** *******************************************************************************/
 104:Generated_Source\PSoC4/SW_ISR.c **** void SW_ISR_StartEx(cyisraddress address)
 105:Generated_Source\PSoC4/SW_ISR.c **** {
 106:Generated_Source\PSoC4/SW_ISR.c ****     /* For all we know the interrupt is active. */
 107:Generated_Source\PSoC4/SW_ISR.c ****     SW_ISR_Disable();
 108:Generated_Source\PSoC4/SW_ISR.c **** 
 109:Generated_Source\PSoC4/SW_ISR.c ****     /* Set the ISR to point to the SW_ISR Interrupt. */
 110:Generated_Source\PSoC4/SW_ISR.c ****     SW_ISR_SetVector(address);
 111:Generated_Source\PSoC4/SW_ISR.c **** 
 112:Generated_Source\PSoC4/SW_ISR.c ****     /* Set the priority. */
 113:Generated_Source\PSoC4/SW_ISR.c ****     SW_ISR_SetPriority((uint8)SW_ISR_INTC_PRIOR_NUMBER);
 114:Generated_Source\PSoC4/SW_ISR.c **** 
 115:Generated_Source\PSoC4/SW_ISR.c ****     /* Enable it. */
 116:Generated_Source\PSoC4/SW_ISR.c ****     SW_ISR_Enable();
 117:Generated_Source\PSoC4/SW_ISR.c **** }
 118:Generated_Source\PSoC4/SW_ISR.c **** 
 119:Generated_Source\PSoC4/SW_ISR.c **** 
 120:Generated_Source\PSoC4/SW_ISR.c **** /*******************************************************************************
 121:Generated_Source\PSoC4/SW_ISR.c **** * Function Name: SW_ISR_Stop
 122:Generated_Source\PSoC4/SW_ISR.c **** ********************************************************************************
 123:Generated_Source\PSoC4/SW_ISR.c **** *
 124:Generated_Source\PSoC4/SW_ISR.c **** * Summary:
 125:Generated_Source\PSoC4/SW_ISR.c **** *   Disables and removes the interrupt.
 126:Generated_Source\PSoC4/SW_ISR.c **** *
 127:Generated_Source\PSoC4/SW_ISR.c **** * Parameters:  
 128:Generated_Source\PSoC4/SW_ISR.c **** *   None
 129:Generated_Source\PSoC4/SW_ISR.c **** *
 130:Generated_Source\PSoC4/SW_ISR.c **** * Return:
 131:Generated_Source\PSoC4/SW_ISR.c **** *   None
 132:Generated_Source\PSoC4/SW_ISR.c **** *
 133:Generated_Source\PSoC4/SW_ISR.c **** *******************************************************************************/
 134:Generated_Source\PSoC4/SW_ISR.c **** void SW_ISR_Stop(void)
 135:Generated_Source\PSoC4/SW_ISR.c **** {
 136:Generated_Source\PSoC4/SW_ISR.c ****     /* Disable this interrupt. */
 137:Generated_Source\PSoC4/SW_ISR.c ****     SW_ISR_Disable();
 138:Generated_Source\PSoC4/SW_ISR.c **** 
 139:Generated_Source\PSoC4/SW_ISR.c ****     /* Set the ISR to point to the passive one. */
 140:Generated_Source\PSoC4/SW_ISR.c ****     SW_ISR_SetVector(&IntDefaultHandler);
 141:Generated_Source\PSoC4/SW_ISR.c **** }
 142:Generated_Source\PSoC4/SW_ISR.c **** 
 143:Generated_Source\PSoC4/SW_ISR.c **** 
 144:Generated_Source\PSoC4/SW_ISR.c **** /*******************************************************************************
ARM GAS  C:\Users\tyork\AppData\Local\Temp\ccxV3Csw.s 			page 4


 145:Generated_Source\PSoC4/SW_ISR.c **** * Function Name: SW_ISR_Interrupt
 146:Generated_Source\PSoC4/SW_ISR.c **** ********************************************************************************
 147:Generated_Source\PSoC4/SW_ISR.c **** *
 148:Generated_Source\PSoC4/SW_ISR.c **** * Summary:
 149:Generated_Source\PSoC4/SW_ISR.c **** *   The default Interrupt Service Routine for SW_ISR.
 150:Generated_Source\PSoC4/SW_ISR.c **** *
 151:Generated_Source\PSoC4/SW_ISR.c **** *   Add custom code between the START and END comments to keep the next version
 152:Generated_Source\PSoC4/SW_ISR.c **** *   of this file from over-writing your code.
 153:Generated_Source\PSoC4/SW_ISR.c **** *
 154:Generated_Source\PSoC4/SW_ISR.c **** *   Note You may use either the default ISR by using this API, or you may define
 155:Generated_Source\PSoC4/SW_ISR.c **** *   your own separate ISR through ISR_StartEx().
 156:Generated_Source\PSoC4/SW_ISR.c **** *
 157:Generated_Source\PSoC4/SW_ISR.c **** * Parameters:  
 158:Generated_Source\PSoC4/SW_ISR.c **** *   None
 159:Generated_Source\PSoC4/SW_ISR.c **** *
 160:Generated_Source\PSoC4/SW_ISR.c **** * Return:
 161:Generated_Source\PSoC4/SW_ISR.c **** *   None
 162:Generated_Source\PSoC4/SW_ISR.c **** *
 163:Generated_Source\PSoC4/SW_ISR.c **** *******************************************************************************/
 164:Generated_Source\PSoC4/SW_ISR.c **** CY_ISR(SW_ISR_Interrupt)
 165:Generated_Source\PSoC4/SW_ISR.c **** {
  28              		.loc 1 165 0
  29              		.cfi_startproc
  30              		@ args = 0, pretend = 0, frame = 0
  31              		@ frame_needed = 0, uses_anonymous_args = 0
  32 0000 10B5     		push	{r4, lr}
  33              		.cfi_def_cfa_offset 8
  34              		.cfi_offset 4, -8
  35              		.cfi_offset 14, -4
 166:Generated_Source\PSoC4/SW_ISR.c ****     #ifdef SW_ISR_INTERRUPT_INTERRUPT_CALLBACK
 167:Generated_Source\PSoC4/SW_ISR.c ****         SW_ISR_Interrupt_InterruptCallback();
 168:Generated_Source\PSoC4/SW_ISR.c ****     #endif /* SW_ISR_INTERRUPT_INTERRUPT_CALLBACK */ 
 169:Generated_Source\PSoC4/SW_ISR.c **** 
 170:Generated_Source\PSoC4/SW_ISR.c ****     /*  Place your Interrupt code here. */
 171:Generated_Source\PSoC4/SW_ISR.c ****     /* `#START SW_ISR_Interrupt` */
 172:Generated_Source\PSoC4/SW_ISR.c ****     
 173:Generated_Source\PSoC4/SW_ISR.c ****     // Emergency Stop/Start
 174:Generated_Source\PSoC4/SW_ISR.c ****    
 175:Generated_Source\PSoC4/SW_ISR.c ****     if (onOff == 1) //We are on, so shut everything off!
  36              		.loc 1 175 0
  37 0002 164B     		ldr	r3, .L4
  38 0004 1B68     		ldr	r3, [r3]
  39 0006 012B     		cmp	r3, #1
  40 0008 15D1     		bne	.L2
 176:Generated_Source\PSoC4/SW_ISR.c ****     {
 177:Generated_Source\PSoC4/SW_ISR.c ****         vTaskSuspend(blink_task);
  41              		.loc 1 177 0
  42 000a 154B     		ldr	r3, .L4+4
  43 000c 1868     		ldr	r0, [r3]
  44 000e FFF7FEFF 		bl	vTaskSuspend
  45              	.LVL0:
 178:Generated_Source\PSoC4/SW_ISR.c ****         vTaskSuspend(lcd_task);
  46              		.loc 1 178 0
  47 0012 144B     		ldr	r3, .L4+8
  48 0014 1868     		ldr	r0, [r3]
  49 0016 FFF7FEFF 		bl	vTaskSuspend
  50              	.LVL1:
ARM GAS  C:\Users\tyork\AppData\Local\Temp\ccxV3Csw.s 			page 5


 179:Generated_Source\PSoC4/SW_ISR.c ****         vTaskSuspend(motor_task);
  51              		.loc 1 179 0
  52 001a 134B     		ldr	r3, .L4+12
  53 001c 1868     		ldr	r0, [r3]
  54 001e FFF7FEFF 		bl	vTaskSuspend
  55              	.LVL2:
 180:Generated_Source\PSoC4/SW_ISR.c ****         R_LED_Write(1); //Zero outputs too for power reasons
  56              		.loc 1 180 0
  57 0022 0120     		movs	r0, #1
  58 0024 FFF7FEFF 		bl	R_LED_Write
  59              	.LVL3:
 181:Generated_Source\PSoC4/SW_ISR.c ****         MOTOR_Write(0);
  60              		.loc 1 181 0
  61 0028 0020     		movs	r0, #0
  62 002a FFF7FEFF 		bl	MOTOR_Write
  63              	.LVL4:
 182:Generated_Source\PSoC4/SW_ISR.c ****         onOff = 0;
  64              		.loc 1 182 0
  65 002e 0022     		movs	r2, #0
  66 0030 0A4B     		ldr	r3, .L4
  67 0032 1A60     		str	r2, [r3]
  68 0034 0EE0     		b	.L3
  69              	.L2:
 183:Generated_Source\PSoC4/SW_ISR.c ****     }
 184:Generated_Source\PSoC4/SW_ISR.c ****     else //We are off, so turn everything on!
 185:Generated_Source\PSoC4/SW_ISR.c ****     {
 186:Generated_Source\PSoC4/SW_ISR.c ****         vTaskResume(blink_task);
  70              		.loc 1 186 0
  71 0036 0A4B     		ldr	r3, .L4+4
  72 0038 1868     		ldr	r0, [r3]
  73 003a FFF7FEFF 		bl	vTaskResume
  74              	.LVL5:
 187:Generated_Source\PSoC4/SW_ISR.c ****         vTaskResume(lcd_task);
  75              		.loc 1 187 0
  76 003e 094B     		ldr	r3, .L4+8
  77 0040 1868     		ldr	r0, [r3]
  78 0042 FFF7FEFF 		bl	vTaskResume
  79              	.LVL6:
 188:Generated_Source\PSoC4/SW_ISR.c ****         vTaskResume(motor_task);
  80              		.loc 1 188 0
  81 0046 084B     		ldr	r3, .L4+12
  82 0048 1868     		ldr	r0, [r3]
  83 004a FFF7FEFF 		bl	vTaskResume
  84              	.LVL7:
 189:Generated_Source\PSoC4/SW_ISR.c ****         onOff = 1;
  85              		.loc 1 189 0
  86 004e 0122     		movs	r2, #1
  87 0050 024B     		ldr	r3, .L4
  88 0052 1A60     		str	r2, [r3]
  89              	.L3:
 190:Generated_Source\PSoC4/SW_ISR.c ****     }
 191:Generated_Source\PSoC4/SW_ISR.c ****     
 192:Generated_Source\PSoC4/SW_ISR.c ****     SW_ClearInterrupt(); //Clear of SW for future interrupts
  90              		.loc 1 192 0
  91 0054 FFF7FEFF 		bl	SW_ClearInterrupt
  92              	.LVL8:
 193:Generated_Source\PSoC4/SW_ISR.c ****     /* `#END` */
ARM GAS  C:\Users\tyork\AppData\Local\Temp\ccxV3Csw.s 			page 6


 194:Generated_Source\PSoC4/SW_ISR.c **** }
  93              		.loc 1 194 0
  94              		@ sp needed
  95 0058 10BD     		pop	{r4, pc}
  96              	.L5:
  97 005a C046     		.align	2
  98              	.L4:
  99 005c 00000000 		.word	.LANCHOR0
 100 0060 00000000 		.word	blink_task
 101 0064 00000000 		.word	lcd_task
 102 0068 00000000 		.word	motor_task
 103              		.cfi_endproc
 104              	.LFE37:
 105              		.size	SW_ISR_Interrupt, .-SW_ISR_Interrupt
 106              		.section	.text.SW_ISR_SetVector,"ax",%progbits
 107              		.align	2
 108              		.global	SW_ISR_SetVector
 109              		.code	16
 110              		.thumb_func
 111              		.type	SW_ISR_SetVector, %function
 112              	SW_ISR_SetVector:
 113              	.LFB38:
 195:Generated_Source\PSoC4/SW_ISR.c **** 
 196:Generated_Source\PSoC4/SW_ISR.c **** 
 197:Generated_Source\PSoC4/SW_ISR.c **** /*******************************************************************************
 198:Generated_Source\PSoC4/SW_ISR.c **** * Function Name: SW_ISR_SetVector
 199:Generated_Source\PSoC4/SW_ISR.c **** ********************************************************************************
 200:Generated_Source\PSoC4/SW_ISR.c **** *
 201:Generated_Source\PSoC4/SW_ISR.c **** * Summary:
 202:Generated_Source\PSoC4/SW_ISR.c **** *   Change the ISR vector for the Interrupt. Note calling SW_ISR_Start
 203:Generated_Source\PSoC4/SW_ISR.c **** *   will override any effect this method would have had. To set the vector 
 204:Generated_Source\PSoC4/SW_ISR.c **** *   before the component has been started use SW_ISR_StartEx instead.
 205:Generated_Source\PSoC4/SW_ISR.c **** * 
 206:Generated_Source\PSoC4/SW_ISR.c **** *   When defining ISR functions, the CY_ISR and CY_ISR_PROTO macros should be 
 207:Generated_Source\PSoC4/SW_ISR.c **** *   used to provide consistent definition across compilers:
 208:Generated_Source\PSoC4/SW_ISR.c **** *
 209:Generated_Source\PSoC4/SW_ISR.c **** *   Function definition example:
 210:Generated_Source\PSoC4/SW_ISR.c **** *   CY_ISR(MyISR)
 211:Generated_Source\PSoC4/SW_ISR.c **** *   {
 212:Generated_Source\PSoC4/SW_ISR.c **** *   }
 213:Generated_Source\PSoC4/SW_ISR.c **** *
 214:Generated_Source\PSoC4/SW_ISR.c **** *   Function prototype example:
 215:Generated_Source\PSoC4/SW_ISR.c **** *     CY_ISR_PROTO(MyISR);
 216:Generated_Source\PSoC4/SW_ISR.c **** *
 217:Generated_Source\PSoC4/SW_ISR.c **** * Parameters:
 218:Generated_Source\PSoC4/SW_ISR.c **** *   address: Address of the ISR to set in the interrupt vector table.
 219:Generated_Source\PSoC4/SW_ISR.c **** *
 220:Generated_Source\PSoC4/SW_ISR.c **** * Return:
 221:Generated_Source\PSoC4/SW_ISR.c **** *   None
 222:Generated_Source\PSoC4/SW_ISR.c **** *
 223:Generated_Source\PSoC4/SW_ISR.c **** *******************************************************************************/
 224:Generated_Source\PSoC4/SW_ISR.c **** void SW_ISR_SetVector(cyisraddress address)
 225:Generated_Source\PSoC4/SW_ISR.c **** {
 114              		.loc 1 225 0
 115              		.cfi_startproc
 116              		@ args = 0, pretend = 0, frame = 0
 117              		@ frame_needed = 0, uses_anonymous_args = 0
ARM GAS  C:\Users\tyork\AppData\Local\Temp\ccxV3Csw.s 			page 7


 118              		@ link register save eliminated.
 119              	.LVL9:
 226:Generated_Source\PSoC4/SW_ISR.c ****     CyRamVectors[CYINT_IRQ_BASE + SW_ISR__INTC_NUMBER] = address;
 120              		.loc 1 226 0
 121 0000 014B     		ldr	r3, .L7
 122 0002 1864     		str	r0, [r3, #64]
 227:Generated_Source\PSoC4/SW_ISR.c **** }
 123              		.loc 1 227 0
 124              		@ sp needed
 125 0004 7047     		bx	lr
 126              	.L8:
 127 0006 C046     		.align	2
 128              	.L7:
 129 0008 00000000 		.word	CyRamVectors
 130              		.cfi_endproc
 131              	.LFE38:
 132              		.size	SW_ISR_SetVector, .-SW_ISR_SetVector
 133              		.section	.text.SW_ISR_GetVector,"ax",%progbits
 134              		.align	2
 135              		.global	SW_ISR_GetVector
 136              		.code	16
 137              		.thumb_func
 138              		.type	SW_ISR_GetVector, %function
 139              	SW_ISR_GetVector:
 140              	.LFB39:
 228:Generated_Source\PSoC4/SW_ISR.c **** 
 229:Generated_Source\PSoC4/SW_ISR.c **** 
 230:Generated_Source\PSoC4/SW_ISR.c **** /*******************************************************************************
 231:Generated_Source\PSoC4/SW_ISR.c **** * Function Name: SW_ISR_GetVector
 232:Generated_Source\PSoC4/SW_ISR.c **** ********************************************************************************
 233:Generated_Source\PSoC4/SW_ISR.c **** *
 234:Generated_Source\PSoC4/SW_ISR.c **** * Summary:
 235:Generated_Source\PSoC4/SW_ISR.c **** *   Gets the "address" of the current ISR vector for the Interrupt.
 236:Generated_Source\PSoC4/SW_ISR.c **** *
 237:Generated_Source\PSoC4/SW_ISR.c **** * Parameters:
 238:Generated_Source\PSoC4/SW_ISR.c **** *   None
 239:Generated_Source\PSoC4/SW_ISR.c **** *
 240:Generated_Source\PSoC4/SW_ISR.c **** * Return:
 241:Generated_Source\PSoC4/SW_ISR.c **** *   Address of the ISR in the interrupt vector table.
 242:Generated_Source\PSoC4/SW_ISR.c **** *
 243:Generated_Source\PSoC4/SW_ISR.c **** *******************************************************************************/
 244:Generated_Source\PSoC4/SW_ISR.c **** cyisraddress SW_ISR_GetVector(void)
 245:Generated_Source\PSoC4/SW_ISR.c **** {
 141              		.loc 1 245 0
 142              		.cfi_startproc
 143              		@ args = 0, pretend = 0, frame = 0
 144              		@ frame_needed = 0, uses_anonymous_args = 0
 145              		@ link register save eliminated.
 246:Generated_Source\PSoC4/SW_ISR.c ****     return CyRamVectors[CYINT_IRQ_BASE + SW_ISR__INTC_NUMBER];
 146              		.loc 1 246 0
 147 0000 014B     		ldr	r3, .L10
 148 0002 186C     		ldr	r0, [r3, #64]
 247:Generated_Source\PSoC4/SW_ISR.c **** }
 149              		.loc 1 247 0
 150              		@ sp needed
 151 0004 7047     		bx	lr
 152              	.L11:
ARM GAS  C:\Users\tyork\AppData\Local\Temp\ccxV3Csw.s 			page 8


 153 0006 C046     		.align	2
 154              	.L10:
 155 0008 00000000 		.word	CyRamVectors
 156              		.cfi_endproc
 157              	.LFE39:
 158              		.size	SW_ISR_GetVector, .-SW_ISR_GetVector
 159              		.section	.text.SW_ISR_SetPriority,"ax",%progbits
 160              		.align	2
 161              		.global	SW_ISR_SetPriority
 162              		.code	16
 163              		.thumb_func
 164              		.type	SW_ISR_SetPriority, %function
 165              	SW_ISR_SetPriority:
 166              	.LFB40:
 248:Generated_Source\PSoC4/SW_ISR.c **** 
 249:Generated_Source\PSoC4/SW_ISR.c **** 
 250:Generated_Source\PSoC4/SW_ISR.c **** /*******************************************************************************
 251:Generated_Source\PSoC4/SW_ISR.c **** * Function Name: SW_ISR_SetPriority
 252:Generated_Source\PSoC4/SW_ISR.c **** ********************************************************************************
 253:Generated_Source\PSoC4/SW_ISR.c **** *
 254:Generated_Source\PSoC4/SW_ISR.c **** * Summary:
 255:Generated_Source\PSoC4/SW_ISR.c **** *   Sets the Priority of the Interrupt. 
 256:Generated_Source\PSoC4/SW_ISR.c **** *
 257:Generated_Source\PSoC4/SW_ISR.c **** *   Note calling SW_ISR_Start or SW_ISR_StartEx will 
 258:Generated_Source\PSoC4/SW_ISR.c **** *   override any effect this API would have had. This API should only be called
 259:Generated_Source\PSoC4/SW_ISR.c **** *   after SW_ISR_Start or SW_ISR_StartEx has been called. 
 260:Generated_Source\PSoC4/SW_ISR.c **** *   To set the initial priority for the component, use the Design-Wide Resources
 261:Generated_Source\PSoC4/SW_ISR.c **** *   Interrupt Editor.
 262:Generated_Source\PSoC4/SW_ISR.c **** *
 263:Generated_Source\PSoC4/SW_ISR.c **** *   Note This API has no effect on Non-maskable interrupt NMI).
 264:Generated_Source\PSoC4/SW_ISR.c **** *
 265:Generated_Source\PSoC4/SW_ISR.c **** * Parameters:
 266:Generated_Source\PSoC4/SW_ISR.c **** *   priority: Priority of the interrupt, 0 being the highest priority
 267:Generated_Source\PSoC4/SW_ISR.c **** *             PSoC 3 and PSoC 5LP: Priority is from 0 to 7.
 268:Generated_Source\PSoC4/SW_ISR.c **** *             PSoC 4: Priority is from 0 to 3.
 269:Generated_Source\PSoC4/SW_ISR.c **** *
 270:Generated_Source\PSoC4/SW_ISR.c **** * Return:
 271:Generated_Source\PSoC4/SW_ISR.c **** *   None
 272:Generated_Source\PSoC4/SW_ISR.c **** *
 273:Generated_Source\PSoC4/SW_ISR.c **** *******************************************************************************/
 274:Generated_Source\PSoC4/SW_ISR.c **** void SW_ISR_SetPriority(uint8 priority)
 275:Generated_Source\PSoC4/SW_ISR.c **** {
 167              		.loc 1 275 0
 168              		.cfi_startproc
 169              		@ args = 0, pretend = 0, frame = 0
 170              		@ frame_needed = 0, uses_anonymous_args = 0
 171              	.LVL10:
 172 0000 10B5     		push	{r4, lr}
 173              		.cfi_def_cfa_offset 8
 174              		.cfi_offset 4, -8
 175              		.cfi_offset 14, -4
 176 0002 0400     		movs	r4, r0
 177              	.LVL11:
 276:Generated_Source\PSoC4/SW_ISR.c **** 	uint8 interruptState;
 277:Generated_Source\PSoC4/SW_ISR.c ****     uint32 priorityOffset = ((SW_ISR__INTC_NUMBER % 4u) * 8u) + 6u;
 278:Generated_Source\PSoC4/SW_ISR.c ****     
 279:Generated_Source\PSoC4/SW_ISR.c **** 	interruptState = CyEnterCriticalSection();
ARM GAS  C:\Users\tyork\AppData\Local\Temp\ccxV3Csw.s 			page 9


 178              		.loc 1 279 0
 179 0004 FFF7FEFF 		bl	CyEnterCriticalSection
 180              	.LVL12:
 280:Generated_Source\PSoC4/SW_ISR.c ****     *SW_ISR_INTC_PRIOR = (*SW_ISR_INTC_PRIOR & (uint32)(~(uint32)SW_ISR__INTC_PRIOR_MASK)) |
 181              		.loc 1 280 0
 182 0008 044A     		ldr	r2, .L13
 183 000a 1368     		ldr	r3, [r2]
 184 000c C021     		movs	r1, #192
 185 000e 8B43     		bics	r3, r1
 281:Generated_Source\PSoC4/SW_ISR.c ****                                     ((uint32)priority << priorityOffset);
 186              		.loc 1 281 0
 187 0010 A401     		lsls	r4, r4, #6
 280:Generated_Source\PSoC4/SW_ISR.c ****     *SW_ISR_INTC_PRIOR = (*SW_ISR_INTC_PRIOR & (uint32)(~(uint32)SW_ISR__INTC_PRIOR_MASK)) |
 188              		.loc 1 280 0
 189 0012 1C43     		orrs	r4, r3
 190 0014 1460     		str	r4, [r2]
 282:Generated_Source\PSoC4/SW_ISR.c **** 	CyExitCriticalSection(interruptState);
 191              		.loc 1 282 0
 192 0016 FFF7FEFF 		bl	CyExitCriticalSection
 193              	.LVL13:
 283:Generated_Source\PSoC4/SW_ISR.c **** }
 194              		.loc 1 283 0
 195              		@ sp needed
 196 001a 10BD     		pop	{r4, pc}
 197              	.L14:
 198              		.align	2
 199              	.L13:
 200 001c 00E400E0 		.word	-536812544
 201              		.cfi_endproc
 202              	.LFE40:
 203              		.size	SW_ISR_SetPriority, .-SW_ISR_SetPriority
 204              		.section	.text.SW_ISR_GetPriority,"ax",%progbits
 205              		.align	2
 206              		.global	SW_ISR_GetPriority
 207              		.code	16
 208              		.thumb_func
 209              		.type	SW_ISR_GetPriority, %function
 210              	SW_ISR_GetPriority:
 211              	.LFB41:
 284:Generated_Source\PSoC4/SW_ISR.c **** 
 285:Generated_Source\PSoC4/SW_ISR.c **** 
 286:Generated_Source\PSoC4/SW_ISR.c **** /*******************************************************************************
 287:Generated_Source\PSoC4/SW_ISR.c **** * Function Name: SW_ISR_GetPriority
 288:Generated_Source\PSoC4/SW_ISR.c **** ********************************************************************************
 289:Generated_Source\PSoC4/SW_ISR.c **** *
 290:Generated_Source\PSoC4/SW_ISR.c **** * Summary:
 291:Generated_Source\PSoC4/SW_ISR.c **** *   Gets the Priority of the Interrupt.
 292:Generated_Source\PSoC4/SW_ISR.c **** *
 293:Generated_Source\PSoC4/SW_ISR.c **** * Parameters:
 294:Generated_Source\PSoC4/SW_ISR.c **** *   None
 295:Generated_Source\PSoC4/SW_ISR.c **** *
 296:Generated_Source\PSoC4/SW_ISR.c **** * Return:
 297:Generated_Source\PSoC4/SW_ISR.c **** *   Priority of the interrupt, 0 being the highest priority
 298:Generated_Source\PSoC4/SW_ISR.c **** *    PSoC 3 and PSoC 5LP: Priority is from 0 to 7.
 299:Generated_Source\PSoC4/SW_ISR.c **** *    PSoC 4: Priority is from 0 to 3.
 300:Generated_Source\PSoC4/SW_ISR.c **** *
 301:Generated_Source\PSoC4/SW_ISR.c **** *******************************************************************************/
ARM GAS  C:\Users\tyork\AppData\Local\Temp\ccxV3Csw.s 			page 10


 302:Generated_Source\PSoC4/SW_ISR.c **** uint8 SW_ISR_GetPriority(void)
 303:Generated_Source\PSoC4/SW_ISR.c **** {
 212              		.loc 1 303 0
 213              		.cfi_startproc
 214              		@ args = 0, pretend = 0, frame = 0
 215              		@ frame_needed = 0, uses_anonymous_args = 0
 216              		@ link register save eliminated.
 217              	.LVL14:
 304:Generated_Source\PSoC4/SW_ISR.c ****     uint32 priority;
 305:Generated_Source\PSoC4/SW_ISR.c **** 	uint32 priorityOffset = ((SW_ISR__INTC_NUMBER % 4u) * 8u) + 6u;
 306:Generated_Source\PSoC4/SW_ISR.c **** 
 307:Generated_Source\PSoC4/SW_ISR.c ****     priority = (*SW_ISR_INTC_PRIOR & SW_ISR__INTC_PRIOR_MASK) >> priorityOffset;
 218              		.loc 1 307 0
 219 0000 024B     		ldr	r3, .L16
 220 0002 1868     		ldr	r0, [r3]
 221 0004 8009     		lsrs	r0, r0, #6
 222              	.LVL15:
 308:Generated_Source\PSoC4/SW_ISR.c **** 
 309:Generated_Source\PSoC4/SW_ISR.c ****     return (uint8)priority;
 223              		.loc 1 309 0
 224 0006 0323     		movs	r3, #3
 225 0008 1840     		ands	r0, r3
 226              	.LVL16:
 310:Generated_Source\PSoC4/SW_ISR.c **** }
 227              		.loc 1 310 0
 228              		@ sp needed
 229 000a 7047     		bx	lr
 230              	.L17:
 231              		.align	2
 232              	.L16:
 233 000c 00E400E0 		.word	-536812544
 234              		.cfi_endproc
 235              	.LFE41:
 236              		.size	SW_ISR_GetPriority, .-SW_ISR_GetPriority
 237              		.section	.text.SW_ISR_Enable,"ax",%progbits
 238              		.align	2
 239              		.global	SW_ISR_Enable
 240              		.code	16
 241              		.thumb_func
 242              		.type	SW_ISR_Enable, %function
 243              	SW_ISR_Enable:
 244              	.LFB42:
 311:Generated_Source\PSoC4/SW_ISR.c **** 
 312:Generated_Source\PSoC4/SW_ISR.c **** 
 313:Generated_Source\PSoC4/SW_ISR.c **** /*******************************************************************************
 314:Generated_Source\PSoC4/SW_ISR.c **** * Function Name: SW_ISR_Enable
 315:Generated_Source\PSoC4/SW_ISR.c **** ********************************************************************************
 316:Generated_Source\PSoC4/SW_ISR.c **** *
 317:Generated_Source\PSoC4/SW_ISR.c **** * Summary:
 318:Generated_Source\PSoC4/SW_ISR.c **** *   Enables the interrupt to the interrupt controller. Do not call this function
 319:Generated_Source\PSoC4/SW_ISR.c **** *   unless ISR_Start() has been called or the functionality of the ISR_Start() 
 320:Generated_Source\PSoC4/SW_ISR.c **** *   function, which sets the vector and the priority, has been called.
 321:Generated_Source\PSoC4/SW_ISR.c **** *
 322:Generated_Source\PSoC4/SW_ISR.c **** * Parameters:
 323:Generated_Source\PSoC4/SW_ISR.c **** *   None
 324:Generated_Source\PSoC4/SW_ISR.c **** *
 325:Generated_Source\PSoC4/SW_ISR.c **** * Return:
ARM GAS  C:\Users\tyork\AppData\Local\Temp\ccxV3Csw.s 			page 11


 326:Generated_Source\PSoC4/SW_ISR.c **** *   None
 327:Generated_Source\PSoC4/SW_ISR.c **** *
 328:Generated_Source\PSoC4/SW_ISR.c **** *******************************************************************************/
 329:Generated_Source\PSoC4/SW_ISR.c **** void SW_ISR_Enable(void)
 330:Generated_Source\PSoC4/SW_ISR.c **** {
 245              		.loc 1 330 0
 246              		.cfi_startproc
 247              		@ args = 0, pretend = 0, frame = 0
 248              		@ frame_needed = 0, uses_anonymous_args = 0
 249              		@ link register save eliminated.
 331:Generated_Source\PSoC4/SW_ISR.c ****     /* Enable the general interrupt. */
 332:Generated_Source\PSoC4/SW_ISR.c ****     *SW_ISR_INTC_SET_EN = SW_ISR__INTC_MASK;
 250              		.loc 1 332 0
 251 0000 0122     		movs	r2, #1
 252 0002 014B     		ldr	r3, .L19
 253 0004 1A60     		str	r2, [r3]
 333:Generated_Source\PSoC4/SW_ISR.c **** }
 254              		.loc 1 333 0
 255              		@ sp needed
 256 0006 7047     		bx	lr
 257              	.L20:
 258              		.align	2
 259              	.L19:
 260 0008 00E100E0 		.word	-536813312
 261              		.cfi_endproc
 262              	.LFE42:
 263              		.size	SW_ISR_Enable, .-SW_ISR_Enable
 264              		.section	.text.SW_ISR_GetState,"ax",%progbits
 265              		.align	2
 266              		.global	SW_ISR_GetState
 267              		.code	16
 268              		.thumb_func
 269              		.type	SW_ISR_GetState, %function
 270              	SW_ISR_GetState:
 271              	.LFB43:
 334:Generated_Source\PSoC4/SW_ISR.c **** 
 335:Generated_Source\PSoC4/SW_ISR.c **** 
 336:Generated_Source\PSoC4/SW_ISR.c **** /*******************************************************************************
 337:Generated_Source\PSoC4/SW_ISR.c **** * Function Name: SW_ISR_GetState
 338:Generated_Source\PSoC4/SW_ISR.c **** ********************************************************************************
 339:Generated_Source\PSoC4/SW_ISR.c **** *
 340:Generated_Source\PSoC4/SW_ISR.c **** * Summary:
 341:Generated_Source\PSoC4/SW_ISR.c **** *   Gets the state (enabled, disabled) of the Interrupt.
 342:Generated_Source\PSoC4/SW_ISR.c **** *
 343:Generated_Source\PSoC4/SW_ISR.c **** * Parameters:
 344:Generated_Source\PSoC4/SW_ISR.c **** *   None
 345:Generated_Source\PSoC4/SW_ISR.c **** *
 346:Generated_Source\PSoC4/SW_ISR.c **** * Return:
 347:Generated_Source\PSoC4/SW_ISR.c **** *   1 if enabled, 0 if disabled.
 348:Generated_Source\PSoC4/SW_ISR.c **** *
 349:Generated_Source\PSoC4/SW_ISR.c **** *******************************************************************************/
 350:Generated_Source\PSoC4/SW_ISR.c **** uint8 SW_ISR_GetState(void)
 351:Generated_Source\PSoC4/SW_ISR.c **** {
 272              		.loc 1 351 0
 273              		.cfi_startproc
 274              		@ args = 0, pretend = 0, frame = 0
 275              		@ frame_needed = 0, uses_anonymous_args = 0
ARM GAS  C:\Users\tyork\AppData\Local\Temp\ccxV3Csw.s 			page 12


 276              		@ link register save eliminated.
 352:Generated_Source\PSoC4/SW_ISR.c ****     /* Get the state of the general interrupt. */
 353:Generated_Source\PSoC4/SW_ISR.c ****     return ((*SW_ISR_INTC_SET_EN & (uint32)SW_ISR__INTC_MASK) != 0u) ? 1u:0u;
 277              		.loc 1 353 0
 278 0000 024B     		ldr	r3, .L22
 279 0002 1B68     		ldr	r3, [r3]
 280 0004 0120     		movs	r0, #1
 281 0006 1840     		ands	r0, r3
 354:Generated_Source\PSoC4/SW_ISR.c **** }
 282              		.loc 1 354 0
 283              		@ sp needed
 284 0008 7047     		bx	lr
 285              	.L23:
 286 000a C046     		.align	2
 287              	.L22:
 288 000c 00E100E0 		.word	-536813312
 289              		.cfi_endproc
 290              	.LFE43:
 291              		.size	SW_ISR_GetState, .-SW_ISR_GetState
 292              		.section	.text.SW_ISR_Disable,"ax",%progbits
 293              		.align	2
 294              		.global	SW_ISR_Disable
 295              		.code	16
 296              		.thumb_func
 297              		.type	SW_ISR_Disable, %function
 298              	SW_ISR_Disable:
 299              	.LFB44:
 355:Generated_Source\PSoC4/SW_ISR.c **** 
 356:Generated_Source\PSoC4/SW_ISR.c **** 
 357:Generated_Source\PSoC4/SW_ISR.c **** /*******************************************************************************
 358:Generated_Source\PSoC4/SW_ISR.c **** * Function Name: SW_ISR_Disable
 359:Generated_Source\PSoC4/SW_ISR.c **** ********************************************************************************
 360:Generated_Source\PSoC4/SW_ISR.c **** *
 361:Generated_Source\PSoC4/SW_ISR.c **** * Summary:
 362:Generated_Source\PSoC4/SW_ISR.c **** *   Disables the Interrupt in the interrupt controller.
 363:Generated_Source\PSoC4/SW_ISR.c **** *
 364:Generated_Source\PSoC4/SW_ISR.c **** * Parameters:
 365:Generated_Source\PSoC4/SW_ISR.c **** *   None
 366:Generated_Source\PSoC4/SW_ISR.c **** *
 367:Generated_Source\PSoC4/SW_ISR.c **** * Return:
 368:Generated_Source\PSoC4/SW_ISR.c **** *   None
 369:Generated_Source\PSoC4/SW_ISR.c **** *
 370:Generated_Source\PSoC4/SW_ISR.c **** *******************************************************************************/
 371:Generated_Source\PSoC4/SW_ISR.c **** void SW_ISR_Disable(void)
 372:Generated_Source\PSoC4/SW_ISR.c **** {
 300              		.loc 1 372 0
 301              		.cfi_startproc
 302              		@ args = 0, pretend = 0, frame = 0
 303              		@ frame_needed = 0, uses_anonymous_args = 0
 304              		@ link register save eliminated.
 373:Generated_Source\PSoC4/SW_ISR.c ****     /* Disable the general interrupt. */
 374:Generated_Source\PSoC4/SW_ISR.c ****     *SW_ISR_INTC_CLR_EN = SW_ISR__INTC_MASK;
 305              		.loc 1 374 0
 306 0000 0122     		movs	r2, #1
 307 0002 014B     		ldr	r3, .L25
 308 0004 1A60     		str	r2, [r3]
 375:Generated_Source\PSoC4/SW_ISR.c **** }
ARM GAS  C:\Users\tyork\AppData\Local\Temp\ccxV3Csw.s 			page 13


 309              		.loc 1 375 0
 310              		@ sp needed
 311 0006 7047     		bx	lr
 312              	.L26:
 313              		.align	2
 314              	.L25:
 315 0008 80E100E0 		.word	-536813184
 316              		.cfi_endproc
 317              	.LFE44:
 318              		.size	SW_ISR_Disable, .-SW_ISR_Disable
 319              		.section	.text.SW_ISR_Start,"ax",%progbits
 320              		.align	2
 321              		.global	SW_ISR_Start
 322              		.code	16
 323              		.thumb_func
 324              		.type	SW_ISR_Start, %function
 325              	SW_ISR_Start:
 326              	.LFB34:
  62:Generated_Source\PSoC4/SW_ISR.c ****     /* For all we know the interrupt is active. */
 327              		.loc 1 62 0
 328              		.cfi_startproc
 329              		@ args = 0, pretend = 0, frame = 0
 330              		@ frame_needed = 0, uses_anonymous_args = 0
 331 0000 10B5     		push	{r4, lr}
 332              		.cfi_def_cfa_offset 8
 333              		.cfi_offset 4, -8
 334              		.cfi_offset 14, -4
  64:Generated_Source\PSoC4/SW_ISR.c **** 
 335              		.loc 1 64 0
 336 0002 FFF7FEFF 		bl	SW_ISR_Disable
 337              	.LVL17:
  67:Generated_Source\PSoC4/SW_ISR.c **** 
 338              		.loc 1 67 0
 339 0006 0448     		ldr	r0, .L28
 340 0008 FFF7FEFF 		bl	SW_ISR_SetVector
 341              	.LVL18:
  70:Generated_Source\PSoC4/SW_ISR.c **** 
 342              		.loc 1 70 0
 343 000c 0320     		movs	r0, #3
 344 000e FFF7FEFF 		bl	SW_ISR_SetPriority
 345              	.LVL19:
  73:Generated_Source\PSoC4/SW_ISR.c **** }
 346              		.loc 1 73 0
 347 0012 FFF7FEFF 		bl	SW_ISR_Enable
 348              	.LVL20:
  74:Generated_Source\PSoC4/SW_ISR.c **** 
 349              		.loc 1 74 0
 350              		@ sp needed
 351 0016 10BD     		pop	{r4, pc}
 352              	.L29:
 353              		.align	2
 354              	.L28:
 355 0018 00000000 		.word	SW_ISR_Interrupt
 356              		.cfi_endproc
 357              	.LFE34:
 358              		.size	SW_ISR_Start, .-SW_ISR_Start
 359              		.section	.text.SW_ISR_StartEx,"ax",%progbits
ARM GAS  C:\Users\tyork\AppData\Local\Temp\ccxV3Csw.s 			page 14


 360              		.align	2
 361              		.global	SW_ISR_StartEx
 362              		.code	16
 363              		.thumb_func
 364              		.type	SW_ISR_StartEx, %function
 365              	SW_ISR_StartEx:
 366              	.LFB35:
 105:Generated_Source\PSoC4/SW_ISR.c ****     /* For all we know the interrupt is active. */
 367              		.loc 1 105 0
 368              		.cfi_startproc
 369              		@ args = 0, pretend = 0, frame = 0
 370              		@ frame_needed = 0, uses_anonymous_args = 0
 371              	.LVL21:
 372 0000 10B5     		push	{r4, lr}
 373              		.cfi_def_cfa_offset 8
 374              		.cfi_offset 4, -8
 375              		.cfi_offset 14, -4
 376 0002 0400     		movs	r4, r0
 107:Generated_Source\PSoC4/SW_ISR.c **** 
 377              		.loc 1 107 0
 378 0004 FFF7FEFF 		bl	SW_ISR_Disable
 379              	.LVL22:
 110:Generated_Source\PSoC4/SW_ISR.c **** 
 380              		.loc 1 110 0
 381 0008 2000     		movs	r0, r4
 382 000a FFF7FEFF 		bl	SW_ISR_SetVector
 383              	.LVL23:
 113:Generated_Source\PSoC4/SW_ISR.c **** 
 384              		.loc 1 113 0
 385 000e 0320     		movs	r0, #3
 386 0010 FFF7FEFF 		bl	SW_ISR_SetPriority
 387              	.LVL24:
 116:Generated_Source\PSoC4/SW_ISR.c **** }
 388              		.loc 1 116 0
 389 0014 FFF7FEFF 		bl	SW_ISR_Enable
 390              	.LVL25:
 117:Generated_Source\PSoC4/SW_ISR.c **** 
 391              		.loc 1 117 0
 392              		@ sp needed
 393              	.LVL26:
 394 0018 10BD     		pop	{r4, pc}
 395              		.cfi_endproc
 396              	.LFE35:
 397              		.size	SW_ISR_StartEx, .-SW_ISR_StartEx
 398 001a C046     		.section	.text.SW_ISR_Stop,"ax",%progbits
 399              		.align	2
 400              		.global	SW_ISR_Stop
 401              		.code	16
 402              		.thumb_func
 403              		.type	SW_ISR_Stop, %function
 404              	SW_ISR_Stop:
 405              	.LFB36:
 135:Generated_Source\PSoC4/SW_ISR.c ****     /* Disable this interrupt. */
 406              		.loc 1 135 0
 407              		.cfi_startproc
 408              		@ args = 0, pretend = 0, frame = 0
 409              		@ frame_needed = 0, uses_anonymous_args = 0
ARM GAS  C:\Users\tyork\AppData\Local\Temp\ccxV3Csw.s 			page 15


 410 0000 10B5     		push	{r4, lr}
 411              		.cfi_def_cfa_offset 8
 412              		.cfi_offset 4, -8
 413              		.cfi_offset 14, -4
 137:Generated_Source\PSoC4/SW_ISR.c **** 
 414              		.loc 1 137 0
 415 0002 FFF7FEFF 		bl	SW_ISR_Disable
 416              	.LVL27:
 140:Generated_Source\PSoC4/SW_ISR.c **** }
 417              		.loc 1 140 0
 418 0006 0248     		ldr	r0, .L32
 419 0008 FFF7FEFF 		bl	SW_ISR_SetVector
 420              	.LVL28:
 141:Generated_Source\PSoC4/SW_ISR.c **** 
 421              		.loc 1 141 0
 422              		@ sp needed
 423 000c 10BD     		pop	{r4, pc}
 424              	.L33:
 425 000e C046     		.align	2
 426              	.L32:
 427 0010 00000000 		.word	IntDefaultHandler
 428              		.cfi_endproc
 429              	.LFE36:
 430              		.size	SW_ISR_Stop, .-SW_ISR_Stop
 431              		.section	.text.SW_ISR_SetPending,"ax",%progbits
 432              		.align	2
 433              		.global	SW_ISR_SetPending
 434              		.code	16
 435              		.thumb_func
 436              		.type	SW_ISR_SetPending, %function
 437              	SW_ISR_SetPending:
 438              	.LFB45:
 376:Generated_Source\PSoC4/SW_ISR.c **** 
 377:Generated_Source\PSoC4/SW_ISR.c **** 
 378:Generated_Source\PSoC4/SW_ISR.c **** /*******************************************************************************
 379:Generated_Source\PSoC4/SW_ISR.c **** * Function Name: SW_ISR_SetPending
 380:Generated_Source\PSoC4/SW_ISR.c **** ********************************************************************************
 381:Generated_Source\PSoC4/SW_ISR.c **** *
 382:Generated_Source\PSoC4/SW_ISR.c **** * Summary:
 383:Generated_Source\PSoC4/SW_ISR.c **** *   Causes the Interrupt to enter the pending state, a software method of
 384:Generated_Source\PSoC4/SW_ISR.c **** *   generating the interrupt.
 385:Generated_Source\PSoC4/SW_ISR.c **** *
 386:Generated_Source\PSoC4/SW_ISR.c **** * Parameters:
 387:Generated_Source\PSoC4/SW_ISR.c **** *   None
 388:Generated_Source\PSoC4/SW_ISR.c **** *
 389:Generated_Source\PSoC4/SW_ISR.c **** * Return:
 390:Generated_Source\PSoC4/SW_ISR.c **** *   None
 391:Generated_Source\PSoC4/SW_ISR.c **** *
 392:Generated_Source\PSoC4/SW_ISR.c **** * Side Effects:
 393:Generated_Source\PSoC4/SW_ISR.c **** *   If interrupts are enabled and the interrupt is set up properly, the ISR is
 394:Generated_Source\PSoC4/SW_ISR.c **** *   entered (depending on the priority of this interrupt and other pending 
 395:Generated_Source\PSoC4/SW_ISR.c **** *   interrupts).
 396:Generated_Source\PSoC4/SW_ISR.c **** *
 397:Generated_Source\PSoC4/SW_ISR.c **** *******************************************************************************/
 398:Generated_Source\PSoC4/SW_ISR.c **** void SW_ISR_SetPending(void)
 399:Generated_Source\PSoC4/SW_ISR.c **** {
 439              		.loc 1 399 0
ARM GAS  C:\Users\tyork\AppData\Local\Temp\ccxV3Csw.s 			page 16


 440              		.cfi_startproc
 441              		@ args = 0, pretend = 0, frame = 0
 442              		@ frame_needed = 0, uses_anonymous_args = 0
 443              		@ link register save eliminated.
 400:Generated_Source\PSoC4/SW_ISR.c ****     *SW_ISR_INTC_SET_PD = SW_ISR__INTC_MASK;
 444              		.loc 1 400 0
 445 0000 0122     		movs	r2, #1
 446 0002 014B     		ldr	r3, .L35
 447 0004 1A60     		str	r2, [r3]
 401:Generated_Source\PSoC4/SW_ISR.c **** }
 448              		.loc 1 401 0
 449              		@ sp needed
 450 0006 7047     		bx	lr
 451              	.L36:
 452              		.align	2
 453              	.L35:
 454 0008 00E200E0 		.word	-536813056
 455              		.cfi_endproc
 456              	.LFE45:
 457              		.size	SW_ISR_SetPending, .-SW_ISR_SetPending
 458              		.section	.text.SW_ISR_ClearPending,"ax",%progbits
 459              		.align	2
 460              		.global	SW_ISR_ClearPending
 461              		.code	16
 462              		.thumb_func
 463              		.type	SW_ISR_ClearPending, %function
 464              	SW_ISR_ClearPending:
 465              	.LFB46:
 402:Generated_Source\PSoC4/SW_ISR.c **** 
 403:Generated_Source\PSoC4/SW_ISR.c **** 
 404:Generated_Source\PSoC4/SW_ISR.c **** /*******************************************************************************
 405:Generated_Source\PSoC4/SW_ISR.c **** * Function Name: SW_ISR_ClearPending
 406:Generated_Source\PSoC4/SW_ISR.c **** ********************************************************************************
 407:Generated_Source\PSoC4/SW_ISR.c **** *
 408:Generated_Source\PSoC4/SW_ISR.c **** * Summary:
 409:Generated_Source\PSoC4/SW_ISR.c **** *   Clears a pending interrupt in the interrupt controller.
 410:Generated_Source\PSoC4/SW_ISR.c **** *
 411:Generated_Source\PSoC4/SW_ISR.c **** *   Note Some interrupt sources are clear-on-read and require the block 
 412:Generated_Source\PSoC4/SW_ISR.c **** *   interrupt/status register to be read/cleared with the appropriate block API 
 413:Generated_Source\PSoC4/SW_ISR.c **** *   (GPIO, UART, and so on). Otherwise the ISR will continue to remain in 
 414:Generated_Source\PSoC4/SW_ISR.c **** *   pending state even though the interrupt itself is cleared using this API.
 415:Generated_Source\PSoC4/SW_ISR.c **** *
 416:Generated_Source\PSoC4/SW_ISR.c **** * Parameters:
 417:Generated_Source\PSoC4/SW_ISR.c **** *   None
 418:Generated_Source\PSoC4/SW_ISR.c **** *
 419:Generated_Source\PSoC4/SW_ISR.c **** * Return:
 420:Generated_Source\PSoC4/SW_ISR.c **** *   None
 421:Generated_Source\PSoC4/SW_ISR.c **** *
 422:Generated_Source\PSoC4/SW_ISR.c **** *******************************************************************************/
 423:Generated_Source\PSoC4/SW_ISR.c **** void SW_ISR_ClearPending(void)
 424:Generated_Source\PSoC4/SW_ISR.c **** {
 466              		.loc 1 424 0
 467              		.cfi_startproc
 468              		@ args = 0, pretend = 0, frame = 0
 469              		@ frame_needed = 0, uses_anonymous_args = 0
 470              		@ link register save eliminated.
 425:Generated_Source\PSoC4/SW_ISR.c ****     *SW_ISR_INTC_CLR_PD = SW_ISR__INTC_MASK;
ARM GAS  C:\Users\tyork\AppData\Local\Temp\ccxV3Csw.s 			page 17


 471              		.loc 1 425 0
 472 0000 0122     		movs	r2, #1
 473 0002 014B     		ldr	r3, .L38
 474 0004 1A60     		str	r2, [r3]
 426:Generated_Source\PSoC4/SW_ISR.c **** }
 475              		.loc 1 426 0
 476              		@ sp needed
 477 0006 7047     		bx	lr
 478              	.L39:
 479              		.align	2
 480              	.L38:
 481 0008 80E200E0 		.word	-536812928
 482              		.cfi_endproc
 483              	.LFE46:
 484              		.size	SW_ISR_ClearPending, .-SW_ISR_ClearPending
 485              		.global	onOff
 486              		.comm	motor_task,4,4
 487              		.comm	lcd_task,4,4
 488              		.comm	blink_task,4,4
 489              		.data
 490              		.align	2
 491              		.set	.LANCHOR0,. + 0
 492              		.type	onOff, %object
 493              		.size	onOff, 4
 494              	onOff:
 495 0000 01000000 		.word	1
 496              		.text
 497              	.Letext0:
 498              		.file 2 "Generated_Source\\PSoC4/cytypes.h"
 499              		.file 3 ".\\FreeRTOS\\Include/task.h"
 500              		.file 4 "Generated_Source\\PSoC4/R_LED.h"
 501              		.file 5 "Generated_Source\\PSoC4/MOTOR.h"
 502              		.file 6 "Generated_Source\\PSoC4\\SW.h"
 503              		.file 7 "Generated_Source\\PSoC4/CyLib.h"
 504              		.section	.debug_info,"",%progbits
 505              	.Ldebug_info0:
 506 0000 02040000 		.4byte	0x402
 507 0004 0400     		.2byte	0x4
 508 0006 00000000 		.4byte	.Ldebug_abbrev0
 509 000a 04       		.byte	0x4
 510 000b 01       		.uleb128 0x1
 511 000c CB010000 		.4byte	.LASF47
 512 0010 0C       		.byte	0xc
 513 0011 55000000 		.4byte	.LASF48
 514 0015 D7020000 		.4byte	.LASF49
 515 0019 00000000 		.4byte	.Ldebug_ranges0+0
 516 001d 00000000 		.4byte	0
 517 0021 00000000 		.4byte	.Ldebug_line0
 518 0025 02       		.uleb128 0x2
 519 0026 01       		.byte	0x1
 520 0027 06       		.byte	0x6
 521 0028 70030000 		.4byte	.LASF0
 522 002c 02       		.uleb128 0x2
 523 002d 01       		.byte	0x1
 524 002e 08       		.byte	0x8
 525 002f B3000000 		.4byte	.LASF1
 526 0033 02       		.uleb128 0x2
ARM GAS  C:\Users\tyork\AppData\Local\Temp\ccxV3Csw.s 			page 18


 527 0034 02       		.byte	0x2
 528 0035 05       		.byte	0x5
 529 0036 CD020000 		.4byte	.LASF2
 530 003a 02       		.uleb128 0x2
 531 003b 02       		.byte	0x2
 532 003c 07       		.byte	0x7
 533 003d 17010000 		.4byte	.LASF3
 534 0041 02       		.uleb128 0x2
 535 0042 04       		.byte	0x4
 536 0043 05       		.byte	0x5
 537 0044 5B030000 		.4byte	.LASF4
 538 0048 02       		.uleb128 0x2
 539 0049 04       		.byte	0x4
 540 004a 07       		.byte	0x7
 541 004b F3000000 		.4byte	.LASF5
 542 004f 02       		.uleb128 0x2
 543 0050 08       		.byte	0x8
 544 0051 05       		.byte	0x5
 545 0052 84020000 		.4byte	.LASF6
 546 0056 02       		.uleb128 0x2
 547 0057 08       		.byte	0x8
 548 0058 07       		.byte	0x7
 549 0059 97010000 		.4byte	.LASF7
 550 005d 03       		.uleb128 0x3
 551 005e 04       		.byte	0x4
 552 005f 05       		.byte	0x5
 553 0060 696E7400 		.ascii	"int\000"
 554 0064 02       		.uleb128 0x2
 555 0065 04       		.byte	0x4
 556 0066 07       		.byte	0x7
 557 0067 82010000 		.4byte	.LASF8
 558 006b 04       		.uleb128 0x4
 559 006c AD000000 		.4byte	.LASF9
 560 0070 02       		.byte	0x2
 561 0071 FC01     		.2byte	0x1fc
 562 0073 2C000000 		.4byte	0x2c
 563 0077 04       		.uleb128 0x4
 564 0078 64010000 		.4byte	.LASF10
 565 007c 02       		.byte	0x2
 566 007d FE01     		.2byte	0x1fe
 567 007f 48000000 		.4byte	0x48
 568 0083 02       		.uleb128 0x2
 569 0084 04       		.byte	0x4
 570 0085 04       		.byte	0x4
 571 0086 A7000000 		.4byte	.LASF11
 572 008a 02       		.uleb128 0x2
 573 008b 08       		.byte	0x8
 574 008c 04       		.byte	0x4
 575 008d 49010000 		.4byte	.LASF12
 576 0091 02       		.uleb128 0x2
 577 0092 01       		.byte	0x1
 578 0093 08       		.byte	0x8
 579 0094 B4020000 		.4byte	.LASF13
 580 0098 04       		.uleb128 0x4
 581 0099 12000000 		.4byte	.LASF14
 582 009d 02       		.byte	0x2
 583 009e A802     		.2byte	0x2a8
ARM GAS  C:\Users\tyork\AppData\Local\Temp\ccxV3Csw.s 			page 19


 584 00a0 A4000000 		.4byte	0xa4
 585 00a4 05       		.uleb128 0x5
 586 00a5 77000000 		.4byte	0x77
 587 00a9 04       		.uleb128 0x4
 588 00aa BE010000 		.4byte	.LASF15
 589 00ae 02       		.byte	0x2
 590 00af B802     		.2byte	0x2b8
 591 00b1 B5000000 		.4byte	0xb5
 592 00b5 06       		.uleb128 0x6
 593 00b6 04       		.byte	0x4
 594 00b7 BB000000 		.4byte	0xbb
 595 00bb 07       		.uleb128 0x7
 596 00bc 02       		.uleb128 0x2
 597 00bd 08       		.byte	0x8
 598 00be 04       		.byte	0x4
 599 00bf 64030000 		.4byte	.LASF16
 600 00c3 02       		.uleb128 0x2
 601 00c4 04       		.byte	0x4
 602 00c5 07       		.byte	0x7
 603 00c6 59020000 		.4byte	.LASF17
 604 00ca 08       		.uleb128 0x8
 605 00cb 3D000000 		.4byte	.LASF18
 606 00cf 03       		.byte	0x3
 607 00d0 57       		.byte	0x57
 608 00d1 D5000000 		.4byte	0xd5
 609 00d5 06       		.uleb128 0x6
 610 00d6 04       		.byte	0x4
 611 00d7 DB000000 		.4byte	0xdb
 612 00db 09       		.uleb128 0x9
 613 00dc 50010000 		.4byte	.LASF50
 614 00e0 0A       		.uleb128 0xa
 615 00e1 A3020000 		.4byte	.LASF19
 616 00e5 01       		.byte	0x1
 617 00e6 A4       		.byte	0xa4
 618 00e7 00000000 		.4byte	.LFB37
 619 00eb 6C000000 		.4byte	.LFE37-.LFB37
 620 00ef 01       		.uleb128 0x1
 621 00f0 9C       		.byte	0x9c
 622 00f1 5B010000 		.4byte	0x15b
 623 00f5 0B       		.uleb128 0xb
 624 00f6 12000000 		.4byte	.LVL0
 625 00fa B6030000 		.4byte	0x3b6
 626 00fe 0B       		.uleb128 0xb
 627 00ff 1A000000 		.4byte	.LVL1
 628 0103 B6030000 		.4byte	0x3b6
 629 0107 0B       		.uleb128 0xb
 630 0108 22000000 		.4byte	.LVL2
 631 010c B6030000 		.4byte	0x3b6
 632 0110 0C       		.uleb128 0xc
 633 0111 28000000 		.4byte	.LVL3
 634 0115 C2030000 		.4byte	0x3c2
 635 0119 23010000 		.4byte	0x123
 636 011d 0D       		.uleb128 0xd
 637 011e 01       		.uleb128 0x1
 638 011f 50       		.byte	0x50
 639 0120 01       		.uleb128 0x1
 640 0121 31       		.byte	0x31
ARM GAS  C:\Users\tyork\AppData\Local\Temp\ccxV3Csw.s 			page 20


 641 0122 00       		.byte	0
 642 0123 0C       		.uleb128 0xc
 643 0124 2E000000 		.4byte	.LVL4
 644 0128 CD030000 		.4byte	0x3cd
 645 012c 36010000 		.4byte	0x136
 646 0130 0D       		.uleb128 0xd
 647 0131 01       		.uleb128 0x1
 648 0132 50       		.byte	0x50
 649 0133 01       		.uleb128 0x1
 650 0134 30       		.byte	0x30
 651 0135 00       		.byte	0
 652 0136 0B       		.uleb128 0xb
 653 0137 3E000000 		.4byte	.LVL5
 654 013b D8030000 		.4byte	0x3d8
 655 013f 0B       		.uleb128 0xb
 656 0140 46000000 		.4byte	.LVL6
 657 0144 D8030000 		.4byte	0x3d8
 658 0148 0B       		.uleb128 0xb
 659 0149 4E000000 		.4byte	.LVL7
 660 014d D8030000 		.4byte	0x3d8
 661 0151 0B       		.uleb128 0xb
 662 0152 58000000 		.4byte	.LVL8
 663 0156 E4030000 		.4byte	0x3e4
 664 015a 00       		.byte	0
 665 015b 0A       		.uleb128 0xa
 666 015c D3000000 		.4byte	.LASF20
 667 0160 01       		.byte	0x1
 668 0161 E0       		.byte	0xe0
 669 0162 00000000 		.4byte	.LFB38
 670 0166 0C000000 		.4byte	.LFE38-.LFB38
 671 016a 01       		.uleb128 0x1
 672 016b 9C       		.byte	0x9c
 673 016c 7E010000 		.4byte	0x17e
 674 0170 0E       		.uleb128 0xe
 675 0171 8F010000 		.4byte	.LASF22
 676 0175 01       		.byte	0x1
 677 0176 E0       		.byte	0xe0
 678 0177 A9000000 		.4byte	0xa9
 679 017b 01       		.uleb128 0x1
 680 017c 50       		.byte	0x50
 681 017d 00       		.byte	0
 682 017e 0F       		.uleb128 0xf
 683 017f 92020000 		.4byte	.LASF26
 684 0183 01       		.byte	0x1
 685 0184 F4       		.byte	0xf4
 686 0185 A9000000 		.4byte	0xa9
 687 0189 00000000 		.4byte	.LFB39
 688 018d 0C000000 		.4byte	.LFE39-.LFB39
 689 0191 01       		.uleb128 0x1
 690 0192 9C       		.byte	0x9c
 691 0193 10       		.uleb128 0x10
 692 0194 7C030000 		.4byte	.LASF21
 693 0198 01       		.byte	0x1
 694 0199 1201     		.2byte	0x112
 695 019b 00000000 		.4byte	.LFB40
 696 019f 20000000 		.4byte	.LFE40-.LFB40
 697 01a3 01       		.uleb128 0x1
ARM GAS  C:\Users\tyork\AppData\Local\Temp\ccxV3Csw.s 			page 21


 698 01a4 9C       		.byte	0x9c
 699 01a5 E9010000 		.4byte	0x1e9
 700 01a9 11       		.uleb128 0x11
 701 01aa 33010000 		.4byte	.LASF23
 702 01ae 01       		.byte	0x1
 703 01af 1201     		.2byte	0x112
 704 01b1 6B000000 		.4byte	0x6b
 705 01b5 00000000 		.4byte	.LLST0
 706 01b9 12       		.uleb128 0x12
 707 01ba E4000000 		.4byte	.LASF24
 708 01be 01       		.byte	0x1
 709 01bf 1401     		.2byte	0x114
 710 01c1 6B000000 		.4byte	0x6b
 711 01c5 21000000 		.4byte	.LLST1
 712 01c9 13       		.uleb128 0x13
 713 01ca 3D030000 		.4byte	.LASF25
 714 01ce 01       		.byte	0x1
 715 01cf 1501     		.2byte	0x115
 716 01d1 77000000 		.4byte	0x77
 717 01d5 06       		.byte	0x6
 718 01d6 0B       		.uleb128 0xb
 719 01d7 08000000 		.4byte	.LVL12
 720 01db EF030000 		.4byte	0x3ef
 721 01df 0B       		.uleb128 0xb
 722 01e0 1A000000 		.4byte	.LVL13
 723 01e4 FA030000 		.4byte	0x3fa
 724 01e8 00       		.byte	0
 725 01e9 14       		.uleb128 0x14
 726 01ea 62020000 		.4byte	.LASF51
 727 01ee 01       		.byte	0x1
 728 01ef 2E01     		.2byte	0x12e
 729 01f1 6B000000 		.4byte	0x6b
 730 01f5 00000000 		.4byte	.LFB41
 731 01f9 10000000 		.4byte	.LFE41-.LFB41
 732 01fd 01       		.uleb128 0x1
 733 01fe 9C       		.byte	0x9c
 734 01ff 21020000 		.4byte	0x221
 735 0203 12       		.uleb128 0x12
 736 0204 33010000 		.4byte	.LASF23
 737 0208 01       		.byte	0x1
 738 0209 3001     		.2byte	0x130
 739 020b 77000000 		.4byte	0x77
 740 020f 34000000 		.4byte	.LLST2
 741 0213 13       		.uleb128 0x13
 742 0214 3D030000 		.4byte	.LASF25
 743 0218 01       		.byte	0x1
 744 0219 3101     		.2byte	0x131
 745 021b 77000000 		.4byte	0x77
 746 021f 06       		.byte	0x6
 747 0220 00       		.byte	0
 748 0221 15       		.uleb128 0x15
 749 0222 8E000000 		.4byte	.LASF28
 750 0226 01       		.byte	0x1
 751 0227 4901     		.2byte	0x149
 752 0229 00000000 		.4byte	.LFB42
 753 022d 0C000000 		.4byte	.LFE42-.LFB42
 754 0231 01       		.uleb128 0x1
ARM GAS  C:\Users\tyork\AppData\Local\Temp\ccxV3Csw.s 			page 22


 755 0232 9C       		.byte	0x9c
 756 0233 16       		.uleb128 0x16
 757 0234 AE010000 		.4byte	.LASF27
 758 0238 01       		.byte	0x1
 759 0239 5E01     		.2byte	0x15e
 760 023b 6B000000 		.4byte	0x6b
 761 023f 00000000 		.4byte	.LFB43
 762 0243 10000000 		.4byte	.LFE43-.LFB43
 763 0247 01       		.uleb128 0x1
 764 0248 9C       		.byte	0x9c
 765 0249 15       		.uleb128 0x15
 766 024a 4C030000 		.4byte	.LASF29
 767 024e 01       		.byte	0x1
 768 024f 7301     		.2byte	0x173
 769 0251 00000000 		.4byte	.LFB44
 770 0255 0C000000 		.4byte	.LFE44-.LFB44
 771 0259 01       		.uleb128 0x1
 772 025a 9C       		.byte	0x9c
 773 025b 0A       		.uleb128 0xa
 774 025c 3C010000 		.4byte	.LASF30
 775 0260 01       		.byte	0x1
 776 0261 3D       		.byte	0x3d
 777 0262 00000000 		.4byte	.LFB34
 778 0266 1C000000 		.4byte	.LFE34-.LFB34
 779 026a 01       		.uleb128 0x1
 780 026b 9C       		.byte	0x9c
 781 026c AD020000 		.4byte	0x2ad
 782 0270 0B       		.uleb128 0xb
 783 0271 06000000 		.4byte	.LVL17
 784 0275 49020000 		.4byte	0x249
 785 0279 0C       		.uleb128 0xc
 786 027a 0C000000 		.4byte	.LVL18
 787 027e 5B010000 		.4byte	0x15b
 788 0282 90020000 		.4byte	0x290
 789 0286 0D       		.uleb128 0xd
 790 0287 01       		.uleb128 0x1
 791 0288 50       		.byte	0x50
 792 0289 05       		.uleb128 0x5
 793 028a 03       		.byte	0x3
 794 028b 00000000 		.4byte	SW_ISR_Interrupt
 795 028f 00       		.byte	0
 796 0290 0C       		.uleb128 0xc
 797 0291 12000000 		.4byte	.LVL19
 798 0295 93010000 		.4byte	0x193
 799 0299 A3020000 		.4byte	0x2a3
 800 029d 0D       		.uleb128 0xd
 801 029e 01       		.uleb128 0x1
 802 029f 50       		.byte	0x50
 803 02a0 01       		.uleb128 0x1
 804 02a1 33       		.byte	0x33
 805 02a2 00       		.byte	0
 806 02a3 0B       		.uleb128 0xb
 807 02a4 16000000 		.4byte	.LVL20
 808 02a8 21020000 		.4byte	0x221
 809 02ac 00       		.byte	0
 810 02ad 0A       		.uleb128 0xa
 811 02ae 75020000 		.4byte	.LASF31
ARM GAS  C:\Users\tyork\AppData\Local\Temp\ccxV3Csw.s 			page 23


 812 02b2 01       		.byte	0x1
 813 02b3 68       		.byte	0x68
 814 02b4 00000000 		.4byte	.LFB35
 815 02b8 1A000000 		.4byte	.LFE35-.LFB35
 816 02bc 01       		.uleb128 0x1
 817 02bd 9C       		.byte	0x9c
 818 02be 0B030000 		.4byte	0x30b
 819 02c2 17       		.uleb128 0x17
 820 02c3 8F010000 		.4byte	.LASF22
 821 02c7 01       		.byte	0x1
 822 02c8 68       		.byte	0x68
 823 02c9 A9000000 		.4byte	0xa9
 824 02cd 56000000 		.4byte	.LLST3
 825 02d1 0B       		.uleb128 0xb
 826 02d2 08000000 		.4byte	.LVL22
 827 02d6 49020000 		.4byte	0x249
 828 02da 0C       		.uleb128 0xc
 829 02db 0E000000 		.4byte	.LVL23
 830 02df 5B010000 		.4byte	0x15b
 831 02e3 EE020000 		.4byte	0x2ee
 832 02e7 0D       		.uleb128 0xd
 833 02e8 01       		.uleb128 0x1
 834 02e9 50       		.byte	0x50
 835 02ea 02       		.uleb128 0x2
 836 02eb 74       		.byte	0x74
 837 02ec 00       		.sleb128 0
 838 02ed 00       		.byte	0
 839 02ee 0C       		.uleb128 0xc
 840 02ef 14000000 		.4byte	.LVL24
 841 02f3 93010000 		.4byte	0x193
 842 02f7 01030000 		.4byte	0x301
 843 02fb 0D       		.uleb128 0xd
 844 02fc 01       		.uleb128 0x1
 845 02fd 50       		.byte	0x50
 846 02fe 01       		.uleb128 0x1
 847 02ff 33       		.byte	0x33
 848 0300 00       		.byte	0
 849 0301 0B       		.uleb128 0xb
 850 0302 18000000 		.4byte	.LVL25
 851 0306 21020000 		.4byte	0x221
 852 030a 00       		.byte	0
 853 030b 0A       		.uleb128 0xa
 854 030c C1000000 		.4byte	.LASF32
 855 0310 01       		.byte	0x1
 856 0311 86       		.byte	0x86
 857 0312 00000000 		.4byte	.LFB36
 858 0316 14000000 		.4byte	.LFE36-.LFB36
 859 031a 01       		.uleb128 0x1
 860 031b 9C       		.byte	0x9c
 861 031c 33030000 		.4byte	0x333
 862 0320 0B       		.uleb128 0xb
 863 0321 06000000 		.4byte	.LVL27
 864 0325 49020000 		.4byte	0x249
 865 0329 0B       		.uleb128 0xb
 866 032a 0C000000 		.4byte	.LVL28
 867 032e 5B010000 		.4byte	0x15b
 868 0332 00       		.byte	0
ARM GAS  C:\Users\tyork\AppData\Local\Temp\ccxV3Csw.s 			page 24


 869 0333 15       		.uleb128 0x15
 870 0334 05010000 		.4byte	.LASF33
 871 0338 01       		.byte	0x1
 872 0339 8E01     		.2byte	0x18e
 873 033b 00000000 		.4byte	.LFB45
 874 033f 0C000000 		.4byte	.LFE45-.LFB45
 875 0343 01       		.uleb128 0x1
 876 0344 9C       		.byte	0x9c
 877 0345 15       		.uleb128 0x15
 878 0346 B9020000 		.4byte	.LASF34
 879 034a 01       		.byte	0x1
 880 034b A701     		.2byte	0x1a7
 881 034d 00000000 		.4byte	.LFB46
 882 0351 0C000000 		.4byte	.LFE46-.LFB46
 883 0355 01       		.uleb128 0x1
 884 0356 9C       		.byte	0x9c
 885 0357 18       		.uleb128 0x18
 886 0358 9C000000 		.4byte	.LASF35
 887 035c 01       		.byte	0x1
 888 035d 22       		.byte	0x22
 889 035e CA000000 		.4byte	0xca
 890 0362 05       		.uleb128 0x5
 891 0363 03       		.byte	0x3
 892 0364 00000000 		.4byte	blink_task
 893 0368 18       		.uleb128 0x18
 894 0369 2A010000 		.4byte	.LASF36
 895 036d 01       		.byte	0x1
 896 036e 22       		.byte	0x22
 897 036f CA000000 		.4byte	0xca
 898 0373 05       		.uleb128 0x5
 899 0374 03       		.byte	0x3
 900 0375 00000000 		.4byte	lcd_task
 901 0379 18       		.uleb128 0x18
 902 037a 4A000000 		.4byte	.LASF37
 903 037e 01       		.byte	0x1
 904 037f 22       		.byte	0x22
 905 0380 CA000000 		.4byte	0xca
 906 0384 05       		.uleb128 0x5
 907 0385 03       		.byte	0x3
 908 0386 00000000 		.4byte	motor_task
 909 038a 18       		.uleb128 0x18
 910 038b CD000000 		.4byte	.LASF38
 911 038f 01       		.byte	0x1
 912 0390 23       		.byte	0x23
 913 0391 5D000000 		.4byte	0x5d
 914 0395 05       		.uleb128 0x5
 915 0396 03       		.byte	0x3
 916 0397 00000000 		.4byte	onOff
 917 039b 19       		.uleb128 0x19
 918 039c A9000000 		.4byte	0xa9
 919 03a0 AB030000 		.4byte	0x3ab
 920 03a4 1A       		.uleb128 0x1a
 921 03a5 C3000000 		.4byte	0xc3
 922 03a9 2F       		.byte	0x2f
 923 03aa 00       		.byte	0
 924 03ab 1B       		.uleb128 0x1b
 925 03ac 30000000 		.4byte	.LASF39
ARM GAS  C:\Users\tyork\AppData\Local\Temp\ccxV3Csw.s 			page 25


 926 03b0 01       		.byte	0x1
 927 03b1 26       		.byte	0x26
 928 03b2 9B030000 		.4byte	0x39b
 929 03b6 1C       		.uleb128 0x1c
 930 03b7 81000000 		.4byte	.LASF40
 931 03bb 81000000 		.4byte	.LASF40
 932 03bf 03       		.byte	0x3
 933 03c0 7604     		.2byte	0x476
 934 03c2 1D       		.uleb128 0x1d
 935 03c3 24000000 		.4byte	.LASF41
 936 03c7 24000000 		.4byte	.LASF41
 937 03cb 04       		.byte	0x4
 938 03cc 33       		.byte	0x33
 939 03cd 1D       		.uleb128 0x1d
 940 03ce 75000000 		.4byte	.LASF42
 941 03d2 75000000 		.4byte	.LASF42
 942 03d6 05       		.byte	0x5
 943 03d7 33       		.byte	0x33
 944 03d8 1C       		.uleb128 0x1c
 945 03d9 18000000 		.4byte	.LASF43
 946 03dd 18000000 		.4byte	.LASF43
 947 03e1 03       		.byte	0x3
 948 03e2 A904     		.2byte	0x4a9
 949 03e4 1D       		.uleb128 0x1d
 950 03e5 00000000 		.4byte	.LASF44
 951 03e9 00000000 		.4byte	.LASF44
 952 03ed 06       		.byte	0x6
 953 03ee 39       		.byte	0x39
 954 03ef 1D       		.uleb128 0x1d
 955 03f0 6B010000 		.4byte	.LASF45
 956 03f4 6B010000 		.4byte	.LASF45
 957 03f8 07       		.byte	0x7
 958 03f9 F8       		.byte	0xf8
 959 03fa 1D       		.uleb128 0x1d
 960 03fb 27030000 		.4byte	.LASF46
 961 03ff 27030000 		.4byte	.LASF46
 962 0403 07       		.byte	0x7
 963 0404 F9       		.byte	0xf9
 964 0405 00       		.byte	0
 965              		.section	.debug_abbrev,"",%progbits
 966              	.Ldebug_abbrev0:
 967 0000 01       		.uleb128 0x1
 968 0001 11       		.uleb128 0x11
 969 0002 01       		.byte	0x1
 970 0003 25       		.uleb128 0x25
 971 0004 0E       		.uleb128 0xe
 972 0005 13       		.uleb128 0x13
 973 0006 0B       		.uleb128 0xb
 974 0007 03       		.uleb128 0x3
 975 0008 0E       		.uleb128 0xe
 976 0009 1B       		.uleb128 0x1b
 977 000a 0E       		.uleb128 0xe
 978 000b 55       		.uleb128 0x55
 979 000c 17       		.uleb128 0x17
 980 000d 11       		.uleb128 0x11
 981 000e 01       		.uleb128 0x1
 982 000f 10       		.uleb128 0x10
ARM GAS  C:\Users\tyork\AppData\Local\Temp\ccxV3Csw.s 			page 26


 983 0010 17       		.uleb128 0x17
 984 0011 00       		.byte	0
 985 0012 00       		.byte	0
 986 0013 02       		.uleb128 0x2
 987 0014 24       		.uleb128 0x24
 988 0015 00       		.byte	0
 989 0016 0B       		.uleb128 0xb
 990 0017 0B       		.uleb128 0xb
 991 0018 3E       		.uleb128 0x3e
 992 0019 0B       		.uleb128 0xb
 993 001a 03       		.uleb128 0x3
 994 001b 0E       		.uleb128 0xe
 995 001c 00       		.byte	0
 996 001d 00       		.byte	0
 997 001e 03       		.uleb128 0x3
 998 001f 24       		.uleb128 0x24
 999 0020 00       		.byte	0
 1000 0021 0B       		.uleb128 0xb
 1001 0022 0B       		.uleb128 0xb
 1002 0023 3E       		.uleb128 0x3e
 1003 0024 0B       		.uleb128 0xb
 1004 0025 03       		.uleb128 0x3
 1005 0026 08       		.uleb128 0x8
 1006 0027 00       		.byte	0
 1007 0028 00       		.byte	0
 1008 0029 04       		.uleb128 0x4
 1009 002a 16       		.uleb128 0x16
 1010 002b 00       		.byte	0
 1011 002c 03       		.uleb128 0x3
 1012 002d 0E       		.uleb128 0xe
 1013 002e 3A       		.uleb128 0x3a
 1014 002f 0B       		.uleb128 0xb
 1015 0030 3B       		.uleb128 0x3b
 1016 0031 05       		.uleb128 0x5
 1017 0032 49       		.uleb128 0x49
 1018 0033 13       		.uleb128 0x13
 1019 0034 00       		.byte	0
 1020 0035 00       		.byte	0
 1021 0036 05       		.uleb128 0x5
 1022 0037 35       		.uleb128 0x35
 1023 0038 00       		.byte	0
 1024 0039 49       		.uleb128 0x49
 1025 003a 13       		.uleb128 0x13
 1026 003b 00       		.byte	0
 1027 003c 00       		.byte	0
 1028 003d 06       		.uleb128 0x6
 1029 003e 0F       		.uleb128 0xf
 1030 003f 00       		.byte	0
 1031 0040 0B       		.uleb128 0xb
 1032 0041 0B       		.uleb128 0xb
 1033 0042 49       		.uleb128 0x49
 1034 0043 13       		.uleb128 0x13
 1035 0044 00       		.byte	0
 1036 0045 00       		.byte	0
 1037 0046 07       		.uleb128 0x7
 1038 0047 15       		.uleb128 0x15
 1039 0048 00       		.byte	0
ARM GAS  C:\Users\tyork\AppData\Local\Temp\ccxV3Csw.s 			page 27


 1040 0049 27       		.uleb128 0x27
 1041 004a 19       		.uleb128 0x19
 1042 004b 00       		.byte	0
 1043 004c 00       		.byte	0
 1044 004d 08       		.uleb128 0x8
 1045 004e 16       		.uleb128 0x16
 1046 004f 00       		.byte	0
 1047 0050 03       		.uleb128 0x3
 1048 0051 0E       		.uleb128 0xe
 1049 0052 3A       		.uleb128 0x3a
 1050 0053 0B       		.uleb128 0xb
 1051 0054 3B       		.uleb128 0x3b
 1052 0055 0B       		.uleb128 0xb
 1053 0056 49       		.uleb128 0x49
 1054 0057 13       		.uleb128 0x13
 1055 0058 00       		.byte	0
 1056 0059 00       		.byte	0
 1057 005a 09       		.uleb128 0x9
 1058 005b 13       		.uleb128 0x13
 1059 005c 00       		.byte	0
 1060 005d 03       		.uleb128 0x3
 1061 005e 0E       		.uleb128 0xe
 1062 005f 3C       		.uleb128 0x3c
 1063 0060 19       		.uleb128 0x19
 1064 0061 00       		.byte	0
 1065 0062 00       		.byte	0
 1066 0063 0A       		.uleb128 0xa
 1067 0064 2E       		.uleb128 0x2e
 1068 0065 01       		.byte	0x1
 1069 0066 3F       		.uleb128 0x3f
 1070 0067 19       		.uleb128 0x19
 1071 0068 03       		.uleb128 0x3
 1072 0069 0E       		.uleb128 0xe
 1073 006a 3A       		.uleb128 0x3a
 1074 006b 0B       		.uleb128 0xb
 1075 006c 3B       		.uleb128 0x3b
 1076 006d 0B       		.uleb128 0xb
 1077 006e 27       		.uleb128 0x27
 1078 006f 19       		.uleb128 0x19
 1079 0070 11       		.uleb128 0x11
 1080 0071 01       		.uleb128 0x1
 1081 0072 12       		.uleb128 0x12
 1082 0073 06       		.uleb128 0x6
 1083 0074 40       		.uleb128 0x40
 1084 0075 18       		.uleb128 0x18
 1085 0076 9742     		.uleb128 0x2117
 1086 0078 19       		.uleb128 0x19
 1087 0079 01       		.uleb128 0x1
 1088 007a 13       		.uleb128 0x13
 1089 007b 00       		.byte	0
 1090 007c 00       		.byte	0
 1091 007d 0B       		.uleb128 0xb
 1092 007e 898201   		.uleb128 0x4109
 1093 0081 00       		.byte	0
 1094 0082 11       		.uleb128 0x11
 1095 0083 01       		.uleb128 0x1
 1096 0084 31       		.uleb128 0x31
ARM GAS  C:\Users\tyork\AppData\Local\Temp\ccxV3Csw.s 			page 28


 1097 0085 13       		.uleb128 0x13
 1098 0086 00       		.byte	0
 1099 0087 00       		.byte	0
 1100 0088 0C       		.uleb128 0xc
 1101 0089 898201   		.uleb128 0x4109
 1102 008c 01       		.byte	0x1
 1103 008d 11       		.uleb128 0x11
 1104 008e 01       		.uleb128 0x1
 1105 008f 31       		.uleb128 0x31
 1106 0090 13       		.uleb128 0x13
 1107 0091 01       		.uleb128 0x1
 1108 0092 13       		.uleb128 0x13
 1109 0093 00       		.byte	0
 1110 0094 00       		.byte	0
 1111 0095 0D       		.uleb128 0xd
 1112 0096 8A8201   		.uleb128 0x410a
 1113 0099 00       		.byte	0
 1114 009a 02       		.uleb128 0x2
 1115 009b 18       		.uleb128 0x18
 1116 009c 9142     		.uleb128 0x2111
 1117 009e 18       		.uleb128 0x18
 1118 009f 00       		.byte	0
 1119 00a0 00       		.byte	0
 1120 00a1 0E       		.uleb128 0xe
 1121 00a2 05       		.uleb128 0x5
 1122 00a3 00       		.byte	0
 1123 00a4 03       		.uleb128 0x3
 1124 00a5 0E       		.uleb128 0xe
 1125 00a6 3A       		.uleb128 0x3a
 1126 00a7 0B       		.uleb128 0xb
 1127 00a8 3B       		.uleb128 0x3b
 1128 00a9 0B       		.uleb128 0xb
 1129 00aa 49       		.uleb128 0x49
 1130 00ab 13       		.uleb128 0x13
 1131 00ac 02       		.uleb128 0x2
 1132 00ad 18       		.uleb128 0x18
 1133 00ae 00       		.byte	0
 1134 00af 00       		.byte	0
 1135 00b0 0F       		.uleb128 0xf
 1136 00b1 2E       		.uleb128 0x2e
 1137 00b2 00       		.byte	0
 1138 00b3 3F       		.uleb128 0x3f
 1139 00b4 19       		.uleb128 0x19
 1140 00b5 03       		.uleb128 0x3
 1141 00b6 0E       		.uleb128 0xe
 1142 00b7 3A       		.uleb128 0x3a
 1143 00b8 0B       		.uleb128 0xb
 1144 00b9 3B       		.uleb128 0x3b
 1145 00ba 0B       		.uleb128 0xb
 1146 00bb 27       		.uleb128 0x27
 1147 00bc 19       		.uleb128 0x19
 1148 00bd 49       		.uleb128 0x49
 1149 00be 13       		.uleb128 0x13
 1150 00bf 11       		.uleb128 0x11
 1151 00c0 01       		.uleb128 0x1
 1152 00c1 12       		.uleb128 0x12
 1153 00c2 06       		.uleb128 0x6
ARM GAS  C:\Users\tyork\AppData\Local\Temp\ccxV3Csw.s 			page 29


 1154 00c3 40       		.uleb128 0x40
 1155 00c4 18       		.uleb128 0x18
 1156 00c5 9742     		.uleb128 0x2117
 1157 00c7 19       		.uleb128 0x19
 1158 00c8 00       		.byte	0
 1159 00c9 00       		.byte	0
 1160 00ca 10       		.uleb128 0x10
 1161 00cb 2E       		.uleb128 0x2e
 1162 00cc 01       		.byte	0x1
 1163 00cd 3F       		.uleb128 0x3f
 1164 00ce 19       		.uleb128 0x19
 1165 00cf 03       		.uleb128 0x3
 1166 00d0 0E       		.uleb128 0xe
 1167 00d1 3A       		.uleb128 0x3a
 1168 00d2 0B       		.uleb128 0xb
 1169 00d3 3B       		.uleb128 0x3b
 1170 00d4 05       		.uleb128 0x5
 1171 00d5 27       		.uleb128 0x27
 1172 00d6 19       		.uleb128 0x19
 1173 00d7 11       		.uleb128 0x11
 1174 00d8 01       		.uleb128 0x1
 1175 00d9 12       		.uleb128 0x12
 1176 00da 06       		.uleb128 0x6
 1177 00db 40       		.uleb128 0x40
 1178 00dc 18       		.uleb128 0x18
 1179 00dd 9742     		.uleb128 0x2117
 1180 00df 19       		.uleb128 0x19
 1181 00e0 01       		.uleb128 0x1
 1182 00e1 13       		.uleb128 0x13
 1183 00e2 00       		.byte	0
 1184 00e3 00       		.byte	0
 1185 00e4 11       		.uleb128 0x11
 1186 00e5 05       		.uleb128 0x5
 1187 00e6 00       		.byte	0
 1188 00e7 03       		.uleb128 0x3
 1189 00e8 0E       		.uleb128 0xe
 1190 00e9 3A       		.uleb128 0x3a
 1191 00ea 0B       		.uleb128 0xb
 1192 00eb 3B       		.uleb128 0x3b
 1193 00ec 05       		.uleb128 0x5
 1194 00ed 49       		.uleb128 0x49
 1195 00ee 13       		.uleb128 0x13
 1196 00ef 02       		.uleb128 0x2
 1197 00f0 17       		.uleb128 0x17
 1198 00f1 00       		.byte	0
 1199 00f2 00       		.byte	0
 1200 00f3 12       		.uleb128 0x12
 1201 00f4 34       		.uleb128 0x34
 1202 00f5 00       		.byte	0
 1203 00f6 03       		.uleb128 0x3
 1204 00f7 0E       		.uleb128 0xe
 1205 00f8 3A       		.uleb128 0x3a
 1206 00f9 0B       		.uleb128 0xb
 1207 00fa 3B       		.uleb128 0x3b
 1208 00fb 05       		.uleb128 0x5
 1209 00fc 49       		.uleb128 0x49
 1210 00fd 13       		.uleb128 0x13
ARM GAS  C:\Users\tyork\AppData\Local\Temp\ccxV3Csw.s 			page 30


 1211 00fe 02       		.uleb128 0x2
 1212 00ff 17       		.uleb128 0x17
 1213 0100 00       		.byte	0
 1214 0101 00       		.byte	0
 1215 0102 13       		.uleb128 0x13
 1216 0103 34       		.uleb128 0x34
 1217 0104 00       		.byte	0
 1218 0105 03       		.uleb128 0x3
 1219 0106 0E       		.uleb128 0xe
 1220 0107 3A       		.uleb128 0x3a
 1221 0108 0B       		.uleb128 0xb
 1222 0109 3B       		.uleb128 0x3b
 1223 010a 05       		.uleb128 0x5
 1224 010b 49       		.uleb128 0x49
 1225 010c 13       		.uleb128 0x13
 1226 010d 1C       		.uleb128 0x1c
 1227 010e 0B       		.uleb128 0xb
 1228 010f 00       		.byte	0
 1229 0110 00       		.byte	0
 1230 0111 14       		.uleb128 0x14
 1231 0112 2E       		.uleb128 0x2e
 1232 0113 01       		.byte	0x1
 1233 0114 3F       		.uleb128 0x3f
 1234 0115 19       		.uleb128 0x19
 1235 0116 03       		.uleb128 0x3
 1236 0117 0E       		.uleb128 0xe
 1237 0118 3A       		.uleb128 0x3a
 1238 0119 0B       		.uleb128 0xb
 1239 011a 3B       		.uleb128 0x3b
 1240 011b 05       		.uleb128 0x5
 1241 011c 27       		.uleb128 0x27
 1242 011d 19       		.uleb128 0x19
 1243 011e 49       		.uleb128 0x49
 1244 011f 13       		.uleb128 0x13
 1245 0120 11       		.uleb128 0x11
 1246 0121 01       		.uleb128 0x1
 1247 0122 12       		.uleb128 0x12
 1248 0123 06       		.uleb128 0x6
 1249 0124 40       		.uleb128 0x40
 1250 0125 18       		.uleb128 0x18
 1251 0126 9742     		.uleb128 0x2117
 1252 0128 19       		.uleb128 0x19
 1253 0129 01       		.uleb128 0x1
 1254 012a 13       		.uleb128 0x13
 1255 012b 00       		.byte	0
 1256 012c 00       		.byte	0
 1257 012d 15       		.uleb128 0x15
 1258 012e 2E       		.uleb128 0x2e
 1259 012f 00       		.byte	0
 1260 0130 3F       		.uleb128 0x3f
 1261 0131 19       		.uleb128 0x19
 1262 0132 03       		.uleb128 0x3
 1263 0133 0E       		.uleb128 0xe
 1264 0134 3A       		.uleb128 0x3a
 1265 0135 0B       		.uleb128 0xb
 1266 0136 3B       		.uleb128 0x3b
 1267 0137 05       		.uleb128 0x5
ARM GAS  C:\Users\tyork\AppData\Local\Temp\ccxV3Csw.s 			page 31


 1268 0138 27       		.uleb128 0x27
 1269 0139 19       		.uleb128 0x19
 1270 013a 11       		.uleb128 0x11
 1271 013b 01       		.uleb128 0x1
 1272 013c 12       		.uleb128 0x12
 1273 013d 06       		.uleb128 0x6
 1274 013e 40       		.uleb128 0x40
 1275 013f 18       		.uleb128 0x18
 1276 0140 9742     		.uleb128 0x2117
 1277 0142 19       		.uleb128 0x19
 1278 0143 00       		.byte	0
 1279 0144 00       		.byte	0
 1280 0145 16       		.uleb128 0x16
 1281 0146 2E       		.uleb128 0x2e
 1282 0147 00       		.byte	0
 1283 0148 3F       		.uleb128 0x3f
 1284 0149 19       		.uleb128 0x19
 1285 014a 03       		.uleb128 0x3
 1286 014b 0E       		.uleb128 0xe
 1287 014c 3A       		.uleb128 0x3a
 1288 014d 0B       		.uleb128 0xb
 1289 014e 3B       		.uleb128 0x3b
 1290 014f 05       		.uleb128 0x5
 1291 0150 27       		.uleb128 0x27
 1292 0151 19       		.uleb128 0x19
 1293 0152 49       		.uleb128 0x49
 1294 0153 13       		.uleb128 0x13
 1295 0154 11       		.uleb128 0x11
 1296 0155 01       		.uleb128 0x1
 1297 0156 12       		.uleb128 0x12
 1298 0157 06       		.uleb128 0x6
 1299 0158 40       		.uleb128 0x40
 1300 0159 18       		.uleb128 0x18
 1301 015a 9742     		.uleb128 0x2117
 1302 015c 19       		.uleb128 0x19
 1303 015d 00       		.byte	0
 1304 015e 00       		.byte	0
 1305 015f 17       		.uleb128 0x17
 1306 0160 05       		.uleb128 0x5
 1307 0161 00       		.byte	0
 1308 0162 03       		.uleb128 0x3
 1309 0163 0E       		.uleb128 0xe
 1310 0164 3A       		.uleb128 0x3a
 1311 0165 0B       		.uleb128 0xb
 1312 0166 3B       		.uleb128 0x3b
 1313 0167 0B       		.uleb128 0xb
 1314 0168 49       		.uleb128 0x49
 1315 0169 13       		.uleb128 0x13
 1316 016a 02       		.uleb128 0x2
 1317 016b 17       		.uleb128 0x17
 1318 016c 00       		.byte	0
 1319 016d 00       		.byte	0
 1320 016e 18       		.uleb128 0x18
 1321 016f 34       		.uleb128 0x34
 1322 0170 00       		.byte	0
 1323 0171 03       		.uleb128 0x3
 1324 0172 0E       		.uleb128 0xe
ARM GAS  C:\Users\tyork\AppData\Local\Temp\ccxV3Csw.s 			page 32


 1325 0173 3A       		.uleb128 0x3a
 1326 0174 0B       		.uleb128 0xb
 1327 0175 3B       		.uleb128 0x3b
 1328 0176 0B       		.uleb128 0xb
 1329 0177 49       		.uleb128 0x49
 1330 0178 13       		.uleb128 0x13
 1331 0179 3F       		.uleb128 0x3f
 1332 017a 19       		.uleb128 0x19
 1333 017b 02       		.uleb128 0x2
 1334 017c 18       		.uleb128 0x18
 1335 017d 00       		.byte	0
 1336 017e 00       		.byte	0
 1337 017f 19       		.uleb128 0x19
 1338 0180 01       		.uleb128 0x1
 1339 0181 01       		.byte	0x1
 1340 0182 49       		.uleb128 0x49
 1341 0183 13       		.uleb128 0x13
 1342 0184 01       		.uleb128 0x1
 1343 0185 13       		.uleb128 0x13
 1344 0186 00       		.byte	0
 1345 0187 00       		.byte	0
 1346 0188 1A       		.uleb128 0x1a
 1347 0189 21       		.uleb128 0x21
 1348 018a 00       		.byte	0
 1349 018b 49       		.uleb128 0x49
 1350 018c 13       		.uleb128 0x13
 1351 018d 2F       		.uleb128 0x2f
 1352 018e 0B       		.uleb128 0xb
 1353 018f 00       		.byte	0
 1354 0190 00       		.byte	0
 1355 0191 1B       		.uleb128 0x1b
 1356 0192 34       		.uleb128 0x34
 1357 0193 00       		.byte	0
 1358 0194 03       		.uleb128 0x3
 1359 0195 0E       		.uleb128 0xe
 1360 0196 3A       		.uleb128 0x3a
 1361 0197 0B       		.uleb128 0xb
 1362 0198 3B       		.uleb128 0x3b
 1363 0199 0B       		.uleb128 0xb
 1364 019a 49       		.uleb128 0x49
 1365 019b 13       		.uleb128 0x13
 1366 019c 3F       		.uleb128 0x3f
 1367 019d 19       		.uleb128 0x19
 1368 019e 3C       		.uleb128 0x3c
 1369 019f 19       		.uleb128 0x19
 1370 01a0 00       		.byte	0
 1371 01a1 00       		.byte	0
 1372 01a2 1C       		.uleb128 0x1c
 1373 01a3 2E       		.uleb128 0x2e
 1374 01a4 00       		.byte	0
 1375 01a5 3F       		.uleb128 0x3f
 1376 01a6 19       		.uleb128 0x19
 1377 01a7 3C       		.uleb128 0x3c
 1378 01a8 19       		.uleb128 0x19
 1379 01a9 6E       		.uleb128 0x6e
 1380 01aa 0E       		.uleb128 0xe
 1381 01ab 03       		.uleb128 0x3
ARM GAS  C:\Users\tyork\AppData\Local\Temp\ccxV3Csw.s 			page 33


 1382 01ac 0E       		.uleb128 0xe
 1383 01ad 3A       		.uleb128 0x3a
 1384 01ae 0B       		.uleb128 0xb
 1385 01af 3B       		.uleb128 0x3b
 1386 01b0 05       		.uleb128 0x5
 1387 01b1 00       		.byte	0
 1388 01b2 00       		.byte	0
 1389 01b3 1D       		.uleb128 0x1d
 1390 01b4 2E       		.uleb128 0x2e
 1391 01b5 00       		.byte	0
 1392 01b6 3F       		.uleb128 0x3f
 1393 01b7 19       		.uleb128 0x19
 1394 01b8 3C       		.uleb128 0x3c
 1395 01b9 19       		.uleb128 0x19
 1396 01ba 6E       		.uleb128 0x6e
 1397 01bb 0E       		.uleb128 0xe
 1398 01bc 03       		.uleb128 0x3
 1399 01bd 0E       		.uleb128 0xe
 1400 01be 3A       		.uleb128 0x3a
 1401 01bf 0B       		.uleb128 0xb
 1402 01c0 3B       		.uleb128 0x3b
 1403 01c1 0B       		.uleb128 0xb
 1404 01c2 00       		.byte	0
 1405 01c3 00       		.byte	0
 1406 01c4 00       		.byte	0
 1407              		.section	.debug_loc,"",%progbits
 1408              	.Ldebug_loc0:
 1409              	.LLST0:
 1410 0000 00000000 		.4byte	.LVL10
 1411 0004 07000000 		.4byte	.LVL12-1
 1412 0008 0100     		.2byte	0x1
 1413 000a 50       		.byte	0x50
 1414 000b 07000000 		.4byte	.LVL12-1
 1415 000f 20000000 		.4byte	.LFE40
 1416 0013 0400     		.2byte	0x4
 1417 0015 F3       		.byte	0xf3
 1418 0016 01       		.uleb128 0x1
 1419 0017 50       		.byte	0x50
 1420 0018 9F       		.byte	0x9f
 1421 0019 00000000 		.4byte	0
 1422 001d 00000000 		.4byte	0
 1423              	.LLST1:
 1424 0021 08000000 		.4byte	.LVL12
 1425 0025 19000000 		.4byte	.LVL13-1
 1426 0029 0100     		.2byte	0x1
 1427 002b 50       		.byte	0x50
 1428 002c 00000000 		.4byte	0
 1429 0030 00000000 		.4byte	0
 1430              	.LLST2:
 1431 0034 06000000 		.4byte	.LVL15
 1432 0038 0A000000 		.4byte	.LVL16
 1433 003c 0500     		.2byte	0x5
 1434 003e 70       		.byte	0x70
 1435 003f 00       		.sleb128 0
 1436 0040 33       		.byte	0x33
 1437 0041 1A       		.byte	0x1a
 1438 0042 9F       		.byte	0x9f
ARM GAS  C:\Users\tyork\AppData\Local\Temp\ccxV3Csw.s 			page 34


 1439 0043 0A000000 		.4byte	.LVL16
 1440 0047 10000000 		.4byte	.LFE41
 1441 004b 0100     		.2byte	0x1
 1442 004d 50       		.byte	0x50
 1443 004e 00000000 		.4byte	0
 1444 0052 00000000 		.4byte	0
 1445              	.LLST3:
 1446 0056 00000000 		.4byte	.LVL21
 1447 005a 07000000 		.4byte	.LVL22-1
 1448 005e 0100     		.2byte	0x1
 1449 0060 50       		.byte	0x50
 1450 0061 07000000 		.4byte	.LVL22-1
 1451 0065 18000000 		.4byte	.LVL26
 1452 0069 0100     		.2byte	0x1
 1453 006b 54       		.byte	0x54
 1454 006c 18000000 		.4byte	.LVL26
 1455 0070 1A000000 		.4byte	.LFE35
 1456 0074 0400     		.2byte	0x4
 1457 0076 F3       		.byte	0xf3
 1458 0077 01       		.uleb128 0x1
 1459 0078 50       		.byte	0x50
 1460 0079 9F       		.byte	0x9f
 1461 007a 00000000 		.4byte	0
 1462 007e 00000000 		.4byte	0
 1463              		.section	.debug_aranges,"",%progbits
 1464 0000 7C000000 		.4byte	0x7c
 1465 0004 0200     		.2byte	0x2
 1466 0006 00000000 		.4byte	.Ldebug_info0
 1467 000a 04       		.byte	0x4
 1468 000b 00       		.byte	0
 1469 000c 0000     		.2byte	0
 1470 000e 0000     		.2byte	0
 1471 0010 00000000 		.4byte	.LFB37
 1472 0014 6C000000 		.4byte	.LFE37-.LFB37
 1473 0018 00000000 		.4byte	.LFB38
 1474 001c 0C000000 		.4byte	.LFE38-.LFB38
 1475 0020 00000000 		.4byte	.LFB39
 1476 0024 0C000000 		.4byte	.LFE39-.LFB39
 1477 0028 00000000 		.4byte	.LFB40
 1478 002c 20000000 		.4byte	.LFE40-.LFB40
 1479 0030 00000000 		.4byte	.LFB41
 1480 0034 10000000 		.4byte	.LFE41-.LFB41
 1481 0038 00000000 		.4byte	.LFB42
 1482 003c 0C000000 		.4byte	.LFE42-.LFB42
 1483 0040 00000000 		.4byte	.LFB43
 1484 0044 10000000 		.4byte	.LFE43-.LFB43
 1485 0048 00000000 		.4byte	.LFB44
 1486 004c 0C000000 		.4byte	.LFE44-.LFB44
 1487 0050 00000000 		.4byte	.LFB34
 1488 0054 1C000000 		.4byte	.LFE34-.LFB34
 1489 0058 00000000 		.4byte	.LFB35
 1490 005c 1A000000 		.4byte	.LFE35-.LFB35
 1491 0060 00000000 		.4byte	.LFB36
 1492 0064 14000000 		.4byte	.LFE36-.LFB36
 1493 0068 00000000 		.4byte	.LFB45
 1494 006c 0C000000 		.4byte	.LFE45-.LFB45
 1495 0070 00000000 		.4byte	.LFB46
ARM GAS  C:\Users\tyork\AppData\Local\Temp\ccxV3Csw.s 			page 35


 1496 0074 0C000000 		.4byte	.LFE46-.LFB46
 1497 0078 00000000 		.4byte	0
 1498 007c 00000000 		.4byte	0
 1499              		.section	.debug_ranges,"",%progbits
 1500              	.Ldebug_ranges0:
 1501 0000 00000000 		.4byte	.LFB37
 1502 0004 6C000000 		.4byte	.LFE37
 1503 0008 00000000 		.4byte	.LFB38
 1504 000c 0C000000 		.4byte	.LFE38
 1505 0010 00000000 		.4byte	.LFB39
 1506 0014 0C000000 		.4byte	.LFE39
 1507 0018 00000000 		.4byte	.LFB40
 1508 001c 20000000 		.4byte	.LFE40
 1509 0020 00000000 		.4byte	.LFB41
 1510 0024 10000000 		.4byte	.LFE41
 1511 0028 00000000 		.4byte	.LFB42
 1512 002c 0C000000 		.4byte	.LFE42
 1513 0030 00000000 		.4byte	.LFB43
 1514 0034 10000000 		.4byte	.LFE43
 1515 0038 00000000 		.4byte	.LFB44
 1516 003c 0C000000 		.4byte	.LFE44
 1517 0040 00000000 		.4byte	.LFB34
 1518 0044 1C000000 		.4byte	.LFE34
 1519 0048 00000000 		.4byte	.LFB35
 1520 004c 1A000000 		.4byte	.LFE35
 1521 0050 00000000 		.4byte	.LFB36
 1522 0054 14000000 		.4byte	.LFE36
 1523 0058 00000000 		.4byte	.LFB45
 1524 005c 0C000000 		.4byte	.LFE45
 1525 0060 00000000 		.4byte	.LFB46
 1526 0064 0C000000 		.4byte	.LFE46
 1527 0068 00000000 		.4byte	0
 1528 006c 00000000 		.4byte	0
 1529              		.section	.debug_line,"",%progbits
 1530              	.Ldebug_line0:
 1531 0000 91010000 		.section	.debug_str,"MS",%progbits,1
 1531      02008900 
 1531      00000201 
 1531      FB0E0D00 
 1531      01010101 
 1532              	.LASF44:
 1533 0000 53575F43 		.ascii	"SW_ClearInterrupt\000"
 1533      6C656172 
 1533      496E7465 
 1533      72727570 
 1533      7400
 1534              	.LASF14:
 1535 0012 72656733 		.ascii	"reg32\000"
 1535      3200
 1536              	.LASF43:
 1537 0018 76546173 		.ascii	"vTaskResume\000"
 1537      6B526573 
 1537      756D6500 
 1538              	.LASF41:
 1539 0024 525F4C45 		.ascii	"R_LED_Write\000"
 1539      445F5772 
 1539      69746500 
ARM GAS  C:\Users\tyork\AppData\Local\Temp\ccxV3Csw.s 			page 36


 1540              	.LASF39:
 1541 0030 43795261 		.ascii	"CyRamVectors\000"
 1541      6D566563 
 1541      746F7273 
 1541      00
 1542              	.LASF18:
 1543 003d 5461736B 		.ascii	"TaskHandle_t\000"
 1543      48616E64 
 1543      6C655F74 
 1543      00
 1544              	.LASF37:
 1545 004a 6D6F746F 		.ascii	"motor_task\000"
 1545      725F7461 
 1545      736B00
 1546              	.LASF48:
 1547 0055 47656E65 		.ascii	"Generated_Source\\PSoC4\\SW_ISR.c\000"
 1547      72617465 
 1547      645F536F 
 1547      75726365 
 1547      5C50536F 
 1548              	.LASF42:
 1549 0075 4D4F544F 		.ascii	"MOTOR_Write\000"
 1549      525F5772 
 1549      69746500 
 1550              	.LASF40:
 1551 0081 76546173 		.ascii	"vTaskSuspend\000"
 1551      6B537573 
 1551      70656E64 
 1551      00
 1552              	.LASF28:
 1553 008e 53575F49 		.ascii	"SW_ISR_Enable\000"
 1553      53525F45 
 1553      6E61626C 
 1553      6500
 1554              	.LASF35:
 1555 009c 626C696E 		.ascii	"blink_task\000"
 1555      6B5F7461 
 1555      736B00
 1556              	.LASF11:
 1557 00a7 666C6F61 		.ascii	"float\000"
 1557      7400
 1558              	.LASF9:
 1559 00ad 75696E74 		.ascii	"uint8\000"
 1559      3800
 1560              	.LASF1:
 1561 00b3 756E7369 		.ascii	"unsigned char\000"
 1561      676E6564 
 1561      20636861 
 1561      7200
 1562              	.LASF32:
 1563 00c1 53575F49 		.ascii	"SW_ISR_Stop\000"
 1563      53525F53 
 1563      746F7000 
 1564              	.LASF38:
 1565 00cd 6F6E4F66 		.ascii	"onOff\000"
 1565      6600
 1566              	.LASF20:
ARM GAS  C:\Users\tyork\AppData\Local\Temp\ccxV3Csw.s 			page 37


 1567 00d3 53575F49 		.ascii	"SW_ISR_SetVector\000"
 1567      53525F53 
 1567      65745665 
 1567      63746F72 
 1567      00
 1568              	.LASF24:
 1569 00e4 696E7465 		.ascii	"interruptState\000"
 1569      72727570 
 1569      74537461 
 1569      746500
 1570              	.LASF5:
 1571 00f3 6C6F6E67 		.ascii	"long unsigned int\000"
 1571      20756E73 
 1571      69676E65 
 1571      6420696E 
 1571      7400
 1572              	.LASF33:
 1573 0105 53575F49 		.ascii	"SW_ISR_SetPending\000"
 1573      53525F53 
 1573      65745065 
 1573      6E64696E 
 1573      6700
 1574              	.LASF3:
 1575 0117 73686F72 		.ascii	"short unsigned int\000"
 1575      7420756E 
 1575      7369676E 
 1575      65642069 
 1575      6E7400
 1576              	.LASF36:
 1577 012a 6C63645F 		.ascii	"lcd_task\000"
 1577      7461736B 
 1577      00
 1578              	.LASF23:
 1579 0133 7072696F 		.ascii	"priority\000"
 1579      72697479 
 1579      00
 1580              	.LASF30:
 1581 013c 53575F49 		.ascii	"SW_ISR_Start\000"
 1581      53525F53 
 1581      74617274 
 1581      00
 1582              	.LASF12:
 1583 0149 646F7562 		.ascii	"double\000"
 1583      6C6500
 1584              	.LASF50:
 1585 0150 74736B54 		.ascii	"tskTaskControlBlock\000"
 1585      61736B43 
 1585      6F6E7472 
 1585      6F6C426C 
 1585      6F636B00 
 1586              	.LASF10:
 1587 0164 75696E74 		.ascii	"uint32\000"
 1587      333200
 1588              	.LASF45:
 1589 016b 4379456E 		.ascii	"CyEnterCriticalSection\000"
 1589      74657243 
 1589      72697469 
ARM GAS  C:\Users\tyork\AppData\Local\Temp\ccxV3Csw.s 			page 38


 1589      63616C53 
 1589      65637469 
 1590              	.LASF8:
 1591 0182 756E7369 		.ascii	"unsigned int\000"
 1591      676E6564 
 1591      20696E74 
 1591      00
 1592              	.LASF22:
 1593 018f 61646472 		.ascii	"address\000"
 1593      65737300 
 1594              	.LASF7:
 1595 0197 6C6F6E67 		.ascii	"long long unsigned int\000"
 1595      206C6F6E 
 1595      6720756E 
 1595      7369676E 
 1595      65642069 
 1596              	.LASF27:
 1597 01ae 53575F49 		.ascii	"SW_ISR_GetState\000"
 1597      53525F47 
 1597      65745374 
 1597      61746500 
 1598              	.LASF15:
 1599 01be 63796973 		.ascii	"cyisraddress\000"
 1599      72616464 
 1599      72657373 
 1599      00
 1600              	.LASF47:
 1601 01cb 474E5520 		.ascii	"GNU C11 5.4.1 20160609 (release) [ARM/embedded-5-br"
 1601      43313120 
 1601      352E342E 
 1601      31203230 
 1601      31363036 
 1602 01fe 616E6368 		.ascii	"anch revision 237715] -mcpu=cortex-m0 -mthumb -g -O"
 1602      20726576 
 1602      6973696F 
 1602      6E203233 
 1602      37373135 
 1603 0231 67202D66 		.ascii	"g -ffunction-sections -ffat-lto-objects\000"
 1603      66756E63 
 1603      74696F6E 
 1603      2D736563 
 1603      74696F6E 
 1604              	.LASF17:
 1605 0259 73697A65 		.ascii	"sizetype\000"
 1605      74797065 
 1605      00
 1606              	.LASF51:
 1607 0262 53575F49 		.ascii	"SW_ISR_GetPriority\000"
 1607      53525F47 
 1607      65745072 
 1607      696F7269 
 1607      747900
 1608              	.LASF31:
 1609 0275 53575F49 		.ascii	"SW_ISR_StartEx\000"
 1609      53525F53 
 1609      74617274 
 1609      457800
ARM GAS  C:\Users\tyork\AppData\Local\Temp\ccxV3Csw.s 			page 39


 1610              	.LASF6:
 1611 0284 6C6F6E67 		.ascii	"long long int\000"
 1611      206C6F6E 
 1611      6720696E 
 1611      7400
 1612              	.LASF26:
 1613 0292 53575F49 		.ascii	"SW_ISR_GetVector\000"
 1613      53525F47 
 1613      65745665 
 1613      63746F72 
 1613      00
 1614              	.LASF19:
 1615 02a3 53575F49 		.ascii	"SW_ISR_Interrupt\000"
 1615      53525F49 
 1615      6E746572 
 1615      72757074 
 1615      00
 1616              	.LASF13:
 1617 02b4 63686172 		.ascii	"char\000"
 1617      00
 1618              	.LASF34:
 1619 02b9 53575F49 		.ascii	"SW_ISR_ClearPending\000"
 1619      53525F43 
 1619      6C656172 
 1619      50656E64 
 1619      696E6700 
 1620              	.LASF2:
 1621 02cd 73686F72 		.ascii	"short int\000"
 1621      7420696E 
 1621      7400
 1622              	.LASF49:
 1623 02d7 433A5C55 		.ascii	"C:\\Users\\tyork\\Documents\\PSoC Creator\\ECE381_S"
 1623      73657273 
 1623      5C74796F 
 1623      726B5C44 
 1623      6F63756D 
 1624 0305 5032335F 		.ascii	"P23_Lab08_FreeRTOS\\Design01.cydsn\000"
 1624      4C616230 
 1624      385F4672 
 1624      65655254 
 1624      4F535C44 
 1625              	.LASF46:
 1626 0327 43794578 		.ascii	"CyExitCriticalSection\000"
 1626      69744372 
 1626      69746963 
 1626      616C5365 
 1626      6374696F 
 1627              	.LASF25:
 1628 033d 7072696F 		.ascii	"priorityOffset\000"
 1628      72697479 
 1628      4F666673 
 1628      657400
 1629              	.LASF29:
 1630 034c 53575F49 		.ascii	"SW_ISR_Disable\000"
 1630      53525F44 
 1630      69736162 
 1630      6C6500
ARM GAS  C:\Users\tyork\AppData\Local\Temp\ccxV3Csw.s 			page 40


 1631              	.LASF4:
 1632 035b 6C6F6E67 		.ascii	"long int\000"
 1632      20696E74 
 1632      00
 1633              	.LASF16:
 1634 0364 6C6F6E67 		.ascii	"long double\000"
 1634      20646F75 
 1634      626C6500 
 1635              	.LASF0:
 1636 0370 7369676E 		.ascii	"signed char\000"
 1636      65642063 
 1636      68617200 
 1637              	.LASF21:
 1638 037c 53575F49 		.ascii	"SW_ISR_SetPriority\000"
 1638      53525F53 
 1638      65745072 
 1638      696F7269 
 1638      747900
 1639              		.ident	"GCC: (GNU Tools for ARM Embedded Processors) 5.4.1 20160609 (release) [ARM/embedded-5-bran
