--------------- Build Started: 04/20/2023 16:24:24 Project: AutomaticPetFeeder, Configuration: ARM GCC 5.4-2016-q2-update Debug ---------------
The code generation step is up to date.
main.c: In function 'exitLCD':
main.c:294:46: warning: initialization discards 'const' qualifier from pointer target type [-Wdiscarded-qualifiers]
     struct Date nextDate = {bcdToDec(day[0]),months[bcdToDec(month[0])-1],bcdToDec(year[0])};
                                              ^
main.c: In function 'setGlobalTime':
main.c:350:46: warning: initialization discards 'const' qualifier from pointer target type [-Wdiscarded-qualifiers]
     struct Date currDate = {bcdToDec(day[0]),months[bcdToDec(month[0])-1],bcdToDec(year[0])};
                                              ^
main.c:376:23: warning: passing argument 1 of 'LCD_print' discards 'const' qualifier from pointer target type [-Wdiscarded-qualifiers]
             LCD_print(months[currentIndex-1]);
                       ^
In file included from main.c:14:0:
LiquidCrystal_I2C.h:139:6: note: expected 'char *' but argument is of type 'const char *'
 void LCD_print(char word[]);
      ^
main.c:380:19: warning: assignment discards 'const' qualifier from pointer target type [-Wdiscarded-qualifiers]
     setDate.month = months[currentIndex-1];
                   ^
main.c:343:17: warning: unused variable 'nextTime' [-Wunused-variable]
     struct Time nextTime = feedTimes[feedCounter];
                 ^
main.c: In function 'main':
main.c:704:52: warning: initialization discards 'const' qualifier from pointer target type [-Wdiscarded-qualifiers]
         struct Date updateDate = {bcdToDec(day[0]),months[bcdToDec(month[0])-1],bcdToDec(year[0])};
                                                    ^
main.c:711:30: warning: unused variable 'a' [-Wunused-variable]
                 volatile int a = 0;
                              ^
arm-none-eabi-gcc.exe -mcpu=cortex-m0 -mthumb -I. -IGenerated_Source\PSoC4 -Wa,-alh=.\CortexM0\ARM_GCC_541\Debug/main.lst -g -D DEBUG -D CY_CORE_ID=0 -Wall -ffunction-sections -ffat-lto-objects -Og -c main.c -o .\CortexM0\ARM_GCC_541\Debug\main.o
arm-none-eabi-ar.exe: creating .\CortexM0\ARM_GCC_541\Debug\AutomaticPetFeeder.a
arm-none-eabi-ar.exe -rs .\CortexM0\ARM_GCC_541\Debug\AutomaticPetFeeder.a .\CortexM0\ARM_GCC_541\Debug\UART.o .\CortexM0\ARM_GCC_541\Debug\UART_SPI_UART.o .\CortexM0\ARM_GCC_541\Debug\UART_SPI_UART_INT.o .\CortexM0\ARM_GCC_541\Debug\UART_PM.o .\CortexM0\ARM_GCC_541\Debug\UART_UART.o .\CortexM0\ARM_GCC_541\Debug\UART_BOOT.o .\CortexM0\ARM_GCC_541\Debug\UART_UART_BOOT.o .\CortexM0\ARM_GCC_541\Debug\BTN.o .\CortexM0\ARM_GCC_541\Debug\BTN_PM.o .\CortexM0\ARM_GCC_541\Debug\ENC.o .\CortexM0\ARM_GCC_541\Debug\ENC_PM.o .\CortexM0\ARM_GCC_541\Debug\LED_PWM.o .\CortexM0\ARM_GCC_541\Debug\LED_PWM_PM.o .\CortexM0\ARM_GCC_541\Debug\SPEAKER_PWM.o .\CortexM0\ARM_GCC_541\Debug\SPEAKER_PWM_PM.o .\CortexM0\ARM_GCC_541\Debug\SPEAKER.o .\CortexM0\ARM_GCC_541\Debug\SPEAKER_PM.o .\CortexM0\ARM_GCC_541\Debug\LED_SEL.o .\CortexM0\ARM_GCC_541\Debug\LED_SEL_PM.o .\CortexM0\ARM_GCC_541\Debug\PWM_CLK.o .\CortexM0\ARM_GCC_541\Debug\R_LED.o .\CortexM0\ARM_GCC_541\Debug\R_LED_PM.o .\CortexM0\ARM_GCC_541\Debug\G_LED.o .\CortexM0\ARM_GCC_541\Debug\G_LED_PM.o .\CortexM0\ARM_GCC_541\Debug\B_LED.o .\CortexM0\ARM_GCC_541\Debug\B_LED_PM.o .\CortexM0\ARM_GCC_541\Debug\Y_LED.o .\CortexM0\ARM_GCC_541\Debug\Y_LED_PM.o .\CortexM0\ARM_GCC_541\Debug\Motor.o .\CortexM0\ARM_GCC_541\Debug\Motor_PM.o .\CortexM0\ARM_GCC_541\Debug\PhsBNeg.o .\CortexM0\ARM_GCC_541\Debug\PhsBNeg_PM.o .\CortexM0\ARM_GCC_541\Debug\PhsBPos.o .\CortexM0\ARM_GCC_541\Debug\PhsBPos_PM.o .\CortexM0\ARM_GCC_541\Debug\PhsANeg.o .\CortexM0\ARM_GCC_541\Debug\PhsANeg_PM.o .\CortexM0\ARM_GCC_541\Debug\PhsAPos.o .\CortexM0\ARM_GCC_541\Debug\PhsAPos_PM.o .\CortexM0\ARM_GCC_541\Debug\BTN_ISR.o .\CortexM0\ARM_GCC_541\Debug\ENC_ISR.o .\CortexM0\ARM_GCC_541\Debug\RTC_INT.o .\CortexM0\ARM_GCC_541\Debug\RTC_INT_PM.o .\CortexM0\ARM_GCC_541\Debug\RTC_INT_ISR.o .\CortexM0\ARM_GCC_541\Debug\RTC_COT_IN.o .\CortexM0\ARM_GCC_541\Debug\RTC_COT_IN_PM.o .\CortexM0\ARM_GCC_541\Debug\UART_SCBCLK.o .\CortexM0\ARM_GCC_541\Debug\UART_tx.o .\CortexM0\ARM_GCC_541\Debug\UART_tx_PM.o .\CortexM0\ARM_GCC_541\Debug\UART_rx.o .\CortexM0\ARM_GCC_541\Debug\UART_rx_PM.o .\CortexM0\ARM_GCC_541\Debug\CyFlash.o .\CortexM0\ARM_GCC_541\Debug\CyLib.o .\CortexM0\ARM_GCC_541\Debug\cyPm.o .\CortexM0\ARM_GCC_541\Debug\cyutils.o .\CortexM0\ARM_GCC_541\Debug\CyDMA.o .\CortexM0\ARM_GCC_541\Debug\CyLFClk.o .\CortexM0\ARM_GCC_541\Debug\cy_em_eeprom.o .\CortexM0\ARM_GCC_541\Debug\I2C.o .\CortexM0\ARM_GCC_541\Debug\I2C_I2C_INT.o .\CortexM0\ARM_GCC_541\Debug\I2C_I2C.o .\CortexM0\ARM_GCC_541\Debug\I2C_I2C_BOOT.o .\CortexM0\ARM_GCC_541\Debug\I2C_I2C_MASTER.o .\CortexM0\ARM_GCC_541\Debug\I2C_PM.o .\CortexM0\ARM_GCC_541\Debug\I2C_BOOT.o .\CortexM0\ARM_GCC_541\Debug\I2C_SCBCLK.o .\CortexM0\ARM_GCC_541\Debug\I2C_sda.o .\CortexM0\ARM_GCC_541\Debug\I2C_sda_PM.o .\CortexM0\ARM_GCC_541\Debug\I2C_scl.o .\CortexM0\ARM_GCC_541\Debug\I2C_scl_PM.o .\CortexM0\ARM_GCC_541\Debug\I2C_SCB_IRQ.o .\CortexM0\ARM_GCC_541\Debug\CyBootAsmGnu.o
arm-none-eabi-gcc.exe -Wl,--start-group -o "C:\Users\Hello Kitty\Desktop\MicrocontrollersLab\Final Project\Project Files\Final Project\AutomaticPetFeeder.cydsn\CortexM0\ARM_GCC_541\Debug\AutomaticPetFeeder.elf" .\CortexM0\ARM_GCC_541\Debug\main.o .\CortexM0\ARM_GCC_541\Debug\LiquidCrystal_i2C.o .\CortexM0\ARM_GCC_541\Debug\cyfitter_cfg.o .\CortexM0\ARM_GCC_541\Debug\cymetadata.o .\CortexM0\ARM_GCC_541\Debug\Cm0Start.o .\CortexM0\ARM_GCC_541\Debug\AutomaticPetFeeder.a -mcpu=cortex-m0 -mthumb -L Generated_Source\PSoC4 -Wl,-Map,.\CortexM0\ARM_GCC_541\Debug/AutomaticPetFeeder.map -T Generated_Source\PSoC4\cm0gcc.ld -specs=nano.specs -Wl,--gc-sections -g -ffunction-sections -Og -ffat-lto-objects -Wl,--end-group
cyelftool.exe -C "C:\Users\Hello Kitty\Desktop\MicrocontrollersLab\Final Project\Project Files\Final Project\AutomaticPetFeeder.cydsn\CortexM0\ARM_GCC_541\Debug\AutomaticPetFeeder.elf" --flash_row_size 128 --flash_size 131072 --flash_offset 0x00000000
No ELF section .cychecksum found, creating one
Application checksum calculated and stored in ELF section .cychecksum
Checksum calculated and stored in ELF section .cymeta
cyelftool.exe -S "C:\Users\Hello Kitty\Desktop\MicrocontrollersLab\Final Project\Project Files\Final Project\AutomaticPetFeeder.cydsn\CortexM0\ARM_GCC_541\Debug\AutomaticPetFeeder.elf"
Flash used: 12870 of 131072 bytes (9.8%).
SRAM used: 2832 of 16384 bytes (17.3%). Stack: 2048 bytes. Heap: 128 bytes.
--------------- Build Succeeded: 04/20/2023 16:24:26 ---------------
