ARM GAS  C:\Users\HELLOK~1.1\AppData\Local\Temp\ccr6o2eq.s 			page 1


   1              		.syntax unified
   2              		.cpu cortex-m0
   3              		.fpu softvfp
   4              		.eabi_attribute 20, 1
   5              		.eabi_attribute 21, 1
   6              		.eabi_attribute 23, 3
   7              		.eabi_attribute 24, 1
   8              		.eabi_attribute 25, 1
   9              		.eabi_attribute 26, 1
  10              		.eabi_attribute 30, 1
  11              		.eabi_attribute 34, 0
  12              		.eabi_attribute 18, 4
  13              		.thumb
  14              		.syntax unified
  15              		.file	"cyfitter_cfg.c"
  16              		.text
  17              	.Ltext0:
  18              		.cfi_sections	.debug_frame
  19              		.section	.text.AnalogSetDefault,"ax",%progbits
  20              		.align	2
  21              		.code	16
  22              		.thumb_func
  23              		.type	AnalogSetDefault, %function
  24              	AnalogSetDefault:
  25              	.LFB5:
  26              		.file 1 "Generated_Source\\PSoC4\\cyfitter_cfg.c"
   1:Generated_Source\PSoC4/cyfitter_cfg.c **** 
   2:Generated_Source\PSoC4/cyfitter_cfg.c **** /*******************************************************************************
   3:Generated_Source\PSoC4/cyfitter_cfg.c **** * File Name: cyfitter_cfg.c
   4:Generated_Source\PSoC4/cyfitter_cfg.c **** * 
   5:Generated_Source\PSoC4/cyfitter_cfg.c **** * PSoC Creator  4.4
   6:Generated_Source\PSoC4/cyfitter_cfg.c **** *
   7:Generated_Source\PSoC4/cyfitter_cfg.c **** * Description:
   8:Generated_Source\PSoC4/cyfitter_cfg.c **** * This file contains device initialization code.
   9:Generated_Source\PSoC4/cyfitter_cfg.c **** * Except for the user defined sections in CyClockStartupError(), this file should not be modified.
  10:Generated_Source\PSoC4/cyfitter_cfg.c **** * This file is automatically generated by PSoC Creator.
  11:Generated_Source\PSoC4/cyfitter_cfg.c **** *
  12:Generated_Source\PSoC4/cyfitter_cfg.c **** ********************************************************************************
  13:Generated_Source\PSoC4/cyfitter_cfg.c **** * Copyright (c) 2007-2020 Cypress Semiconductor.  All rights reserved.
  14:Generated_Source\PSoC4/cyfitter_cfg.c **** * You may use this file only in accordance with the license, terms, conditions, 
  15:Generated_Source\PSoC4/cyfitter_cfg.c **** * disclaimers, and limitations in the end user license agreement accompanying 
  16:Generated_Source\PSoC4/cyfitter_cfg.c **** * the software package with which this file was provided.
  17:Generated_Source\PSoC4/cyfitter_cfg.c **** ********************************************************************************/
  18:Generated_Source\PSoC4/cyfitter_cfg.c **** 
  19:Generated_Source\PSoC4/cyfitter_cfg.c **** #include <string.h>
  20:Generated_Source\PSoC4/cyfitter_cfg.c **** #include "cytypes.h"
  21:Generated_Source\PSoC4/cyfitter_cfg.c **** #include "cydevice_trm.h"
  22:Generated_Source\PSoC4/cyfitter_cfg.c **** #include "cyfitter.h"
  23:Generated_Source\PSoC4/cyfitter_cfg.c **** #include "CyLib.h"
  24:Generated_Source\PSoC4/cyfitter_cfg.c **** #include "CyLFClk.h"
  25:Generated_Source\PSoC4/cyfitter_cfg.c **** #include "cyfitter_cfg.h"
  26:Generated_Source\PSoC4/cyfitter_cfg.c **** #include "cyapicallbacks.h"
  27:Generated_Source\PSoC4/cyfitter_cfg.c **** 
  28:Generated_Source\PSoC4/cyfitter_cfg.c **** 
  29:Generated_Source\PSoC4/cyfitter_cfg.c **** #if defined(__GNUC__) || defined(__ARMCC_VERSION)
  30:Generated_Source\PSoC4/cyfitter_cfg.c ****     #define CYPACKED 
  31:Generated_Source\PSoC4/cyfitter_cfg.c ****     #define CYPACKED_ATTR __attribute__ ((packed))
ARM GAS  C:\Users\HELLOK~1.1\AppData\Local\Temp\ccr6o2eq.s 			page 2


  32:Generated_Source\PSoC4/cyfitter_cfg.c ****     #define CYALIGNED __attribute__ ((aligned))
  33:Generated_Source\PSoC4/cyfitter_cfg.c ****     #define CY_CFG_UNUSED __attribute__ ((unused))
  34:Generated_Source\PSoC4/cyfitter_cfg.c ****     #ifndef CY_CFG_SECTION
  35:Generated_Source\PSoC4/cyfitter_cfg.c ****         #define CY_CFG_SECTION __attribute__ ((section(".psocinit")))
  36:Generated_Source\PSoC4/cyfitter_cfg.c ****     #endif
  37:Generated_Source\PSoC4/cyfitter_cfg.c ****     
  38:Generated_Source\PSoC4/cyfitter_cfg.c ****     #if defined(__ARMCC_VERSION)
  39:Generated_Source\PSoC4/cyfitter_cfg.c ****         #define CY_CFG_MEMORY_BARRIER() __memory_changed()
  40:Generated_Source\PSoC4/cyfitter_cfg.c ****     #else
  41:Generated_Source\PSoC4/cyfitter_cfg.c ****         #define CY_CFG_MEMORY_BARRIER() __sync_synchronize()
  42:Generated_Source\PSoC4/cyfitter_cfg.c ****     #endif
  43:Generated_Source\PSoC4/cyfitter_cfg.c ****     
  44:Generated_Source\PSoC4/cyfitter_cfg.c **** #elif defined(__ICCARM__)
  45:Generated_Source\PSoC4/cyfitter_cfg.c ****     #include <intrinsics.h>
  46:Generated_Source\PSoC4/cyfitter_cfg.c **** 
  47:Generated_Source\PSoC4/cyfitter_cfg.c ****     #define CYPACKED __packed
  48:Generated_Source\PSoC4/cyfitter_cfg.c ****     #define CYPACKED_ATTR 
  49:Generated_Source\PSoC4/cyfitter_cfg.c ****     #define CYALIGNED _Pragma("data_alignment=4")
  50:Generated_Source\PSoC4/cyfitter_cfg.c ****     #define CY_CFG_UNUSED _Pragma("diag_suppress=Pe177")
  51:Generated_Source\PSoC4/cyfitter_cfg.c ****     #define CY_CFG_SECTION _Pragma("location=\".psocinit\"")
  52:Generated_Source\PSoC4/cyfitter_cfg.c ****     
  53:Generated_Source\PSoC4/cyfitter_cfg.c ****     #define CY_CFG_MEMORY_BARRIER() __DMB()
  54:Generated_Source\PSoC4/cyfitter_cfg.c ****     
  55:Generated_Source\PSoC4/cyfitter_cfg.c **** #else
  56:Generated_Source\PSoC4/cyfitter_cfg.c ****     #error Unsupported toolchain
  57:Generated_Source\PSoC4/cyfitter_cfg.c **** #endif
  58:Generated_Source\PSoC4/cyfitter_cfg.c **** 
  59:Generated_Source\PSoC4/cyfitter_cfg.c **** #ifndef CYCODE
  60:Generated_Source\PSoC4/cyfitter_cfg.c ****     #define CYCODE
  61:Generated_Source\PSoC4/cyfitter_cfg.c **** #endif
  62:Generated_Source\PSoC4/cyfitter_cfg.c **** #ifndef CYDATA
  63:Generated_Source\PSoC4/cyfitter_cfg.c ****     #define CYDATA
  64:Generated_Source\PSoC4/cyfitter_cfg.c **** #endif
  65:Generated_Source\PSoC4/cyfitter_cfg.c **** #ifndef CYFAR
  66:Generated_Source\PSoC4/cyfitter_cfg.c ****     #define CYFAR
  67:Generated_Source\PSoC4/cyfitter_cfg.c **** #endif
  68:Generated_Source\PSoC4/cyfitter_cfg.c **** #ifndef CYXDATA
  69:Generated_Source\PSoC4/cyfitter_cfg.c ****     #define CYXDATA
  70:Generated_Source\PSoC4/cyfitter_cfg.c **** #endif
  71:Generated_Source\PSoC4/cyfitter_cfg.c **** 
  72:Generated_Source\PSoC4/cyfitter_cfg.c **** 
  73:Generated_Source\PSoC4/cyfitter_cfg.c **** CY_CFG_UNUSED
  74:Generated_Source\PSoC4/cyfitter_cfg.c **** static void CYMEMZERO(void *s, size_t n);
  75:Generated_Source\PSoC4/cyfitter_cfg.c **** CY_CFG_UNUSED
  76:Generated_Source\PSoC4/cyfitter_cfg.c **** static void CYMEMZERO(void *s, size_t n)
  77:Generated_Source\PSoC4/cyfitter_cfg.c **** {
  78:Generated_Source\PSoC4/cyfitter_cfg.c **** 	(void)memset(s, 0, n);
  79:Generated_Source\PSoC4/cyfitter_cfg.c **** }
  80:Generated_Source\PSoC4/cyfitter_cfg.c **** CY_CFG_UNUSED
  81:Generated_Source\PSoC4/cyfitter_cfg.c **** static void CYCONFIGCPY(void *dest, const void *src, size_t n);
  82:Generated_Source\PSoC4/cyfitter_cfg.c **** CY_CFG_UNUSED
  83:Generated_Source\PSoC4/cyfitter_cfg.c **** static void CYCONFIGCPY(void *dest, const void *src, size_t n)
  84:Generated_Source\PSoC4/cyfitter_cfg.c **** {
  85:Generated_Source\PSoC4/cyfitter_cfg.c **** 	(void)memcpy(dest, src, n);
  86:Generated_Source\PSoC4/cyfitter_cfg.c **** }
  87:Generated_Source\PSoC4/cyfitter_cfg.c **** CY_CFG_UNUSED
  88:Generated_Source\PSoC4/cyfitter_cfg.c **** static void CYCONFIGCPYCODE(void *dest, const void *src, size_t n);
ARM GAS  C:\Users\HELLOK~1.1\AppData\Local\Temp\ccr6o2eq.s 			page 3


  89:Generated_Source\PSoC4/cyfitter_cfg.c **** CY_CFG_UNUSED
  90:Generated_Source\PSoC4/cyfitter_cfg.c **** static void CYCONFIGCPYCODE(void *dest, const void *src, size_t n)
  91:Generated_Source\PSoC4/cyfitter_cfg.c **** {
  92:Generated_Source\PSoC4/cyfitter_cfg.c **** 	(void)memcpy(dest, src, n);
  93:Generated_Source\PSoC4/cyfitter_cfg.c **** }
  94:Generated_Source\PSoC4/cyfitter_cfg.c **** 
  95:Generated_Source\PSoC4/cyfitter_cfg.c **** 
  96:Generated_Source\PSoC4/cyfitter_cfg.c **** 
  97:Generated_Source\PSoC4/cyfitter_cfg.c **** 
  98:Generated_Source\PSoC4/cyfitter_cfg.c **** /* Clock startup error codes                                                   */
  99:Generated_Source\PSoC4/cyfitter_cfg.c **** #define CYCLOCKSTART_NO_ERROR    0u
 100:Generated_Source\PSoC4/cyfitter_cfg.c **** #define CYCLOCKSTART_XTAL_ERROR  1u
 101:Generated_Source\PSoC4/cyfitter_cfg.c **** #define CYCLOCKSTART_32KHZ_ERROR 2u
 102:Generated_Source\PSoC4/cyfitter_cfg.c **** #define CYCLOCKSTART_PLL_ERROR   3u
 103:Generated_Source\PSoC4/cyfitter_cfg.c **** #define CYCLOCKSTART_FLL_ERROR   4u
 104:Generated_Source\PSoC4/cyfitter_cfg.c **** #define CYCLOCKSTART_WCO_ERROR   5u
 105:Generated_Source\PSoC4/cyfitter_cfg.c **** 
 106:Generated_Source\PSoC4/cyfitter_cfg.c **** 
 107:Generated_Source\PSoC4/cyfitter_cfg.c **** #ifdef CY_NEED_CYCLOCKSTARTUPERROR
 108:Generated_Source\PSoC4/cyfitter_cfg.c **** /*******************************************************************************
 109:Generated_Source\PSoC4/cyfitter_cfg.c **** * Function Name: CyClockStartupError
 110:Generated_Source\PSoC4/cyfitter_cfg.c **** ********************************************************************************
 111:Generated_Source\PSoC4/cyfitter_cfg.c **** * Summary:
 112:Generated_Source\PSoC4/cyfitter_cfg.c **** *  If an error is encountered during clock configuration (crystal startup error,
 113:Generated_Source\PSoC4/cyfitter_cfg.c **** *  PLL lock error, etc.), the system will end up here.  Unless reimplemented by
 114:Generated_Source\PSoC4/cyfitter_cfg.c **** *  the customer, this function will stop in an infinite loop.
 115:Generated_Source\PSoC4/cyfitter_cfg.c **** *
 116:Generated_Source\PSoC4/cyfitter_cfg.c **** * Parameters:
 117:Generated_Source\PSoC4/cyfitter_cfg.c **** *   void
 118:Generated_Source\PSoC4/cyfitter_cfg.c **** *
 119:Generated_Source\PSoC4/cyfitter_cfg.c **** * Return:
 120:Generated_Source\PSoC4/cyfitter_cfg.c **** *   void
 121:Generated_Source\PSoC4/cyfitter_cfg.c **** *
 122:Generated_Source\PSoC4/cyfitter_cfg.c **** *******************************************************************************/
 123:Generated_Source\PSoC4/cyfitter_cfg.c **** CY_CFG_UNUSED
 124:Generated_Source\PSoC4/cyfitter_cfg.c **** static void CyClockStartupError(uint8 errorCode);
 125:Generated_Source\PSoC4/cyfitter_cfg.c **** CY_CFG_UNUSED
 126:Generated_Source\PSoC4/cyfitter_cfg.c **** static void CyClockStartupError(uint8 errorCode)
 127:Generated_Source\PSoC4/cyfitter_cfg.c **** {
 128:Generated_Source\PSoC4/cyfitter_cfg.c ****     /* To remove the compiler warning if errorCode not used.                */
 129:Generated_Source\PSoC4/cyfitter_cfg.c ****     errorCode = errorCode;
 130:Generated_Source\PSoC4/cyfitter_cfg.c **** 
 131:Generated_Source\PSoC4/cyfitter_cfg.c ****     /* If we have a clock startup error (bad MHz crystal, PLL lock, etc.),  */
 132:Generated_Source\PSoC4/cyfitter_cfg.c ****     /* we will end up here to allow the customer to implement something to  */
 133:Generated_Source\PSoC4/cyfitter_cfg.c ****     /* deal with the clock condition.                                       */
 134:Generated_Source\PSoC4/cyfitter_cfg.c **** 
 135:Generated_Source\PSoC4/cyfitter_cfg.c **** #ifdef CY_CFG_CLOCK_STARTUP_ERROR_CALLBACK
 136:Generated_Source\PSoC4/cyfitter_cfg.c ****     CY_CFG_Clock_Startup_ErrorCallback();
 137:Generated_Source\PSoC4/cyfitter_cfg.c **** #else
 138:Generated_Source\PSoC4/cyfitter_cfg.c ****     /*  If not using CY_CFG_CLOCK_STARTUP_ERROR_CALLBACK, place your clock startup code here. */
 139:Generated_Source\PSoC4/cyfitter_cfg.c ****     /* `#START CyClockStartupError` */
 140:Generated_Source\PSoC4/cyfitter_cfg.c **** 
 141:Generated_Source\PSoC4/cyfitter_cfg.c **** 
 142:Generated_Source\PSoC4/cyfitter_cfg.c **** 
 143:Generated_Source\PSoC4/cyfitter_cfg.c ****     /* `#END` */
 144:Generated_Source\PSoC4/cyfitter_cfg.c **** 
 145:Generated_Source\PSoC4/cyfitter_cfg.c ****     while(1) {}
ARM GAS  C:\Users\HELLOK~1.1\AppData\Local\Temp\ccr6o2eq.s 			page 4


 146:Generated_Source\PSoC4/cyfitter_cfg.c **** #endif /* CY_CFG_CLOCK_STARTUP_ERROR_CALLBACK */
 147:Generated_Source\PSoC4/cyfitter_cfg.c **** }
 148:Generated_Source\PSoC4/cyfitter_cfg.c **** #endif
 149:Generated_Source\PSoC4/cyfitter_cfg.c **** 
 150:Generated_Source\PSoC4/cyfitter_cfg.c **** 
 151:Generated_Source\PSoC4/cyfitter_cfg.c **** 
 152:Generated_Source\PSoC4/cyfitter_cfg.c **** /*******************************************************************************
 153:Generated_Source\PSoC4/cyfitter_cfg.c **** * Function Name: ClockSetup
 154:Generated_Source\PSoC4/cyfitter_cfg.c **** ********************************************************************************
 155:Generated_Source\PSoC4/cyfitter_cfg.c **** *
 156:Generated_Source\PSoC4/cyfitter_cfg.c **** * Summary:
 157:Generated_Source\PSoC4/cyfitter_cfg.c **** *   Performs the initialization of all of the clocks in the device based on the
 158:Generated_Source\PSoC4/cyfitter_cfg.c **** *   settings in the Clock tab of the DWR.  This includes enabling the requested
 159:Generated_Source\PSoC4/cyfitter_cfg.c **** *   clocks and setting the necessary dividers to produce the desired frequency. 
 160:Generated_Source\PSoC4/cyfitter_cfg.c **** *
 161:Generated_Source\PSoC4/cyfitter_cfg.c **** * Parameters:
 162:Generated_Source\PSoC4/cyfitter_cfg.c **** *   void
 163:Generated_Source\PSoC4/cyfitter_cfg.c **** *
 164:Generated_Source\PSoC4/cyfitter_cfg.c **** * Return:
 165:Generated_Source\PSoC4/cyfitter_cfg.c **** *   void
 166:Generated_Source\PSoC4/cyfitter_cfg.c **** *
 167:Generated_Source\PSoC4/cyfitter_cfg.c **** *******************************************************************************/
 168:Generated_Source\PSoC4/cyfitter_cfg.c **** static void ClockSetup(void);
 169:Generated_Source\PSoC4/cyfitter_cfg.c **** CY_CFG_SECTION
 170:Generated_Source\PSoC4/cyfitter_cfg.c **** static void ClockSetup(void)
 171:Generated_Source\PSoC4/cyfitter_cfg.c **** {
 172:Generated_Source\PSoC4/cyfitter_cfg.c **** 
 173:Generated_Source\PSoC4/cyfitter_cfg.c **** 	/* Set Flash Cycles based on max possible frequency in case a glitch occurs during ClockSetup(). *
 174:Generated_Source\PSoC4/cyfitter_cfg.c **** 	CY_SET_REG32((void CYXDATA *)(CYREG_CPUSS_FLASH_CTL), (0x0012u));
 175:Generated_Source\PSoC4/cyfitter_cfg.c **** 	/* Setup and trim IMO based on desired frequency. */
 176:Generated_Source\PSoC4/cyfitter_cfg.c **** 	CySysClkWriteImoFreq(48u);
 177:Generated_Source\PSoC4/cyfitter_cfg.c **** 	/* CYDEV_CLK_ILO_CONFIG Starting address: CYDEV_CLK_ILO_CONFIG */
 178:Generated_Source\PSoC4/cyfitter_cfg.c **** 	CY_SET_REG32((void *)(CYREG_CLK_ILO_CONFIG), 0x80000006u);
 179:Generated_Source\PSoC4/cyfitter_cfg.c **** 
 180:Generated_Source\PSoC4/cyfitter_cfg.c **** 
 181:Generated_Source\PSoC4/cyfitter_cfg.c **** 	/* Setup phase aligned clocks */
 182:Generated_Source\PSoC4/cyfitter_cfg.c **** 	CY_SET_REG32((void *)CYREG_PERI_DIV_16_CTL0, 0x00001D00u);
 183:Generated_Source\PSoC4/cyfitter_cfg.c **** 	CY_SET_REG32((void *)CYREG_PERI_DIV_CMD, 0x8000FF40u);
 184:Generated_Source\PSoC4/cyfitter_cfg.c **** 
 185:Generated_Source\PSoC4/cyfitter_cfg.c **** 	/* CYDEV_CLK_IMO_CONFIG Starting address: CYDEV_CLK_IMO_CONFIG */
 186:Generated_Source\PSoC4/cyfitter_cfg.c **** 	CY_SET_REG32((void *)(CYREG_CLK_IMO_CONFIG), 0x80000000u);
 187:Generated_Source\PSoC4/cyfitter_cfg.c **** 
 188:Generated_Source\PSoC4/cyfitter_cfg.c **** 	/* CYDEV_CLK_SELECT Starting address: CYDEV_CLK_SELECT */
 189:Generated_Source\PSoC4/cyfitter_cfg.c **** 	CY_SET_REG32((void *)(CYREG_CLK_SELECT), 0x00040000u);
 190:Generated_Source\PSoC4/cyfitter_cfg.c **** 
 191:Generated_Source\PSoC4/cyfitter_cfg.c **** 	/* CYDEV_PERI_PCLK_CTL2 Starting address: CYDEV_PERI_PCLK_CTL2 */
 192:Generated_Source\PSoC4/cyfitter_cfg.c **** 	CY_SET_REG32((void *)(CYREG_PERI_PCLK_CTL2), 0x00000040u);
 193:Generated_Source\PSoC4/cyfitter_cfg.c **** 
 194:Generated_Source\PSoC4/cyfitter_cfg.c **** 	(void)CyIntSetVector(7u, &CySysWdtIsr);
 195:Generated_Source\PSoC4/cyfitter_cfg.c **** 	CyIntEnable(7u);
 196:Generated_Source\PSoC4/cyfitter_cfg.c **** 	CY_SET_REG32((void *)(CYREG_WDT_CONFIG), 0x00000000u);
 197:Generated_Source\PSoC4/cyfitter_cfg.c **** }
 198:Generated_Source\PSoC4/cyfitter_cfg.c **** 
 199:Generated_Source\PSoC4/cyfitter_cfg.c **** 
 200:Generated_Source\PSoC4/cyfitter_cfg.c **** /* Analog API Functions */
 201:Generated_Source\PSoC4/cyfitter_cfg.c **** 
 202:Generated_Source\PSoC4/cyfitter_cfg.c **** 
ARM GAS  C:\Users\HELLOK~1.1\AppData\Local\Temp\ccr6o2eq.s 			page 5


 203:Generated_Source\PSoC4/cyfitter_cfg.c **** /*******************************************************************************
 204:Generated_Source\PSoC4/cyfitter_cfg.c **** * Function Name: AnalogSetDefault
 205:Generated_Source\PSoC4/cyfitter_cfg.c **** ********************************************************************************
 206:Generated_Source\PSoC4/cyfitter_cfg.c **** *
 207:Generated_Source\PSoC4/cyfitter_cfg.c **** * Summary:
 208:Generated_Source\PSoC4/cyfitter_cfg.c **** *  Sets up the analog portions of the chip to default values based on chip
 209:Generated_Source\PSoC4/cyfitter_cfg.c **** *  configuration options from the project.
 210:Generated_Source\PSoC4/cyfitter_cfg.c **** *
 211:Generated_Source\PSoC4/cyfitter_cfg.c **** * Parameters:
 212:Generated_Source\PSoC4/cyfitter_cfg.c **** *  void
 213:Generated_Source\PSoC4/cyfitter_cfg.c **** *
 214:Generated_Source\PSoC4/cyfitter_cfg.c **** * Return:
 215:Generated_Source\PSoC4/cyfitter_cfg.c **** *  void
 216:Generated_Source\PSoC4/cyfitter_cfg.c **** *
 217:Generated_Source\PSoC4/cyfitter_cfg.c **** *******************************************************************************/
 218:Generated_Source\PSoC4/cyfitter_cfg.c **** static void AnalogSetDefault(void);
 219:Generated_Source\PSoC4/cyfitter_cfg.c **** static void AnalogSetDefault(void)
 220:Generated_Source\PSoC4/cyfitter_cfg.c **** {
  27              		.loc 1 220 0
  28              		.cfi_startproc
  29              		@ args = 0, pretend = 0, frame = 0
  30              		@ frame_needed = 0, uses_anonymous_args = 0
  31              		@ link register save eliminated.
 221:Generated_Source\PSoC4/cyfitter_cfg.c **** 	CY_SET_XTND_REG32((void CYFAR *)CYREG_CTBM0_DFT_CTRL, 0x00000003u);
  32              		.loc 1 221 0
  33 0000 0323     		movs	r3, #3
  34 0002 044A     		ldr	r2, .L2
  35 0004 1360     		str	r3, [r2]
 222:Generated_Source\PSoC4/cyfitter_cfg.c **** 	CY_SET_XTND_REG32((void CYFAR *)CYREG_CTBM1_DFT_CTRL, 0x00000003u);
  36              		.loc 1 222 0
  37 0006 044A     		ldr	r2, .L2+4
  38 0008 1360     		str	r3, [r2]
 223:Generated_Source\PSoC4/cyfitter_cfg.c **** 	CY_SET_XTND_REG32((void CYFAR *)CYREG_PASS_DSAB_DSAB_CTRL, 0x00000000u);
  39              		.loc 1 223 0
  40 000a 0022     		movs	r2, #0
  41 000c 034B     		ldr	r3, .L2+8
  42 000e 1A60     		str	r2, [r3]
 224:Generated_Source\PSoC4/cyfitter_cfg.c **** }
  43              		.loc 1 224 0
  44              		@ sp needed
  45 0010 7047     		bx	lr
  46              	.L3:
  47 0012 C046     		.align	2
  48              	.L2:
  49 0014 30003040 		.word	1076887600
  50 0018 30003140 		.word	1076953136
  51 001c 000E3F40 		.word	1077874176
  52              		.cfi_endproc
  53              	.LFE5:
  54              		.size	AnalogSetDefault, .-AnalogSetDefault
  55              		.section	.text.CYMEMZERO,"ax",%progbits
  56              		.align	2
  57              		.code	16
  58              		.thumb_func
  59              		.type	CYMEMZERO, %function
  60              	CYMEMZERO:
  61              	.LFB1:
ARM GAS  C:\Users\HELLOK~1.1\AppData\Local\Temp\ccr6o2eq.s 			page 6


  77:Generated_Source\PSoC4/cyfitter_cfg.c **** 	(void)memset(s, 0, n);
  62              		.loc 1 77 0
  63              		.cfi_startproc
  64              		@ args = 0, pretend = 0, frame = 0
  65              		@ frame_needed = 0, uses_anonymous_args = 0
  66              	.LVL0:
  67 0000 10B5     		push	{r4, lr}
  68              		.cfi_def_cfa_offset 8
  69              		.cfi_offset 4, -8
  70              		.cfi_offset 14, -4
  71 0002 0A00     		movs	r2, r1
  78:Generated_Source\PSoC4/cyfitter_cfg.c **** }
  72              		.loc 1 78 0
  73 0004 0021     		movs	r1, #0
  74              	.LVL1:
  75 0006 FFF7FEFF 		bl	memset
  76              	.LVL2:
  79:Generated_Source\PSoC4/cyfitter_cfg.c **** CY_CFG_UNUSED
  77              		.loc 1 79 0
  78              		@ sp needed
  79 000a 10BD     		pop	{r4, pc}
  80              		.cfi_endproc
  81              	.LFE1:
  82              		.size	CYMEMZERO, .-CYMEMZERO
  83              		.section	.psocinit,"ax",%progbits
  84              		.align	2
  85              		.code	16
  86              		.thumb_func
  87              		.type	ClockSetup, %function
  88              	ClockSetup:
  89              	.LFB4:
 171:Generated_Source\PSoC4/cyfitter_cfg.c **** 
  90              		.loc 1 171 0
  91              		.cfi_startproc
  92              		@ args = 0, pretend = 0, frame = 0
  93              		@ frame_needed = 0, uses_anonymous_args = 0
  94 0000 10B5     		push	{r4, lr}
  95              		.cfi_def_cfa_offset 8
  96              		.cfi_offset 4, -8
  97              		.cfi_offset 14, -4
 174:Generated_Source\PSoC4/cyfitter_cfg.c **** 	/* Setup and trim IMO based on desired frequency. */
  98              		.loc 1 174 0
  99 0002 1222     		movs	r2, #18
 100 0004 124B     		ldr	r3, .L6
 101 0006 1A60     		str	r2, [r3]
 176:Generated_Source\PSoC4/cyfitter_cfg.c **** 	/* CYDEV_CLK_ILO_CONFIG Starting address: CYDEV_CLK_ILO_CONFIG */
 102              		.loc 1 176 0
 103 0008 3020     		movs	r0, #48
 104 000a FFF7FEFF 		bl	CySysClkWriteImoFreq
 105              	.LVL3:
 178:Generated_Source\PSoC4/cyfitter_cfg.c **** 
 106              		.loc 1 178 0
 107 000e 114A     		ldr	r2, .L6+4
 108 0010 114B     		ldr	r3, .L6+8
 109 0012 1A60     		str	r2, [r3]
 182:Generated_Source\PSoC4/cyfitter_cfg.c **** 	CY_SET_REG32((void *)CYREG_PERI_DIV_CMD, 0x8000FF40u);
 110              		.loc 1 182 0
ARM GAS  C:\Users\HELLOK~1.1\AppData\Local\Temp\ccr6o2eq.s 			page 7


 111 0014 E822     		movs	r2, #232
 112 0016 5201     		lsls	r2, r2, #5
 113 0018 104B     		ldr	r3, .L6+12
 114 001a 1A60     		str	r2, [r3]
 183:Generated_Source\PSoC4/cyfitter_cfg.c **** 
 115              		.loc 1 183 0
 116 001c 104A     		ldr	r2, .L6+16
 117 001e 114B     		ldr	r3, .L6+20
 118 0020 1A60     		str	r2, [r3]
 186:Generated_Source\PSoC4/cyfitter_cfg.c **** 
 119              		.loc 1 186 0
 120 0022 8022     		movs	r2, #128
 121 0024 1206     		lsls	r2, r2, #24
 122 0026 104B     		ldr	r3, .L6+24
 123 0028 1A60     		str	r2, [r3]
 189:Generated_Source\PSoC4/cyfitter_cfg.c **** 
 124              		.loc 1 189 0
 125 002a 8022     		movs	r2, #128
 126 002c D202     		lsls	r2, r2, #11
 127 002e 0F4B     		ldr	r3, .L6+28
 128 0030 1A60     		str	r2, [r3]
 192:Generated_Source\PSoC4/cyfitter_cfg.c **** 
 129              		.loc 1 192 0
 130 0032 4022     		movs	r2, #64
 131 0034 0E4B     		ldr	r3, .L6+32
 132 0036 1A60     		str	r2, [r3]
 194:Generated_Source\PSoC4/cyfitter_cfg.c **** 	CyIntEnable(7u);
 133              		.loc 1 194 0
 134 0038 0E49     		ldr	r1, .L6+36
 135 003a 0720     		movs	r0, #7
 136 003c FFF7FEFF 		bl	CyIntSetVector
 137              	.LVL4:
 195:Generated_Source\PSoC4/cyfitter_cfg.c **** 	CY_SET_REG32((void *)(CYREG_WDT_CONFIG), 0x00000000u);
 138              		.loc 1 195 0
 139 0040 0720     		movs	r0, #7
 140 0042 FFF7FEFF 		bl	CyIntEnable
 141              	.LVL5:
 196:Generated_Source\PSoC4/cyfitter_cfg.c **** }
 142              		.loc 1 196 0
 143 0046 0022     		movs	r2, #0
 144 0048 0B4B     		ldr	r3, .L6+40
 145 004a 1A60     		str	r2, [r3]
 197:Generated_Source\PSoC4/cyfitter_cfg.c **** 
 146              		.loc 1 197 0
 147              		@ sp needed
 148 004c 10BD     		pop	{r4, pc}
 149              	.L7:
 150 004e C046     		.align	2
 151              	.L6:
 152 0050 30001040 		.word	1074790448
 153 0054 06000080 		.word	-2147483642
 154 0058 04010B40 		.word	1074462980
 155 005c 00030140 		.word	1073808128
 156 0060 40FF0080 		.word	-2147418304
 157 0064 00000140 		.word	1073807360
 158 0068 08010B40 		.word	1074462984
 159 006c 00010B40 		.word	1074462976
ARM GAS  C:\Users\HELLOK~1.1\AppData\Local\Temp\ccr6o2eq.s 			page 8


 160 0070 08010140 		.word	1073807624
 161 0074 00000000 		.word	CySysWdtIsr
 162 0078 0C020B40 		.word	1074463244
 163              		.cfi_endproc
 164              	.LFE4:
 165              		.size	ClockSetup, .-ClockSetup
 166              		.align	2
 167              		.global	cyfitter_cfg
 168              		.code	16
 169              		.thumb_func
 170              		.type	cyfitter_cfg, %function
 171              	cyfitter_cfg:
 172              	.LFB6:
 225:Generated_Source\PSoC4/cyfitter_cfg.c **** 
 226:Generated_Source\PSoC4/cyfitter_cfg.c **** 
 227:Generated_Source\PSoC4/cyfitter_cfg.c **** 
 228:Generated_Source\PSoC4/cyfitter_cfg.c **** 
 229:Generated_Source\PSoC4/cyfitter_cfg.c **** /*******************************************************************************
 230:Generated_Source\PSoC4/cyfitter_cfg.c **** * Function Name: cyfitter_cfg
 231:Generated_Source\PSoC4/cyfitter_cfg.c **** ********************************************************************************
 232:Generated_Source\PSoC4/cyfitter_cfg.c **** * Summary:
 233:Generated_Source\PSoC4/cyfitter_cfg.c **** *  This function is called by the start-up code for the selected device. It
 234:Generated_Source\PSoC4/cyfitter_cfg.c **** *  performs all of the necessary device configuration based on the design
 235:Generated_Source\PSoC4/cyfitter_cfg.c **** *  settings.  This includes settings from the Design Wide Resources (DWR) such
 236:Generated_Source\PSoC4/cyfitter_cfg.c **** *  as Clocks and Pins as well as any component configuration that is necessary.
 237:Generated_Source\PSoC4/cyfitter_cfg.c **** *
 238:Generated_Source\PSoC4/cyfitter_cfg.c **** * Parameters:
 239:Generated_Source\PSoC4/cyfitter_cfg.c **** *   void
 240:Generated_Source\PSoC4/cyfitter_cfg.c **** *
 241:Generated_Source\PSoC4/cyfitter_cfg.c **** * Return:
 242:Generated_Source\PSoC4/cyfitter_cfg.c **** *   void
 243:Generated_Source\PSoC4/cyfitter_cfg.c **** *
 244:Generated_Source\PSoC4/cyfitter_cfg.c **** *******************************************************************************/
 245:Generated_Source\PSoC4/cyfitter_cfg.c **** CY_CFG_SECTION
 246:Generated_Source\PSoC4/cyfitter_cfg.c **** void cyfitter_cfg(void)
 247:Generated_Source\PSoC4/cyfitter_cfg.c **** {
 173              		.loc 1 247 0
 174              		.cfi_startproc
 175              		@ args = 0, pretend = 0, frame = 0
 176              		@ frame_needed = 0, uses_anonymous_args = 0
 177 007c 10B5     		push	{r4, lr}
 178              		.cfi_def_cfa_offset 8
 179              		.cfi_offset 4, -8
 180              		.cfi_offset 14, -4
 248:Generated_Source\PSoC4/cyfitter_cfg.c **** 	/* Disable interrupts by default. Let user enable if/when they want. */
 249:Generated_Source\PSoC4/cyfitter_cfg.c **** 	CyGlobalIntDisable;
 181              		.loc 1 249 0
 182              		.syntax divided
 183              	@ 249 "Generated_Source\PSoC4\cyfitter_cfg.c" 1
 184 007e 72B6     		CPSID   i
 185              	@ 0 "" 2
 186              	.LVL6:
 187              		.thumb
 188              		.syntax unified
 189              	.LBB2:
 250:Generated_Source\PSoC4/cyfitter_cfg.c **** 
 251:Generated_Source\PSoC4/cyfitter_cfg.c **** 	{
ARM GAS  C:\Users\HELLOK~1.1\AppData\Local\Temp\ccr6o2eq.s 			page 9


 252:Generated_Source\PSoC4/cyfitter_cfg.c **** 
 253:Generated_Source\PSoC4/cyfitter_cfg.c **** 		CYPACKED typedef struct {
 254:Generated_Source\PSoC4/cyfitter_cfg.c **** 			void CYFAR *address;
 255:Generated_Source\PSoC4/cyfitter_cfg.c **** 			uint16 size;
 256:Generated_Source\PSoC4/cyfitter_cfg.c **** 		} CYPACKED_ATTR cfg_memset_t;
 257:Generated_Source\PSoC4/cyfitter_cfg.c **** 
 258:Generated_Source\PSoC4/cyfitter_cfg.c **** 		static const cfg_memset_t CYCODE cfg_memset_list[] = {
 259:Generated_Source\PSoC4/cyfitter_cfg.c **** 			/* address, size */
 260:Generated_Source\PSoC4/cyfitter_cfg.c **** 			{(void CYFAR *)(CYDEV_UDB_P0_U0_BASE), 1024u},
 261:Generated_Source\PSoC4/cyfitter_cfg.c **** 			{(void CYFAR *)(CYDEV_UDB_DSI0_BASE), 1024u},
 262:Generated_Source\PSoC4/cyfitter_cfg.c **** 		};
 263:Generated_Source\PSoC4/cyfitter_cfg.c **** 
 264:Generated_Source\PSoC4/cyfitter_cfg.c **** 		uint8 CYDATA i;
 265:Generated_Source\PSoC4/cyfitter_cfg.c **** 
 266:Generated_Source\PSoC4/cyfitter_cfg.c **** 		/* Zero out critical memory blocks before beginning configuration */
 267:Generated_Source\PSoC4/cyfitter_cfg.c **** 		for (i = 0u; i < (sizeof(cfg_memset_list)/sizeof(cfg_memset_list[0])); i++)
 190              		.loc 1 267 0
 191 0080 0024     		movs	r4, #0
 192 0082 0FE0     		b	.L9
 193              	.LVL7:
 194              	.L10:
 195              	.LBB3:
 268:Generated_Source\PSoC4/cyfitter_cfg.c **** 		{
 269:Generated_Source\PSoC4/cyfitter_cfg.c **** 			const cfg_memset_t CYCODE * CYDATA ms = &cfg_memset_list[i];
 270:Generated_Source\PSoC4/cyfitter_cfg.c **** 			CYMEMZERO(ms->address, (size_t)(uint32)(ms->size));
 196              		.loc 1 270 0 discriminator 3
 197 0084 2748     		ldr	r0, .L11
 198 0086 6200     		lsls	r2, r4, #1
 199 0088 1319     		adds	r3, r2, r4
 200 008a 5900     		lsls	r1, r3, #1
 201 008c 0B00     		movs	r3, r1
 202 008e 4118     		adds	r1, r0, r1
 203 0090 8988     		ldrh	r1, [r1, #4]
 204 0092 1A5A     		ldrh	r2, [r3, r0]
 205 0094 C318     		adds	r3, r0, r3
 206 0096 5888     		ldrh	r0, [r3, #2]
 207 0098 0004     		lsls	r0, r0, #16
 208 009a 1043     		orrs	r0, r2
 209 009c FFF7FEFF 		bl	CYMEMZERO
 210              	.LVL8:
 211              	.LBE3:
 267:Generated_Source\PSoC4/cyfitter_cfg.c **** 		{
 212              		.loc 1 267 0 discriminator 3
 213 00a0 0134     		adds	r4, r4, #1
 214              	.LVL9:
 215 00a2 E4B2     		uxtb	r4, r4
 216              	.LVL10:
 217              	.L9:
 267:Generated_Source\PSoC4/cyfitter_cfg.c **** 		{
 218              		.loc 1 267 0 is_stmt 0 discriminator 1
 219 00a4 012C     		cmp	r4, #1
 220 00a6 EDD9     		bls	.L10
 271:Generated_Source\PSoC4/cyfitter_cfg.c **** 		}
 272:Generated_Source\PSoC4/cyfitter_cfg.c **** 
 273:Generated_Source\PSoC4/cyfitter_cfg.c **** 		/* HSIOM Starting address: CYDEV_HSIOM_BASE */
 274:Generated_Source\PSoC4/cyfitter_cfg.c **** 		CY_SET_REG32((void *)(CYREG_HSIOM_PORT_SEL3), 0x0000EE00u);
 221              		.loc 1 274 0 is_stmt 1
ARM GAS  C:\Users\HELLOK~1.1\AppData\Local\Temp\ccr6o2eq.s 			page 10


 222 00a8 EE22     		movs	r2, #238
 223 00aa 1202     		lsls	r2, r2, #8
 224 00ac 1E4B     		ldr	r3, .L11+4
 225 00ae 1A60     		str	r2, [r3]
 275:Generated_Source\PSoC4/cyfitter_cfg.c **** 		CY_SET_REG32((void *)(CYREG_HSIOM_PORT_SEL4), 0x000000EEu);
 226              		.loc 1 275 0
 227 00b0 EE22     		movs	r2, #238
 228 00b2 1E4B     		ldr	r3, .L11+8
 229 00b4 1A60     		str	r2, [r3]
 276:Generated_Source\PSoC4/cyfitter_cfg.c **** 
 277:Generated_Source\PSoC4/cyfitter_cfg.c **** 		/* UDB_PA_0 Starting address: CYDEV_UDB_PA0_BASE */
 278:Generated_Source\PSoC4/cyfitter_cfg.c **** 		CY_SET_REG32((void *)(CYDEV_UDB_PA0_BASE), 0x00990000u);
 230              		.loc 1 278 0
 231 00b6 9923     		movs	r3, #153
 232 00b8 1B04     		lsls	r3, r3, #16
 233 00ba 1D4A     		ldr	r2, .L11+12
 234 00bc 1360     		str	r3, [r2]
 279:Generated_Source\PSoC4/cyfitter_cfg.c **** 
 280:Generated_Source\PSoC4/cyfitter_cfg.c **** 		/* UDB_PA_1 Starting address: CYDEV_UDB_PA1_BASE */
 281:Generated_Source\PSoC4/cyfitter_cfg.c **** 		CY_SET_REG32((void *)(CYDEV_UDB_PA1_BASE), 0x00990000u);
 235              		.loc 1 281 0
 236 00be 1D4A     		ldr	r2, .L11+16
 237 00c0 1360     		str	r3, [r2]
 282:Generated_Source\PSoC4/cyfitter_cfg.c **** 
 283:Generated_Source\PSoC4/cyfitter_cfg.c **** 		/* UDB_PA_2 Starting address: CYDEV_UDB_PA2_BASE */
 284:Generated_Source\PSoC4/cyfitter_cfg.c **** 		CY_SET_REG32((void *)(CYDEV_UDB_PA2_BASE), 0x00990000u);
 238              		.loc 1 284 0
 239 00c2 1D4A     		ldr	r2, .L11+20
 240 00c4 1360     		str	r3, [r2]
 285:Generated_Source\PSoC4/cyfitter_cfg.c **** 
 286:Generated_Source\PSoC4/cyfitter_cfg.c **** 		/* UDB_PA_3 Starting address: CYDEV_UDB_PA3_BASE */
 287:Generated_Source\PSoC4/cyfitter_cfg.c **** 		CY_SET_REG32((void *)(CYDEV_UDB_PA3_BASE), 0x00990000u);
 241              		.loc 1 287 0
 242 00c6 1D4A     		ldr	r2, .L11+24
 243 00c8 1360     		str	r3, [r2]
 288:Generated_Source\PSoC4/cyfitter_cfg.c **** 
 289:Generated_Source\PSoC4/cyfitter_cfg.c **** 		/* Enable digital routing */
 290:Generated_Source\PSoC4/cyfitter_cfg.c **** 		CY_SET_XTND_REG8((void *)CYREG_UDB_UDBIF_BANK_CTL, (uint8)(CY_GET_XTND_REG8((void *)CYREG_UDB_UDB
 244              		.loc 1 290 0
 245 00ca 1D4A     		ldr	r2, .L11+28
 246 00cc 1178     		ldrb	r1, [r2]
 247 00ce 0623     		movs	r3, #6
 248 00d0 0B43     		orrs	r3, r1
 249 00d2 DBB2     		uxtb	r3, r3
 250 00d4 1370     		strb	r3, [r2]
 251              	.LBE2:
 291:Generated_Source\PSoC4/cyfitter_cfg.c **** 	}
 292:Generated_Source\PSoC4/cyfitter_cfg.c **** 
 293:Generated_Source\PSoC4/cyfitter_cfg.c **** 	/* Perform second pass device configuration. These items must be configured in specific order afte
 294:Generated_Source\PSoC4/cyfitter_cfg.c **** 	/* IOPINS0_0 Starting address: CYDEV_GPIO_PRT0_BASE */
 295:Generated_Source\PSoC4/cyfitter_cfg.c **** 	CY_SET_REG32((void *)(CYREG_GPIO_PRT0_PC), 0x00780000u);
 252              		.loc 1 295 0
 253 00d6 F022     		movs	r2, #240
 254 00d8 D203     		lsls	r2, r2, #15
 255 00da 1A4B     		ldr	r3, .L11+32
 256 00dc 1A60     		str	r2, [r3]
 296:Generated_Source\PSoC4/cyfitter_cfg.c **** 	CY_SET_REG32((void *)(CYREG_GPIO_PRT0_INTR_CFG), 0x00008000u);
ARM GAS  C:\Users\HELLOK~1.1\AppData\Local\Temp\ccr6o2eq.s 			page 11


 257              		.loc 1 296 0
 258 00de 8022     		movs	r2, #128
 259 00e0 1202     		lsls	r2, r2, #8
 260 00e2 194B     		ldr	r3, .L11+36
 261 00e4 1A60     		str	r2, [r3]
 297:Generated_Source\PSoC4/cyfitter_cfg.c **** 
 298:Generated_Source\PSoC4/cyfitter_cfg.c **** 	/* IOPINS0_1 Starting address: CYDEV_GPIO_PRT1_BASE */
 299:Generated_Source\PSoC4/cyfitter_cfg.c **** 	CY_SET_REG32((void *)(CYREG_GPIO_PRT1_PC), 0x00040000u);
 262              		.loc 1 299 0
 263 00e6 8022     		movs	r2, #128
 264 00e8 D202     		lsls	r2, r2, #11
 265 00ea 184B     		ldr	r3, .L11+40
 266 00ec 1A60     		str	r2, [r3]
 300:Generated_Source\PSoC4/cyfitter_cfg.c **** 	CY_SET_REG32((void *)(CYREG_GPIO_PRT1_INTR_CFG), 0x00001000u);
 267              		.loc 1 300 0
 268 00ee 8022     		movs	r2, #128
 269 00f0 5201     		lsls	r2, r2, #5
 270 00f2 174B     		ldr	r3, .L11+44
 271 00f4 1A60     		str	r2, [r3]
 301:Generated_Source\PSoC4/cyfitter_cfg.c **** 
 302:Generated_Source\PSoC4/cyfitter_cfg.c **** 	/* IOPINS0_2 Starting address: CYDEV_GPIO_PRT2_BASE */
 303:Generated_Source\PSoC4/cyfitter_cfg.c **** 	CY_SET_REG32((void *)(CYREG_GPIO_PRT2_PC), 0x00180000u);
 272              		.loc 1 303 0
 273 00f6 C022     		movs	r2, #192
 274 00f8 5203     		lsls	r2, r2, #13
 275 00fa 164B     		ldr	r3, .L11+48
 276 00fc 1A60     		str	r2, [r3]
 304:Generated_Source\PSoC4/cyfitter_cfg.c **** 
 305:Generated_Source\PSoC4/cyfitter_cfg.c **** 	/* IOPINS0_3 Starting address: CYDEV_GPIO_PRT3_BASE */
 306:Generated_Source\PSoC4/cyfitter_cfg.c **** 	CY_SET_REG32((void *)(CYREG_GPIO_PRT3_PC), 0x00000D80u);
 277              		.loc 1 306 0
 278 00fe D822     		movs	r2, #216
 279 0100 1201     		lsls	r2, r2, #4
 280 0102 154B     		ldr	r3, .L11+52
 281 0104 1A60     		str	r2, [r3]
 307:Generated_Source\PSoC4/cyfitter_cfg.c **** 
 308:Generated_Source\PSoC4/cyfitter_cfg.c **** 	/* IOPINS0_4 Starting address: CYDEV_GPIO_PRT4_BASE */
 309:Generated_Source\PSoC4/cyfitter_cfg.c **** 	CY_SET_REG32((void *)(CYDEV_GPIO_PRT4_BASE), 0x00000003u);
 282              		.loc 1 309 0
 283 0106 0322     		movs	r2, #3
 284 0108 144B     		ldr	r3, .L11+56
 285 010a 1A60     		str	r2, [r3]
 310:Generated_Source\PSoC4/cyfitter_cfg.c **** 	CY_SET_REG32((void *)(CYREG_GPIO_PRT4_PC), 0x00000024u);
 286              		.loc 1 310 0
 287 010c 2132     		adds	r2, r2, #33
 288 010e 144B     		ldr	r3, .L11+60
 289 0110 1A60     		str	r2, [r3]
 311:Generated_Source\PSoC4/cyfitter_cfg.c **** 
 312:Generated_Source\PSoC4/cyfitter_cfg.c **** 	/* IOPINS0_6 Starting address: CYDEV_GPIO_PRT6_BASE */
 313:Generated_Source\PSoC4/cyfitter_cfg.c **** 	CY_SET_REG32((void *)(CYREG_GPIO_PRT6_PC), 0x00030000u);
 290              		.loc 1 313 0
 291 0112 C022     		movs	r2, #192
 292 0114 9202     		lsls	r2, r2, #10
 293 0116 134B     		ldr	r3, .L11+64
 294 0118 1A60     		str	r2, [r3]
 314:Generated_Source\PSoC4/cyfitter_cfg.c **** 
 315:Generated_Source\PSoC4/cyfitter_cfg.c **** 
ARM GAS  C:\Users\HELLOK~1.1\AppData\Local\Temp\ccr6o2eq.s 			page 12


 316:Generated_Source\PSoC4/cyfitter_cfg.c **** 	/* Setup clocks based on selections from Clock DWR */
 317:Generated_Source\PSoC4/cyfitter_cfg.c **** 	ClockSetup();
 295              		.loc 1 317 0
 296 011a FFF771FF 		bl	ClockSetup
 297              	.LVL11:
 318:Generated_Source\PSoC4/cyfitter_cfg.c **** 
 319:Generated_Source\PSoC4/cyfitter_cfg.c **** 	/* Perform basic analog initialization to defaults */
 320:Generated_Source\PSoC4/cyfitter_cfg.c **** 	AnalogSetDefault();
 298              		.loc 1 320 0
 299 011e FFF7FEFF 		bl	AnalogSetDefault
 300              	.LVL12:
 321:Generated_Source\PSoC4/cyfitter_cfg.c **** 
 322:Generated_Source\PSoC4/cyfitter_cfg.c **** }
 301              		.loc 1 322 0
 302              		@ sp needed
 303              	.LVL13:
 304 0122 10BD     		pop	{r4, pc}
 305              	.L12:
 306              		.align	2
 307              	.L11:
 308 0124 00000000 		.word	.LANCHOR0
 309 0128 00030240 		.word	1073873664
 310 012c 00040240 		.word	1073873920
 311 0130 00500F40 		.word	1074745344
 312 0134 10500F40 		.word	1074745360
 313 0138 20500F40 		.word	1074745376
 314 013c 30500F40 		.word	1074745392
 315 0140 00700F40 		.word	1074753536
 316 0144 08000440 		.word	1074003976
 317 0148 0C000440 		.word	1074003980
 318 014c 08010440 		.word	1074004232
 319 0150 0C010440 		.word	1074004236
 320 0154 08020440 		.word	1074004488
 321 0158 08030440 		.word	1074004744
 322 015c 00040440 		.word	1074004992
 323 0160 08040440 		.word	1074005000
 324 0164 08060440 		.word	1074005512
 325              		.cfi_endproc
 326              	.LFE6:
 327              		.size	cyfitter_cfg, .-cyfitter_cfg
 328              		.section	.rodata
 329              		.align	2
 330              		.set	.LANCHOR0,. + 0
 331              		.type	cfg_memset_list.4888, %object
 332              		.size	cfg_memset_list.4888, 12
 333              	cfg_memset_list.4888:
 334 0000 00300F40 		.word	1074737152
 335 0004 0004     		.short	1024
 336 0006 00400F40 		.4byte	1074741248
 337 000a 0004     		.short	1024
 338              		.text
 339              	.Letext0:
 340              		.file 2 "c:\\program files (x86)\\cypress\\psoc creator\\4.4\\psoc creator\\import\\gnu\\arm\\5.4.
 341              		.file 3 "Generated_Source\\PSoC4\\cytypes.h"
 342              		.file 4 "Generated_Source\\PSoC4\\CyLib.h"
 343              		.section	.debug_info,"",%progbits
 344              	.Ldebug_info0:
ARM GAS  C:\Users\HELLOK~1.1\AppData\Local\Temp\ccr6o2eq.s 			page 13


 345 0000 91020000 		.4byte	0x291
 346 0004 0400     		.2byte	0x4
 347 0006 00000000 		.4byte	.Ldebug_abbrev0
 348 000a 04       		.byte	0x4
 349 000b 01       		.uleb128 0x1
 350 000c 4A010000 		.4byte	.LASF29
 351 0010 0C       		.byte	0xc
 352 0011 41020000 		.4byte	.LASF30
 353 0015 A9000000 		.4byte	.LASF31
 354 0019 00000000 		.4byte	.Ldebug_ranges0+0
 355 001d 00000000 		.4byte	0
 356 0021 00000000 		.4byte	.Ldebug_line0
 357 0025 02       		.uleb128 0x2
 358 0026 04       		.byte	0x4
 359 0027 05       		.byte	0x5
 360 0028 696E7400 		.ascii	"int\000"
 361 002c 03       		.uleb128 0x3
 362 002d 06000000 		.4byte	.LASF12
 363 0031 02       		.byte	0x2
 364 0032 D8       		.byte	0xd8
 365 0033 37000000 		.4byte	0x37
 366 0037 04       		.uleb128 0x4
 367 0038 04       		.byte	0x4
 368 0039 07       		.byte	0x7
 369 003a 11010000 		.4byte	.LASF0
 370 003e 04       		.uleb128 0x4
 371 003f 08       		.byte	0x8
 372 0040 05       		.byte	0x5
 373 0041 EE010000 		.4byte	.LASF1
 374 0045 04       		.uleb128 0x4
 375 0046 08       		.byte	0x8
 376 0047 04       		.byte	0x4
 377 0048 29020000 		.4byte	.LASF2
 378 004c 04       		.uleb128 0x4
 379 004d 01       		.byte	0x1
 380 004e 06       		.byte	0x6
 381 004f 35020000 		.4byte	.LASF3
 382 0053 04       		.uleb128 0x4
 383 0054 01       		.byte	0x1
 384 0055 08       		.byte	0x8
 385 0056 8D000000 		.4byte	.LASF4
 386 005a 04       		.uleb128 0x4
 387 005b 02       		.byte	0x2
 388 005c 05       		.byte	0x5
 389 005d 01020000 		.4byte	.LASF5
 390 0061 04       		.uleb128 0x4
 391 0062 02       		.byte	0x2
 392 0063 07       		.byte	0x7
 393 0064 48000000 		.4byte	.LASF6
 394 0068 04       		.uleb128 0x4
 395 0069 04       		.byte	0x4
 396 006a 05       		.byte	0x5
 397 006b 20020000 		.4byte	.LASF7
 398 006f 04       		.uleb128 0x4
 399 0070 04       		.byte	0x4
 400 0071 07       		.byte	0x7
 401 0072 6B000000 		.4byte	.LASF8
ARM GAS  C:\Users\HELLOK~1.1\AppData\Local\Temp\ccr6o2eq.s 			page 14


 402 0076 04       		.uleb128 0x4
 403 0077 08       		.byte	0x8
 404 0078 07       		.byte	0x7
 405 0079 33010000 		.4byte	.LASF9
 406 007d 04       		.uleb128 0x4
 407 007e 04       		.byte	0x4
 408 007f 07       		.byte	0x7
 409 0080 E5010000 		.4byte	.LASF10
 410 0084 05       		.uleb128 0x5
 411 0085 04       		.byte	0x4
 412 0086 04       		.uleb128 0x4
 413 0087 01       		.byte	0x1
 414 0088 08       		.byte	0x8
 415 0089 FC010000 		.4byte	.LASF11
 416 008d 06       		.uleb128 0x6
 417 008e 7D000000 		.4byte	.LASF13
 418 0092 03       		.byte	0x3
 419 0093 FC01     		.2byte	0x1fc
 420 0095 53000000 		.4byte	0x53
 421 0099 06       		.uleb128 0x6
 422 009a 03010000 		.4byte	.LASF14
 423 009e 03       		.byte	0x3
 424 009f FD01     		.2byte	0x1fd
 425 00a1 61000000 		.4byte	0x61
 426 00a5 06       		.uleb128 0x6
 427 00a6 0A010000 		.4byte	.LASF15
 428 00aa 03       		.byte	0x3
 429 00ab FE01     		.2byte	0x1fe
 430 00ad 6F000000 		.4byte	0x6f
 431 00b1 04       		.uleb128 0x4
 432 00b2 04       		.byte	0x4
 433 00b3 04       		.byte	0x4
 434 00b4 5B000000 		.4byte	.LASF16
 435 00b8 04       		.uleb128 0x4
 436 00b9 08       		.byte	0x8
 437 00ba 04       		.byte	0x4
 438 00bb A2000000 		.4byte	.LASF17
 439 00bf 06       		.uleb128 0x6
 440 00c0 66000000 		.4byte	.LASF18
 441 00c4 03       		.byte	0x3
 442 00c5 A602     		.2byte	0x2a6
 443 00c7 CB000000 		.4byte	0xcb
 444 00cb 07       		.uleb128 0x7
 445 00cc 8D000000 		.4byte	0x8d
 446 00d0 06       		.uleb128 0x6
 447 00d1 00000000 		.4byte	.LASF19
 448 00d5 03       		.byte	0x3
 449 00d6 A802     		.2byte	0x2a8
 450 00d8 DC000000 		.4byte	0xdc
 451 00dc 07       		.uleb128 0x7
 452 00dd A5000000 		.4byte	0xa5
 453 00e1 08       		.uleb128 0x8
 454 00e2 0D000000 		.4byte	.LASF32
 455 00e6 01       		.byte	0x1
 456 00e7 DB       		.byte	0xdb
 457 00e8 00000000 		.4byte	.LFB5
 458 00ec 20000000 		.4byte	.LFE5-.LFB5
ARM GAS  C:\Users\HELLOK~1.1\AppData\Local\Temp\ccr6o2eq.s 			page 15


 459 00f0 01       		.uleb128 0x1
 460 00f1 9C       		.byte	0x9c
 461 00f2 09       		.uleb128 0x9
 462 00f3 83000000 		.4byte	.LASF20
 463 00f7 01       		.byte	0x1
 464 00f8 4C       		.byte	0x4c
 465 00f9 00000000 		.4byte	.LFB1
 466 00fd 0C000000 		.4byte	.LFE1-.LFB1
 467 0101 01       		.uleb128 0x1
 468 0102 9C       		.byte	0x9c
 469 0103 3F010000 		.4byte	0x13f
 470 0107 0A       		.uleb128 0xa
 471 0108 7300     		.ascii	"s\000"
 472 010a 01       		.byte	0x1
 473 010b 4C       		.byte	0x4c
 474 010c 84000000 		.4byte	0x84
 475 0110 00000000 		.4byte	.LLST0
 476 0114 0A       		.uleb128 0xa
 477 0115 6E00     		.ascii	"n\000"
 478 0117 01       		.byte	0x1
 479 0118 4C       		.byte	0x4c
 480 0119 2C000000 		.4byte	0x2c
 481 011d 21000000 		.4byte	.LLST1
 482 0121 0B       		.uleb128 0xb
 483 0122 0A000000 		.4byte	.LVL2
 484 0126 6A020000 		.4byte	0x26a
 485 012a 0C       		.uleb128 0xc
 486 012b 01       		.uleb128 0x1
 487 012c 50       		.byte	0x50
 488 012d 03       		.uleb128 0x3
 489 012e F3       		.byte	0xf3
 490 012f 01       		.uleb128 0x1
 491 0130 50       		.byte	0x50
 492 0131 0C       		.uleb128 0xc
 493 0132 01       		.uleb128 0x1
 494 0133 51       		.byte	0x51
 495 0134 01       		.uleb128 0x1
 496 0135 30       		.byte	0x30
 497 0136 0C       		.uleb128 0xc
 498 0137 01       		.uleb128 0x1
 499 0138 52       		.byte	0x52
 500 0139 03       		.uleb128 0x3
 501 013a F3       		.byte	0xf3
 502 013b 01       		.uleb128 0x1
 503 013c 51       		.byte	0x51
 504 013d 00       		.byte	0
 505 013e 00       		.byte	0
 506 013f 09       		.uleb128 0x9
 507 0140 3D000000 		.4byte	.LASF21
 508 0144 01       		.byte	0x1
 509 0145 AA       		.byte	0xaa
 510 0146 00000000 		.4byte	.LFB4
 511 014a 7C000000 		.4byte	.LFE4-.LFB4
 512 014e 01       		.uleb128 0x1
 513 014f 9C       		.byte	0x9c
 514 0150 8B010000 		.4byte	0x18b
 515 0154 0D       		.uleb128 0xd
ARM GAS  C:\Users\HELLOK~1.1\AppData\Local\Temp\ccr6o2eq.s 			page 16


 516 0155 0E000000 		.4byte	.LVL3
 517 0159 73020000 		.4byte	0x273
 518 015d 68010000 		.4byte	0x168
 519 0161 0C       		.uleb128 0xc
 520 0162 01       		.uleb128 0x1
 521 0163 50       		.byte	0x50
 522 0164 02       		.uleb128 0x2
 523 0165 08       		.byte	0x8
 524 0166 30       		.byte	0x30
 525 0167 00       		.byte	0
 526 0168 0D       		.uleb128 0xd
 527 0169 40000000 		.4byte	.LVL4
 528 016d 7E020000 		.4byte	0x27e
 529 0171 7B010000 		.4byte	0x17b
 530 0175 0C       		.uleb128 0xc
 531 0176 01       		.uleb128 0x1
 532 0177 50       		.byte	0x50
 533 0178 01       		.uleb128 0x1
 534 0179 37       		.byte	0x37
 535 017a 00       		.byte	0
 536 017b 0B       		.uleb128 0xb
 537 017c 46000000 		.4byte	.LVL5
 538 0180 89020000 		.4byte	0x289
 539 0184 0C       		.uleb128 0xc
 540 0185 01       		.uleb128 0x1
 541 0186 50       		.byte	0x50
 542 0187 01       		.uleb128 0x1
 543 0188 37       		.byte	0x37
 544 0189 00       		.byte	0
 545 018a 00       		.byte	0
 546 018b 0E       		.uleb128 0xe
 547 018c 1E010000 		.4byte	.LASF33
 548 0190 01       		.byte	0x1
 549 0191 F6       		.byte	0xf6
 550 0192 7C000000 		.4byte	.LFB6
 551 0196 EC000000 		.4byte	.LFE6-.LFB6
 552 019a 01       		.uleb128 0x1
 553 019b 9C       		.byte	0x9c
 554 019c 6A020000 		.4byte	0x26a
 555 01a0 0F       		.uleb128 0xf
 556 01a1 80000000 		.4byte	.LBB2
 557 01a5 56000000 		.4byte	.LBE2-.LBB2
 558 01a9 57020000 		.4byte	0x257
 559 01ad 10       		.uleb128 0x10
 560 01ae 06       		.byte	0x6
 561 01af 01       		.byte	0x1
 562 01b0 FD       		.byte	0xfd
 563 01b1 CE010000 		.4byte	0x1ce
 564 01b5 11       		.uleb128 0x11
 565 01b6 2B010000 		.4byte	.LASF22
 566 01ba 01       		.byte	0x1
 567 01bb FE       		.byte	0xfe
 568 01bc 84000000 		.4byte	0x84
 569 01c0 00       		.byte	0
 570 01c1 11       		.uleb128 0x11
 571 01c2 61000000 		.4byte	.LASF23
 572 01c6 01       		.byte	0x1
ARM GAS  C:\Users\HELLOK~1.1\AppData\Local\Temp\ccr6o2eq.s 			page 17


 573 01c7 FF       		.byte	0xff
 574 01c8 99000000 		.4byte	0x99
 575 01cc 04       		.byte	0x4
 576 01cd 00       		.byte	0
 577 01ce 06       		.uleb128 0x6
 578 01cf D8010000 		.4byte	.LASF24
 579 01d3 01       		.byte	0x1
 580 01d4 0001     		.2byte	0x100
 581 01d6 AD010000 		.4byte	0x1ad
 582 01da 12       		.uleb128 0x12
 583 01db EA010000 		.4byte	0x1ea
 584 01df EA010000 		.4byte	0x1ea
 585 01e3 13       		.uleb128 0x13
 586 01e4 7D000000 		.4byte	0x7d
 587 01e8 01       		.byte	0x1
 588 01e9 00       		.byte	0
 589 01ea 14       		.uleb128 0x14
 590 01eb CE010000 		.4byte	0x1ce
 591 01ef 15       		.uleb128 0x15
 592 01f0 2D000000 		.4byte	.LASF25
 593 01f4 01       		.byte	0x1
 594 01f5 0201     		.2byte	0x102
 595 01f7 01020000 		.4byte	0x201
 596 01fb 05       		.uleb128 0x5
 597 01fc 03       		.byte	0x3
 598 01fd 00000000 		.4byte	cfg_memset_list.4888
 599 0201 14       		.uleb128 0x14
 600 0202 DA010000 		.4byte	0x1da
 601 0206 16       		.uleb128 0x16
 602 0207 6900     		.ascii	"i\000"
 603 0209 01       		.byte	0x1
 604 020a 0801     		.2byte	0x108
 605 020c 8D000000 		.4byte	0x8d
 606 0210 4D000000 		.4byte	.LLST2
 607 0214 17       		.uleb128 0x17
 608 0215 84000000 		.4byte	.LBB3
 609 0219 1C000000 		.4byte	.LBE3-.LBB3
 610 021d 16       		.uleb128 0x16
 611 021e 6D7300   		.ascii	"ms\000"
 612 0221 01       		.byte	0x1
 613 0222 0D01     		.2byte	0x10d
 614 0224 2C020000 		.4byte	0x22c
 615 0228 77000000 		.4byte	.LLST3
 616 022c 18       		.uleb128 0x18
 617 022d 04       		.byte	0x4
 618 022e EA010000 		.4byte	0x1ea
 619 0232 0B       		.uleb128 0xb
 620 0233 A0000000 		.4byte	.LVL8
 621 0237 F2000000 		.4byte	0xf2
 622 023b 0C       		.uleb128 0xc
 623 023c 01       		.uleb128 0x1
 624 023d 51       		.byte	0x51
 625 023e 15       		.uleb128 0x15
 626 023f 74       		.byte	0x74
 627 0240 00       		.sleb128 0
 628 0241 31       		.byte	0x31
 629 0242 24       		.byte	0x24
ARM GAS  C:\Users\HELLOK~1.1\AppData\Local\Temp\ccr6o2eq.s 			page 18


 630 0243 74       		.byte	0x74
 631 0244 00       		.sleb128 0
 632 0245 22       		.byte	0x22
 633 0246 31       		.byte	0x31
 634 0247 24       		.byte	0x24
 635 0248 03       		.byte	0x3
 636 0249 04000000 		.4byte	.LANCHOR0+4
 637 024d 22       		.byte	0x22
 638 024e 94       		.byte	0x94
 639 024f 02       		.byte	0x2
 640 0250 0A       		.byte	0xa
 641 0251 FFFF     		.2byte	0xffff
 642 0253 1A       		.byte	0x1a
 643 0254 00       		.byte	0
 644 0255 00       		.byte	0
 645 0256 00       		.byte	0
 646 0257 19       		.uleb128 0x19
 647 0258 1E010000 		.4byte	.LVL11
 648 025c 3F010000 		.4byte	0x13f
 649 0260 19       		.uleb128 0x19
 650 0261 22010000 		.4byte	.LVL12
 651 0265 E1000000 		.4byte	0xe1
 652 0269 00       		.byte	0
 653 026a 1A       		.uleb128 0x1a
 654 026b 9B000000 		.4byte	.LASF34
 655 026f 9B000000 		.4byte	.LASF34
 656 0273 1B       		.uleb128 0x1b
 657 0274 0B020000 		.4byte	.LASF26
 658 0278 0B020000 		.4byte	.LASF26
 659 027c 04       		.byte	0x4
 660 027d 6C       		.byte	0x6c
 661 027e 1B       		.uleb128 0x1b
 662 027f 1E000000 		.4byte	.LASF27
 663 0283 1E000000 		.4byte	.LASF27
 664 0287 04       		.byte	0x4
 665 0288 D0       		.byte	0xd0
 666 0289 1B       		.uleb128 0x1b
 667 028a F7000000 		.4byte	.LASF28
 668 028e F7000000 		.4byte	.LASF28
 669 0292 04       		.byte	0x4
 670 0293 D6       		.byte	0xd6
 671 0294 00       		.byte	0
 672              		.section	.debug_abbrev,"",%progbits
 673              	.Ldebug_abbrev0:
 674 0000 01       		.uleb128 0x1
 675 0001 11       		.uleb128 0x11
 676 0002 01       		.byte	0x1
 677 0003 25       		.uleb128 0x25
 678 0004 0E       		.uleb128 0xe
 679 0005 13       		.uleb128 0x13
 680 0006 0B       		.uleb128 0xb
 681 0007 03       		.uleb128 0x3
 682 0008 0E       		.uleb128 0xe
 683 0009 1B       		.uleb128 0x1b
 684 000a 0E       		.uleb128 0xe
 685 000b 55       		.uleb128 0x55
 686 000c 17       		.uleb128 0x17
ARM GAS  C:\Users\HELLOK~1.1\AppData\Local\Temp\ccr6o2eq.s 			page 19


 687 000d 11       		.uleb128 0x11
 688 000e 01       		.uleb128 0x1
 689 000f 10       		.uleb128 0x10
 690 0010 17       		.uleb128 0x17
 691 0011 00       		.byte	0
 692 0012 00       		.byte	0
 693 0013 02       		.uleb128 0x2
 694 0014 24       		.uleb128 0x24
 695 0015 00       		.byte	0
 696 0016 0B       		.uleb128 0xb
 697 0017 0B       		.uleb128 0xb
 698 0018 3E       		.uleb128 0x3e
 699 0019 0B       		.uleb128 0xb
 700 001a 03       		.uleb128 0x3
 701 001b 08       		.uleb128 0x8
 702 001c 00       		.byte	0
 703 001d 00       		.byte	0
 704 001e 03       		.uleb128 0x3
 705 001f 16       		.uleb128 0x16
 706 0020 00       		.byte	0
 707 0021 03       		.uleb128 0x3
 708 0022 0E       		.uleb128 0xe
 709 0023 3A       		.uleb128 0x3a
 710 0024 0B       		.uleb128 0xb
 711 0025 3B       		.uleb128 0x3b
 712 0026 0B       		.uleb128 0xb
 713 0027 49       		.uleb128 0x49
 714 0028 13       		.uleb128 0x13
 715 0029 00       		.byte	0
 716 002a 00       		.byte	0
 717 002b 04       		.uleb128 0x4
 718 002c 24       		.uleb128 0x24
 719 002d 00       		.byte	0
 720 002e 0B       		.uleb128 0xb
 721 002f 0B       		.uleb128 0xb
 722 0030 3E       		.uleb128 0x3e
 723 0031 0B       		.uleb128 0xb
 724 0032 03       		.uleb128 0x3
 725 0033 0E       		.uleb128 0xe
 726 0034 00       		.byte	0
 727 0035 00       		.byte	0
 728 0036 05       		.uleb128 0x5
 729 0037 0F       		.uleb128 0xf
 730 0038 00       		.byte	0
 731 0039 0B       		.uleb128 0xb
 732 003a 0B       		.uleb128 0xb
 733 003b 00       		.byte	0
 734 003c 00       		.byte	0
 735 003d 06       		.uleb128 0x6
 736 003e 16       		.uleb128 0x16
 737 003f 00       		.byte	0
 738 0040 03       		.uleb128 0x3
 739 0041 0E       		.uleb128 0xe
 740 0042 3A       		.uleb128 0x3a
 741 0043 0B       		.uleb128 0xb
 742 0044 3B       		.uleb128 0x3b
 743 0045 05       		.uleb128 0x5
ARM GAS  C:\Users\HELLOK~1.1\AppData\Local\Temp\ccr6o2eq.s 			page 20


 744 0046 49       		.uleb128 0x49
 745 0047 13       		.uleb128 0x13
 746 0048 00       		.byte	0
 747 0049 00       		.byte	0
 748 004a 07       		.uleb128 0x7
 749 004b 35       		.uleb128 0x35
 750 004c 00       		.byte	0
 751 004d 49       		.uleb128 0x49
 752 004e 13       		.uleb128 0x13
 753 004f 00       		.byte	0
 754 0050 00       		.byte	0
 755 0051 08       		.uleb128 0x8
 756 0052 2E       		.uleb128 0x2e
 757 0053 00       		.byte	0
 758 0054 03       		.uleb128 0x3
 759 0055 0E       		.uleb128 0xe
 760 0056 3A       		.uleb128 0x3a
 761 0057 0B       		.uleb128 0xb
 762 0058 3B       		.uleb128 0x3b
 763 0059 0B       		.uleb128 0xb
 764 005a 27       		.uleb128 0x27
 765 005b 19       		.uleb128 0x19
 766 005c 11       		.uleb128 0x11
 767 005d 01       		.uleb128 0x1
 768 005e 12       		.uleb128 0x12
 769 005f 06       		.uleb128 0x6
 770 0060 40       		.uleb128 0x40
 771 0061 18       		.uleb128 0x18
 772 0062 9742     		.uleb128 0x2117
 773 0064 19       		.uleb128 0x19
 774 0065 00       		.byte	0
 775 0066 00       		.byte	0
 776 0067 09       		.uleb128 0x9
 777 0068 2E       		.uleb128 0x2e
 778 0069 01       		.byte	0x1
 779 006a 03       		.uleb128 0x3
 780 006b 0E       		.uleb128 0xe
 781 006c 3A       		.uleb128 0x3a
 782 006d 0B       		.uleb128 0xb
 783 006e 3B       		.uleb128 0x3b
 784 006f 0B       		.uleb128 0xb
 785 0070 27       		.uleb128 0x27
 786 0071 19       		.uleb128 0x19
 787 0072 11       		.uleb128 0x11
 788 0073 01       		.uleb128 0x1
 789 0074 12       		.uleb128 0x12
 790 0075 06       		.uleb128 0x6
 791 0076 40       		.uleb128 0x40
 792 0077 18       		.uleb128 0x18
 793 0078 9742     		.uleb128 0x2117
 794 007a 19       		.uleb128 0x19
 795 007b 01       		.uleb128 0x1
 796 007c 13       		.uleb128 0x13
 797 007d 00       		.byte	0
 798 007e 00       		.byte	0
 799 007f 0A       		.uleb128 0xa
 800 0080 05       		.uleb128 0x5
ARM GAS  C:\Users\HELLOK~1.1\AppData\Local\Temp\ccr6o2eq.s 			page 21


 801 0081 00       		.byte	0
 802 0082 03       		.uleb128 0x3
 803 0083 08       		.uleb128 0x8
 804 0084 3A       		.uleb128 0x3a
 805 0085 0B       		.uleb128 0xb
 806 0086 3B       		.uleb128 0x3b
 807 0087 0B       		.uleb128 0xb
 808 0088 49       		.uleb128 0x49
 809 0089 13       		.uleb128 0x13
 810 008a 02       		.uleb128 0x2
 811 008b 17       		.uleb128 0x17
 812 008c 00       		.byte	0
 813 008d 00       		.byte	0
 814 008e 0B       		.uleb128 0xb
 815 008f 898201   		.uleb128 0x4109
 816 0092 01       		.byte	0x1
 817 0093 11       		.uleb128 0x11
 818 0094 01       		.uleb128 0x1
 819 0095 31       		.uleb128 0x31
 820 0096 13       		.uleb128 0x13
 821 0097 00       		.byte	0
 822 0098 00       		.byte	0
 823 0099 0C       		.uleb128 0xc
 824 009a 8A8201   		.uleb128 0x410a
 825 009d 00       		.byte	0
 826 009e 02       		.uleb128 0x2
 827 009f 18       		.uleb128 0x18
 828 00a0 9142     		.uleb128 0x2111
 829 00a2 18       		.uleb128 0x18
 830 00a3 00       		.byte	0
 831 00a4 00       		.byte	0
 832 00a5 0D       		.uleb128 0xd
 833 00a6 898201   		.uleb128 0x4109
 834 00a9 01       		.byte	0x1
 835 00aa 11       		.uleb128 0x11
 836 00ab 01       		.uleb128 0x1
 837 00ac 31       		.uleb128 0x31
 838 00ad 13       		.uleb128 0x13
 839 00ae 01       		.uleb128 0x1
 840 00af 13       		.uleb128 0x13
 841 00b0 00       		.byte	0
 842 00b1 00       		.byte	0
 843 00b2 0E       		.uleb128 0xe
 844 00b3 2E       		.uleb128 0x2e
 845 00b4 01       		.byte	0x1
 846 00b5 3F       		.uleb128 0x3f
 847 00b6 19       		.uleb128 0x19
 848 00b7 03       		.uleb128 0x3
 849 00b8 0E       		.uleb128 0xe
 850 00b9 3A       		.uleb128 0x3a
 851 00ba 0B       		.uleb128 0xb
 852 00bb 3B       		.uleb128 0x3b
 853 00bc 0B       		.uleb128 0xb
 854 00bd 27       		.uleb128 0x27
 855 00be 19       		.uleb128 0x19
 856 00bf 11       		.uleb128 0x11
 857 00c0 01       		.uleb128 0x1
ARM GAS  C:\Users\HELLOK~1.1\AppData\Local\Temp\ccr6o2eq.s 			page 22


 858 00c1 12       		.uleb128 0x12
 859 00c2 06       		.uleb128 0x6
 860 00c3 40       		.uleb128 0x40
 861 00c4 18       		.uleb128 0x18
 862 00c5 9742     		.uleb128 0x2117
 863 00c7 19       		.uleb128 0x19
 864 00c8 01       		.uleb128 0x1
 865 00c9 13       		.uleb128 0x13
 866 00ca 00       		.byte	0
 867 00cb 00       		.byte	0
 868 00cc 0F       		.uleb128 0xf
 869 00cd 0B       		.uleb128 0xb
 870 00ce 01       		.byte	0x1
 871 00cf 11       		.uleb128 0x11
 872 00d0 01       		.uleb128 0x1
 873 00d1 12       		.uleb128 0x12
 874 00d2 06       		.uleb128 0x6
 875 00d3 01       		.uleb128 0x1
 876 00d4 13       		.uleb128 0x13
 877 00d5 00       		.byte	0
 878 00d6 00       		.byte	0
 879 00d7 10       		.uleb128 0x10
 880 00d8 13       		.uleb128 0x13
 881 00d9 01       		.byte	0x1
 882 00da 0B       		.uleb128 0xb
 883 00db 0B       		.uleb128 0xb
 884 00dc 3A       		.uleb128 0x3a
 885 00dd 0B       		.uleb128 0xb
 886 00de 3B       		.uleb128 0x3b
 887 00df 0B       		.uleb128 0xb
 888 00e0 01       		.uleb128 0x1
 889 00e1 13       		.uleb128 0x13
 890 00e2 00       		.byte	0
 891 00e3 00       		.byte	0
 892 00e4 11       		.uleb128 0x11
 893 00e5 0D       		.uleb128 0xd
 894 00e6 00       		.byte	0
 895 00e7 03       		.uleb128 0x3
 896 00e8 0E       		.uleb128 0xe
 897 00e9 3A       		.uleb128 0x3a
 898 00ea 0B       		.uleb128 0xb
 899 00eb 3B       		.uleb128 0x3b
 900 00ec 0B       		.uleb128 0xb
 901 00ed 49       		.uleb128 0x49
 902 00ee 13       		.uleb128 0x13
 903 00ef 38       		.uleb128 0x38
 904 00f0 0B       		.uleb128 0xb
 905 00f1 00       		.byte	0
 906 00f2 00       		.byte	0
 907 00f3 12       		.uleb128 0x12
 908 00f4 01       		.uleb128 0x1
 909 00f5 01       		.byte	0x1
 910 00f6 49       		.uleb128 0x49
 911 00f7 13       		.uleb128 0x13
 912 00f8 01       		.uleb128 0x1
 913 00f9 13       		.uleb128 0x13
 914 00fa 00       		.byte	0
ARM GAS  C:\Users\HELLOK~1.1\AppData\Local\Temp\ccr6o2eq.s 			page 23


 915 00fb 00       		.byte	0
 916 00fc 13       		.uleb128 0x13
 917 00fd 21       		.uleb128 0x21
 918 00fe 00       		.byte	0
 919 00ff 49       		.uleb128 0x49
 920 0100 13       		.uleb128 0x13
 921 0101 2F       		.uleb128 0x2f
 922 0102 0B       		.uleb128 0xb
 923 0103 00       		.byte	0
 924 0104 00       		.byte	0
 925 0105 14       		.uleb128 0x14
 926 0106 26       		.uleb128 0x26
 927 0107 00       		.byte	0
 928 0108 49       		.uleb128 0x49
 929 0109 13       		.uleb128 0x13
 930 010a 00       		.byte	0
 931 010b 00       		.byte	0
 932 010c 15       		.uleb128 0x15
 933 010d 34       		.uleb128 0x34
 934 010e 00       		.byte	0
 935 010f 03       		.uleb128 0x3
 936 0110 0E       		.uleb128 0xe
 937 0111 3A       		.uleb128 0x3a
 938 0112 0B       		.uleb128 0xb
 939 0113 3B       		.uleb128 0x3b
 940 0114 05       		.uleb128 0x5
 941 0115 49       		.uleb128 0x49
 942 0116 13       		.uleb128 0x13
 943 0117 02       		.uleb128 0x2
 944 0118 18       		.uleb128 0x18
 945 0119 00       		.byte	0
 946 011a 00       		.byte	0
 947 011b 16       		.uleb128 0x16
 948 011c 34       		.uleb128 0x34
 949 011d 00       		.byte	0
 950 011e 03       		.uleb128 0x3
 951 011f 08       		.uleb128 0x8
 952 0120 3A       		.uleb128 0x3a
 953 0121 0B       		.uleb128 0xb
 954 0122 3B       		.uleb128 0x3b
 955 0123 05       		.uleb128 0x5
 956 0124 49       		.uleb128 0x49
 957 0125 13       		.uleb128 0x13
 958 0126 02       		.uleb128 0x2
 959 0127 17       		.uleb128 0x17
 960 0128 00       		.byte	0
 961 0129 00       		.byte	0
 962 012a 17       		.uleb128 0x17
 963 012b 0B       		.uleb128 0xb
 964 012c 01       		.byte	0x1
 965 012d 11       		.uleb128 0x11
 966 012e 01       		.uleb128 0x1
 967 012f 12       		.uleb128 0x12
 968 0130 06       		.uleb128 0x6
 969 0131 00       		.byte	0
 970 0132 00       		.byte	0
 971 0133 18       		.uleb128 0x18
ARM GAS  C:\Users\HELLOK~1.1\AppData\Local\Temp\ccr6o2eq.s 			page 24


 972 0134 0F       		.uleb128 0xf
 973 0135 00       		.byte	0
 974 0136 0B       		.uleb128 0xb
 975 0137 0B       		.uleb128 0xb
 976 0138 49       		.uleb128 0x49
 977 0139 13       		.uleb128 0x13
 978 013a 00       		.byte	0
 979 013b 00       		.byte	0
 980 013c 19       		.uleb128 0x19
 981 013d 898201   		.uleb128 0x4109
 982 0140 00       		.byte	0
 983 0141 11       		.uleb128 0x11
 984 0142 01       		.uleb128 0x1
 985 0143 31       		.uleb128 0x31
 986 0144 13       		.uleb128 0x13
 987 0145 00       		.byte	0
 988 0146 00       		.byte	0
 989 0147 1A       		.uleb128 0x1a
 990 0148 2E       		.uleb128 0x2e
 991 0149 00       		.byte	0
 992 014a 3F       		.uleb128 0x3f
 993 014b 19       		.uleb128 0x19
 994 014c 3C       		.uleb128 0x3c
 995 014d 19       		.uleb128 0x19
 996 014e 6E       		.uleb128 0x6e
 997 014f 0E       		.uleb128 0xe
 998 0150 03       		.uleb128 0x3
 999 0151 0E       		.uleb128 0xe
 1000 0152 00       		.byte	0
 1001 0153 00       		.byte	0
 1002 0154 1B       		.uleb128 0x1b
 1003 0155 2E       		.uleb128 0x2e
 1004 0156 00       		.byte	0
 1005 0157 3F       		.uleb128 0x3f
 1006 0158 19       		.uleb128 0x19
 1007 0159 3C       		.uleb128 0x3c
 1008 015a 19       		.uleb128 0x19
 1009 015b 6E       		.uleb128 0x6e
 1010 015c 0E       		.uleb128 0xe
 1011 015d 03       		.uleb128 0x3
 1012 015e 0E       		.uleb128 0xe
 1013 015f 3A       		.uleb128 0x3a
 1014 0160 0B       		.uleb128 0xb
 1015 0161 3B       		.uleb128 0x3b
 1016 0162 0B       		.uleb128 0xb
 1017 0163 00       		.byte	0
 1018 0164 00       		.byte	0
 1019 0165 00       		.byte	0
 1020              		.section	.debug_loc,"",%progbits
 1021              	.Ldebug_loc0:
 1022              	.LLST0:
 1023 0000 00000000 		.4byte	.LVL0
 1024 0004 09000000 		.4byte	.LVL2-1
 1025 0008 0100     		.2byte	0x1
 1026 000a 50       		.byte	0x50
 1027 000b 09000000 		.4byte	.LVL2-1
 1028 000f 0C000000 		.4byte	.LFE1
ARM GAS  C:\Users\HELLOK~1.1\AppData\Local\Temp\ccr6o2eq.s 			page 25


 1029 0013 0400     		.2byte	0x4
 1030 0015 F3       		.byte	0xf3
 1031 0016 01       		.uleb128 0x1
 1032 0017 50       		.byte	0x50
 1033 0018 9F       		.byte	0x9f
 1034 0019 00000000 		.4byte	0
 1035 001d 00000000 		.4byte	0
 1036              	.LLST1:
 1037 0021 00000000 		.4byte	.LVL0
 1038 0025 06000000 		.4byte	.LVL1
 1039 0029 0100     		.2byte	0x1
 1040 002b 51       		.byte	0x51
 1041 002c 06000000 		.4byte	.LVL1
 1042 0030 09000000 		.4byte	.LVL2-1
 1043 0034 0100     		.2byte	0x1
 1044 0036 52       		.byte	0x52
 1045 0037 09000000 		.4byte	.LVL2-1
 1046 003b 0C000000 		.4byte	.LFE1
 1047 003f 0400     		.2byte	0x4
 1048 0041 F3       		.byte	0xf3
 1049 0042 01       		.uleb128 0x1
 1050 0043 51       		.byte	0x51
 1051 0044 9F       		.byte	0x9f
 1052 0045 00000000 		.4byte	0
 1053 0049 00000000 		.4byte	0
 1054              	.LLST2:
 1055 004d 80000000 		.4byte	.LVL6
 1056 0051 84000000 		.4byte	.LVL7
 1057 0055 0200     		.2byte	0x2
 1058 0057 30       		.byte	0x30
 1059 0058 9F       		.byte	0x9f
 1060 0059 84000000 		.4byte	.LVL7
 1061 005d A2000000 		.4byte	.LVL9
 1062 0061 0100     		.2byte	0x1
 1063 0063 54       		.byte	0x54
 1064 0064 A4000000 		.4byte	.LVL10
 1065 0068 22010000 		.4byte	.LVL13
 1066 006c 0100     		.2byte	0x1
 1067 006e 54       		.byte	0x54
 1068 006f 00000000 		.4byte	0
 1069 0073 00000000 		.4byte	0
 1070              	.LLST3:
 1071 0077 84000000 		.4byte	.LVL7
 1072 007b A2000000 		.4byte	.LVL9
 1073 007f 0B00     		.2byte	0xb
 1074 0081 74       		.byte	0x74
 1075 0082 00       		.sleb128 0
 1076 0083 36       		.byte	0x36
 1077 0084 1E       		.byte	0x1e
 1078 0085 03       		.byte	0x3
 1079 0086 00000000 		.4byte	cfg_memset_list.4888
 1080 008a 22       		.byte	0x22
 1081 008b 9F       		.byte	0x9f
 1082 008c A2000000 		.4byte	.LVL9
 1083 0090 A4000000 		.4byte	.LVL10
 1084 0094 0B00     		.2byte	0xb
 1085 0096 74       		.byte	0x74
ARM GAS  C:\Users\HELLOK~1.1\AppData\Local\Temp\ccr6o2eq.s 			page 26


 1086 0097 7F       		.sleb128 -1
 1087 0098 36       		.byte	0x36
 1088 0099 1E       		.byte	0x1e
 1089 009a 03       		.byte	0x3
 1090 009b 00000000 		.4byte	cfg_memset_list.4888
 1091 009f 22       		.byte	0x22
 1092 00a0 9F       		.byte	0x9f
 1093 00a1 00000000 		.4byte	0
 1094 00a5 00000000 		.4byte	0
 1095              		.section	.debug_aranges,"",%progbits
 1096 0000 34000000 		.4byte	0x34
 1097 0004 0200     		.2byte	0x2
 1098 0006 00000000 		.4byte	.Ldebug_info0
 1099 000a 04       		.byte	0x4
 1100 000b 00       		.byte	0
 1101 000c 0000     		.2byte	0
 1102 000e 0000     		.2byte	0
 1103 0010 00000000 		.4byte	.LFB5
 1104 0014 20000000 		.4byte	.LFE5-.LFB5
 1105 0018 00000000 		.4byte	.LFB1
 1106 001c 0C000000 		.4byte	.LFE1-.LFB1
 1107 0020 00000000 		.4byte	.LFB4
 1108 0024 7C000000 		.4byte	.LFE4-.LFB4
 1109 0028 7C000000 		.4byte	.LFB6
 1110 002c EC000000 		.4byte	.LFE6-.LFB6
 1111 0030 00000000 		.4byte	0
 1112 0034 00000000 		.4byte	0
 1113              		.section	.debug_ranges,"",%progbits
 1114              	.Ldebug_ranges0:
 1115 0000 00000000 		.4byte	.LFB5
 1116 0004 20000000 		.4byte	.LFE5
 1117 0008 00000000 		.4byte	.LFB1
 1118 000c 0C000000 		.4byte	.LFE1
 1119 0010 00000000 		.4byte	.LFB4
 1120 0014 7C000000 		.4byte	.LFE4
 1121 0018 7C000000 		.4byte	.LFB6
 1122 001c 68010000 		.4byte	.LFE6
 1123 0020 00000000 		.4byte	0
 1124 0024 00000000 		.4byte	0
 1125              		.section	.debug_line,"",%progbits
 1126              	.Ldebug_line0:
 1127 0000 4A010000 		.section	.debug_str,"MS",%progbits,1
 1127      0200D600 
 1127      00000201 
 1127      FB0E0D00 
 1127      01010101 
 1128              	.LASF19:
 1129 0000 72656733 		.ascii	"reg32\000"
 1129      3200
 1130              	.LASF12:
 1131 0006 73697A65 		.ascii	"size_t\000"
 1131      5F7400
 1132              	.LASF32:
 1133 000d 416E616C 		.ascii	"AnalogSetDefault\000"
 1133      6F675365 
 1133      74446566 
 1133      61756C74 
ARM GAS  C:\Users\HELLOK~1.1\AppData\Local\Temp\ccr6o2eq.s 			page 27


 1133      00
 1134              	.LASF27:
 1135 001e 4379496E 		.ascii	"CyIntSetVector\000"
 1135      74536574 
 1135      56656374 
 1135      6F7200
 1136              	.LASF25:
 1137 002d 6366675F 		.ascii	"cfg_memset_list\000"
 1137      6D656D73 
 1137      65745F6C 
 1137      69737400 
 1138              	.LASF21:
 1139 003d 436C6F63 		.ascii	"ClockSetup\000"
 1139      6B536574 
 1139      757000
 1140              	.LASF6:
 1141 0048 73686F72 		.ascii	"short unsigned int\000"
 1141      7420756E 
 1141      7369676E 
 1141      65642069 
 1141      6E7400
 1142              	.LASF16:
 1143 005b 666C6F61 		.ascii	"float\000"
 1143      7400
 1144              	.LASF23:
 1145 0061 73697A65 		.ascii	"size\000"
 1145      00
 1146              	.LASF18:
 1147 0066 72656738 		.ascii	"reg8\000"
 1147      00
 1148              	.LASF8:
 1149 006b 6C6F6E67 		.ascii	"long unsigned int\000"
 1149      20756E73 
 1149      69676E65 
 1149      6420696E 
 1149      7400
 1150              	.LASF13:
 1151 007d 75696E74 		.ascii	"uint8\000"
 1151      3800
 1152              	.LASF20:
 1153 0083 43594D45 		.ascii	"CYMEMZERO\000"
 1153      4D5A4552 
 1153      4F00
 1154              	.LASF4:
 1155 008d 756E7369 		.ascii	"unsigned char\000"
 1155      676E6564 
 1155      20636861 
 1155      7200
 1156              	.LASF34:
 1157 009b 6D656D73 		.ascii	"memset\000"
 1157      657400
 1158              	.LASF17:
 1159 00a2 646F7562 		.ascii	"double\000"
 1159      6C6500
 1160              	.LASF31:
 1161 00a9 433A5C55 		.ascii	"C:\\Users\\hElLo KiTtY 2.1\\Desktop\\ECE381\\Lab 5 "
 1161      73657273 
ARM GAS  C:\Users\HELLOK~1.1\AppData\Local\Temp\ccr6o2eq.s 			page 28


 1161      5C68456C 
 1161      4C6F204B 
 1161      69547459 
 1162 00d7 2D204932 		.ascii	"- I2C\\Project\\Lab 5 - I2C.cydsn\000"
 1162      435C5072 
 1162      6F6A6563 
 1162      745C4C61 
 1162      62203520 
 1163              	.LASF28:
 1164 00f7 4379496E 		.ascii	"CyIntEnable\000"
 1164      74456E61 
 1164      626C6500 
 1165              	.LASF14:
 1166 0103 75696E74 		.ascii	"uint16\000"
 1166      313600
 1167              	.LASF15:
 1168 010a 75696E74 		.ascii	"uint32\000"
 1168      333200
 1169              	.LASF0:
 1170 0111 756E7369 		.ascii	"unsigned int\000"
 1170      676E6564 
 1170      20696E74 
 1170      00
 1171              	.LASF33:
 1172 011e 63796669 		.ascii	"cyfitter_cfg\000"
 1172      74746572 
 1172      5F636667 
 1172      00
 1173              	.LASF22:
 1174 012b 61646472 		.ascii	"address\000"
 1174      65737300 
 1175              	.LASF9:
 1176 0133 6C6F6E67 		.ascii	"long long unsigned int\000"
 1176      206C6F6E 
 1176      6720756E 
 1176      7369676E 
 1176      65642069 
 1177              	.LASF29:
 1178 014a 474E5520 		.ascii	"GNU C11 5.4.1 20160609 (release) [ARM/embedded-5-br"
 1178      43313120 
 1178      352E342E 
 1178      31203230 
 1178      31363036 
 1179 017d 616E6368 		.ascii	"anch revision 237715] -mcpu=cortex-m0 -mthumb -g -O"
 1179      20726576 
 1179      6973696F 
 1179      6E203233 
 1179      37373135 
 1180 01b0 67202D66 		.ascii	"g -ffunction-sections -ffat-lto-objects\000"
 1180      66756E63 
 1180      74696F6E 
 1180      2D736563 
 1180      74696F6E 
 1181              	.LASF24:
 1182 01d8 6366675F 		.ascii	"cfg_memset_t\000"
 1182      6D656D73 
 1182      65745F74 
ARM GAS  C:\Users\HELLOK~1.1\AppData\Local\Temp\ccr6o2eq.s 			page 29


 1182      00
 1183              	.LASF10:
 1184 01e5 73697A65 		.ascii	"sizetype\000"
 1184      74797065 
 1184      00
 1185              	.LASF1:
 1186 01ee 6C6F6E67 		.ascii	"long long int\000"
 1186      206C6F6E 
 1186      6720696E 
 1186      7400
 1187              	.LASF11:
 1188 01fc 63686172 		.ascii	"char\000"
 1188      00
 1189              	.LASF5:
 1190 0201 73686F72 		.ascii	"short int\000"
 1190      7420696E 
 1190      7400
 1191              	.LASF26:
 1192 020b 43795379 		.ascii	"CySysClkWriteImoFreq\000"
 1192      73436C6B 
 1192      57726974 
 1192      65496D6F 
 1192      46726571 
 1193              	.LASF7:
 1194 0220 6C6F6E67 		.ascii	"long int\000"
 1194      20696E74 
 1194      00
 1195              	.LASF2:
 1196 0229 6C6F6E67 		.ascii	"long double\000"
 1196      20646F75 
 1196      626C6500 
 1197              	.LASF3:
 1198 0235 7369676E 		.ascii	"signed char\000"
 1198      65642063 
 1198      68617200 
 1199              	.LASF30:
 1200 0241 47656E65 		.ascii	"Generated_Source\\PSoC4\\cyfitter_cfg.c\000"
 1200      72617465 
 1200      645F536F 
 1200      75726365 
 1200      5C50536F 
 1201              		.ident	"GCC: (GNU Tools for ARM Embedded Processors) 5.4.1 20160609 (release) [ARM/embedded-5-bran
