ARM GAS  C:\Users\HELLOK~1\AppData\Local\Temp\cczZAaR9.s 			page 1


   1              		.syntax unified
   2              		.cpu cortex-m0
   3              		.fpu softvfp
   4              		.eabi_attribute 20, 1
   5              		.eabi_attribute 21, 1
   6              		.eabi_attribute 23, 3
   7              		.eabi_attribute 24, 1
   8              		.eabi_attribute 25, 1
   9              		.eabi_attribute 26, 1
  10              		.eabi_attribute 30, 1
  11              		.eabi_attribute 34, 0
  12              		.eabi_attribute 18, 4
  13              		.thumb
  14              		.syntax unified
  15              		.file	"main.c"
  16              		.text
  17              	.Ltext0:
  18              		.cfi_sections	.debug_frame
  19              		.section	.text.readFromAddr,"ax",%progbits
  20              		.align	2
  21              		.global	readFromAddr
  22              		.code	16
  23              		.thumb_func
  24              		.type	readFromAddr, %function
  25              	readFromAddr:
  26              	.LFB34:
  27              		.file 1 "main.c"
   1:main.c        **** /* ========================================
   2:main.c        ****  *
   3:main.c        ****  * Copyright YOUR COMPANY, THE YEAR
   4:main.c        ****  * All Rights Reserved
   5:main.c        ****  * UNPUBLISHED, LICENSED SOFTWARE.
   6:main.c        ****  *
   7:main.c        ****  * CONFIDENTIAL AND PROPRIETARY INFORMATION
   8:main.c        ****  * WHICH IS THE PROPERTY OF your company.
   9:main.c        ****  *
  10:main.c        ****  * ========================================
  11:main.c        **** */
  12:main.c        **** #include "project.h"
  13:main.c        **** 
  14:main.c        **** static const uint32 accelAddr = 0x0F;
  15:main.c        **** static const uint32 ramLowerAddr = 0x50;
  16:main.c        **** static const uint32 ramUpperAddr = 0x51;
  17:main.c        **** 
  18:main.c        **** struct accelerometer{
  19:main.c        ****     uint32 XOUT_L;
  20:main.c        ****     uint32 XOUT_H;
  21:main.c        ****     uint32 YOUT_L;
  22:main.c        ****     uint32 YOUT_H;
  23:main.c        ****     uint32 ZOUT_L;
  24:main.c        ****     uint32 ZOUT_H;
  25:main.c        ****     uint32 CtrlReg1;
  26:main.c        ****     uint32 CtrlReg2;
  27:main.c        ****     uint32 DataCtrlReg;
  28:main.c        ****     uint32 Test;
  29:main.c        **** };
  30:main.c        **** struct FRAM{
ARM GAS  C:\Users\HELLOK~1\AppData\Local\Temp\cczZAaR9.s 			page 2


  31:main.c        ****     uint32 XPOS;
  32:main.c        ****     uint32 XNEG;
  33:main.c        ****     uint32 YPOS;
  34:main.c        ****     uint32 YNEG;
  35:main.c        ****     uint32 ZPOS;
  36:main.c        ****     uint32 ZNEG;
  37:main.c        **** };
  38:main.c        **** 
  39:main.c        **** void readFromAddr(uint8* readBuf, int readBytes, uint32 devAddr, uint32 memAddr){
  28              		.loc 1 39 0
  29              		.cfi_startproc
  30              		@ args = 0, pretend = 0, frame = 8
  31              		@ frame_needed = 0, uses_anonymous_args = 0
  32              	.LVL0:
  33 0000 70B5     		push	{r4, r5, r6, lr}
  34              		.cfi_def_cfa_offset 16
  35              		.cfi_offset 4, -16
  36              		.cfi_offset 5, -12
  37              		.cfi_offset 6, -8
  38              		.cfi_offset 14, -4
  39 0002 82B0     		sub	sp, sp, #8
  40              		.cfi_def_cfa_offset 24
  41 0004 0500     		movs	r5, r0
  42 0006 0E00     		movs	r6, r1
  43 0008 1400     		movs	r4, r2
  40:main.c        ****     uint8 wrBuf[1];
  41:main.c        ****     wrBuf[0] = memAddr;
  44              		.loc 1 41 0
  45 000a 01A9     		add	r1, sp, #4
  46              	.LVL1:
  47 000c 0B70     		strb	r3, [r1]
  42:main.c        ****     I2C_I2CMasterWriteBuf(devAddr, wrBuf, 1, I2C_I2C_MODE_NO_STOP);
  48              		.loc 1 42 0
  49 000e 0223     		movs	r3, #2
  50              	.LVL2:
  51 0010 0122     		movs	r2, #1
  52              	.LVL3:
  53 0012 2000     		movs	r0, r4
  54              	.LVL4:
  55 0014 FFF7FEFF 		bl	I2C_I2CMasterWriteBuf
  56              	.LVL5:
  57              	.L2:
  43:main.c        ****     while(!(I2C_I2CMasterStatus() & I2C_I2C_MSTAT_WR_CMPLT));
  58              		.loc 1 43 0 discriminator 1
  59 0018 FFF7FEFF 		bl	I2C_I2CMasterStatus
  60              	.LVL6:
  61 001c 8307     		lsls	r3, r0, #30
  62 001e FBD5     		bpl	.L2
  44:main.c        ****     I2C_I2CMasterClearStatus();
  63              		.loc 1 44 0
  64 0020 FFF7FEFF 		bl	I2C_I2CMasterClearStatus
  65              	.LVL7:
  45:main.c        ****     
  46:main.c        ****     I2C_I2CMasterReadBuf(devAddr, readBuf, readBytes, I2C_I2C_MODE_REPEAT_START);
  66              		.loc 1 46 0
  67 0024 0123     		movs	r3, #1
  68 0026 3200     		movs	r2, r6
ARM GAS  C:\Users\HELLOK~1\AppData\Local\Temp\cczZAaR9.s 			page 3


  69 0028 2900     		movs	r1, r5
  70 002a 2000     		movs	r0, r4
  71 002c FFF7FEFF 		bl	I2C_I2CMasterReadBuf
  72              	.LVL8:
  73              	.L3:
  47:main.c        ****     while(!(I2C_I2CMasterStatus() & I2C_I2C_MSTAT_RD_CMPLT));
  74              		.loc 1 47 0 discriminator 1
  75 0030 FFF7FEFF 		bl	I2C_I2CMasterStatus
  76              	.LVL9:
  77 0034 C307     		lsls	r3, r0, #31
  78 0036 FBD5     		bpl	.L3
  48:main.c        ****     I2C_I2CMasterClearStatus();
  79              		.loc 1 48 0
  80 0038 FFF7FEFF 		bl	I2C_I2CMasterClearStatus
  81              	.LVL10:
  49:main.c        ****     
  50:main.c        **** }
  82              		.loc 1 50 0
  83 003c 02B0     		add	sp, sp, #8
  84              		@ sp needed
  85              	.LVL11:
  86              	.LVL12:
  87              	.LVL13:
  88 003e 70BD     		pop	{r4, r5, r6, pc}
  89              		.cfi_endproc
  90              	.LFE34:
  91              		.size	readFromAddr, .-readFromAddr
  92              		.section	.text.writeToAddr,"ax",%progbits
  93              		.align	2
  94              		.global	writeToAddr
  95              		.code	16
  96              		.thumb_func
  97              		.type	writeToAddr, %function
  98              	writeToAddr:
  99              	.LFB35:
  51:main.c        **** void writeToAddr(uint8* writeBuf, int writeBytes, uint32 devAddr, uint32 memAddr){
 100              		.loc 1 51 0
 101              		.cfi_startproc
 102              		@ args = 0, pretend = 0, frame = 0
 103              		@ frame_needed = 0, uses_anonymous_args = 0
 104              	.LVL14:
 105 0000 10B5     		push	{r4, lr}
 106              		.cfi_def_cfa_offset 8
 107              		.cfi_offset 4, -8
 108              		.cfi_offset 14, -4
 109 0002 1400     		movs	r4, r2
  52:main.c        ****     writeBuf[0] = memAddr;
 110              		.loc 1 52 0
 111 0004 0370     		strb	r3, [r0]
  53:main.c        ****     I2C_I2CMasterWriteBuf(devAddr, writeBuf, writeBytes, I2C_I2C_MODE_COMPLETE_XFER);
 112              		.loc 1 53 0
 113 0006 0023     		movs	r3, #0
 114              	.LVL15:
 115 0008 0A00     		movs	r2, r1
 116              	.LVL16:
 117 000a 0100     		movs	r1, r0
 118              	.LVL17:
ARM GAS  C:\Users\HELLOK~1\AppData\Local\Temp\cczZAaR9.s 			page 4


 119 000c 2000     		movs	r0, r4
 120              	.LVL18:
 121 000e FFF7FEFF 		bl	I2C_I2CMasterWriteBuf
 122              	.LVL19:
 123              	.L5:
  54:main.c        ****     while(!(I2C_I2CMasterStatus() & I2C_I2C_MSTAT_WR_CMPLT));
 124              		.loc 1 54 0 discriminator 1
 125 0012 FFF7FEFF 		bl	I2C_I2CMasterStatus
 126              	.LVL20:
 127 0016 8307     		lsls	r3, r0, #30
 128 0018 FBD5     		bpl	.L5
  55:main.c        ****     I2C_I2CMasterClearStatus();
 129              		.loc 1 55 0
 130 001a FFF7FEFF 		bl	I2C_I2CMasterClearStatus
 131              	.LVL21:
  56:main.c        **** }
 132              		.loc 1 56 0
 133              		@ sp needed
 134              	.LVL22:
 135 001e 10BD     		pop	{r4, pc}
 136              		.cfi_endproc
 137              	.LFE35:
 138              		.size	writeToAddr, .-writeToAddr
 139              		.section	.text.main,"ax",%progbits
 140              		.align	2
 141              		.global	main
 142              		.code	16
 143              		.thumb_func
 144              		.type	main, %function
 145              	main:
 146              	.LFB36:
  57:main.c        **** 
  58:main.c        **** int main(void)
  59:main.c        **** {
 147              		.loc 1 59 0
 148              		.cfi_startproc
 149              		@ args = 0, pretend = 0, frame = 16
 150              		@ frame_needed = 0, uses_anonymous_args = 0
 151 0000 10B5     		push	{r4, lr}
 152              		.cfi_def_cfa_offset 8
 153              		.cfi_offset 4, -8
 154              		.cfi_offset 14, -4
 155 0002 84B0     		sub	sp, sp, #16
 156              		.cfi_def_cfa_offset 24
  60:main.c        ****     CyGlobalIntEnable; /* Enable global interrupts. */
 157              		.loc 1 60 0
 158              		.syntax divided
 159              	@ 60 "main.c" 1
 160 0004 62B6     		CPSIE   i
 161              	@ 0 "" 2
  61:main.c        ****     struct accelerometer accel = {
  62:main.c        ****         0x06,
  63:main.c        ****         0x07,
  64:main.c        ****         0x08,
  65:main.c        ****         0x09,
  66:main.c        ****         0x0A,
  67:main.c        ****         0x0B,
ARM GAS  C:\Users\HELLOK~1\AppData\Local\Temp\cczZAaR9.s 			page 5


  68:main.c        ****         0x1B,
  69:main.c        ****         0x1D,
  70:main.c        ****         0x21,
  71:main.c        ****         0x0F
  72:main.c        ****     };
  73:main.c        ****     struct FRAM ram = {
  74:main.c        ****         0x01,
  75:main.c        ****         0x02,
  76:main.c        ****         0x03,
  77:main.c        ****         0x04,
  78:main.c        ****         0x05,
  79:main.c        ****         0x06
  80:main.c        ****     };
  81:main.c        ****     /* Place your initialization/startup code here (e.g. MyInst_Start()) */
  82:main.c        ****     I2C_Start();
 162              		.loc 1 82 0
 163              		.thumb
 164              		.syntax unified
 165 0006 FFF7FEFF 		bl	I2C_Start
 166              	.LVL23:
  83:main.c        ****     // Turning on accel and setting settings
  84:main.c        ****     uint8 wrBuf[4];
  85:main.c        ****     wrBuf[0] = accel.CtrlReg1;
 167              		.loc 1 85 0
 168 000a 03A8     		add	r0, sp, #12
 169 000c 1B23     		movs	r3, #27
 170 000e 0370     		strb	r3, [r0]
  86:main.c        ****     wrBuf[1] = 0x00 | (0x80);
 171              		.loc 1 86 0
 172 0010 6533     		adds	r3, r3, #101
 173 0012 4370     		strb	r3, [r0, #1]
  87:main.c        ****     writeToAddr(wrBuf, 2, accelAddr, accel.CtrlReg1);
 174              		.loc 1 87 0
 175 0014 653B     		subs	r3, r3, #101
 176 0016 0F22     		movs	r2, #15
 177 0018 0221     		movs	r1, #2
 178 001a FFF7FEFF 		bl	writeToAddr
 179              	.LVL24:
  88:main.c        ****     
  89:main.c        ****     
  90:main.c        ****     // Writing address
  91:main.c        ****     uint8 rdBuf[4];
  92:main.c        ****     readFromAddr(rdBuf, 1, accelAddr, accel.CtrlReg1);
 180              		.loc 1 92 0
 181 001e 02AC     		add	r4, sp, #8
 182 0020 1B23     		movs	r3, #27
 183 0022 0F22     		movs	r2, #15
 184 0024 0121     		movs	r1, #1
 185 0026 2000     		movs	r0, r4
 186 0028 FFF7FEFF 		bl	readFromAddr
 187              	.LVL25:
  93:main.c        ****     volatile uint8 test = rdBuf[0];
 188              		.loc 1 93 0
 189 002c 2278     		ldrb	r2, [r4]
 190 002e 6B46     		mov	r3, sp
 191 0030 DA71     		strb	r2, [r3, #7]
 192              	.L7:
ARM GAS  C:\Users\HELLOK~1\AppData\Local\Temp\cczZAaR9.s 			page 6


 193 0032 FEE7     		b	.L7
 194              		.cfi_endproc
 195              	.LFE36:
 196              		.size	main, .-main
 197              		.text
 198              	.Letext0:
 199              		.file 2 "Generated_Source\\PSoC4/cytypes.h"
 200              		.file 3 "Generated_Source\\PSoC4/I2C_I2C.h"
 201              		.file 4 "Generated_Source\\PSoC4/I2C.h"
 202              		.section	.debug_info,"",%progbits
 203              	.Ldebug_info0:
 204 0000 15040000 		.4byte	0x415
 205 0004 0400     		.2byte	0x4
 206 0006 00000000 		.4byte	.Ldebug_abbrev0
 207 000a 04       		.byte	0x4
 208 000b 01       		.uleb128 0x1
 209 000c 75010000 		.4byte	.LASF55
 210 0010 0C       		.byte	0xc
 211 0011 71020000 		.4byte	.LASF56
 212 0015 0C020000 		.4byte	.LASF57
 213 0019 00000000 		.4byte	.Ldebug_ranges0+0
 214 001d 00000000 		.4byte	0
 215 0021 00000000 		.4byte	.Ldebug_line0
 216 0025 02       		.uleb128 0x2
 217 0026 01       		.byte	0x1
 218 0027 06       		.byte	0x6
 219 0028 CB020000 		.4byte	.LASF0
 220 002c 02       		.uleb128 0x2
 221 002d 01       		.byte	0x1
 222 002e 08       		.byte	0x8
 223 002f 89000000 		.4byte	.LASF1
 224 0033 02       		.uleb128 0x2
 225 0034 02       		.byte	0x2
 226 0035 05       		.byte	0x5
 227 0036 90020000 		.4byte	.LASF2
 228 003a 02       		.uleb128 0x2
 229 003b 02       		.byte	0x2
 230 003c 07       		.byte	0x7
 231 003d B2000000 		.4byte	.LASF3
 232 0041 02       		.uleb128 0x2
 233 0042 04       		.byte	0x4
 234 0043 05       		.byte	0x5
 235 0044 0B000000 		.4byte	.LASF4
 236 0048 02       		.uleb128 0x2
 237 0049 04       		.byte	0x4
 238 004a 07       		.byte	0x7
 239 004b EA000000 		.4byte	.LASF5
 240 004f 02       		.uleb128 0x2
 241 0050 08       		.byte	0x8
 242 0051 05       		.byte	0x5
 243 0052 63020000 		.4byte	.LASF6
 244 0056 02       		.uleb128 0x2
 245 0057 08       		.byte	0x8
 246 0058 07       		.byte	0x7
 247 0059 3B010000 		.4byte	.LASF7
 248 005d 03       		.uleb128 0x3
 249 005e 04       		.byte	0x4
ARM GAS  C:\Users\HELLOK~1\AppData\Local\Temp\cczZAaR9.s 			page 7


 250 005f 05       		.byte	0x5
 251 0060 696E7400 		.ascii	"int\000"
 252 0064 02       		.uleb128 0x2
 253 0065 04       		.byte	0x4
 254 0066 07       		.byte	0x7
 255 0067 20000000 		.4byte	.LASF8
 256 006b 04       		.uleb128 0x4
 257 006c 78000000 		.4byte	.LASF9
 258 0070 02       		.byte	0x2
 259 0071 E701     		.2byte	0x1e7
 260 0073 2C000000 		.4byte	0x2c
 261 0077 04       		.uleb128 0x4
 262 0078 16010000 		.4byte	.LASF10
 263 007c 02       		.byte	0x2
 264 007d E801     		.2byte	0x1e8
 265 007f 3A000000 		.4byte	0x3a
 266 0083 04       		.uleb128 0x4
 267 0084 23010000 		.4byte	.LASF11
 268 0088 02       		.byte	0x2
 269 0089 E901     		.2byte	0x1e9
 270 008b 48000000 		.4byte	0x48
 271 008f 02       		.uleb128 0x2
 272 0090 04       		.byte	0x4
 273 0091 04       		.byte	0x4
 274 0092 72000000 		.4byte	.LASF12
 275 0096 02       		.uleb128 0x2
 276 0097 08       		.byte	0x8
 277 0098 04       		.byte	0x4
 278 0099 D7020000 		.4byte	.LASF13
 279 009d 02       		.uleb128 0x2
 280 009e 01       		.byte	0x1
 281 009f 08       		.byte	0x8
 282 00a0 B5020000 		.4byte	.LASF14
 283 00a4 05       		.uleb128 0x5
 284 00a5 6B000000 		.4byte	0x6b
 285 00a9 02       		.uleb128 0x2
 286 00aa 08       		.byte	0x8
 287 00ab 04       		.byte	0x4
 288 00ac BF020000 		.4byte	.LASF15
 289 00b0 02       		.uleb128 0x2
 290 00b1 04       		.byte	0x4
 291 00b2 07       		.byte	0x7
 292 00b3 03020000 		.4byte	.LASF16
 293 00b7 06       		.uleb128 0x6
 294 00b8 0C030000 		.4byte	.LASF27
 295 00bc 28       		.byte	0x28
 296 00bd 01       		.byte	0x1
 297 00be 12       		.byte	0x12
 298 00bf 3C010000 		.4byte	0x13c
 299 00c3 07       		.uleb128 0x7
 300 00c4 34010000 		.4byte	.LASF17
 301 00c8 01       		.byte	0x1
 302 00c9 13       		.byte	0x13
 303 00ca 83000000 		.4byte	0x83
 304 00ce 00       		.byte	0
 305 00cf 07       		.uleb128 0x7
 306 00d0 19000000 		.4byte	.LASF18
ARM GAS  C:\Users\HELLOK~1\AppData\Local\Temp\cczZAaR9.s 			page 8


 307 00d4 01       		.byte	0x1
 308 00d5 14       		.byte	0x14
 309 00d6 83000000 		.4byte	0x83
 310 00da 04       		.byte	0x4
 311 00db 07       		.uleb128 0x7
 312 00dc 52010000 		.4byte	.LASF19
 313 00e0 01       		.byte	0x1
 314 00e1 15       		.byte	0x15
 315 00e2 83000000 		.4byte	0x83
 316 00e6 08       		.byte	0x8
 317 00e7 07       		.uleb128 0x7
 318 00e8 C5000000 		.4byte	.LASF20
 319 00ec 01       		.byte	0x1
 320 00ed 16       		.byte	0x16
 321 00ee 83000000 		.4byte	0x83
 322 00f2 0C       		.byte	0xc
 323 00f3 07       		.uleb128 0x7
 324 00f4 7F020000 		.4byte	.LASF21
 325 00f8 01       		.byte	0x1
 326 00f9 17       		.byte	0x17
 327 00fa 83000000 		.4byte	0x83
 328 00fe 10       		.byte	0x10
 329 00ff 07       		.uleb128 0x7
 330 0100 78020000 		.4byte	.LASF22
 331 0104 01       		.byte	0x1
 332 0105 18       		.byte	0x18
 333 0106 83000000 		.4byte	0x83
 334 010a 14       		.byte	0x14
 335 010b 07       		.uleb128 0x7
 336 010c 59010000 		.4byte	.LASF23
 337 0110 01       		.byte	0x1
 338 0111 19       		.byte	0x19
 339 0112 83000000 		.4byte	0x83
 340 0116 18       		.byte	0x18
 341 0117 07       		.uleb128 0x7
 342 0118 62010000 		.4byte	.LASF24
 343 011c 01       		.byte	0x1
 344 011d 1A       		.byte	0x1a
 345 011e 83000000 		.4byte	0x83
 346 0122 1C       		.byte	0x1c
 347 0123 07       		.uleb128 0x7
 348 0124 66000000 		.4byte	.LASF25
 349 0128 01       		.byte	0x1
 350 0129 1B       		.byte	0x1b
 351 012a 83000000 		.4byte	0x83
 352 012e 20       		.byte	0x20
 353 012f 07       		.uleb128 0x7
 354 0130 BA020000 		.4byte	.LASF26
 355 0134 01       		.byte	0x1
 356 0135 1C       		.byte	0x1c
 357 0136 83000000 		.4byte	0x83
 358 013a 24       		.byte	0x24
 359 013b 00       		.byte	0
 360 013c 06       		.uleb128 0x6
 361 013d 70010000 		.4byte	.LASF28
 362 0141 18       		.byte	0x18
 363 0142 01       		.byte	0x1
ARM GAS  C:\Users\HELLOK~1\AppData\Local\Temp\cczZAaR9.s 			page 9


 364 0143 1E       		.byte	0x1e
 365 0144 91010000 		.4byte	0x191
 366 0148 07       		.uleb128 0x7
 367 0149 43000000 		.4byte	.LASF29
 368 014d 01       		.byte	0x1
 369 014e 1F       		.byte	0x1f
 370 014f 83000000 		.4byte	0x83
 371 0153 00       		.byte	0
 372 0154 07       		.uleb128 0x7
 373 0155 14000000 		.4byte	.LASF30
 374 0159 01       		.byte	0x1
 375 015a 20       		.byte	0x20
 376 015b 83000000 		.4byte	0x83
 377 015f 04       		.byte	0x4
 378 0160 07       		.uleb128 0x7
 379 0161 06000000 		.4byte	.LASF31
 380 0165 01       		.byte	0x1
 381 0166 21       		.byte	0x21
 382 0167 83000000 		.4byte	0x83
 383 016b 08       		.byte	0x8
 384 016c 07       		.uleb128 0x7
 385 016d 97000000 		.4byte	.LASF32
 386 0171 01       		.byte	0x1
 387 0172 22       		.byte	0x22
 388 0173 83000000 		.4byte	0x83
 389 0177 0C       		.byte	0xc
 390 0178 07       		.uleb128 0x7
 391 0179 6B010000 		.4byte	.LASF33
 392 017d 01       		.byte	0x1
 393 017e 23       		.byte	0x23
 394 017f 83000000 		.4byte	0x83
 395 0183 10       		.byte	0x10
 396 0184 07       		.uleb128 0x7
 397 0185 2F010000 		.4byte	.LASF34
 398 0189 01       		.byte	0x1
 399 018a 24       		.byte	0x24
 400 018b 83000000 		.4byte	0x83
 401 018f 14       		.byte	0x14
 402 0190 00       		.byte	0
 403 0191 08       		.uleb128 0x8
 404 0192 DD000000 		.4byte	.LASF39
 405 0196 01       		.byte	0x1
 406 0197 27       		.byte	0x27
 407 0198 00000000 		.4byte	.LFB34
 408 019c 40000000 		.4byte	.LFE34-.LFB34
 409 01a0 01       		.uleb128 0x1
 410 01a1 9C       		.byte	0x9c
 411 01a2 5E020000 		.4byte	0x25e
 412 01a6 09       		.uleb128 0x9
 413 01a7 D5000000 		.4byte	.LASF35
 414 01ab 01       		.byte	0x1
 415 01ac 27       		.byte	0x27
 416 01ad 5E020000 		.4byte	0x25e
 417 01b1 00000000 		.4byte	.LLST0
 418 01b5 09       		.uleb128 0x9
 419 01b6 2D000000 		.4byte	.LASF36
 420 01ba 01       		.byte	0x1
ARM GAS  C:\Users\HELLOK~1\AppData\Local\Temp\cczZAaR9.s 			page 10


 421 01bb 27       		.byte	0x27
 422 01bc 5D000000 		.4byte	0x5d
 423 01c0 2C000000 		.4byte	.LLST1
 424 01c4 09       		.uleb128 0x9
 425 01c5 9A020000 		.4byte	.LASF37
 426 01c9 01       		.byte	0x1
 427 01ca 27       		.byte	0x27
 428 01cb 83000000 		.4byte	0x83
 429 01cf 58000000 		.4byte	.LLST2
 430 01d3 09       		.uleb128 0x9
 431 01d4 FC000000 		.4byte	.LASF38
 432 01d8 01       		.byte	0x1
 433 01d9 27       		.byte	0x27
 434 01da 83000000 		.4byte	0x83
 435 01de 84000000 		.4byte	.LLST3
 436 01e2 0A       		.uleb128 0xa
 437 01e3 1D010000 		.4byte	.LASF44
 438 01e7 01       		.byte	0x1
 439 01e8 28       		.byte	0x28
 440 01e9 64020000 		.4byte	0x264
 441 01ed 02       		.uleb128 0x2
 442 01ee 91       		.byte	0x91
 443 01ef 6C       		.sleb128 -20
 444 01f0 0B       		.uleb128 0xb
 445 01f1 18000000 		.4byte	.LVL5
 446 01f5 DD030000 		.4byte	0x3dd
 447 01f9 14020000 		.4byte	0x214
 448 01fd 0C       		.uleb128 0xc
 449 01fe 01       		.uleb128 0x1
 450 01ff 50       		.byte	0x50
 451 0200 02       		.uleb128 0x2
 452 0201 74       		.byte	0x74
 453 0202 00       		.sleb128 0
 454 0203 0C       		.uleb128 0xc
 455 0204 01       		.uleb128 0x1
 456 0205 51       		.byte	0x51
 457 0206 02       		.uleb128 0x2
 458 0207 91       		.byte	0x91
 459 0208 6C       		.sleb128 -20
 460 0209 0C       		.uleb128 0xc
 461 020a 01       		.uleb128 0x1
 462 020b 52       		.byte	0x52
 463 020c 01       		.uleb128 0x1
 464 020d 31       		.byte	0x31
 465 020e 0C       		.uleb128 0xc
 466 020f 01       		.uleb128 0x1
 467 0210 53       		.byte	0x53
 468 0211 01       		.uleb128 0x1
 469 0212 32       		.byte	0x32
 470 0213 00       		.byte	0
 471 0214 0D       		.uleb128 0xd
 472 0215 1C000000 		.4byte	.LVL6
 473 0219 E9030000 		.4byte	0x3e9
 474 021d 0D       		.uleb128 0xd
 475 021e 24000000 		.4byte	.LVL7
 476 0222 F5030000 		.4byte	0x3f5
 477 0226 0B       		.uleb128 0xb
ARM GAS  C:\Users\HELLOK~1\AppData\Local\Temp\cczZAaR9.s 			page 11


 478 0227 30000000 		.4byte	.LVL8
 479 022b 01040000 		.4byte	0x401
 480 022f 4B020000 		.4byte	0x24b
 481 0233 0C       		.uleb128 0xc
 482 0234 01       		.uleb128 0x1
 483 0235 50       		.byte	0x50
 484 0236 02       		.uleb128 0x2
 485 0237 74       		.byte	0x74
 486 0238 00       		.sleb128 0
 487 0239 0C       		.uleb128 0xc
 488 023a 01       		.uleb128 0x1
 489 023b 51       		.byte	0x51
 490 023c 02       		.uleb128 0x2
 491 023d 75       		.byte	0x75
 492 023e 00       		.sleb128 0
 493 023f 0C       		.uleb128 0xc
 494 0240 01       		.uleb128 0x1
 495 0241 52       		.byte	0x52
 496 0242 02       		.uleb128 0x2
 497 0243 76       		.byte	0x76
 498 0244 00       		.sleb128 0
 499 0245 0C       		.uleb128 0xc
 500 0246 01       		.uleb128 0x1
 501 0247 53       		.byte	0x53
 502 0248 01       		.uleb128 0x1
 503 0249 31       		.byte	0x31
 504 024a 00       		.byte	0
 505 024b 0D       		.uleb128 0xd
 506 024c 34000000 		.4byte	.LVL9
 507 0250 E9030000 		.4byte	0x3e9
 508 0254 0D       		.uleb128 0xd
 509 0255 3C000000 		.4byte	.LVL10
 510 0259 F5030000 		.4byte	0x3f5
 511 025d 00       		.byte	0
 512 025e 0E       		.uleb128 0xe
 513 025f 04       		.byte	0x4
 514 0260 6B000000 		.4byte	0x6b
 515 0264 0F       		.uleb128 0xf
 516 0265 6B000000 		.4byte	0x6b
 517 0269 74020000 		.4byte	0x274
 518 026d 10       		.uleb128 0x10
 519 026e B0000000 		.4byte	0xb0
 520 0272 00       		.byte	0
 521 0273 00       		.byte	0
 522 0274 08       		.uleb128 0x8
 523 0275 37000000 		.4byte	.LASF40
 524 0279 01       		.byte	0x1
 525 027a 33       		.byte	0x33
 526 027b 00000000 		.4byte	.LFB35
 527 027f 20000000 		.4byte	.LFE35-.LFB35
 528 0283 01       		.uleb128 0x1
 529 0284 9C       		.byte	0x9c
 530 0285 FF020000 		.4byte	0x2ff
 531 0289 09       		.uleb128 0x9
 532 028a CC000000 		.4byte	.LASF41
 533 028e 01       		.byte	0x1
 534 028f 33       		.byte	0x33
ARM GAS  C:\Users\HELLOK~1\AppData\Local\Temp\cczZAaR9.s 			page 12


 535 0290 5E020000 		.4byte	0x25e
 536 0294 A5000000 		.4byte	.LLST4
 537 0298 09       		.uleb128 0x9
 538 0299 7E000000 		.4byte	.LASF42
 539 029d 01       		.byte	0x1
 540 029e 33       		.byte	0x33
 541 029f 5D000000 		.4byte	0x5d
 542 02a3 D1000000 		.4byte	.LLST5
 543 02a7 09       		.uleb128 0x9
 544 02a8 9A020000 		.4byte	.LASF37
 545 02ac 01       		.byte	0x1
 546 02ad 33       		.byte	0x33
 547 02ae 83000000 		.4byte	0x83
 548 02b2 FD000000 		.4byte	.LLST6
 549 02b6 09       		.uleb128 0x9
 550 02b7 FC000000 		.4byte	.LASF38
 551 02bb 01       		.byte	0x1
 552 02bc 33       		.byte	0x33
 553 02bd 83000000 		.4byte	0x83
 554 02c1 29010000 		.4byte	.LLST7
 555 02c5 0B       		.uleb128 0xb
 556 02c6 12000000 		.4byte	.LVL19
 557 02ca DD030000 		.4byte	0x3dd
 558 02ce EC020000 		.4byte	0x2ec
 559 02d2 0C       		.uleb128 0xc
 560 02d3 01       		.uleb128 0x1
 561 02d4 50       		.byte	0x50
 562 02d5 02       		.uleb128 0x2
 563 02d6 74       		.byte	0x74
 564 02d7 00       		.sleb128 0
 565 02d8 0C       		.uleb128 0xc
 566 02d9 01       		.uleb128 0x1
 567 02da 51       		.byte	0x51
 568 02db 03       		.uleb128 0x3
 569 02dc F3       		.byte	0xf3
 570 02dd 01       		.uleb128 0x1
 571 02de 50       		.byte	0x50
 572 02df 0C       		.uleb128 0xc
 573 02e0 01       		.uleb128 0x1
 574 02e1 52       		.byte	0x52
 575 02e2 03       		.uleb128 0x3
 576 02e3 F3       		.byte	0xf3
 577 02e4 01       		.uleb128 0x1
 578 02e5 51       		.byte	0x51
 579 02e6 0C       		.uleb128 0xc
 580 02e7 01       		.uleb128 0x1
 581 02e8 53       		.byte	0x53
 582 02e9 01       		.uleb128 0x1
 583 02ea 30       		.byte	0x30
 584 02eb 00       		.byte	0
 585 02ec 0D       		.uleb128 0xd
 586 02ed 16000000 		.4byte	.LVL20
 587 02f1 E9030000 		.4byte	0x3e9
 588 02f5 0D       		.uleb128 0xd
 589 02f6 1E000000 		.4byte	.LVL21
 590 02fa F5030000 		.4byte	0x3f5
 591 02fe 00       		.byte	0
ARM GAS  C:\Users\HELLOK~1\AppData\Local\Temp\cczZAaR9.s 			page 13


 592 02ff 11       		.uleb128 0x11
 593 0300 04010000 		.4byte	.LASF58
 594 0304 01       		.byte	0x1
 595 0305 3A       		.byte	0x3a
 596 0306 5D000000 		.4byte	0x5d
 597 030a 00000000 		.4byte	.LFB36
 598 030e 34000000 		.4byte	.LFE36-.LFB36
 599 0312 01       		.uleb128 0x1
 600 0313 9C       		.byte	0x9c
 601 0314 A4030000 		.4byte	0x3a4
 602 0318 12       		.uleb128 0x12
 603 0319 00000000 		.4byte	.LASF43
 604 031d 01       		.byte	0x1
 605 031e 3D       		.byte	0x3d
 606 031f B7000000 		.4byte	0xb7
 607 0323 13       		.uleb128 0x13
 608 0324 72616D00 		.ascii	"ram\000"
 609 0328 01       		.byte	0x1
 610 0329 49       		.byte	0x49
 611 032a 3C010000 		.4byte	0x13c
 612 032e 0A       		.uleb128 0xa
 613 032f 1D010000 		.4byte	.LASF44
 614 0333 01       		.byte	0x1
 615 0334 54       		.byte	0x54
 616 0335 A4030000 		.4byte	0x3a4
 617 0339 02       		.uleb128 0x2
 618 033a 91       		.byte	0x91
 619 033b 74       		.sleb128 -12
 620 033c 0A       		.uleb128 0xa
 621 033d A2020000 		.4byte	.LASF45
 622 0341 01       		.byte	0x1
 623 0342 5B       		.byte	0x5b
 624 0343 A4030000 		.4byte	0x3a4
 625 0347 02       		.uleb128 0x2
 626 0348 91       		.byte	0x91
 627 0349 70       		.sleb128 -16
 628 034a 0A       		.uleb128 0xa
 629 034b 2A010000 		.4byte	.LASF46
 630 034f 01       		.byte	0x1
 631 0350 5D       		.byte	0x5d
 632 0351 A4000000 		.4byte	0xa4
 633 0355 02       		.uleb128 0x2
 634 0356 91       		.byte	0x91
 635 0357 6F       		.sleb128 -17
 636 0358 0D       		.uleb128 0xd
 637 0359 0A000000 		.4byte	.LVL23
 638 035d 0D040000 		.4byte	0x40d
 639 0361 0B       		.uleb128 0xb
 640 0362 1E000000 		.4byte	.LVL24
 641 0366 74020000 		.4byte	0x274
 642 036a 84030000 		.4byte	0x384
 643 036e 0C       		.uleb128 0xc
 644 036f 01       		.uleb128 0x1
 645 0370 50       		.byte	0x50
 646 0371 02       		.uleb128 0x2
 647 0372 91       		.byte	0x91
 648 0373 74       		.sleb128 -12
ARM GAS  C:\Users\HELLOK~1\AppData\Local\Temp\cczZAaR9.s 			page 14


 649 0374 0C       		.uleb128 0xc
 650 0375 01       		.uleb128 0x1
 651 0376 51       		.byte	0x51
 652 0377 01       		.uleb128 0x1
 653 0378 32       		.byte	0x32
 654 0379 0C       		.uleb128 0xc
 655 037a 01       		.uleb128 0x1
 656 037b 52       		.byte	0x52
 657 037c 01       		.uleb128 0x1
 658 037d 3F       		.byte	0x3f
 659 037e 0C       		.uleb128 0xc
 660 037f 01       		.uleb128 0x1
 661 0380 53       		.byte	0x53
 662 0381 01       		.uleb128 0x1
 663 0382 4B       		.byte	0x4b
 664 0383 00       		.byte	0
 665 0384 14       		.uleb128 0x14
 666 0385 2C000000 		.4byte	.LVL25
 667 0389 91010000 		.4byte	0x191
 668 038d 0C       		.uleb128 0xc
 669 038e 01       		.uleb128 0x1
 670 038f 50       		.byte	0x50
 671 0390 02       		.uleb128 0x2
 672 0391 74       		.byte	0x74
 673 0392 00       		.sleb128 0
 674 0393 0C       		.uleb128 0xc
 675 0394 01       		.uleb128 0x1
 676 0395 51       		.byte	0x51
 677 0396 01       		.uleb128 0x1
 678 0397 31       		.byte	0x31
 679 0398 0C       		.uleb128 0xc
 680 0399 01       		.uleb128 0x1
 681 039a 52       		.byte	0x52
 682 039b 01       		.uleb128 0x1
 683 039c 3F       		.byte	0x3f
 684 039d 0C       		.uleb128 0xc
 685 039e 01       		.uleb128 0x1
 686 039f 53       		.byte	0x53
 687 03a0 01       		.uleb128 0x1
 688 03a1 4B       		.byte	0x4b
 689 03a2 00       		.byte	0
 690 03a3 00       		.byte	0
 691 03a4 0F       		.uleb128 0xf
 692 03a5 6B000000 		.4byte	0x6b
 693 03a9 B4030000 		.4byte	0x3b4
 694 03ad 10       		.uleb128 0x10
 695 03ae B0000000 		.4byte	0xb0
 696 03b2 03       		.byte	0x3
 697 03b3 00       		.byte	0
 698 03b4 15       		.uleb128 0x15
 699 03b5 86020000 		.4byte	.LASF47
 700 03b9 01       		.byte	0x1
 701 03ba 0E       		.byte	0xe
 702 03bb C0030000 		.4byte	0x3c0
 703 03bf 0F       		.byte	0xf
 704 03c0 16       		.uleb128 0x16
 705 03c1 83000000 		.4byte	0x83
ARM GAS  C:\Users\HELLOK~1\AppData\Local\Temp\cczZAaR9.s 			page 15


 706 03c5 15       		.uleb128 0x15
 707 03c6 09010000 		.4byte	.LASF48
 708 03ca 01       		.byte	0x1
 709 03cb 0F       		.byte	0xf
 710 03cc C0030000 		.4byte	0x3c0
 711 03d0 50       		.byte	0x50
 712 03d1 15       		.uleb128 0x15
 713 03d2 A8020000 		.4byte	.LASF49
 714 03d6 01       		.byte	0x1
 715 03d7 10       		.byte	0x10
 716 03d8 C0030000 		.4byte	0x3c0
 717 03dc 51       		.byte	0x51
 718 03dd 17       		.uleb128 0x17
 719 03de 9C000000 		.4byte	.LASF50
 720 03e2 9C000000 		.4byte	.LASF50
 721 03e6 03       		.byte	0x3
 722 03e7 1301     		.2byte	0x113
 723 03e9 17       		.uleb128 0x17
 724 03ea 52000000 		.4byte	.LASF51
 725 03ee 52000000 		.4byte	.LASF51
 726 03f2 03       		.byte	0x3
 727 03f3 0F01     		.2byte	0x10f
 728 03f5 17       		.uleb128 0x17
 729 03f6 F3020000 		.4byte	.LASF52
 730 03fa F3020000 		.4byte	.LASF52
 731 03fe 03       		.byte	0x3
 732 03ff 1001     		.2byte	0x110
 733 0401 17       		.uleb128 0x17
 734 0402 DE020000 		.4byte	.LASF53
 735 0406 DE020000 		.4byte	.LASF53
 736 040a 03       		.byte	0x3
 737 040b 1401     		.2byte	0x114
 738 040d 18       		.uleb128 0x18
 739 040e 48000000 		.4byte	.LASF54
 740 0412 48000000 		.4byte	.LASF54
 741 0416 04       		.byte	0x4
 742 0417 72       		.byte	0x72
 743 0418 00       		.byte	0
 744              		.section	.debug_abbrev,"",%progbits
 745              	.Ldebug_abbrev0:
 746 0000 01       		.uleb128 0x1
 747 0001 11       		.uleb128 0x11
 748 0002 01       		.byte	0x1
 749 0003 25       		.uleb128 0x25
 750 0004 0E       		.uleb128 0xe
 751 0005 13       		.uleb128 0x13
 752 0006 0B       		.uleb128 0xb
 753 0007 03       		.uleb128 0x3
 754 0008 0E       		.uleb128 0xe
 755 0009 1B       		.uleb128 0x1b
 756 000a 0E       		.uleb128 0xe
 757 000b 55       		.uleb128 0x55
 758 000c 17       		.uleb128 0x17
 759 000d 11       		.uleb128 0x11
 760 000e 01       		.uleb128 0x1
 761 000f 10       		.uleb128 0x10
 762 0010 17       		.uleb128 0x17
ARM GAS  C:\Users\HELLOK~1\AppData\Local\Temp\cczZAaR9.s 			page 16


 763 0011 00       		.byte	0
 764 0012 00       		.byte	0
 765 0013 02       		.uleb128 0x2
 766 0014 24       		.uleb128 0x24
 767 0015 00       		.byte	0
 768 0016 0B       		.uleb128 0xb
 769 0017 0B       		.uleb128 0xb
 770 0018 3E       		.uleb128 0x3e
 771 0019 0B       		.uleb128 0xb
 772 001a 03       		.uleb128 0x3
 773 001b 0E       		.uleb128 0xe
 774 001c 00       		.byte	0
 775 001d 00       		.byte	0
 776 001e 03       		.uleb128 0x3
 777 001f 24       		.uleb128 0x24
 778 0020 00       		.byte	0
 779 0021 0B       		.uleb128 0xb
 780 0022 0B       		.uleb128 0xb
 781 0023 3E       		.uleb128 0x3e
 782 0024 0B       		.uleb128 0xb
 783 0025 03       		.uleb128 0x3
 784 0026 08       		.uleb128 0x8
 785 0027 00       		.byte	0
 786 0028 00       		.byte	0
 787 0029 04       		.uleb128 0x4
 788 002a 16       		.uleb128 0x16
 789 002b 00       		.byte	0
 790 002c 03       		.uleb128 0x3
 791 002d 0E       		.uleb128 0xe
 792 002e 3A       		.uleb128 0x3a
 793 002f 0B       		.uleb128 0xb
 794 0030 3B       		.uleb128 0x3b
 795 0031 05       		.uleb128 0x5
 796 0032 49       		.uleb128 0x49
 797 0033 13       		.uleb128 0x13
 798 0034 00       		.byte	0
 799 0035 00       		.byte	0
 800 0036 05       		.uleb128 0x5
 801 0037 35       		.uleb128 0x35
 802 0038 00       		.byte	0
 803 0039 49       		.uleb128 0x49
 804 003a 13       		.uleb128 0x13
 805 003b 00       		.byte	0
 806 003c 00       		.byte	0
 807 003d 06       		.uleb128 0x6
 808 003e 13       		.uleb128 0x13
 809 003f 01       		.byte	0x1
 810 0040 03       		.uleb128 0x3
 811 0041 0E       		.uleb128 0xe
 812 0042 0B       		.uleb128 0xb
 813 0043 0B       		.uleb128 0xb
 814 0044 3A       		.uleb128 0x3a
 815 0045 0B       		.uleb128 0xb
 816 0046 3B       		.uleb128 0x3b
 817 0047 0B       		.uleb128 0xb
 818 0048 01       		.uleb128 0x1
 819 0049 13       		.uleb128 0x13
ARM GAS  C:\Users\HELLOK~1\AppData\Local\Temp\cczZAaR9.s 			page 17


 820 004a 00       		.byte	0
 821 004b 00       		.byte	0
 822 004c 07       		.uleb128 0x7
 823 004d 0D       		.uleb128 0xd
 824 004e 00       		.byte	0
 825 004f 03       		.uleb128 0x3
 826 0050 0E       		.uleb128 0xe
 827 0051 3A       		.uleb128 0x3a
 828 0052 0B       		.uleb128 0xb
 829 0053 3B       		.uleb128 0x3b
 830 0054 0B       		.uleb128 0xb
 831 0055 49       		.uleb128 0x49
 832 0056 13       		.uleb128 0x13
 833 0057 38       		.uleb128 0x38
 834 0058 0B       		.uleb128 0xb
 835 0059 00       		.byte	0
 836 005a 00       		.byte	0
 837 005b 08       		.uleb128 0x8
 838 005c 2E       		.uleb128 0x2e
 839 005d 01       		.byte	0x1
 840 005e 3F       		.uleb128 0x3f
 841 005f 19       		.uleb128 0x19
 842 0060 03       		.uleb128 0x3
 843 0061 0E       		.uleb128 0xe
 844 0062 3A       		.uleb128 0x3a
 845 0063 0B       		.uleb128 0xb
 846 0064 3B       		.uleb128 0x3b
 847 0065 0B       		.uleb128 0xb
 848 0066 27       		.uleb128 0x27
 849 0067 19       		.uleb128 0x19
 850 0068 11       		.uleb128 0x11
 851 0069 01       		.uleb128 0x1
 852 006a 12       		.uleb128 0x12
 853 006b 06       		.uleb128 0x6
 854 006c 40       		.uleb128 0x40
 855 006d 18       		.uleb128 0x18
 856 006e 9742     		.uleb128 0x2117
 857 0070 19       		.uleb128 0x19
 858 0071 01       		.uleb128 0x1
 859 0072 13       		.uleb128 0x13
 860 0073 00       		.byte	0
 861 0074 00       		.byte	0
 862 0075 09       		.uleb128 0x9
 863 0076 05       		.uleb128 0x5
 864 0077 00       		.byte	0
 865 0078 03       		.uleb128 0x3
 866 0079 0E       		.uleb128 0xe
 867 007a 3A       		.uleb128 0x3a
 868 007b 0B       		.uleb128 0xb
 869 007c 3B       		.uleb128 0x3b
 870 007d 0B       		.uleb128 0xb
 871 007e 49       		.uleb128 0x49
 872 007f 13       		.uleb128 0x13
 873 0080 02       		.uleb128 0x2
 874 0081 17       		.uleb128 0x17
 875 0082 00       		.byte	0
 876 0083 00       		.byte	0
ARM GAS  C:\Users\HELLOK~1\AppData\Local\Temp\cczZAaR9.s 			page 18


 877 0084 0A       		.uleb128 0xa
 878 0085 34       		.uleb128 0x34
 879 0086 00       		.byte	0
 880 0087 03       		.uleb128 0x3
 881 0088 0E       		.uleb128 0xe
 882 0089 3A       		.uleb128 0x3a
 883 008a 0B       		.uleb128 0xb
 884 008b 3B       		.uleb128 0x3b
 885 008c 0B       		.uleb128 0xb
 886 008d 49       		.uleb128 0x49
 887 008e 13       		.uleb128 0x13
 888 008f 02       		.uleb128 0x2
 889 0090 18       		.uleb128 0x18
 890 0091 00       		.byte	0
 891 0092 00       		.byte	0
 892 0093 0B       		.uleb128 0xb
 893 0094 898201   		.uleb128 0x4109
 894 0097 01       		.byte	0x1
 895 0098 11       		.uleb128 0x11
 896 0099 01       		.uleb128 0x1
 897 009a 31       		.uleb128 0x31
 898 009b 13       		.uleb128 0x13
 899 009c 01       		.uleb128 0x1
 900 009d 13       		.uleb128 0x13
 901 009e 00       		.byte	0
 902 009f 00       		.byte	0
 903 00a0 0C       		.uleb128 0xc
 904 00a1 8A8201   		.uleb128 0x410a
 905 00a4 00       		.byte	0
 906 00a5 02       		.uleb128 0x2
 907 00a6 18       		.uleb128 0x18
 908 00a7 9142     		.uleb128 0x2111
 909 00a9 18       		.uleb128 0x18
 910 00aa 00       		.byte	0
 911 00ab 00       		.byte	0
 912 00ac 0D       		.uleb128 0xd
 913 00ad 898201   		.uleb128 0x4109
 914 00b0 00       		.byte	0
 915 00b1 11       		.uleb128 0x11
 916 00b2 01       		.uleb128 0x1
 917 00b3 31       		.uleb128 0x31
 918 00b4 13       		.uleb128 0x13
 919 00b5 00       		.byte	0
 920 00b6 00       		.byte	0
 921 00b7 0E       		.uleb128 0xe
 922 00b8 0F       		.uleb128 0xf
 923 00b9 00       		.byte	0
 924 00ba 0B       		.uleb128 0xb
 925 00bb 0B       		.uleb128 0xb
 926 00bc 49       		.uleb128 0x49
 927 00bd 13       		.uleb128 0x13
 928 00be 00       		.byte	0
 929 00bf 00       		.byte	0
 930 00c0 0F       		.uleb128 0xf
 931 00c1 01       		.uleb128 0x1
 932 00c2 01       		.byte	0x1
 933 00c3 49       		.uleb128 0x49
ARM GAS  C:\Users\HELLOK~1\AppData\Local\Temp\cczZAaR9.s 			page 19


 934 00c4 13       		.uleb128 0x13
 935 00c5 01       		.uleb128 0x1
 936 00c6 13       		.uleb128 0x13
 937 00c7 00       		.byte	0
 938 00c8 00       		.byte	0
 939 00c9 10       		.uleb128 0x10
 940 00ca 21       		.uleb128 0x21
 941 00cb 00       		.byte	0
 942 00cc 49       		.uleb128 0x49
 943 00cd 13       		.uleb128 0x13
 944 00ce 2F       		.uleb128 0x2f
 945 00cf 0B       		.uleb128 0xb
 946 00d0 00       		.byte	0
 947 00d1 00       		.byte	0
 948 00d2 11       		.uleb128 0x11
 949 00d3 2E       		.uleb128 0x2e
 950 00d4 01       		.byte	0x1
 951 00d5 3F       		.uleb128 0x3f
 952 00d6 19       		.uleb128 0x19
 953 00d7 03       		.uleb128 0x3
 954 00d8 0E       		.uleb128 0xe
 955 00d9 3A       		.uleb128 0x3a
 956 00da 0B       		.uleb128 0xb
 957 00db 3B       		.uleb128 0x3b
 958 00dc 0B       		.uleb128 0xb
 959 00dd 27       		.uleb128 0x27
 960 00de 19       		.uleb128 0x19
 961 00df 49       		.uleb128 0x49
 962 00e0 13       		.uleb128 0x13
 963 00e1 8701     		.uleb128 0x87
 964 00e3 19       		.uleb128 0x19
 965 00e4 11       		.uleb128 0x11
 966 00e5 01       		.uleb128 0x1
 967 00e6 12       		.uleb128 0x12
 968 00e7 06       		.uleb128 0x6
 969 00e8 40       		.uleb128 0x40
 970 00e9 18       		.uleb128 0x18
 971 00ea 9742     		.uleb128 0x2117
 972 00ec 19       		.uleb128 0x19
 973 00ed 01       		.uleb128 0x1
 974 00ee 13       		.uleb128 0x13
 975 00ef 00       		.byte	0
 976 00f0 00       		.byte	0
 977 00f1 12       		.uleb128 0x12
 978 00f2 34       		.uleb128 0x34
 979 00f3 00       		.byte	0
 980 00f4 03       		.uleb128 0x3
 981 00f5 0E       		.uleb128 0xe
 982 00f6 3A       		.uleb128 0x3a
 983 00f7 0B       		.uleb128 0xb
 984 00f8 3B       		.uleb128 0x3b
 985 00f9 0B       		.uleb128 0xb
 986 00fa 49       		.uleb128 0x49
 987 00fb 13       		.uleb128 0x13
 988 00fc 00       		.byte	0
 989 00fd 00       		.byte	0
 990 00fe 13       		.uleb128 0x13
ARM GAS  C:\Users\HELLOK~1\AppData\Local\Temp\cczZAaR9.s 			page 20


 991 00ff 34       		.uleb128 0x34
 992 0100 00       		.byte	0
 993 0101 03       		.uleb128 0x3
 994 0102 08       		.uleb128 0x8
 995 0103 3A       		.uleb128 0x3a
 996 0104 0B       		.uleb128 0xb
 997 0105 3B       		.uleb128 0x3b
 998 0106 0B       		.uleb128 0xb
 999 0107 49       		.uleb128 0x49
 1000 0108 13       		.uleb128 0x13
 1001 0109 00       		.byte	0
 1002 010a 00       		.byte	0
 1003 010b 14       		.uleb128 0x14
 1004 010c 898201   		.uleb128 0x4109
 1005 010f 01       		.byte	0x1
 1006 0110 11       		.uleb128 0x11
 1007 0111 01       		.uleb128 0x1
 1008 0112 31       		.uleb128 0x31
 1009 0113 13       		.uleb128 0x13
 1010 0114 00       		.byte	0
 1011 0115 00       		.byte	0
 1012 0116 15       		.uleb128 0x15
 1013 0117 34       		.uleb128 0x34
 1014 0118 00       		.byte	0
 1015 0119 03       		.uleb128 0x3
 1016 011a 0E       		.uleb128 0xe
 1017 011b 3A       		.uleb128 0x3a
 1018 011c 0B       		.uleb128 0xb
 1019 011d 3B       		.uleb128 0x3b
 1020 011e 0B       		.uleb128 0xb
 1021 011f 49       		.uleb128 0x49
 1022 0120 13       		.uleb128 0x13
 1023 0121 1C       		.uleb128 0x1c
 1024 0122 0B       		.uleb128 0xb
 1025 0123 00       		.byte	0
 1026 0124 00       		.byte	0
 1027 0125 16       		.uleb128 0x16
 1028 0126 26       		.uleb128 0x26
 1029 0127 00       		.byte	0
 1030 0128 49       		.uleb128 0x49
 1031 0129 13       		.uleb128 0x13
 1032 012a 00       		.byte	0
 1033 012b 00       		.byte	0
 1034 012c 17       		.uleb128 0x17
 1035 012d 2E       		.uleb128 0x2e
 1036 012e 00       		.byte	0
 1037 012f 3F       		.uleb128 0x3f
 1038 0130 19       		.uleb128 0x19
 1039 0131 3C       		.uleb128 0x3c
 1040 0132 19       		.uleb128 0x19
 1041 0133 6E       		.uleb128 0x6e
 1042 0134 0E       		.uleb128 0xe
 1043 0135 03       		.uleb128 0x3
 1044 0136 0E       		.uleb128 0xe
 1045 0137 3A       		.uleb128 0x3a
 1046 0138 0B       		.uleb128 0xb
 1047 0139 3B       		.uleb128 0x3b
ARM GAS  C:\Users\HELLOK~1\AppData\Local\Temp\cczZAaR9.s 			page 21


 1048 013a 05       		.uleb128 0x5
 1049 013b 00       		.byte	0
 1050 013c 00       		.byte	0
 1051 013d 18       		.uleb128 0x18
 1052 013e 2E       		.uleb128 0x2e
 1053 013f 00       		.byte	0
 1054 0140 3F       		.uleb128 0x3f
 1055 0141 19       		.uleb128 0x19
 1056 0142 3C       		.uleb128 0x3c
 1057 0143 19       		.uleb128 0x19
 1058 0144 6E       		.uleb128 0x6e
 1059 0145 0E       		.uleb128 0xe
 1060 0146 03       		.uleb128 0x3
 1061 0147 0E       		.uleb128 0xe
 1062 0148 3A       		.uleb128 0x3a
 1063 0149 0B       		.uleb128 0xb
 1064 014a 3B       		.uleb128 0x3b
 1065 014b 0B       		.uleb128 0xb
 1066 014c 00       		.byte	0
 1067 014d 00       		.byte	0
 1068 014e 00       		.byte	0
 1069              		.section	.debug_loc,"",%progbits
 1070              	.Ldebug_loc0:
 1071              	.LLST0:
 1072 0000 00000000 		.4byte	.LVL0
 1073 0004 14000000 		.4byte	.LVL4
 1074 0008 0100     		.2byte	0x1
 1075 000a 50       		.byte	0x50
 1076 000b 14000000 		.4byte	.LVL4
 1077 000f 3E000000 		.4byte	.LVL12
 1078 0013 0100     		.2byte	0x1
 1079 0015 55       		.byte	0x55
 1080 0016 3E000000 		.4byte	.LVL12
 1081 001a 40000000 		.4byte	.LFE34
 1082 001e 0400     		.2byte	0x4
 1083 0020 F3       		.byte	0xf3
 1084 0021 01       		.uleb128 0x1
 1085 0022 50       		.byte	0x50
 1086 0023 9F       		.byte	0x9f
 1087 0024 00000000 		.4byte	0
 1088 0028 00000000 		.4byte	0
 1089              	.LLST1:
 1090 002c 00000000 		.4byte	.LVL0
 1091 0030 0C000000 		.4byte	.LVL1
 1092 0034 0100     		.2byte	0x1
 1093 0036 51       		.byte	0x51
 1094 0037 0C000000 		.4byte	.LVL1
 1095 003b 3E000000 		.4byte	.LVL13
 1096 003f 0100     		.2byte	0x1
 1097 0041 56       		.byte	0x56
 1098 0042 3E000000 		.4byte	.LVL13
 1099 0046 40000000 		.4byte	.LFE34
 1100 004a 0400     		.2byte	0x4
 1101 004c F3       		.byte	0xf3
 1102 004d 01       		.uleb128 0x1
 1103 004e 51       		.byte	0x51
 1104 004f 9F       		.byte	0x9f
ARM GAS  C:\Users\HELLOK~1\AppData\Local\Temp\cczZAaR9.s 			page 22


 1105 0050 00000000 		.4byte	0
 1106 0054 00000000 		.4byte	0
 1107              	.LLST2:
 1108 0058 00000000 		.4byte	.LVL0
 1109 005c 12000000 		.4byte	.LVL3
 1110 0060 0100     		.2byte	0x1
 1111 0062 52       		.byte	0x52
 1112 0063 12000000 		.4byte	.LVL3
 1113 0067 3E000000 		.4byte	.LVL11
 1114 006b 0100     		.2byte	0x1
 1115 006d 54       		.byte	0x54
 1116 006e 3E000000 		.4byte	.LVL11
 1117 0072 40000000 		.4byte	.LFE34
 1118 0076 0400     		.2byte	0x4
 1119 0078 F3       		.byte	0xf3
 1120 0079 01       		.uleb128 0x1
 1121 007a 52       		.byte	0x52
 1122 007b 9F       		.byte	0x9f
 1123 007c 00000000 		.4byte	0
 1124 0080 00000000 		.4byte	0
 1125              	.LLST3:
 1126 0084 00000000 		.4byte	.LVL0
 1127 0088 10000000 		.4byte	.LVL2
 1128 008c 0100     		.2byte	0x1
 1129 008e 53       		.byte	0x53
 1130 008f 10000000 		.4byte	.LVL2
 1131 0093 40000000 		.4byte	.LFE34
 1132 0097 0400     		.2byte	0x4
 1133 0099 F3       		.byte	0xf3
 1134 009a 01       		.uleb128 0x1
 1135 009b 53       		.byte	0x53
 1136 009c 9F       		.byte	0x9f
 1137 009d 00000000 		.4byte	0
 1138 00a1 00000000 		.4byte	0
 1139              	.LLST4:
 1140 00a5 00000000 		.4byte	.LVL14
 1141 00a9 0E000000 		.4byte	.LVL18
 1142 00ad 0100     		.2byte	0x1
 1143 00af 50       		.byte	0x50
 1144 00b0 0E000000 		.4byte	.LVL18
 1145 00b4 11000000 		.4byte	.LVL19-1
 1146 00b8 0100     		.2byte	0x1
 1147 00ba 51       		.byte	0x51
 1148 00bb 11000000 		.4byte	.LVL19-1
 1149 00bf 20000000 		.4byte	.LFE35
 1150 00c3 0400     		.2byte	0x4
 1151 00c5 F3       		.byte	0xf3
 1152 00c6 01       		.uleb128 0x1
 1153 00c7 50       		.byte	0x50
 1154 00c8 9F       		.byte	0x9f
 1155 00c9 00000000 		.4byte	0
 1156 00cd 00000000 		.4byte	0
 1157              	.LLST5:
 1158 00d1 00000000 		.4byte	.LVL14
 1159 00d5 0C000000 		.4byte	.LVL17
 1160 00d9 0100     		.2byte	0x1
 1161 00db 51       		.byte	0x51
ARM GAS  C:\Users\HELLOK~1\AppData\Local\Temp\cczZAaR9.s 			page 23


 1162 00dc 0C000000 		.4byte	.LVL17
 1163 00e0 11000000 		.4byte	.LVL19-1
 1164 00e4 0100     		.2byte	0x1
 1165 00e6 52       		.byte	0x52
 1166 00e7 11000000 		.4byte	.LVL19-1
 1167 00eb 20000000 		.4byte	.LFE35
 1168 00ef 0400     		.2byte	0x4
 1169 00f1 F3       		.byte	0xf3
 1170 00f2 01       		.uleb128 0x1
 1171 00f3 51       		.byte	0x51
 1172 00f4 9F       		.byte	0x9f
 1173 00f5 00000000 		.4byte	0
 1174 00f9 00000000 		.4byte	0
 1175              	.LLST6:
 1176 00fd 00000000 		.4byte	.LVL14
 1177 0101 0A000000 		.4byte	.LVL16
 1178 0105 0100     		.2byte	0x1
 1179 0107 52       		.byte	0x52
 1180 0108 0A000000 		.4byte	.LVL16
 1181 010c 1E000000 		.4byte	.LVL22
 1182 0110 0100     		.2byte	0x1
 1183 0112 54       		.byte	0x54
 1184 0113 1E000000 		.4byte	.LVL22
 1185 0117 20000000 		.4byte	.LFE35
 1186 011b 0400     		.2byte	0x4
 1187 011d F3       		.byte	0xf3
 1188 011e 01       		.uleb128 0x1
 1189 011f 52       		.byte	0x52
 1190 0120 9F       		.byte	0x9f
 1191 0121 00000000 		.4byte	0
 1192 0125 00000000 		.4byte	0
 1193              	.LLST7:
 1194 0129 00000000 		.4byte	.LVL14
 1195 012d 08000000 		.4byte	.LVL15
 1196 0131 0100     		.2byte	0x1
 1197 0133 53       		.byte	0x53
 1198 0134 08000000 		.4byte	.LVL15
 1199 0138 20000000 		.4byte	.LFE35
 1200 013c 0400     		.2byte	0x4
 1201 013e F3       		.byte	0xf3
 1202 013f 01       		.uleb128 0x1
 1203 0140 53       		.byte	0x53
 1204 0141 9F       		.byte	0x9f
 1205 0142 00000000 		.4byte	0
 1206 0146 00000000 		.4byte	0
 1207              		.section	.debug_aranges,"",%progbits
 1208 0000 2C000000 		.4byte	0x2c
 1209 0004 0200     		.2byte	0x2
 1210 0006 00000000 		.4byte	.Ldebug_info0
 1211 000a 04       		.byte	0x4
 1212 000b 00       		.byte	0
 1213 000c 0000     		.2byte	0
 1214 000e 0000     		.2byte	0
 1215 0010 00000000 		.4byte	.LFB34
 1216 0014 40000000 		.4byte	.LFE34-.LFB34
 1217 0018 00000000 		.4byte	.LFB35
 1218 001c 20000000 		.4byte	.LFE35-.LFB35
ARM GAS  C:\Users\HELLOK~1\AppData\Local\Temp\cczZAaR9.s 			page 24


 1219 0020 00000000 		.4byte	.LFB36
 1220 0024 34000000 		.4byte	.LFE36-.LFB36
 1221 0028 00000000 		.4byte	0
 1222 002c 00000000 		.4byte	0
 1223              		.section	.debug_ranges,"",%progbits
 1224              	.Ldebug_ranges0:
 1225 0000 00000000 		.4byte	.LFB34
 1226 0004 40000000 		.4byte	.LFE34
 1227 0008 00000000 		.4byte	.LFB35
 1228 000c 20000000 		.4byte	.LFE35
 1229 0010 00000000 		.4byte	.LFB36
 1230 0014 34000000 		.4byte	.LFE36
 1231 0018 00000000 		.4byte	0
 1232 001c 00000000 		.4byte	0
 1233              		.section	.debug_line,"",%progbits
 1234              	.Ldebug_line0:
 1235 0000 AC000000 		.section	.debug_str,"MS",%progbits,1
 1235      02005700 
 1235      00000201 
 1235      FB0E0D00 
 1235      01010101 
 1236              	.LASF43:
 1237 0000 61636365 		.ascii	"accel\000"
 1237      6C00
 1238              	.LASF31:
 1239 0006 59504F53 		.ascii	"YPOS\000"
 1239      00
 1240              	.LASF4:
 1241 000b 6C6F6E67 		.ascii	"long int\000"
 1241      20696E74 
 1241      00
 1242              	.LASF30:
 1243 0014 584E4547 		.ascii	"XNEG\000"
 1243      00
 1244              	.LASF18:
 1245 0019 584F5554 		.ascii	"XOUT_H\000"
 1245      5F4800
 1246              	.LASF8:
 1247 0020 756E7369 		.ascii	"unsigned int\000"
 1247      676E6564 
 1247      20696E74 
 1247      00
 1248              	.LASF36:
 1249 002d 72656164 		.ascii	"readBytes\000"
 1249      42797465 
 1249      7300
 1250              	.LASF40:
 1251 0037 77726974 		.ascii	"writeToAddr\000"
 1251      65546F41 
 1251      64647200 
 1252              	.LASF29:
 1253 0043 58504F53 		.ascii	"XPOS\000"
 1253      00
 1254              	.LASF54:
 1255 0048 4932435F 		.ascii	"I2C_Start\000"
 1255      53746172 
 1255      7400
ARM GAS  C:\Users\HELLOK~1\AppData\Local\Temp\cczZAaR9.s 			page 25


 1256              	.LASF51:
 1257 0052 4932435F 		.ascii	"I2C_I2CMasterStatus\000"
 1257      4932434D 
 1257      61737465 
 1257      72537461 
 1257      74757300 
 1258              	.LASF25:
 1259 0066 44617461 		.ascii	"DataCtrlReg\000"
 1259      4374726C 
 1259      52656700 
 1260              	.LASF12:
 1261 0072 666C6F61 		.ascii	"float\000"
 1261      7400
 1262              	.LASF9:
 1263 0078 75696E74 		.ascii	"uint8\000"
 1263      3800
 1264              	.LASF42:
 1265 007e 77726974 		.ascii	"writeBytes\000"
 1265      65427974 
 1265      657300
 1266              	.LASF1:
 1267 0089 756E7369 		.ascii	"unsigned char\000"
 1267      676E6564 
 1267      20636861 
 1267      7200
 1268              	.LASF32:
 1269 0097 594E4547 		.ascii	"YNEG\000"
 1269      00
 1270              	.LASF50:
 1271 009c 4932435F 		.ascii	"I2C_I2CMasterWriteBuf\000"
 1271      4932434D 
 1271      61737465 
 1271      72577269 
 1271      74654275 
 1272              	.LASF3:
 1273 00b2 73686F72 		.ascii	"short unsigned int\000"
 1273      7420756E 
 1273      7369676E 
 1273      65642069 
 1273      6E7400
 1274              	.LASF20:
 1275 00c5 594F5554 		.ascii	"YOUT_H\000"
 1275      5F4800
 1276              	.LASF41:
 1277 00cc 77726974 		.ascii	"writeBuf\000"
 1277      65427566 
 1277      00
 1278              	.LASF35:
 1279 00d5 72656164 		.ascii	"readBuf\000"
 1279      42756600 
 1280              	.LASF39:
 1281 00dd 72656164 		.ascii	"readFromAddr\000"
 1281      46726F6D 
 1281      41646472 
 1281      00
 1282              	.LASF5:
 1283 00ea 6C6F6E67 		.ascii	"long unsigned int\000"
ARM GAS  C:\Users\HELLOK~1\AppData\Local\Temp\cczZAaR9.s 			page 26


 1283      20756E73 
 1283      69676E65 
 1283      6420696E 
 1283      7400
 1284              	.LASF38:
 1285 00fc 6D656D41 		.ascii	"memAddr\000"
 1285      64647200 
 1286              	.LASF58:
 1287 0104 6D61696E 		.ascii	"main\000"
 1287      00
 1288              	.LASF48:
 1289 0109 72616D4C 		.ascii	"ramLowerAddr\000"
 1289      6F776572 
 1289      41646472 
 1289      00
 1290              	.LASF10:
 1291 0116 75696E74 		.ascii	"uint16\000"
 1291      313600
 1292              	.LASF44:
 1293 011d 77724275 		.ascii	"wrBuf\000"
 1293      6600
 1294              	.LASF11:
 1295 0123 75696E74 		.ascii	"uint32\000"
 1295      333200
 1296              	.LASF46:
 1297 012a 74657374 		.ascii	"test\000"
 1297      00
 1298              	.LASF34:
 1299 012f 5A4E4547 		.ascii	"ZNEG\000"
 1299      00
 1300              	.LASF17:
 1301 0134 584F5554 		.ascii	"XOUT_L\000"
 1301      5F4C00
 1302              	.LASF7:
 1303 013b 6C6F6E67 		.ascii	"long long unsigned int\000"
 1303      206C6F6E 
 1303      6720756E 
 1303      7369676E 
 1303      65642069 
 1304              	.LASF19:
 1305 0152 594F5554 		.ascii	"YOUT_L\000"
 1305      5F4C00
 1306              	.LASF23:
 1307 0159 4374726C 		.ascii	"CtrlReg1\000"
 1307      52656731 
 1307      00
 1308              	.LASF24:
 1309 0162 4374726C 		.ascii	"CtrlReg2\000"
 1309      52656732 
 1309      00
 1310              	.LASF33:
 1311 016b 5A504F53 		.ascii	"ZPOS\000"
 1311      00
 1312              	.LASF28:
 1313 0170 4652414D 		.ascii	"FRAM\000"
 1313      00
 1314              	.LASF55:
ARM GAS  C:\Users\HELLOK~1\AppData\Local\Temp\cczZAaR9.s 			page 27


 1315 0175 474E5520 		.ascii	"GNU C11 5.4.1 20160609 (release) [ARM/embedded-5-br"
 1315      43313120 
 1315      352E342E 
 1315      31203230 
 1315      31363036 
 1316 01a8 616E6368 		.ascii	"anch revision 237715] -mcpu=cortex-m0 -mthumb -g -O"
 1316      20726576 
 1316      6973696F 
 1316      6E203233 
 1316      37373135 
 1317 01db 67202D66 		.ascii	"g -ffunction-sections -ffat-lto-objects\000"
 1317      66756E63 
 1317      74696F6E 
 1317      2D736563 
 1317      74696F6E 
 1318              	.LASF16:
 1319 0203 73697A65 		.ascii	"sizetype\000"
 1319      74797065 
 1319      00
 1320              	.LASF57:
 1321 020c 433A5C55 		.ascii	"C:\\Users\\Hello Kitty\\Desktop\\MicrocontrollersLa"
 1321      73657273 
 1321      5C48656C 
 1321      6C6F204B 
 1321      69747479 
 1322 023b 625C4C61 		.ascii	"b\\Lab 5 - I2C\\Project\\Lab 5 - I2C.cydsn\000"
 1322      62203520 
 1322      2D204932 
 1322      435C5072 
 1322      6F6A6563 
 1323              	.LASF6:
 1324 0263 6C6F6E67 		.ascii	"long long int\000"
 1324      206C6F6E 
 1324      6720696E 
 1324      7400
 1325              	.LASF56:
 1326 0271 6D61696E 		.ascii	"main.c\000"
 1326      2E6300
 1327              	.LASF22:
 1328 0278 5A4F5554 		.ascii	"ZOUT_H\000"
 1328      5F4800
 1329              	.LASF21:
 1330 027f 5A4F5554 		.ascii	"ZOUT_L\000"
 1330      5F4C00
 1331              	.LASF47:
 1332 0286 61636365 		.ascii	"accelAddr\000"
 1332      6C416464 
 1332      7200
 1333              	.LASF2:
 1334 0290 73686F72 		.ascii	"short int\000"
 1334      7420696E 
 1334      7400
 1335              	.LASF37:
 1336 029a 64657641 		.ascii	"devAddr\000"
 1336      64647200 
 1337              	.LASF45:
 1338 02a2 72644275 		.ascii	"rdBuf\000"
ARM GAS  C:\Users\HELLOK~1\AppData\Local\Temp\cczZAaR9.s 			page 28


 1338      6600
 1339              	.LASF49:
 1340 02a8 72616D55 		.ascii	"ramUpperAddr\000"
 1340      70706572 
 1340      41646472 
 1340      00
 1341              	.LASF14:
 1342 02b5 63686172 		.ascii	"char\000"
 1342      00
 1343              	.LASF26:
 1344 02ba 54657374 		.ascii	"Test\000"
 1344      00
 1345              	.LASF15:
 1346 02bf 6C6F6E67 		.ascii	"long double\000"
 1346      20646F75 
 1346      626C6500 
 1347              	.LASF0:
 1348 02cb 7369676E 		.ascii	"signed char\000"
 1348      65642063 
 1348      68617200 
 1349              	.LASF13:
 1350 02d7 646F7562 		.ascii	"double\000"
 1350      6C6500
 1351              	.LASF53:
 1352 02de 4932435F 		.ascii	"I2C_I2CMasterReadBuf\000"
 1352      4932434D 
 1352      61737465 
 1352      72526561 
 1352      64427566 
 1353              	.LASF52:
 1354 02f3 4932435F 		.ascii	"I2C_I2CMasterClearStatus\000"
 1354      4932434D 
 1354      61737465 
 1354      72436C65 
 1354      61725374 
 1355              	.LASF27:
 1356 030c 61636365 		.ascii	"accelerometer\000"
 1356      6C65726F 
 1356      6D657465 
 1356      7200
 1357              		.ident	"GCC: (GNU Tools for ARM Embedded Processors) 5.4.1 20160609 (release) [ARM/embedded-5-bran
