ARM GAS  C:\Users\HELLOK~1\AppData\Local\Temp\ccbdKtT9.s 			page 1


   1              		.syntax unified
   2              		.cpu cortex-m0
   3              		.fpu softvfp
   4              		.eabi_attribute 20, 1
   5              		.eabi_attribute 21, 1
   6              		.eabi_attribute 23, 3
   7              		.eabi_attribute 24, 1
   8              		.eabi_attribute 25, 1
   9              		.eabi_attribute 26, 1
  10              		.eabi_attribute 30, 1
  11              		.eabi_attribute 34, 0
  12              		.eabi_attribute 18, 4
  13              		.thumb
  14              		.syntax unified
  15              		.file	"BTN_ISR.c"
  16              		.text
  17              	.Ltext0:
  18              		.cfi_sections	.debug_frame
  19              		.section	.text.BTN_ISR_Interrupt,"ax",%progbits
  20              		.align	2
  21              		.global	BTN_ISR_Interrupt
  22              		.code	16
  23              		.thumb_func
  24              		.type	BTN_ISR_Interrupt, %function
  25              	BTN_ISR_Interrupt:
  26              	.LFB4:
  27              		.file 1 "Generated_Source\\PSoC4\\BTN_ISR.c"
   1:Generated_Source\PSoC4/BTN_ISR.c **** /*******************************************************************************
   2:Generated_Source\PSoC4/BTN_ISR.c **** * File Name: BTN_ISR.c  
   3:Generated_Source\PSoC4/BTN_ISR.c **** * Version 1.71
   4:Generated_Source\PSoC4/BTN_ISR.c **** *
   5:Generated_Source\PSoC4/BTN_ISR.c **** *  Description:
   6:Generated_Source\PSoC4/BTN_ISR.c **** *   API for controlling the state of an interrupt.
   7:Generated_Source\PSoC4/BTN_ISR.c **** *
   8:Generated_Source\PSoC4/BTN_ISR.c **** *
   9:Generated_Source\PSoC4/BTN_ISR.c **** *  Note:
  10:Generated_Source\PSoC4/BTN_ISR.c **** *
  11:Generated_Source\PSoC4/BTN_ISR.c **** ********************************************************************************
  12:Generated_Source\PSoC4/BTN_ISR.c **** * Copyright 2008-2015, Cypress Semiconductor Corporation.  All rights reserved.
  13:Generated_Source\PSoC4/BTN_ISR.c **** * You may use this file only in accordance with the license, terms, conditions, 
  14:Generated_Source\PSoC4/BTN_ISR.c **** * disclaimers, and limitations in the end user license agreement accompanying 
  15:Generated_Source\PSoC4/BTN_ISR.c **** * the software package with which this file was provided.
  16:Generated_Source\PSoC4/BTN_ISR.c **** *******************************************************************************/
  17:Generated_Source\PSoC4/BTN_ISR.c **** 
  18:Generated_Source\PSoC4/BTN_ISR.c **** 
  19:Generated_Source\PSoC4/BTN_ISR.c **** #include <cydevice_trm.h>
  20:Generated_Source\PSoC4/BTN_ISR.c **** #include <CyLib.h>
  21:Generated_Source\PSoC4/BTN_ISR.c **** #include <BTN_ISR.h>
  22:Generated_Source\PSoC4/BTN_ISR.c **** #include "cyapicallbacks.h"
  23:Generated_Source\PSoC4/BTN_ISR.c **** 
  24:Generated_Source\PSoC4/BTN_ISR.c **** #if !defined(BTN_ISR__REMOVED) /* Check for removal by optimization */
  25:Generated_Source\PSoC4/BTN_ISR.c **** 
  26:Generated_Source\PSoC4/BTN_ISR.c **** /*******************************************************************************
  27:Generated_Source\PSoC4/BTN_ISR.c **** *  Place your includes, defines and code here 
  28:Generated_Source\PSoC4/BTN_ISR.c **** ********************************************************************************/
  29:Generated_Source\PSoC4/BTN_ISR.c **** /* `#START BTN_ISR_intc` */
  30:Generated_Source\PSoC4/BTN_ISR.c **** #include "BTN.h"
ARM GAS  C:\Users\HELLOK~1\AppData\Local\Temp\ccbdKtT9.s 			page 2


  31:Generated_Source\PSoC4/BTN_ISR.c **** extern volatile int btn_flag;
  32:Generated_Source\PSoC4/BTN_ISR.c **** /* `#END` */
  33:Generated_Source\PSoC4/BTN_ISR.c **** 
  34:Generated_Source\PSoC4/BTN_ISR.c **** extern cyisraddress CyRamVectors[CYINT_IRQ_BASE + CY_NUM_INTERRUPTS];
  35:Generated_Source\PSoC4/BTN_ISR.c **** 
  36:Generated_Source\PSoC4/BTN_ISR.c **** /* Declared in startup, used to set unused interrupts to. */
  37:Generated_Source\PSoC4/BTN_ISR.c **** CY_ISR_PROTO(IntDefaultHandler);
  38:Generated_Source\PSoC4/BTN_ISR.c **** 
  39:Generated_Source\PSoC4/BTN_ISR.c **** 
  40:Generated_Source\PSoC4/BTN_ISR.c **** /*******************************************************************************
  41:Generated_Source\PSoC4/BTN_ISR.c **** * Function Name: BTN_ISR_Start
  42:Generated_Source\PSoC4/BTN_ISR.c **** ********************************************************************************
  43:Generated_Source\PSoC4/BTN_ISR.c **** *
  44:Generated_Source\PSoC4/BTN_ISR.c **** * Summary:
  45:Generated_Source\PSoC4/BTN_ISR.c **** *  Set up the interrupt and enable it. This function disables the interrupt, 
  46:Generated_Source\PSoC4/BTN_ISR.c **** *  sets the default interrupt vector, sets the priority from the value in the
  47:Generated_Source\PSoC4/BTN_ISR.c **** *  Design Wide Resources Interrupt Editor, then enables the interrupt to the 
  48:Generated_Source\PSoC4/BTN_ISR.c **** *  interrupt controller.
  49:Generated_Source\PSoC4/BTN_ISR.c **** *
  50:Generated_Source\PSoC4/BTN_ISR.c **** * Parameters:  
  51:Generated_Source\PSoC4/BTN_ISR.c **** *   None
  52:Generated_Source\PSoC4/BTN_ISR.c **** *
  53:Generated_Source\PSoC4/BTN_ISR.c **** * Return:
  54:Generated_Source\PSoC4/BTN_ISR.c **** *   None
  55:Generated_Source\PSoC4/BTN_ISR.c **** *
  56:Generated_Source\PSoC4/BTN_ISR.c **** *******************************************************************************/
  57:Generated_Source\PSoC4/BTN_ISR.c **** void BTN_ISR_Start(void)
  58:Generated_Source\PSoC4/BTN_ISR.c **** {
  59:Generated_Source\PSoC4/BTN_ISR.c ****     /* For all we know the interrupt is active. */
  60:Generated_Source\PSoC4/BTN_ISR.c ****     BTN_ISR_Disable();
  61:Generated_Source\PSoC4/BTN_ISR.c **** 
  62:Generated_Source\PSoC4/BTN_ISR.c ****     /* Set the ISR to point to the BTN_ISR Interrupt. */
  63:Generated_Source\PSoC4/BTN_ISR.c ****     BTN_ISR_SetVector(&BTN_ISR_Interrupt);
  64:Generated_Source\PSoC4/BTN_ISR.c **** 
  65:Generated_Source\PSoC4/BTN_ISR.c ****     /* Set the priority. */
  66:Generated_Source\PSoC4/BTN_ISR.c ****     BTN_ISR_SetPriority((uint8)BTN_ISR_INTC_PRIOR_NUMBER);
  67:Generated_Source\PSoC4/BTN_ISR.c **** 
  68:Generated_Source\PSoC4/BTN_ISR.c ****     /* Enable it. */
  69:Generated_Source\PSoC4/BTN_ISR.c ****     BTN_ISR_Enable();
  70:Generated_Source\PSoC4/BTN_ISR.c **** }
  71:Generated_Source\PSoC4/BTN_ISR.c **** 
  72:Generated_Source\PSoC4/BTN_ISR.c **** 
  73:Generated_Source\PSoC4/BTN_ISR.c **** /*******************************************************************************
  74:Generated_Source\PSoC4/BTN_ISR.c **** * Function Name: BTN_ISR_StartEx
  75:Generated_Source\PSoC4/BTN_ISR.c **** ********************************************************************************
  76:Generated_Source\PSoC4/BTN_ISR.c **** *
  77:Generated_Source\PSoC4/BTN_ISR.c **** * Summary:
  78:Generated_Source\PSoC4/BTN_ISR.c **** *  Sets up the interrupt and enables it. This function disables the interrupt,
  79:Generated_Source\PSoC4/BTN_ISR.c **** *  sets the interrupt vector based on the address passed in, sets the priority 
  80:Generated_Source\PSoC4/BTN_ISR.c **** *  from the value in the Design Wide Resources Interrupt Editor, then enables 
  81:Generated_Source\PSoC4/BTN_ISR.c **** *  the interrupt to the interrupt controller.
  82:Generated_Source\PSoC4/BTN_ISR.c **** *  
  83:Generated_Source\PSoC4/BTN_ISR.c **** *  When defining ISR functions, the CY_ISR and CY_ISR_PROTO macros should be 
  84:Generated_Source\PSoC4/BTN_ISR.c **** *  used to provide consistent definition across compilers:
  85:Generated_Source\PSoC4/BTN_ISR.c **** *  
  86:Generated_Source\PSoC4/BTN_ISR.c **** *  Function definition example:
  87:Generated_Source\PSoC4/BTN_ISR.c **** *   CY_ISR(MyISR)
ARM GAS  C:\Users\HELLOK~1\AppData\Local\Temp\ccbdKtT9.s 			page 3


  88:Generated_Source\PSoC4/BTN_ISR.c **** *   {
  89:Generated_Source\PSoC4/BTN_ISR.c **** *   }
  90:Generated_Source\PSoC4/BTN_ISR.c **** *   Function prototype example:
  91:Generated_Source\PSoC4/BTN_ISR.c **** *   CY_ISR_PROTO(MyISR);
  92:Generated_Source\PSoC4/BTN_ISR.c **** *
  93:Generated_Source\PSoC4/BTN_ISR.c **** * Parameters:  
  94:Generated_Source\PSoC4/BTN_ISR.c **** *   address: Address of the ISR to set in the interrupt vector table.
  95:Generated_Source\PSoC4/BTN_ISR.c **** *
  96:Generated_Source\PSoC4/BTN_ISR.c **** * Return:
  97:Generated_Source\PSoC4/BTN_ISR.c **** *   None
  98:Generated_Source\PSoC4/BTN_ISR.c **** *
  99:Generated_Source\PSoC4/BTN_ISR.c **** *******************************************************************************/
 100:Generated_Source\PSoC4/BTN_ISR.c **** void BTN_ISR_StartEx(cyisraddress address)
 101:Generated_Source\PSoC4/BTN_ISR.c **** {
 102:Generated_Source\PSoC4/BTN_ISR.c ****     /* For all we know the interrupt is active. */
 103:Generated_Source\PSoC4/BTN_ISR.c ****     BTN_ISR_Disable();
 104:Generated_Source\PSoC4/BTN_ISR.c **** 
 105:Generated_Source\PSoC4/BTN_ISR.c ****     /* Set the ISR to point to the BTN_ISR Interrupt. */
 106:Generated_Source\PSoC4/BTN_ISR.c ****     BTN_ISR_SetVector(address);
 107:Generated_Source\PSoC4/BTN_ISR.c **** 
 108:Generated_Source\PSoC4/BTN_ISR.c ****     /* Set the priority. */
 109:Generated_Source\PSoC4/BTN_ISR.c ****     BTN_ISR_SetPriority((uint8)BTN_ISR_INTC_PRIOR_NUMBER);
 110:Generated_Source\PSoC4/BTN_ISR.c **** 
 111:Generated_Source\PSoC4/BTN_ISR.c ****     /* Enable it. */
 112:Generated_Source\PSoC4/BTN_ISR.c ****     BTN_ISR_Enable();
 113:Generated_Source\PSoC4/BTN_ISR.c **** }
 114:Generated_Source\PSoC4/BTN_ISR.c **** 
 115:Generated_Source\PSoC4/BTN_ISR.c **** 
 116:Generated_Source\PSoC4/BTN_ISR.c **** /*******************************************************************************
 117:Generated_Source\PSoC4/BTN_ISR.c **** * Function Name: BTN_ISR_Stop
 118:Generated_Source\PSoC4/BTN_ISR.c **** ********************************************************************************
 119:Generated_Source\PSoC4/BTN_ISR.c **** *
 120:Generated_Source\PSoC4/BTN_ISR.c **** * Summary:
 121:Generated_Source\PSoC4/BTN_ISR.c **** *   Disables and removes the interrupt.
 122:Generated_Source\PSoC4/BTN_ISR.c **** *
 123:Generated_Source\PSoC4/BTN_ISR.c **** * Parameters:  
 124:Generated_Source\PSoC4/BTN_ISR.c **** *   None
 125:Generated_Source\PSoC4/BTN_ISR.c **** *
 126:Generated_Source\PSoC4/BTN_ISR.c **** * Return:
 127:Generated_Source\PSoC4/BTN_ISR.c **** *   None
 128:Generated_Source\PSoC4/BTN_ISR.c **** *
 129:Generated_Source\PSoC4/BTN_ISR.c **** *******************************************************************************/
 130:Generated_Source\PSoC4/BTN_ISR.c **** void BTN_ISR_Stop(void)
 131:Generated_Source\PSoC4/BTN_ISR.c **** {
 132:Generated_Source\PSoC4/BTN_ISR.c ****     /* Disable this interrupt. */
 133:Generated_Source\PSoC4/BTN_ISR.c ****     BTN_ISR_Disable();
 134:Generated_Source\PSoC4/BTN_ISR.c **** 
 135:Generated_Source\PSoC4/BTN_ISR.c ****     /* Set the ISR to point to the passive one. */
 136:Generated_Source\PSoC4/BTN_ISR.c ****     BTN_ISR_SetVector(&IntDefaultHandler);
 137:Generated_Source\PSoC4/BTN_ISR.c **** }
 138:Generated_Source\PSoC4/BTN_ISR.c **** 
 139:Generated_Source\PSoC4/BTN_ISR.c **** 
 140:Generated_Source\PSoC4/BTN_ISR.c **** /*******************************************************************************
 141:Generated_Source\PSoC4/BTN_ISR.c **** * Function Name: BTN_ISR_Interrupt
 142:Generated_Source\PSoC4/BTN_ISR.c **** ********************************************************************************
 143:Generated_Source\PSoC4/BTN_ISR.c **** *
 144:Generated_Source\PSoC4/BTN_ISR.c **** * Summary:
ARM GAS  C:\Users\HELLOK~1\AppData\Local\Temp\ccbdKtT9.s 			page 4


 145:Generated_Source\PSoC4/BTN_ISR.c **** *   The default Interrupt Service Routine for BTN_ISR.
 146:Generated_Source\PSoC4/BTN_ISR.c **** *
 147:Generated_Source\PSoC4/BTN_ISR.c **** *   Add custom code between the START and END comments to keep the next version
 148:Generated_Source\PSoC4/BTN_ISR.c **** *   of this file from over-writing your code.
 149:Generated_Source\PSoC4/BTN_ISR.c **** *
 150:Generated_Source\PSoC4/BTN_ISR.c **** *   Note You may use either the default ISR by using this API, or you may define
 151:Generated_Source\PSoC4/BTN_ISR.c **** *   your own separate ISR through ISR_StartEx().
 152:Generated_Source\PSoC4/BTN_ISR.c **** *
 153:Generated_Source\PSoC4/BTN_ISR.c **** * Parameters:  
 154:Generated_Source\PSoC4/BTN_ISR.c **** *   None
 155:Generated_Source\PSoC4/BTN_ISR.c **** *
 156:Generated_Source\PSoC4/BTN_ISR.c **** * Return:
 157:Generated_Source\PSoC4/BTN_ISR.c **** *   None
 158:Generated_Source\PSoC4/BTN_ISR.c **** *
 159:Generated_Source\PSoC4/BTN_ISR.c **** *******************************************************************************/
 160:Generated_Source\PSoC4/BTN_ISR.c **** CY_ISR(BTN_ISR_Interrupt)
 161:Generated_Source\PSoC4/BTN_ISR.c **** {
  28              		.loc 1 161 0
  29              		.cfi_startproc
  30              		@ args = 0, pretend = 0, frame = 0
  31              		@ frame_needed = 0, uses_anonymous_args = 0
  32 0000 10B5     		push	{r4, lr}
  33              		.cfi_def_cfa_offset 8
  34              		.cfi_offset 4, -8
  35              		.cfi_offset 14, -4
 162:Generated_Source\PSoC4/BTN_ISR.c ****     #ifdef BTN_ISR_INTERRUPT_INTERRUPT_CALLBACK
 163:Generated_Source\PSoC4/BTN_ISR.c ****         BTN_ISR_Interrupt_InterruptCallback();
 164:Generated_Source\PSoC4/BTN_ISR.c ****     #endif /* BTN_ISR_INTERRUPT_INTERRUPT_CALLBACK */ 
 165:Generated_Source\PSoC4/BTN_ISR.c **** 
 166:Generated_Source\PSoC4/BTN_ISR.c ****     /*  Place your Interrupt code here. */
 167:Generated_Source\PSoC4/BTN_ISR.c ****     /* `#START BTN_ISR_Interrupt` */
 168:Generated_Source\PSoC4/BTN_ISR.c **** 
 169:Generated_Source\PSoC4/BTN_ISR.c ****     //Debounce
 170:Generated_Source\PSoC4/BTN_ISR.c ****     CyDelayUs(100);
  36              		.loc 1 170 0
  37 0002 6420     		movs	r0, #100
  38 0004 FFF7FEFF 		bl	CyDelayUs
  39              	.LVL0:
 171:Generated_Source\PSoC4/BTN_ISR.c ****     if (BTN_Read() == 1){
  40              		.loc 1 171 0
  41 0008 FFF7FEFF 		bl	BTN_Read
  42              	.LVL1:
  43 000c 0128     		cmp	r0, #1
  44 000e 02D1     		bne	.L2
 172:Generated_Source\PSoC4/BTN_ISR.c ****         
 173:Generated_Source\PSoC4/BTN_ISR.c ****         btn_flag = 1;
  45              		.loc 1 173 0
  46 0010 0122     		movs	r2, #1
  47 0012 024B     		ldr	r3, .L3
  48 0014 1A60     		str	r2, [r3]
  49              	.L2:
 174:Generated_Source\PSoC4/BTN_ISR.c ****     }
 175:Generated_Source\PSoC4/BTN_ISR.c ****     
 176:Generated_Source\PSoC4/BTN_ISR.c ****     BTN_ClearInterrupt();
  50              		.loc 1 176 0
  51 0016 FFF7FEFF 		bl	BTN_ClearInterrupt
  52              	.LVL2:
ARM GAS  C:\Users\HELLOK~1\AppData\Local\Temp\ccbdKtT9.s 			page 5


 177:Generated_Source\PSoC4/BTN_ISR.c ****     /* `#END` */
 178:Generated_Source\PSoC4/BTN_ISR.c **** }
  53              		.loc 1 178 0
  54              		@ sp needed
  55 001a 10BD     		pop	{r4, pc}
  56              	.L4:
  57              		.align	2
  58              	.L3:
  59 001c 00000000 		.word	btn_flag
  60              		.cfi_endproc
  61              	.LFE4:
  62              		.size	BTN_ISR_Interrupt, .-BTN_ISR_Interrupt
  63              		.section	.text.BTN_ISR_SetVector,"ax",%progbits
  64              		.align	2
  65              		.global	BTN_ISR_SetVector
  66              		.code	16
  67              		.thumb_func
  68              		.type	BTN_ISR_SetVector, %function
  69              	BTN_ISR_SetVector:
  70              	.LFB5:
 179:Generated_Source\PSoC4/BTN_ISR.c **** 
 180:Generated_Source\PSoC4/BTN_ISR.c **** 
 181:Generated_Source\PSoC4/BTN_ISR.c **** /*******************************************************************************
 182:Generated_Source\PSoC4/BTN_ISR.c **** * Function Name: BTN_ISR_SetVector
 183:Generated_Source\PSoC4/BTN_ISR.c **** ********************************************************************************
 184:Generated_Source\PSoC4/BTN_ISR.c **** *
 185:Generated_Source\PSoC4/BTN_ISR.c **** * Summary:
 186:Generated_Source\PSoC4/BTN_ISR.c **** *   Change the ISR vector for the Interrupt. Note calling BTN_ISR_Start
 187:Generated_Source\PSoC4/BTN_ISR.c **** *   will override any effect this method would have had. To set the vector 
 188:Generated_Source\PSoC4/BTN_ISR.c **** *   before the component has been started use BTN_ISR_StartEx instead.
 189:Generated_Source\PSoC4/BTN_ISR.c **** * 
 190:Generated_Source\PSoC4/BTN_ISR.c **** *   When defining ISR functions, the CY_ISR and CY_ISR_PROTO macros should be 
 191:Generated_Source\PSoC4/BTN_ISR.c **** *   used to provide consistent definition across compilers:
 192:Generated_Source\PSoC4/BTN_ISR.c **** *
 193:Generated_Source\PSoC4/BTN_ISR.c **** *   Function definition example:
 194:Generated_Source\PSoC4/BTN_ISR.c **** *   CY_ISR(MyISR)
 195:Generated_Source\PSoC4/BTN_ISR.c **** *   {
 196:Generated_Source\PSoC4/BTN_ISR.c **** *   }
 197:Generated_Source\PSoC4/BTN_ISR.c **** *
 198:Generated_Source\PSoC4/BTN_ISR.c **** *   Function prototype example:
 199:Generated_Source\PSoC4/BTN_ISR.c **** *     CY_ISR_PROTO(MyISR);
 200:Generated_Source\PSoC4/BTN_ISR.c **** *
 201:Generated_Source\PSoC4/BTN_ISR.c **** * Parameters:
 202:Generated_Source\PSoC4/BTN_ISR.c **** *   address: Address of the ISR to set in the interrupt vector table.
 203:Generated_Source\PSoC4/BTN_ISR.c **** *
 204:Generated_Source\PSoC4/BTN_ISR.c **** * Return:
 205:Generated_Source\PSoC4/BTN_ISR.c **** *   None
 206:Generated_Source\PSoC4/BTN_ISR.c **** *
 207:Generated_Source\PSoC4/BTN_ISR.c **** *******************************************************************************/
 208:Generated_Source\PSoC4/BTN_ISR.c **** void BTN_ISR_SetVector(cyisraddress address)
 209:Generated_Source\PSoC4/BTN_ISR.c **** {
  71              		.loc 1 209 0
  72              		.cfi_startproc
  73              		@ args = 0, pretend = 0, frame = 0
  74              		@ frame_needed = 0, uses_anonymous_args = 0
  75              		@ link register save eliminated.
  76              	.LVL3:
ARM GAS  C:\Users\HELLOK~1\AppData\Local\Temp\ccbdKtT9.s 			page 6


 210:Generated_Source\PSoC4/BTN_ISR.c ****     CyRamVectors[CYINT_IRQ_BASE + BTN_ISR__INTC_NUMBER] = address;
  77              		.loc 1 210 0
  78 0000 014B     		ldr	r3, .L6
  79 0002 1865     		str	r0, [r3, #80]
 211:Generated_Source\PSoC4/BTN_ISR.c **** }
  80              		.loc 1 211 0
  81              		@ sp needed
  82 0004 7047     		bx	lr
  83              	.L7:
  84 0006 C046     		.align	2
  85              	.L6:
  86 0008 00000000 		.word	CyRamVectors
  87              		.cfi_endproc
  88              	.LFE5:
  89              		.size	BTN_ISR_SetVector, .-BTN_ISR_SetVector
  90              		.section	.text.BTN_ISR_GetVector,"ax",%progbits
  91              		.align	2
  92              		.global	BTN_ISR_GetVector
  93              		.code	16
  94              		.thumb_func
  95              		.type	BTN_ISR_GetVector, %function
  96              	BTN_ISR_GetVector:
  97              	.LFB6:
 212:Generated_Source\PSoC4/BTN_ISR.c **** 
 213:Generated_Source\PSoC4/BTN_ISR.c **** 
 214:Generated_Source\PSoC4/BTN_ISR.c **** /*******************************************************************************
 215:Generated_Source\PSoC4/BTN_ISR.c **** * Function Name: BTN_ISR_GetVector
 216:Generated_Source\PSoC4/BTN_ISR.c **** ********************************************************************************
 217:Generated_Source\PSoC4/BTN_ISR.c **** *
 218:Generated_Source\PSoC4/BTN_ISR.c **** * Summary:
 219:Generated_Source\PSoC4/BTN_ISR.c **** *   Gets the "address" of the current ISR vector for the Interrupt.
 220:Generated_Source\PSoC4/BTN_ISR.c **** *
 221:Generated_Source\PSoC4/BTN_ISR.c **** * Parameters:
 222:Generated_Source\PSoC4/BTN_ISR.c **** *   None
 223:Generated_Source\PSoC4/BTN_ISR.c **** *
 224:Generated_Source\PSoC4/BTN_ISR.c **** * Return:
 225:Generated_Source\PSoC4/BTN_ISR.c **** *   Address of the ISR in the interrupt vector table.
 226:Generated_Source\PSoC4/BTN_ISR.c **** *
 227:Generated_Source\PSoC4/BTN_ISR.c **** *******************************************************************************/
 228:Generated_Source\PSoC4/BTN_ISR.c **** cyisraddress BTN_ISR_GetVector(void)
 229:Generated_Source\PSoC4/BTN_ISR.c **** {
  98              		.loc 1 229 0
  99              		.cfi_startproc
 100              		@ args = 0, pretend = 0, frame = 0
 101              		@ frame_needed = 0, uses_anonymous_args = 0
 102              		@ link register save eliminated.
 230:Generated_Source\PSoC4/BTN_ISR.c ****     return CyRamVectors[CYINT_IRQ_BASE + BTN_ISR__INTC_NUMBER];
 103              		.loc 1 230 0
 104 0000 014B     		ldr	r3, .L9
 105 0002 186D     		ldr	r0, [r3, #80]
 231:Generated_Source\PSoC4/BTN_ISR.c **** }
 106              		.loc 1 231 0
 107              		@ sp needed
 108 0004 7047     		bx	lr
 109              	.L10:
 110 0006 C046     		.align	2
 111              	.L9:
ARM GAS  C:\Users\HELLOK~1\AppData\Local\Temp\ccbdKtT9.s 			page 7


 112 0008 00000000 		.word	CyRamVectors
 113              		.cfi_endproc
 114              	.LFE6:
 115              		.size	BTN_ISR_GetVector, .-BTN_ISR_GetVector
 116              		.section	.text.BTN_ISR_SetPriority,"ax",%progbits
 117              		.align	2
 118              		.global	BTN_ISR_SetPriority
 119              		.code	16
 120              		.thumb_func
 121              		.type	BTN_ISR_SetPriority, %function
 122              	BTN_ISR_SetPriority:
 123              	.LFB7:
 232:Generated_Source\PSoC4/BTN_ISR.c **** 
 233:Generated_Source\PSoC4/BTN_ISR.c **** 
 234:Generated_Source\PSoC4/BTN_ISR.c **** /*******************************************************************************
 235:Generated_Source\PSoC4/BTN_ISR.c **** * Function Name: BTN_ISR_SetPriority
 236:Generated_Source\PSoC4/BTN_ISR.c **** ********************************************************************************
 237:Generated_Source\PSoC4/BTN_ISR.c **** *
 238:Generated_Source\PSoC4/BTN_ISR.c **** * Summary:
 239:Generated_Source\PSoC4/BTN_ISR.c **** *   Sets the Priority of the Interrupt. 
 240:Generated_Source\PSoC4/BTN_ISR.c **** *
 241:Generated_Source\PSoC4/BTN_ISR.c **** *   Note calling BTN_ISR_Start or BTN_ISR_StartEx will 
 242:Generated_Source\PSoC4/BTN_ISR.c **** *   override any effect this API would have had. This API should only be called
 243:Generated_Source\PSoC4/BTN_ISR.c **** *   after BTN_ISR_Start or BTN_ISR_StartEx has been called. 
 244:Generated_Source\PSoC4/BTN_ISR.c **** *   To set the initial priority for the component, use the Design-Wide Resources
 245:Generated_Source\PSoC4/BTN_ISR.c **** *   Interrupt Editor.
 246:Generated_Source\PSoC4/BTN_ISR.c **** *
 247:Generated_Source\PSoC4/BTN_ISR.c **** *   Note This API has no effect on Non-maskable interrupt NMI).
 248:Generated_Source\PSoC4/BTN_ISR.c **** *
 249:Generated_Source\PSoC4/BTN_ISR.c **** * Parameters:
 250:Generated_Source\PSoC4/BTN_ISR.c **** *   priority: Priority of the interrupt, 0 being the highest priority
 251:Generated_Source\PSoC4/BTN_ISR.c **** *             PSoC 3 and PSoC 5LP: Priority is from 0 to 7.
 252:Generated_Source\PSoC4/BTN_ISR.c **** *             PSoC 4: Priority is from 0 to 3.
 253:Generated_Source\PSoC4/BTN_ISR.c **** *
 254:Generated_Source\PSoC4/BTN_ISR.c **** * Return:
 255:Generated_Source\PSoC4/BTN_ISR.c **** *   None
 256:Generated_Source\PSoC4/BTN_ISR.c **** *
 257:Generated_Source\PSoC4/BTN_ISR.c **** *******************************************************************************/
 258:Generated_Source\PSoC4/BTN_ISR.c **** void BTN_ISR_SetPriority(uint8 priority)
 259:Generated_Source\PSoC4/BTN_ISR.c **** {
 124              		.loc 1 259 0
 125              		.cfi_startproc
 126              		@ args = 0, pretend = 0, frame = 0
 127              		@ frame_needed = 0, uses_anonymous_args = 0
 128              	.LVL4:
 129 0000 10B5     		push	{r4, lr}
 130              		.cfi_def_cfa_offset 8
 131              		.cfi_offset 4, -8
 132              		.cfi_offset 14, -4
 133 0002 0400     		movs	r4, r0
 134              	.LVL5:
 260:Generated_Source\PSoC4/BTN_ISR.c **** 	uint8 interruptState;
 261:Generated_Source\PSoC4/BTN_ISR.c ****     uint32 priorityOffset = ((BTN_ISR__INTC_NUMBER % 4u) * 8u) + 6u;
 262:Generated_Source\PSoC4/BTN_ISR.c ****     
 263:Generated_Source\PSoC4/BTN_ISR.c **** 	interruptState = CyEnterCriticalSection();
 135              		.loc 1 263 0
 136 0004 FFF7FEFF 		bl	CyEnterCriticalSection
ARM GAS  C:\Users\HELLOK~1\AppData\Local\Temp\ccbdKtT9.s 			page 8


 137              	.LVL6:
 264:Generated_Source\PSoC4/BTN_ISR.c ****     *BTN_ISR_INTC_PRIOR = (*BTN_ISR_INTC_PRIOR & (uint32)(~(uint32)BTN_ISR__INTC_PRIOR_MASK)) |
 138              		.loc 1 264 0
 139 0008 044A     		ldr	r2, .L12
 140 000a 1368     		ldr	r3, [r2]
 141 000c C021     		movs	r1, #192
 142 000e 8B43     		bics	r3, r1
 265:Generated_Source\PSoC4/BTN_ISR.c ****                                     ((uint32)priority << priorityOffset);
 143              		.loc 1 265 0
 144 0010 A401     		lsls	r4, r4, #6
 264:Generated_Source\PSoC4/BTN_ISR.c ****     *BTN_ISR_INTC_PRIOR = (*BTN_ISR_INTC_PRIOR & (uint32)(~(uint32)BTN_ISR__INTC_PRIOR_MASK)) |
 145              		.loc 1 264 0
 146 0012 1C43     		orrs	r4, r3
 147 0014 1460     		str	r4, [r2]
 266:Generated_Source\PSoC4/BTN_ISR.c **** 	CyExitCriticalSection(interruptState);
 148              		.loc 1 266 0
 149 0016 FFF7FEFF 		bl	CyExitCriticalSection
 150              	.LVL7:
 267:Generated_Source\PSoC4/BTN_ISR.c **** }
 151              		.loc 1 267 0
 152              		@ sp needed
 153 001a 10BD     		pop	{r4, pc}
 154              	.L13:
 155              		.align	2
 156              	.L12:
 157 001c 04E400E0 		.word	-536812540
 158              		.cfi_endproc
 159              	.LFE7:
 160              		.size	BTN_ISR_SetPriority, .-BTN_ISR_SetPriority
 161              		.section	.text.BTN_ISR_GetPriority,"ax",%progbits
 162              		.align	2
 163              		.global	BTN_ISR_GetPriority
 164              		.code	16
 165              		.thumb_func
 166              		.type	BTN_ISR_GetPriority, %function
 167              	BTN_ISR_GetPriority:
 168              	.LFB8:
 268:Generated_Source\PSoC4/BTN_ISR.c **** 
 269:Generated_Source\PSoC4/BTN_ISR.c **** 
 270:Generated_Source\PSoC4/BTN_ISR.c **** /*******************************************************************************
 271:Generated_Source\PSoC4/BTN_ISR.c **** * Function Name: BTN_ISR_GetPriority
 272:Generated_Source\PSoC4/BTN_ISR.c **** ********************************************************************************
 273:Generated_Source\PSoC4/BTN_ISR.c **** *
 274:Generated_Source\PSoC4/BTN_ISR.c **** * Summary:
 275:Generated_Source\PSoC4/BTN_ISR.c **** *   Gets the Priority of the Interrupt.
 276:Generated_Source\PSoC4/BTN_ISR.c **** *
 277:Generated_Source\PSoC4/BTN_ISR.c **** * Parameters:
 278:Generated_Source\PSoC4/BTN_ISR.c **** *   None
 279:Generated_Source\PSoC4/BTN_ISR.c **** *
 280:Generated_Source\PSoC4/BTN_ISR.c **** * Return:
 281:Generated_Source\PSoC4/BTN_ISR.c **** *   Priority of the interrupt, 0 being the highest priority
 282:Generated_Source\PSoC4/BTN_ISR.c **** *    PSoC 3 and PSoC 5LP: Priority is from 0 to 7.
 283:Generated_Source\PSoC4/BTN_ISR.c **** *    PSoC 4: Priority is from 0 to 3.
 284:Generated_Source\PSoC4/BTN_ISR.c **** *
 285:Generated_Source\PSoC4/BTN_ISR.c **** *******************************************************************************/
 286:Generated_Source\PSoC4/BTN_ISR.c **** uint8 BTN_ISR_GetPriority(void)
 287:Generated_Source\PSoC4/BTN_ISR.c **** {
ARM GAS  C:\Users\HELLOK~1\AppData\Local\Temp\ccbdKtT9.s 			page 9


 169              		.loc 1 287 0
 170              		.cfi_startproc
 171              		@ args = 0, pretend = 0, frame = 0
 172              		@ frame_needed = 0, uses_anonymous_args = 0
 173              		@ link register save eliminated.
 174              	.LVL8:
 288:Generated_Source\PSoC4/BTN_ISR.c ****     uint32 priority;
 289:Generated_Source\PSoC4/BTN_ISR.c **** 	uint32 priorityOffset = ((BTN_ISR__INTC_NUMBER % 4u) * 8u) + 6u;
 290:Generated_Source\PSoC4/BTN_ISR.c **** 
 291:Generated_Source\PSoC4/BTN_ISR.c ****     priority = (*BTN_ISR_INTC_PRIOR & BTN_ISR__INTC_PRIOR_MASK) >> priorityOffset;
 175              		.loc 1 291 0
 176 0000 024B     		ldr	r3, .L15
 177 0002 1868     		ldr	r0, [r3]
 178 0004 8009     		lsrs	r0, r0, #6
 179              	.LVL9:
 292:Generated_Source\PSoC4/BTN_ISR.c **** 
 293:Generated_Source\PSoC4/BTN_ISR.c ****     return (uint8)priority;
 180              		.loc 1 293 0
 181 0006 0323     		movs	r3, #3
 182 0008 1840     		ands	r0, r3
 183              	.LVL10:
 294:Generated_Source\PSoC4/BTN_ISR.c **** }
 184              		.loc 1 294 0
 185              		@ sp needed
 186 000a 7047     		bx	lr
 187              	.L16:
 188              		.align	2
 189              	.L15:
 190 000c 04E400E0 		.word	-536812540
 191              		.cfi_endproc
 192              	.LFE8:
 193              		.size	BTN_ISR_GetPriority, .-BTN_ISR_GetPriority
 194              		.section	.text.BTN_ISR_Enable,"ax",%progbits
 195              		.align	2
 196              		.global	BTN_ISR_Enable
 197              		.code	16
 198              		.thumb_func
 199              		.type	BTN_ISR_Enable, %function
 200              	BTN_ISR_Enable:
 201              	.LFB9:
 295:Generated_Source\PSoC4/BTN_ISR.c **** 
 296:Generated_Source\PSoC4/BTN_ISR.c **** 
 297:Generated_Source\PSoC4/BTN_ISR.c **** /*******************************************************************************
 298:Generated_Source\PSoC4/BTN_ISR.c **** * Function Name: BTN_ISR_Enable
 299:Generated_Source\PSoC4/BTN_ISR.c **** ********************************************************************************
 300:Generated_Source\PSoC4/BTN_ISR.c **** *
 301:Generated_Source\PSoC4/BTN_ISR.c **** * Summary:
 302:Generated_Source\PSoC4/BTN_ISR.c **** *   Enables the interrupt to the interrupt controller. Do not call this function
 303:Generated_Source\PSoC4/BTN_ISR.c **** *   unless ISR_Start() has been called or the functionality of the ISR_Start() 
 304:Generated_Source\PSoC4/BTN_ISR.c **** *   function, which sets the vector and the priority, has been called.
 305:Generated_Source\PSoC4/BTN_ISR.c **** *
 306:Generated_Source\PSoC4/BTN_ISR.c **** * Parameters:
 307:Generated_Source\PSoC4/BTN_ISR.c **** *   None
 308:Generated_Source\PSoC4/BTN_ISR.c **** *
 309:Generated_Source\PSoC4/BTN_ISR.c **** * Return:
 310:Generated_Source\PSoC4/BTN_ISR.c **** *   None
 311:Generated_Source\PSoC4/BTN_ISR.c **** *
ARM GAS  C:\Users\HELLOK~1\AppData\Local\Temp\ccbdKtT9.s 			page 10


 312:Generated_Source\PSoC4/BTN_ISR.c **** *******************************************************************************/
 313:Generated_Source\PSoC4/BTN_ISR.c **** void BTN_ISR_Enable(void)
 314:Generated_Source\PSoC4/BTN_ISR.c **** {
 202              		.loc 1 314 0
 203              		.cfi_startproc
 204              		@ args = 0, pretend = 0, frame = 0
 205              		@ frame_needed = 0, uses_anonymous_args = 0
 206              		@ link register save eliminated.
 315:Generated_Source\PSoC4/BTN_ISR.c ****     /* Enable the general interrupt. */
 316:Generated_Source\PSoC4/BTN_ISR.c ****     *BTN_ISR_INTC_SET_EN = BTN_ISR__INTC_MASK;
 207              		.loc 1 316 0
 208 0000 1022     		movs	r2, #16
 209 0002 014B     		ldr	r3, .L18
 210 0004 1A60     		str	r2, [r3]
 317:Generated_Source\PSoC4/BTN_ISR.c **** }
 211              		.loc 1 317 0
 212              		@ sp needed
 213 0006 7047     		bx	lr
 214              	.L19:
 215              		.align	2
 216              	.L18:
 217 0008 00E100E0 		.word	-536813312
 218              		.cfi_endproc
 219              	.LFE9:
 220              		.size	BTN_ISR_Enable, .-BTN_ISR_Enable
 221              		.section	.text.BTN_ISR_GetState,"ax",%progbits
 222              		.align	2
 223              		.global	BTN_ISR_GetState
 224              		.code	16
 225              		.thumb_func
 226              		.type	BTN_ISR_GetState, %function
 227              	BTN_ISR_GetState:
 228              	.LFB10:
 318:Generated_Source\PSoC4/BTN_ISR.c **** 
 319:Generated_Source\PSoC4/BTN_ISR.c **** 
 320:Generated_Source\PSoC4/BTN_ISR.c **** /*******************************************************************************
 321:Generated_Source\PSoC4/BTN_ISR.c **** * Function Name: BTN_ISR_GetState
 322:Generated_Source\PSoC4/BTN_ISR.c **** ********************************************************************************
 323:Generated_Source\PSoC4/BTN_ISR.c **** *
 324:Generated_Source\PSoC4/BTN_ISR.c **** * Summary:
 325:Generated_Source\PSoC4/BTN_ISR.c **** *   Gets the state (enabled, disabled) of the Interrupt.
 326:Generated_Source\PSoC4/BTN_ISR.c **** *
 327:Generated_Source\PSoC4/BTN_ISR.c **** * Parameters:
 328:Generated_Source\PSoC4/BTN_ISR.c **** *   None
 329:Generated_Source\PSoC4/BTN_ISR.c **** *
 330:Generated_Source\PSoC4/BTN_ISR.c **** * Return:
 331:Generated_Source\PSoC4/BTN_ISR.c **** *   1 if enabled, 0 if disabled.
 332:Generated_Source\PSoC4/BTN_ISR.c **** *
 333:Generated_Source\PSoC4/BTN_ISR.c **** *******************************************************************************/
 334:Generated_Source\PSoC4/BTN_ISR.c **** uint8 BTN_ISR_GetState(void)
 335:Generated_Source\PSoC4/BTN_ISR.c **** {
 229              		.loc 1 335 0
 230              		.cfi_startproc
 231              		@ args = 0, pretend = 0, frame = 0
 232              		@ frame_needed = 0, uses_anonymous_args = 0
 233              		@ link register save eliminated.
 336:Generated_Source\PSoC4/BTN_ISR.c ****     /* Get the state of the general interrupt. */
ARM GAS  C:\Users\HELLOK~1\AppData\Local\Temp\ccbdKtT9.s 			page 11


 337:Generated_Source\PSoC4/BTN_ISR.c ****     return ((*BTN_ISR_INTC_SET_EN & (uint32)BTN_ISR__INTC_MASK) != 0u) ? 1u:0u;
 234              		.loc 1 337 0
 235 0000 034B     		ldr	r3, .L23
 236 0002 1B68     		ldr	r3, [r3]
 237 0004 DB06     		lsls	r3, r3, #27
 238 0006 01D5     		bpl	.L22
 239 0008 0120     		movs	r0, #1
 240 000a 00E0     		b	.L21
 241              	.L22:
 242 000c 0020     		movs	r0, #0
 243              	.L21:
 338:Generated_Source\PSoC4/BTN_ISR.c **** }
 244              		.loc 1 338 0 discriminator 4
 245              		@ sp needed
 246 000e 7047     		bx	lr
 247              	.L24:
 248              		.align	2
 249              	.L23:
 250 0010 00E100E0 		.word	-536813312
 251              		.cfi_endproc
 252              	.LFE10:
 253              		.size	BTN_ISR_GetState, .-BTN_ISR_GetState
 254              		.section	.text.BTN_ISR_Disable,"ax",%progbits
 255              		.align	2
 256              		.global	BTN_ISR_Disable
 257              		.code	16
 258              		.thumb_func
 259              		.type	BTN_ISR_Disable, %function
 260              	BTN_ISR_Disable:
 261              	.LFB11:
 339:Generated_Source\PSoC4/BTN_ISR.c **** 
 340:Generated_Source\PSoC4/BTN_ISR.c **** 
 341:Generated_Source\PSoC4/BTN_ISR.c **** /*******************************************************************************
 342:Generated_Source\PSoC4/BTN_ISR.c **** * Function Name: BTN_ISR_Disable
 343:Generated_Source\PSoC4/BTN_ISR.c **** ********************************************************************************
 344:Generated_Source\PSoC4/BTN_ISR.c **** *
 345:Generated_Source\PSoC4/BTN_ISR.c **** * Summary:
 346:Generated_Source\PSoC4/BTN_ISR.c **** *   Disables the Interrupt in the interrupt controller.
 347:Generated_Source\PSoC4/BTN_ISR.c **** *
 348:Generated_Source\PSoC4/BTN_ISR.c **** * Parameters:
 349:Generated_Source\PSoC4/BTN_ISR.c **** *   None
 350:Generated_Source\PSoC4/BTN_ISR.c **** *
 351:Generated_Source\PSoC4/BTN_ISR.c **** * Return:
 352:Generated_Source\PSoC4/BTN_ISR.c **** *   None
 353:Generated_Source\PSoC4/BTN_ISR.c **** *
 354:Generated_Source\PSoC4/BTN_ISR.c **** *******************************************************************************/
 355:Generated_Source\PSoC4/BTN_ISR.c **** void BTN_ISR_Disable(void)
 356:Generated_Source\PSoC4/BTN_ISR.c **** {
 262              		.loc 1 356 0
 263              		.cfi_startproc
 264              		@ args = 0, pretend = 0, frame = 0
 265              		@ frame_needed = 0, uses_anonymous_args = 0
 266              		@ link register save eliminated.
 357:Generated_Source\PSoC4/BTN_ISR.c ****     /* Disable the general interrupt. */
 358:Generated_Source\PSoC4/BTN_ISR.c ****     *BTN_ISR_INTC_CLR_EN = BTN_ISR__INTC_MASK;
 267              		.loc 1 358 0
 268 0000 1022     		movs	r2, #16
ARM GAS  C:\Users\HELLOK~1\AppData\Local\Temp\ccbdKtT9.s 			page 12


 269 0002 014B     		ldr	r3, .L26
 270 0004 1A60     		str	r2, [r3]
 359:Generated_Source\PSoC4/BTN_ISR.c **** }
 271              		.loc 1 359 0
 272              		@ sp needed
 273 0006 7047     		bx	lr
 274              	.L27:
 275              		.align	2
 276              	.L26:
 277 0008 80E100E0 		.word	-536813184
 278              		.cfi_endproc
 279              	.LFE11:
 280              		.size	BTN_ISR_Disable, .-BTN_ISR_Disable
 281              		.section	.text.BTN_ISR_Start,"ax",%progbits
 282              		.align	2
 283              		.global	BTN_ISR_Start
 284              		.code	16
 285              		.thumb_func
 286              		.type	BTN_ISR_Start, %function
 287              	BTN_ISR_Start:
 288              	.LFB1:
  58:Generated_Source\PSoC4/BTN_ISR.c ****     /* For all we know the interrupt is active. */
 289              		.loc 1 58 0
 290              		.cfi_startproc
 291              		@ args = 0, pretend = 0, frame = 0
 292              		@ frame_needed = 0, uses_anonymous_args = 0
 293 0000 10B5     		push	{r4, lr}
 294              		.cfi_def_cfa_offset 8
 295              		.cfi_offset 4, -8
 296              		.cfi_offset 14, -4
  60:Generated_Source\PSoC4/BTN_ISR.c **** 
 297              		.loc 1 60 0
 298 0002 FFF7FEFF 		bl	BTN_ISR_Disable
 299              	.LVL11:
  63:Generated_Source\PSoC4/BTN_ISR.c **** 
 300              		.loc 1 63 0
 301 0006 0448     		ldr	r0, .L29
 302 0008 FFF7FEFF 		bl	BTN_ISR_SetVector
 303              	.LVL12:
  66:Generated_Source\PSoC4/BTN_ISR.c **** 
 304              		.loc 1 66 0
 305 000c 0320     		movs	r0, #3
 306 000e FFF7FEFF 		bl	BTN_ISR_SetPriority
 307              	.LVL13:
  69:Generated_Source\PSoC4/BTN_ISR.c **** }
 308              		.loc 1 69 0
 309 0012 FFF7FEFF 		bl	BTN_ISR_Enable
 310              	.LVL14:
  70:Generated_Source\PSoC4/BTN_ISR.c **** 
 311              		.loc 1 70 0
 312              		@ sp needed
 313 0016 10BD     		pop	{r4, pc}
 314              	.L30:
 315              		.align	2
 316              	.L29:
 317 0018 00000000 		.word	BTN_ISR_Interrupt
 318              		.cfi_endproc
ARM GAS  C:\Users\HELLOK~1\AppData\Local\Temp\ccbdKtT9.s 			page 13


 319              	.LFE1:
 320              		.size	BTN_ISR_Start, .-BTN_ISR_Start
 321              		.section	.text.BTN_ISR_StartEx,"ax",%progbits
 322              		.align	2
 323              		.global	BTN_ISR_StartEx
 324              		.code	16
 325              		.thumb_func
 326              		.type	BTN_ISR_StartEx, %function
 327              	BTN_ISR_StartEx:
 328              	.LFB2:
 101:Generated_Source\PSoC4/BTN_ISR.c ****     /* For all we know the interrupt is active. */
 329              		.loc 1 101 0
 330              		.cfi_startproc
 331              		@ args = 0, pretend = 0, frame = 0
 332              		@ frame_needed = 0, uses_anonymous_args = 0
 333              	.LVL15:
 334 0000 10B5     		push	{r4, lr}
 335              		.cfi_def_cfa_offset 8
 336              		.cfi_offset 4, -8
 337              		.cfi_offset 14, -4
 338 0002 0400     		movs	r4, r0
 103:Generated_Source\PSoC4/BTN_ISR.c **** 
 339              		.loc 1 103 0
 340 0004 FFF7FEFF 		bl	BTN_ISR_Disable
 341              	.LVL16:
 106:Generated_Source\PSoC4/BTN_ISR.c **** 
 342              		.loc 1 106 0
 343 0008 2000     		movs	r0, r4
 344 000a FFF7FEFF 		bl	BTN_ISR_SetVector
 345              	.LVL17:
 109:Generated_Source\PSoC4/BTN_ISR.c **** 
 346              		.loc 1 109 0
 347 000e 0320     		movs	r0, #3
 348 0010 FFF7FEFF 		bl	BTN_ISR_SetPriority
 349              	.LVL18:
 112:Generated_Source\PSoC4/BTN_ISR.c **** }
 350              		.loc 1 112 0
 351 0014 FFF7FEFF 		bl	BTN_ISR_Enable
 352              	.LVL19:
 113:Generated_Source\PSoC4/BTN_ISR.c **** 
 353              		.loc 1 113 0
 354              		@ sp needed
 355              	.LVL20:
 356 0018 10BD     		pop	{r4, pc}
 357              		.cfi_endproc
 358              	.LFE2:
 359              		.size	BTN_ISR_StartEx, .-BTN_ISR_StartEx
 360 001a C046     		.section	.text.BTN_ISR_Stop,"ax",%progbits
 361              		.align	2
 362              		.global	BTN_ISR_Stop
 363              		.code	16
 364              		.thumb_func
 365              		.type	BTN_ISR_Stop, %function
 366              	BTN_ISR_Stop:
 367              	.LFB3:
 131:Generated_Source\PSoC4/BTN_ISR.c ****     /* Disable this interrupt. */
 368              		.loc 1 131 0
ARM GAS  C:\Users\HELLOK~1\AppData\Local\Temp\ccbdKtT9.s 			page 14


 369              		.cfi_startproc
 370              		@ args = 0, pretend = 0, frame = 0
 371              		@ frame_needed = 0, uses_anonymous_args = 0
 372 0000 10B5     		push	{r4, lr}
 373              		.cfi_def_cfa_offset 8
 374              		.cfi_offset 4, -8
 375              		.cfi_offset 14, -4
 133:Generated_Source\PSoC4/BTN_ISR.c **** 
 376              		.loc 1 133 0
 377 0002 FFF7FEFF 		bl	BTN_ISR_Disable
 378              	.LVL21:
 136:Generated_Source\PSoC4/BTN_ISR.c **** }
 379              		.loc 1 136 0
 380 0006 0248     		ldr	r0, .L33
 381 0008 FFF7FEFF 		bl	BTN_ISR_SetVector
 382              	.LVL22:
 137:Generated_Source\PSoC4/BTN_ISR.c **** 
 383              		.loc 1 137 0
 384              		@ sp needed
 385 000c 10BD     		pop	{r4, pc}
 386              	.L34:
 387 000e C046     		.align	2
 388              	.L33:
 389 0010 00000000 		.word	IntDefaultHandler
 390              		.cfi_endproc
 391              	.LFE3:
 392              		.size	BTN_ISR_Stop, .-BTN_ISR_Stop
 393              		.section	.text.BTN_ISR_SetPending,"ax",%progbits
 394              		.align	2
 395              		.global	BTN_ISR_SetPending
 396              		.code	16
 397              		.thumb_func
 398              		.type	BTN_ISR_SetPending, %function
 399              	BTN_ISR_SetPending:
 400              	.LFB12:
 360:Generated_Source\PSoC4/BTN_ISR.c **** 
 361:Generated_Source\PSoC4/BTN_ISR.c **** 
 362:Generated_Source\PSoC4/BTN_ISR.c **** /*******************************************************************************
 363:Generated_Source\PSoC4/BTN_ISR.c **** * Function Name: BTN_ISR_SetPending
 364:Generated_Source\PSoC4/BTN_ISR.c **** ********************************************************************************
 365:Generated_Source\PSoC4/BTN_ISR.c **** *
 366:Generated_Source\PSoC4/BTN_ISR.c **** * Summary:
 367:Generated_Source\PSoC4/BTN_ISR.c **** *   Causes the Interrupt to enter the pending state, a software method of
 368:Generated_Source\PSoC4/BTN_ISR.c **** *   generating the interrupt.
 369:Generated_Source\PSoC4/BTN_ISR.c **** *
 370:Generated_Source\PSoC4/BTN_ISR.c **** * Parameters:
 371:Generated_Source\PSoC4/BTN_ISR.c **** *   None
 372:Generated_Source\PSoC4/BTN_ISR.c **** *
 373:Generated_Source\PSoC4/BTN_ISR.c **** * Return:
 374:Generated_Source\PSoC4/BTN_ISR.c **** *   None
 375:Generated_Source\PSoC4/BTN_ISR.c **** *
 376:Generated_Source\PSoC4/BTN_ISR.c **** * Side Effects:
 377:Generated_Source\PSoC4/BTN_ISR.c **** *   If interrupts are enabled and the interrupt is set up properly, the ISR is
 378:Generated_Source\PSoC4/BTN_ISR.c **** *   entered (depending on the priority of this interrupt and other pending 
 379:Generated_Source\PSoC4/BTN_ISR.c **** *   interrupts).
 380:Generated_Source\PSoC4/BTN_ISR.c **** *
 381:Generated_Source\PSoC4/BTN_ISR.c **** *******************************************************************************/
ARM GAS  C:\Users\HELLOK~1\AppData\Local\Temp\ccbdKtT9.s 			page 15


 382:Generated_Source\PSoC4/BTN_ISR.c **** void BTN_ISR_SetPending(void)
 383:Generated_Source\PSoC4/BTN_ISR.c **** {
 401              		.loc 1 383 0
 402              		.cfi_startproc
 403              		@ args = 0, pretend = 0, frame = 0
 404              		@ frame_needed = 0, uses_anonymous_args = 0
 405              		@ link register save eliminated.
 384:Generated_Source\PSoC4/BTN_ISR.c ****     *BTN_ISR_INTC_SET_PD = BTN_ISR__INTC_MASK;
 406              		.loc 1 384 0
 407 0000 1022     		movs	r2, #16
 408 0002 014B     		ldr	r3, .L36
 409 0004 1A60     		str	r2, [r3]
 385:Generated_Source\PSoC4/BTN_ISR.c **** }
 410              		.loc 1 385 0
 411              		@ sp needed
 412 0006 7047     		bx	lr
 413              	.L37:
 414              		.align	2
 415              	.L36:
 416 0008 00E200E0 		.word	-536813056
 417              		.cfi_endproc
 418              	.LFE12:
 419              		.size	BTN_ISR_SetPending, .-BTN_ISR_SetPending
 420              		.section	.text.BTN_ISR_ClearPending,"ax",%progbits
 421              		.align	2
 422              		.global	BTN_ISR_ClearPending
 423              		.code	16
 424              		.thumb_func
 425              		.type	BTN_ISR_ClearPending, %function
 426              	BTN_ISR_ClearPending:
 427              	.LFB13:
 386:Generated_Source\PSoC4/BTN_ISR.c **** 
 387:Generated_Source\PSoC4/BTN_ISR.c **** 
 388:Generated_Source\PSoC4/BTN_ISR.c **** /*******************************************************************************
 389:Generated_Source\PSoC4/BTN_ISR.c **** * Function Name: BTN_ISR_ClearPending
 390:Generated_Source\PSoC4/BTN_ISR.c **** ********************************************************************************
 391:Generated_Source\PSoC4/BTN_ISR.c **** *
 392:Generated_Source\PSoC4/BTN_ISR.c **** * Summary:
 393:Generated_Source\PSoC4/BTN_ISR.c **** *   Clears a pending interrupt in the interrupt controller.
 394:Generated_Source\PSoC4/BTN_ISR.c **** *
 395:Generated_Source\PSoC4/BTN_ISR.c **** *   Note Some interrupt sources are clear-on-read and require the block 
 396:Generated_Source\PSoC4/BTN_ISR.c **** *   interrupt/status register to be read/cleared with the appropriate block API 
 397:Generated_Source\PSoC4/BTN_ISR.c **** *   (GPIO, UART, and so on). Otherwise the ISR will continue to remain in 
 398:Generated_Source\PSoC4/BTN_ISR.c **** *   pending state even though the interrupt itself is cleared using this API.
 399:Generated_Source\PSoC4/BTN_ISR.c **** *
 400:Generated_Source\PSoC4/BTN_ISR.c **** * Parameters:
 401:Generated_Source\PSoC4/BTN_ISR.c **** *   None
 402:Generated_Source\PSoC4/BTN_ISR.c **** *
 403:Generated_Source\PSoC4/BTN_ISR.c **** * Return:
 404:Generated_Source\PSoC4/BTN_ISR.c **** *   None
 405:Generated_Source\PSoC4/BTN_ISR.c **** *
 406:Generated_Source\PSoC4/BTN_ISR.c **** *******************************************************************************/
 407:Generated_Source\PSoC4/BTN_ISR.c **** void BTN_ISR_ClearPending(void)
 408:Generated_Source\PSoC4/BTN_ISR.c **** {
 428              		.loc 1 408 0
 429              		.cfi_startproc
 430              		@ args = 0, pretend = 0, frame = 0
ARM GAS  C:\Users\HELLOK~1\AppData\Local\Temp\ccbdKtT9.s 			page 16


 431              		@ frame_needed = 0, uses_anonymous_args = 0
 432              		@ link register save eliminated.
 409:Generated_Source\PSoC4/BTN_ISR.c ****     *BTN_ISR_INTC_CLR_PD = BTN_ISR__INTC_MASK;
 433              		.loc 1 409 0
 434 0000 1022     		movs	r2, #16
 435 0002 014B     		ldr	r3, .L39
 436 0004 1A60     		str	r2, [r3]
 410:Generated_Source\PSoC4/BTN_ISR.c **** }
 437              		.loc 1 410 0
 438              		@ sp needed
 439 0006 7047     		bx	lr
 440              	.L40:
 441              		.align	2
 442              	.L39:
 443 0008 80E200E0 		.word	-536812928
 444              		.cfi_endproc
 445              	.LFE13:
 446              		.size	BTN_ISR_ClearPending, .-BTN_ISR_ClearPending
 447              		.text
 448              	.Letext0:
 449              		.file 2 "Generated_Source\\PSoC4/cytypes.h"
 450              		.file 3 "Generated_Source\\PSoC4/CyLib.h"
 451              		.file 4 "Generated_Source\\PSoC4\\BTN.h"
 452              		.section	.debug_info,"",%progbits
 453              	.Ldebug_info0:
 454 0000 61030000 		.4byte	0x361
 455 0004 0400     		.2byte	0x4
 456 0006 00000000 		.4byte	.Ldebug_abbrev0
 457 000a 04       		.byte	0x4
 458 000b 01       		.uleb128 0x1
 459 000c C8010000 		.4byte	.LASF41
 460 0010 0C       		.byte	0xc
 461 0011 16000000 		.4byte	.LASF42
 462 0015 89020000 		.4byte	.LASF43
 463 0019 00000000 		.4byte	.Ldebug_ranges0+0
 464 001d 00000000 		.4byte	0
 465 0021 00000000 		.4byte	.Ldebug_line0
 466 0025 02       		.uleb128 0x2
 467 0026 01       		.byte	0x1
 468 0027 06       		.byte	0x6
 469 0028 58030000 		.4byte	.LASF0
 470 002c 02       		.uleb128 0x2
 471 002d 01       		.byte	0x1
 472 002e 08       		.byte	0x8
 473 002f BB000000 		.4byte	.LASF1
 474 0033 02       		.uleb128 0x2
 475 0034 02       		.byte	0x2
 476 0035 05       		.byte	0x5
 477 0036 0D030000 		.4byte	.LASF2
 478 003a 02       		.uleb128 0x2
 479 003b 02       		.byte	0x2
 480 003c 07       		.byte	0x7
 481 003d 4D000000 		.4byte	.LASF3
 482 0041 02       		.uleb128 0x2
 483 0042 04       		.byte	0x4
 484 0043 05       		.byte	0x5
 485 0044 44000000 		.4byte	.LASF4
ARM GAS  C:\Users\HELLOK~1\AppData\Local\Temp\ccbdKtT9.s 			page 17


 486 0048 02       		.uleb128 0x2
 487 0049 04       		.byte	0x4
 488 004a 07       		.byte	0x7
 489 004b D8000000 		.4byte	.LASF5
 490 004f 02       		.uleb128 0x2
 491 0050 08       		.byte	0x8
 492 0051 05       		.byte	0x5
 493 0052 68020000 		.4byte	.LASF6
 494 0056 02       		.uleb128 0x2
 495 0057 08       		.byte	0x8
 496 0058 07       		.byte	0x7
 497 0059 A4000000 		.4byte	.LASF7
 498 005d 03       		.uleb128 0x3
 499 005e 04       		.byte	0x4
 500 005f 05       		.byte	0x5
 501 0060 696E7400 		.ascii	"int\000"
 502 0064 02       		.uleb128 0x2
 503 0065 04       		.byte	0x4
 504 0066 07       		.byte	0x7
 505 0067 6B010000 		.4byte	.LASF8
 506 006b 04       		.uleb128 0x4
 507 006c EA000000 		.4byte	.LASF9
 508 0070 02       		.byte	0x2
 509 0071 E701     		.2byte	0x1e7
 510 0073 2C000000 		.4byte	0x2c
 511 0077 04       		.uleb128 0x4
 512 0078 4D010000 		.4byte	.LASF10
 513 007c 02       		.byte	0x2
 514 007d E901     		.2byte	0x1e9
 515 007f 48000000 		.4byte	0x48
 516 0083 02       		.uleb128 0x2
 517 0084 04       		.byte	0x4
 518 0085 04       		.byte	0x4
 519 0086 9E000000 		.4byte	.LASF11
 520 008a 02       		.uleb128 0x2
 521 008b 08       		.byte	0x8
 522 008c 04       		.byte	0x4
 523 008d 06010000 		.4byte	.LASF12
 524 0091 02       		.uleb128 0x2
 525 0092 01       		.byte	0x1
 526 0093 08       		.byte	0x8
 527 0094 84020000 		.4byte	.LASF13
 528 0098 04       		.uleb128 0x4
 529 0099 10000000 		.4byte	.LASF14
 530 009d 02       		.byte	0x2
 531 009e 9302     		.2byte	0x293
 532 00a0 A4000000 		.4byte	0xa4
 533 00a4 05       		.uleb128 0x5
 534 00a5 77000000 		.4byte	0x77
 535 00a9 04       		.uleb128 0x4
 536 00aa BB010000 		.4byte	.LASF15
 537 00ae 02       		.byte	0x2
 538 00af A302     		.2byte	0x2a3
 539 00b1 B5000000 		.4byte	0xb5
 540 00b5 06       		.uleb128 0x6
 541 00b6 04       		.byte	0x4
 542 00b7 BB000000 		.4byte	0xbb
ARM GAS  C:\Users\HELLOK~1\AppData\Local\Temp\ccbdKtT9.s 			page 18


 543 00bb 07       		.uleb128 0x7
 544 00bc 02       		.uleb128 0x2
 545 00bd 08       		.byte	0x8
 546 00be 04       		.byte	0x4
 547 00bf 4C030000 		.4byte	.LASF16
 548 00c3 02       		.uleb128 0x2
 549 00c4 04       		.byte	0x4
 550 00c5 07       		.byte	0x7
 551 00c6 56020000 		.4byte	.LASF17
 552 00ca 08       		.uleb128 0x8
 553 00cb 96010000 		.4byte	.LASF18
 554 00cf 01       		.byte	0x1
 555 00d0 A0       		.byte	0xa0
 556 00d1 00000000 		.4byte	.LFB4
 557 00d5 20000000 		.4byte	.LFE4-.LFB4
 558 00d9 01       		.uleb128 0x1
 559 00da 9C       		.byte	0x9c
 560 00db 06010000 		.4byte	0x106
 561 00df 09       		.uleb128 0x9
 562 00e0 08000000 		.4byte	.LVL0
 563 00e4 2D030000 		.4byte	0x32d
 564 00e8 F3000000 		.4byte	0xf3
 565 00ec 0A       		.uleb128 0xa
 566 00ed 01       		.uleb128 0x1
 567 00ee 50       		.byte	0x50
 568 00ef 02       		.uleb128 0x2
 569 00f0 08       		.byte	0x8
 570 00f1 64       		.byte	0x64
 571 00f2 00       		.byte	0
 572 00f3 0B       		.uleb128 0xb
 573 00f4 0C000000 		.4byte	.LVL1
 574 00f8 38030000 		.4byte	0x338
 575 00fc 0B       		.uleb128 0xb
 576 00fd 1A000000 		.4byte	.LVL2
 577 0101 43030000 		.4byte	0x343
 578 0105 00       		.byte	0
 579 0106 08       		.uleb128 0x8
 580 0107 31010000 		.4byte	.LASF19
 581 010b 01       		.byte	0x1
 582 010c D0       		.byte	0xd0
 583 010d 00000000 		.4byte	.LFB5
 584 0111 0C000000 		.4byte	.LFE5-.LFB5
 585 0115 01       		.uleb128 0x1
 586 0116 9C       		.byte	0x9c
 587 0117 29010000 		.4byte	0x129
 588 011b 0C       		.uleb128 0xc
 589 011c 78010000 		.4byte	.LASF21
 590 0120 01       		.byte	0x1
 591 0121 D0       		.byte	0xd0
 592 0122 A9000000 		.4byte	0xa9
 593 0126 01       		.uleb128 0x1
 594 0127 50       		.byte	0x50
 595 0128 00       		.byte	0
 596 0129 0D       		.uleb128 0xd
 597 012a 26030000 		.4byte	.LASF25
 598 012e 01       		.byte	0x1
 599 012f E4       		.byte	0xe4
ARM GAS  C:\Users\HELLOK~1\AppData\Local\Temp\ccbdKtT9.s 			page 19


 600 0130 A9000000 		.4byte	0xa9
 601 0134 00000000 		.4byte	.LFB6
 602 0138 0C000000 		.4byte	.LFE6-.LFB6
 603 013c 01       		.uleb128 0x1
 604 013d 9C       		.byte	0x9c
 605 013e 0E       		.uleb128 0xe
 606 013f 70000000 		.4byte	.LASF20
 607 0143 01       		.byte	0x1
 608 0144 0201     		.2byte	0x102
 609 0146 00000000 		.4byte	.LFB7
 610 014a 20000000 		.4byte	.LFE7-.LFB7
 611 014e 01       		.uleb128 0x1
 612 014f 9C       		.byte	0x9c
 613 0150 94010000 		.4byte	0x194
 614 0154 0F       		.uleb128 0xf
 615 0155 FD000000 		.4byte	.LASF22
 616 0159 01       		.byte	0x1
 617 015a 0201     		.2byte	0x102
 618 015c 6B000000 		.4byte	0x6b
 619 0160 00000000 		.4byte	.LLST0
 620 0164 10       		.uleb128 0x10
 621 0165 C9000000 		.4byte	.LASF23
 622 0169 01       		.byte	0x1
 623 016a 0401     		.2byte	0x104
 624 016c 6B000000 		.4byte	0x6b
 625 0170 21000000 		.4byte	.LLST1
 626 0174 11       		.uleb128 0x11
 627 0175 17030000 		.4byte	.LASF24
 628 0179 01       		.byte	0x1
 629 017a 0501     		.2byte	0x105
 630 017c 77000000 		.4byte	0x77
 631 0180 06       		.byte	0x6
 632 0181 0B       		.uleb128 0xb
 633 0182 08000000 		.4byte	.LVL6
 634 0186 4E030000 		.4byte	0x34e
 635 018a 0B       		.uleb128 0xb
 636 018b 1A000000 		.4byte	.LVL7
 637 018f 59030000 		.4byte	0x359
 638 0193 00       		.byte	0
 639 0194 12       		.uleb128 0x12
 640 0195 38030000 		.4byte	.LASF44
 641 0199 01       		.byte	0x1
 642 019a 1E01     		.2byte	0x11e
 643 019c 6B000000 		.4byte	0x6b
 644 01a0 00000000 		.4byte	.LFB8
 645 01a4 10000000 		.4byte	.LFE8-.LFB8
 646 01a8 01       		.uleb128 0x1
 647 01a9 9C       		.byte	0x9c
 648 01aa CC010000 		.4byte	0x1cc
 649 01ae 10       		.uleb128 0x10
 650 01af FD000000 		.4byte	.LASF22
 651 01b3 01       		.byte	0x1
 652 01b4 2001     		.2byte	0x120
 653 01b6 77000000 		.4byte	0x77
 654 01ba 34000000 		.4byte	.LLST2
 655 01be 11       		.uleb128 0x11
 656 01bf 17030000 		.4byte	.LASF24
ARM GAS  C:\Users\HELLOK~1\AppData\Local\Temp\ccbdKtT9.s 			page 20


 657 01c3 01       		.byte	0x1
 658 01c4 2101     		.2byte	0x121
 659 01c6 77000000 		.4byte	0x77
 660 01ca 06       		.byte	0x6
 661 01cb 00       		.byte	0
 662 01cc 13       		.uleb128 0x13
 663 01cd 0D010000 		.4byte	.LASF27
 664 01d1 01       		.byte	0x1
 665 01d2 3901     		.2byte	0x139
 666 01d4 00000000 		.4byte	.LFB9
 667 01d8 0C000000 		.4byte	.LFE9-.LFB9
 668 01dc 01       		.uleb128 0x1
 669 01dd 9C       		.byte	0x9c
 670 01de 14       		.uleb128 0x14
 671 01df 8D000000 		.4byte	.LASF26
 672 01e3 01       		.byte	0x1
 673 01e4 4E01     		.2byte	0x14e
 674 01e6 6B000000 		.4byte	0x6b
 675 01ea 00000000 		.4byte	.LFB10
 676 01ee 14000000 		.4byte	.LFE10-.LFB10
 677 01f2 01       		.uleb128 0x1
 678 01f3 9C       		.byte	0x9c
 679 01f4 13       		.uleb128 0x13
 680 01f5 60000000 		.4byte	.LASF28
 681 01f9 01       		.byte	0x1
 682 01fa 6301     		.2byte	0x163
 683 01fc 00000000 		.4byte	.LFB11
 684 0200 0C000000 		.4byte	.LFE11-.LFB11
 685 0204 01       		.uleb128 0x1
 686 0205 9C       		.byte	0x9c
 687 0206 08       		.uleb128 0x8
 688 0207 76020000 		.4byte	.LASF29
 689 020b 01       		.byte	0x1
 690 020c 39       		.byte	0x39
 691 020d 00000000 		.4byte	.LFB1
 692 0211 1C000000 		.4byte	.LFE1-.LFB1
 693 0215 01       		.uleb128 0x1
 694 0216 9C       		.byte	0x9c
 695 0217 58020000 		.4byte	0x258
 696 021b 0B       		.uleb128 0xb
 697 021c 06000000 		.4byte	.LVL11
 698 0220 F4010000 		.4byte	0x1f4
 699 0224 09       		.uleb128 0x9
 700 0225 0C000000 		.4byte	.LVL12
 701 0229 06010000 		.4byte	0x106
 702 022d 3B020000 		.4byte	0x23b
 703 0231 0A       		.uleb128 0xa
 704 0232 01       		.uleb128 0x1
 705 0233 50       		.byte	0x50
 706 0234 05       		.uleb128 0x5
 707 0235 03       		.byte	0x3
 708 0236 00000000 		.4byte	BTN_ISR_Interrupt
 709 023a 00       		.byte	0
 710 023b 09       		.uleb128 0x9
 711 023c 12000000 		.4byte	.LVL13
 712 0240 3E010000 		.4byte	0x13e
 713 0244 4E020000 		.4byte	0x24e
ARM GAS  C:\Users\HELLOK~1\AppData\Local\Temp\ccbdKtT9.s 			page 21


 714 0248 0A       		.uleb128 0xa
 715 0249 01       		.uleb128 0x1
 716 024a 50       		.byte	0x50
 717 024b 01       		.uleb128 0x1
 718 024c 33       		.byte	0x33
 719 024d 00       		.byte	0
 720 024e 0B       		.uleb128 0xb
 721 024f 16000000 		.4byte	.LVL14
 722 0253 CC010000 		.4byte	0x1cc
 723 0257 00       		.byte	0
 724 0258 08       		.uleb128 0x8
 725 0259 00000000 		.4byte	.LASF30
 726 025d 01       		.byte	0x1
 727 025e 64       		.byte	0x64
 728 025f 00000000 		.4byte	.LFB2
 729 0263 1A000000 		.4byte	.LFE2-.LFB2
 730 0267 01       		.uleb128 0x1
 731 0268 9C       		.byte	0x9c
 732 0269 B6020000 		.4byte	0x2b6
 733 026d 15       		.uleb128 0x15
 734 026e 78010000 		.4byte	.LASF21
 735 0272 01       		.byte	0x1
 736 0273 64       		.byte	0x64
 737 0274 A9000000 		.4byte	0xa9
 738 0278 56000000 		.4byte	.LLST3
 739 027c 0B       		.uleb128 0xb
 740 027d 08000000 		.4byte	.LVL16
 741 0281 F4010000 		.4byte	0x1f4
 742 0285 09       		.uleb128 0x9
 743 0286 0E000000 		.4byte	.LVL17
 744 028a 06010000 		.4byte	0x106
 745 028e 99020000 		.4byte	0x299
 746 0292 0A       		.uleb128 0xa
 747 0293 01       		.uleb128 0x1
 748 0294 50       		.byte	0x50
 749 0295 02       		.uleb128 0x2
 750 0296 74       		.byte	0x74
 751 0297 00       		.sleb128 0
 752 0298 00       		.byte	0
 753 0299 09       		.uleb128 0x9
 754 029a 14000000 		.4byte	.LVL18
 755 029e 3E010000 		.4byte	0x13e
 756 02a2 AC020000 		.4byte	0x2ac
 757 02a6 0A       		.uleb128 0xa
 758 02a7 01       		.uleb128 0x1
 759 02a8 50       		.byte	0x50
 760 02a9 01       		.uleb128 0x1
 761 02aa 33       		.byte	0x33
 762 02ab 00       		.byte	0
 763 02ac 0B       		.uleb128 0xb
 764 02ad 18000000 		.4byte	.LVL19
 765 02b1 CC010000 		.4byte	0x1cc
 766 02b5 00       		.byte	0
 767 02b6 08       		.uleb128 0x8
 768 02b7 F0000000 		.4byte	.LASF31
 769 02bb 01       		.byte	0x1
 770 02bc 82       		.byte	0x82
ARM GAS  C:\Users\HELLOK~1\AppData\Local\Temp\ccbdKtT9.s 			page 22


 771 02bd 00000000 		.4byte	.LFB3
 772 02c1 14000000 		.4byte	.LFE3-.LFB3
 773 02c5 01       		.uleb128 0x1
 774 02c6 9C       		.byte	0x9c
 775 02c7 DE020000 		.4byte	0x2de
 776 02cb 0B       		.uleb128 0xb
 777 02cc 06000000 		.4byte	.LVL21
 778 02d0 F4010000 		.4byte	0x1f4
 779 02d4 0B       		.uleb128 0xb
 780 02d5 0C000000 		.4byte	.LVL22
 781 02d9 06010000 		.4byte	0x106
 782 02dd 00       		.byte	0
 783 02de 13       		.uleb128 0x13
 784 02df A8010000 		.4byte	.LASF32
 785 02e3 01       		.byte	0x1
 786 02e4 7E01     		.2byte	0x17e
 787 02e6 00000000 		.4byte	.LFB12
 788 02ea 0C000000 		.4byte	.LFE12-.LFB12
 789 02ee 01       		.uleb128 0x1
 790 02ef 9C       		.byte	0x9c
 791 02f0 13       		.uleb128 0x13
 792 02f1 1C010000 		.4byte	.LASF33
 793 02f5 01       		.byte	0x1
 794 02f6 9701     		.2byte	0x197
 795 02f8 00000000 		.4byte	.LFB13
 796 02fc 0C000000 		.4byte	.LFE13-.LFB13
 797 0300 01       		.uleb128 0x1
 798 0301 9C       		.byte	0x9c
 799 0302 16       		.uleb128 0x16
 800 0303 84000000 		.4byte	.LASF34
 801 0307 01       		.byte	0x1
 802 0308 1F       		.byte	0x1f
 803 0309 0D030000 		.4byte	0x30d
 804 030d 05       		.uleb128 0x5
 805 030e 5D000000 		.4byte	0x5d
 806 0312 17       		.uleb128 0x17
 807 0313 A9000000 		.4byte	0xa9
 808 0317 22030000 		.4byte	0x322
 809 031b 18       		.uleb128 0x18
 810 031c C3000000 		.4byte	0xc3
 811 0320 2F       		.byte	0x2f
 812 0321 00       		.byte	0
 813 0322 16       		.uleb128 0x16
 814 0323 37000000 		.4byte	.LASF35
 815 0327 01       		.byte	0x1
 816 0328 22       		.byte	0x22
 817 0329 12030000 		.4byte	0x312
 818 032d 19       		.uleb128 0x19
 819 032e 43010000 		.4byte	.LASF36
 820 0332 43010000 		.4byte	.LASF36
 821 0336 03       		.byte	0x3
 822 0337 DA       		.byte	0xda
 823 0338 19       		.uleb128 0x19
 824 0339 5F020000 		.4byte	.LASF37
 825 033d 5F020000 		.4byte	.LASF37
 826 0341 04       		.byte	0x4
 827 0342 32       		.byte	0x32
ARM GAS  C:\Users\HELLOK~1\AppData\Local\Temp\ccbdKtT9.s 			page 23


 828 0343 19       		.uleb128 0x19
 829 0344 64030000 		.4byte	.LASF38
 830 0348 64030000 		.4byte	.LASF38
 831 034c 04       		.byte	0x4
 832 034d 39       		.byte	0x39
 833 034e 19       		.uleb128 0x19
 834 034f 54010000 		.4byte	.LASF39
 835 0353 54010000 		.4byte	.LASF39
 836 0357 03       		.byte	0x3
 837 0358 E5       		.byte	0xe5
 838 0359 19       		.uleb128 0x19
 839 035a 80010000 		.4byte	.LASF40
 840 035e 80010000 		.4byte	.LASF40
 841 0362 03       		.byte	0x3
 842 0363 E6       		.byte	0xe6
 843 0364 00       		.byte	0
 844              		.section	.debug_abbrev,"",%progbits
 845              	.Ldebug_abbrev0:
 846 0000 01       		.uleb128 0x1
 847 0001 11       		.uleb128 0x11
 848 0002 01       		.byte	0x1
 849 0003 25       		.uleb128 0x25
 850 0004 0E       		.uleb128 0xe
 851 0005 13       		.uleb128 0x13
 852 0006 0B       		.uleb128 0xb
 853 0007 03       		.uleb128 0x3
 854 0008 0E       		.uleb128 0xe
 855 0009 1B       		.uleb128 0x1b
 856 000a 0E       		.uleb128 0xe
 857 000b 55       		.uleb128 0x55
 858 000c 17       		.uleb128 0x17
 859 000d 11       		.uleb128 0x11
 860 000e 01       		.uleb128 0x1
 861 000f 10       		.uleb128 0x10
 862 0010 17       		.uleb128 0x17
 863 0011 00       		.byte	0
 864 0012 00       		.byte	0
 865 0013 02       		.uleb128 0x2
 866 0014 24       		.uleb128 0x24
 867 0015 00       		.byte	0
 868 0016 0B       		.uleb128 0xb
 869 0017 0B       		.uleb128 0xb
 870 0018 3E       		.uleb128 0x3e
 871 0019 0B       		.uleb128 0xb
 872 001a 03       		.uleb128 0x3
 873 001b 0E       		.uleb128 0xe
 874 001c 00       		.byte	0
 875 001d 00       		.byte	0
 876 001e 03       		.uleb128 0x3
 877 001f 24       		.uleb128 0x24
 878 0020 00       		.byte	0
 879 0021 0B       		.uleb128 0xb
 880 0022 0B       		.uleb128 0xb
 881 0023 3E       		.uleb128 0x3e
 882 0024 0B       		.uleb128 0xb
 883 0025 03       		.uleb128 0x3
 884 0026 08       		.uleb128 0x8
ARM GAS  C:\Users\HELLOK~1\AppData\Local\Temp\ccbdKtT9.s 			page 24


 885 0027 00       		.byte	0
 886 0028 00       		.byte	0
 887 0029 04       		.uleb128 0x4
 888 002a 16       		.uleb128 0x16
 889 002b 00       		.byte	0
 890 002c 03       		.uleb128 0x3
 891 002d 0E       		.uleb128 0xe
 892 002e 3A       		.uleb128 0x3a
 893 002f 0B       		.uleb128 0xb
 894 0030 3B       		.uleb128 0x3b
 895 0031 05       		.uleb128 0x5
 896 0032 49       		.uleb128 0x49
 897 0033 13       		.uleb128 0x13
 898 0034 00       		.byte	0
 899 0035 00       		.byte	0
 900 0036 05       		.uleb128 0x5
 901 0037 35       		.uleb128 0x35
 902 0038 00       		.byte	0
 903 0039 49       		.uleb128 0x49
 904 003a 13       		.uleb128 0x13
 905 003b 00       		.byte	0
 906 003c 00       		.byte	0
 907 003d 06       		.uleb128 0x6
 908 003e 0F       		.uleb128 0xf
 909 003f 00       		.byte	0
 910 0040 0B       		.uleb128 0xb
 911 0041 0B       		.uleb128 0xb
 912 0042 49       		.uleb128 0x49
 913 0043 13       		.uleb128 0x13
 914 0044 00       		.byte	0
 915 0045 00       		.byte	0
 916 0046 07       		.uleb128 0x7
 917 0047 15       		.uleb128 0x15
 918 0048 00       		.byte	0
 919 0049 27       		.uleb128 0x27
 920 004a 19       		.uleb128 0x19
 921 004b 00       		.byte	0
 922 004c 00       		.byte	0
 923 004d 08       		.uleb128 0x8
 924 004e 2E       		.uleb128 0x2e
 925 004f 01       		.byte	0x1
 926 0050 3F       		.uleb128 0x3f
 927 0051 19       		.uleb128 0x19
 928 0052 03       		.uleb128 0x3
 929 0053 0E       		.uleb128 0xe
 930 0054 3A       		.uleb128 0x3a
 931 0055 0B       		.uleb128 0xb
 932 0056 3B       		.uleb128 0x3b
 933 0057 0B       		.uleb128 0xb
 934 0058 27       		.uleb128 0x27
 935 0059 19       		.uleb128 0x19
 936 005a 11       		.uleb128 0x11
 937 005b 01       		.uleb128 0x1
 938 005c 12       		.uleb128 0x12
 939 005d 06       		.uleb128 0x6
 940 005e 40       		.uleb128 0x40
 941 005f 18       		.uleb128 0x18
ARM GAS  C:\Users\HELLOK~1\AppData\Local\Temp\ccbdKtT9.s 			page 25


 942 0060 9742     		.uleb128 0x2117
 943 0062 19       		.uleb128 0x19
 944 0063 01       		.uleb128 0x1
 945 0064 13       		.uleb128 0x13
 946 0065 00       		.byte	0
 947 0066 00       		.byte	0
 948 0067 09       		.uleb128 0x9
 949 0068 898201   		.uleb128 0x4109
 950 006b 01       		.byte	0x1
 951 006c 11       		.uleb128 0x11
 952 006d 01       		.uleb128 0x1
 953 006e 31       		.uleb128 0x31
 954 006f 13       		.uleb128 0x13
 955 0070 01       		.uleb128 0x1
 956 0071 13       		.uleb128 0x13
 957 0072 00       		.byte	0
 958 0073 00       		.byte	0
 959 0074 0A       		.uleb128 0xa
 960 0075 8A8201   		.uleb128 0x410a
 961 0078 00       		.byte	0
 962 0079 02       		.uleb128 0x2
 963 007a 18       		.uleb128 0x18
 964 007b 9142     		.uleb128 0x2111
 965 007d 18       		.uleb128 0x18
 966 007e 00       		.byte	0
 967 007f 00       		.byte	0
 968 0080 0B       		.uleb128 0xb
 969 0081 898201   		.uleb128 0x4109
 970 0084 00       		.byte	0
 971 0085 11       		.uleb128 0x11
 972 0086 01       		.uleb128 0x1
 973 0087 31       		.uleb128 0x31
 974 0088 13       		.uleb128 0x13
 975 0089 00       		.byte	0
 976 008a 00       		.byte	0
 977 008b 0C       		.uleb128 0xc
 978 008c 05       		.uleb128 0x5
 979 008d 00       		.byte	0
 980 008e 03       		.uleb128 0x3
 981 008f 0E       		.uleb128 0xe
 982 0090 3A       		.uleb128 0x3a
 983 0091 0B       		.uleb128 0xb
 984 0092 3B       		.uleb128 0x3b
 985 0093 0B       		.uleb128 0xb
 986 0094 49       		.uleb128 0x49
 987 0095 13       		.uleb128 0x13
 988 0096 02       		.uleb128 0x2
 989 0097 18       		.uleb128 0x18
 990 0098 00       		.byte	0
 991 0099 00       		.byte	0
 992 009a 0D       		.uleb128 0xd
 993 009b 2E       		.uleb128 0x2e
 994 009c 00       		.byte	0
 995 009d 3F       		.uleb128 0x3f
 996 009e 19       		.uleb128 0x19
 997 009f 03       		.uleb128 0x3
 998 00a0 0E       		.uleb128 0xe
ARM GAS  C:\Users\HELLOK~1\AppData\Local\Temp\ccbdKtT9.s 			page 26


 999 00a1 3A       		.uleb128 0x3a
 1000 00a2 0B       		.uleb128 0xb
 1001 00a3 3B       		.uleb128 0x3b
 1002 00a4 0B       		.uleb128 0xb
 1003 00a5 27       		.uleb128 0x27
 1004 00a6 19       		.uleb128 0x19
 1005 00a7 49       		.uleb128 0x49
 1006 00a8 13       		.uleb128 0x13
 1007 00a9 11       		.uleb128 0x11
 1008 00aa 01       		.uleb128 0x1
 1009 00ab 12       		.uleb128 0x12
 1010 00ac 06       		.uleb128 0x6
 1011 00ad 40       		.uleb128 0x40
 1012 00ae 18       		.uleb128 0x18
 1013 00af 9742     		.uleb128 0x2117
 1014 00b1 19       		.uleb128 0x19
 1015 00b2 00       		.byte	0
 1016 00b3 00       		.byte	0
 1017 00b4 0E       		.uleb128 0xe
 1018 00b5 2E       		.uleb128 0x2e
 1019 00b6 01       		.byte	0x1
 1020 00b7 3F       		.uleb128 0x3f
 1021 00b8 19       		.uleb128 0x19
 1022 00b9 03       		.uleb128 0x3
 1023 00ba 0E       		.uleb128 0xe
 1024 00bb 3A       		.uleb128 0x3a
 1025 00bc 0B       		.uleb128 0xb
 1026 00bd 3B       		.uleb128 0x3b
 1027 00be 05       		.uleb128 0x5
 1028 00bf 27       		.uleb128 0x27
 1029 00c0 19       		.uleb128 0x19
 1030 00c1 11       		.uleb128 0x11
 1031 00c2 01       		.uleb128 0x1
 1032 00c3 12       		.uleb128 0x12
 1033 00c4 06       		.uleb128 0x6
 1034 00c5 40       		.uleb128 0x40
 1035 00c6 18       		.uleb128 0x18
 1036 00c7 9742     		.uleb128 0x2117
 1037 00c9 19       		.uleb128 0x19
 1038 00ca 01       		.uleb128 0x1
 1039 00cb 13       		.uleb128 0x13
 1040 00cc 00       		.byte	0
 1041 00cd 00       		.byte	0
 1042 00ce 0F       		.uleb128 0xf
 1043 00cf 05       		.uleb128 0x5
 1044 00d0 00       		.byte	0
 1045 00d1 03       		.uleb128 0x3
 1046 00d2 0E       		.uleb128 0xe
 1047 00d3 3A       		.uleb128 0x3a
 1048 00d4 0B       		.uleb128 0xb
 1049 00d5 3B       		.uleb128 0x3b
 1050 00d6 05       		.uleb128 0x5
 1051 00d7 49       		.uleb128 0x49
 1052 00d8 13       		.uleb128 0x13
 1053 00d9 02       		.uleb128 0x2
 1054 00da 17       		.uleb128 0x17
 1055 00db 00       		.byte	0
ARM GAS  C:\Users\HELLOK~1\AppData\Local\Temp\ccbdKtT9.s 			page 27


 1056 00dc 00       		.byte	0
 1057 00dd 10       		.uleb128 0x10
 1058 00de 34       		.uleb128 0x34
 1059 00df 00       		.byte	0
 1060 00e0 03       		.uleb128 0x3
 1061 00e1 0E       		.uleb128 0xe
 1062 00e2 3A       		.uleb128 0x3a
 1063 00e3 0B       		.uleb128 0xb
 1064 00e4 3B       		.uleb128 0x3b
 1065 00e5 05       		.uleb128 0x5
 1066 00e6 49       		.uleb128 0x49
 1067 00e7 13       		.uleb128 0x13
 1068 00e8 02       		.uleb128 0x2
 1069 00e9 17       		.uleb128 0x17
 1070 00ea 00       		.byte	0
 1071 00eb 00       		.byte	0
 1072 00ec 11       		.uleb128 0x11
 1073 00ed 34       		.uleb128 0x34
 1074 00ee 00       		.byte	0
 1075 00ef 03       		.uleb128 0x3
 1076 00f0 0E       		.uleb128 0xe
 1077 00f1 3A       		.uleb128 0x3a
 1078 00f2 0B       		.uleb128 0xb
 1079 00f3 3B       		.uleb128 0x3b
 1080 00f4 05       		.uleb128 0x5
 1081 00f5 49       		.uleb128 0x49
 1082 00f6 13       		.uleb128 0x13
 1083 00f7 1C       		.uleb128 0x1c
 1084 00f8 0B       		.uleb128 0xb
 1085 00f9 00       		.byte	0
 1086 00fa 00       		.byte	0
 1087 00fb 12       		.uleb128 0x12
 1088 00fc 2E       		.uleb128 0x2e
 1089 00fd 01       		.byte	0x1
 1090 00fe 3F       		.uleb128 0x3f
 1091 00ff 19       		.uleb128 0x19
 1092 0100 03       		.uleb128 0x3
 1093 0101 0E       		.uleb128 0xe
 1094 0102 3A       		.uleb128 0x3a
 1095 0103 0B       		.uleb128 0xb
 1096 0104 3B       		.uleb128 0x3b
 1097 0105 05       		.uleb128 0x5
 1098 0106 27       		.uleb128 0x27
 1099 0107 19       		.uleb128 0x19
 1100 0108 49       		.uleb128 0x49
 1101 0109 13       		.uleb128 0x13
 1102 010a 11       		.uleb128 0x11
 1103 010b 01       		.uleb128 0x1
 1104 010c 12       		.uleb128 0x12
 1105 010d 06       		.uleb128 0x6
 1106 010e 40       		.uleb128 0x40
 1107 010f 18       		.uleb128 0x18
 1108 0110 9742     		.uleb128 0x2117
 1109 0112 19       		.uleb128 0x19
 1110 0113 01       		.uleb128 0x1
 1111 0114 13       		.uleb128 0x13
 1112 0115 00       		.byte	0
ARM GAS  C:\Users\HELLOK~1\AppData\Local\Temp\ccbdKtT9.s 			page 28


 1113 0116 00       		.byte	0
 1114 0117 13       		.uleb128 0x13
 1115 0118 2E       		.uleb128 0x2e
 1116 0119 00       		.byte	0
 1117 011a 3F       		.uleb128 0x3f
 1118 011b 19       		.uleb128 0x19
 1119 011c 03       		.uleb128 0x3
 1120 011d 0E       		.uleb128 0xe
 1121 011e 3A       		.uleb128 0x3a
 1122 011f 0B       		.uleb128 0xb
 1123 0120 3B       		.uleb128 0x3b
 1124 0121 05       		.uleb128 0x5
 1125 0122 27       		.uleb128 0x27
 1126 0123 19       		.uleb128 0x19
 1127 0124 11       		.uleb128 0x11
 1128 0125 01       		.uleb128 0x1
 1129 0126 12       		.uleb128 0x12
 1130 0127 06       		.uleb128 0x6
 1131 0128 40       		.uleb128 0x40
 1132 0129 18       		.uleb128 0x18
 1133 012a 9742     		.uleb128 0x2117
 1134 012c 19       		.uleb128 0x19
 1135 012d 00       		.byte	0
 1136 012e 00       		.byte	0
 1137 012f 14       		.uleb128 0x14
 1138 0130 2E       		.uleb128 0x2e
 1139 0131 00       		.byte	0
 1140 0132 3F       		.uleb128 0x3f
 1141 0133 19       		.uleb128 0x19
 1142 0134 03       		.uleb128 0x3
 1143 0135 0E       		.uleb128 0xe
 1144 0136 3A       		.uleb128 0x3a
 1145 0137 0B       		.uleb128 0xb
 1146 0138 3B       		.uleb128 0x3b
 1147 0139 05       		.uleb128 0x5
 1148 013a 27       		.uleb128 0x27
 1149 013b 19       		.uleb128 0x19
 1150 013c 49       		.uleb128 0x49
 1151 013d 13       		.uleb128 0x13
 1152 013e 11       		.uleb128 0x11
 1153 013f 01       		.uleb128 0x1
 1154 0140 12       		.uleb128 0x12
 1155 0141 06       		.uleb128 0x6
 1156 0142 40       		.uleb128 0x40
 1157 0143 18       		.uleb128 0x18
 1158 0144 9742     		.uleb128 0x2117
 1159 0146 19       		.uleb128 0x19
 1160 0147 00       		.byte	0
 1161 0148 00       		.byte	0
 1162 0149 15       		.uleb128 0x15
 1163 014a 05       		.uleb128 0x5
 1164 014b 00       		.byte	0
 1165 014c 03       		.uleb128 0x3
 1166 014d 0E       		.uleb128 0xe
 1167 014e 3A       		.uleb128 0x3a
 1168 014f 0B       		.uleb128 0xb
 1169 0150 3B       		.uleb128 0x3b
ARM GAS  C:\Users\HELLOK~1\AppData\Local\Temp\ccbdKtT9.s 			page 29


 1170 0151 0B       		.uleb128 0xb
 1171 0152 49       		.uleb128 0x49
 1172 0153 13       		.uleb128 0x13
 1173 0154 02       		.uleb128 0x2
 1174 0155 17       		.uleb128 0x17
 1175 0156 00       		.byte	0
 1176 0157 00       		.byte	0
 1177 0158 16       		.uleb128 0x16
 1178 0159 34       		.uleb128 0x34
 1179 015a 00       		.byte	0
 1180 015b 03       		.uleb128 0x3
 1181 015c 0E       		.uleb128 0xe
 1182 015d 3A       		.uleb128 0x3a
 1183 015e 0B       		.uleb128 0xb
 1184 015f 3B       		.uleb128 0x3b
 1185 0160 0B       		.uleb128 0xb
 1186 0161 49       		.uleb128 0x49
 1187 0162 13       		.uleb128 0x13
 1188 0163 3F       		.uleb128 0x3f
 1189 0164 19       		.uleb128 0x19
 1190 0165 3C       		.uleb128 0x3c
 1191 0166 19       		.uleb128 0x19
 1192 0167 00       		.byte	0
 1193 0168 00       		.byte	0
 1194 0169 17       		.uleb128 0x17
 1195 016a 01       		.uleb128 0x1
 1196 016b 01       		.byte	0x1
 1197 016c 49       		.uleb128 0x49
 1198 016d 13       		.uleb128 0x13
 1199 016e 01       		.uleb128 0x1
 1200 016f 13       		.uleb128 0x13
 1201 0170 00       		.byte	0
 1202 0171 00       		.byte	0
 1203 0172 18       		.uleb128 0x18
 1204 0173 21       		.uleb128 0x21
 1205 0174 00       		.byte	0
 1206 0175 49       		.uleb128 0x49
 1207 0176 13       		.uleb128 0x13
 1208 0177 2F       		.uleb128 0x2f
 1209 0178 0B       		.uleb128 0xb
 1210 0179 00       		.byte	0
 1211 017a 00       		.byte	0
 1212 017b 19       		.uleb128 0x19
 1213 017c 2E       		.uleb128 0x2e
 1214 017d 00       		.byte	0
 1215 017e 3F       		.uleb128 0x3f
 1216 017f 19       		.uleb128 0x19
 1217 0180 3C       		.uleb128 0x3c
 1218 0181 19       		.uleb128 0x19
 1219 0182 6E       		.uleb128 0x6e
 1220 0183 0E       		.uleb128 0xe
 1221 0184 03       		.uleb128 0x3
 1222 0185 0E       		.uleb128 0xe
 1223 0186 3A       		.uleb128 0x3a
 1224 0187 0B       		.uleb128 0xb
 1225 0188 3B       		.uleb128 0x3b
 1226 0189 0B       		.uleb128 0xb
ARM GAS  C:\Users\HELLOK~1\AppData\Local\Temp\ccbdKtT9.s 			page 30


 1227 018a 00       		.byte	0
 1228 018b 00       		.byte	0
 1229 018c 00       		.byte	0
 1230              		.section	.debug_loc,"",%progbits
 1231              	.Ldebug_loc0:
 1232              	.LLST0:
 1233 0000 00000000 		.4byte	.LVL4
 1234 0004 07000000 		.4byte	.LVL6-1
 1235 0008 0100     		.2byte	0x1
 1236 000a 50       		.byte	0x50
 1237 000b 07000000 		.4byte	.LVL6-1
 1238 000f 20000000 		.4byte	.LFE7
 1239 0013 0400     		.2byte	0x4
 1240 0015 F3       		.byte	0xf3
 1241 0016 01       		.uleb128 0x1
 1242 0017 50       		.byte	0x50
 1243 0018 9F       		.byte	0x9f
 1244 0019 00000000 		.4byte	0
 1245 001d 00000000 		.4byte	0
 1246              	.LLST1:
 1247 0021 08000000 		.4byte	.LVL6
 1248 0025 19000000 		.4byte	.LVL7-1
 1249 0029 0100     		.2byte	0x1
 1250 002b 50       		.byte	0x50
 1251 002c 00000000 		.4byte	0
 1252 0030 00000000 		.4byte	0
 1253              	.LLST2:
 1254 0034 06000000 		.4byte	.LVL9
 1255 0038 0A000000 		.4byte	.LVL10
 1256 003c 0500     		.2byte	0x5
 1257 003e 70       		.byte	0x70
 1258 003f 00       		.sleb128 0
 1259 0040 33       		.byte	0x33
 1260 0041 1A       		.byte	0x1a
 1261 0042 9F       		.byte	0x9f
 1262 0043 0A000000 		.4byte	.LVL10
 1263 0047 10000000 		.4byte	.LFE8
 1264 004b 0100     		.2byte	0x1
 1265 004d 50       		.byte	0x50
 1266 004e 00000000 		.4byte	0
 1267 0052 00000000 		.4byte	0
 1268              	.LLST3:
 1269 0056 00000000 		.4byte	.LVL15
 1270 005a 07000000 		.4byte	.LVL16-1
 1271 005e 0100     		.2byte	0x1
 1272 0060 50       		.byte	0x50
 1273 0061 07000000 		.4byte	.LVL16-1
 1274 0065 18000000 		.4byte	.LVL20
 1275 0069 0100     		.2byte	0x1
 1276 006b 54       		.byte	0x54
 1277 006c 18000000 		.4byte	.LVL20
 1278 0070 1A000000 		.4byte	.LFE2
 1279 0074 0400     		.2byte	0x4
 1280 0076 F3       		.byte	0xf3
 1281 0077 01       		.uleb128 0x1
 1282 0078 50       		.byte	0x50
 1283 0079 9F       		.byte	0x9f
ARM GAS  C:\Users\HELLOK~1\AppData\Local\Temp\ccbdKtT9.s 			page 31


 1284 007a 00000000 		.4byte	0
 1285 007e 00000000 		.4byte	0
 1286              		.section	.debug_aranges,"",%progbits
 1287 0000 7C000000 		.4byte	0x7c
 1288 0004 0200     		.2byte	0x2
 1289 0006 00000000 		.4byte	.Ldebug_info0
 1290 000a 04       		.byte	0x4
 1291 000b 00       		.byte	0
 1292 000c 0000     		.2byte	0
 1293 000e 0000     		.2byte	0
 1294 0010 00000000 		.4byte	.LFB4
 1295 0014 20000000 		.4byte	.LFE4-.LFB4
 1296 0018 00000000 		.4byte	.LFB5
 1297 001c 0C000000 		.4byte	.LFE5-.LFB5
 1298 0020 00000000 		.4byte	.LFB6
 1299 0024 0C000000 		.4byte	.LFE6-.LFB6
 1300 0028 00000000 		.4byte	.LFB7
 1301 002c 20000000 		.4byte	.LFE7-.LFB7
 1302 0030 00000000 		.4byte	.LFB8
 1303 0034 10000000 		.4byte	.LFE8-.LFB8
 1304 0038 00000000 		.4byte	.LFB9
 1305 003c 0C000000 		.4byte	.LFE9-.LFB9
 1306 0040 00000000 		.4byte	.LFB10
 1307 0044 14000000 		.4byte	.LFE10-.LFB10
 1308 0048 00000000 		.4byte	.LFB11
 1309 004c 0C000000 		.4byte	.LFE11-.LFB11
 1310 0050 00000000 		.4byte	.LFB1
 1311 0054 1C000000 		.4byte	.LFE1-.LFB1
 1312 0058 00000000 		.4byte	.LFB2
 1313 005c 1A000000 		.4byte	.LFE2-.LFB2
 1314 0060 00000000 		.4byte	.LFB3
 1315 0064 14000000 		.4byte	.LFE3-.LFB3
 1316 0068 00000000 		.4byte	.LFB12
 1317 006c 0C000000 		.4byte	.LFE12-.LFB12
 1318 0070 00000000 		.4byte	.LFB13
 1319 0074 0C000000 		.4byte	.LFE13-.LFB13
 1320 0078 00000000 		.4byte	0
 1321 007c 00000000 		.4byte	0
 1322              		.section	.debug_ranges,"",%progbits
 1323              	.Ldebug_ranges0:
 1324 0000 00000000 		.4byte	.LFB4
 1325 0004 20000000 		.4byte	.LFE4
 1326 0008 00000000 		.4byte	.LFB5
 1327 000c 0C000000 		.4byte	.LFE5
 1328 0010 00000000 		.4byte	.LFB6
 1329 0014 0C000000 		.4byte	.LFE6
 1330 0018 00000000 		.4byte	.LFB7
 1331 001c 20000000 		.4byte	.LFE7
 1332 0020 00000000 		.4byte	.LFB8
 1333 0024 10000000 		.4byte	.LFE8
 1334 0028 00000000 		.4byte	.LFB9
 1335 002c 0C000000 		.4byte	.LFE9
 1336 0030 00000000 		.4byte	.LFB10
 1337 0034 14000000 		.4byte	.LFE10
 1338 0038 00000000 		.4byte	.LFB11
 1339 003c 0C000000 		.4byte	.LFE11
 1340 0040 00000000 		.4byte	.LFB1
ARM GAS  C:\Users\HELLOK~1\AppData\Local\Temp\ccbdKtT9.s 			page 32


 1341 0044 1C000000 		.4byte	.LFE1
 1342 0048 00000000 		.4byte	.LFB2
 1343 004c 1A000000 		.4byte	.LFE2
 1344 0050 00000000 		.4byte	.LFB3
 1345 0054 14000000 		.4byte	.LFE3
 1346 0058 00000000 		.4byte	.LFB12
 1347 005c 0C000000 		.4byte	.LFE12
 1348 0060 00000000 		.4byte	.LFB13
 1349 0064 0C000000 		.4byte	.LFE13
 1350 0068 00000000 		.4byte	0
 1351 006c 00000000 		.4byte	0
 1352              		.section	.debug_line,"",%progbits
 1353              	.Ldebug_line0:
 1354 0000 5C010000 		.section	.debug_str,"MS",%progbits,1
 1354      02005800 
 1354      00000201 
 1354      FB0E0D00 
 1354      01010101 
 1355              	.LASF30:
 1356 0000 42544E5F 		.ascii	"BTN_ISR_StartEx\000"
 1356      4953525F 
 1356      53746172 
 1356      74457800 
 1357              	.LASF14:
 1358 0010 72656733 		.ascii	"reg32\000"
 1358      3200
 1359              	.LASF42:
 1360 0016 47656E65 		.ascii	"Generated_Source\\PSoC4\\BTN_ISR.c\000"
 1360      72617465 
 1360      645F536F 
 1360      75726365 
 1360      5C50536F 
 1361              	.LASF35:
 1362 0037 43795261 		.ascii	"CyRamVectors\000"
 1362      6D566563 
 1362      746F7273 
 1362      00
 1363              	.LASF4:
 1364 0044 6C6F6E67 		.ascii	"long int\000"
 1364      20696E74 
 1364      00
 1365              	.LASF3:
 1366 004d 73686F72 		.ascii	"short unsigned int\000"
 1366      7420756E 
 1366      7369676E 
 1366      65642069 
 1366      6E7400
 1367              	.LASF28:
 1368 0060 42544E5F 		.ascii	"BTN_ISR_Disable\000"
 1368      4953525F 
 1368      44697361 
 1368      626C6500 
 1369              	.LASF20:
 1370 0070 42544E5F 		.ascii	"BTN_ISR_SetPriority\000"
 1370      4953525F 
 1370      53657450 
 1370      72696F72 
ARM GAS  C:\Users\HELLOK~1\AppData\Local\Temp\ccbdKtT9.s 			page 33


 1370      69747900 
 1371              	.LASF34:
 1372 0084 62746E5F 		.ascii	"btn_flag\000"
 1372      666C6167 
 1372      00
 1373              	.LASF26:
 1374 008d 42544E5F 		.ascii	"BTN_ISR_GetState\000"
 1374      4953525F 
 1374      47657453 
 1374      74617465 
 1374      00
 1375              	.LASF11:
 1376 009e 666C6F61 		.ascii	"float\000"
 1376      7400
 1377              	.LASF7:
 1378 00a4 6C6F6E67 		.ascii	"long long unsigned int\000"
 1378      206C6F6E 
 1378      6720756E 
 1378      7369676E 
 1378      65642069 
 1379              	.LASF1:
 1380 00bb 756E7369 		.ascii	"unsigned char\000"
 1380      676E6564 
 1380      20636861 
 1380      7200
 1381              	.LASF23:
 1382 00c9 696E7465 		.ascii	"interruptState\000"
 1382      72727570 
 1382      74537461 
 1382      746500
 1383              	.LASF5:
 1384 00d8 6C6F6E67 		.ascii	"long unsigned int\000"
 1384      20756E73 
 1384      69676E65 
 1384      6420696E 
 1384      7400
 1385              	.LASF9:
 1386 00ea 75696E74 		.ascii	"uint8\000"
 1386      3800
 1387              	.LASF31:
 1388 00f0 42544E5F 		.ascii	"BTN_ISR_Stop\000"
 1388      4953525F 
 1388      53746F70 
 1388      00
 1389              	.LASF22:
 1390 00fd 7072696F 		.ascii	"priority\000"
 1390      72697479 
 1390      00
 1391              	.LASF12:
 1392 0106 646F7562 		.ascii	"double\000"
 1392      6C6500
 1393              	.LASF27:
 1394 010d 42544E5F 		.ascii	"BTN_ISR_Enable\000"
 1394      4953525F 
 1394      456E6162 
 1394      6C6500
 1395              	.LASF33:
ARM GAS  C:\Users\HELLOK~1\AppData\Local\Temp\ccbdKtT9.s 			page 34


 1396 011c 42544E5F 		.ascii	"BTN_ISR_ClearPending\000"
 1396      4953525F 
 1396      436C6561 
 1396      7250656E 
 1396      64696E67 
 1397              	.LASF19:
 1398 0131 42544E5F 		.ascii	"BTN_ISR_SetVector\000"
 1398      4953525F 
 1398      53657456 
 1398      6563746F 
 1398      7200
 1399              	.LASF36:
 1400 0143 43794465 		.ascii	"CyDelayUs\000"
 1400      6C617955 
 1400      7300
 1401              	.LASF10:
 1402 014d 75696E74 		.ascii	"uint32\000"
 1402      333200
 1403              	.LASF39:
 1404 0154 4379456E 		.ascii	"CyEnterCriticalSection\000"
 1404      74657243 
 1404      72697469 
 1404      63616C53 
 1404      65637469 
 1405              	.LASF8:
 1406 016b 756E7369 		.ascii	"unsigned int\000"
 1406      676E6564 
 1406      20696E74 
 1406      00
 1407              	.LASF21:
 1408 0178 61646472 		.ascii	"address\000"
 1408      65737300 
 1409              	.LASF40:
 1410 0180 43794578 		.ascii	"CyExitCriticalSection\000"
 1410      69744372 
 1410      69746963 
 1410      616C5365 
 1410      6374696F 
 1411              	.LASF18:
 1412 0196 42544E5F 		.ascii	"BTN_ISR_Interrupt\000"
 1412      4953525F 
 1412      496E7465 
 1412      72727570 
 1412      7400
 1413              	.LASF32:
 1414 01a8 42544E5F 		.ascii	"BTN_ISR_SetPending\000"
 1414      4953525F 
 1414      53657450 
 1414      656E6469 
 1414      6E6700
 1415              	.LASF15:
 1416 01bb 63796973 		.ascii	"cyisraddress\000"
 1416      72616464 
 1416      72657373 
 1416      00
 1417              	.LASF41:
 1418 01c8 474E5520 		.ascii	"GNU C11 5.4.1 20160609 (release) [ARM/embedded-5-br"
ARM GAS  C:\Users\HELLOK~1\AppData\Local\Temp\ccbdKtT9.s 			page 35


 1418      43313120 
 1418      352E342E 
 1418      31203230 
 1418      31363036 
 1419 01fb 616E6368 		.ascii	"anch revision 237715] -mcpu=cortex-m0 -mthumb -g -O"
 1419      20726576 
 1419      6973696F 
 1419      6E203233 
 1419      37373135 
 1420 022e 67202D66 		.ascii	"g -ffunction-sections -ffat-lto-objects\000"
 1420      66756E63 
 1420      74696F6E 
 1420      2D736563 
 1420      74696F6E 
 1421              	.LASF17:
 1422 0256 73697A65 		.ascii	"sizetype\000"
 1422      74797065 
 1422      00
 1423              	.LASF37:
 1424 025f 42544E5F 		.ascii	"BTN_Read\000"
 1424      52656164 
 1424      00
 1425              	.LASF6:
 1426 0268 6C6F6E67 		.ascii	"long long int\000"
 1426      206C6F6E 
 1426      6720696E 
 1426      7400
 1427              	.LASF29:
 1428 0276 42544E5F 		.ascii	"BTN_ISR_Start\000"
 1428      4953525F 
 1428      53746172 
 1428      7400
 1429              	.LASF13:
 1430 0284 63686172 		.ascii	"char\000"
 1430      00
 1431              	.LASF43:
 1432 0289 433A5C55 		.ascii	"C:\\Users\\Hello Kitty\\Desktop\\MicrocontrollersLa"
 1432      73657273 
 1432      5C48656C 
 1432      6C6F204B 
 1432      69747479 
 1433 02b8 625C4C61 		.ascii	"b\\Lab 6 - SPI Wireless LEDs\\Project\\ECE381_SP23_"
 1433      62203620 
 1433      2D205350 
 1433      49205769 
 1433      72656C65 
 1434 02e8 4C616230 		.ascii	"Lab06_Wirless_Light_Controller.cydsn\000"
 1434      365F5769 
 1434      726C6573 
 1434      735F4C69 
 1434      6768745F 
 1435              	.LASF2:
 1436 030d 73686F72 		.ascii	"short int\000"
 1436      7420696E 
 1436      7400
 1437              	.LASF24:
 1438 0317 7072696F 		.ascii	"priorityOffset\000"
ARM GAS  C:\Users\HELLOK~1\AppData\Local\Temp\ccbdKtT9.s 			page 36


 1438      72697479 
 1438      4F666673 
 1438      657400
 1439              	.LASF25:
 1440 0326 42544E5F 		.ascii	"BTN_ISR_GetVector\000"
 1440      4953525F 
 1440      47657456 
 1440      6563746F 
 1440      7200
 1441              	.LASF44:
 1442 0338 42544E5F 		.ascii	"BTN_ISR_GetPriority\000"
 1442      4953525F 
 1442      47657450 
 1442      72696F72 
 1442      69747900 
 1443              	.LASF16:
 1444 034c 6C6F6E67 		.ascii	"long double\000"
 1444      20646F75 
 1444      626C6500 
 1445              	.LASF0:
 1446 0358 7369676E 		.ascii	"signed char\000"
 1446      65642063 
 1446      68617200 
 1447              	.LASF38:
 1448 0364 42544E5F 		.ascii	"BTN_ClearInterrupt\000"
 1448      436C6561 
 1448      72496E74 
 1448      65727275 
 1448      707400
 1449              		.ident	"GCC: (GNU Tools for ARM Embedded Processors) 5.4.1 20160609 (release) [ARM/embedded-5-bran
