ARM GAS  C:\Users\LEOTEJ~1\AppData\Local\Temp\ccYNMWlD.s 			page 1


   1              		.syntax unified
   2              		.cpu cortex-m0
   3              		.fpu softvfp
   4              		.eabi_attribute 20, 1
   5              		.eabi_attribute 21, 1
   6              		.eabi_attribute 23, 3
   7              		.eabi_attribute 24, 1
   8              		.eabi_attribute 25, 1
   9              		.eabi_attribute 26, 1
  10              		.eabi_attribute 30, 1
  11              		.eabi_attribute 34, 0
  12              		.eabi_attribute 18, 4
  13              		.thumb
  14              		.syntax unified
  15              		.file	"cyfitter_cfg.c"
  16              		.text
  17              	.Ltext0:
  18              		.cfi_sections	.debug_frame
  19              		.section	.text.cfg_write_bytes32,"ax",%progbits
  20              		.align	2
  21              		.code	16
  22              		.thumb_func
  23              		.type	cfg_write_bytes32, %function
  24              	cfg_write_bytes32:
  25              	.LFB4:
  26              		.file 1 "Generated_Source\\PSoC4\\cyfitter_cfg.c"
   1:Generated_Source\PSoC4/cyfitter_cfg.c **** 
   2:Generated_Source\PSoC4/cyfitter_cfg.c **** /*******************************************************************************
   3:Generated_Source\PSoC4/cyfitter_cfg.c **** * File Name: cyfitter_cfg.c
   4:Generated_Source\PSoC4/cyfitter_cfg.c **** * 
   5:Generated_Source\PSoC4/cyfitter_cfg.c **** * PSoC Creator  4.4
   6:Generated_Source\PSoC4/cyfitter_cfg.c **** *
   7:Generated_Source\PSoC4/cyfitter_cfg.c **** * Description:
   8:Generated_Source\PSoC4/cyfitter_cfg.c **** * This file contains device initialization code.
   9:Generated_Source\PSoC4/cyfitter_cfg.c **** * Except for the user defined sections in CyClockStartupError(), this file should not be modified.
  10:Generated_Source\PSoC4/cyfitter_cfg.c **** * This file is automatically generated by PSoC Creator.
  11:Generated_Source\PSoC4/cyfitter_cfg.c **** *
  12:Generated_Source\PSoC4/cyfitter_cfg.c **** ********************************************************************************
  13:Generated_Source\PSoC4/cyfitter_cfg.c **** * Copyright (c) 2007-2020 Cypress Semiconductor.  All rights reserved.
  14:Generated_Source\PSoC4/cyfitter_cfg.c **** * You may use this file only in accordance with the license, terms, conditions, 
  15:Generated_Source\PSoC4/cyfitter_cfg.c **** * disclaimers, and limitations in the end user license agreement accompanying 
  16:Generated_Source\PSoC4/cyfitter_cfg.c **** * the software package with which this file was provided.
  17:Generated_Source\PSoC4/cyfitter_cfg.c **** ********************************************************************************/
  18:Generated_Source\PSoC4/cyfitter_cfg.c **** 
  19:Generated_Source\PSoC4/cyfitter_cfg.c **** #include <string.h>
  20:Generated_Source\PSoC4/cyfitter_cfg.c **** #include "cytypes.h"
  21:Generated_Source\PSoC4/cyfitter_cfg.c **** #include "cydevice_trm.h"
  22:Generated_Source\PSoC4/cyfitter_cfg.c **** #include "cyfitter.h"
  23:Generated_Source\PSoC4/cyfitter_cfg.c **** #include "CyLib.h"
  24:Generated_Source\PSoC4/cyfitter_cfg.c **** #include "CyLFClk.h"
  25:Generated_Source\PSoC4/cyfitter_cfg.c **** #include "cyfitter_cfg.h"
  26:Generated_Source\PSoC4/cyfitter_cfg.c **** #include "cyapicallbacks.h"
  27:Generated_Source\PSoC4/cyfitter_cfg.c **** 
  28:Generated_Source\PSoC4/cyfitter_cfg.c **** 
  29:Generated_Source\PSoC4/cyfitter_cfg.c **** #if defined(__GNUC__) || defined(__ARMCC_VERSION)
  30:Generated_Source\PSoC4/cyfitter_cfg.c ****     #define CYPACKED 
  31:Generated_Source\PSoC4/cyfitter_cfg.c ****     #define CYPACKED_ATTR __attribute__ ((packed))
ARM GAS  C:\Users\LEOTEJ~1\AppData\Local\Temp\ccYNMWlD.s 			page 2


  32:Generated_Source\PSoC4/cyfitter_cfg.c ****     #define CYALIGNED __attribute__ ((aligned))
  33:Generated_Source\PSoC4/cyfitter_cfg.c ****     #define CY_CFG_UNUSED __attribute__ ((unused))
  34:Generated_Source\PSoC4/cyfitter_cfg.c ****     #ifndef CY_CFG_SECTION
  35:Generated_Source\PSoC4/cyfitter_cfg.c ****         #define CY_CFG_SECTION __attribute__ ((section(".psocinit")))
  36:Generated_Source\PSoC4/cyfitter_cfg.c ****     #endif
  37:Generated_Source\PSoC4/cyfitter_cfg.c ****     
  38:Generated_Source\PSoC4/cyfitter_cfg.c ****     #if defined(__ARMCC_VERSION)
  39:Generated_Source\PSoC4/cyfitter_cfg.c ****         #define CY_CFG_MEMORY_BARRIER() __memory_changed()
  40:Generated_Source\PSoC4/cyfitter_cfg.c ****     #else
  41:Generated_Source\PSoC4/cyfitter_cfg.c ****         #define CY_CFG_MEMORY_BARRIER() __sync_synchronize()
  42:Generated_Source\PSoC4/cyfitter_cfg.c ****     #endif
  43:Generated_Source\PSoC4/cyfitter_cfg.c ****     
  44:Generated_Source\PSoC4/cyfitter_cfg.c **** #elif defined(__ICCARM__)
  45:Generated_Source\PSoC4/cyfitter_cfg.c ****     #include <intrinsics.h>
  46:Generated_Source\PSoC4/cyfitter_cfg.c **** 
  47:Generated_Source\PSoC4/cyfitter_cfg.c ****     #define CYPACKED __packed
  48:Generated_Source\PSoC4/cyfitter_cfg.c ****     #define CYPACKED_ATTR 
  49:Generated_Source\PSoC4/cyfitter_cfg.c ****     #define CYALIGNED _Pragma("data_alignment=4")
  50:Generated_Source\PSoC4/cyfitter_cfg.c ****     #define CY_CFG_UNUSED _Pragma("diag_suppress=Pe177")
  51:Generated_Source\PSoC4/cyfitter_cfg.c ****     #define CY_CFG_SECTION _Pragma("location=\".psocinit\"")
  52:Generated_Source\PSoC4/cyfitter_cfg.c ****     
  53:Generated_Source\PSoC4/cyfitter_cfg.c ****     #define CY_CFG_MEMORY_BARRIER() __DMB()
  54:Generated_Source\PSoC4/cyfitter_cfg.c ****     
  55:Generated_Source\PSoC4/cyfitter_cfg.c **** #else
  56:Generated_Source\PSoC4/cyfitter_cfg.c ****     #error Unsupported toolchain
  57:Generated_Source\PSoC4/cyfitter_cfg.c **** #endif
  58:Generated_Source\PSoC4/cyfitter_cfg.c **** 
  59:Generated_Source\PSoC4/cyfitter_cfg.c **** #ifndef CYCODE
  60:Generated_Source\PSoC4/cyfitter_cfg.c ****     #define CYCODE
  61:Generated_Source\PSoC4/cyfitter_cfg.c **** #endif
  62:Generated_Source\PSoC4/cyfitter_cfg.c **** #ifndef CYDATA
  63:Generated_Source\PSoC4/cyfitter_cfg.c ****     #define CYDATA
  64:Generated_Source\PSoC4/cyfitter_cfg.c **** #endif
  65:Generated_Source\PSoC4/cyfitter_cfg.c **** #ifndef CYFAR
  66:Generated_Source\PSoC4/cyfitter_cfg.c ****     #define CYFAR
  67:Generated_Source\PSoC4/cyfitter_cfg.c **** #endif
  68:Generated_Source\PSoC4/cyfitter_cfg.c **** #ifndef CYXDATA
  69:Generated_Source\PSoC4/cyfitter_cfg.c ****     #define CYXDATA
  70:Generated_Source\PSoC4/cyfitter_cfg.c **** #endif
  71:Generated_Source\PSoC4/cyfitter_cfg.c **** 
  72:Generated_Source\PSoC4/cyfitter_cfg.c **** 
  73:Generated_Source\PSoC4/cyfitter_cfg.c **** CY_CFG_UNUSED
  74:Generated_Source\PSoC4/cyfitter_cfg.c **** static void CYMEMZERO(void *s, size_t n);
  75:Generated_Source\PSoC4/cyfitter_cfg.c **** CY_CFG_UNUSED
  76:Generated_Source\PSoC4/cyfitter_cfg.c **** static void CYMEMZERO(void *s, size_t n)
  77:Generated_Source\PSoC4/cyfitter_cfg.c **** {
  78:Generated_Source\PSoC4/cyfitter_cfg.c **** 	(void)memset(s, 0, n);
  79:Generated_Source\PSoC4/cyfitter_cfg.c **** }
  80:Generated_Source\PSoC4/cyfitter_cfg.c **** CY_CFG_UNUSED
  81:Generated_Source\PSoC4/cyfitter_cfg.c **** static void CYCONFIGCPY(void *dest, const void *src, size_t n);
  82:Generated_Source\PSoC4/cyfitter_cfg.c **** CY_CFG_UNUSED
  83:Generated_Source\PSoC4/cyfitter_cfg.c **** static void CYCONFIGCPY(void *dest, const void *src, size_t n)
  84:Generated_Source\PSoC4/cyfitter_cfg.c **** {
  85:Generated_Source\PSoC4/cyfitter_cfg.c **** 	(void)memcpy(dest, src, n);
  86:Generated_Source\PSoC4/cyfitter_cfg.c **** }
  87:Generated_Source\PSoC4/cyfitter_cfg.c **** CY_CFG_UNUSED
  88:Generated_Source\PSoC4/cyfitter_cfg.c **** static void CYCONFIGCPYCODE(void *dest, const void *src, size_t n);
ARM GAS  C:\Users\LEOTEJ~1\AppData\Local\Temp\ccYNMWlD.s 			page 3


  89:Generated_Source\PSoC4/cyfitter_cfg.c **** CY_CFG_UNUSED
  90:Generated_Source\PSoC4/cyfitter_cfg.c **** static void CYCONFIGCPYCODE(void *dest, const void *src, size_t n)
  91:Generated_Source\PSoC4/cyfitter_cfg.c **** {
  92:Generated_Source\PSoC4/cyfitter_cfg.c **** 	(void)memcpy(dest, src, n);
  93:Generated_Source\PSoC4/cyfitter_cfg.c **** }
  94:Generated_Source\PSoC4/cyfitter_cfg.c **** 
  95:Generated_Source\PSoC4/cyfitter_cfg.c **** 
  96:Generated_Source\PSoC4/cyfitter_cfg.c **** 
  97:Generated_Source\PSoC4/cyfitter_cfg.c **** 
  98:Generated_Source\PSoC4/cyfitter_cfg.c **** /* Clock startup error codes                                                   */
  99:Generated_Source\PSoC4/cyfitter_cfg.c **** #define CYCLOCKSTART_NO_ERROR    0u
 100:Generated_Source\PSoC4/cyfitter_cfg.c **** #define CYCLOCKSTART_XTAL_ERROR  1u
 101:Generated_Source\PSoC4/cyfitter_cfg.c **** #define CYCLOCKSTART_32KHZ_ERROR 2u
 102:Generated_Source\PSoC4/cyfitter_cfg.c **** #define CYCLOCKSTART_PLL_ERROR   3u
 103:Generated_Source\PSoC4/cyfitter_cfg.c **** #define CYCLOCKSTART_FLL_ERROR   4u
 104:Generated_Source\PSoC4/cyfitter_cfg.c **** #define CYCLOCKSTART_WCO_ERROR   5u
 105:Generated_Source\PSoC4/cyfitter_cfg.c **** 
 106:Generated_Source\PSoC4/cyfitter_cfg.c **** 
 107:Generated_Source\PSoC4/cyfitter_cfg.c **** #ifdef CY_NEED_CYCLOCKSTARTUPERROR
 108:Generated_Source\PSoC4/cyfitter_cfg.c **** /*******************************************************************************
 109:Generated_Source\PSoC4/cyfitter_cfg.c **** * Function Name: CyClockStartupError
 110:Generated_Source\PSoC4/cyfitter_cfg.c **** ********************************************************************************
 111:Generated_Source\PSoC4/cyfitter_cfg.c **** * Summary:
 112:Generated_Source\PSoC4/cyfitter_cfg.c **** *  If an error is encountered during clock configuration (crystal startup error,
 113:Generated_Source\PSoC4/cyfitter_cfg.c **** *  PLL lock error, etc.), the system will end up here.  Unless reimplemented by
 114:Generated_Source\PSoC4/cyfitter_cfg.c **** *  the customer, this function will stop in an infinite loop.
 115:Generated_Source\PSoC4/cyfitter_cfg.c **** *
 116:Generated_Source\PSoC4/cyfitter_cfg.c **** * Parameters:
 117:Generated_Source\PSoC4/cyfitter_cfg.c **** *   void
 118:Generated_Source\PSoC4/cyfitter_cfg.c **** *
 119:Generated_Source\PSoC4/cyfitter_cfg.c **** * Return:
 120:Generated_Source\PSoC4/cyfitter_cfg.c **** *   void
 121:Generated_Source\PSoC4/cyfitter_cfg.c **** *
 122:Generated_Source\PSoC4/cyfitter_cfg.c **** *******************************************************************************/
 123:Generated_Source\PSoC4/cyfitter_cfg.c **** CY_CFG_UNUSED
 124:Generated_Source\PSoC4/cyfitter_cfg.c **** static void CyClockStartupError(uint8 errorCode);
 125:Generated_Source\PSoC4/cyfitter_cfg.c **** CY_CFG_UNUSED
 126:Generated_Source\PSoC4/cyfitter_cfg.c **** static void CyClockStartupError(uint8 errorCode)
 127:Generated_Source\PSoC4/cyfitter_cfg.c **** {
 128:Generated_Source\PSoC4/cyfitter_cfg.c ****     /* To remove the compiler warning if errorCode not used.                */
 129:Generated_Source\PSoC4/cyfitter_cfg.c ****     errorCode = errorCode;
 130:Generated_Source\PSoC4/cyfitter_cfg.c **** 
 131:Generated_Source\PSoC4/cyfitter_cfg.c ****     /* If we have a clock startup error (bad MHz crystal, PLL lock, etc.),  */
 132:Generated_Source\PSoC4/cyfitter_cfg.c ****     /* we will end up here to allow the customer to implement something to  */
 133:Generated_Source\PSoC4/cyfitter_cfg.c ****     /* deal with the clock condition.                                       */
 134:Generated_Source\PSoC4/cyfitter_cfg.c **** 
 135:Generated_Source\PSoC4/cyfitter_cfg.c **** #ifdef CY_CFG_CLOCK_STARTUP_ERROR_CALLBACK
 136:Generated_Source\PSoC4/cyfitter_cfg.c ****     CY_CFG_Clock_Startup_ErrorCallback();
 137:Generated_Source\PSoC4/cyfitter_cfg.c **** #else
 138:Generated_Source\PSoC4/cyfitter_cfg.c ****     /*  If not using CY_CFG_CLOCK_STARTUP_ERROR_CALLBACK, place your clock startup code here. */
 139:Generated_Source\PSoC4/cyfitter_cfg.c ****     /* `#START CyClockStartupError` */
 140:Generated_Source\PSoC4/cyfitter_cfg.c **** 
 141:Generated_Source\PSoC4/cyfitter_cfg.c **** 
 142:Generated_Source\PSoC4/cyfitter_cfg.c **** 
 143:Generated_Source\PSoC4/cyfitter_cfg.c ****     /* `#END` */
 144:Generated_Source\PSoC4/cyfitter_cfg.c **** 
 145:Generated_Source\PSoC4/cyfitter_cfg.c ****     while(1) {}
ARM GAS  C:\Users\LEOTEJ~1\AppData\Local\Temp\ccYNMWlD.s 			page 4


 146:Generated_Source\PSoC4/cyfitter_cfg.c **** #endif /* CY_CFG_CLOCK_STARTUP_ERROR_CALLBACK */
 147:Generated_Source\PSoC4/cyfitter_cfg.c **** }
 148:Generated_Source\PSoC4/cyfitter_cfg.c **** #endif
 149:Generated_Source\PSoC4/cyfitter_cfg.c **** 
 150:Generated_Source\PSoC4/cyfitter_cfg.c **** #define CY_CFG_BASE_ADDR_COUNT 5u
 151:Generated_Source\PSoC4/cyfitter_cfg.c **** CYPACKED typedef struct
 152:Generated_Source\PSoC4/cyfitter_cfg.c **** {
 153:Generated_Source\PSoC4/cyfitter_cfg.c **** 	uint8 offset;
 154:Generated_Source\PSoC4/cyfitter_cfg.c **** 	uint8 value;
 155:Generated_Source\PSoC4/cyfitter_cfg.c **** } CYPACKED_ATTR cy_cfg_addrvalue_t;
 156:Generated_Source\PSoC4/cyfitter_cfg.c **** 
 157:Generated_Source\PSoC4/cyfitter_cfg.c **** 
 158:Generated_Source\PSoC4/cyfitter_cfg.c **** 
 159:Generated_Source\PSoC4/cyfitter_cfg.c **** /*******************************************************************************
 160:Generated_Source\PSoC4/cyfitter_cfg.c **** * Function Name: cfg_write_bytes32
 161:Generated_Source\PSoC4/cyfitter_cfg.c **** ********************************************************************************
 162:Generated_Source\PSoC4/cyfitter_cfg.c **** * Summary:
 163:Generated_Source\PSoC4/cyfitter_cfg.c **** *  This function is used for setting up the chip configuration areas that
 164:Generated_Source\PSoC4/cyfitter_cfg.c **** *  contain relatively sparse data.
 165:Generated_Source\PSoC4/cyfitter_cfg.c **** *
 166:Generated_Source\PSoC4/cyfitter_cfg.c **** * Parameters:
 167:Generated_Source\PSoC4/cyfitter_cfg.c **** *   void
 168:Generated_Source\PSoC4/cyfitter_cfg.c **** *
 169:Generated_Source\PSoC4/cyfitter_cfg.c **** * Return:
 170:Generated_Source\PSoC4/cyfitter_cfg.c **** *   void
 171:Generated_Source\PSoC4/cyfitter_cfg.c **** *
 172:Generated_Source\PSoC4/cyfitter_cfg.c **** *******************************************************************************/
 173:Generated_Source\PSoC4/cyfitter_cfg.c **** static void cfg_write_bytes32(const uint32 addr_table[], const cy_cfg_addrvalue_t data_table[]);
 174:Generated_Source\PSoC4/cyfitter_cfg.c **** static void cfg_write_bytes32(const uint32 addr_table[], const cy_cfg_addrvalue_t data_table[])
 175:Generated_Source\PSoC4/cyfitter_cfg.c **** {
  27              		.loc 1 175 0
  28              		.cfi_startproc
  29              		@ args = 0, pretend = 0, frame = 0
  30              		@ frame_needed = 0, uses_anonymous_args = 0
  31              	.LVL0:
  32 0000 F0B5     		push	{r4, r5, r6, r7, lr}
  33              		.cfi_def_cfa_offset 20
  34              		.cfi_offset 4, -20
  35              		.cfi_offset 5, -16
  36              		.cfi_offset 6, -12
  37              		.cfi_offset 7, -8
  38              		.cfi_offset 14, -4
  39              	.LVL1:
 176:Generated_Source\PSoC4/cyfitter_cfg.c **** 	/* For 32-bit little-endian architectures */
 177:Generated_Source\PSoC4/cyfitter_cfg.c **** 	uint32 i, j = 0u;
  40              		.loc 1 177 0
  41 0002 0025     		movs	r5, #0
 178:Generated_Source\PSoC4/cyfitter_cfg.c **** 	for (i = 0u; i < CY_CFG_BASE_ADDR_COUNT; i++)
  42              		.loc 1 178 0
  43 0004 0027     		movs	r7, #0
  44 0006 11E0     		b	.L2
  45              	.LVL2:
  46              	.L5:
  47              	.LBB2:
 179:Generated_Source\PSoC4/cyfitter_cfg.c **** 	{
 180:Generated_Source\PSoC4/cyfitter_cfg.c **** 		uint32 baseAddr = addr_table[i];
  48              		.loc 1 180 0
ARM GAS  C:\Users\LEOTEJ~1\AppData\Local\Temp\ccYNMWlD.s 			page 5


  49 0008 BB00     		lsls	r3, r7, #2
  50 000a C658     		ldr	r6, [r0, r3]
  51              	.LVL3:
 181:Generated_Source\PSoC4/cyfitter_cfg.c **** 		uint8 count = (uint8)baseAddr;
  52              		.loc 1 181 0
  53 000c F3B2     		uxtb	r3, r6
  54              	.LVL4:
 182:Generated_Source\PSoC4/cyfitter_cfg.c **** 		baseAddr &= 0xFFFFFF00u;
  55              		.loc 1 182 0
  56 000e FF22     		movs	r2, #255
  57 0010 9643     		bics	r6, r2
  58              	.LVL5:
 183:Generated_Source\PSoC4/cyfitter_cfg.c **** 		while (count != 0u)
  59              		.loc 1 183 0
  60 0012 08E0     		b	.L3
  61              	.L4:
 184:Generated_Source\PSoC4/cyfitter_cfg.c **** 		{
 185:Generated_Source\PSoC4/cyfitter_cfg.c **** 			CY_SET_REG8((void *)(baseAddr + data_table[j].offset), data_table[j].value);
  62              		.loc 1 185 0
  63 0014 6A00     		lsls	r2, r5, #1
  64 0016 8A18     		adds	r2, r1, r2
  65 0018 1478     		ldrb	r4, [r2]
  66 001a A419     		adds	r4, r4, r6
  67 001c 5278     		ldrb	r2, [r2, #1]
  68 001e 2270     		strb	r2, [r4]
 186:Generated_Source\PSoC4/cyfitter_cfg.c **** 			j++;
  69              		.loc 1 186 0
  70 0020 0135     		adds	r5, r5, #1
  71              	.LVL6:
 187:Generated_Source\PSoC4/cyfitter_cfg.c **** 			count--;
  72              		.loc 1 187 0
  73 0022 013B     		subs	r3, r3, #1
  74              	.LVL7:
  75 0024 DBB2     		uxtb	r3, r3
  76              	.LVL8:
  77              	.L3:
 183:Generated_Source\PSoC4/cyfitter_cfg.c **** 		{
  78              		.loc 1 183 0
  79 0026 002B     		cmp	r3, #0
  80 0028 F4D1     		bne	.L4
  81              	.LBE2:
 178:Generated_Source\PSoC4/cyfitter_cfg.c **** 	{
  82              		.loc 1 178 0 discriminator 2
  83 002a 0137     		adds	r7, r7, #1
  84              	.LVL9:
  85              	.L2:
 178:Generated_Source\PSoC4/cyfitter_cfg.c **** 	{
  86              		.loc 1 178 0 is_stmt 0 discriminator 1
  87 002c 042F     		cmp	r7, #4
  88 002e EBD9     		bls	.L5
 188:Generated_Source\PSoC4/cyfitter_cfg.c **** 		}
 189:Generated_Source\PSoC4/cyfitter_cfg.c **** 	}
 190:Generated_Source\PSoC4/cyfitter_cfg.c **** }
  89              		.loc 1 190 0 is_stmt 1
  90              		@ sp needed
  91              	.LVL10:
  92              	.LVL11:
ARM GAS  C:\Users\LEOTEJ~1\AppData\Local\Temp\ccYNMWlD.s 			page 6


  93 0030 F0BD     		pop	{r4, r5, r6, r7, pc}
  94              		.cfi_endproc
  95              	.LFE4:
  96              		.size	cfg_write_bytes32, .-cfg_write_bytes32
  97 0032 C046     		.section	.text.AnalogSetDefault,"ax",%progbits
  98              		.align	2
  99              		.code	16
 100              		.thumb_func
 101              		.type	AnalogSetDefault, %function
 102              	AnalogSetDefault:
 103              	.LFB6:
 191:Generated_Source\PSoC4/cyfitter_cfg.c **** 
 192:Generated_Source\PSoC4/cyfitter_cfg.c **** 
 193:Generated_Source\PSoC4/cyfitter_cfg.c **** /*******************************************************************************
 194:Generated_Source\PSoC4/cyfitter_cfg.c **** * Function Name: ClockSetup
 195:Generated_Source\PSoC4/cyfitter_cfg.c **** ********************************************************************************
 196:Generated_Source\PSoC4/cyfitter_cfg.c **** *
 197:Generated_Source\PSoC4/cyfitter_cfg.c **** * Summary:
 198:Generated_Source\PSoC4/cyfitter_cfg.c **** *   Performs the initialization of all of the clocks in the device based on the
 199:Generated_Source\PSoC4/cyfitter_cfg.c **** *   settings in the Clock tab of the DWR.  This includes enabling the requested
 200:Generated_Source\PSoC4/cyfitter_cfg.c **** *   clocks and setting the necessary dividers to produce the desired frequency. 
 201:Generated_Source\PSoC4/cyfitter_cfg.c **** *
 202:Generated_Source\PSoC4/cyfitter_cfg.c **** * Parameters:
 203:Generated_Source\PSoC4/cyfitter_cfg.c **** *   void
 204:Generated_Source\PSoC4/cyfitter_cfg.c **** *
 205:Generated_Source\PSoC4/cyfitter_cfg.c **** * Return:
 206:Generated_Source\PSoC4/cyfitter_cfg.c **** *   void
 207:Generated_Source\PSoC4/cyfitter_cfg.c **** *
 208:Generated_Source\PSoC4/cyfitter_cfg.c **** *******************************************************************************/
 209:Generated_Source\PSoC4/cyfitter_cfg.c **** static void ClockSetup(void);
 210:Generated_Source\PSoC4/cyfitter_cfg.c **** CY_CFG_SECTION
 211:Generated_Source\PSoC4/cyfitter_cfg.c **** static void ClockSetup(void)
 212:Generated_Source\PSoC4/cyfitter_cfg.c **** {
 213:Generated_Source\PSoC4/cyfitter_cfg.c **** 
 214:Generated_Source\PSoC4/cyfitter_cfg.c **** 	/* Set Flash Cycles based on max possible frequency in case a glitch occurs during ClockSetup(). *
 215:Generated_Source\PSoC4/cyfitter_cfg.c **** 	CY_SET_REG32((void CYXDATA *)(CYREG_CPUSS_FLASH_CTL), (0x0012u));
 216:Generated_Source\PSoC4/cyfitter_cfg.c **** 	/* Setup and trim IMO based on desired frequency. */
 217:Generated_Source\PSoC4/cyfitter_cfg.c **** 	CySysClkWriteImoFreq(48u);
 218:Generated_Source\PSoC4/cyfitter_cfg.c **** 	/* CYDEV_CLK_ILO_CONFIG Starting address: CYDEV_CLK_ILO_CONFIG */
 219:Generated_Source\PSoC4/cyfitter_cfg.c **** 	CY_SET_REG32((void *)(CYREG_CLK_ILO_CONFIG), 0x80000006u);
 220:Generated_Source\PSoC4/cyfitter_cfg.c **** 
 221:Generated_Source\PSoC4/cyfitter_cfg.c **** 
 222:Generated_Source\PSoC4/cyfitter_cfg.c **** 	/* Setup phase aligned clocks */
 223:Generated_Source\PSoC4/cyfitter_cfg.c **** 	CY_SET_REG32((void *)CYREG_PERI_DIV_16_CTL0, 0x00004400u);
 224:Generated_Source\PSoC4/cyfitter_cfg.c **** 	CY_SET_REG32((void *)CYREG_PERI_DIV_CMD, 0x8000FF40u);
 225:Generated_Source\PSoC4/cyfitter_cfg.c **** 
 226:Generated_Source\PSoC4/cyfitter_cfg.c **** 	/* CYDEV_CLK_IMO_CONFIG Starting address: CYDEV_CLK_IMO_CONFIG */
 227:Generated_Source\PSoC4/cyfitter_cfg.c **** 	CY_SET_REG32((void *)(CYREG_CLK_IMO_CONFIG), 0x80000000u);
 228:Generated_Source\PSoC4/cyfitter_cfg.c **** 
 229:Generated_Source\PSoC4/cyfitter_cfg.c **** 	/* CYDEV_CLK_SELECT Starting address: CYDEV_CLK_SELECT */
 230:Generated_Source\PSoC4/cyfitter_cfg.c **** 	CY_SET_REG32((void *)(CYREG_CLK_SELECT), 0x00040000u);
 231:Generated_Source\PSoC4/cyfitter_cfg.c **** 
 232:Generated_Source\PSoC4/cyfitter_cfg.c **** 	/* CYDEV_PERI_PCLK_CTL5 Starting address: CYDEV_PERI_PCLK_CTL5 */
 233:Generated_Source\PSoC4/cyfitter_cfg.c **** 	CY_SET_REG32((void *)(CYREG_PERI_PCLK_CTL5), 0x00000040u);
 234:Generated_Source\PSoC4/cyfitter_cfg.c **** 
 235:Generated_Source\PSoC4/cyfitter_cfg.c **** 	(void)CyIntSetVector(7u, &CySysWdtIsr);
 236:Generated_Source\PSoC4/cyfitter_cfg.c **** 	CyIntEnable(7u);
ARM GAS  C:\Users\LEOTEJ~1\AppData\Local\Temp\ccYNMWlD.s 			page 7


 237:Generated_Source\PSoC4/cyfitter_cfg.c **** 	CY_SET_REG32((void *)(CYREG_WDT_CONFIG), 0x00000000u);
 238:Generated_Source\PSoC4/cyfitter_cfg.c **** }
 239:Generated_Source\PSoC4/cyfitter_cfg.c **** 
 240:Generated_Source\PSoC4/cyfitter_cfg.c **** 
 241:Generated_Source\PSoC4/cyfitter_cfg.c **** /* Analog API Functions */
 242:Generated_Source\PSoC4/cyfitter_cfg.c **** 
 243:Generated_Source\PSoC4/cyfitter_cfg.c **** 
 244:Generated_Source\PSoC4/cyfitter_cfg.c **** /*******************************************************************************
 245:Generated_Source\PSoC4/cyfitter_cfg.c **** * Function Name: AnalogSetDefault
 246:Generated_Source\PSoC4/cyfitter_cfg.c **** ********************************************************************************
 247:Generated_Source\PSoC4/cyfitter_cfg.c **** *
 248:Generated_Source\PSoC4/cyfitter_cfg.c **** * Summary:
 249:Generated_Source\PSoC4/cyfitter_cfg.c **** *  Sets up the analog portions of the chip to default values based on chip
 250:Generated_Source\PSoC4/cyfitter_cfg.c **** *  configuration options from the project.
 251:Generated_Source\PSoC4/cyfitter_cfg.c **** *
 252:Generated_Source\PSoC4/cyfitter_cfg.c **** * Parameters:
 253:Generated_Source\PSoC4/cyfitter_cfg.c **** *  void
 254:Generated_Source\PSoC4/cyfitter_cfg.c **** *
 255:Generated_Source\PSoC4/cyfitter_cfg.c **** * Return:
 256:Generated_Source\PSoC4/cyfitter_cfg.c **** *  void
 257:Generated_Source\PSoC4/cyfitter_cfg.c **** *
 258:Generated_Source\PSoC4/cyfitter_cfg.c **** *******************************************************************************/
 259:Generated_Source\PSoC4/cyfitter_cfg.c **** static void AnalogSetDefault(void);
 260:Generated_Source\PSoC4/cyfitter_cfg.c **** static void AnalogSetDefault(void)
 261:Generated_Source\PSoC4/cyfitter_cfg.c **** {
 104              		.loc 1 261 0
 105              		.cfi_startproc
 106              		@ args = 0, pretend = 0, frame = 0
 107              		@ frame_needed = 0, uses_anonymous_args = 0
 108              		@ link register save eliminated.
 262:Generated_Source\PSoC4/cyfitter_cfg.c **** 	CY_SET_XTND_REG32((void CYFAR *)CYREG_CTBM0_DFT_CTRL, 0x00000003u);
 109              		.loc 1 262 0
 110 0000 0323     		movs	r3, #3
 111 0002 044A     		ldr	r2, .L7
 112 0004 1360     		str	r3, [r2]
 263:Generated_Source\PSoC4/cyfitter_cfg.c **** 	CY_SET_XTND_REG32((void CYFAR *)CYREG_CTBM1_DFT_CTRL, 0x00000003u);
 113              		.loc 1 263 0
 114 0006 044A     		ldr	r2, .L7+4
 115 0008 1360     		str	r3, [r2]
 264:Generated_Source\PSoC4/cyfitter_cfg.c **** 	CY_SET_XTND_REG32((void CYFAR *)CYREG_PASS_DSAB_DSAB_CTRL, 0x00000000u);
 116              		.loc 1 264 0
 117 000a 0022     		movs	r2, #0
 118 000c 034B     		ldr	r3, .L7+8
 119 000e 1A60     		str	r2, [r3]
 265:Generated_Source\PSoC4/cyfitter_cfg.c **** }
 120              		.loc 1 265 0
 121              		@ sp needed
 122 0010 7047     		bx	lr
 123              	.L8:
 124 0012 C046     		.align	2
 125              	.L7:
 126 0014 30003040 		.word	1076887600
 127 0018 30003140 		.word	1076953136
 128 001c 000E3F40 		.word	1077874176
 129              		.cfi_endproc
 130              	.LFE6:
 131              		.size	AnalogSetDefault, .-AnalogSetDefault
ARM GAS  C:\Users\LEOTEJ~1\AppData\Local\Temp\ccYNMWlD.s 			page 8


 132              		.section	.text.CYMEMZERO,"ax",%progbits
 133              		.align	2
 134              		.code	16
 135              		.thumb_func
 136              		.type	CYMEMZERO, %function
 137              	CYMEMZERO:
 138              	.LFB1:
  77:Generated_Source\PSoC4/cyfitter_cfg.c **** 	(void)memset(s, 0, n);
 139              		.loc 1 77 0
 140              		.cfi_startproc
 141              		@ args = 0, pretend = 0, frame = 0
 142              		@ frame_needed = 0, uses_anonymous_args = 0
 143              	.LVL12:
 144 0000 10B5     		push	{r4, lr}
 145              		.cfi_def_cfa_offset 8
 146              		.cfi_offset 4, -8
 147              		.cfi_offset 14, -4
 148 0002 0A00     		movs	r2, r1
  78:Generated_Source\PSoC4/cyfitter_cfg.c **** }
 149              		.loc 1 78 0
 150 0004 0021     		movs	r1, #0
 151              	.LVL13:
 152 0006 FFF7FEFF 		bl	memset
 153              	.LVL14:
  79:Generated_Source\PSoC4/cyfitter_cfg.c **** CY_CFG_UNUSED
 154              		.loc 1 79 0
 155              		@ sp needed
 156 000a 10BD     		pop	{r4, pc}
 157              		.cfi_endproc
 158              	.LFE1:
 159              		.size	CYMEMZERO, .-CYMEMZERO
 160              		.section	.psocinit,"ax",%progbits
 161              		.align	2
 162              		.code	16
 163              		.thumb_func
 164              		.type	ClockSetup, %function
 165              	ClockSetup:
 166              	.LFB5:
 212:Generated_Source\PSoC4/cyfitter_cfg.c **** 
 167              		.loc 1 212 0
 168              		.cfi_startproc
 169              		@ args = 0, pretend = 0, frame = 0
 170              		@ frame_needed = 0, uses_anonymous_args = 0
 171 0000 10B5     		push	{r4, lr}
 172              		.cfi_def_cfa_offset 8
 173              		.cfi_offset 4, -8
 174              		.cfi_offset 14, -4
 215:Generated_Source\PSoC4/cyfitter_cfg.c **** 	/* Setup and trim IMO based on desired frequency. */
 175              		.loc 1 215 0
 176 0002 1222     		movs	r2, #18
 177 0004 124B     		ldr	r3, .L11
 178 0006 1A60     		str	r2, [r3]
 217:Generated_Source\PSoC4/cyfitter_cfg.c **** 	/* CYDEV_CLK_ILO_CONFIG Starting address: CYDEV_CLK_ILO_CONFIG */
 179              		.loc 1 217 0
 180 0008 3020     		movs	r0, #48
 181 000a FFF7FEFF 		bl	CySysClkWriteImoFreq
 182              	.LVL15:
ARM GAS  C:\Users\LEOTEJ~1\AppData\Local\Temp\ccYNMWlD.s 			page 9


 219:Generated_Source\PSoC4/cyfitter_cfg.c **** 
 183              		.loc 1 219 0
 184 000e 114A     		ldr	r2, .L11+4
 185 0010 114B     		ldr	r3, .L11+8
 186 0012 1A60     		str	r2, [r3]
 223:Generated_Source\PSoC4/cyfitter_cfg.c **** 	CY_SET_REG32((void *)CYREG_PERI_DIV_CMD, 0x8000FF40u);
 187              		.loc 1 223 0
 188 0014 8822     		movs	r2, #136
 189 0016 D201     		lsls	r2, r2, #7
 190 0018 104B     		ldr	r3, .L11+12
 191 001a 1A60     		str	r2, [r3]
 224:Generated_Source\PSoC4/cyfitter_cfg.c **** 
 192              		.loc 1 224 0
 193 001c 104A     		ldr	r2, .L11+16
 194 001e 114B     		ldr	r3, .L11+20
 195 0020 1A60     		str	r2, [r3]
 227:Generated_Source\PSoC4/cyfitter_cfg.c **** 
 196              		.loc 1 227 0
 197 0022 8022     		movs	r2, #128
 198 0024 1206     		lsls	r2, r2, #24
 199 0026 104B     		ldr	r3, .L11+24
 200 0028 1A60     		str	r2, [r3]
 230:Generated_Source\PSoC4/cyfitter_cfg.c **** 
 201              		.loc 1 230 0
 202 002a 8022     		movs	r2, #128
 203 002c D202     		lsls	r2, r2, #11
 204 002e 0F4B     		ldr	r3, .L11+28
 205 0030 1A60     		str	r2, [r3]
 233:Generated_Source\PSoC4/cyfitter_cfg.c **** 
 206              		.loc 1 233 0
 207 0032 4022     		movs	r2, #64
 208 0034 0E4B     		ldr	r3, .L11+32
 209 0036 1A60     		str	r2, [r3]
 235:Generated_Source\PSoC4/cyfitter_cfg.c **** 	CyIntEnable(7u);
 210              		.loc 1 235 0
 211 0038 0E49     		ldr	r1, .L11+36
 212 003a 0720     		movs	r0, #7
 213 003c FFF7FEFF 		bl	CyIntSetVector
 214              	.LVL16:
 236:Generated_Source\PSoC4/cyfitter_cfg.c **** 	CY_SET_REG32((void *)(CYREG_WDT_CONFIG), 0x00000000u);
 215              		.loc 1 236 0
 216 0040 0720     		movs	r0, #7
 217 0042 FFF7FEFF 		bl	CyIntEnable
 218              	.LVL17:
 237:Generated_Source\PSoC4/cyfitter_cfg.c **** }
 219              		.loc 1 237 0
 220 0046 0022     		movs	r2, #0
 221 0048 0B4B     		ldr	r3, .L11+40
 222 004a 1A60     		str	r2, [r3]
 238:Generated_Source\PSoC4/cyfitter_cfg.c **** 
 223              		.loc 1 238 0
 224              		@ sp needed
 225 004c 10BD     		pop	{r4, pc}
 226              	.L12:
 227 004e C046     		.align	2
 228              	.L11:
 229 0050 30001040 		.word	1074790448
ARM GAS  C:\Users\LEOTEJ~1\AppData\Local\Temp\ccYNMWlD.s 			page 10


 230 0054 06000080 		.word	-2147483642
 231 0058 04010B40 		.word	1074462980
 232 005c 00030140 		.word	1073808128
 233 0060 40FF0080 		.word	-2147418304
 234 0064 00000140 		.word	1073807360
 235 0068 08010B40 		.word	1074462984
 236 006c 00010B40 		.word	1074462976
 237 0070 14010140 		.word	1073807636
 238 0074 00000000 		.word	CySysWdtIsr
 239 0078 0C020B40 		.word	1074463244
 240              		.cfi_endproc
 241              	.LFE5:
 242              		.size	ClockSetup, .-ClockSetup
 243              		.align	2
 244              		.global	cyfitter_cfg
 245              		.code	16
 246              		.thumb_func
 247              		.type	cyfitter_cfg, %function
 248              	cyfitter_cfg:
 249              	.LFB7:
 266:Generated_Source\PSoC4/cyfitter_cfg.c **** 
 267:Generated_Source\PSoC4/cyfitter_cfg.c **** 
 268:Generated_Source\PSoC4/cyfitter_cfg.c **** 
 269:Generated_Source\PSoC4/cyfitter_cfg.c **** 
 270:Generated_Source\PSoC4/cyfitter_cfg.c **** /*******************************************************************************
 271:Generated_Source\PSoC4/cyfitter_cfg.c **** * Function Name: cyfitter_cfg
 272:Generated_Source\PSoC4/cyfitter_cfg.c **** ********************************************************************************
 273:Generated_Source\PSoC4/cyfitter_cfg.c **** * Summary:
 274:Generated_Source\PSoC4/cyfitter_cfg.c **** *  This function is called by the start-up code for the selected device. It
 275:Generated_Source\PSoC4/cyfitter_cfg.c **** *  performs all of the necessary device configuration based on the design
 276:Generated_Source\PSoC4/cyfitter_cfg.c **** *  settings.  This includes settings from the Design Wide Resources (DWR) such
 277:Generated_Source\PSoC4/cyfitter_cfg.c **** *  as Clocks and Pins as well as any component configuration that is necessary.
 278:Generated_Source\PSoC4/cyfitter_cfg.c **** *
 279:Generated_Source\PSoC4/cyfitter_cfg.c **** * Parameters:
 280:Generated_Source\PSoC4/cyfitter_cfg.c **** *   void
 281:Generated_Source\PSoC4/cyfitter_cfg.c **** *
 282:Generated_Source\PSoC4/cyfitter_cfg.c **** * Return:
 283:Generated_Source\PSoC4/cyfitter_cfg.c **** *   void
 284:Generated_Source\PSoC4/cyfitter_cfg.c **** *
 285:Generated_Source\PSoC4/cyfitter_cfg.c **** *******************************************************************************/
 286:Generated_Source\PSoC4/cyfitter_cfg.c **** CY_CFG_SECTION
 287:Generated_Source\PSoC4/cyfitter_cfg.c **** void cyfitter_cfg(void)
 288:Generated_Source\PSoC4/cyfitter_cfg.c **** {
 250              		.loc 1 288 0
 251              		.cfi_startproc
 252              		@ args = 0, pretend = 0, frame = 0
 253              		@ frame_needed = 0, uses_anonymous_args = 0
 254 007c 10B5     		push	{r4, lr}
 255              		.cfi_def_cfa_offset 8
 256              		.cfi_offset 4, -8
 257              		.cfi_offset 14, -4
 289:Generated_Source\PSoC4/cyfitter_cfg.c **** 	/* Disable interrupts by default. Let user enable if/when they want. */
 290:Generated_Source\PSoC4/cyfitter_cfg.c **** 	CyGlobalIntDisable;
 258              		.loc 1 290 0
 259              		.syntax divided
 260              	@ 290 "Generated_Source\PSoC4\cyfitter_cfg.c" 1
 261 007e 72B6     		CPSID   i
ARM GAS  C:\Users\LEOTEJ~1\AppData\Local\Temp\ccYNMWlD.s 			page 11


 262              	@ 0 "" 2
 263              	.LVL18:
 264              		.thumb
 265              		.syntax unified
 266              	.LBB3:
 291:Generated_Source\PSoC4/cyfitter_cfg.c **** 
 292:Generated_Source\PSoC4/cyfitter_cfg.c **** 	{
 293:Generated_Source\PSoC4/cyfitter_cfg.c **** 		static const uint32 CYCODE cy_cfg_addr_table[] = {
 294:Generated_Source\PSoC4/cyfitter_cfg.c **** 			0x400F3202u, /* Base address: 0x400F3200 Count: 2 */
 295:Generated_Source\PSoC4/cyfitter_cfg.c **** 			0x400F3309u, /* Base address: 0x400F3300 Count: 9 */
 296:Generated_Source\PSoC4/cyfitter_cfg.c **** 			0x400F4004u, /* Base address: 0x400F4000 Count: 4 */
 297:Generated_Source\PSoC4/cyfitter_cfg.c **** 			0x400F4105u, /* Base address: 0x400F4100 Count: 5 */
 298:Generated_Source\PSoC4/cyfitter_cfg.c **** 			0x400F4304u, /* Base address: 0x400F4300 Count: 4 */
 299:Generated_Source\PSoC4/cyfitter_cfg.c **** 		};
 300:Generated_Source\PSoC4/cyfitter_cfg.c **** 
 301:Generated_Source\PSoC4/cyfitter_cfg.c **** 		static const cy_cfg_addrvalue_t CYCODE cy_cfg_data_table[] = {
 302:Generated_Source\PSoC4/cyfitter_cfg.c **** 			{0x5Bu, 0x04u},
 303:Generated_Source\PSoC4/cyfitter_cfg.c **** 			{0x5Fu, 0x01u},
 304:Generated_Source\PSoC4/cyfitter_cfg.c **** 			{0x6Cu, 0x24u},
 305:Generated_Source\PSoC4/cyfitter_cfg.c **** 			{0x6Du, 0x40u},
 306:Generated_Source\PSoC4/cyfitter_cfg.c **** 			{0x6Eu, 0x01u},
 307:Generated_Source\PSoC4/cyfitter_cfg.c **** 			{0x80u, 0x04u},
 308:Generated_Source\PSoC4/cyfitter_cfg.c **** 			{0x81u, 0x40u},
 309:Generated_Source\PSoC4/cyfitter_cfg.c **** 			{0x86u, 0x01u},
 310:Generated_Source\PSoC4/cyfitter_cfg.c **** 			{0x8Cu, 0x20u},
 311:Generated_Source\PSoC4/cyfitter_cfg.c **** 			{0xE4u, 0x05u},
 312:Generated_Source\PSoC4/cyfitter_cfg.c **** 			{0xE6u, 0x10u},
 313:Generated_Source\PSoC4/cyfitter_cfg.c **** 			{0x50u, 0x40u},
 314:Generated_Source\PSoC4/cyfitter_cfg.c **** 			{0x57u, 0x02u},
 315:Generated_Source\PSoC4/cyfitter_cfg.c **** 			{0xD4u, 0x20u},
 316:Generated_Source\PSoC4/cyfitter_cfg.c **** 			{0xD6u, 0x20u},
 317:Generated_Source\PSoC4/cyfitter_cfg.c **** 			{0x87u, 0x02u},
 318:Generated_Source\PSoC4/cyfitter_cfg.c **** 			{0x8Cu, 0x40u},
 319:Generated_Source\PSoC4/cyfitter_cfg.c **** 			{0x94u, 0x80u},
 320:Generated_Source\PSoC4/cyfitter_cfg.c **** 			{0xA7u, 0x02u},
 321:Generated_Source\PSoC4/cyfitter_cfg.c **** 			{0xE2u, 0x10u},
 322:Generated_Source\PSoC4/cyfitter_cfg.c **** 			{0x53u, 0x01u},
 323:Generated_Source\PSoC4/cyfitter_cfg.c **** 			{0x57u, 0x08u},
 324:Generated_Source\PSoC4/cyfitter_cfg.c **** 			{0x83u, 0x09u},
 325:Generated_Source\PSoC4/cyfitter_cfg.c **** 			{0xD4u, 0x03u},
 326:Generated_Source\PSoC4/cyfitter_cfg.c **** 		};
 327:Generated_Source\PSoC4/cyfitter_cfg.c **** 
 328:Generated_Source\PSoC4/cyfitter_cfg.c **** 
 329:Generated_Source\PSoC4/cyfitter_cfg.c **** 
 330:Generated_Source\PSoC4/cyfitter_cfg.c **** 		CYPACKED typedef struct {
 331:Generated_Source\PSoC4/cyfitter_cfg.c **** 			void CYFAR *address;
 332:Generated_Source\PSoC4/cyfitter_cfg.c **** 			uint16 size;
 333:Generated_Source\PSoC4/cyfitter_cfg.c **** 		} CYPACKED_ATTR cfg_memset_t;
 334:Generated_Source\PSoC4/cyfitter_cfg.c **** 
 335:Generated_Source\PSoC4/cyfitter_cfg.c **** 		static const cfg_memset_t CYCODE cfg_memset_list[] = {
 336:Generated_Source\PSoC4/cyfitter_cfg.c **** 			/* address, size */
 337:Generated_Source\PSoC4/cyfitter_cfg.c **** 			{(void CYFAR *)(CYDEV_UDB_P0_U0_BASE), 1024u},
 338:Generated_Source\PSoC4/cyfitter_cfg.c **** 			{(void CYFAR *)(CYDEV_UDB_DSI0_BASE), 1024u},
 339:Generated_Source\PSoC4/cyfitter_cfg.c **** 		};
 340:Generated_Source\PSoC4/cyfitter_cfg.c **** 
 341:Generated_Source\PSoC4/cyfitter_cfg.c **** 		uint8 CYDATA i;
 342:Generated_Source\PSoC4/cyfitter_cfg.c **** 
ARM GAS  C:\Users\LEOTEJ~1\AppData\Local\Temp\ccYNMWlD.s 			page 12


 343:Generated_Source\PSoC4/cyfitter_cfg.c **** 		/* Zero out critical memory blocks before beginning configuration */
 344:Generated_Source\PSoC4/cyfitter_cfg.c **** 		for (i = 0u; i < (sizeof(cfg_memset_list)/sizeof(cfg_memset_list[0])); i++)
 267              		.loc 1 344 0
 268 0080 0024     		movs	r4, #0
 269 0082 0FE0     		b	.L14
 270              	.LVL19:
 271              	.L15:
 272              	.LBB4:
 345:Generated_Source\PSoC4/cyfitter_cfg.c **** 		{
 346:Generated_Source\PSoC4/cyfitter_cfg.c **** 			const cfg_memset_t CYCODE * CYDATA ms = &cfg_memset_list[i];
 347:Generated_Source\PSoC4/cyfitter_cfg.c **** 			CYMEMZERO(ms->address, (size_t)(uint32)(ms->size));
 273              		.loc 1 347 0 discriminator 3
 274 0084 2B48     		ldr	r0, .L16
 275 0086 6200     		lsls	r2, r4, #1
 276 0088 1319     		adds	r3, r2, r4
 277 008a 5900     		lsls	r1, r3, #1
 278 008c 0B00     		movs	r3, r1
 279 008e 4118     		adds	r1, r0, r1
 280 0090 8988     		ldrh	r1, [r1, #4]
 281 0092 1A5A     		ldrh	r2, [r3, r0]
 282 0094 C318     		adds	r3, r0, r3
 283 0096 5888     		ldrh	r0, [r3, #2]
 284 0098 0004     		lsls	r0, r0, #16
 285 009a 1043     		orrs	r0, r2
 286 009c FFF7FEFF 		bl	CYMEMZERO
 287              	.LVL20:
 288              	.LBE4:
 344:Generated_Source\PSoC4/cyfitter_cfg.c **** 		{
 289              		.loc 1 344 0 discriminator 3
 290 00a0 0134     		adds	r4, r4, #1
 291              	.LVL21:
 292 00a2 E4B2     		uxtb	r4, r4
 293              	.LVL22:
 294              	.L14:
 344:Generated_Source\PSoC4/cyfitter_cfg.c **** 		{
 295              		.loc 1 344 0 is_stmt 0 discriminator 1
 296 00a4 012C     		cmp	r4, #1
 297 00a6 EDD9     		bls	.L15
 348:Generated_Source\PSoC4/cyfitter_cfg.c **** 		}
 349:Generated_Source\PSoC4/cyfitter_cfg.c **** 
 350:Generated_Source\PSoC4/cyfitter_cfg.c **** 		cfg_write_bytes32(cy_cfg_addr_table, cy_cfg_data_table);
 298              		.loc 1 350 0 is_stmt 1
 299 00a8 2248     		ldr	r0, .L16
 300 00aa 0100     		movs	r1, r0
 301 00ac 0C31     		adds	r1, r1, #12
 302 00ae 3C30     		adds	r0, r0, #60
 303 00b0 FFF7FEFF 		bl	cfg_write_bytes32
 304              	.LVL23:
 351:Generated_Source\PSoC4/cyfitter_cfg.c **** 
 352:Generated_Source\PSoC4/cyfitter_cfg.c **** 		/* HSIOM Starting address: CYDEV_HSIOM_BASE */
 353:Generated_Source\PSoC4/cyfitter_cfg.c **** 		CY_SET_REG32((void *)(CYDEV_HSIOM_BASE), 0x00003300u);
 305              		.loc 1 353 0
 306 00b4 CC22     		movs	r2, #204
 307 00b6 9201     		lsls	r2, r2, #6
 308 00b8 1F4B     		ldr	r3, .L16+4
 309 00ba 1A60     		str	r2, [r3]
 354:Generated_Source\PSoC4/cyfitter_cfg.c **** 		CY_SET_REG32((void *)(CYREG_HSIOM_PORT_SEL3), 0x0000EE33u);
ARM GAS  C:\Users\LEOTEJ~1\AppData\Local\Temp\ccYNMWlD.s 			page 13


 310              		.loc 1 354 0
 311 00bc 1F4A     		ldr	r2, .L16+8
 312 00be 204B     		ldr	r3, .L16+12
 313 00c0 1A60     		str	r2, [r3]
 355:Generated_Source\PSoC4/cyfitter_cfg.c **** 		CY_SET_REG32((void *)(CYREG_HSIOM_PORT_SEL7), 0x00000099u);
 314              		.loc 1 355 0
 315 00c2 9922     		movs	r2, #153
 316 00c4 1F4B     		ldr	r3, .L16+16
 317 00c6 1A60     		str	r2, [r3]
 356:Generated_Source\PSoC4/cyfitter_cfg.c **** 
 357:Generated_Source\PSoC4/cyfitter_cfg.c **** 		/* UDB_PA_0 Starting address: CYDEV_UDB_PA0_BASE */
 358:Generated_Source\PSoC4/cyfitter_cfg.c **** 		CY_SET_REG32((void *)(CYDEV_UDB_PA0_BASE), 0x00990000u);
 318              		.loc 1 358 0
 319 00c8 9923     		movs	r3, #153
 320 00ca 1B04     		lsls	r3, r3, #16
 321 00cc 1E4A     		ldr	r2, .L16+20
 322 00ce 1360     		str	r3, [r2]
 359:Generated_Source\PSoC4/cyfitter_cfg.c **** 		CY_SET_REG32((void *)(CYREG_UDB_PA0_CFG8), 0x00C50000u);
 323              		.loc 1 359 0
 324 00d0 C521     		movs	r1, #197
 325 00d2 0904     		lsls	r1, r1, #16
 326 00d4 1D4A     		ldr	r2, .L16+24
 327 00d6 1160     		str	r1, [r2]
 360:Generated_Source\PSoC4/cyfitter_cfg.c **** 
 361:Generated_Source\PSoC4/cyfitter_cfg.c **** 		/* UDB_PA_3 Starting address: CYDEV_UDB_PA3_BASE */
 362:Generated_Source\PSoC4/cyfitter_cfg.c **** 		CY_SET_REG32((void *)(CYDEV_UDB_PA3_BASE), 0x00990000u);
 328              		.loc 1 362 0
 329 00d8 1D4A     		ldr	r2, .L16+28
 330 00da 1360     		str	r3, [r2]
 363:Generated_Source\PSoC4/cyfitter_cfg.c **** 		CY_SET_REG32((void *)(CYREG_UDB_PA3_CFG8), 0x00060000u);
 331              		.loc 1 363 0
 332 00dc C022     		movs	r2, #192
 333 00de D202     		lsls	r2, r2, #11
 334 00e0 1C4B     		ldr	r3, .L16+32
 335 00e2 1A60     		str	r2, [r3]
 364:Generated_Source\PSoC4/cyfitter_cfg.c **** 
 365:Generated_Source\PSoC4/cyfitter_cfg.c **** 		/* Enable UDB array and digital routing */
 366:Generated_Source\PSoC4/cyfitter_cfg.c **** 		CY_SET_XTND_REG8((void *)CYREG_UDB_UDBIF_WAIT_CFG, (uint8)((CY_GET_XTND_REG8((void *)CYREG_UDB_UD
 336              		.loc 1 366 0
 337 00e4 1C49     		ldr	r1, .L16+36
 338 00e6 0B78     		ldrb	r3, [r1]
 339 00e8 3C22     		movs	r2, #60
 340 00ea 9343     		bics	r3, r2
 341 00ec 1422     		movs	r2, #20
 342 00ee 1343     		orrs	r3, r2
 343 00f0 DBB2     		uxtb	r3, r3
 344 00f2 0B70     		strb	r3, [r1]
 367:Generated_Source\PSoC4/cyfitter_cfg.c **** 		CY_SET_XTND_REG8((void *)CYREG_UDB_UDBIF_BANK_CTL, (uint8)(CY_GET_XTND_REG8((void *)CYREG_UDB_UDB
 345              		.loc 1 367 0
 346 00f4 194A     		ldr	r2, .L16+40
 347 00f6 1178     		ldrb	r1, [r2]
 348 00f8 1623     		movs	r3, #22
 349 00fa 0B43     		orrs	r3, r1
 350 00fc DBB2     		uxtb	r3, r3
 351 00fe 1370     		strb	r3, [r2]
 352              	.LBE3:
 368:Generated_Source\PSoC4/cyfitter_cfg.c **** 	}
ARM GAS  C:\Users\LEOTEJ~1\AppData\Local\Temp\ccYNMWlD.s 			page 14


 369:Generated_Source\PSoC4/cyfitter_cfg.c **** 
 370:Generated_Source\PSoC4/cyfitter_cfg.c **** 	/* Perform second pass device configuration. These items must be configured in specific order afte
 371:Generated_Source\PSoC4/cyfitter_cfg.c **** 	/* IOPINS0_0 Starting address: CYDEV_GPIO_PRT0_BASE */
 372:Generated_Source\PSoC4/cyfitter_cfg.c **** 	CY_SET_REG32((void *)(CYDEV_GPIO_PRT0_BASE), 0x0000000Cu);
 353              		.loc 1 372 0
 354 0100 0C22     		movs	r2, #12
 355 0102 174B     		ldr	r3, .L16+44
 356 0104 1A60     		str	r2, [r3]
 373:Generated_Source\PSoC4/cyfitter_cfg.c **** 	CY_SET_REG32((void *)(CYREG_GPIO_PRT0_PC), 0x00000D80u);
 357              		.loc 1 373 0
 358 0106 D822     		movs	r2, #216
 359 0108 1201     		lsls	r2, r2, #4
 360 010a 164B     		ldr	r3, .L16+48
 361 010c 1A60     		str	r2, [r3]
 374:Generated_Source\PSoC4/cyfitter_cfg.c **** 
 375:Generated_Source\PSoC4/cyfitter_cfg.c **** 	/* IOPINS0_3 Starting address: CYDEV_GPIO_PRT3_BASE */
 376:Generated_Source\PSoC4/cyfitter_cfg.c **** 	CY_SET_REG32((void *)(CYDEV_GPIO_PRT3_BASE), 0x00000003u);
 362              		.loc 1 376 0
 363 010e 0322     		movs	r2, #3
 364 0110 154B     		ldr	r3, .L16+52
 365 0112 1A60     		str	r2, [r3]
 377:Generated_Source\PSoC4/cyfitter_cfg.c **** 	CY_SET_REG32((void *)(CYREG_GPIO_PRT3_PC), 0x00000DB6u);
 366              		.loc 1 377 0
 367 0114 154A     		ldr	r2, .L16+56
 368 0116 164B     		ldr	r3, .L16+60
 369 0118 1A60     		str	r2, [r3]
 378:Generated_Source\PSoC4/cyfitter_cfg.c **** 
 379:Generated_Source\PSoC4/cyfitter_cfg.c **** 	/* IOPINS0_7 Starting address: CYDEV_GPIO_PRT7_BASE */
 380:Generated_Source\PSoC4/cyfitter_cfg.c **** 	CY_SET_REG32((void *)(CYDEV_GPIO_PRT7_BASE), 0x00000002u);
 370              		.loc 1 380 0
 371 011a 0223     		movs	r3, #2
 372 011c 154A     		ldr	r2, .L16+64
 373 011e 1360     		str	r3, [r2]
 381:Generated_Source\PSoC4/cyfitter_cfg.c **** 	CY_SET_REG32((void *)(CYREG_GPIO_PRT7_PC), 0x00000031u);
 374              		.loc 1 381 0
 375 0120 3121     		movs	r1, #49
 376 0122 154A     		ldr	r2, .L16+68
 377 0124 1160     		str	r1, [r2]
 382:Generated_Source\PSoC4/cyfitter_cfg.c **** 	CY_SET_REG32((void *)(CYREG_GPIO_PRT7_PC2), 0x00000002u);
 378              		.loc 1 382 0
 379 0126 154A     		ldr	r2, .L16+72
 380 0128 1360     		str	r3, [r2]
 383:Generated_Source\PSoC4/cyfitter_cfg.c **** 
 384:Generated_Source\PSoC4/cyfitter_cfg.c **** 
 385:Generated_Source\PSoC4/cyfitter_cfg.c **** 	/* Setup clocks based on selections from Clock DWR */
 386:Generated_Source\PSoC4/cyfitter_cfg.c **** 	ClockSetup();
 381              		.loc 1 386 0
 382 012a FFF769FF 		bl	ClockSetup
 383              	.LVL24:
 387:Generated_Source\PSoC4/cyfitter_cfg.c **** 
 388:Generated_Source\PSoC4/cyfitter_cfg.c **** 	/* Perform basic analog initialization to defaults */
 389:Generated_Source\PSoC4/cyfitter_cfg.c **** 	AnalogSetDefault();
 384              		.loc 1 389 0
 385 012e FFF7FEFF 		bl	AnalogSetDefault
 386              	.LVL25:
 390:Generated_Source\PSoC4/cyfitter_cfg.c **** 
 391:Generated_Source\PSoC4/cyfitter_cfg.c **** }
ARM GAS  C:\Users\LEOTEJ~1\AppData\Local\Temp\ccYNMWlD.s 			page 15


 387              		.loc 1 391 0
 388              		@ sp needed
 389              	.LVL26:
 390 0132 10BD     		pop	{r4, pc}
 391              	.L17:
 392              		.align	2
 393              	.L16:
 394 0134 00000000 		.word	.LANCHOR0
 395 0138 00000240 		.word	1073872896
 396 013c 33EE0000 		.word	60979
 397 0140 00030240 		.word	1073873664
 398 0144 00070240 		.word	1073874688
 399 0148 00500F40 		.word	1074745344
 400 014c 08500F40 		.word	1074745352
 401 0150 30500F40 		.word	1074745392
 402 0154 38500F40 		.word	1074745400
 403 0158 01700F40 		.word	1074753537
 404 015c 00700F40 		.word	1074753536
 405 0160 00000440 		.word	1074003968
 406 0164 08000440 		.word	1074003976
 407 0168 00030440 		.word	1074004736
 408 016c B60D0000 		.word	3510
 409 0170 08030440 		.word	1074004744
 410 0174 00070440 		.word	1074005760
 411 0178 08070440 		.word	1074005768
 412 017c 18070440 		.word	1074005784
 413              		.cfi_endproc
 414              	.LFE7:
 415              		.size	cyfitter_cfg, .-cyfitter_cfg
 416              		.section	.rodata
 417              		.align	2
 418              		.set	.LANCHOR0,. + 0
 419              		.type	cfg_memset_list.4911, %object
 420              		.size	cfg_memset_list.4911, 12
 421              	cfg_memset_list.4911:
 422 0000 00300F40 		.word	1074737152
 423 0004 0004     		.short	1024
 424 0006 00400F40 		.4byte	1074741248
 425 000a 0004     		.short	1024
 426              		.type	cy_cfg_data_table.4906, %object
 427              		.size	cy_cfg_data_table.4906, 48
 428              	cy_cfg_data_table.4906:
 429 000c 5B       		.byte	91
 430 000d 04       		.byte	4
 431 000e 5F       		.byte	95
 432 000f 01       		.byte	1
 433 0010 6C       		.byte	108
 434 0011 24       		.byte	36
 435 0012 6D       		.byte	109
 436 0013 40       		.byte	64
 437 0014 6E       		.byte	110
 438 0015 01       		.byte	1
 439 0016 80       		.byte	-128
 440 0017 04       		.byte	4
 441 0018 81       		.byte	-127
 442 0019 40       		.byte	64
 443 001a 86       		.byte	-122
ARM GAS  C:\Users\LEOTEJ~1\AppData\Local\Temp\ccYNMWlD.s 			page 16


 444 001b 01       		.byte	1
 445 001c 8C       		.byte	-116
 446 001d 20       		.byte	32
 447 001e E4       		.byte	-28
 448 001f 05       		.byte	5
 449 0020 E6       		.byte	-26
 450 0021 10       		.byte	16
 451 0022 50       		.byte	80
 452 0023 40       		.byte	64
 453 0024 57       		.byte	87
 454 0025 02       		.byte	2
 455 0026 D4       		.byte	-44
 456 0027 20       		.byte	32
 457 0028 D6       		.byte	-42
 458 0029 20       		.byte	32
 459 002a 87       		.byte	-121
 460 002b 02       		.byte	2
 461 002c 8C       		.byte	-116
 462 002d 40       		.byte	64
 463 002e 94       		.byte	-108
 464 002f 80       		.byte	-128
 465 0030 A7       		.byte	-89
 466 0031 02       		.byte	2
 467 0032 E2       		.byte	-30
 468 0033 10       		.byte	16
 469 0034 53       		.byte	83
 470 0035 01       		.byte	1
 471 0036 57       		.byte	87
 472 0037 08       		.byte	8
 473 0038 83       		.byte	-125
 474 0039 09       		.byte	9
 475 003a D4       		.byte	-44
 476 003b 03       		.byte	3
 477              		.type	cy_cfg_addr_table.4905, %object
 478              		.size	cy_cfg_addr_table.4905, 20
 479              	cy_cfg_addr_table.4905:
 480 003c 02320F40 		.word	1074737666
 481 0040 09330F40 		.word	1074737929
 482 0044 04400F40 		.word	1074741252
 483 0048 05410F40 		.word	1074741509
 484 004c 04430F40 		.word	1074742020
 485              		.text
 486              	.Letext0:
 487              		.file 2 "c:\\program files (x86)\\cypress\\psoc creator\\4.4\\psoc creator\\import\\gnu\\arm\\5.4.
 488              		.file 3 "Generated_Source\\PSoC4\\cytypes.h"
 489              		.file 4 "Generated_Source\\PSoC4\\CyLib.h"
 490              		.section	.debug_info,"",%progbits
 491              	.Ldebug_info0:
 492 0000 B8030000 		.4byte	0x3b8
 493 0004 0400     		.2byte	0x4
 494 0006 00000000 		.4byte	.Ldebug_abbrev0
 495 000a 04       		.byte	0x4
 496 000b 01       		.uleb128 0x1
 497 000c 92010000 		.4byte	.LASF39
 498 0010 0C       		.byte	0xc
 499 0011 BF020000 		.4byte	.LASF40
 500 0015 9A000000 		.4byte	.LASF41
ARM GAS  C:\Users\LEOTEJ~1\AppData\Local\Temp\ccYNMWlD.s 			page 17


 501 0019 00000000 		.4byte	.Ldebug_ranges0+0
 502 001d 00000000 		.4byte	0
 503 0021 00000000 		.4byte	.Ldebug_line0
 504 0025 02       		.uleb128 0x2
 505 0026 04       		.byte	0x4
 506 0027 05       		.byte	0x5
 507 0028 696E7400 		.ascii	"int\000"
 508 002c 03       		.uleb128 0x3
 509 002d 06000000 		.4byte	.LASF12
 510 0031 02       		.byte	0x2
 511 0032 D8       		.byte	0xd8
 512 0033 37000000 		.4byte	0x37
 513 0037 04       		.uleb128 0x4
 514 0038 04       		.byte	0x4
 515 0039 07       		.byte	0x7
 516 003a 59010000 		.4byte	.LASF0
 517 003e 04       		.uleb128 0x4
 518 003f 08       		.byte	0x8
 519 0040 05       		.byte	0x5
 520 0041 52020000 		.4byte	.LASF1
 521 0045 04       		.uleb128 0x4
 522 0046 08       		.byte	0x8
 523 0047 04       		.byte	0x4
 524 0048 A7020000 		.4byte	.LASF2
 525 004c 04       		.uleb128 0x4
 526 004d 01       		.byte	0x1
 527 004e 06       		.byte	0x6
 528 004f B3020000 		.4byte	.LASF3
 529 0053 04       		.uleb128 0x4
 530 0054 01       		.byte	0x1
 531 0055 08       		.byte	0x8
 532 0056 FB000000 		.4byte	.LASF4
 533 005a 04       		.uleb128 0x4
 534 005b 02       		.byte	0x2
 535 005c 05       		.byte	0x5
 536 005d 7F020000 		.4byte	.LASF5
 537 0061 04       		.uleb128 0x4
 538 0062 02       		.byte	0x2
 539 0063 07       		.byte	0x7
 540 0064 3F020000 		.4byte	.LASF6
 541 0068 04       		.uleb128 0x4
 542 0069 04       		.byte	0x4
 543 006a 05       		.byte	0x5
 544 006b 9E020000 		.4byte	.LASF7
 545 006f 04       		.uleb128 0x4
 546 0070 04       		.byte	0x4
 547 0071 07       		.byte	0x7
 548 0072 88000000 		.4byte	.LASF8
 549 0076 04       		.uleb128 0x4
 550 0077 08       		.byte	0x8
 551 0078 07       		.byte	0x7
 552 0079 7B010000 		.4byte	.LASF9
 553 007d 04       		.uleb128 0x4
 554 007e 04       		.byte	0x4
 555 007f 07       		.byte	0x7
 556 0080 36020000 		.4byte	.LASF10
 557 0084 05       		.uleb128 0x5
ARM GAS  C:\Users\LEOTEJ~1\AppData\Local\Temp\ccYNMWlD.s 			page 18


 558 0085 04       		.byte	0x4
 559 0086 04       		.uleb128 0x4
 560 0087 01       		.byte	0x1
 561 0088 08       		.byte	0x8
 562 0089 60020000 		.4byte	.LASF11
 563 008d 06       		.uleb128 0x6
 564 008e EB000000 		.4byte	.LASF13
 565 0092 03       		.byte	0x3
 566 0093 FC01     		.2byte	0x1fc
 567 0095 53000000 		.4byte	0x53
 568 0099 06       		.uleb128 0x6
 569 009a 40010000 		.4byte	.LASF14
 570 009e 03       		.byte	0x3
 571 009f FD01     		.2byte	0x1fd
 572 00a1 61000000 		.4byte	0x61
 573 00a5 06       		.uleb128 0x6
 574 00a6 52010000 		.4byte	.LASF15
 575 00aa 03       		.byte	0x3
 576 00ab FE01     		.2byte	0x1fe
 577 00ad 6F000000 		.4byte	0x6f
 578 00b1 04       		.uleb128 0x4
 579 00b2 04       		.byte	0x4
 580 00b3 04       		.byte	0x4
 581 00b4 68000000 		.4byte	.LASF16
 582 00b8 04       		.uleb128 0x4
 583 00b9 08       		.byte	0x8
 584 00ba 04       		.byte	0x4
 585 00bb 10010000 		.4byte	.LASF17
 586 00bf 06       		.uleb128 0x6
 587 00c0 83000000 		.4byte	.LASF18
 588 00c4 03       		.byte	0x3
 589 00c5 A602     		.2byte	0x2a6
 590 00c7 CB000000 		.4byte	0xcb
 591 00cb 07       		.uleb128 0x7
 592 00cc 8D000000 		.4byte	0x8d
 593 00d0 06       		.uleb128 0x6
 594 00d1 00000000 		.4byte	.LASF19
 595 00d5 03       		.byte	0x3
 596 00d6 A802     		.2byte	0x2a8
 597 00d8 DC000000 		.4byte	0xdc
 598 00dc 07       		.uleb128 0x7
 599 00dd A5000000 		.4byte	0xa5
 600 00e1 08       		.uleb128 0x8
 601 00e2 02       		.byte	0x2
 602 00e3 01       		.byte	0x1
 603 00e4 97       		.byte	0x97
 604 00e5 02010000 		.4byte	0x102
 605 00e9 09       		.uleb128 0x9
 606 00ea 78020000 		.4byte	.LASF20
 607 00ee 01       		.byte	0x1
 608 00ef 99       		.byte	0x99
 609 00f0 8D000000 		.4byte	0x8d
 610 00f4 00       		.byte	0
 611 00f5 09       		.uleb128 0x9
 612 00f6 2D000000 		.4byte	.LASF21
 613 00fa 01       		.byte	0x1
 614 00fb 9A       		.byte	0x9a
ARM GAS  C:\Users\LEOTEJ~1\AppData\Local\Temp\ccYNMWlD.s 			page 19


 615 00fc 8D000000 		.4byte	0x8d
 616 0100 01       		.byte	0x1
 617 0101 00       		.byte	0
 618 0102 03       		.uleb128 0x3
 619 0103 65020000 		.4byte	.LASF22
 620 0107 01       		.byte	0x1
 621 0108 9B       		.byte	0x9b
 622 0109 E1000000 		.4byte	0xe1
 623 010d 0A       		.uleb128 0xa
 624 010e 17010000 		.4byte	.LASF27
 625 0112 01       		.byte	0x1
 626 0113 AE       		.byte	0xae
 627 0114 00000000 		.4byte	.LFB4
 628 0118 32000000 		.4byte	.LFE4-.LFB4
 629 011c 01       		.uleb128 0x1
 630 011d 9C       		.byte	0x9c
 631 011e 7F010000 		.4byte	0x17f
 632 0122 0B       		.uleb128 0xb
 633 0123 35010000 		.4byte	.LASF23
 634 0127 01       		.byte	0x1
 635 0128 AE       		.byte	0xae
 636 0129 7F010000 		.4byte	0x17f
 637 012d 01       		.uleb128 0x1
 638 012e 50       		.byte	0x50
 639 012f 0B       		.uleb128 0xb
 640 0130 47010000 		.4byte	.LASF24
 641 0134 01       		.byte	0x1
 642 0135 AE       		.byte	0xae
 643 0136 8A010000 		.4byte	0x18a
 644 013a 01       		.uleb128 0x1
 645 013b 51       		.byte	0x51
 646 013c 0C       		.uleb128 0xc
 647 013d 6900     		.ascii	"i\000"
 648 013f 01       		.byte	0x1
 649 0140 B1       		.byte	0xb1
 650 0141 A5000000 		.4byte	0xa5
 651 0145 00000000 		.4byte	.LLST0
 652 0149 0C       		.uleb128 0xc
 653 014a 6A00     		.ascii	"j\000"
 654 014c 01       		.byte	0x1
 655 014d B1       		.byte	0xb1
 656 014e A5000000 		.4byte	0xa5
 657 0152 1F000000 		.4byte	.LLST1
 658 0156 0D       		.uleb128 0xd
 659 0157 08000000 		.4byte	.LBB2
 660 015b 22000000 		.4byte	.LBE2-.LBB2
 661 015f 0E       		.uleb128 0xe
 662 0160 2D020000 		.4byte	.LASF25
 663 0164 01       		.byte	0x1
 664 0165 B4       		.byte	0xb4
 665 0166 A5000000 		.4byte	0xa5
 666 016a 3E000000 		.4byte	.LLST2
 667 016e 0E       		.uleb128 0xe
 668 016f 33000000 		.4byte	.LASF26
 669 0173 01       		.byte	0x1
 670 0174 B5       		.byte	0xb5
 671 0175 8D000000 		.4byte	0x8d
ARM GAS  C:\Users\LEOTEJ~1\AppData\Local\Temp\ccYNMWlD.s 			page 20


 672 0179 51000000 		.4byte	.LLST3
 673 017d 00       		.byte	0
 674 017e 00       		.byte	0
 675 017f 0F       		.uleb128 0xf
 676 0180 04       		.byte	0x4
 677 0181 85010000 		.4byte	0x185
 678 0185 10       		.uleb128 0x10
 679 0186 A5000000 		.4byte	0xa5
 680 018a 0F       		.uleb128 0xf
 681 018b 04       		.byte	0x4
 682 018c 90010000 		.4byte	0x190
 683 0190 10       		.uleb128 0x10
 684 0191 02010000 		.4byte	0x102
 685 0195 11       		.uleb128 0x11
 686 0196 0D000000 		.4byte	.LASF42
 687 019a 01       		.byte	0x1
 688 019b 0401     		.2byte	0x104
 689 019d 00000000 		.4byte	.LFB6
 690 01a1 20000000 		.4byte	.LFE6-.LFB6
 691 01a5 01       		.uleb128 0x1
 692 01a6 9C       		.byte	0x9c
 693 01a7 0A       		.uleb128 0xa
 694 01a8 F1000000 		.4byte	.LASF28
 695 01ac 01       		.byte	0x1
 696 01ad 4C       		.byte	0x4c
 697 01ae 00000000 		.4byte	.LFB1
 698 01b2 0C000000 		.4byte	.LFE1-.LFB1
 699 01b6 01       		.uleb128 0x1
 700 01b7 9C       		.byte	0x9c
 701 01b8 F4010000 		.4byte	0x1f4
 702 01bc 12       		.uleb128 0x12
 703 01bd 7300     		.ascii	"s\000"
 704 01bf 01       		.byte	0x1
 705 01c0 4C       		.byte	0x4c
 706 01c1 84000000 		.4byte	0x84
 707 01c5 6F000000 		.4byte	.LLST4
 708 01c9 12       		.uleb128 0x12
 709 01ca 6E00     		.ascii	"n\000"
 710 01cc 01       		.byte	0x1
 711 01cd 4C       		.byte	0x4c
 712 01ce 2C000000 		.4byte	0x2c
 713 01d2 90000000 		.4byte	.LLST5
 714 01d6 13       		.uleb128 0x13
 715 01d7 0A000000 		.4byte	.LVL14
 716 01db 91030000 		.4byte	0x391
 717 01df 14       		.uleb128 0x14
 718 01e0 01       		.uleb128 0x1
 719 01e1 50       		.byte	0x50
 720 01e2 03       		.uleb128 0x3
 721 01e3 F3       		.byte	0xf3
 722 01e4 01       		.uleb128 0x1
 723 01e5 50       		.byte	0x50
 724 01e6 14       		.uleb128 0x14
 725 01e7 01       		.uleb128 0x1
 726 01e8 51       		.byte	0x51
 727 01e9 01       		.uleb128 0x1
 728 01ea 30       		.byte	0x30
ARM GAS  C:\Users\LEOTEJ~1\AppData\Local\Temp\ccYNMWlD.s 			page 21


 729 01eb 14       		.uleb128 0x14
 730 01ec 01       		.uleb128 0x1
 731 01ed 52       		.byte	0x52
 732 01ee 03       		.uleb128 0x3
 733 01ef F3       		.byte	0xf3
 734 01f0 01       		.uleb128 0x1
 735 01f1 51       		.byte	0x51
 736 01f2 00       		.byte	0
 737 01f3 00       		.byte	0
 738 01f4 0A       		.uleb128 0xa
 739 01f5 39000000 		.4byte	.LASF29
 740 01f9 01       		.byte	0x1
 741 01fa D3       		.byte	0xd3
 742 01fb 00000000 		.4byte	.LFB5
 743 01ff 7C000000 		.4byte	.LFE5-.LFB5
 744 0203 01       		.uleb128 0x1
 745 0204 9C       		.byte	0x9c
 746 0205 40020000 		.4byte	0x240
 747 0209 15       		.uleb128 0x15
 748 020a 0E000000 		.4byte	.LVL15
 749 020e 9A030000 		.4byte	0x39a
 750 0212 1D020000 		.4byte	0x21d
 751 0216 14       		.uleb128 0x14
 752 0217 01       		.uleb128 0x1
 753 0218 50       		.byte	0x50
 754 0219 02       		.uleb128 0x2
 755 021a 08       		.byte	0x8
 756 021b 30       		.byte	0x30
 757 021c 00       		.byte	0
 758 021d 15       		.uleb128 0x15
 759 021e 40000000 		.4byte	.LVL16
 760 0222 A5030000 		.4byte	0x3a5
 761 0226 30020000 		.4byte	0x230
 762 022a 14       		.uleb128 0x14
 763 022b 01       		.uleb128 0x1
 764 022c 50       		.byte	0x50
 765 022d 01       		.uleb128 0x1
 766 022e 37       		.byte	0x37
 767 022f 00       		.byte	0
 768 0230 13       		.uleb128 0x13
 769 0231 46000000 		.4byte	.LVL17
 770 0235 B0030000 		.4byte	0x3b0
 771 0239 14       		.uleb128 0x14
 772 023a 01       		.uleb128 0x1
 773 023b 50       		.byte	0x50
 774 023c 01       		.uleb128 0x1
 775 023d 37       		.byte	0x37
 776 023e 00       		.byte	0
 777 023f 00       		.byte	0
 778 0240 16       		.uleb128 0x16
 779 0241 66010000 		.4byte	.LASF43
 780 0245 01       		.byte	0x1
 781 0246 1F01     		.2byte	0x11f
 782 0248 7C000000 		.4byte	.LFB7
 783 024c 04010000 		.4byte	.LFE7-.LFB7
 784 0250 01       		.uleb128 0x1
 785 0251 9C       		.byte	0x9c
ARM GAS  C:\Users\LEOTEJ~1\AppData\Local\Temp\ccYNMWlD.s 			page 22


 786 0252 67030000 		.4byte	0x367
 787 0256 17       		.uleb128 0x17
 788 0257 80000000 		.4byte	.LBB3
 789 025b 80000000 		.4byte	.LBE3-.LBB3
 790 025f 54030000 		.4byte	0x354
 791 0263 18       		.uleb128 0x18
 792 0264 44000000 		.4byte	.LASF30
 793 0268 01       		.byte	0x1
 794 0269 2501     		.2byte	0x125
 795 026b 77030000 		.4byte	0x377
 796 026f 05       		.uleb128 0x5
 797 0270 03       		.byte	0x3
 798 0271 3C000000 		.4byte	cy_cfg_addr_table.4905
 799 0275 18       		.uleb128 0x18
 800 0276 56000000 		.4byte	.LASF31
 801 027a 01       		.byte	0x1
 802 027b 2D01     		.2byte	0x12d
 803 027d 8C030000 		.4byte	0x38c
 804 0281 05       		.uleb128 0x5
 805 0282 03       		.byte	0x3
 806 0283 0C000000 		.4byte	cy_cfg_data_table.4906
 807 0287 19       		.uleb128 0x19
 808 0288 06       		.byte	0x6
 809 0289 01       		.byte	0x1
 810 028a 4A01     		.2byte	0x14a
 811 028c AB020000 		.4byte	0x2ab
 812 0290 1A       		.uleb128 0x1a
 813 0291 73010000 		.4byte	.LASF32
 814 0295 01       		.byte	0x1
 815 0296 4B01     		.2byte	0x14b
 816 0298 84000000 		.4byte	0x84
 817 029c 00       		.byte	0
 818 029d 1A       		.uleb128 0x1a
 819 029e 7E000000 		.4byte	.LASF33
 820 02a2 01       		.byte	0x1
 821 02a3 4C01     		.2byte	0x14c
 822 02a5 99000000 		.4byte	0x99
 823 02a9 04       		.byte	0x4
 824 02aa 00       		.byte	0
 825 02ab 06       		.uleb128 0x6
 826 02ac 20020000 		.4byte	.LASF34
 827 02b0 01       		.byte	0x1
 828 02b1 4D01     		.2byte	0x14d
 829 02b3 87020000 		.4byte	0x287
 830 02b7 1B       		.uleb128 0x1b
 831 02b8 C7020000 		.4byte	0x2c7
 832 02bc C7020000 		.4byte	0x2c7
 833 02c0 1C       		.uleb128 0x1c
 834 02c1 7D000000 		.4byte	0x7d
 835 02c5 01       		.byte	0x1
 836 02c6 00       		.byte	0
 837 02c7 10       		.uleb128 0x10
 838 02c8 AB020000 		.4byte	0x2ab
 839 02cc 18       		.uleb128 0x18
 840 02cd 6E000000 		.4byte	.LASF35
 841 02d1 01       		.byte	0x1
 842 02d2 4F01     		.2byte	0x14f
ARM GAS  C:\Users\LEOTEJ~1\AppData\Local\Temp\ccYNMWlD.s 			page 23


 843 02d4 DE020000 		.4byte	0x2de
 844 02d8 05       		.uleb128 0x5
 845 02d9 03       		.byte	0x3
 846 02da 00000000 		.4byte	cfg_memset_list.4911
 847 02de 10       		.uleb128 0x10
 848 02df B7020000 		.4byte	0x2b7
 849 02e3 1D       		.uleb128 0x1d
 850 02e4 6900     		.ascii	"i\000"
 851 02e6 01       		.byte	0x1
 852 02e7 5501     		.2byte	0x155
 853 02e9 8D000000 		.4byte	0x8d
 854 02ed BC000000 		.4byte	.LLST6
 855 02f1 17       		.uleb128 0x17
 856 02f2 84000000 		.4byte	.LBB4
 857 02f6 1C000000 		.4byte	.LBE4-.LBB4
 858 02fa 37030000 		.4byte	0x337
 859 02fe 1D       		.uleb128 0x1d
 860 02ff 6D7300   		.ascii	"ms\000"
 861 0302 01       		.byte	0x1
 862 0303 5A01     		.2byte	0x15a
 863 0305 0D030000 		.4byte	0x30d
 864 0309 E6000000 		.4byte	.LLST7
 865 030d 0F       		.uleb128 0xf
 866 030e 04       		.byte	0x4
 867 030f C7020000 		.4byte	0x2c7
 868 0313 13       		.uleb128 0x13
 869 0314 A0000000 		.4byte	.LVL20
 870 0318 A7010000 		.4byte	0x1a7
 871 031c 14       		.uleb128 0x14
 872 031d 01       		.uleb128 0x1
 873 031e 51       		.byte	0x51
 874 031f 15       		.uleb128 0x15
 875 0320 74       		.byte	0x74
 876 0321 00       		.sleb128 0
 877 0322 31       		.byte	0x31
 878 0323 24       		.byte	0x24
 879 0324 74       		.byte	0x74
 880 0325 00       		.sleb128 0
 881 0326 22       		.byte	0x22
 882 0327 31       		.byte	0x31
 883 0328 24       		.byte	0x24
 884 0329 03       		.byte	0x3
 885 032a 04000000 		.4byte	.LANCHOR0+4
 886 032e 22       		.byte	0x22
 887 032f 94       		.byte	0x94
 888 0330 02       		.byte	0x2
 889 0331 0A       		.byte	0xa
 890 0332 FFFF     		.2byte	0xffff
 891 0334 1A       		.byte	0x1a
 892 0335 00       		.byte	0
 893 0336 00       		.byte	0
 894 0337 13       		.uleb128 0x13
 895 0338 B4000000 		.4byte	.LVL23
 896 033c 0D010000 		.4byte	0x10d
 897 0340 14       		.uleb128 0x14
 898 0341 01       		.uleb128 0x1
 899 0342 50       		.byte	0x50
ARM GAS  C:\Users\LEOTEJ~1\AppData\Local\Temp\ccYNMWlD.s 			page 24


 900 0343 05       		.uleb128 0x5
 901 0344 03       		.byte	0x3
 902 0345 3C000000 		.4byte	.LANCHOR0+60
 903 0349 14       		.uleb128 0x14
 904 034a 01       		.uleb128 0x1
 905 034b 51       		.byte	0x51
 906 034c 05       		.uleb128 0x5
 907 034d 03       		.byte	0x3
 908 034e 0C000000 		.4byte	.LANCHOR0+12
 909 0352 00       		.byte	0
 910 0353 00       		.byte	0
 911 0354 1E       		.uleb128 0x1e
 912 0355 2E010000 		.4byte	.LVL24
 913 0359 F4010000 		.4byte	0x1f4
 914 035d 1E       		.uleb128 0x1e
 915 035e 32010000 		.4byte	.LVL25
 916 0362 95010000 		.4byte	0x195
 917 0366 00       		.byte	0
 918 0367 1B       		.uleb128 0x1b
 919 0368 85010000 		.4byte	0x185
 920 036c 77030000 		.4byte	0x377
 921 0370 1C       		.uleb128 0x1c
 922 0371 7D000000 		.4byte	0x7d
 923 0375 04       		.byte	0x4
 924 0376 00       		.byte	0
 925 0377 10       		.uleb128 0x10
 926 0378 67030000 		.4byte	0x367
 927 037c 1B       		.uleb128 0x1b
 928 037d 90010000 		.4byte	0x190
 929 0381 8C030000 		.4byte	0x38c
 930 0385 1C       		.uleb128 0x1c
 931 0386 7D000000 		.4byte	0x7d
 932 038a 17       		.byte	0x17
 933 038b 00       		.byte	0
 934 038c 10       		.uleb128 0x10
 935 038d 7C030000 		.4byte	0x37c
 936 0391 1F       		.uleb128 0x1f
 937 0392 09010000 		.4byte	.LASF44
 938 0396 09010000 		.4byte	.LASF44
 939 039a 20       		.uleb128 0x20
 940 039b 89020000 		.4byte	.LASF36
 941 039f 89020000 		.4byte	.LASF36
 942 03a3 04       		.byte	0x4
 943 03a4 6C       		.byte	0x6c
 944 03a5 20       		.uleb128 0x20
 945 03a6 1E000000 		.4byte	.LASF37
 946 03aa 1E000000 		.4byte	.LASF37
 947 03ae 04       		.byte	0x4
 948 03af D0       		.byte	0xd0
 949 03b0 20       		.uleb128 0x20
 950 03b1 29010000 		.4byte	.LASF38
 951 03b5 29010000 		.4byte	.LASF38
 952 03b9 04       		.byte	0x4
 953 03ba D6       		.byte	0xd6
 954 03bb 00       		.byte	0
 955              		.section	.debug_abbrev,"",%progbits
 956              	.Ldebug_abbrev0:
ARM GAS  C:\Users\LEOTEJ~1\AppData\Local\Temp\ccYNMWlD.s 			page 25


 957 0000 01       		.uleb128 0x1
 958 0001 11       		.uleb128 0x11
 959 0002 01       		.byte	0x1
 960 0003 25       		.uleb128 0x25
 961 0004 0E       		.uleb128 0xe
 962 0005 13       		.uleb128 0x13
 963 0006 0B       		.uleb128 0xb
 964 0007 03       		.uleb128 0x3
 965 0008 0E       		.uleb128 0xe
 966 0009 1B       		.uleb128 0x1b
 967 000a 0E       		.uleb128 0xe
 968 000b 55       		.uleb128 0x55
 969 000c 17       		.uleb128 0x17
 970 000d 11       		.uleb128 0x11
 971 000e 01       		.uleb128 0x1
 972 000f 10       		.uleb128 0x10
 973 0010 17       		.uleb128 0x17
 974 0011 00       		.byte	0
 975 0012 00       		.byte	0
 976 0013 02       		.uleb128 0x2
 977 0014 24       		.uleb128 0x24
 978 0015 00       		.byte	0
 979 0016 0B       		.uleb128 0xb
 980 0017 0B       		.uleb128 0xb
 981 0018 3E       		.uleb128 0x3e
 982 0019 0B       		.uleb128 0xb
 983 001a 03       		.uleb128 0x3
 984 001b 08       		.uleb128 0x8
 985 001c 00       		.byte	0
 986 001d 00       		.byte	0
 987 001e 03       		.uleb128 0x3
 988 001f 16       		.uleb128 0x16
 989 0020 00       		.byte	0
 990 0021 03       		.uleb128 0x3
 991 0022 0E       		.uleb128 0xe
 992 0023 3A       		.uleb128 0x3a
 993 0024 0B       		.uleb128 0xb
 994 0025 3B       		.uleb128 0x3b
 995 0026 0B       		.uleb128 0xb
 996 0027 49       		.uleb128 0x49
 997 0028 13       		.uleb128 0x13
 998 0029 00       		.byte	0
 999 002a 00       		.byte	0
 1000 002b 04       		.uleb128 0x4
 1001 002c 24       		.uleb128 0x24
 1002 002d 00       		.byte	0
 1003 002e 0B       		.uleb128 0xb
 1004 002f 0B       		.uleb128 0xb
 1005 0030 3E       		.uleb128 0x3e
 1006 0031 0B       		.uleb128 0xb
 1007 0032 03       		.uleb128 0x3
 1008 0033 0E       		.uleb128 0xe
 1009 0034 00       		.byte	0
 1010 0035 00       		.byte	0
 1011 0036 05       		.uleb128 0x5
 1012 0037 0F       		.uleb128 0xf
 1013 0038 00       		.byte	0
ARM GAS  C:\Users\LEOTEJ~1\AppData\Local\Temp\ccYNMWlD.s 			page 26


 1014 0039 0B       		.uleb128 0xb
 1015 003a 0B       		.uleb128 0xb
 1016 003b 00       		.byte	0
 1017 003c 00       		.byte	0
 1018 003d 06       		.uleb128 0x6
 1019 003e 16       		.uleb128 0x16
 1020 003f 00       		.byte	0
 1021 0040 03       		.uleb128 0x3
 1022 0041 0E       		.uleb128 0xe
 1023 0042 3A       		.uleb128 0x3a
 1024 0043 0B       		.uleb128 0xb
 1025 0044 3B       		.uleb128 0x3b
 1026 0045 05       		.uleb128 0x5
 1027 0046 49       		.uleb128 0x49
 1028 0047 13       		.uleb128 0x13
 1029 0048 00       		.byte	0
 1030 0049 00       		.byte	0
 1031 004a 07       		.uleb128 0x7
 1032 004b 35       		.uleb128 0x35
 1033 004c 00       		.byte	0
 1034 004d 49       		.uleb128 0x49
 1035 004e 13       		.uleb128 0x13
 1036 004f 00       		.byte	0
 1037 0050 00       		.byte	0
 1038 0051 08       		.uleb128 0x8
 1039 0052 13       		.uleb128 0x13
 1040 0053 01       		.byte	0x1
 1041 0054 0B       		.uleb128 0xb
 1042 0055 0B       		.uleb128 0xb
 1043 0056 3A       		.uleb128 0x3a
 1044 0057 0B       		.uleb128 0xb
 1045 0058 3B       		.uleb128 0x3b
 1046 0059 0B       		.uleb128 0xb
 1047 005a 01       		.uleb128 0x1
 1048 005b 13       		.uleb128 0x13
 1049 005c 00       		.byte	0
 1050 005d 00       		.byte	0
 1051 005e 09       		.uleb128 0x9
 1052 005f 0D       		.uleb128 0xd
 1053 0060 00       		.byte	0
 1054 0061 03       		.uleb128 0x3
 1055 0062 0E       		.uleb128 0xe
 1056 0063 3A       		.uleb128 0x3a
 1057 0064 0B       		.uleb128 0xb
 1058 0065 3B       		.uleb128 0x3b
 1059 0066 0B       		.uleb128 0xb
 1060 0067 49       		.uleb128 0x49
 1061 0068 13       		.uleb128 0x13
 1062 0069 38       		.uleb128 0x38
 1063 006a 0B       		.uleb128 0xb
 1064 006b 00       		.byte	0
 1065 006c 00       		.byte	0
 1066 006d 0A       		.uleb128 0xa
 1067 006e 2E       		.uleb128 0x2e
 1068 006f 01       		.byte	0x1
 1069 0070 03       		.uleb128 0x3
 1070 0071 0E       		.uleb128 0xe
ARM GAS  C:\Users\LEOTEJ~1\AppData\Local\Temp\ccYNMWlD.s 			page 27


 1071 0072 3A       		.uleb128 0x3a
 1072 0073 0B       		.uleb128 0xb
 1073 0074 3B       		.uleb128 0x3b
 1074 0075 0B       		.uleb128 0xb
 1075 0076 27       		.uleb128 0x27
 1076 0077 19       		.uleb128 0x19
 1077 0078 11       		.uleb128 0x11
 1078 0079 01       		.uleb128 0x1
 1079 007a 12       		.uleb128 0x12
 1080 007b 06       		.uleb128 0x6
 1081 007c 40       		.uleb128 0x40
 1082 007d 18       		.uleb128 0x18
 1083 007e 9742     		.uleb128 0x2117
 1084 0080 19       		.uleb128 0x19
 1085 0081 01       		.uleb128 0x1
 1086 0082 13       		.uleb128 0x13
 1087 0083 00       		.byte	0
 1088 0084 00       		.byte	0
 1089 0085 0B       		.uleb128 0xb
 1090 0086 05       		.uleb128 0x5
 1091 0087 00       		.byte	0
 1092 0088 03       		.uleb128 0x3
 1093 0089 0E       		.uleb128 0xe
 1094 008a 3A       		.uleb128 0x3a
 1095 008b 0B       		.uleb128 0xb
 1096 008c 3B       		.uleb128 0x3b
 1097 008d 0B       		.uleb128 0xb
 1098 008e 49       		.uleb128 0x49
 1099 008f 13       		.uleb128 0x13
 1100 0090 02       		.uleb128 0x2
 1101 0091 18       		.uleb128 0x18
 1102 0092 00       		.byte	0
 1103 0093 00       		.byte	0
 1104 0094 0C       		.uleb128 0xc
 1105 0095 34       		.uleb128 0x34
 1106 0096 00       		.byte	0
 1107 0097 03       		.uleb128 0x3
 1108 0098 08       		.uleb128 0x8
 1109 0099 3A       		.uleb128 0x3a
 1110 009a 0B       		.uleb128 0xb
 1111 009b 3B       		.uleb128 0x3b
 1112 009c 0B       		.uleb128 0xb
 1113 009d 49       		.uleb128 0x49
 1114 009e 13       		.uleb128 0x13
 1115 009f 02       		.uleb128 0x2
 1116 00a0 17       		.uleb128 0x17
 1117 00a1 00       		.byte	0
 1118 00a2 00       		.byte	0
 1119 00a3 0D       		.uleb128 0xd
 1120 00a4 0B       		.uleb128 0xb
 1121 00a5 01       		.byte	0x1
 1122 00a6 11       		.uleb128 0x11
 1123 00a7 01       		.uleb128 0x1
 1124 00a8 12       		.uleb128 0x12
 1125 00a9 06       		.uleb128 0x6
 1126 00aa 00       		.byte	0
 1127 00ab 00       		.byte	0
ARM GAS  C:\Users\LEOTEJ~1\AppData\Local\Temp\ccYNMWlD.s 			page 28


 1128 00ac 0E       		.uleb128 0xe
 1129 00ad 34       		.uleb128 0x34
 1130 00ae 00       		.byte	0
 1131 00af 03       		.uleb128 0x3
 1132 00b0 0E       		.uleb128 0xe
 1133 00b1 3A       		.uleb128 0x3a
 1134 00b2 0B       		.uleb128 0xb
 1135 00b3 3B       		.uleb128 0x3b
 1136 00b4 0B       		.uleb128 0xb
 1137 00b5 49       		.uleb128 0x49
 1138 00b6 13       		.uleb128 0x13
 1139 00b7 02       		.uleb128 0x2
 1140 00b8 17       		.uleb128 0x17
 1141 00b9 00       		.byte	0
 1142 00ba 00       		.byte	0
 1143 00bb 0F       		.uleb128 0xf
 1144 00bc 0F       		.uleb128 0xf
 1145 00bd 00       		.byte	0
 1146 00be 0B       		.uleb128 0xb
 1147 00bf 0B       		.uleb128 0xb
 1148 00c0 49       		.uleb128 0x49
 1149 00c1 13       		.uleb128 0x13
 1150 00c2 00       		.byte	0
 1151 00c3 00       		.byte	0
 1152 00c4 10       		.uleb128 0x10
 1153 00c5 26       		.uleb128 0x26
 1154 00c6 00       		.byte	0
 1155 00c7 49       		.uleb128 0x49
 1156 00c8 13       		.uleb128 0x13
 1157 00c9 00       		.byte	0
 1158 00ca 00       		.byte	0
 1159 00cb 11       		.uleb128 0x11
 1160 00cc 2E       		.uleb128 0x2e
 1161 00cd 00       		.byte	0
 1162 00ce 03       		.uleb128 0x3
 1163 00cf 0E       		.uleb128 0xe
 1164 00d0 3A       		.uleb128 0x3a
 1165 00d1 0B       		.uleb128 0xb
 1166 00d2 3B       		.uleb128 0x3b
 1167 00d3 05       		.uleb128 0x5
 1168 00d4 27       		.uleb128 0x27
 1169 00d5 19       		.uleb128 0x19
 1170 00d6 11       		.uleb128 0x11
 1171 00d7 01       		.uleb128 0x1
 1172 00d8 12       		.uleb128 0x12
 1173 00d9 06       		.uleb128 0x6
 1174 00da 40       		.uleb128 0x40
 1175 00db 18       		.uleb128 0x18
 1176 00dc 9742     		.uleb128 0x2117
 1177 00de 19       		.uleb128 0x19
 1178 00df 00       		.byte	0
 1179 00e0 00       		.byte	0
 1180 00e1 12       		.uleb128 0x12
 1181 00e2 05       		.uleb128 0x5
 1182 00e3 00       		.byte	0
 1183 00e4 03       		.uleb128 0x3
 1184 00e5 08       		.uleb128 0x8
ARM GAS  C:\Users\LEOTEJ~1\AppData\Local\Temp\ccYNMWlD.s 			page 29


 1185 00e6 3A       		.uleb128 0x3a
 1186 00e7 0B       		.uleb128 0xb
 1187 00e8 3B       		.uleb128 0x3b
 1188 00e9 0B       		.uleb128 0xb
 1189 00ea 49       		.uleb128 0x49
 1190 00eb 13       		.uleb128 0x13
 1191 00ec 02       		.uleb128 0x2
 1192 00ed 17       		.uleb128 0x17
 1193 00ee 00       		.byte	0
 1194 00ef 00       		.byte	0
 1195 00f0 13       		.uleb128 0x13
 1196 00f1 898201   		.uleb128 0x4109
 1197 00f4 01       		.byte	0x1
 1198 00f5 11       		.uleb128 0x11
 1199 00f6 01       		.uleb128 0x1
 1200 00f7 31       		.uleb128 0x31
 1201 00f8 13       		.uleb128 0x13
 1202 00f9 00       		.byte	0
 1203 00fa 00       		.byte	0
 1204 00fb 14       		.uleb128 0x14
 1205 00fc 8A8201   		.uleb128 0x410a
 1206 00ff 00       		.byte	0
 1207 0100 02       		.uleb128 0x2
 1208 0101 18       		.uleb128 0x18
 1209 0102 9142     		.uleb128 0x2111
 1210 0104 18       		.uleb128 0x18
 1211 0105 00       		.byte	0
 1212 0106 00       		.byte	0
 1213 0107 15       		.uleb128 0x15
 1214 0108 898201   		.uleb128 0x4109
 1215 010b 01       		.byte	0x1
 1216 010c 11       		.uleb128 0x11
 1217 010d 01       		.uleb128 0x1
 1218 010e 31       		.uleb128 0x31
 1219 010f 13       		.uleb128 0x13
 1220 0110 01       		.uleb128 0x1
 1221 0111 13       		.uleb128 0x13
 1222 0112 00       		.byte	0
 1223 0113 00       		.byte	0
 1224 0114 16       		.uleb128 0x16
 1225 0115 2E       		.uleb128 0x2e
 1226 0116 01       		.byte	0x1
 1227 0117 3F       		.uleb128 0x3f
 1228 0118 19       		.uleb128 0x19
 1229 0119 03       		.uleb128 0x3
 1230 011a 0E       		.uleb128 0xe
 1231 011b 3A       		.uleb128 0x3a
 1232 011c 0B       		.uleb128 0xb
 1233 011d 3B       		.uleb128 0x3b
 1234 011e 05       		.uleb128 0x5
 1235 011f 27       		.uleb128 0x27
 1236 0120 19       		.uleb128 0x19
 1237 0121 11       		.uleb128 0x11
 1238 0122 01       		.uleb128 0x1
 1239 0123 12       		.uleb128 0x12
 1240 0124 06       		.uleb128 0x6
 1241 0125 40       		.uleb128 0x40
ARM GAS  C:\Users\LEOTEJ~1\AppData\Local\Temp\ccYNMWlD.s 			page 30


 1242 0126 18       		.uleb128 0x18
 1243 0127 9742     		.uleb128 0x2117
 1244 0129 19       		.uleb128 0x19
 1245 012a 01       		.uleb128 0x1
 1246 012b 13       		.uleb128 0x13
 1247 012c 00       		.byte	0
 1248 012d 00       		.byte	0
 1249 012e 17       		.uleb128 0x17
 1250 012f 0B       		.uleb128 0xb
 1251 0130 01       		.byte	0x1
 1252 0131 11       		.uleb128 0x11
 1253 0132 01       		.uleb128 0x1
 1254 0133 12       		.uleb128 0x12
 1255 0134 06       		.uleb128 0x6
 1256 0135 01       		.uleb128 0x1
 1257 0136 13       		.uleb128 0x13
 1258 0137 00       		.byte	0
 1259 0138 00       		.byte	0
 1260 0139 18       		.uleb128 0x18
 1261 013a 34       		.uleb128 0x34
 1262 013b 00       		.byte	0
 1263 013c 03       		.uleb128 0x3
 1264 013d 0E       		.uleb128 0xe
 1265 013e 3A       		.uleb128 0x3a
 1266 013f 0B       		.uleb128 0xb
 1267 0140 3B       		.uleb128 0x3b
 1268 0141 05       		.uleb128 0x5
 1269 0142 49       		.uleb128 0x49
 1270 0143 13       		.uleb128 0x13
 1271 0144 02       		.uleb128 0x2
 1272 0145 18       		.uleb128 0x18
 1273 0146 00       		.byte	0
 1274 0147 00       		.byte	0
 1275 0148 19       		.uleb128 0x19
 1276 0149 13       		.uleb128 0x13
 1277 014a 01       		.byte	0x1
 1278 014b 0B       		.uleb128 0xb
 1279 014c 0B       		.uleb128 0xb
 1280 014d 3A       		.uleb128 0x3a
 1281 014e 0B       		.uleb128 0xb
 1282 014f 3B       		.uleb128 0x3b
 1283 0150 05       		.uleb128 0x5
 1284 0151 01       		.uleb128 0x1
 1285 0152 13       		.uleb128 0x13
 1286 0153 00       		.byte	0
 1287 0154 00       		.byte	0
 1288 0155 1A       		.uleb128 0x1a
 1289 0156 0D       		.uleb128 0xd
 1290 0157 00       		.byte	0
 1291 0158 03       		.uleb128 0x3
 1292 0159 0E       		.uleb128 0xe
 1293 015a 3A       		.uleb128 0x3a
 1294 015b 0B       		.uleb128 0xb
 1295 015c 3B       		.uleb128 0x3b
 1296 015d 05       		.uleb128 0x5
 1297 015e 49       		.uleb128 0x49
 1298 015f 13       		.uleb128 0x13
ARM GAS  C:\Users\LEOTEJ~1\AppData\Local\Temp\ccYNMWlD.s 			page 31


 1299 0160 38       		.uleb128 0x38
 1300 0161 0B       		.uleb128 0xb
 1301 0162 00       		.byte	0
 1302 0163 00       		.byte	0
 1303 0164 1B       		.uleb128 0x1b
 1304 0165 01       		.uleb128 0x1
 1305 0166 01       		.byte	0x1
 1306 0167 49       		.uleb128 0x49
 1307 0168 13       		.uleb128 0x13
 1308 0169 01       		.uleb128 0x1
 1309 016a 13       		.uleb128 0x13
 1310 016b 00       		.byte	0
 1311 016c 00       		.byte	0
 1312 016d 1C       		.uleb128 0x1c
 1313 016e 21       		.uleb128 0x21
 1314 016f 00       		.byte	0
 1315 0170 49       		.uleb128 0x49
 1316 0171 13       		.uleb128 0x13
 1317 0172 2F       		.uleb128 0x2f
 1318 0173 0B       		.uleb128 0xb
 1319 0174 00       		.byte	0
 1320 0175 00       		.byte	0
 1321 0176 1D       		.uleb128 0x1d
 1322 0177 34       		.uleb128 0x34
 1323 0178 00       		.byte	0
 1324 0179 03       		.uleb128 0x3
 1325 017a 08       		.uleb128 0x8
 1326 017b 3A       		.uleb128 0x3a
 1327 017c 0B       		.uleb128 0xb
 1328 017d 3B       		.uleb128 0x3b
 1329 017e 05       		.uleb128 0x5
 1330 017f 49       		.uleb128 0x49
 1331 0180 13       		.uleb128 0x13
 1332 0181 02       		.uleb128 0x2
 1333 0182 17       		.uleb128 0x17
 1334 0183 00       		.byte	0
 1335 0184 00       		.byte	0
 1336 0185 1E       		.uleb128 0x1e
 1337 0186 898201   		.uleb128 0x4109
 1338 0189 00       		.byte	0
 1339 018a 11       		.uleb128 0x11
 1340 018b 01       		.uleb128 0x1
 1341 018c 31       		.uleb128 0x31
 1342 018d 13       		.uleb128 0x13
 1343 018e 00       		.byte	0
 1344 018f 00       		.byte	0
 1345 0190 1F       		.uleb128 0x1f
 1346 0191 2E       		.uleb128 0x2e
 1347 0192 00       		.byte	0
 1348 0193 3F       		.uleb128 0x3f
 1349 0194 19       		.uleb128 0x19
 1350 0195 3C       		.uleb128 0x3c
 1351 0196 19       		.uleb128 0x19
 1352 0197 6E       		.uleb128 0x6e
 1353 0198 0E       		.uleb128 0xe
 1354 0199 03       		.uleb128 0x3
 1355 019a 0E       		.uleb128 0xe
ARM GAS  C:\Users\LEOTEJ~1\AppData\Local\Temp\ccYNMWlD.s 			page 32


 1356 019b 00       		.byte	0
 1357 019c 00       		.byte	0
 1358 019d 20       		.uleb128 0x20
 1359 019e 2E       		.uleb128 0x2e
 1360 019f 00       		.byte	0
 1361 01a0 3F       		.uleb128 0x3f
 1362 01a1 19       		.uleb128 0x19
 1363 01a2 3C       		.uleb128 0x3c
 1364 01a3 19       		.uleb128 0x19
 1365 01a4 6E       		.uleb128 0x6e
 1366 01a5 0E       		.uleb128 0xe
 1367 01a6 03       		.uleb128 0x3
 1368 01a7 0E       		.uleb128 0xe
 1369 01a8 3A       		.uleb128 0x3a
 1370 01a9 0B       		.uleb128 0xb
 1371 01aa 3B       		.uleb128 0x3b
 1372 01ab 0B       		.uleb128 0xb
 1373 01ac 00       		.byte	0
 1374 01ad 00       		.byte	0
 1375 01ae 00       		.byte	0
 1376              		.section	.debug_loc,"",%progbits
 1377              	.Ldebug_loc0:
 1378              	.LLST0:
 1379 0000 02000000 		.4byte	.LVL1
 1380 0004 08000000 		.4byte	.LVL2
 1381 0008 0200     		.2byte	0x2
 1382 000a 30       		.byte	0x30
 1383 000b 9F       		.byte	0x9f
 1384 000c 08000000 		.4byte	.LVL2
 1385 0010 30000000 		.4byte	.LVL11
 1386 0014 0100     		.2byte	0x1
 1387 0016 57       		.byte	0x57
 1388 0017 00000000 		.4byte	0
 1389 001b 00000000 		.4byte	0
 1390              	.LLST1:
 1391 001f 02000000 		.4byte	.LVL1
 1392 0023 08000000 		.4byte	.LVL2
 1393 0027 0200     		.2byte	0x2
 1394 0029 30       		.byte	0x30
 1395 002a 9F       		.byte	0x9f
 1396 002b 08000000 		.4byte	.LVL2
 1397 002f 30000000 		.4byte	.LVL10
 1398 0033 0100     		.2byte	0x1
 1399 0035 55       		.byte	0x55
 1400 0036 00000000 		.4byte	0
 1401 003a 00000000 		.4byte	0
 1402              	.LLST2:
 1403 003e 0C000000 		.4byte	.LVL3
 1404 0042 2C000000 		.4byte	.LVL9
 1405 0046 0100     		.2byte	0x1
 1406 0048 56       		.byte	0x56
 1407 0049 00000000 		.4byte	0
 1408 004d 00000000 		.4byte	0
 1409              	.LLST3:
 1410 0051 0E000000 		.4byte	.LVL4
 1411 0055 24000000 		.4byte	.LVL7
 1412 0059 0100     		.2byte	0x1
ARM GAS  C:\Users\LEOTEJ~1\AppData\Local\Temp\ccYNMWlD.s 			page 33


 1413 005b 53       		.byte	0x53
 1414 005c 26000000 		.4byte	.LVL8
 1415 0060 2C000000 		.4byte	.LVL9
 1416 0064 0100     		.2byte	0x1
 1417 0066 53       		.byte	0x53
 1418 0067 00000000 		.4byte	0
 1419 006b 00000000 		.4byte	0
 1420              	.LLST4:
 1421 006f 00000000 		.4byte	.LVL12
 1422 0073 09000000 		.4byte	.LVL14-1
 1423 0077 0100     		.2byte	0x1
 1424 0079 50       		.byte	0x50
 1425 007a 09000000 		.4byte	.LVL14-1
 1426 007e 0C000000 		.4byte	.LFE1
 1427 0082 0400     		.2byte	0x4
 1428 0084 F3       		.byte	0xf3
 1429 0085 01       		.uleb128 0x1
 1430 0086 50       		.byte	0x50
 1431 0087 9F       		.byte	0x9f
 1432 0088 00000000 		.4byte	0
 1433 008c 00000000 		.4byte	0
 1434              	.LLST5:
 1435 0090 00000000 		.4byte	.LVL12
 1436 0094 06000000 		.4byte	.LVL13
 1437 0098 0100     		.2byte	0x1
 1438 009a 51       		.byte	0x51
 1439 009b 06000000 		.4byte	.LVL13
 1440 009f 09000000 		.4byte	.LVL14-1
 1441 00a3 0100     		.2byte	0x1
 1442 00a5 52       		.byte	0x52
 1443 00a6 09000000 		.4byte	.LVL14-1
 1444 00aa 0C000000 		.4byte	.LFE1
 1445 00ae 0400     		.2byte	0x4
 1446 00b0 F3       		.byte	0xf3
 1447 00b1 01       		.uleb128 0x1
 1448 00b2 51       		.byte	0x51
 1449 00b3 9F       		.byte	0x9f
 1450 00b4 00000000 		.4byte	0
 1451 00b8 00000000 		.4byte	0
 1452              	.LLST6:
 1453 00bc 80000000 		.4byte	.LVL18
 1454 00c0 84000000 		.4byte	.LVL19
 1455 00c4 0200     		.2byte	0x2
 1456 00c6 30       		.byte	0x30
 1457 00c7 9F       		.byte	0x9f
 1458 00c8 84000000 		.4byte	.LVL19
 1459 00cc A2000000 		.4byte	.LVL21
 1460 00d0 0100     		.2byte	0x1
 1461 00d2 54       		.byte	0x54
 1462 00d3 A4000000 		.4byte	.LVL22
 1463 00d7 32010000 		.4byte	.LVL26
 1464 00db 0100     		.2byte	0x1
 1465 00dd 54       		.byte	0x54
 1466 00de 00000000 		.4byte	0
 1467 00e2 00000000 		.4byte	0
 1468              	.LLST7:
 1469 00e6 84000000 		.4byte	.LVL19
ARM GAS  C:\Users\LEOTEJ~1\AppData\Local\Temp\ccYNMWlD.s 			page 34


 1470 00ea A2000000 		.4byte	.LVL21
 1471 00ee 0B00     		.2byte	0xb
 1472 00f0 74       		.byte	0x74
 1473 00f1 00       		.sleb128 0
 1474 00f2 36       		.byte	0x36
 1475 00f3 1E       		.byte	0x1e
 1476 00f4 03       		.byte	0x3
 1477 00f5 00000000 		.4byte	cfg_memset_list.4911
 1478 00f9 22       		.byte	0x22
 1479 00fa 9F       		.byte	0x9f
 1480 00fb A2000000 		.4byte	.LVL21
 1481 00ff A4000000 		.4byte	.LVL22
 1482 0103 0B00     		.2byte	0xb
 1483 0105 74       		.byte	0x74
 1484 0106 7F       		.sleb128 -1
 1485 0107 36       		.byte	0x36
 1486 0108 1E       		.byte	0x1e
 1487 0109 03       		.byte	0x3
 1488 010a 00000000 		.4byte	cfg_memset_list.4911
 1489 010e 22       		.byte	0x22
 1490 010f 9F       		.byte	0x9f
 1491 0110 00000000 		.4byte	0
 1492 0114 00000000 		.4byte	0
 1493              		.section	.debug_aranges,"",%progbits
 1494 0000 3C000000 		.4byte	0x3c
 1495 0004 0200     		.2byte	0x2
 1496 0006 00000000 		.4byte	.Ldebug_info0
 1497 000a 04       		.byte	0x4
 1498 000b 00       		.byte	0
 1499 000c 0000     		.2byte	0
 1500 000e 0000     		.2byte	0
 1501 0010 00000000 		.4byte	.LFB4
 1502 0014 32000000 		.4byte	.LFE4-.LFB4
 1503 0018 00000000 		.4byte	.LFB6
 1504 001c 20000000 		.4byte	.LFE6-.LFB6
 1505 0020 00000000 		.4byte	.LFB1
 1506 0024 0C000000 		.4byte	.LFE1-.LFB1
 1507 0028 00000000 		.4byte	.LFB5
 1508 002c 7C000000 		.4byte	.LFE5-.LFB5
 1509 0030 7C000000 		.4byte	.LFB7
 1510 0034 04010000 		.4byte	.LFE7-.LFB7
 1511 0038 00000000 		.4byte	0
 1512 003c 00000000 		.4byte	0
 1513              		.section	.debug_ranges,"",%progbits
 1514              	.Ldebug_ranges0:
 1515 0000 00000000 		.4byte	.LFB4
 1516 0004 32000000 		.4byte	.LFE4
 1517 0008 00000000 		.4byte	.LFB6
 1518 000c 20000000 		.4byte	.LFE6
 1519 0010 00000000 		.4byte	.LFB1
 1520 0014 0C000000 		.4byte	.LFE1
 1521 0018 00000000 		.4byte	.LFB5
 1522 001c 7C000000 		.4byte	.LFE5
 1523 0020 7C000000 		.4byte	.LFB7
 1524 0024 80010000 		.4byte	.LFE7
 1525 0028 00000000 		.4byte	0
 1526 002c 00000000 		.4byte	0
ARM GAS  C:\Users\LEOTEJ~1\AppData\Local\Temp\ccYNMWlD.s 			page 35


 1527              		.section	.debug_line,"",%progbits
 1528              	.Ldebug_line0:
 1529 0000 74010000 		.section	.debug_str,"MS",%progbits,1
 1529      0200D600 
 1529      00000201 
 1529      FB0E0D00 
 1529      01010101 
 1530              	.LASF19:
 1531 0000 72656733 		.ascii	"reg32\000"
 1531      3200
 1532              	.LASF12:
 1533 0006 73697A65 		.ascii	"size_t\000"
 1533      5F7400
 1534              	.LASF42:
 1535 000d 416E616C 		.ascii	"AnalogSetDefault\000"
 1535      6F675365 
 1535      74446566 
 1535      61756C74 
 1535      00
 1536              	.LASF37:
 1537 001e 4379496E 		.ascii	"CyIntSetVector\000"
 1537      74536574 
 1537      56656374 
 1537      6F7200
 1538              	.LASF21:
 1539 002d 76616C75 		.ascii	"value\000"
 1539      6500
 1540              	.LASF26:
 1541 0033 636F756E 		.ascii	"count\000"
 1541      7400
 1542              	.LASF29:
 1543 0039 436C6F63 		.ascii	"ClockSetup\000"
 1543      6B536574 
 1543      757000
 1544              	.LASF30:
 1545 0044 63795F63 		.ascii	"cy_cfg_addr_table\000"
 1545      66675F61 
 1545      6464725F 
 1545      7461626C 
 1545      6500
 1546              	.LASF31:
 1547 0056 63795F63 		.ascii	"cy_cfg_data_table\000"
 1547      66675F64 
 1547      6174615F 
 1547      7461626C 
 1547      6500
 1548              	.LASF16:
 1549 0068 666C6F61 		.ascii	"float\000"
 1549      7400
 1550              	.LASF35:
 1551 006e 6366675F 		.ascii	"cfg_memset_list\000"
 1551      6D656D73 
 1551      65745F6C 
 1551      69737400 
 1552              	.LASF33:
 1553 007e 73697A65 		.ascii	"size\000"
 1553      00
ARM GAS  C:\Users\LEOTEJ~1\AppData\Local\Temp\ccYNMWlD.s 			page 36


 1554              	.LASF18:
 1555 0083 72656738 		.ascii	"reg8\000"
 1555      00
 1556              	.LASF8:
 1557 0088 6C6F6E67 		.ascii	"long unsigned int\000"
 1557      20756E73 
 1557      69676E65 
 1557      6420696E 
 1557      7400
 1558              	.LASF41:
 1559 009a 433A5C55 		.ascii	"C:\\Users\\Leo Tejkowski\\Desktop\\ece381\\Lab 4 - "
 1559      73657273 
 1559      5C4C656F 
 1559      2054656A 
 1559      6B6F7773 
 1560 00c8 55415254 		.ascii	"UART Motors\\Project\\Design01.cydsn\000"
 1560      204D6F74 
 1560      6F72735C 
 1560      50726F6A 
 1560      6563745C 
 1561              	.LASF13:
 1562 00eb 75696E74 		.ascii	"uint8\000"
 1562      3800
 1563              	.LASF28:
 1564 00f1 43594D45 		.ascii	"CYMEMZERO\000"
 1564      4D5A4552 
 1564      4F00
 1565              	.LASF4:
 1566 00fb 756E7369 		.ascii	"unsigned char\000"
 1566      676E6564 
 1566      20636861 
 1566      7200
 1567              	.LASF44:
 1568 0109 6D656D73 		.ascii	"memset\000"
 1568      657400
 1569              	.LASF17:
 1570 0110 646F7562 		.ascii	"double\000"
 1570      6C6500
 1571              	.LASF27:
 1572 0117 6366675F 		.ascii	"cfg_write_bytes32\000"
 1572      77726974 
 1572      655F6279 
 1572      74657333 
 1572      3200
 1573              	.LASF38:
 1574 0129 4379496E 		.ascii	"CyIntEnable\000"
 1574      74456E61 
 1574      626C6500 
 1575              	.LASF23:
 1576 0135 61646472 		.ascii	"addr_table\000"
 1576      5F746162 
 1576      6C6500
 1577              	.LASF14:
 1578 0140 75696E74 		.ascii	"uint16\000"
 1578      313600
 1579              	.LASF24:
 1580 0147 64617461 		.ascii	"data_table\000"
ARM GAS  C:\Users\LEOTEJ~1\AppData\Local\Temp\ccYNMWlD.s 			page 37


 1580      5F746162 
 1580      6C6500
 1581              	.LASF15:
 1582 0152 75696E74 		.ascii	"uint32\000"
 1582      333200
 1583              	.LASF0:
 1584 0159 756E7369 		.ascii	"unsigned int\000"
 1584      676E6564 
 1584      20696E74 
 1584      00
 1585              	.LASF43:
 1586 0166 63796669 		.ascii	"cyfitter_cfg\000"
 1586      74746572 
 1586      5F636667 
 1586      00
 1587              	.LASF32:
 1588 0173 61646472 		.ascii	"address\000"
 1588      65737300 
 1589              	.LASF9:
 1590 017b 6C6F6E67 		.ascii	"long long unsigned int\000"
 1590      206C6F6E 
 1590      6720756E 
 1590      7369676E 
 1590      65642069 
 1591              	.LASF39:
 1592 0192 474E5520 		.ascii	"GNU C11 5.4.1 20160609 (release) [ARM/embedded-5-br"
 1592      43313120 
 1592      352E342E 
 1592      31203230 
 1592      31363036 
 1593 01c5 616E6368 		.ascii	"anch revision 237715] -mcpu=cortex-m0 -mthumb -g -O"
 1593      20726576 
 1593      6973696F 
 1593      6E203233 
 1593      37373135 
 1594 01f8 67202D66 		.ascii	"g -ffunction-sections -ffat-lto-objects\000"
 1594      66756E63 
 1594      74696F6E 
 1594      2D736563 
 1594      74696F6E 
 1595              	.LASF34:
 1596 0220 6366675F 		.ascii	"cfg_memset_t\000"
 1596      6D656D73 
 1596      65745F74 
 1596      00
 1597              	.LASF25:
 1598 022d 62617365 		.ascii	"baseAddr\000"
 1598      41646472 
 1598      00
 1599              	.LASF10:
 1600 0236 73697A65 		.ascii	"sizetype\000"
 1600      74797065 
 1600      00
 1601              	.LASF6:
 1602 023f 73686F72 		.ascii	"short unsigned int\000"
 1602      7420756E 
 1602      7369676E 
ARM GAS  C:\Users\LEOTEJ~1\AppData\Local\Temp\ccYNMWlD.s 			page 38


 1602      65642069 
 1602      6E7400
 1603              	.LASF1:
 1604 0252 6C6F6E67 		.ascii	"long long int\000"
 1604      206C6F6E 
 1604      6720696E 
 1604      7400
 1605              	.LASF11:
 1606 0260 63686172 		.ascii	"char\000"
 1606      00
 1607              	.LASF22:
 1608 0265 63795F63 		.ascii	"cy_cfg_addrvalue_t\000"
 1608      66675F61 
 1608      64647276 
 1608      616C7565 
 1608      5F7400
 1609              	.LASF20:
 1610 0278 6F666673 		.ascii	"offset\000"
 1610      657400
 1611              	.LASF5:
 1612 027f 73686F72 		.ascii	"short int\000"
 1612      7420696E 
 1612      7400
 1613              	.LASF36:
 1614 0289 43795379 		.ascii	"CySysClkWriteImoFreq\000"
 1614      73436C6B 
 1614      57726974 
 1614      65496D6F 
 1614      46726571 
 1615              	.LASF7:
 1616 029e 6C6F6E67 		.ascii	"long int\000"
 1616      20696E74 
 1616      00
 1617              	.LASF2:
 1618 02a7 6C6F6E67 		.ascii	"long double\000"
 1618      20646F75 
 1618      626C6500 
 1619              	.LASF3:
 1620 02b3 7369676E 		.ascii	"signed char\000"
 1620      65642063 
 1620      68617200 
 1621              	.LASF40:
 1622 02bf 47656E65 		.ascii	"Generated_Source\\PSoC4\\cyfitter_cfg.c\000"
 1622      72617465 
 1622      645F536F 
 1622      75726365 
 1622      5C50536F 
 1623              		.ident	"GCC: (GNU Tools for ARM Embedded Processors) 5.4.1 20160609 (release) [ARM/embedded-5-bran
