ARM GAS  C:\Users\HELLOK~1\AppData\Local\Temp\ccaww5RE.s 			page 1


   1              		.syntax unified
   2              		.cpu cortex-m0
   3              		.fpu softvfp
   4              		.eabi_attribute 20, 1
   5              		.eabi_attribute 21, 1
   6              		.eabi_attribute 23, 3
   7              		.eabi_attribute 24, 1
   8              		.eabi_attribute 25, 1
   9              		.eabi_attribute 26, 1
  10              		.eabi_attribute 30, 1
  11              		.eabi_attribute 34, 0
  12              		.eabi_attribute 18, 4
  13              		.thumb
  14              		.syntax unified
  15              		.file	"BTN_ISR.c"
  16              		.text
  17              	.Ltext0:
  18              		.cfi_sections	.debug_frame
  19              		.section	.text.BTN_ISR_Interrupt,"ax",%progbits
  20              		.align	2
  21              		.global	BTN_ISR_Interrupt
  22              		.code	16
  23              		.thumb_func
  24              		.type	BTN_ISR_Interrupt, %function
  25              	BTN_ISR_Interrupt:
  26              	.LFB4:
  27              		.file 1 "Generated_Source\\PSoC4\\BTN_ISR.c"
   1:Generated_Source\PSoC4/BTN_ISR.c **** /*******************************************************************************
   2:Generated_Source\PSoC4/BTN_ISR.c **** * File Name: BTN_ISR.c  
   3:Generated_Source\PSoC4/BTN_ISR.c **** * Version 1.70
   4:Generated_Source\PSoC4/BTN_ISR.c **** *
   5:Generated_Source\PSoC4/BTN_ISR.c **** *  Description:
   6:Generated_Source\PSoC4/BTN_ISR.c **** *   API for controlling the state of an interrupt.
   7:Generated_Source\PSoC4/BTN_ISR.c **** *
   8:Generated_Source\PSoC4/BTN_ISR.c **** *
   9:Generated_Source\PSoC4/BTN_ISR.c **** *  Note:
  10:Generated_Source\PSoC4/BTN_ISR.c **** *
  11:Generated_Source\PSoC4/BTN_ISR.c **** ********************************************************************************
  12:Generated_Source\PSoC4/BTN_ISR.c **** * Copyright 2008-2015, Cypress Semiconductor Corporation.  All rights reserved.
  13:Generated_Source\PSoC4/BTN_ISR.c **** * You may use this file only in accordance with the license, terms, conditions, 
  14:Generated_Source\PSoC4/BTN_ISR.c **** * disclaimers, and limitations in the end user license agreement accompanying 
  15:Generated_Source\PSoC4/BTN_ISR.c **** * the software package with which this file was provided.
  16:Generated_Source\PSoC4/BTN_ISR.c **** *******************************************************************************/
  17:Generated_Source\PSoC4/BTN_ISR.c **** 
  18:Generated_Source\PSoC4/BTN_ISR.c **** 
  19:Generated_Source\PSoC4/BTN_ISR.c **** #include <cydevice_trm.h>
  20:Generated_Source\PSoC4/BTN_ISR.c **** #include <CyLib.h>
  21:Generated_Source\PSoC4/BTN_ISR.c **** #include <BTN_ISR.h>
  22:Generated_Source\PSoC4/BTN_ISR.c **** #include "cyapicallbacks.h"
  23:Generated_Source\PSoC4/BTN_ISR.c **** 
  24:Generated_Source\PSoC4/BTN_ISR.c **** #if !defined(BTN_ISR__REMOVED) /* Check for removal by optimization */
  25:Generated_Source\PSoC4/BTN_ISR.c **** 
  26:Generated_Source\PSoC4/BTN_ISR.c **** /*******************************************************************************
  27:Generated_Source\PSoC4/BTN_ISR.c **** *  Place your includes, defines and code here 
  28:Generated_Source\PSoC4/BTN_ISR.c **** ********************************************************************************/
  29:Generated_Source\PSoC4/BTN_ISR.c **** /* `#START BTN_ISR_intc` */
  30:Generated_Source\PSoC4/BTN_ISR.c **** #include "BTN.h"
ARM GAS  C:\Users\HELLOK~1\AppData\Local\Temp\ccaww5RE.s 			page 2


  31:Generated_Source\PSoC4/BTN_ISR.c **** extern volatile int buttonAsync;
  32:Generated_Source\PSoC4/BTN_ISR.c **** /* `#END` */
  33:Generated_Source\PSoC4/BTN_ISR.c **** 
  34:Generated_Source\PSoC4/BTN_ISR.c **** extern cyisraddress CyRamVectors[CYINT_IRQ_BASE + CY_NUM_INTERRUPTS];
  35:Generated_Source\PSoC4/BTN_ISR.c **** 
  36:Generated_Source\PSoC4/BTN_ISR.c **** /* Declared in startup, used to set unused interrupts to. */
  37:Generated_Source\PSoC4/BTN_ISR.c **** CY_ISR_PROTO(IntDefaultHandler);
  38:Generated_Source\PSoC4/BTN_ISR.c **** 
  39:Generated_Source\PSoC4/BTN_ISR.c **** 
  40:Generated_Source\PSoC4/BTN_ISR.c **** /*******************************************************************************
  41:Generated_Source\PSoC4/BTN_ISR.c **** * Function Name: BTN_ISR_Start
  42:Generated_Source\PSoC4/BTN_ISR.c **** ********************************************************************************
  43:Generated_Source\PSoC4/BTN_ISR.c **** *
  44:Generated_Source\PSoC4/BTN_ISR.c **** * Summary:
  45:Generated_Source\PSoC4/BTN_ISR.c **** *  Set up the interrupt and enable it. This function disables the interrupt, 
  46:Generated_Source\PSoC4/BTN_ISR.c **** *  sets the default interrupt vector, sets the priority from the value in the
  47:Generated_Source\PSoC4/BTN_ISR.c **** *  Design Wide Resources Interrupt Editor, then enables the interrupt to the 
  48:Generated_Source\PSoC4/BTN_ISR.c **** *  interrupt controller.
  49:Generated_Source\PSoC4/BTN_ISR.c **** *
  50:Generated_Source\PSoC4/BTN_ISR.c **** * Parameters:  
  51:Generated_Source\PSoC4/BTN_ISR.c **** *   None
  52:Generated_Source\PSoC4/BTN_ISR.c **** *
  53:Generated_Source\PSoC4/BTN_ISR.c **** * Return:
  54:Generated_Source\PSoC4/BTN_ISR.c **** *   None
  55:Generated_Source\PSoC4/BTN_ISR.c **** *
  56:Generated_Source\PSoC4/BTN_ISR.c **** *******************************************************************************/
  57:Generated_Source\PSoC4/BTN_ISR.c **** void BTN_ISR_Start(void)
  58:Generated_Source\PSoC4/BTN_ISR.c **** {
  59:Generated_Source\PSoC4/BTN_ISR.c ****     /* For all we know the interrupt is active. */
  60:Generated_Source\PSoC4/BTN_ISR.c ****     BTN_ISR_Disable();
  61:Generated_Source\PSoC4/BTN_ISR.c **** 
  62:Generated_Source\PSoC4/BTN_ISR.c ****     /* Set the ISR to point to the BTN_ISR Interrupt. */
  63:Generated_Source\PSoC4/BTN_ISR.c ****     BTN_ISR_SetVector(&BTN_ISR_Interrupt);
  64:Generated_Source\PSoC4/BTN_ISR.c **** 
  65:Generated_Source\PSoC4/BTN_ISR.c ****     /* Set the priority. */
  66:Generated_Source\PSoC4/BTN_ISR.c ****     BTN_ISR_SetPriority((uint8)BTN_ISR_INTC_PRIOR_NUMBER);
  67:Generated_Source\PSoC4/BTN_ISR.c **** 
  68:Generated_Source\PSoC4/BTN_ISR.c ****     /* Enable it. */
  69:Generated_Source\PSoC4/BTN_ISR.c ****     BTN_ISR_Enable();
  70:Generated_Source\PSoC4/BTN_ISR.c **** }
  71:Generated_Source\PSoC4/BTN_ISR.c **** 
  72:Generated_Source\PSoC4/BTN_ISR.c **** 
  73:Generated_Source\PSoC4/BTN_ISR.c **** /*******************************************************************************
  74:Generated_Source\PSoC4/BTN_ISR.c **** * Function Name: BTN_ISR_StartEx
  75:Generated_Source\PSoC4/BTN_ISR.c **** ********************************************************************************
  76:Generated_Source\PSoC4/BTN_ISR.c **** *
  77:Generated_Source\PSoC4/BTN_ISR.c **** * Summary:
  78:Generated_Source\PSoC4/BTN_ISR.c **** *  Sets up the interrupt and enables it. This function disables the interrupt,
  79:Generated_Source\PSoC4/BTN_ISR.c **** *  sets the interrupt vector based on the address passed in, sets the priority 
  80:Generated_Source\PSoC4/BTN_ISR.c **** *  from the value in the Design Wide Resources Interrupt Editor, then enables 
  81:Generated_Source\PSoC4/BTN_ISR.c **** *  the interrupt to the interrupt controller.
  82:Generated_Source\PSoC4/BTN_ISR.c **** *  
  83:Generated_Source\PSoC4/BTN_ISR.c **** *  When defining ISR functions, the CY_ISR and CY_ISR_PROTO macros should be 
  84:Generated_Source\PSoC4/BTN_ISR.c **** *  used to provide consistent definition across compilers:
  85:Generated_Source\PSoC4/BTN_ISR.c **** *  
  86:Generated_Source\PSoC4/BTN_ISR.c **** *  Function definition example:
  87:Generated_Source\PSoC4/BTN_ISR.c **** *   CY_ISR(MyISR)
ARM GAS  C:\Users\HELLOK~1\AppData\Local\Temp\ccaww5RE.s 			page 3


  88:Generated_Source\PSoC4/BTN_ISR.c **** *   {
  89:Generated_Source\PSoC4/BTN_ISR.c **** *   }
  90:Generated_Source\PSoC4/BTN_ISR.c **** *   Function prototype example:
  91:Generated_Source\PSoC4/BTN_ISR.c **** *   CY_ISR_PROTO(MyISR);
  92:Generated_Source\PSoC4/BTN_ISR.c **** *
  93:Generated_Source\PSoC4/BTN_ISR.c **** * Parameters:  
  94:Generated_Source\PSoC4/BTN_ISR.c **** *   address: Address of the ISR to set in the interrupt vector table.
  95:Generated_Source\PSoC4/BTN_ISR.c **** *
  96:Generated_Source\PSoC4/BTN_ISR.c **** * Return:
  97:Generated_Source\PSoC4/BTN_ISR.c **** *   None
  98:Generated_Source\PSoC4/BTN_ISR.c **** *
  99:Generated_Source\PSoC4/BTN_ISR.c **** *******************************************************************************/
 100:Generated_Source\PSoC4/BTN_ISR.c **** void BTN_ISR_StartEx(cyisraddress address)
 101:Generated_Source\PSoC4/BTN_ISR.c **** {
 102:Generated_Source\PSoC4/BTN_ISR.c ****     /* For all we know the interrupt is active. */
 103:Generated_Source\PSoC4/BTN_ISR.c ****     BTN_ISR_Disable();
 104:Generated_Source\PSoC4/BTN_ISR.c **** 
 105:Generated_Source\PSoC4/BTN_ISR.c ****     /* Set the ISR to point to the BTN_ISR Interrupt. */
 106:Generated_Source\PSoC4/BTN_ISR.c ****     BTN_ISR_SetVector(address);
 107:Generated_Source\PSoC4/BTN_ISR.c **** 
 108:Generated_Source\PSoC4/BTN_ISR.c ****     /* Set the priority. */
 109:Generated_Source\PSoC4/BTN_ISR.c ****     BTN_ISR_SetPriority((uint8)BTN_ISR_INTC_PRIOR_NUMBER);
 110:Generated_Source\PSoC4/BTN_ISR.c **** 
 111:Generated_Source\PSoC4/BTN_ISR.c ****     /* Enable it. */
 112:Generated_Source\PSoC4/BTN_ISR.c ****     BTN_ISR_Enable();
 113:Generated_Source\PSoC4/BTN_ISR.c **** }
 114:Generated_Source\PSoC4/BTN_ISR.c **** 
 115:Generated_Source\PSoC4/BTN_ISR.c **** 
 116:Generated_Source\PSoC4/BTN_ISR.c **** /*******************************************************************************
 117:Generated_Source\PSoC4/BTN_ISR.c **** * Function Name: BTN_ISR_Stop
 118:Generated_Source\PSoC4/BTN_ISR.c **** ********************************************************************************
 119:Generated_Source\PSoC4/BTN_ISR.c **** *
 120:Generated_Source\PSoC4/BTN_ISR.c **** * Summary:
 121:Generated_Source\PSoC4/BTN_ISR.c **** *   Disables and removes the interrupt.
 122:Generated_Source\PSoC4/BTN_ISR.c **** *
 123:Generated_Source\PSoC4/BTN_ISR.c **** * Parameters:  
 124:Generated_Source\PSoC4/BTN_ISR.c **** *   None
 125:Generated_Source\PSoC4/BTN_ISR.c **** *
 126:Generated_Source\PSoC4/BTN_ISR.c **** * Return:
 127:Generated_Source\PSoC4/BTN_ISR.c **** *   None
 128:Generated_Source\PSoC4/BTN_ISR.c **** *
 129:Generated_Source\PSoC4/BTN_ISR.c **** *******************************************************************************/
 130:Generated_Source\PSoC4/BTN_ISR.c **** void BTN_ISR_Stop(void)
 131:Generated_Source\PSoC4/BTN_ISR.c **** {
 132:Generated_Source\PSoC4/BTN_ISR.c ****     /* Disable this interrupt. */
 133:Generated_Source\PSoC4/BTN_ISR.c ****     BTN_ISR_Disable();
 134:Generated_Source\PSoC4/BTN_ISR.c **** 
 135:Generated_Source\PSoC4/BTN_ISR.c ****     /* Set the ISR to point to the passive one. */
 136:Generated_Source\PSoC4/BTN_ISR.c ****     BTN_ISR_SetVector(&IntDefaultHandler);
 137:Generated_Source\PSoC4/BTN_ISR.c **** }
 138:Generated_Source\PSoC4/BTN_ISR.c **** 
 139:Generated_Source\PSoC4/BTN_ISR.c **** 
 140:Generated_Source\PSoC4/BTN_ISR.c **** /*******************************************************************************
 141:Generated_Source\PSoC4/BTN_ISR.c **** * Function Name: BTN_ISR_Interrupt
 142:Generated_Source\PSoC4/BTN_ISR.c **** ********************************************************************************
 143:Generated_Source\PSoC4/BTN_ISR.c **** *
 144:Generated_Source\PSoC4/BTN_ISR.c **** * Summary:
ARM GAS  C:\Users\HELLOK~1\AppData\Local\Temp\ccaww5RE.s 			page 4


 145:Generated_Source\PSoC4/BTN_ISR.c **** *   The default Interrupt Service Routine for BTN_ISR.
 146:Generated_Source\PSoC4/BTN_ISR.c **** *
 147:Generated_Source\PSoC4/BTN_ISR.c **** *   Add custom code between the START and END comments to keep the next version
 148:Generated_Source\PSoC4/BTN_ISR.c **** *   of this file from over-writing your code.
 149:Generated_Source\PSoC4/BTN_ISR.c **** *
 150:Generated_Source\PSoC4/BTN_ISR.c **** *   Note You may use either the default ISR by using this API, or you may define
 151:Generated_Source\PSoC4/BTN_ISR.c **** *   your own separate ISR through ISR_StartEx().
 152:Generated_Source\PSoC4/BTN_ISR.c **** *
 153:Generated_Source\PSoC4/BTN_ISR.c **** * Parameters:  
 154:Generated_Source\PSoC4/BTN_ISR.c **** *   None
 155:Generated_Source\PSoC4/BTN_ISR.c **** *
 156:Generated_Source\PSoC4/BTN_ISR.c **** * Return:
 157:Generated_Source\PSoC4/BTN_ISR.c **** *   None
 158:Generated_Source\PSoC4/BTN_ISR.c **** *
 159:Generated_Source\PSoC4/BTN_ISR.c **** *******************************************************************************/
 160:Generated_Source\PSoC4/BTN_ISR.c **** CY_ISR(BTN_ISR_Interrupt)
 161:Generated_Source\PSoC4/BTN_ISR.c **** {
  28              		.loc 1 161 0
  29              		.cfi_startproc
  30              		@ args = 0, pretend = 0, frame = 0
  31              		@ frame_needed = 0, uses_anonymous_args = 0
  32 0000 10B5     		push	{r4, lr}
  33              		.cfi_def_cfa_offset 8
  34              		.cfi_offset 4, -8
  35              		.cfi_offset 14, -4
 162:Generated_Source\PSoC4/BTN_ISR.c ****     #ifdef BTN_ISR_INTERRUPT_INTERRUPT_CALLBACK
 163:Generated_Source\PSoC4/BTN_ISR.c ****         BTN_ISR_Interrupt_InterruptCallback();
 164:Generated_Source\PSoC4/BTN_ISR.c ****     #endif /* BTN_ISR_INTERRUPT_INTERRUPT_CALLBACK */ 
 165:Generated_Source\PSoC4/BTN_ISR.c **** 
 166:Generated_Source\PSoC4/BTN_ISR.c ****     /*  Place your Interrupt code here. */
 167:Generated_Source\PSoC4/BTN_ISR.c ****     /* `#START BTN_ISR_Interrupt` */
 168:Generated_Source\PSoC4/BTN_ISR.c ****     CyDelay(20);
  36              		.loc 1 168 0
  37 0002 1420     		movs	r0, #20
  38 0004 FFF7FEFF 		bl	CyDelay
  39              	.LVL0:
  40              	.L2:
 169:Generated_Source\PSoC4/BTN_ISR.c ****     
 170:Generated_Source\PSoC4/BTN_ISR.c ****     while(BTN_Read() == 1);
  41              		.loc 1 170 0 discriminator 1
  42 0008 FFF7FEFF 		bl	BTN_Read
  43              	.LVL1:
  44 000c 0128     		cmp	r0, #1
  45 000e FBD0     		beq	.L2
 171:Generated_Source\PSoC4/BTN_ISR.c ****     BTN_ClearInterrupt();
  46              		.loc 1 171 0
  47 0010 FFF7FEFF 		bl	BTN_ClearInterrupt
  48              	.LVL2:
 172:Generated_Source\PSoC4/BTN_ISR.c ****     
 173:Generated_Source\PSoC4/BTN_ISR.c ****     buttonAsync = 1;
  49              		.loc 1 173 0
  50 0014 0122     		movs	r2, #1
  51 0016 014B     		ldr	r3, .L3
  52 0018 1A60     		str	r2, [r3]
 174:Generated_Source\PSoC4/BTN_ISR.c ****     
 175:Generated_Source\PSoC4/BTN_ISR.c ****     /* `#END` */
 176:Generated_Source\PSoC4/BTN_ISR.c **** }
ARM GAS  C:\Users\HELLOK~1\AppData\Local\Temp\ccaww5RE.s 			page 5


  53              		.loc 1 176 0
  54              		@ sp needed
  55 001a 10BD     		pop	{r4, pc}
  56              	.L4:
  57              		.align	2
  58              	.L3:
  59 001c 00000000 		.word	buttonAsync
  60              		.cfi_endproc
  61              	.LFE4:
  62              		.size	BTN_ISR_Interrupt, .-BTN_ISR_Interrupt
  63              		.section	.text.BTN_ISR_SetVector,"ax",%progbits
  64              		.align	2
  65              		.global	BTN_ISR_SetVector
  66              		.code	16
  67              		.thumb_func
  68              		.type	BTN_ISR_SetVector, %function
  69              	BTN_ISR_SetVector:
  70              	.LFB5:
 177:Generated_Source\PSoC4/BTN_ISR.c **** 
 178:Generated_Source\PSoC4/BTN_ISR.c **** 
 179:Generated_Source\PSoC4/BTN_ISR.c **** /*******************************************************************************
 180:Generated_Source\PSoC4/BTN_ISR.c **** * Function Name: BTN_ISR_SetVector
 181:Generated_Source\PSoC4/BTN_ISR.c **** ********************************************************************************
 182:Generated_Source\PSoC4/BTN_ISR.c **** *
 183:Generated_Source\PSoC4/BTN_ISR.c **** * Summary:
 184:Generated_Source\PSoC4/BTN_ISR.c **** *   Change the ISR vector for the Interrupt. Note calling BTN_ISR_Start
 185:Generated_Source\PSoC4/BTN_ISR.c **** *   will override any effect this method would have had. To set the vector 
 186:Generated_Source\PSoC4/BTN_ISR.c **** *   before the component has been started use BTN_ISR_StartEx instead.
 187:Generated_Source\PSoC4/BTN_ISR.c **** * 
 188:Generated_Source\PSoC4/BTN_ISR.c **** *   When defining ISR functions, the CY_ISR and CY_ISR_PROTO macros should be 
 189:Generated_Source\PSoC4/BTN_ISR.c **** *   used to provide consistent definition across compilers:
 190:Generated_Source\PSoC4/BTN_ISR.c **** *
 191:Generated_Source\PSoC4/BTN_ISR.c **** *   Function definition example:
 192:Generated_Source\PSoC4/BTN_ISR.c **** *   CY_ISR(MyISR)
 193:Generated_Source\PSoC4/BTN_ISR.c **** *   {
 194:Generated_Source\PSoC4/BTN_ISR.c **** *   }
 195:Generated_Source\PSoC4/BTN_ISR.c **** *
 196:Generated_Source\PSoC4/BTN_ISR.c **** *   Function prototype example:
 197:Generated_Source\PSoC4/BTN_ISR.c **** *     CY_ISR_PROTO(MyISR);
 198:Generated_Source\PSoC4/BTN_ISR.c **** *
 199:Generated_Source\PSoC4/BTN_ISR.c **** * Parameters:
 200:Generated_Source\PSoC4/BTN_ISR.c **** *   address: Address of the ISR to set in the interrupt vector table.
 201:Generated_Source\PSoC4/BTN_ISR.c **** *
 202:Generated_Source\PSoC4/BTN_ISR.c **** * Return:
 203:Generated_Source\PSoC4/BTN_ISR.c **** *   None
 204:Generated_Source\PSoC4/BTN_ISR.c **** *
 205:Generated_Source\PSoC4/BTN_ISR.c **** *******************************************************************************/
 206:Generated_Source\PSoC4/BTN_ISR.c **** void BTN_ISR_SetVector(cyisraddress address)
 207:Generated_Source\PSoC4/BTN_ISR.c **** {
  71              		.loc 1 207 0
  72              		.cfi_startproc
  73              		@ args = 0, pretend = 0, frame = 0
  74              		@ frame_needed = 0, uses_anonymous_args = 0
  75              		@ link register save eliminated.
  76              	.LVL3:
 208:Generated_Source\PSoC4/BTN_ISR.c ****     CyRamVectors[CYINT_IRQ_BASE + BTN_ISR__INTC_NUMBER] = address;
  77              		.loc 1 208 0
ARM GAS  C:\Users\HELLOK~1\AppData\Local\Temp\ccaww5RE.s 			page 6


  78 0000 014B     		ldr	r3, .L6
  79 0002 1865     		str	r0, [r3, #80]
 209:Generated_Source\PSoC4/BTN_ISR.c **** }
  80              		.loc 1 209 0
  81              		@ sp needed
  82 0004 7047     		bx	lr
  83              	.L7:
  84 0006 C046     		.align	2
  85              	.L6:
  86 0008 00000000 		.word	CyRamVectors
  87              		.cfi_endproc
  88              	.LFE5:
  89              		.size	BTN_ISR_SetVector, .-BTN_ISR_SetVector
  90              		.section	.text.BTN_ISR_GetVector,"ax",%progbits
  91              		.align	2
  92              		.global	BTN_ISR_GetVector
  93              		.code	16
  94              		.thumb_func
  95              		.type	BTN_ISR_GetVector, %function
  96              	BTN_ISR_GetVector:
  97              	.LFB6:
 210:Generated_Source\PSoC4/BTN_ISR.c **** 
 211:Generated_Source\PSoC4/BTN_ISR.c **** 
 212:Generated_Source\PSoC4/BTN_ISR.c **** /*******************************************************************************
 213:Generated_Source\PSoC4/BTN_ISR.c **** * Function Name: BTN_ISR_GetVector
 214:Generated_Source\PSoC4/BTN_ISR.c **** ********************************************************************************
 215:Generated_Source\PSoC4/BTN_ISR.c **** *
 216:Generated_Source\PSoC4/BTN_ISR.c **** * Summary:
 217:Generated_Source\PSoC4/BTN_ISR.c **** *   Gets the "address" of the current ISR vector for the Interrupt.
 218:Generated_Source\PSoC4/BTN_ISR.c **** *
 219:Generated_Source\PSoC4/BTN_ISR.c **** * Parameters:
 220:Generated_Source\PSoC4/BTN_ISR.c **** *   None
 221:Generated_Source\PSoC4/BTN_ISR.c **** *
 222:Generated_Source\PSoC4/BTN_ISR.c **** * Return:
 223:Generated_Source\PSoC4/BTN_ISR.c **** *   Address of the ISR in the interrupt vector table.
 224:Generated_Source\PSoC4/BTN_ISR.c **** *
 225:Generated_Source\PSoC4/BTN_ISR.c **** *******************************************************************************/
 226:Generated_Source\PSoC4/BTN_ISR.c **** cyisraddress BTN_ISR_GetVector(void)
 227:Generated_Source\PSoC4/BTN_ISR.c **** {
  98              		.loc 1 227 0
  99              		.cfi_startproc
 100              		@ args = 0, pretend = 0, frame = 0
 101              		@ frame_needed = 0, uses_anonymous_args = 0
 102              		@ link register save eliminated.
 228:Generated_Source\PSoC4/BTN_ISR.c ****     return CyRamVectors[CYINT_IRQ_BASE + BTN_ISR__INTC_NUMBER];
 103              		.loc 1 228 0
 104 0000 014B     		ldr	r3, .L9
 105 0002 186D     		ldr	r0, [r3, #80]
 229:Generated_Source\PSoC4/BTN_ISR.c **** }
 106              		.loc 1 229 0
 107              		@ sp needed
 108 0004 7047     		bx	lr
 109              	.L10:
 110 0006 C046     		.align	2
 111              	.L9:
 112 0008 00000000 		.word	CyRamVectors
 113              		.cfi_endproc
ARM GAS  C:\Users\HELLOK~1\AppData\Local\Temp\ccaww5RE.s 			page 7


 114              	.LFE6:
 115              		.size	BTN_ISR_GetVector, .-BTN_ISR_GetVector
 116              		.section	.text.BTN_ISR_SetPriority,"ax",%progbits
 117              		.align	2
 118              		.global	BTN_ISR_SetPriority
 119              		.code	16
 120              		.thumb_func
 121              		.type	BTN_ISR_SetPriority, %function
 122              	BTN_ISR_SetPriority:
 123              	.LFB7:
 230:Generated_Source\PSoC4/BTN_ISR.c **** 
 231:Generated_Source\PSoC4/BTN_ISR.c **** 
 232:Generated_Source\PSoC4/BTN_ISR.c **** /*******************************************************************************
 233:Generated_Source\PSoC4/BTN_ISR.c **** * Function Name: BTN_ISR_SetPriority
 234:Generated_Source\PSoC4/BTN_ISR.c **** ********************************************************************************
 235:Generated_Source\PSoC4/BTN_ISR.c **** *
 236:Generated_Source\PSoC4/BTN_ISR.c **** * Summary:
 237:Generated_Source\PSoC4/BTN_ISR.c **** *   Sets the Priority of the Interrupt. 
 238:Generated_Source\PSoC4/BTN_ISR.c **** *
 239:Generated_Source\PSoC4/BTN_ISR.c **** *   Note calling BTN_ISR_Start or BTN_ISR_StartEx will 
 240:Generated_Source\PSoC4/BTN_ISR.c **** *   override any effect this API would have had. This API should only be called
 241:Generated_Source\PSoC4/BTN_ISR.c **** *   after BTN_ISR_Start or BTN_ISR_StartEx has been called. 
 242:Generated_Source\PSoC4/BTN_ISR.c **** *   To set the initial priority for the component, use the Design-Wide Resources
 243:Generated_Source\PSoC4/BTN_ISR.c **** *   Interrupt Editor.
 244:Generated_Source\PSoC4/BTN_ISR.c **** *
 245:Generated_Source\PSoC4/BTN_ISR.c **** *   Note This API has no effect on Non-maskable interrupt NMI).
 246:Generated_Source\PSoC4/BTN_ISR.c **** *
 247:Generated_Source\PSoC4/BTN_ISR.c **** * Parameters:
 248:Generated_Source\PSoC4/BTN_ISR.c **** *   priority: Priority of the interrupt, 0 being the highest priority
 249:Generated_Source\PSoC4/BTN_ISR.c **** *             PSoC 3 and PSoC 5LP: Priority is from 0 to 7.
 250:Generated_Source\PSoC4/BTN_ISR.c **** *             PSoC 4: Priority is from 0 to 3.
 251:Generated_Source\PSoC4/BTN_ISR.c **** *
 252:Generated_Source\PSoC4/BTN_ISR.c **** * Return:
 253:Generated_Source\PSoC4/BTN_ISR.c **** *   None
 254:Generated_Source\PSoC4/BTN_ISR.c **** *
 255:Generated_Source\PSoC4/BTN_ISR.c **** *******************************************************************************/
 256:Generated_Source\PSoC4/BTN_ISR.c **** void BTN_ISR_SetPriority(uint8 priority)
 257:Generated_Source\PSoC4/BTN_ISR.c **** {
 124              		.loc 1 257 0
 125              		.cfi_startproc
 126              		@ args = 0, pretend = 0, frame = 0
 127              		@ frame_needed = 0, uses_anonymous_args = 0
 128              	.LVL4:
 129 0000 10B5     		push	{r4, lr}
 130              		.cfi_def_cfa_offset 8
 131              		.cfi_offset 4, -8
 132              		.cfi_offset 14, -4
 133 0002 0400     		movs	r4, r0
 134              	.LVL5:
 258:Generated_Source\PSoC4/BTN_ISR.c **** 	uint8 interruptState;
 259:Generated_Source\PSoC4/BTN_ISR.c ****     uint32 priorityOffset = ((BTN_ISR__INTC_NUMBER % 4u) * 8u) + 6u;
 260:Generated_Source\PSoC4/BTN_ISR.c ****     
 261:Generated_Source\PSoC4/BTN_ISR.c **** 	interruptState = CyEnterCriticalSection();
 135              		.loc 1 261 0
 136 0004 FFF7FEFF 		bl	CyEnterCriticalSection
 137              	.LVL6:
 262:Generated_Source\PSoC4/BTN_ISR.c ****     *BTN_ISR_INTC_PRIOR = (*BTN_ISR_INTC_PRIOR & (uint32)(~BTN_ISR__INTC_PRIOR_MASK)) |
ARM GAS  C:\Users\HELLOK~1\AppData\Local\Temp\ccaww5RE.s 			page 8


 138              		.loc 1 262 0
 139 0008 044A     		ldr	r2, .L12
 140 000a 1368     		ldr	r3, [r2]
 141 000c C021     		movs	r1, #192
 142 000e 8B43     		bics	r3, r1
 263:Generated_Source\PSoC4/BTN_ISR.c ****                                     ((uint32)priority << priorityOffset);
 143              		.loc 1 263 0
 144 0010 A401     		lsls	r4, r4, #6
 262:Generated_Source\PSoC4/BTN_ISR.c ****     *BTN_ISR_INTC_PRIOR = (*BTN_ISR_INTC_PRIOR & (uint32)(~BTN_ISR__INTC_PRIOR_MASK)) |
 145              		.loc 1 262 0
 146 0012 1C43     		orrs	r4, r3
 147 0014 1460     		str	r4, [r2]
 264:Generated_Source\PSoC4/BTN_ISR.c **** 	CyExitCriticalSection(interruptState);
 148              		.loc 1 264 0
 149 0016 FFF7FEFF 		bl	CyExitCriticalSection
 150              	.LVL7:
 265:Generated_Source\PSoC4/BTN_ISR.c **** }
 151              		.loc 1 265 0
 152              		@ sp needed
 153 001a 10BD     		pop	{r4, pc}
 154              	.L13:
 155              		.align	2
 156              	.L12:
 157 001c 04E400E0 		.word	-536812540
 158              		.cfi_endproc
 159              	.LFE7:
 160              		.size	BTN_ISR_SetPriority, .-BTN_ISR_SetPriority
 161              		.section	.text.BTN_ISR_GetPriority,"ax",%progbits
 162              		.align	2
 163              		.global	BTN_ISR_GetPriority
 164              		.code	16
 165              		.thumb_func
 166              		.type	BTN_ISR_GetPriority, %function
 167              	BTN_ISR_GetPriority:
 168              	.LFB8:
 266:Generated_Source\PSoC4/BTN_ISR.c **** 
 267:Generated_Source\PSoC4/BTN_ISR.c **** 
 268:Generated_Source\PSoC4/BTN_ISR.c **** /*******************************************************************************
 269:Generated_Source\PSoC4/BTN_ISR.c **** * Function Name: BTN_ISR_GetPriority
 270:Generated_Source\PSoC4/BTN_ISR.c **** ********************************************************************************
 271:Generated_Source\PSoC4/BTN_ISR.c **** *
 272:Generated_Source\PSoC4/BTN_ISR.c **** * Summary:
 273:Generated_Source\PSoC4/BTN_ISR.c **** *   Gets the Priority of the Interrupt.
 274:Generated_Source\PSoC4/BTN_ISR.c **** *
 275:Generated_Source\PSoC4/BTN_ISR.c **** * Parameters:
 276:Generated_Source\PSoC4/BTN_ISR.c **** *   None
 277:Generated_Source\PSoC4/BTN_ISR.c **** *
 278:Generated_Source\PSoC4/BTN_ISR.c **** * Return:
 279:Generated_Source\PSoC4/BTN_ISR.c **** *   Priority of the interrupt, 0 being the highest priority
 280:Generated_Source\PSoC4/BTN_ISR.c **** *    PSoC 3 and PSoC 5LP: Priority is from 0 to 7.
 281:Generated_Source\PSoC4/BTN_ISR.c **** *    PSoC 4: Priority is from 0 to 3.
 282:Generated_Source\PSoC4/BTN_ISR.c **** *
 283:Generated_Source\PSoC4/BTN_ISR.c **** *******************************************************************************/
 284:Generated_Source\PSoC4/BTN_ISR.c **** uint8 BTN_ISR_GetPriority(void)
 285:Generated_Source\PSoC4/BTN_ISR.c **** {
 169              		.loc 1 285 0
 170              		.cfi_startproc
ARM GAS  C:\Users\HELLOK~1\AppData\Local\Temp\ccaww5RE.s 			page 9


 171              		@ args = 0, pretend = 0, frame = 0
 172              		@ frame_needed = 0, uses_anonymous_args = 0
 173              		@ link register save eliminated.
 174              	.LVL8:
 286:Generated_Source\PSoC4/BTN_ISR.c ****     uint32 priority;
 287:Generated_Source\PSoC4/BTN_ISR.c **** 	uint32 priorityOffset = ((BTN_ISR__INTC_NUMBER % 4u) * 8u) + 6u;
 288:Generated_Source\PSoC4/BTN_ISR.c **** 
 289:Generated_Source\PSoC4/BTN_ISR.c ****     priority = (*BTN_ISR_INTC_PRIOR & BTN_ISR__INTC_PRIOR_MASK) >> priorityOffset;
 175              		.loc 1 289 0
 176 0000 024B     		ldr	r3, .L15
 177 0002 1868     		ldr	r0, [r3]
 178 0004 8009     		lsrs	r0, r0, #6
 179              	.LVL9:
 290:Generated_Source\PSoC4/BTN_ISR.c **** 
 291:Generated_Source\PSoC4/BTN_ISR.c ****     return (uint8)priority;
 180              		.loc 1 291 0
 181 0006 0323     		movs	r3, #3
 182 0008 1840     		ands	r0, r3
 183              	.LVL10:
 292:Generated_Source\PSoC4/BTN_ISR.c **** }
 184              		.loc 1 292 0
 185              		@ sp needed
 186 000a 7047     		bx	lr
 187              	.L16:
 188              		.align	2
 189              	.L15:
 190 000c 04E400E0 		.word	-536812540
 191              		.cfi_endproc
 192              	.LFE8:
 193              		.size	BTN_ISR_GetPriority, .-BTN_ISR_GetPriority
 194              		.section	.text.BTN_ISR_Enable,"ax",%progbits
 195              		.align	2
 196              		.global	BTN_ISR_Enable
 197              		.code	16
 198              		.thumb_func
 199              		.type	BTN_ISR_Enable, %function
 200              	BTN_ISR_Enable:
 201              	.LFB9:
 293:Generated_Source\PSoC4/BTN_ISR.c **** 
 294:Generated_Source\PSoC4/BTN_ISR.c **** 
 295:Generated_Source\PSoC4/BTN_ISR.c **** /*******************************************************************************
 296:Generated_Source\PSoC4/BTN_ISR.c **** * Function Name: BTN_ISR_Enable
 297:Generated_Source\PSoC4/BTN_ISR.c **** ********************************************************************************
 298:Generated_Source\PSoC4/BTN_ISR.c **** *
 299:Generated_Source\PSoC4/BTN_ISR.c **** * Summary:
 300:Generated_Source\PSoC4/BTN_ISR.c **** *   Enables the interrupt to the interrupt controller. Do not call this function
 301:Generated_Source\PSoC4/BTN_ISR.c **** *   unless ISR_Start() has been called or the functionality of the ISR_Start() 
 302:Generated_Source\PSoC4/BTN_ISR.c **** *   function, which sets the vector and the priority, has been called.
 303:Generated_Source\PSoC4/BTN_ISR.c **** *
 304:Generated_Source\PSoC4/BTN_ISR.c **** * Parameters:
 305:Generated_Source\PSoC4/BTN_ISR.c **** *   None
 306:Generated_Source\PSoC4/BTN_ISR.c **** *
 307:Generated_Source\PSoC4/BTN_ISR.c **** * Return:
 308:Generated_Source\PSoC4/BTN_ISR.c **** *   None
 309:Generated_Source\PSoC4/BTN_ISR.c **** *
 310:Generated_Source\PSoC4/BTN_ISR.c **** *******************************************************************************/
 311:Generated_Source\PSoC4/BTN_ISR.c **** void BTN_ISR_Enable(void)
ARM GAS  C:\Users\HELLOK~1\AppData\Local\Temp\ccaww5RE.s 			page 10


 312:Generated_Source\PSoC4/BTN_ISR.c **** {
 202              		.loc 1 312 0
 203              		.cfi_startproc
 204              		@ args = 0, pretend = 0, frame = 0
 205              		@ frame_needed = 0, uses_anonymous_args = 0
 206              		@ link register save eliminated.
 313:Generated_Source\PSoC4/BTN_ISR.c ****     /* Enable the general interrupt. */
 314:Generated_Source\PSoC4/BTN_ISR.c ****     *BTN_ISR_INTC_SET_EN = BTN_ISR__INTC_MASK;
 207              		.loc 1 314 0
 208 0000 1022     		movs	r2, #16
 209 0002 014B     		ldr	r3, .L18
 210 0004 1A60     		str	r2, [r3]
 315:Generated_Source\PSoC4/BTN_ISR.c **** }
 211              		.loc 1 315 0
 212              		@ sp needed
 213 0006 7047     		bx	lr
 214              	.L19:
 215              		.align	2
 216              	.L18:
 217 0008 00E100E0 		.word	-536813312
 218              		.cfi_endproc
 219              	.LFE9:
 220              		.size	BTN_ISR_Enable, .-BTN_ISR_Enable
 221              		.section	.text.BTN_ISR_GetState,"ax",%progbits
 222              		.align	2
 223              		.global	BTN_ISR_GetState
 224              		.code	16
 225              		.thumb_func
 226              		.type	BTN_ISR_GetState, %function
 227              	BTN_ISR_GetState:
 228              	.LFB10:
 316:Generated_Source\PSoC4/BTN_ISR.c **** 
 317:Generated_Source\PSoC4/BTN_ISR.c **** 
 318:Generated_Source\PSoC4/BTN_ISR.c **** /*******************************************************************************
 319:Generated_Source\PSoC4/BTN_ISR.c **** * Function Name: BTN_ISR_GetState
 320:Generated_Source\PSoC4/BTN_ISR.c **** ********************************************************************************
 321:Generated_Source\PSoC4/BTN_ISR.c **** *
 322:Generated_Source\PSoC4/BTN_ISR.c **** * Summary:
 323:Generated_Source\PSoC4/BTN_ISR.c **** *   Gets the state (enabled, disabled) of the Interrupt.
 324:Generated_Source\PSoC4/BTN_ISR.c **** *
 325:Generated_Source\PSoC4/BTN_ISR.c **** * Parameters:
 326:Generated_Source\PSoC4/BTN_ISR.c **** *   None
 327:Generated_Source\PSoC4/BTN_ISR.c **** *
 328:Generated_Source\PSoC4/BTN_ISR.c **** * Return:
 329:Generated_Source\PSoC4/BTN_ISR.c **** *   1 if enabled, 0 if disabled.
 330:Generated_Source\PSoC4/BTN_ISR.c **** *
 331:Generated_Source\PSoC4/BTN_ISR.c **** *******************************************************************************/
 332:Generated_Source\PSoC4/BTN_ISR.c **** uint8 BTN_ISR_GetState(void)
 333:Generated_Source\PSoC4/BTN_ISR.c **** {
 229              		.loc 1 333 0
 230              		.cfi_startproc
 231              		@ args = 0, pretend = 0, frame = 0
 232              		@ frame_needed = 0, uses_anonymous_args = 0
 233              		@ link register save eliminated.
 334:Generated_Source\PSoC4/BTN_ISR.c ****     /* Get the state of the general interrupt. */
 335:Generated_Source\PSoC4/BTN_ISR.c ****     return ((*BTN_ISR_INTC_SET_EN & (uint32)BTN_ISR__INTC_MASK) != 0u) ? 1u:0u;
 234              		.loc 1 335 0
ARM GAS  C:\Users\HELLOK~1\AppData\Local\Temp\ccaww5RE.s 			page 11


 235 0000 034B     		ldr	r3, .L23
 236 0002 1B68     		ldr	r3, [r3]
 237 0004 DB06     		lsls	r3, r3, #27
 238 0006 01D5     		bpl	.L22
 239 0008 0120     		movs	r0, #1
 240 000a 00E0     		b	.L21
 241              	.L22:
 242 000c 0020     		movs	r0, #0
 243              	.L21:
 336:Generated_Source\PSoC4/BTN_ISR.c **** }
 244              		.loc 1 336 0 discriminator 4
 245              		@ sp needed
 246 000e 7047     		bx	lr
 247              	.L24:
 248              		.align	2
 249              	.L23:
 250 0010 00E100E0 		.word	-536813312
 251              		.cfi_endproc
 252              	.LFE10:
 253              		.size	BTN_ISR_GetState, .-BTN_ISR_GetState
 254              		.section	.text.BTN_ISR_Disable,"ax",%progbits
 255              		.align	2
 256              		.global	BTN_ISR_Disable
 257              		.code	16
 258              		.thumb_func
 259              		.type	BTN_ISR_Disable, %function
 260              	BTN_ISR_Disable:
 261              	.LFB11:
 337:Generated_Source\PSoC4/BTN_ISR.c **** 
 338:Generated_Source\PSoC4/BTN_ISR.c **** 
 339:Generated_Source\PSoC4/BTN_ISR.c **** /*******************************************************************************
 340:Generated_Source\PSoC4/BTN_ISR.c **** * Function Name: BTN_ISR_Disable
 341:Generated_Source\PSoC4/BTN_ISR.c **** ********************************************************************************
 342:Generated_Source\PSoC4/BTN_ISR.c **** *
 343:Generated_Source\PSoC4/BTN_ISR.c **** * Summary:
 344:Generated_Source\PSoC4/BTN_ISR.c **** *   Disables the Interrupt in the interrupt controller.
 345:Generated_Source\PSoC4/BTN_ISR.c **** *
 346:Generated_Source\PSoC4/BTN_ISR.c **** * Parameters:
 347:Generated_Source\PSoC4/BTN_ISR.c **** *   None
 348:Generated_Source\PSoC4/BTN_ISR.c **** *
 349:Generated_Source\PSoC4/BTN_ISR.c **** * Return:
 350:Generated_Source\PSoC4/BTN_ISR.c **** *   None
 351:Generated_Source\PSoC4/BTN_ISR.c **** *
 352:Generated_Source\PSoC4/BTN_ISR.c **** *******************************************************************************/
 353:Generated_Source\PSoC4/BTN_ISR.c **** void BTN_ISR_Disable(void)
 354:Generated_Source\PSoC4/BTN_ISR.c **** {
 262              		.loc 1 354 0
 263              		.cfi_startproc
 264              		@ args = 0, pretend = 0, frame = 0
 265              		@ frame_needed = 0, uses_anonymous_args = 0
 266              		@ link register save eliminated.
 355:Generated_Source\PSoC4/BTN_ISR.c ****     /* Disable the general interrupt. */
 356:Generated_Source\PSoC4/BTN_ISR.c ****     *BTN_ISR_INTC_CLR_EN = BTN_ISR__INTC_MASK;
 267              		.loc 1 356 0
 268 0000 1022     		movs	r2, #16
 269 0002 014B     		ldr	r3, .L26
 270 0004 1A60     		str	r2, [r3]
ARM GAS  C:\Users\HELLOK~1\AppData\Local\Temp\ccaww5RE.s 			page 12


 357:Generated_Source\PSoC4/BTN_ISR.c **** }
 271              		.loc 1 357 0
 272              		@ sp needed
 273 0006 7047     		bx	lr
 274              	.L27:
 275              		.align	2
 276              	.L26:
 277 0008 80E100E0 		.word	-536813184
 278              		.cfi_endproc
 279              	.LFE11:
 280              		.size	BTN_ISR_Disable, .-BTN_ISR_Disable
 281              		.section	.text.BTN_ISR_Start,"ax",%progbits
 282              		.align	2
 283              		.global	BTN_ISR_Start
 284              		.code	16
 285              		.thumb_func
 286              		.type	BTN_ISR_Start, %function
 287              	BTN_ISR_Start:
 288              	.LFB1:
  58:Generated_Source\PSoC4/BTN_ISR.c ****     /* For all we know the interrupt is active. */
 289              		.loc 1 58 0
 290              		.cfi_startproc
 291              		@ args = 0, pretend = 0, frame = 0
 292              		@ frame_needed = 0, uses_anonymous_args = 0
 293 0000 10B5     		push	{r4, lr}
 294              		.cfi_def_cfa_offset 8
 295              		.cfi_offset 4, -8
 296              		.cfi_offset 14, -4
  60:Generated_Source\PSoC4/BTN_ISR.c **** 
 297              		.loc 1 60 0
 298 0002 FFF7FEFF 		bl	BTN_ISR_Disable
 299              	.LVL11:
  63:Generated_Source\PSoC4/BTN_ISR.c **** 
 300              		.loc 1 63 0
 301 0006 0448     		ldr	r0, .L29
 302 0008 FFF7FEFF 		bl	BTN_ISR_SetVector
 303              	.LVL12:
  66:Generated_Source\PSoC4/BTN_ISR.c **** 
 304              		.loc 1 66 0
 305 000c 0320     		movs	r0, #3
 306 000e FFF7FEFF 		bl	BTN_ISR_SetPriority
 307              	.LVL13:
  69:Generated_Source\PSoC4/BTN_ISR.c **** }
 308              		.loc 1 69 0
 309 0012 FFF7FEFF 		bl	BTN_ISR_Enable
 310              	.LVL14:
  70:Generated_Source\PSoC4/BTN_ISR.c **** 
 311              		.loc 1 70 0
 312              		@ sp needed
 313 0016 10BD     		pop	{r4, pc}
 314              	.L30:
 315              		.align	2
 316              	.L29:
 317 0018 00000000 		.word	BTN_ISR_Interrupt
 318              		.cfi_endproc
 319              	.LFE1:
 320              		.size	BTN_ISR_Start, .-BTN_ISR_Start
ARM GAS  C:\Users\HELLOK~1\AppData\Local\Temp\ccaww5RE.s 			page 13


 321              		.section	.text.BTN_ISR_StartEx,"ax",%progbits
 322              		.align	2
 323              		.global	BTN_ISR_StartEx
 324              		.code	16
 325              		.thumb_func
 326              		.type	BTN_ISR_StartEx, %function
 327              	BTN_ISR_StartEx:
 328              	.LFB2:
 101:Generated_Source\PSoC4/BTN_ISR.c ****     /* For all we know the interrupt is active. */
 329              		.loc 1 101 0
 330              		.cfi_startproc
 331              		@ args = 0, pretend = 0, frame = 0
 332              		@ frame_needed = 0, uses_anonymous_args = 0
 333              	.LVL15:
 334 0000 10B5     		push	{r4, lr}
 335              		.cfi_def_cfa_offset 8
 336              		.cfi_offset 4, -8
 337              		.cfi_offset 14, -4
 338 0002 0400     		movs	r4, r0
 103:Generated_Source\PSoC4/BTN_ISR.c **** 
 339              		.loc 1 103 0
 340 0004 FFF7FEFF 		bl	BTN_ISR_Disable
 341              	.LVL16:
 106:Generated_Source\PSoC4/BTN_ISR.c **** 
 342              		.loc 1 106 0
 343 0008 2000     		movs	r0, r4
 344 000a FFF7FEFF 		bl	BTN_ISR_SetVector
 345              	.LVL17:
 109:Generated_Source\PSoC4/BTN_ISR.c **** 
 346              		.loc 1 109 0
 347 000e 0320     		movs	r0, #3
 348 0010 FFF7FEFF 		bl	BTN_ISR_SetPriority
 349              	.LVL18:
 112:Generated_Source\PSoC4/BTN_ISR.c **** }
 350              		.loc 1 112 0
 351 0014 FFF7FEFF 		bl	BTN_ISR_Enable
 352              	.LVL19:
 113:Generated_Source\PSoC4/BTN_ISR.c **** 
 353              		.loc 1 113 0
 354              		@ sp needed
 355              	.LVL20:
 356 0018 10BD     		pop	{r4, pc}
 357              		.cfi_endproc
 358              	.LFE2:
 359              		.size	BTN_ISR_StartEx, .-BTN_ISR_StartEx
 360 001a C046     		.section	.text.BTN_ISR_Stop,"ax",%progbits
 361              		.align	2
 362              		.global	BTN_ISR_Stop
 363              		.code	16
 364              		.thumb_func
 365              		.type	BTN_ISR_Stop, %function
 366              	BTN_ISR_Stop:
 367              	.LFB3:
 131:Generated_Source\PSoC4/BTN_ISR.c ****     /* Disable this interrupt. */
 368              		.loc 1 131 0
 369              		.cfi_startproc
 370              		@ args = 0, pretend = 0, frame = 0
ARM GAS  C:\Users\HELLOK~1\AppData\Local\Temp\ccaww5RE.s 			page 14


 371              		@ frame_needed = 0, uses_anonymous_args = 0
 372 0000 10B5     		push	{r4, lr}
 373              		.cfi_def_cfa_offset 8
 374              		.cfi_offset 4, -8
 375              		.cfi_offset 14, -4
 133:Generated_Source\PSoC4/BTN_ISR.c **** 
 376              		.loc 1 133 0
 377 0002 FFF7FEFF 		bl	BTN_ISR_Disable
 378              	.LVL21:
 136:Generated_Source\PSoC4/BTN_ISR.c **** }
 379              		.loc 1 136 0
 380 0006 0248     		ldr	r0, .L33
 381 0008 FFF7FEFF 		bl	BTN_ISR_SetVector
 382              	.LVL22:
 137:Generated_Source\PSoC4/BTN_ISR.c **** 
 383              		.loc 1 137 0
 384              		@ sp needed
 385 000c 10BD     		pop	{r4, pc}
 386              	.L34:
 387 000e C046     		.align	2
 388              	.L33:
 389 0010 00000000 		.word	IntDefaultHandler
 390              		.cfi_endproc
 391              	.LFE3:
 392              		.size	BTN_ISR_Stop, .-BTN_ISR_Stop
 393              		.section	.text.BTN_ISR_SetPending,"ax",%progbits
 394              		.align	2
 395              		.global	BTN_ISR_SetPending
 396              		.code	16
 397              		.thumb_func
 398              		.type	BTN_ISR_SetPending, %function
 399              	BTN_ISR_SetPending:
 400              	.LFB12:
 358:Generated_Source\PSoC4/BTN_ISR.c **** 
 359:Generated_Source\PSoC4/BTN_ISR.c **** 
 360:Generated_Source\PSoC4/BTN_ISR.c **** /*******************************************************************************
 361:Generated_Source\PSoC4/BTN_ISR.c **** * Function Name: BTN_ISR_SetPending
 362:Generated_Source\PSoC4/BTN_ISR.c **** ********************************************************************************
 363:Generated_Source\PSoC4/BTN_ISR.c **** *
 364:Generated_Source\PSoC4/BTN_ISR.c **** * Summary:
 365:Generated_Source\PSoC4/BTN_ISR.c **** *   Causes the Interrupt to enter the pending state, a software method of
 366:Generated_Source\PSoC4/BTN_ISR.c **** *   generating the interrupt.
 367:Generated_Source\PSoC4/BTN_ISR.c **** *
 368:Generated_Source\PSoC4/BTN_ISR.c **** * Parameters:
 369:Generated_Source\PSoC4/BTN_ISR.c **** *   None
 370:Generated_Source\PSoC4/BTN_ISR.c **** *
 371:Generated_Source\PSoC4/BTN_ISR.c **** * Return:
 372:Generated_Source\PSoC4/BTN_ISR.c **** *   None
 373:Generated_Source\PSoC4/BTN_ISR.c **** *
 374:Generated_Source\PSoC4/BTN_ISR.c **** * Side Effects:
 375:Generated_Source\PSoC4/BTN_ISR.c **** *   If interrupts are enabled and the interrupt is set up properly, the ISR is
 376:Generated_Source\PSoC4/BTN_ISR.c **** *   entered (depending on the priority of this interrupt and other pending 
 377:Generated_Source\PSoC4/BTN_ISR.c **** *   interrupts).
 378:Generated_Source\PSoC4/BTN_ISR.c **** *
 379:Generated_Source\PSoC4/BTN_ISR.c **** *******************************************************************************/
 380:Generated_Source\PSoC4/BTN_ISR.c **** void BTN_ISR_SetPending(void)
 381:Generated_Source\PSoC4/BTN_ISR.c **** {
ARM GAS  C:\Users\HELLOK~1\AppData\Local\Temp\ccaww5RE.s 			page 15


 401              		.loc 1 381 0
 402              		.cfi_startproc
 403              		@ args = 0, pretend = 0, frame = 0
 404              		@ frame_needed = 0, uses_anonymous_args = 0
 405              		@ link register save eliminated.
 382:Generated_Source\PSoC4/BTN_ISR.c ****     *BTN_ISR_INTC_SET_PD = BTN_ISR__INTC_MASK;
 406              		.loc 1 382 0
 407 0000 1022     		movs	r2, #16
 408 0002 014B     		ldr	r3, .L36
 409 0004 1A60     		str	r2, [r3]
 383:Generated_Source\PSoC4/BTN_ISR.c **** }
 410              		.loc 1 383 0
 411              		@ sp needed
 412 0006 7047     		bx	lr
 413              	.L37:
 414              		.align	2
 415              	.L36:
 416 0008 00E200E0 		.word	-536813056
 417              		.cfi_endproc
 418              	.LFE12:
 419              		.size	BTN_ISR_SetPending, .-BTN_ISR_SetPending
 420              		.section	.text.BTN_ISR_ClearPending,"ax",%progbits
 421              		.align	2
 422              		.global	BTN_ISR_ClearPending
 423              		.code	16
 424              		.thumb_func
 425              		.type	BTN_ISR_ClearPending, %function
 426              	BTN_ISR_ClearPending:
 427              	.LFB13:
 384:Generated_Source\PSoC4/BTN_ISR.c **** 
 385:Generated_Source\PSoC4/BTN_ISR.c **** 
 386:Generated_Source\PSoC4/BTN_ISR.c **** /*******************************************************************************
 387:Generated_Source\PSoC4/BTN_ISR.c **** * Function Name: BTN_ISR_ClearPending
 388:Generated_Source\PSoC4/BTN_ISR.c **** ********************************************************************************
 389:Generated_Source\PSoC4/BTN_ISR.c **** *
 390:Generated_Source\PSoC4/BTN_ISR.c **** * Summary:
 391:Generated_Source\PSoC4/BTN_ISR.c **** *   Clears a pending interrupt in the interrupt controller.
 392:Generated_Source\PSoC4/BTN_ISR.c **** *
 393:Generated_Source\PSoC4/BTN_ISR.c **** *   Note Some interrupt sources are clear-on-read and require the block 
 394:Generated_Source\PSoC4/BTN_ISR.c **** *   interrupt/status register to be read/cleared with the appropriate block API 
 395:Generated_Source\PSoC4/BTN_ISR.c **** *   (GPIO, UART, and so on). Otherwise the ISR will continue to remain in 
 396:Generated_Source\PSoC4/BTN_ISR.c **** *   pending state even though the interrupt itself is cleared using this API.
 397:Generated_Source\PSoC4/BTN_ISR.c **** *
 398:Generated_Source\PSoC4/BTN_ISR.c **** * Parameters:
 399:Generated_Source\PSoC4/BTN_ISR.c **** *   None
 400:Generated_Source\PSoC4/BTN_ISR.c **** *
 401:Generated_Source\PSoC4/BTN_ISR.c **** * Return:
 402:Generated_Source\PSoC4/BTN_ISR.c **** *   None
 403:Generated_Source\PSoC4/BTN_ISR.c **** *
 404:Generated_Source\PSoC4/BTN_ISR.c **** *******************************************************************************/
 405:Generated_Source\PSoC4/BTN_ISR.c **** void BTN_ISR_ClearPending(void)
 406:Generated_Source\PSoC4/BTN_ISR.c **** {
 428              		.loc 1 406 0
 429              		.cfi_startproc
 430              		@ args = 0, pretend = 0, frame = 0
 431              		@ frame_needed = 0, uses_anonymous_args = 0
 432              		@ link register save eliminated.
ARM GAS  C:\Users\HELLOK~1\AppData\Local\Temp\ccaww5RE.s 			page 16


 407:Generated_Source\PSoC4/BTN_ISR.c ****     *BTN_ISR_INTC_CLR_PD = BTN_ISR__INTC_MASK;
 433              		.loc 1 407 0
 434 0000 1022     		movs	r2, #16
 435 0002 014B     		ldr	r3, .L39
 436 0004 1A60     		str	r2, [r3]
 408:Generated_Source\PSoC4/BTN_ISR.c **** }
 437              		.loc 1 408 0
 438              		@ sp needed
 439 0006 7047     		bx	lr
 440              	.L40:
 441              		.align	2
 442              	.L39:
 443 0008 80E200E0 		.word	-536812928
 444              		.cfi_endproc
 445              	.LFE13:
 446              		.size	BTN_ISR_ClearPending, .-BTN_ISR_ClearPending
 447              		.text
 448              	.Letext0:
 449              		.file 2 "Generated_Source\\PSoC4/cytypes.h"
 450              		.file 3 "Generated_Source\\PSoC4/CyLib.h"
 451              		.file 4 "Generated_Source\\PSoC4\\BTN.h"
 452              		.section	.debug_info,"",%progbits
 453              	.Ldebug_info0:
 454 0000 60030000 		.4byte	0x360
 455 0004 0400     		.2byte	0x4
 456 0006 00000000 		.4byte	.Ldebug_abbrev0
 457 000a 04       		.byte	0x4
 458 000b 01       		.uleb128 0x1
 459 000c C8010000 		.4byte	.LASF41
 460 0010 0C       		.byte	0xc
 461 0011 16000000 		.4byte	.LASF42
 462 0015 89020000 		.4byte	.LASF43
 463 0019 00000000 		.4byte	.Ldebug_ranges0+0
 464 001d 00000000 		.4byte	0
 465 0021 00000000 		.4byte	.Ldebug_line0
 466 0025 02       		.uleb128 0x2
 467 0026 01       		.byte	0x1
 468 0027 06       		.byte	0x6
 469 0028 38030000 		.4byte	.LASF0
 470 002c 02       		.uleb128 0x2
 471 002d 01       		.byte	0x1
 472 002e 08       		.byte	0x8
 473 002f C7000000 		.4byte	.LASF1
 474 0033 02       		.uleb128 0x2
 475 0034 02       		.byte	0x2
 476 0035 05       		.byte	0x5
 477 0036 E1020000 		.4byte	.LASF2
 478 003a 02       		.uleb128 0x2
 479 003b 02       		.byte	0x2
 480 003c 07       		.byte	0x7
 481 003d 4D000000 		.4byte	.LASF3
 482 0041 02       		.uleb128 0x2
 483 0042 04       		.byte	0x4
 484 0043 05       		.byte	0x5
 485 0044 44000000 		.4byte	.LASF4
 486 0048 02       		.uleb128 0x2
 487 0049 04       		.byte	0x4
ARM GAS  C:\Users\HELLOK~1\AppData\Local\Temp\ccaww5RE.s 			page 17


 488 004a 07       		.byte	0x7
 489 004b E4000000 		.4byte	.LASF5
 490 004f 02       		.uleb128 0x2
 491 0050 08       		.byte	0x8
 492 0051 05       		.byte	0x5
 493 0052 68020000 		.4byte	.LASF6
 494 0056 02       		.uleb128 0x2
 495 0057 08       		.byte	0x8
 496 0058 07       		.byte	0x7
 497 0059 B0000000 		.4byte	.LASF7
 498 005d 03       		.uleb128 0x3
 499 005e 04       		.byte	0x4
 500 005f 05       		.byte	0x5
 501 0060 696E7400 		.ascii	"int\000"
 502 0064 02       		.uleb128 0x2
 503 0065 04       		.byte	0x4
 504 0066 07       		.byte	0x7
 505 0067 58010000 		.4byte	.LASF8
 506 006b 04       		.uleb128 0x4
 507 006c F6000000 		.4byte	.LASF9
 508 0070 02       		.byte	0x2
 509 0071 E401     		.2byte	0x1e4
 510 0073 2C000000 		.4byte	0x2c
 511 0077 04       		.uleb128 0x4
 512 0078 3A010000 		.4byte	.LASF10
 513 007c 02       		.byte	0x2
 514 007d E601     		.2byte	0x1e6
 515 007f 48000000 		.4byte	0x48
 516 0083 02       		.uleb128 0x2
 517 0084 04       		.byte	0x4
 518 0085 04       		.byte	0x4
 519 0086 AA000000 		.4byte	.LASF11
 520 008a 02       		.uleb128 0x2
 521 008b 08       		.byte	0x8
 522 008c 04       		.byte	0x4
 523 008d 12010000 		.4byte	.LASF12
 524 0091 02       		.uleb128 0x2
 525 0092 01       		.byte	0x1
 526 0093 08       		.byte	0x8
 527 0094 84020000 		.4byte	.LASF13
 528 0098 04       		.uleb128 0x4
 529 0099 10000000 		.4byte	.LASF14
 530 009d 02       		.byte	0x2
 531 009e 9002     		.2byte	0x290
 532 00a0 A4000000 		.4byte	0xa4
 533 00a4 05       		.uleb128 0x5
 534 00a5 77000000 		.4byte	0x77
 535 00a9 04       		.uleb128 0x4
 536 00aa BB010000 		.4byte	.LASF15
 537 00ae 02       		.byte	0x2
 538 00af A002     		.2byte	0x2a0
 539 00b1 B5000000 		.4byte	0xb5
 540 00b5 06       		.uleb128 0x6
 541 00b6 04       		.byte	0x4
 542 00b7 BB000000 		.4byte	0xbb
 543 00bb 07       		.uleb128 0x7
 544 00bc 02       		.uleb128 0x2
ARM GAS  C:\Users\HELLOK~1\AppData\Local\Temp\ccaww5RE.s 			page 18


 545 00bd 08       		.byte	0x8
 546 00be 04       		.byte	0x4
 547 00bf 2C030000 		.4byte	.LASF16
 548 00c3 02       		.uleb128 0x2
 549 00c4 04       		.byte	0x4
 550 00c5 07       		.byte	0x7
 551 00c6 56020000 		.4byte	.LASF17
 552 00ca 08       		.uleb128 0x8
 553 00cb 83010000 		.4byte	.LASF18
 554 00cf 01       		.byte	0x1
 555 00d0 A0       		.byte	0xa0
 556 00d1 00000000 		.4byte	.LFB4
 557 00d5 20000000 		.4byte	.LFE4-.LFB4
 558 00d9 01       		.uleb128 0x1
 559 00da 9C       		.byte	0x9c
 560 00db 05010000 		.4byte	0x105
 561 00df 09       		.uleb128 0x9
 562 00e0 08000000 		.4byte	.LVL0
 563 00e4 2C030000 		.4byte	0x32c
 564 00e8 F2000000 		.4byte	0xf2
 565 00ec 0A       		.uleb128 0xa
 566 00ed 01       		.uleb128 0x1
 567 00ee 50       		.byte	0x50
 568 00ef 01       		.uleb128 0x1
 569 00f0 44       		.byte	0x44
 570 00f1 00       		.byte	0
 571 00f2 0B       		.uleb128 0xb
 572 00f3 0C000000 		.4byte	.LVL1
 573 00f7 37030000 		.4byte	0x337
 574 00fb 0B       		.uleb128 0xb
 575 00fc 14000000 		.4byte	.LVL2
 576 0100 42030000 		.4byte	0x342
 577 0104 00       		.byte	0
 578 0105 08       		.uleb128 0x8
 579 0106 28010000 		.4byte	.LASF19
 580 010a 01       		.byte	0x1
 581 010b CE       		.byte	0xce
 582 010c 00000000 		.4byte	.LFB5
 583 0110 0C000000 		.4byte	.LFE5-.LFB5
 584 0114 01       		.uleb128 0x1
 585 0115 9C       		.byte	0x9c
 586 0116 28010000 		.4byte	0x128
 587 011a 0C       		.uleb128 0xc
 588 011b 65010000 		.4byte	.LASF21
 589 011f 01       		.byte	0x1
 590 0120 CE       		.byte	0xce
 591 0121 A9000000 		.4byte	0xa9
 592 0125 01       		.uleb128 0x1
 593 0126 50       		.byte	0x50
 594 0127 00       		.byte	0
 595 0128 0D       		.uleb128 0xd
 596 0129 06030000 		.4byte	.LASF25
 597 012d 01       		.byte	0x1
 598 012e E2       		.byte	0xe2
 599 012f A9000000 		.4byte	0xa9
 600 0133 00000000 		.4byte	.LFB6
 601 0137 0C000000 		.4byte	.LFE6-.LFB6
ARM GAS  C:\Users\HELLOK~1\AppData\Local\Temp\ccaww5RE.s 			page 19


 602 013b 01       		.uleb128 0x1
 603 013c 9C       		.byte	0x9c
 604 013d 0E       		.uleb128 0xe
 605 013e 70000000 		.4byte	.LASF20
 606 0142 01       		.byte	0x1
 607 0143 0001     		.2byte	0x100
 608 0145 00000000 		.4byte	.LFB7
 609 0149 20000000 		.4byte	.LFE7-.LFB7
 610 014d 01       		.uleb128 0x1
 611 014e 9C       		.byte	0x9c
 612 014f 93010000 		.4byte	0x193
 613 0153 0F       		.uleb128 0xf
 614 0154 09010000 		.4byte	.LASF22
 615 0158 01       		.byte	0x1
 616 0159 0001     		.2byte	0x100
 617 015b 6B000000 		.4byte	0x6b
 618 015f 00000000 		.4byte	.LLST0
 619 0163 10       		.uleb128 0x10
 620 0164 D5000000 		.4byte	.LASF23
 621 0168 01       		.byte	0x1
 622 0169 0201     		.2byte	0x102
 623 016b 6B000000 		.4byte	0x6b
 624 016f 21000000 		.4byte	.LLST1
 625 0173 11       		.uleb128 0x11
 626 0174 F7020000 		.4byte	.LASF24
 627 0178 01       		.byte	0x1
 628 0179 0301     		.2byte	0x103
 629 017b 77000000 		.4byte	0x77
 630 017f 06       		.byte	0x6
 631 0180 0B       		.uleb128 0xb
 632 0181 08000000 		.4byte	.LVL6
 633 0185 4D030000 		.4byte	0x34d
 634 0189 0B       		.uleb128 0xb
 635 018a 1A000000 		.4byte	.LVL7
 636 018e 58030000 		.4byte	0x358
 637 0192 00       		.byte	0
 638 0193 12       		.uleb128 0x12
 639 0194 18030000 		.4byte	.LASF44
 640 0198 01       		.byte	0x1
 641 0199 1C01     		.2byte	0x11c
 642 019b 6B000000 		.4byte	0x6b
 643 019f 00000000 		.4byte	.LFB8
 644 01a3 10000000 		.4byte	.LFE8-.LFB8
 645 01a7 01       		.uleb128 0x1
 646 01a8 9C       		.byte	0x9c
 647 01a9 CB010000 		.4byte	0x1cb
 648 01ad 10       		.uleb128 0x10
 649 01ae 09010000 		.4byte	.LASF22
 650 01b2 01       		.byte	0x1
 651 01b3 1E01     		.2byte	0x11e
 652 01b5 77000000 		.4byte	0x77
 653 01b9 34000000 		.4byte	.LLST2
 654 01bd 11       		.uleb128 0x11
 655 01be F7020000 		.4byte	.LASF24
 656 01c2 01       		.byte	0x1
 657 01c3 1F01     		.2byte	0x11f
 658 01c5 77000000 		.4byte	0x77
ARM GAS  C:\Users\HELLOK~1\AppData\Local\Temp\ccaww5RE.s 			page 20


 659 01c9 06       		.byte	0x6
 660 01ca 00       		.byte	0
 661 01cb 13       		.uleb128 0x13
 662 01cc 19010000 		.4byte	.LASF27
 663 01d0 01       		.byte	0x1
 664 01d1 3701     		.2byte	0x137
 665 01d3 00000000 		.4byte	.LFB9
 666 01d7 0C000000 		.4byte	.LFE9-.LFB9
 667 01db 01       		.uleb128 0x1
 668 01dc 9C       		.byte	0x9c
 669 01dd 14       		.uleb128 0x14
 670 01de 99000000 		.4byte	.LASF26
 671 01e2 01       		.byte	0x1
 672 01e3 4C01     		.2byte	0x14c
 673 01e5 6B000000 		.4byte	0x6b
 674 01e9 00000000 		.4byte	.LFB10
 675 01ed 14000000 		.4byte	.LFE10-.LFB10
 676 01f1 01       		.uleb128 0x1
 677 01f2 9C       		.byte	0x9c
 678 01f3 13       		.uleb128 0x13
 679 01f4 60000000 		.4byte	.LASF28
 680 01f8 01       		.byte	0x1
 681 01f9 6101     		.2byte	0x161
 682 01fb 00000000 		.4byte	.LFB11
 683 01ff 0C000000 		.4byte	.LFE11-.LFB11
 684 0203 01       		.uleb128 0x1
 685 0204 9C       		.byte	0x9c
 686 0205 08       		.uleb128 0x8
 687 0206 76020000 		.4byte	.LASF29
 688 020a 01       		.byte	0x1
 689 020b 39       		.byte	0x39
 690 020c 00000000 		.4byte	.LFB1
 691 0210 1C000000 		.4byte	.LFE1-.LFB1
 692 0214 01       		.uleb128 0x1
 693 0215 9C       		.byte	0x9c
 694 0216 57020000 		.4byte	0x257
 695 021a 0B       		.uleb128 0xb
 696 021b 06000000 		.4byte	.LVL11
 697 021f F3010000 		.4byte	0x1f3
 698 0223 09       		.uleb128 0x9
 699 0224 0C000000 		.4byte	.LVL12
 700 0228 05010000 		.4byte	0x105
 701 022c 3A020000 		.4byte	0x23a
 702 0230 0A       		.uleb128 0xa
 703 0231 01       		.uleb128 0x1
 704 0232 50       		.byte	0x50
 705 0233 05       		.uleb128 0x5
 706 0234 03       		.byte	0x3
 707 0235 00000000 		.4byte	BTN_ISR_Interrupt
 708 0239 00       		.byte	0
 709 023a 09       		.uleb128 0x9
 710 023b 12000000 		.4byte	.LVL13
 711 023f 3D010000 		.4byte	0x13d
 712 0243 4D020000 		.4byte	0x24d
 713 0247 0A       		.uleb128 0xa
 714 0248 01       		.uleb128 0x1
 715 0249 50       		.byte	0x50
ARM GAS  C:\Users\HELLOK~1\AppData\Local\Temp\ccaww5RE.s 			page 21


 716 024a 01       		.uleb128 0x1
 717 024b 33       		.byte	0x33
 718 024c 00       		.byte	0
 719 024d 0B       		.uleb128 0xb
 720 024e 16000000 		.4byte	.LVL14
 721 0252 CB010000 		.4byte	0x1cb
 722 0256 00       		.byte	0
 723 0257 08       		.uleb128 0x8
 724 0258 00000000 		.4byte	.LASF30
 725 025c 01       		.byte	0x1
 726 025d 64       		.byte	0x64
 727 025e 00000000 		.4byte	.LFB2
 728 0262 1A000000 		.4byte	.LFE2-.LFB2
 729 0266 01       		.uleb128 0x1
 730 0267 9C       		.byte	0x9c
 731 0268 B5020000 		.4byte	0x2b5
 732 026c 15       		.uleb128 0x15
 733 026d 65010000 		.4byte	.LASF21
 734 0271 01       		.byte	0x1
 735 0272 64       		.byte	0x64
 736 0273 A9000000 		.4byte	0xa9
 737 0277 56000000 		.4byte	.LLST3
 738 027b 0B       		.uleb128 0xb
 739 027c 08000000 		.4byte	.LVL16
 740 0280 F3010000 		.4byte	0x1f3
 741 0284 09       		.uleb128 0x9
 742 0285 0E000000 		.4byte	.LVL17
 743 0289 05010000 		.4byte	0x105
 744 028d 98020000 		.4byte	0x298
 745 0291 0A       		.uleb128 0xa
 746 0292 01       		.uleb128 0x1
 747 0293 50       		.byte	0x50
 748 0294 02       		.uleb128 0x2
 749 0295 74       		.byte	0x74
 750 0296 00       		.sleb128 0
 751 0297 00       		.byte	0
 752 0298 09       		.uleb128 0x9
 753 0299 14000000 		.4byte	.LVL18
 754 029d 3D010000 		.4byte	0x13d
 755 02a1 AB020000 		.4byte	0x2ab
 756 02a5 0A       		.uleb128 0xa
 757 02a6 01       		.uleb128 0x1
 758 02a7 50       		.byte	0x50
 759 02a8 01       		.uleb128 0x1
 760 02a9 33       		.byte	0x33
 761 02aa 00       		.byte	0
 762 02ab 0B       		.uleb128 0xb
 763 02ac 18000000 		.4byte	.LVL19
 764 02b0 CB010000 		.4byte	0x1cb
 765 02b4 00       		.byte	0
 766 02b5 08       		.uleb128 0x8
 767 02b6 FC000000 		.4byte	.LASF31
 768 02ba 01       		.byte	0x1
 769 02bb 82       		.byte	0x82
 770 02bc 00000000 		.4byte	.LFB3
 771 02c0 14000000 		.4byte	.LFE3-.LFB3
 772 02c4 01       		.uleb128 0x1
ARM GAS  C:\Users\HELLOK~1\AppData\Local\Temp\ccaww5RE.s 			page 22


 773 02c5 9C       		.byte	0x9c
 774 02c6 DD020000 		.4byte	0x2dd
 775 02ca 0B       		.uleb128 0xb
 776 02cb 06000000 		.4byte	.LVL21
 777 02cf F3010000 		.4byte	0x1f3
 778 02d3 0B       		.uleb128 0xb
 779 02d4 0C000000 		.4byte	.LVL22
 780 02d8 05010000 		.4byte	0x105
 781 02dc 00       		.byte	0
 782 02dd 13       		.uleb128 0x13
 783 02de A8010000 		.4byte	.LASF32
 784 02e2 01       		.byte	0x1
 785 02e3 7C01     		.2byte	0x17c
 786 02e5 00000000 		.4byte	.LFB12
 787 02e9 0C000000 		.4byte	.LFE12-.LFB12
 788 02ed 01       		.uleb128 0x1
 789 02ee 9C       		.byte	0x9c
 790 02ef 13       		.uleb128 0x13
 791 02f0 84000000 		.4byte	.LASF33
 792 02f4 01       		.byte	0x1
 793 02f5 9501     		.2byte	0x195
 794 02f7 00000000 		.4byte	.LFB13
 795 02fb 0C000000 		.4byte	.LFE13-.LFB13
 796 02ff 01       		.uleb128 0x1
 797 0300 9C       		.byte	0x9c
 798 0301 16       		.uleb128 0x16
 799 0302 EB020000 		.4byte	.LASF34
 800 0306 01       		.byte	0x1
 801 0307 1F       		.byte	0x1f
 802 0308 0C030000 		.4byte	0x30c
 803 030c 05       		.uleb128 0x5
 804 030d 5D000000 		.4byte	0x5d
 805 0311 17       		.uleb128 0x17
 806 0312 A9000000 		.4byte	0xa9
 807 0316 21030000 		.4byte	0x321
 808 031a 18       		.uleb128 0x18
 809 031b C3000000 		.4byte	0xc3
 810 031f 2F       		.byte	0x2f
 811 0320 00       		.byte	0
 812 0321 16       		.uleb128 0x16
 813 0322 37000000 		.4byte	.LASF35
 814 0326 01       		.byte	0x1
 815 0327 22       		.byte	0x22
 816 0328 11030000 		.4byte	0x311
 817 032c 19       		.uleb128 0x19
 818 032d 44030000 		.4byte	.LASF36
 819 0331 44030000 		.4byte	.LASF36
 820 0335 03       		.byte	0x3
 821 0336 D9       		.byte	0xd9
 822 0337 19       		.uleb128 0x19
 823 0338 5F020000 		.4byte	.LASF37
 824 033c 5F020000 		.4byte	.LASF37
 825 0340 04       		.byte	0x4
 826 0341 32       		.byte	0x32
 827 0342 19       		.uleb128 0x19
 828 0343 95010000 		.4byte	.LASF38
 829 0347 95010000 		.4byte	.LASF38
ARM GAS  C:\Users\HELLOK~1\AppData\Local\Temp\ccaww5RE.s 			page 23


 830 034b 04       		.byte	0x4
 831 034c 39       		.byte	0x39
 832 034d 19       		.uleb128 0x19
 833 034e 41010000 		.4byte	.LASF39
 834 0352 41010000 		.4byte	.LASF39
 835 0356 03       		.byte	0x3
 836 0357 E5       		.byte	0xe5
 837 0358 19       		.uleb128 0x19
 838 0359 6D010000 		.4byte	.LASF40
 839 035d 6D010000 		.4byte	.LASF40
 840 0361 03       		.byte	0x3
 841 0362 E6       		.byte	0xe6
 842 0363 00       		.byte	0
 843              		.section	.debug_abbrev,"",%progbits
 844              	.Ldebug_abbrev0:
 845 0000 01       		.uleb128 0x1
 846 0001 11       		.uleb128 0x11
 847 0002 01       		.byte	0x1
 848 0003 25       		.uleb128 0x25
 849 0004 0E       		.uleb128 0xe
 850 0005 13       		.uleb128 0x13
 851 0006 0B       		.uleb128 0xb
 852 0007 03       		.uleb128 0x3
 853 0008 0E       		.uleb128 0xe
 854 0009 1B       		.uleb128 0x1b
 855 000a 0E       		.uleb128 0xe
 856 000b 55       		.uleb128 0x55
 857 000c 17       		.uleb128 0x17
 858 000d 11       		.uleb128 0x11
 859 000e 01       		.uleb128 0x1
 860 000f 10       		.uleb128 0x10
 861 0010 17       		.uleb128 0x17
 862 0011 00       		.byte	0
 863 0012 00       		.byte	0
 864 0013 02       		.uleb128 0x2
 865 0014 24       		.uleb128 0x24
 866 0015 00       		.byte	0
 867 0016 0B       		.uleb128 0xb
 868 0017 0B       		.uleb128 0xb
 869 0018 3E       		.uleb128 0x3e
 870 0019 0B       		.uleb128 0xb
 871 001a 03       		.uleb128 0x3
 872 001b 0E       		.uleb128 0xe
 873 001c 00       		.byte	0
 874 001d 00       		.byte	0
 875 001e 03       		.uleb128 0x3
 876 001f 24       		.uleb128 0x24
 877 0020 00       		.byte	0
 878 0021 0B       		.uleb128 0xb
 879 0022 0B       		.uleb128 0xb
 880 0023 3E       		.uleb128 0x3e
 881 0024 0B       		.uleb128 0xb
 882 0025 03       		.uleb128 0x3
 883 0026 08       		.uleb128 0x8
 884 0027 00       		.byte	0
 885 0028 00       		.byte	0
 886 0029 04       		.uleb128 0x4
ARM GAS  C:\Users\HELLOK~1\AppData\Local\Temp\ccaww5RE.s 			page 24


 887 002a 16       		.uleb128 0x16
 888 002b 00       		.byte	0
 889 002c 03       		.uleb128 0x3
 890 002d 0E       		.uleb128 0xe
 891 002e 3A       		.uleb128 0x3a
 892 002f 0B       		.uleb128 0xb
 893 0030 3B       		.uleb128 0x3b
 894 0031 05       		.uleb128 0x5
 895 0032 49       		.uleb128 0x49
 896 0033 13       		.uleb128 0x13
 897 0034 00       		.byte	0
 898 0035 00       		.byte	0
 899 0036 05       		.uleb128 0x5
 900 0037 35       		.uleb128 0x35
 901 0038 00       		.byte	0
 902 0039 49       		.uleb128 0x49
 903 003a 13       		.uleb128 0x13
 904 003b 00       		.byte	0
 905 003c 00       		.byte	0
 906 003d 06       		.uleb128 0x6
 907 003e 0F       		.uleb128 0xf
 908 003f 00       		.byte	0
 909 0040 0B       		.uleb128 0xb
 910 0041 0B       		.uleb128 0xb
 911 0042 49       		.uleb128 0x49
 912 0043 13       		.uleb128 0x13
 913 0044 00       		.byte	0
 914 0045 00       		.byte	0
 915 0046 07       		.uleb128 0x7
 916 0047 15       		.uleb128 0x15
 917 0048 00       		.byte	0
 918 0049 27       		.uleb128 0x27
 919 004a 19       		.uleb128 0x19
 920 004b 00       		.byte	0
 921 004c 00       		.byte	0
 922 004d 08       		.uleb128 0x8
 923 004e 2E       		.uleb128 0x2e
 924 004f 01       		.byte	0x1
 925 0050 3F       		.uleb128 0x3f
 926 0051 19       		.uleb128 0x19
 927 0052 03       		.uleb128 0x3
 928 0053 0E       		.uleb128 0xe
 929 0054 3A       		.uleb128 0x3a
 930 0055 0B       		.uleb128 0xb
 931 0056 3B       		.uleb128 0x3b
 932 0057 0B       		.uleb128 0xb
 933 0058 27       		.uleb128 0x27
 934 0059 19       		.uleb128 0x19
 935 005a 11       		.uleb128 0x11
 936 005b 01       		.uleb128 0x1
 937 005c 12       		.uleb128 0x12
 938 005d 06       		.uleb128 0x6
 939 005e 40       		.uleb128 0x40
 940 005f 18       		.uleb128 0x18
 941 0060 9742     		.uleb128 0x2117
 942 0062 19       		.uleb128 0x19
 943 0063 01       		.uleb128 0x1
ARM GAS  C:\Users\HELLOK~1\AppData\Local\Temp\ccaww5RE.s 			page 25


 944 0064 13       		.uleb128 0x13
 945 0065 00       		.byte	0
 946 0066 00       		.byte	0
 947 0067 09       		.uleb128 0x9
 948 0068 898201   		.uleb128 0x4109
 949 006b 01       		.byte	0x1
 950 006c 11       		.uleb128 0x11
 951 006d 01       		.uleb128 0x1
 952 006e 31       		.uleb128 0x31
 953 006f 13       		.uleb128 0x13
 954 0070 01       		.uleb128 0x1
 955 0071 13       		.uleb128 0x13
 956 0072 00       		.byte	0
 957 0073 00       		.byte	0
 958 0074 0A       		.uleb128 0xa
 959 0075 8A8201   		.uleb128 0x410a
 960 0078 00       		.byte	0
 961 0079 02       		.uleb128 0x2
 962 007a 18       		.uleb128 0x18
 963 007b 9142     		.uleb128 0x2111
 964 007d 18       		.uleb128 0x18
 965 007e 00       		.byte	0
 966 007f 00       		.byte	0
 967 0080 0B       		.uleb128 0xb
 968 0081 898201   		.uleb128 0x4109
 969 0084 00       		.byte	0
 970 0085 11       		.uleb128 0x11
 971 0086 01       		.uleb128 0x1
 972 0087 31       		.uleb128 0x31
 973 0088 13       		.uleb128 0x13
 974 0089 00       		.byte	0
 975 008a 00       		.byte	0
 976 008b 0C       		.uleb128 0xc
 977 008c 05       		.uleb128 0x5
 978 008d 00       		.byte	0
 979 008e 03       		.uleb128 0x3
 980 008f 0E       		.uleb128 0xe
 981 0090 3A       		.uleb128 0x3a
 982 0091 0B       		.uleb128 0xb
 983 0092 3B       		.uleb128 0x3b
 984 0093 0B       		.uleb128 0xb
 985 0094 49       		.uleb128 0x49
 986 0095 13       		.uleb128 0x13
 987 0096 02       		.uleb128 0x2
 988 0097 18       		.uleb128 0x18
 989 0098 00       		.byte	0
 990 0099 00       		.byte	0
 991 009a 0D       		.uleb128 0xd
 992 009b 2E       		.uleb128 0x2e
 993 009c 00       		.byte	0
 994 009d 3F       		.uleb128 0x3f
 995 009e 19       		.uleb128 0x19
 996 009f 03       		.uleb128 0x3
 997 00a0 0E       		.uleb128 0xe
 998 00a1 3A       		.uleb128 0x3a
 999 00a2 0B       		.uleb128 0xb
 1000 00a3 3B       		.uleb128 0x3b
ARM GAS  C:\Users\HELLOK~1\AppData\Local\Temp\ccaww5RE.s 			page 26


 1001 00a4 0B       		.uleb128 0xb
 1002 00a5 27       		.uleb128 0x27
 1003 00a6 19       		.uleb128 0x19
 1004 00a7 49       		.uleb128 0x49
 1005 00a8 13       		.uleb128 0x13
 1006 00a9 11       		.uleb128 0x11
 1007 00aa 01       		.uleb128 0x1
 1008 00ab 12       		.uleb128 0x12
 1009 00ac 06       		.uleb128 0x6
 1010 00ad 40       		.uleb128 0x40
 1011 00ae 18       		.uleb128 0x18
 1012 00af 9742     		.uleb128 0x2117
 1013 00b1 19       		.uleb128 0x19
 1014 00b2 00       		.byte	0
 1015 00b3 00       		.byte	0
 1016 00b4 0E       		.uleb128 0xe
 1017 00b5 2E       		.uleb128 0x2e
 1018 00b6 01       		.byte	0x1
 1019 00b7 3F       		.uleb128 0x3f
 1020 00b8 19       		.uleb128 0x19
 1021 00b9 03       		.uleb128 0x3
 1022 00ba 0E       		.uleb128 0xe
 1023 00bb 3A       		.uleb128 0x3a
 1024 00bc 0B       		.uleb128 0xb
 1025 00bd 3B       		.uleb128 0x3b
 1026 00be 05       		.uleb128 0x5
 1027 00bf 27       		.uleb128 0x27
 1028 00c0 19       		.uleb128 0x19
 1029 00c1 11       		.uleb128 0x11
 1030 00c2 01       		.uleb128 0x1
 1031 00c3 12       		.uleb128 0x12
 1032 00c4 06       		.uleb128 0x6
 1033 00c5 40       		.uleb128 0x40
 1034 00c6 18       		.uleb128 0x18
 1035 00c7 9742     		.uleb128 0x2117
 1036 00c9 19       		.uleb128 0x19
 1037 00ca 01       		.uleb128 0x1
 1038 00cb 13       		.uleb128 0x13
 1039 00cc 00       		.byte	0
 1040 00cd 00       		.byte	0
 1041 00ce 0F       		.uleb128 0xf
 1042 00cf 05       		.uleb128 0x5
 1043 00d0 00       		.byte	0
 1044 00d1 03       		.uleb128 0x3
 1045 00d2 0E       		.uleb128 0xe
 1046 00d3 3A       		.uleb128 0x3a
 1047 00d4 0B       		.uleb128 0xb
 1048 00d5 3B       		.uleb128 0x3b
 1049 00d6 05       		.uleb128 0x5
 1050 00d7 49       		.uleb128 0x49
 1051 00d8 13       		.uleb128 0x13
 1052 00d9 02       		.uleb128 0x2
 1053 00da 17       		.uleb128 0x17
 1054 00db 00       		.byte	0
 1055 00dc 00       		.byte	0
 1056 00dd 10       		.uleb128 0x10
 1057 00de 34       		.uleb128 0x34
ARM GAS  C:\Users\HELLOK~1\AppData\Local\Temp\ccaww5RE.s 			page 27


 1058 00df 00       		.byte	0
 1059 00e0 03       		.uleb128 0x3
 1060 00e1 0E       		.uleb128 0xe
 1061 00e2 3A       		.uleb128 0x3a
 1062 00e3 0B       		.uleb128 0xb
 1063 00e4 3B       		.uleb128 0x3b
 1064 00e5 05       		.uleb128 0x5
 1065 00e6 49       		.uleb128 0x49
 1066 00e7 13       		.uleb128 0x13
 1067 00e8 02       		.uleb128 0x2
 1068 00e9 17       		.uleb128 0x17
 1069 00ea 00       		.byte	0
 1070 00eb 00       		.byte	0
 1071 00ec 11       		.uleb128 0x11
 1072 00ed 34       		.uleb128 0x34
 1073 00ee 00       		.byte	0
 1074 00ef 03       		.uleb128 0x3
 1075 00f0 0E       		.uleb128 0xe
 1076 00f1 3A       		.uleb128 0x3a
 1077 00f2 0B       		.uleb128 0xb
 1078 00f3 3B       		.uleb128 0x3b
 1079 00f4 05       		.uleb128 0x5
 1080 00f5 49       		.uleb128 0x49
 1081 00f6 13       		.uleb128 0x13
 1082 00f7 1C       		.uleb128 0x1c
 1083 00f8 0B       		.uleb128 0xb
 1084 00f9 00       		.byte	0
 1085 00fa 00       		.byte	0
 1086 00fb 12       		.uleb128 0x12
 1087 00fc 2E       		.uleb128 0x2e
 1088 00fd 01       		.byte	0x1
 1089 00fe 3F       		.uleb128 0x3f
 1090 00ff 19       		.uleb128 0x19
 1091 0100 03       		.uleb128 0x3
 1092 0101 0E       		.uleb128 0xe
 1093 0102 3A       		.uleb128 0x3a
 1094 0103 0B       		.uleb128 0xb
 1095 0104 3B       		.uleb128 0x3b
 1096 0105 05       		.uleb128 0x5
 1097 0106 27       		.uleb128 0x27
 1098 0107 19       		.uleb128 0x19
 1099 0108 49       		.uleb128 0x49
 1100 0109 13       		.uleb128 0x13
 1101 010a 11       		.uleb128 0x11
 1102 010b 01       		.uleb128 0x1
 1103 010c 12       		.uleb128 0x12
 1104 010d 06       		.uleb128 0x6
 1105 010e 40       		.uleb128 0x40
 1106 010f 18       		.uleb128 0x18
 1107 0110 9742     		.uleb128 0x2117
 1108 0112 19       		.uleb128 0x19
 1109 0113 01       		.uleb128 0x1
 1110 0114 13       		.uleb128 0x13
 1111 0115 00       		.byte	0
 1112 0116 00       		.byte	0
 1113 0117 13       		.uleb128 0x13
 1114 0118 2E       		.uleb128 0x2e
ARM GAS  C:\Users\HELLOK~1\AppData\Local\Temp\ccaww5RE.s 			page 28


 1115 0119 00       		.byte	0
 1116 011a 3F       		.uleb128 0x3f
 1117 011b 19       		.uleb128 0x19
 1118 011c 03       		.uleb128 0x3
 1119 011d 0E       		.uleb128 0xe
 1120 011e 3A       		.uleb128 0x3a
 1121 011f 0B       		.uleb128 0xb
 1122 0120 3B       		.uleb128 0x3b
 1123 0121 05       		.uleb128 0x5
 1124 0122 27       		.uleb128 0x27
 1125 0123 19       		.uleb128 0x19
 1126 0124 11       		.uleb128 0x11
 1127 0125 01       		.uleb128 0x1
 1128 0126 12       		.uleb128 0x12
 1129 0127 06       		.uleb128 0x6
 1130 0128 40       		.uleb128 0x40
 1131 0129 18       		.uleb128 0x18
 1132 012a 9742     		.uleb128 0x2117
 1133 012c 19       		.uleb128 0x19
 1134 012d 00       		.byte	0
 1135 012e 00       		.byte	0
 1136 012f 14       		.uleb128 0x14
 1137 0130 2E       		.uleb128 0x2e
 1138 0131 00       		.byte	0
 1139 0132 3F       		.uleb128 0x3f
 1140 0133 19       		.uleb128 0x19
 1141 0134 03       		.uleb128 0x3
 1142 0135 0E       		.uleb128 0xe
 1143 0136 3A       		.uleb128 0x3a
 1144 0137 0B       		.uleb128 0xb
 1145 0138 3B       		.uleb128 0x3b
 1146 0139 05       		.uleb128 0x5
 1147 013a 27       		.uleb128 0x27
 1148 013b 19       		.uleb128 0x19
 1149 013c 49       		.uleb128 0x49
 1150 013d 13       		.uleb128 0x13
 1151 013e 11       		.uleb128 0x11
 1152 013f 01       		.uleb128 0x1
 1153 0140 12       		.uleb128 0x12
 1154 0141 06       		.uleb128 0x6
 1155 0142 40       		.uleb128 0x40
 1156 0143 18       		.uleb128 0x18
 1157 0144 9742     		.uleb128 0x2117
 1158 0146 19       		.uleb128 0x19
 1159 0147 00       		.byte	0
 1160 0148 00       		.byte	0
 1161 0149 15       		.uleb128 0x15
 1162 014a 05       		.uleb128 0x5
 1163 014b 00       		.byte	0
 1164 014c 03       		.uleb128 0x3
 1165 014d 0E       		.uleb128 0xe
 1166 014e 3A       		.uleb128 0x3a
 1167 014f 0B       		.uleb128 0xb
 1168 0150 3B       		.uleb128 0x3b
 1169 0151 0B       		.uleb128 0xb
 1170 0152 49       		.uleb128 0x49
 1171 0153 13       		.uleb128 0x13
ARM GAS  C:\Users\HELLOK~1\AppData\Local\Temp\ccaww5RE.s 			page 29


 1172 0154 02       		.uleb128 0x2
 1173 0155 17       		.uleb128 0x17
 1174 0156 00       		.byte	0
 1175 0157 00       		.byte	0
 1176 0158 16       		.uleb128 0x16
 1177 0159 34       		.uleb128 0x34
 1178 015a 00       		.byte	0
 1179 015b 03       		.uleb128 0x3
 1180 015c 0E       		.uleb128 0xe
 1181 015d 3A       		.uleb128 0x3a
 1182 015e 0B       		.uleb128 0xb
 1183 015f 3B       		.uleb128 0x3b
 1184 0160 0B       		.uleb128 0xb
 1185 0161 49       		.uleb128 0x49
 1186 0162 13       		.uleb128 0x13
 1187 0163 3F       		.uleb128 0x3f
 1188 0164 19       		.uleb128 0x19
 1189 0165 3C       		.uleb128 0x3c
 1190 0166 19       		.uleb128 0x19
 1191 0167 00       		.byte	0
 1192 0168 00       		.byte	0
 1193 0169 17       		.uleb128 0x17
 1194 016a 01       		.uleb128 0x1
 1195 016b 01       		.byte	0x1
 1196 016c 49       		.uleb128 0x49
 1197 016d 13       		.uleb128 0x13
 1198 016e 01       		.uleb128 0x1
 1199 016f 13       		.uleb128 0x13
 1200 0170 00       		.byte	0
 1201 0171 00       		.byte	0
 1202 0172 18       		.uleb128 0x18
 1203 0173 21       		.uleb128 0x21
 1204 0174 00       		.byte	0
 1205 0175 49       		.uleb128 0x49
 1206 0176 13       		.uleb128 0x13
 1207 0177 2F       		.uleb128 0x2f
 1208 0178 0B       		.uleb128 0xb
 1209 0179 00       		.byte	0
 1210 017a 00       		.byte	0
 1211 017b 19       		.uleb128 0x19
 1212 017c 2E       		.uleb128 0x2e
 1213 017d 00       		.byte	0
 1214 017e 3F       		.uleb128 0x3f
 1215 017f 19       		.uleb128 0x19
 1216 0180 3C       		.uleb128 0x3c
 1217 0181 19       		.uleb128 0x19
 1218 0182 6E       		.uleb128 0x6e
 1219 0183 0E       		.uleb128 0xe
 1220 0184 03       		.uleb128 0x3
 1221 0185 0E       		.uleb128 0xe
 1222 0186 3A       		.uleb128 0x3a
 1223 0187 0B       		.uleb128 0xb
 1224 0188 3B       		.uleb128 0x3b
 1225 0189 0B       		.uleb128 0xb
 1226 018a 00       		.byte	0
 1227 018b 00       		.byte	0
 1228 018c 00       		.byte	0
ARM GAS  C:\Users\HELLOK~1\AppData\Local\Temp\ccaww5RE.s 			page 30


 1229              		.section	.debug_loc,"",%progbits
 1230              	.Ldebug_loc0:
 1231              	.LLST0:
 1232 0000 00000000 		.4byte	.LVL4
 1233 0004 07000000 		.4byte	.LVL6-1
 1234 0008 0100     		.2byte	0x1
 1235 000a 50       		.byte	0x50
 1236 000b 07000000 		.4byte	.LVL6-1
 1237 000f 20000000 		.4byte	.LFE7
 1238 0013 0400     		.2byte	0x4
 1239 0015 F3       		.byte	0xf3
 1240 0016 01       		.uleb128 0x1
 1241 0017 50       		.byte	0x50
 1242 0018 9F       		.byte	0x9f
 1243 0019 00000000 		.4byte	0
 1244 001d 00000000 		.4byte	0
 1245              	.LLST1:
 1246 0021 08000000 		.4byte	.LVL6
 1247 0025 19000000 		.4byte	.LVL7-1
 1248 0029 0100     		.2byte	0x1
 1249 002b 50       		.byte	0x50
 1250 002c 00000000 		.4byte	0
 1251 0030 00000000 		.4byte	0
 1252              	.LLST2:
 1253 0034 06000000 		.4byte	.LVL9
 1254 0038 0A000000 		.4byte	.LVL10
 1255 003c 0500     		.2byte	0x5
 1256 003e 70       		.byte	0x70
 1257 003f 00       		.sleb128 0
 1258 0040 33       		.byte	0x33
 1259 0041 1A       		.byte	0x1a
 1260 0042 9F       		.byte	0x9f
 1261 0043 0A000000 		.4byte	.LVL10
 1262 0047 10000000 		.4byte	.LFE8
 1263 004b 0100     		.2byte	0x1
 1264 004d 50       		.byte	0x50
 1265 004e 00000000 		.4byte	0
 1266 0052 00000000 		.4byte	0
 1267              	.LLST3:
 1268 0056 00000000 		.4byte	.LVL15
 1269 005a 07000000 		.4byte	.LVL16-1
 1270 005e 0100     		.2byte	0x1
 1271 0060 50       		.byte	0x50
 1272 0061 07000000 		.4byte	.LVL16-1
 1273 0065 18000000 		.4byte	.LVL20
 1274 0069 0100     		.2byte	0x1
 1275 006b 54       		.byte	0x54
 1276 006c 18000000 		.4byte	.LVL20
 1277 0070 1A000000 		.4byte	.LFE2
 1278 0074 0400     		.2byte	0x4
 1279 0076 F3       		.byte	0xf3
 1280 0077 01       		.uleb128 0x1
 1281 0078 50       		.byte	0x50
 1282 0079 9F       		.byte	0x9f
 1283 007a 00000000 		.4byte	0
 1284 007e 00000000 		.4byte	0
 1285              		.section	.debug_aranges,"",%progbits
ARM GAS  C:\Users\HELLOK~1\AppData\Local\Temp\ccaww5RE.s 			page 31


 1286 0000 7C000000 		.4byte	0x7c
 1287 0004 0200     		.2byte	0x2
 1288 0006 00000000 		.4byte	.Ldebug_info0
 1289 000a 04       		.byte	0x4
 1290 000b 00       		.byte	0
 1291 000c 0000     		.2byte	0
 1292 000e 0000     		.2byte	0
 1293 0010 00000000 		.4byte	.LFB4
 1294 0014 20000000 		.4byte	.LFE4-.LFB4
 1295 0018 00000000 		.4byte	.LFB5
 1296 001c 0C000000 		.4byte	.LFE5-.LFB5
 1297 0020 00000000 		.4byte	.LFB6
 1298 0024 0C000000 		.4byte	.LFE6-.LFB6
 1299 0028 00000000 		.4byte	.LFB7
 1300 002c 20000000 		.4byte	.LFE7-.LFB7
 1301 0030 00000000 		.4byte	.LFB8
 1302 0034 10000000 		.4byte	.LFE8-.LFB8
 1303 0038 00000000 		.4byte	.LFB9
 1304 003c 0C000000 		.4byte	.LFE9-.LFB9
 1305 0040 00000000 		.4byte	.LFB10
 1306 0044 14000000 		.4byte	.LFE10-.LFB10
 1307 0048 00000000 		.4byte	.LFB11
 1308 004c 0C000000 		.4byte	.LFE11-.LFB11
 1309 0050 00000000 		.4byte	.LFB1
 1310 0054 1C000000 		.4byte	.LFE1-.LFB1
 1311 0058 00000000 		.4byte	.LFB2
 1312 005c 1A000000 		.4byte	.LFE2-.LFB2
 1313 0060 00000000 		.4byte	.LFB3
 1314 0064 14000000 		.4byte	.LFE3-.LFB3
 1315 0068 00000000 		.4byte	.LFB12
 1316 006c 0C000000 		.4byte	.LFE12-.LFB12
 1317 0070 00000000 		.4byte	.LFB13
 1318 0074 0C000000 		.4byte	.LFE13-.LFB13
 1319 0078 00000000 		.4byte	0
 1320 007c 00000000 		.4byte	0
 1321              		.section	.debug_ranges,"",%progbits
 1322              	.Ldebug_ranges0:
 1323 0000 00000000 		.4byte	.LFB4
 1324 0004 20000000 		.4byte	.LFE4
 1325 0008 00000000 		.4byte	.LFB5
 1326 000c 0C000000 		.4byte	.LFE5
 1327 0010 00000000 		.4byte	.LFB6
 1328 0014 0C000000 		.4byte	.LFE6
 1329 0018 00000000 		.4byte	.LFB7
 1330 001c 20000000 		.4byte	.LFE7
 1331 0020 00000000 		.4byte	.LFB8
 1332 0024 10000000 		.4byte	.LFE8
 1333 0028 00000000 		.4byte	.LFB9
 1334 002c 0C000000 		.4byte	.LFE9
 1335 0030 00000000 		.4byte	.LFB10
 1336 0034 14000000 		.4byte	.LFE10
 1337 0038 00000000 		.4byte	.LFB11
 1338 003c 0C000000 		.4byte	.LFE11
 1339 0040 00000000 		.4byte	.LFB1
 1340 0044 1C000000 		.4byte	.LFE1
 1341 0048 00000000 		.4byte	.LFB2
 1342 004c 1A000000 		.4byte	.LFE2
ARM GAS  C:\Users\HELLOK~1\AppData\Local\Temp\ccaww5RE.s 			page 32


 1343 0050 00000000 		.4byte	.LFB3
 1344 0054 14000000 		.4byte	.LFE3
 1345 0058 00000000 		.4byte	.LFB12
 1346 005c 0C000000 		.4byte	.LFE12
 1347 0060 00000000 		.4byte	.LFB13
 1348 0064 0C000000 		.4byte	.LFE13
 1349 0068 00000000 		.4byte	0
 1350 006c 00000000 		.4byte	0
 1351              		.section	.debug_line,"",%progbits
 1352              	.Ldebug_line0:
 1353 0000 5E010000 		.section	.debug_str,"MS",%progbits,1
 1353      02005800 
 1353      00000201 
 1353      FB0E0D00 
 1353      01010101 
 1354              	.LASF30:
 1355 0000 42544E5F 		.ascii	"BTN_ISR_StartEx\000"
 1355      4953525F 
 1355      53746172 
 1355      74457800 
 1356              	.LASF14:
 1357 0010 72656733 		.ascii	"reg32\000"
 1357      3200
 1358              	.LASF42:
 1359 0016 47656E65 		.ascii	"Generated_Source\\PSoC4\\BTN_ISR.c\000"
 1359      72617465 
 1359      645F536F 
 1359      75726365 
 1359      5C50536F 
 1360              	.LASF35:
 1361 0037 43795261 		.ascii	"CyRamVectors\000"
 1361      6D566563 
 1361      746F7273 
 1361      00
 1362              	.LASF4:
 1363 0044 6C6F6E67 		.ascii	"long int\000"
 1363      20696E74 
 1363      00
 1364              	.LASF3:
 1365 004d 73686F72 		.ascii	"short unsigned int\000"
 1365      7420756E 
 1365      7369676E 
 1365      65642069 
 1365      6E7400
 1366              	.LASF28:
 1367 0060 42544E5F 		.ascii	"BTN_ISR_Disable\000"
 1367      4953525F 
 1367      44697361 
 1367      626C6500 
 1368              	.LASF20:
 1369 0070 42544E5F 		.ascii	"BTN_ISR_SetPriority\000"
 1369      4953525F 
 1369      53657450 
 1369      72696F72 
 1369      69747900 
 1370              	.LASF33:
 1371 0084 42544E5F 		.ascii	"BTN_ISR_ClearPending\000"
ARM GAS  C:\Users\HELLOK~1\AppData\Local\Temp\ccaww5RE.s 			page 33


 1371      4953525F 
 1371      436C6561 
 1371      7250656E 
 1371      64696E67 
 1372              	.LASF26:
 1373 0099 42544E5F 		.ascii	"BTN_ISR_GetState\000"
 1373      4953525F 
 1373      47657453 
 1373      74617465 
 1373      00
 1374              	.LASF11:
 1375 00aa 666C6F61 		.ascii	"float\000"
 1375      7400
 1376              	.LASF7:
 1377 00b0 6C6F6E67 		.ascii	"long long unsigned int\000"
 1377      206C6F6E 
 1377      6720756E 
 1377      7369676E 
 1377      65642069 
 1378              	.LASF1:
 1379 00c7 756E7369 		.ascii	"unsigned char\000"
 1379      676E6564 
 1379      20636861 
 1379      7200
 1380              	.LASF23:
 1381 00d5 696E7465 		.ascii	"interruptState\000"
 1381      72727570 
 1381      74537461 
 1381      746500
 1382              	.LASF5:
 1383 00e4 6C6F6E67 		.ascii	"long unsigned int\000"
 1383      20756E73 
 1383      69676E65 
 1383      6420696E 
 1383      7400
 1384              	.LASF9:
 1385 00f6 75696E74 		.ascii	"uint8\000"
 1385      3800
 1386              	.LASF31:
 1387 00fc 42544E5F 		.ascii	"BTN_ISR_Stop\000"
 1387      4953525F 
 1387      53746F70 
 1387      00
 1388              	.LASF22:
 1389 0109 7072696F 		.ascii	"priority\000"
 1389      72697479 
 1389      00
 1390              	.LASF12:
 1391 0112 646F7562 		.ascii	"double\000"
 1391      6C6500
 1392              	.LASF27:
 1393 0119 42544E5F 		.ascii	"BTN_ISR_Enable\000"
 1393      4953525F 
 1393      456E6162 
 1393      6C6500
 1394              	.LASF19:
 1395 0128 42544E5F 		.ascii	"BTN_ISR_SetVector\000"
ARM GAS  C:\Users\HELLOK~1\AppData\Local\Temp\ccaww5RE.s 			page 34


 1395      4953525F 
 1395      53657456 
 1395      6563746F 
 1395      7200
 1396              	.LASF10:
 1397 013a 75696E74 		.ascii	"uint32\000"
 1397      333200
 1398              	.LASF39:
 1399 0141 4379456E 		.ascii	"CyEnterCriticalSection\000"
 1399      74657243 
 1399      72697469 
 1399      63616C53 
 1399      65637469 
 1400              	.LASF8:
 1401 0158 756E7369 		.ascii	"unsigned int\000"
 1401      676E6564 
 1401      20696E74 
 1401      00
 1402              	.LASF21:
 1403 0165 61646472 		.ascii	"address\000"
 1403      65737300 
 1404              	.LASF40:
 1405 016d 43794578 		.ascii	"CyExitCriticalSection\000"
 1405      69744372 
 1405      69746963 
 1405      616C5365 
 1405      6374696F 
 1406              	.LASF18:
 1407 0183 42544E5F 		.ascii	"BTN_ISR_Interrupt\000"
 1407      4953525F 
 1407      496E7465 
 1407      72727570 
 1407      7400
 1408              	.LASF38:
 1409 0195 42544E5F 		.ascii	"BTN_ClearInterrupt\000"
 1409      436C6561 
 1409      72496E74 
 1409      65727275 
 1409      707400
 1410              	.LASF32:
 1411 01a8 42544E5F 		.ascii	"BTN_ISR_SetPending\000"
 1411      4953525F 
 1411      53657450 
 1411      656E6469 
 1411      6E6700
 1412              	.LASF15:
 1413 01bb 63796973 		.ascii	"cyisraddress\000"
 1413      72616464 
 1413      72657373 
 1413      00
 1414              	.LASF41:
 1415 01c8 474E5520 		.ascii	"GNU C11 5.4.1 20160609 (release) [ARM/embedded-5-br"
 1415      43313120 
 1415      352E342E 
 1415      31203230 
 1415      31363036 
 1416 01fb 616E6368 		.ascii	"anch revision 237715] -mcpu=cortex-m0 -mthumb -g -O"
ARM GAS  C:\Users\HELLOK~1\AppData\Local\Temp\ccaww5RE.s 			page 35


 1416      20726576 
 1416      6973696F 
 1416      6E203233 
 1416      37373135 
 1417 022e 67202D66 		.ascii	"g -ffunction-sections -ffat-lto-objects\000"
 1417      66756E63 
 1417      74696F6E 
 1417      2D736563 
 1417      74696F6E 
 1418              	.LASF17:
 1419 0256 73697A65 		.ascii	"sizetype\000"
 1419      74797065 
 1419      00
 1420              	.LASF37:
 1421 025f 42544E5F 		.ascii	"BTN_Read\000"
 1421      52656164 
 1421      00
 1422              	.LASF6:
 1423 0268 6C6F6E67 		.ascii	"long long int\000"
 1423      206C6F6E 
 1423      6720696E 
 1423      7400
 1424              	.LASF29:
 1425 0276 42544E5F 		.ascii	"BTN_ISR_Start\000"
 1425      4953525F 
 1425      53746172 
 1425      7400
 1426              	.LASF13:
 1427 0284 63686172 		.ascii	"char\000"
 1427      00
 1428              	.LASF43:
 1429 0289 433A5C55 		.ascii	"C:\\Users\\Hello Kitty\\Documents\\PSoC Creator\\La"
 1429      73657273 
 1429      5C48656C 
 1429      6C6F204B 
 1429      69747479 
 1430 02b7 62303220 		.ascii	"b02 - Interrupts\\Lab02 - Interrupts.cydsn\000"
 1430      2D20496E 
 1430      74657272 
 1430      75707473 
 1430      5C4C6162 
 1431              	.LASF2:
 1432 02e1 73686F72 		.ascii	"short int\000"
 1432      7420696E 
 1432      7400
 1433              	.LASF34:
 1434 02eb 62757474 		.ascii	"buttonAsync\000"
 1434      6F6E4173 
 1434      796E6300 
 1435              	.LASF24:
 1436 02f7 7072696F 		.ascii	"priorityOffset\000"
 1436      72697479 
 1436      4F666673 
 1436      657400
 1437              	.LASF25:
 1438 0306 42544E5F 		.ascii	"BTN_ISR_GetVector\000"
 1438      4953525F 
ARM GAS  C:\Users\HELLOK~1\AppData\Local\Temp\ccaww5RE.s 			page 36


 1438      47657456 
 1438      6563746F 
 1438      7200
 1439              	.LASF44:
 1440 0318 42544E5F 		.ascii	"BTN_ISR_GetPriority\000"
 1440      4953525F 
 1440      47657450 
 1440      72696F72 
 1440      69747900 
 1441              	.LASF16:
 1442 032c 6C6F6E67 		.ascii	"long double\000"
 1442      20646F75 
 1442      626C6500 
 1443              	.LASF0:
 1444 0338 7369676E 		.ascii	"signed char\000"
 1444      65642063 
 1444      68617200 
 1445              	.LASF36:
 1446 0344 43794465 		.ascii	"CyDelay\000"
 1446      6C617900 
 1447              		.ident	"GCC: (GNU Tools for ARM Embedded Processors) 5.4.1 20160609 (release) [ARM/embedded-5-bran
