ARM GAS  C:\Users\HELLOK~1\AppData\Local\Temp\cczs6c1h.s 			page 1


   1              		.syntax unified
   2              		.cpu cortex-m0
   3              		.fpu softvfp
   4              		.eabi_attribute 20, 1
   5              		.eabi_attribute 21, 1
   6              		.eabi_attribute 23, 3
   7              		.eabi_attribute 24, 1
   8              		.eabi_attribute 25, 1
   9              		.eabi_attribute 26, 1
  10              		.eabi_attribute 30, 1
  11              		.eabi_attribute 34, 0
  12              		.eabi_attribute 18, 4
  13              		.thumb
  14              		.syntax unified
  15              		.file	"main.c"
  16              		.text
  17              	.Ltext0:
  18              		.cfi_sections	.debug_frame
  19              		.section	.text.drawMovingBar,"ax",%progbits
  20              		.align	2
  21              		.global	drawMovingBar
  22              		.code	16
  23              		.thumb_func
  24              		.type	drawMovingBar, %function
  25              	drawMovingBar:
  26              	.LFB34:
  27              		.file 1 "main.c"
   1:main.c        **** /* ========================================
   2:main.c        ****  *
   3:main.c        ****  * Copyright YOUR COMPANY, THE YEAR
   4:main.c        ****  * All Rights Reserved
   5:main.c        ****  * UNPUBLISHED, LICENSED SOFTWARE.
   6:main.c        ****  *
   7:main.c        ****  * CONFIDENTIAL AND PROPRIETARY INFORMATION
   8:main.c        ****  * WHICH IS THE PROPERTY OF your company.
   9:main.c        ****  *
  10:main.c        ****  * ========================================
  11:main.c        **** */
  12:main.c        **** #include "project.h"
  13:main.c        **** 
  14:main.c        **** volatile int barSync;
  15:main.c        **** volatile int buttonAsync;
  16:main.c        **** int movingDirection;
  17:main.c        **** int drawMovingBar(int position){
  28              		.loc 1 17 0
  29              		.cfi_startproc
  30              		@ args = 0, pretend = 0, frame = 0
  31              		@ frame_needed = 0, uses_anonymous_args = 0
  32              	.LVL0:
  33 0000 10B5     		push	{r4, lr}
  34              		.cfi_def_cfa_offset 8
  35              		.cfi_offset 4, -8
  36              		.cfi_offset 14, -4
  18:main.c        ****     if(movingDirection == 0){
  37              		.loc 1 18 0
  38 0002 0F4B     		ldr	r3, .L7
  39 0004 1B68     		ldr	r3, [r3]
ARM GAS  C:\Users\HELLOK~1\AppData\Local\Temp\cczs6c1h.s 			page 2


  40 0006 002B     		cmp	r3, #0
  41 0008 01D1     		bne	.L2
  19:main.c        ****         position++;
  42              		.loc 1 19 0
  43 000a 441C     		adds	r4, r0, #1
  44              	.LVL1:
  45 000c 00E0     		b	.L3
  46              	.LVL2:
  47              	.L2:
  20:main.c        ****     }
  21:main.c        ****     else{
  22:main.c        ****         position--;
  48              		.loc 1 22 0
  49 000e 441E     		subs	r4, r0, #1
  50              	.LVL3:
  51              	.L3:
  23:main.c        ****     }
  24:main.c        ****     LCD_DrawHorizontalBG(0,0,16,position);
  52              		.loc 1 24 0
  53 0010 E3B2     		uxtb	r3, r4
  54 0012 1022     		movs	r2, #16
  55 0014 0021     		movs	r1, #0
  56 0016 0020     		movs	r0, #0
  57 0018 FFF7FEFF 		bl	LCD_DrawHorizontalBG
  58              	.LVL4:
  25:main.c        ****     if(position == 80 || position == 0){
  59              		.loc 1 25 0
  60 001c 502C     		cmp	r4, #80
  61 001e 01D0     		beq	.L4
  62              		.loc 1 25 0 is_stmt 0 discriminator 1
  63 0020 002C     		cmp	r4, #0
  64 0022 0AD1     		bne	.L5
  65              	.L4:
  26:main.c        ****         if(movingDirection == 0){
  66              		.loc 1 26 0 is_stmt 1
  67 0024 064B     		ldr	r3, .L7
  68 0026 1B68     		ldr	r3, [r3]
  69 0028 002B     		cmp	r3, #0
  70 002a 03D1     		bne	.L6
  27:main.c        ****             movingDirection = 1;
  71              		.loc 1 27 0
  72 002c 0122     		movs	r2, #1
  73 002e 044B     		ldr	r3, .L7
  74 0030 1A60     		str	r2, [r3]
  75 0032 02E0     		b	.L5
  76              	.L6:
  28:main.c        ****         }
  29:main.c        ****         else{
  30:main.c        ****             movingDirection = 0;
  77              		.loc 1 30 0
  78 0034 0022     		movs	r2, #0
  79 0036 024B     		ldr	r3, .L7
  80 0038 1A60     		str	r2, [r3]
  81              	.L5:
  31:main.c        ****         }
  32:main.c        ****     }
  33:main.c        ****     return position;
ARM GAS  C:\Users\HELLOK~1\AppData\Local\Temp\cczs6c1h.s 			page 3


  34:main.c        **** }
  82              		.loc 1 34 0
  83 003a 2000     		movs	r0, r4
  84              		@ sp needed
  85              	.LVL5:
  86 003c 10BD     		pop	{r4, pc}
  87              	.L8:
  88 003e C046     		.align	2
  89              	.L7:
  90 0040 00000000 		.word	movingDirection
  91              		.cfi_endproc
  92              	.LFE34:
  93              		.size	drawMovingBar, .-drawMovingBar
  94              		.section	.text.main,"ax",%progbits
  95              		.align	2
  96              		.global	main
  97              		.code	16
  98              		.thumb_func
  99              		.type	main, %function
 100              	main:
 101              	.LFB35:
  35:main.c        **** int main(void)
  36:main.c        **** {
 102              		.loc 1 36 0
 103              		.cfi_startproc
 104              		@ args = 0, pretend = 0, frame = 0
 105              		@ frame_needed = 0, uses_anonymous_args = 0
 106 0000 10B5     		push	{r4, lr}
 107              		.cfi_def_cfa_offset 8
 108              		.cfi_offset 4, -8
 109              		.cfi_offset 14, -4
  37:main.c        **** 
  38:main.c        ****     /* Place your initialization/startup code here (e.g. MyInst_Start()) */
  39:main.c        ****     // Start modules and timers
  40:main.c        ****     LCD_Start();
 110              		.loc 1 40 0
 111 0002 FFF7FEFF 		bl	LCD_Start
 112              	.LVL6:
  41:main.c        ****     //ENC_ISR_Start();
  42:main.c        ****     BTN_ISR_Start();
 113              		.loc 1 42 0
 114 0006 FFF7FEFF 		bl	BTN_ISR_Start
 115              	.LVL7:
  43:main.c        ****     LCD_Timer_Start();
 116              		.loc 1 43 0
 117 000a FFF7FEFF 		bl	LCD_Timer_Start
 118              	.LVL8:
  44:main.c        ****     LCD_Timer_ISR_Start();
 119              		.loc 1 44 0
 120 000e FFF7FEFF 		bl	LCD_Timer_ISR_Start
 121              	.LVL9:
  45:main.c        ****     LCD_Timer_WritePeriod(12);
 122              		.loc 1 45 0
 123 0012 0C20     		movs	r0, #12
 124 0014 FFF7FEFF 		bl	LCD_Timer_WritePeriod
 125              	.LVL10:
  46:main.c        ****     barSync = 0;
ARM GAS  C:\Users\HELLOK~1\AppData\Local\Temp\cczs6c1h.s 			page 4


 126              		.loc 1 46 0
 127 0018 0023     		movs	r3, #0
 128 001a 114A     		ldr	r2, .L14
 129 001c 1360     		str	r3, [r2]
  47:main.c        ****     
  48:main.c        ****     buttonAsync = 0;
 130              		.loc 1 48 0
 131 001e 114A     		ldr	r2, .L14+4
 132 0020 1360     		str	r3, [r2]
  49:main.c        ****     movingDirection = 0;
 133              		.loc 1 49 0
 134 0022 114A     		ldr	r2, .L14+8
 135 0024 1360     		str	r3, [r2]
 136              	.LVL11:
  50:main.c        ****     int barPos = 0;
  51:main.c        ****     int barMove = 0;
  52:main.c        ****     CyGlobalIntEnable;
 137              		.loc 1 52 0
 138              		.syntax divided
 139              	@ 52 "main.c" 1
 140 0026 62B6     		CPSIE   i
 141              	@ 0 "" 2
  51:main.c        ****     CyGlobalIntEnable;
 142              		.loc 1 51 0
 143              		.thumb
 144              		.syntax unified
 145 0028 0024     		movs	r4, #0
  50:main.c        ****     int barPos = 0;
 146              		.loc 1 50 0
 147 002a 0020     		movs	r0, #0
 148 002c 00E0     		b	.L10
 149              	.LVL12:
 150              	.L13:
  53:main.c        ****     for(;;)
  54:main.c        ****     {
  55:main.c        ****         
  56:main.c        ****         /* Place your application code here. */
  57:main.c        ****         
  58:main.c        ****         if(barSync == 1){
  59:main.c        ****             barSync = 0;
  60:main.c        ****             if(barMove != 1){
  61:main.c        ****                 barPos = drawMovingBar(barPos);
  62:main.c        ****             }
  63:main.c        ****             //LCD_DrawHorizontalBG(1,0,16,80);
  64:main.c        ****             //LCD_ClearDisplay();
  65:main.c        ****             //CyDelay(1000);
  66:main.c        ****             //LCD_ClearDisplay();
  67:main.c        ****         }
  68:main.c        ****         else if(buttonAsync == 1){
  69:main.c        ****             buttonAsync = 0;
  70:main.c        ****             if(barMove == 0){
  71:main.c        ****                 barMove = 1;
  72:main.c        ****             }
  73:main.c        ****             else{
  74:main.c        ****                 barMove = 0;
 151              		.loc 1 74 0
 152 002e 0024     		movs	r4, #0
ARM GAS  C:\Users\HELLOK~1\AppData\Local\Temp\cczs6c1h.s 			page 5


 153              	.LVL13:
 154              	.L10:
  58:main.c        ****             barSync = 0;
 155              		.loc 1 58 0
 156 0030 0B4B     		ldr	r3, .L14
 157 0032 1B68     		ldr	r3, [r3]
 158 0034 012B     		cmp	r3, #1
 159 0036 07D1     		bne	.L11
  59:main.c        ****             if(barMove != 1){
 160              		.loc 1 59 0
 161 0038 0022     		movs	r2, #0
 162 003a 094B     		ldr	r3, .L14
 163 003c 1A60     		str	r2, [r3]
  60:main.c        ****                 barPos = drawMovingBar(barPos);
 164              		.loc 1 60 0
 165 003e 012C     		cmp	r4, #1
 166 0040 F6D0     		beq	.L10
  61:main.c        ****             }
 167              		.loc 1 61 0
 168 0042 FFF7FEFF 		bl	drawMovingBar
 169              	.LVL14:
 170 0046 F3E7     		b	.L10
 171              	.L11:
  68:main.c        ****             buttonAsync = 0;
 172              		.loc 1 68 0
 173 0048 064B     		ldr	r3, .L14+4
 174 004a 1B68     		ldr	r3, [r3]
 175 004c 012B     		cmp	r3, #1
 176 004e EFD1     		bne	.L10
  69:main.c        ****             if(barMove == 0){
 177              		.loc 1 69 0
 178 0050 0022     		movs	r2, #0
 179 0052 044B     		ldr	r3, .L14+4
 180 0054 1A60     		str	r2, [r3]
  70:main.c        ****                 barMove = 1;
 181              		.loc 1 70 0
 182 0056 002C     		cmp	r4, #0
 183 0058 E9D1     		bne	.L13
  71:main.c        ****             }
 184              		.loc 1 71 0
 185 005a 0134     		adds	r4, r4, #1
 186              	.LVL15:
 187 005c E8E7     		b	.L10
 188              	.L15:
 189 005e C046     		.align	2
 190              	.L14:
 191 0060 00000000 		.word	barSync
 192 0064 00000000 		.word	buttonAsync
 193 0068 00000000 		.word	movingDirection
 194              		.cfi_endproc
 195              	.LFE35:
 196              		.size	main, .-main
 197              		.comm	movingDirection,4,4
 198              		.comm	buttonAsync,4,4
 199              		.comm	barSync,4,4
 200              		.text
 201              	.Letext0:
ARM GAS  C:\Users\HELLOK~1\AppData\Local\Temp\cczs6c1h.s 			page 6


 202              		.file 2 "Generated_Source\\PSoC4/LCD.h"
 203              		.file 3 "Generated_Source\\PSoC4/BTN_ISR.h"
 204              		.file 4 "Generated_Source\\PSoC4/LCD_Timer.h"
 205              		.file 5 "Generated_Source\\PSoC4/LCD_Timer_ISR.h"
 206              		.section	.debug_info,"",%progbits
 207              	.Ldebug_info0:
 208 0000 C7010000 		.4byte	0x1c7
 209 0004 0400     		.2byte	0x4
 210 0006 00000000 		.4byte	.Ldebug_abbrev0
 211 000a 04       		.byte	0x4
 212 000b 01       		.uleb128 0x1
 213 000c FC000000 		.4byte	.LASF25
 214 0010 0C       		.byte	0xc
 215 0011 AF010000 		.4byte	.LASF26
 216 0015 BB010000 		.4byte	.LASF27
 217 0019 00000000 		.4byte	.Ldebug_ranges0+0
 218 001d 00000000 		.4byte	0
 219 0021 00000000 		.4byte	.Ldebug_line0
 220 0025 02       		.uleb128 0x2
 221 0026 01       		.byte	0x1
 222 0027 06       		.byte	0x6
 223 0028 32020000 		.4byte	.LASF0
 224 002c 02       		.uleb128 0x2
 225 002d 01       		.byte	0x1
 226 002e 08       		.byte	0x8
 227 002f 59000000 		.4byte	.LASF1
 228 0033 02       		.uleb128 0x2
 229 0034 02       		.byte	0x2
 230 0035 05       		.byte	0x5
 231 0036 13020000 		.4byte	.LASF2
 232 003a 02       		.uleb128 0x2
 233 003b 02       		.byte	0x2
 234 003c 07       		.byte	0x7
 235 003d 85000000 		.4byte	.LASF3
 236 0041 02       		.uleb128 0x2
 237 0042 04       		.byte	0x4
 238 0043 05       		.byte	0x5
 239 0044 1D020000 		.4byte	.LASF4
 240 0048 02       		.uleb128 0x2
 241 0049 04       		.byte	0x4
 242 004a 07       		.byte	0x7
 243 004b 73000000 		.4byte	.LASF5
 244 004f 02       		.uleb128 0x2
 245 0050 08       		.byte	0x8
 246 0051 05       		.byte	0x5
 247 0052 93010000 		.4byte	.LASF6
 248 0056 02       		.uleb128 0x2
 249 0057 08       		.byte	0x8
 250 0058 07       		.byte	0x7
 251 0059 DD000000 		.4byte	.LASF7
 252 005d 03       		.uleb128 0x3
 253 005e 04       		.byte	0x4
 254 005f 05       		.byte	0x5
 255 0060 696E7400 		.ascii	"int\000"
 256 0064 02       		.uleb128 0x2
 257 0065 04       		.byte	0x4
 258 0066 07       		.byte	0x7
ARM GAS  C:\Users\HELLOK~1\AppData\Local\Temp\cczs6c1h.s 			page 7


 259 0067 D0000000 		.4byte	.LASF8
 260 006b 02       		.uleb128 0x2
 261 006c 04       		.byte	0x4
 262 006d 04       		.byte	0x4
 263 006e 49000000 		.4byte	.LASF9
 264 0072 02       		.uleb128 0x2
 265 0073 08       		.byte	0x8
 266 0074 04       		.byte	0x4
 267 0075 AD000000 		.4byte	.LASF10
 268 0079 02       		.uleb128 0x2
 269 007a 01       		.byte	0x1
 270 007b 08       		.byte	0x8
 271 007c B6010000 		.4byte	.LASF11
 272 0080 02       		.uleb128 0x2
 273 0081 08       		.byte	0x8
 274 0082 04       		.byte	0x4
 275 0083 26020000 		.4byte	.LASF12
 276 0087 02       		.uleb128 0x2
 277 0088 04       		.byte	0x4
 278 0089 07       		.byte	0x7
 279 008a 8A010000 		.4byte	.LASF13
 280 008e 04       		.uleb128 0x4
 281 008f C2000000 		.4byte	.LASF28
 282 0093 01       		.byte	0x1
 283 0094 11       		.byte	0x11
 284 0095 5D000000 		.4byte	0x5d
 285 0099 00000000 		.4byte	.LFB34
 286 009d 44000000 		.4byte	.LFE34-.LFB34
 287 00a1 01       		.uleb128 0x1
 288 00a2 9C       		.byte	0x9c
 289 00a3 D6000000 		.4byte	0xd6
 290 00a7 05       		.uleb128 0x5
 291 00a8 B9000000 		.4byte	.LASF29
 292 00ac 01       		.byte	0x1
 293 00ad 11       		.byte	0x11
 294 00ae 5D000000 		.4byte	0x5d
 295 00b2 00000000 		.4byte	.LLST0
 296 00b6 06       		.uleb128 0x6
 297 00b7 1C000000 		.4byte	.LVL4
 298 00bb 86010000 		.4byte	0x186
 299 00bf 07       		.uleb128 0x7
 300 00c0 01       		.uleb128 0x1
 301 00c1 50       		.byte	0x50
 302 00c2 01       		.uleb128 0x1
 303 00c3 30       		.byte	0x30
 304 00c4 07       		.uleb128 0x7
 305 00c5 01       		.uleb128 0x1
 306 00c6 51       		.byte	0x51
 307 00c7 01       		.uleb128 0x1
 308 00c8 30       		.byte	0x30
 309 00c9 07       		.uleb128 0x7
 310 00ca 01       		.uleb128 0x1
 311 00cb 52       		.byte	0x52
 312 00cc 01       		.uleb128 0x1
 313 00cd 40       		.byte	0x40
 314 00ce 07       		.uleb128 0x7
 315 00cf 01       		.uleb128 0x1
ARM GAS  C:\Users\HELLOK~1\AppData\Local\Temp\cczs6c1h.s 			page 8


 316 00d0 53       		.byte	0x53
 317 00d1 02       		.uleb128 0x2
 318 00d2 74       		.byte	0x74
 319 00d3 00       		.sleb128 0
 320 00d4 00       		.byte	0
 321 00d5 00       		.byte	0
 322 00d6 08       		.uleb128 0x8
 323 00d7 B4000000 		.4byte	.LASF30
 324 00db 01       		.byte	0x1
 325 00dc 23       		.byte	0x23
 326 00dd 5D000000 		.4byte	0x5d
 327 00e1 00000000 		.4byte	.LFB35
 328 00e5 6C000000 		.4byte	.LFE35-.LFB35
 329 00e9 01       		.uleb128 0x1
 330 00ea 9C       		.byte	0x9c
 331 00eb 4E010000 		.4byte	0x14e
 332 00ef 09       		.uleb128 0x9
 333 00f0 2E000000 		.4byte	.LASF14
 334 00f4 01       		.byte	0x1
 335 00f5 32       		.byte	0x32
 336 00f6 5D000000 		.4byte	0x5d
 337 00fa 3F000000 		.4byte	.LLST1
 338 00fe 09       		.uleb128 0x9
 339 00ff 16000000 		.4byte	.LASF15
 340 0103 01       		.byte	0x1
 341 0104 33       		.byte	0x33
 342 0105 5D000000 		.4byte	0x5d
 343 0109 69000000 		.4byte	.LLST2
 344 010d 0A       		.uleb128 0xa
 345 010e 06000000 		.4byte	.LVL6
 346 0112 91010000 		.4byte	0x191
 347 0116 0A       		.uleb128 0xa
 348 0117 0A000000 		.4byte	.LVL7
 349 011b 9C010000 		.4byte	0x19c
 350 011f 0A       		.uleb128 0xa
 351 0120 0E000000 		.4byte	.LVL8
 352 0124 A7010000 		.4byte	0x1a7
 353 0128 0A       		.uleb128 0xa
 354 0129 12000000 		.4byte	.LVL9
 355 012d B3010000 		.4byte	0x1b3
 356 0131 0B       		.uleb128 0xb
 357 0132 18000000 		.4byte	.LVL10
 358 0136 BE010000 		.4byte	0x1be
 359 013a 44010000 		.4byte	0x144
 360 013e 07       		.uleb128 0x7
 361 013f 01       		.uleb128 0x1
 362 0140 50       		.byte	0x50
 363 0141 01       		.uleb128 0x1
 364 0142 3C       		.byte	0x3c
 365 0143 00       		.byte	0
 366 0144 0A       		.uleb128 0xa
 367 0145 46000000 		.4byte	.LVL14
 368 0149 8E000000 		.4byte	0x8e
 369 014d 00       		.byte	0
 370 014e 0C       		.uleb128 0xc
 371 014f F4000000 		.4byte	.LASF16
 372 0153 01       		.byte	0x1
ARM GAS  C:\Users\HELLOK~1\AppData\Local\Temp\cczs6c1h.s 			page 9


 373 0154 0E       		.byte	0xe
 374 0155 5F010000 		.4byte	0x15f
 375 0159 05       		.uleb128 0x5
 376 015a 03       		.byte	0x3
 377 015b 00000000 		.4byte	barSync
 378 015f 0D       		.uleb128 0xd
 379 0160 5D000000 		.4byte	0x5d
 380 0164 0C       		.uleb128 0xc
 381 0165 67000000 		.4byte	.LASF17
 382 0169 01       		.byte	0x1
 383 016a 0F       		.byte	0xf
 384 016b 5F010000 		.4byte	0x15f
 385 016f 05       		.uleb128 0x5
 386 0170 03       		.byte	0x3
 387 0171 00000000 		.4byte	buttonAsync
 388 0175 0C       		.uleb128 0xc
 389 0176 3E020000 		.4byte	.LASF18
 390 017a 01       		.byte	0x1
 391 017b 10       		.byte	0x10
 392 017c 5D000000 		.4byte	0x5d
 393 0180 05       		.uleb128 0x5
 394 0181 03       		.byte	0x3
 395 0182 00000000 		.4byte	movingDirection
 396 0186 0E       		.uleb128 0xe
 397 0187 98000000 		.4byte	.LASF19
 398 018b 98000000 		.4byte	.LASF19
 399 018f 02       		.byte	0x2
 400 0190 4B       		.byte	0x4b
 401 0191 0E       		.uleb128 0xe
 402 0192 4F000000 		.4byte	.LASF20
 403 0196 4F000000 		.4byte	.LASF20
 404 019a 02       		.byte	0x2
 405 019b 38       		.byte	0x38
 406 019c 0E       		.uleb128 0xe
 407 019d A1010000 		.4byte	.LASF21
 408 01a1 A1010000 		.4byte	.LASF21
 409 01a5 03       		.byte	0x3
 410 01a6 17       		.byte	0x17
 411 01a7 0F       		.uleb128 0xf
 412 01a8 1E000000 		.4byte	.LASF22
 413 01ac 1E000000 		.4byte	.LASF22
 414 01b0 04       		.byte	0x4
 415 01b1 3201     		.2byte	0x132
 416 01b3 0E       		.uleb128 0xe
 417 01b4 35000000 		.4byte	.LASF23
 418 01b8 35000000 		.4byte	.LASF23
 419 01bc 05       		.byte	0x5
 420 01bd 17       		.byte	0x17
 421 01be 0F       		.uleb128 0xf
 422 01bf 00000000 		.4byte	.LASF24
 423 01c3 00000000 		.4byte	.LASF24
 424 01c7 04       		.byte	0x4
 425 01c8 5001     		.2byte	0x150
 426 01ca 00       		.byte	0
 427              		.section	.debug_abbrev,"",%progbits
 428              	.Ldebug_abbrev0:
 429 0000 01       		.uleb128 0x1
ARM GAS  C:\Users\HELLOK~1\AppData\Local\Temp\cczs6c1h.s 			page 10


 430 0001 11       		.uleb128 0x11
 431 0002 01       		.byte	0x1
 432 0003 25       		.uleb128 0x25
 433 0004 0E       		.uleb128 0xe
 434 0005 13       		.uleb128 0x13
 435 0006 0B       		.uleb128 0xb
 436 0007 03       		.uleb128 0x3
 437 0008 0E       		.uleb128 0xe
 438 0009 1B       		.uleb128 0x1b
 439 000a 0E       		.uleb128 0xe
 440 000b 55       		.uleb128 0x55
 441 000c 17       		.uleb128 0x17
 442 000d 11       		.uleb128 0x11
 443 000e 01       		.uleb128 0x1
 444 000f 10       		.uleb128 0x10
 445 0010 17       		.uleb128 0x17
 446 0011 00       		.byte	0
 447 0012 00       		.byte	0
 448 0013 02       		.uleb128 0x2
 449 0014 24       		.uleb128 0x24
 450 0015 00       		.byte	0
 451 0016 0B       		.uleb128 0xb
 452 0017 0B       		.uleb128 0xb
 453 0018 3E       		.uleb128 0x3e
 454 0019 0B       		.uleb128 0xb
 455 001a 03       		.uleb128 0x3
 456 001b 0E       		.uleb128 0xe
 457 001c 00       		.byte	0
 458 001d 00       		.byte	0
 459 001e 03       		.uleb128 0x3
 460 001f 24       		.uleb128 0x24
 461 0020 00       		.byte	0
 462 0021 0B       		.uleb128 0xb
 463 0022 0B       		.uleb128 0xb
 464 0023 3E       		.uleb128 0x3e
 465 0024 0B       		.uleb128 0xb
 466 0025 03       		.uleb128 0x3
 467 0026 08       		.uleb128 0x8
 468 0027 00       		.byte	0
 469 0028 00       		.byte	0
 470 0029 04       		.uleb128 0x4
 471 002a 2E       		.uleb128 0x2e
 472 002b 01       		.byte	0x1
 473 002c 3F       		.uleb128 0x3f
 474 002d 19       		.uleb128 0x19
 475 002e 03       		.uleb128 0x3
 476 002f 0E       		.uleb128 0xe
 477 0030 3A       		.uleb128 0x3a
 478 0031 0B       		.uleb128 0xb
 479 0032 3B       		.uleb128 0x3b
 480 0033 0B       		.uleb128 0xb
 481 0034 27       		.uleb128 0x27
 482 0035 19       		.uleb128 0x19
 483 0036 49       		.uleb128 0x49
 484 0037 13       		.uleb128 0x13
 485 0038 11       		.uleb128 0x11
 486 0039 01       		.uleb128 0x1
ARM GAS  C:\Users\HELLOK~1\AppData\Local\Temp\cczs6c1h.s 			page 11


 487 003a 12       		.uleb128 0x12
 488 003b 06       		.uleb128 0x6
 489 003c 40       		.uleb128 0x40
 490 003d 18       		.uleb128 0x18
 491 003e 9742     		.uleb128 0x2117
 492 0040 19       		.uleb128 0x19
 493 0041 01       		.uleb128 0x1
 494 0042 13       		.uleb128 0x13
 495 0043 00       		.byte	0
 496 0044 00       		.byte	0
 497 0045 05       		.uleb128 0x5
 498 0046 05       		.uleb128 0x5
 499 0047 00       		.byte	0
 500 0048 03       		.uleb128 0x3
 501 0049 0E       		.uleb128 0xe
 502 004a 3A       		.uleb128 0x3a
 503 004b 0B       		.uleb128 0xb
 504 004c 3B       		.uleb128 0x3b
 505 004d 0B       		.uleb128 0xb
 506 004e 49       		.uleb128 0x49
 507 004f 13       		.uleb128 0x13
 508 0050 02       		.uleb128 0x2
 509 0051 17       		.uleb128 0x17
 510 0052 00       		.byte	0
 511 0053 00       		.byte	0
 512 0054 06       		.uleb128 0x6
 513 0055 898201   		.uleb128 0x4109
 514 0058 01       		.byte	0x1
 515 0059 11       		.uleb128 0x11
 516 005a 01       		.uleb128 0x1
 517 005b 31       		.uleb128 0x31
 518 005c 13       		.uleb128 0x13
 519 005d 00       		.byte	0
 520 005e 00       		.byte	0
 521 005f 07       		.uleb128 0x7
 522 0060 8A8201   		.uleb128 0x410a
 523 0063 00       		.byte	0
 524 0064 02       		.uleb128 0x2
 525 0065 18       		.uleb128 0x18
 526 0066 9142     		.uleb128 0x2111
 527 0068 18       		.uleb128 0x18
 528 0069 00       		.byte	0
 529 006a 00       		.byte	0
 530 006b 08       		.uleb128 0x8
 531 006c 2E       		.uleb128 0x2e
 532 006d 01       		.byte	0x1
 533 006e 3F       		.uleb128 0x3f
 534 006f 19       		.uleb128 0x19
 535 0070 03       		.uleb128 0x3
 536 0071 0E       		.uleb128 0xe
 537 0072 3A       		.uleb128 0x3a
 538 0073 0B       		.uleb128 0xb
 539 0074 3B       		.uleb128 0x3b
 540 0075 0B       		.uleb128 0xb
 541 0076 27       		.uleb128 0x27
 542 0077 19       		.uleb128 0x19
 543 0078 49       		.uleb128 0x49
ARM GAS  C:\Users\HELLOK~1\AppData\Local\Temp\cczs6c1h.s 			page 12


 544 0079 13       		.uleb128 0x13
 545 007a 8701     		.uleb128 0x87
 546 007c 19       		.uleb128 0x19
 547 007d 11       		.uleb128 0x11
 548 007e 01       		.uleb128 0x1
 549 007f 12       		.uleb128 0x12
 550 0080 06       		.uleb128 0x6
 551 0081 40       		.uleb128 0x40
 552 0082 18       		.uleb128 0x18
 553 0083 9742     		.uleb128 0x2117
 554 0085 19       		.uleb128 0x19
 555 0086 01       		.uleb128 0x1
 556 0087 13       		.uleb128 0x13
 557 0088 00       		.byte	0
 558 0089 00       		.byte	0
 559 008a 09       		.uleb128 0x9
 560 008b 34       		.uleb128 0x34
 561 008c 00       		.byte	0
 562 008d 03       		.uleb128 0x3
 563 008e 0E       		.uleb128 0xe
 564 008f 3A       		.uleb128 0x3a
 565 0090 0B       		.uleb128 0xb
 566 0091 3B       		.uleb128 0x3b
 567 0092 0B       		.uleb128 0xb
 568 0093 49       		.uleb128 0x49
 569 0094 13       		.uleb128 0x13
 570 0095 02       		.uleb128 0x2
 571 0096 17       		.uleb128 0x17
 572 0097 00       		.byte	0
 573 0098 00       		.byte	0
 574 0099 0A       		.uleb128 0xa
 575 009a 898201   		.uleb128 0x4109
 576 009d 00       		.byte	0
 577 009e 11       		.uleb128 0x11
 578 009f 01       		.uleb128 0x1
 579 00a0 31       		.uleb128 0x31
 580 00a1 13       		.uleb128 0x13
 581 00a2 00       		.byte	0
 582 00a3 00       		.byte	0
 583 00a4 0B       		.uleb128 0xb
 584 00a5 898201   		.uleb128 0x4109
 585 00a8 01       		.byte	0x1
 586 00a9 11       		.uleb128 0x11
 587 00aa 01       		.uleb128 0x1
 588 00ab 31       		.uleb128 0x31
 589 00ac 13       		.uleb128 0x13
 590 00ad 01       		.uleb128 0x1
 591 00ae 13       		.uleb128 0x13
 592 00af 00       		.byte	0
 593 00b0 00       		.byte	0
 594 00b1 0C       		.uleb128 0xc
 595 00b2 34       		.uleb128 0x34
 596 00b3 00       		.byte	0
 597 00b4 03       		.uleb128 0x3
 598 00b5 0E       		.uleb128 0xe
 599 00b6 3A       		.uleb128 0x3a
 600 00b7 0B       		.uleb128 0xb
ARM GAS  C:\Users\HELLOK~1\AppData\Local\Temp\cczs6c1h.s 			page 13


 601 00b8 3B       		.uleb128 0x3b
 602 00b9 0B       		.uleb128 0xb
 603 00ba 49       		.uleb128 0x49
 604 00bb 13       		.uleb128 0x13
 605 00bc 3F       		.uleb128 0x3f
 606 00bd 19       		.uleb128 0x19
 607 00be 02       		.uleb128 0x2
 608 00bf 18       		.uleb128 0x18
 609 00c0 00       		.byte	0
 610 00c1 00       		.byte	0
 611 00c2 0D       		.uleb128 0xd
 612 00c3 35       		.uleb128 0x35
 613 00c4 00       		.byte	0
 614 00c5 49       		.uleb128 0x49
 615 00c6 13       		.uleb128 0x13
 616 00c7 00       		.byte	0
 617 00c8 00       		.byte	0
 618 00c9 0E       		.uleb128 0xe
 619 00ca 2E       		.uleb128 0x2e
 620 00cb 00       		.byte	0
 621 00cc 3F       		.uleb128 0x3f
 622 00cd 19       		.uleb128 0x19
 623 00ce 3C       		.uleb128 0x3c
 624 00cf 19       		.uleb128 0x19
 625 00d0 6E       		.uleb128 0x6e
 626 00d1 0E       		.uleb128 0xe
 627 00d2 03       		.uleb128 0x3
 628 00d3 0E       		.uleb128 0xe
 629 00d4 3A       		.uleb128 0x3a
 630 00d5 0B       		.uleb128 0xb
 631 00d6 3B       		.uleb128 0x3b
 632 00d7 0B       		.uleb128 0xb
 633 00d8 00       		.byte	0
 634 00d9 00       		.byte	0
 635 00da 0F       		.uleb128 0xf
 636 00db 2E       		.uleb128 0x2e
 637 00dc 00       		.byte	0
 638 00dd 3F       		.uleb128 0x3f
 639 00de 19       		.uleb128 0x19
 640 00df 3C       		.uleb128 0x3c
 641 00e0 19       		.uleb128 0x19
 642 00e1 6E       		.uleb128 0x6e
 643 00e2 0E       		.uleb128 0xe
 644 00e3 03       		.uleb128 0x3
 645 00e4 0E       		.uleb128 0xe
 646 00e5 3A       		.uleb128 0x3a
 647 00e6 0B       		.uleb128 0xb
 648 00e7 3B       		.uleb128 0x3b
 649 00e8 05       		.uleb128 0x5
 650 00e9 00       		.byte	0
 651 00ea 00       		.byte	0
 652 00eb 00       		.byte	0
 653              		.section	.debug_loc,"",%progbits
 654              	.Ldebug_loc0:
 655              	.LLST0:
 656 0000 00000000 		.4byte	.LVL0
 657 0004 0C000000 		.4byte	.LVL1
ARM GAS  C:\Users\HELLOK~1\AppData\Local\Temp\cczs6c1h.s 			page 14


 658 0008 0100     		.2byte	0x1
 659 000a 50       		.byte	0x50
 660 000b 0C000000 		.4byte	.LVL1
 661 000f 0E000000 		.4byte	.LVL2
 662 0013 0100     		.2byte	0x1
 663 0015 54       		.byte	0x54
 664 0016 0E000000 		.4byte	.LVL2
 665 001a 10000000 		.4byte	.LVL3
 666 001e 0100     		.2byte	0x1
 667 0020 50       		.byte	0x50
 668 0021 10000000 		.4byte	.LVL3
 669 0025 3C000000 		.4byte	.LVL5
 670 0029 0100     		.2byte	0x1
 671 002b 54       		.byte	0x54
 672 002c 3C000000 		.4byte	.LVL5
 673 0030 44000000 		.4byte	.LFE34
 674 0034 0100     		.2byte	0x1
 675 0036 50       		.byte	0x50
 676 0037 00000000 		.4byte	0
 677 003b 00000000 		.4byte	0
 678              	.LLST1:
 679 003f 26000000 		.4byte	.LVL11
 680 0043 2E000000 		.4byte	.LVL12
 681 0047 0200     		.2byte	0x2
 682 0049 30       		.byte	0x30
 683 004a 9F       		.byte	0x9f
 684 004b 2E000000 		.4byte	.LVL12
 685 004f 45000000 		.4byte	.LVL14-1
 686 0053 0100     		.2byte	0x1
 687 0055 50       		.byte	0x50
 688 0056 46000000 		.4byte	.LVL14
 689 005a 6C000000 		.4byte	.LFE35
 690 005e 0100     		.2byte	0x1
 691 0060 50       		.byte	0x50
 692 0061 00000000 		.4byte	0
 693 0065 00000000 		.4byte	0
 694              	.LLST2:
 695 0069 26000000 		.4byte	.LVL11
 696 006d 2E000000 		.4byte	.LVL12
 697 0071 0200     		.2byte	0x2
 698 0073 30       		.byte	0x30
 699 0074 9F       		.byte	0x9f
 700 0075 2E000000 		.4byte	.LVL12
 701 0079 5C000000 		.4byte	.LVL15
 702 007d 0100     		.2byte	0x1
 703 007f 54       		.byte	0x54
 704 0080 5C000000 		.4byte	.LVL15
 705 0084 6C000000 		.4byte	.LFE35
 706 0088 0300     		.2byte	0x3
 707 008a 74       		.byte	0x74
 708 008b 7F       		.sleb128 -1
 709 008c 9F       		.byte	0x9f
 710 008d 00000000 		.4byte	0
 711 0091 00000000 		.4byte	0
 712              		.section	.debug_aranges,"",%progbits
 713 0000 24000000 		.4byte	0x24
 714 0004 0200     		.2byte	0x2
ARM GAS  C:\Users\HELLOK~1\AppData\Local\Temp\cczs6c1h.s 			page 15


 715 0006 00000000 		.4byte	.Ldebug_info0
 716 000a 04       		.byte	0x4
 717 000b 00       		.byte	0
 718 000c 0000     		.2byte	0
 719 000e 0000     		.2byte	0
 720 0010 00000000 		.4byte	.LFB34
 721 0014 44000000 		.4byte	.LFE34-.LFB34
 722 0018 00000000 		.4byte	.LFB35
 723 001c 6C000000 		.4byte	.LFE35-.LFB35
 724 0020 00000000 		.4byte	0
 725 0024 00000000 		.4byte	0
 726              		.section	.debug_ranges,"",%progbits
 727              	.Ldebug_ranges0:
 728 0000 00000000 		.4byte	.LFB34
 729 0004 44000000 		.4byte	.LFE34
 730 0008 00000000 		.4byte	.LFB35
 731 000c 6C000000 		.4byte	.LFE35
 732 0010 00000000 		.4byte	0
 733 0014 00000000 		.4byte	0
 734              		.section	.debug_line,"",%progbits
 735              	.Ldebug_line0:
 736 0000 B8000000 		.section	.debug_str,"MS",%progbits,1
 736      02006C00 
 736      00000201 
 736      FB0E0D00 
 736      01010101 
 737              	.LASF24:
 738 0000 4C43445F 		.ascii	"LCD_Timer_WritePeriod\000"
 738      54696D65 
 738      725F5772 
 738      69746550 
 738      6572696F 
 739              	.LASF15:
 740 0016 6261724D 		.ascii	"barMove\000"
 740      6F766500 
 741              	.LASF22:
 742 001e 4C43445F 		.ascii	"LCD_Timer_Start\000"
 742      54696D65 
 742      725F5374 
 742      61727400 
 743              	.LASF14:
 744 002e 62617250 		.ascii	"barPos\000"
 744      6F7300
 745              	.LASF23:
 746 0035 4C43445F 		.ascii	"LCD_Timer_ISR_Start\000"
 746      54696D65 
 746      725F4953 
 746      525F5374 
 746      61727400 
 747              	.LASF9:
 748 0049 666C6F61 		.ascii	"float\000"
 748      7400
 749              	.LASF20:
 750 004f 4C43445F 		.ascii	"LCD_Start\000"
 750      53746172 
 750      7400
 751              	.LASF1:
ARM GAS  C:\Users\HELLOK~1\AppData\Local\Temp\cczs6c1h.s 			page 16


 752 0059 756E7369 		.ascii	"unsigned char\000"
 752      676E6564 
 752      20636861 
 752      7200
 753              	.LASF17:
 754 0067 62757474 		.ascii	"buttonAsync\000"
 754      6F6E4173 
 754      796E6300 
 755              	.LASF5:
 756 0073 6C6F6E67 		.ascii	"long unsigned int\000"
 756      20756E73 
 756      69676E65 
 756      6420696E 
 756      7400
 757              	.LASF3:
 758 0085 73686F72 		.ascii	"short unsigned int\000"
 758      7420756E 
 758      7369676E 
 758      65642069 
 758      6E7400
 759              	.LASF19:
 760 0098 4C43445F 		.ascii	"LCD_DrawHorizontalBG\000"
 760      44726177 
 760      486F7269 
 760      7A6F6E74 
 760      616C4247 
 761              	.LASF10:
 762 00ad 646F7562 		.ascii	"double\000"
 762      6C6500
 763              	.LASF30:
 764 00b4 6D61696E 		.ascii	"main\000"
 764      00
 765              	.LASF29:
 766 00b9 706F7369 		.ascii	"position\000"
 766      74696F6E 
 766      00
 767              	.LASF28:
 768 00c2 64726177 		.ascii	"drawMovingBar\000"
 768      4D6F7669 
 768      6E674261 
 768      7200
 769              	.LASF8:
 770 00d0 756E7369 		.ascii	"unsigned int\000"
 770      676E6564 
 770      20696E74 
 770      00
 771              	.LASF7:
 772 00dd 6C6F6E67 		.ascii	"long long unsigned int\000"
 772      206C6F6E 
 772      6720756E 
 772      7369676E 
 772      65642069 
 773              	.LASF16:
 774 00f4 62617253 		.ascii	"barSync\000"
 774      796E6300 
 775              	.LASF25:
 776 00fc 474E5520 		.ascii	"GNU C11 5.4.1 20160609 (release) [ARM/embedded-5-br"
ARM GAS  C:\Users\HELLOK~1\AppData\Local\Temp\cczs6c1h.s 			page 17


 776      43313120 
 776      352E342E 
 776      31203230 
 776      31363036 
 777 012f 616E6368 		.ascii	"anch revision 237715] -mcpu=cortex-m0 -mthumb -g -O"
 777      20726576 
 777      6973696F 
 777      6E203233 
 777      37373135 
 778 0162 67202D66 		.ascii	"g -ffunction-sections -ffat-lto-objects\000"
 778      66756E63 
 778      74696F6E 
 778      2D736563 
 778      74696F6E 
 779              	.LASF13:
 780 018a 73697A65 		.ascii	"sizetype\000"
 780      74797065 
 780      00
 781              	.LASF6:
 782 0193 6C6F6E67 		.ascii	"long long int\000"
 782      206C6F6E 
 782      6720696E 
 782      7400
 783              	.LASF21:
 784 01a1 42544E5F 		.ascii	"BTN_ISR_Start\000"
 784      4953525F 
 784      53746172 
 784      7400
 785              	.LASF26:
 786 01af 6D61696E 		.ascii	"main.c\000"
 786      2E6300
 787              	.LASF11:
 788 01b6 63686172 		.ascii	"char\000"
 788      00
 789              	.LASF27:
 790 01bb 433A5C55 		.ascii	"C:\\Users\\Hello Kitty\\Documents\\PSoC Creator\\La"
 790      73657273 
 790      5C48656C 
 790      6C6F204B 
 790      69747479 
 791 01e9 62303220 		.ascii	"b02 - Interrupts\\Lab02 - Interrupts.cydsn\000"
 791      2D20496E 
 791      74657272 
 791      75707473 
 791      5C4C6162 
 792              	.LASF2:
 793 0213 73686F72 		.ascii	"short int\000"
 793      7420696E 
 793      7400
 794              	.LASF4:
 795 021d 6C6F6E67 		.ascii	"long int\000"
 795      20696E74 
 795      00
 796              	.LASF12:
 797 0226 6C6F6E67 		.ascii	"long double\000"
 797      20646F75 
 797      626C6500 
ARM GAS  C:\Users\HELLOK~1\AppData\Local\Temp\cczs6c1h.s 			page 18


 798              	.LASF0:
 799 0232 7369676E 		.ascii	"signed char\000"
 799      65642063 
 799      68617200 
 800              	.LASF18:
 801 023e 6D6F7669 		.ascii	"movingDirection\000"
 801      6E674469 
 801      72656374 
 801      696F6E00 
 802              		.ident	"GCC: (GNU Tools for ARM Embedded Processors) 5.4.1 20160609 (release) [ARM/embedded-5-bran
