--------------- Build Started: 01/28/2023 13:27:34 Project: Lab02 - Interrupts, Configuration: ARM GCC 5.4-2016-q2-update Debug ---------------
cydsfit.exe -.appdatapath "C:\Users\Leo Tejkowski\AppData\Local\Cypress Semiconductor\PSoC Creator\4.4" -.fdsnotice -.fdswarpdepfile=warp_dependencies.txt -.fdselabdepfile=elab_dependencies.txt -.fdsbldfile=generated_files.txt -.fdsreffile=referenced_files.txt -p "C:\Users\Leo Tejkowski\Desktop\ece381\Lab 2 - Interrupts\Project\Zip File\Lab02 - Interrupts.cydsn\Lab02 - Interrupts.cyprj" -d CY8C4247AZI-M485 -s "C:\Users\Leo Tejkowski\Desktop\ece381\Lab 2 - Interrupts\Project\Zip File\Lab02 - Interrupts.cydsn\Generated_Source\PSoC4" -- -yv2 -q10 -ygs -o2 -v3 -.fftcfgtype=LE
Elaborating Design...
HDL Generation...
Synthesis...
Tech Mapping...
Analog Placement...
Analog Routing...
Analog Code Generation...
Digital Placement...
Digital Routing...
Bitstream Generation...
Bitstream Verification...
Static timing analysis...
API Generation...
Dependency Generation...
Cleanup...
arm-none-eabi-gcc.exe -mcpu=cortex-m0 -mthumb -I. -IGenerated_Source\PSoC4 -Wa,-alh=.\CortexM0\ARM_GCC_541\Debug/cyfitter_cfg.lst -g -D DEBUG -D CY_CORE_ID=0 -Wall -ffunction-sections -ffat-lto-objects -Og -c Generated_Source\PSoC4\cyfitter_cfg.c -o .\CortexM0\ARM_GCC_541\Debug\cyfitter_cfg.o
arm-none-eabi-ar.exe -rs ".\CortexM0\ARM_GCC_541\Debug\Lab02 - Interrupts.a" .\CortexM0\ARM_GCC_541\Debug\ENC.o .\CortexM0\ARM_GCC_541\Debug\ENC_PM.o .\CortexM0\ARM_GCC_541\Debug\ENC_ISR.o .\CortexM0\ARM_GCC_541\Debug\BTN.o .\CortexM0\ARM_GCC_541\Debug\BTN_PM.o .\CortexM0\ARM_GCC_541\Debug\BTN_ISR.o .\CortexM0\ARM_GCC_541\Debug\LCD_BarGraph.o .\CortexM0\ARM_GCC_541\Debug\LCD.o .\CortexM0\ARM_GCC_541\Debug\LCD_PM.o .\CortexM0\ARM_GCC_541\Debug\LCD_Timer_ISR.o .\CortexM0\ARM_GCC_541\Debug\CLK.o .\CortexM0\ARM_GCC_541\Debug\LCD_Timer.o .\CortexM0\ARM_GCC_541\Debug\LCD_Timer_PM.o .\CortexM0\ARM_GCC_541\Debug\LCD_LCDPort.o .\CortexM0\ARM_GCC_541\Debug\LCD_LCDPort_PM.o .\CortexM0\ARM_GCC_541\Debug\CyFlash.o .\CortexM0\ARM_GCC_541\Debug\CyLib.o .\CortexM0\ARM_GCC_541\Debug\cyPm.o .\CortexM0\ARM_GCC_541\Debug\cyutils.o .\CortexM0\ARM_GCC_541\Debug\CyDMA.o .\CortexM0\ARM_GCC_541\Debug\CyLFClk.o .\CortexM0\ARM_GCC_541\Debug\cy_em_eeprom.o .\CortexM0\ARM_GCC_541\Debug\CyBootAsmGnu.o
arm-none-eabi-ar.exe: creating .\CortexM0\ARM_GCC_541\Debug\Lab02 - Interrupts.a
arm-none-eabi-gcc.exe -Wl,--start-group -o "C:\Users\Leo Tejkowski\Desktop\ece381\Lab 2 - Interrupts\Project\Zip File\Lab02 - Interrupts.cydsn\CortexM0\ARM_GCC_541\Debug\Lab02 - Interrupts.elf" .\CortexM0\ARM_GCC_541\Debug\main.o .\CortexM0\ARM_GCC_541\Debug\cyfitter_cfg.o .\CortexM0\ARM_GCC_541\Debug\cymetadata.o .\CortexM0\ARM_GCC_541\Debug\Cm0Start.o ".\CortexM0\ARM_GCC_541\Debug\Lab02 - Interrupts.a" -mcpu=cortex-m0 -mthumb -L Generated_Source\PSoC4 "-Wl,-Map,.\CortexM0\ARM_GCC_541\Debug/Lab02 - Interrupts.map" -T Generated_Source\PSoC4\cm0gcc.ld -specs=nano.specs -Wl,--gc-sections -g -ffunction-sections -Og -ffat-lto-objects -Wl,--end-group
cyelftool.exe -C "C:\Users\Leo Tejkowski\Desktop\ece381\Lab 2 - Interrupts\Project\Zip File\Lab02 - Interrupts.cydsn\CortexM0\ARM_GCC_541\Debug\Lab02 - Interrupts.elf" --flash_row_size 128 --flash_size 131072 --flash_offset 0x00000000
No ELF section .cychecksum found, creating one
Application checksum calculated and stored in ELF section .cychecksum
Checksum calculated and stored in ELF section .cymeta
cyelftool.exe -S "C:\Users\Leo Tejkowski\Desktop\ece381\Lab 2 - Interrupts\Project\Zip File\Lab02 - Interrupts.cydsn\CortexM0\ARM_GCC_541\Debug\Lab02 - Interrupts.elf"
Flash used: 3880 of 131072 bytes (3.0%).
SRAM used: 2600 of 16384 bytes (15.9%). Stack: 2048 bytes. Heap: 128 bytes.
--------------- Build Succeeded: 01/28/2023 13:27:52 ---------------
