Loading plugins phase: Elapsed time ==> 0s.115ms
<CYPRESSTAG name="CyDsfit arguments...">
cydsfit arguments: -.fdsnotice -.fdswarpdepfile=warp_dependencies.txt -.fdselabdepfile=elab_dependencies.txt -.fdsbldfile=generated_files.txt -.fdsreffile=referenced_files.txt -p C:\Users\Hello Kitty\Desktop\MicrocontrollersLab\Lab 4 - UART Motors\Project\Design01.cydsn\Design01.cyprj -d CY8C4247AZI-M485 -s C:\Users\Hello Kitty\Desktop\MicrocontrollersLab\Lab 4 - UART Motors\Project\Design01.cydsn\Generated_Source\PSoC4 -- -yv2 -q10 -ygs -o2 -v3 -.fftcfgtype=LE
</CYPRESSTAG>
<CYPRESSTAG name="Design elaboration results...">
</CYPRESSTAG>
Elaboration phase: Elapsed time ==> 0s.927ms
<CYPRESSTAG name="HDL generation results...">
</CYPRESSTAG>
HDL generation phase: Elapsed time ==> 0s.041ms
<CYPRESSTAG name="Synthesis results...">

     | | | | | | |
   _________________
  -|               |-
  -|               |-
  -|               |-
  -|    CYPRESS    |-
  -|               |-
  -|               |-   Warp Verilog Synthesis Compiler: Version 6.3 IR 41
  -|               |-   Copyright (C) 1991-2001 Cypress Semiconductor
   |_______________|
     | | | | | | |

======================================================================
Compiling:  Design01.v
Program  :   C:\Program Files (x86)\Cypress\PSoC Creator\4.2\PSoC Creator\warp\bin\warp.exe
Options  :    -yv2 -q10 -ygs -o2 -v3 -.fftcfgtype=LE -ya -.fftprj=C:\Users\Hello Kitty\Desktop\MicrocontrollersLab\Lab 4 - UART Motors\Project\Design01.cydsn\Design01.cyprj -dcpsoc3 Design01.v -verilog
======================================================================

======================================================================
Compiling:  Design01.v
Program  :   C:\Program Files (x86)\Cypress\PSoC Creator\4.2\PSoC Creator\warp\bin\warp.exe
Options  :    -yv2 -q10 -ygs -o2 -v3 -.fftcfgtype=LE -ya -.fftprj=C:\Users\Hello Kitty\Desktop\MicrocontrollersLab\Lab 4 - UART Motors\Project\Design01.cydsn\Design01.cyprj -dcpsoc3 Design01.v -verilog
======================================================================

======================================================================
Compiling:  Design01.v
Program  :   vlogfe
Options  :    -yv2 -q10 -ygs -o2 -v3 -.fftcfgtype=LE -ya -.fftprj=C:\Users\Hello Kitty\Desktop\MicrocontrollersLab\Lab 4 - UART Motors\Project\Design01.cydsn\Design01.cyprj -dcpsoc3 -verilog Design01.v
======================================================================

vlogfe V6.3 IR 41:  Verilog parser
Wed Mar 01 22:06:20 2023


======================================================================
Compiling:  Design01.v
Program  :   vpp
Options  :    -yv2 -q10 Design01.v
======================================================================

vpp V6.3 IR 41:  Verilog Pre-Processor
Wed Mar 01 22:06:20 2023

Flattening file 'C:\Program Files (x86)\Cypress\PSoC Creator\4.2\PSoC Creator\psoc\content\CyPrimitives\cyprimitives.cylib\cy_virtualmux_v1_0\cy_virtualmux_v1_0.v'
Flattening file 'C:\Program Files (x86)\Cypress\PSoC Creator\4.2\PSoC Creator\psoc\content\CyPrimitives\cyprimitives.cylib\ZeroTerminal\ZeroTerminal.v'
Flattening file 'C:\Program Files (x86)\Cypress\PSoC Creator\4.2\PSoC Creator\psoc\content\CyPrimitives\cyprimitives.cylib\or_v1_0\or_v1_0.v'
Flattening file 'C:\Program Files (x86)\Cypress\PSoC Creator\4.2\PSoC Creator\psoc\content\CyPrimitives\cyprimitives.cylib\CyControlReg_v1_80\CyControlReg_v1_80.v'
Flattening file 'C:\Program Files (x86)\Cypress\PSoC Creator\4.2\PSoC Creator\warp\lib\common\cypress.v'
Flattening file 'C:\Program Files (x86)\Cypress\PSoC Creator\4.2\PSoC Creator\warp\lib\common\cy_psoc3_inc.v'

vpp:  No errors.

Library 'work' => directory 'lcpsoc3'
General_symbol_table
General_symbol_table
Linking 'C:\Program Files (x86)\Cypress\PSoC Creator\4.2\PSoC Creator\warp\lib\common\std.vhd'.
Linking 'C:\Program Files (x86)\Cypress\PSoC Creator\4.2\PSoC Creator\warp\lib\common\cypress.vhd'.
Linking 'C:\Program Files (x86)\Cypress\PSoC Creator\4.2\PSoC Creator\warp\lib\common\work\cypress.vif'.
Linking 'C:\Program Files (x86)\Cypress\PSoC Creator\4.2\PSoC Creator\warp\lib\ieee\work\stdlogic.vif'.
Linking 'C:\Program Files (x86)\Cypress\PSoC Creator\4.2\PSoC Creator\warp\lib\common\stdlogic\lpmpkg.vif'.
Linking 'C:\Program Files (x86)\Cypress\PSoC Creator\4.2\PSoC Creator\warp\lib\common\stdlogic\rtlpkg.vif'.
Linking 'C:\Program Files (x86)\Cypress\PSoC Creator\4.2\PSoC Creator\warp\lib\common\stdlogic\mod_cnst.vif'.
Linking 'C:\Program Files (x86)\Cypress\PSoC Creator\4.2\PSoC Creator\warp\lib\common\stdlogic\mod_mthv.vif'.
Linking 'C:\Program Files (x86)\Cypress\PSoC Creator\4.2\PSoC Creator\warp\lib\common\stdlogic\mod_genv.vif'.
Using control file 'Design01.ctl'.

vlogfe:  No errors.


======================================================================
Compiling:  Design01.v
Program  :   tovif
Options  :    -yv2 -q10 -ygs -o2 -v3 -.fftcfgtype=LE -ya -.fftprj=C:\Users\Hello Kitty\Desktop\MicrocontrollersLab\Lab 4 - UART Motors\Project\Design01.cydsn\Design01.cyprj -dcpsoc3 -verilog Design01.v
======================================================================

tovif V6.3 IR 41:  High-level synthesis
Wed Mar 01 22:06:21 2023

Linking 'C:\Program Files (x86)\Cypress\PSoC Creator\4.2\PSoC Creator\warp\lib\common\std.vhd'.
Linking 'C:\Program Files (x86)\Cypress\PSoC Creator\4.2\PSoC Creator\warp\lib\common\cypress.vhd'.
Linking 'C:\Program Files (x86)\Cypress\PSoC Creator\4.2\PSoC Creator\warp\lib\common\work\cypress.vif'.
Linking 'C:\Program Files (x86)\Cypress\PSoC Creator\4.2\PSoC Creator\warp\lib\ieee\work\stdlogic.vif'.
Linking 'C:\Program Files (x86)\Cypress\PSoC Creator\4.2\PSoC Creator\warp\lib\common\stdlogic\lpmpkg.vif'.
Linking 'C:\Program Files (x86)\Cypress\PSoC Creator\4.2\PSoC Creator\warp\lib\common\stdlogic\rtlpkg.vif'.
Linking 'C:\Program Files (x86)\Cypress\PSoC Creator\4.2\PSoC Creator\warp\lib\common\stdlogic\mod_cnst.vif'.
Linking 'C:\Program Files (x86)\Cypress\PSoC Creator\4.2\PSoC Creator\warp\lib\common\stdlogic\mod_mthv.vif'.
Linking 'C:\Program Files (x86)\Cypress\PSoC Creator\4.2\PSoC Creator\warp\lib\common\stdlogic\mod_genv.vif'.
Linking 'C:\Users\Hello Kitty\Desktop\MicrocontrollersLab\Lab 4 - UART Motors\Project\Design01.cydsn\codegentemp\Design01.ctl'.
Linking 'C:\Program Files (x86)\Cypress\PSoC Creator\4.2\PSoC Creator\psoc\content\CyPrimitives\cyprimitives.cylib\cy_virtualmux_v1_0\cy_virtualmux_v1_0.v'.
Linking 'C:\Users\Hello Kitty\Desktop\MicrocontrollersLab\Lab 4 - UART Motors\Project\Design01.cydsn\codegentemp\Design01.v'.
Linking 'C:\Program Files (x86)\Cypress\PSoC Creator\4.2\PSoC Creator\psoc\content\CyPrimitives\cyprimitives.cylib\ZeroTerminal\ZeroTerminal.v'.
Linking 'C:\Program Files (x86)\Cypress\PSoC Creator\4.2\PSoC Creator\psoc\content\CyPrimitives\cyprimitives.cylib\or_v1_0\or_v1_0.v'.
Linking 'C:\Program Files (x86)\Cypress\PSoC Creator\4.2\PSoC Creator\psoc\content\CyPrimitives\cyprimitives.cylib\CyControlReg_v1_80\CyControlReg_v1_80.v'.
Linking 'C:\Program Files (x86)\Cypress\PSoC Creator\4.2\PSoC Creator\warp\lib\common\cypress.v'.
Linking 'C:\Program Files (x86)\Cypress\PSoC Creator\4.2\PSoC Creator\warp\lib\common\cy_psoc3_inc.v'.

tovif:  No errors.


======================================================================
Compiling:  Design01.v
Program  :   topld
Options  :    -yv2 -q10 -ygs -o2 -v3 -.fftcfgtype=LE -ya -.fftprj=C:\Users\Hello Kitty\Desktop\MicrocontrollersLab\Lab 4 - UART Motors\Project\Design01.cydsn\Design01.cyprj -dcpsoc3 -verilog Design01.v
======================================================================

topld V6.3 IR 41:  Synthesis and optimization
Wed Mar 01 22:06:21 2023

Linking 'C:\Program Files (x86)\Cypress\PSoC Creator\4.2\PSoC Creator\warp\lib\common\std.vhd'.
Linking 'C:\Program Files (x86)\Cypress\PSoC Creator\4.2\PSoC Creator\warp\lib\common\cypress.vhd'.
Linking 'C:\Program Files (x86)\Cypress\PSoC Creator\4.2\PSoC Creator\warp\lib\common\work\cypress.vif'.
Linking 'C:\Program Files (x86)\Cypress\PSoC Creator\4.2\PSoC Creator\warp\lib\ieee\work\stdlogic.vif'.
Linking 'C:\Program Files (x86)\Cypress\PSoC Creator\4.2\PSoC Creator\warp\lib\common\stdlogic\lpmpkg.vif'.
Linking 'C:\Program Files (x86)\Cypress\PSoC Creator\4.2\PSoC Creator\warp\lib\common\stdlogic\rtlpkg.vif'.
Linking 'C:\Program Files (x86)\Cypress\PSoC Creator\4.2\PSoC Creator\warp\lib\common\stdlogic\mod_cnst.vif'.
Linking 'C:\Program Files (x86)\Cypress\PSoC Creator\4.2\PSoC Creator\warp\lib\common\stdlogic\mod_mthv.vif'.
Linking 'C:\Program Files (x86)\Cypress\PSoC Creator\4.2\PSoC Creator\warp\lib\common\stdlogic\mod_genv.vif'.
Linking 'C:\Users\Hello Kitty\Desktop\MicrocontrollersLab\Lab 4 - UART Motors\Project\Design01.cydsn\codegentemp\Design01.ctl'.
Linking 'C:\Program Files (x86)\Cypress\PSoC Creator\4.2\PSoC Creator\psoc\content\CyPrimitives\cyprimitives.cylib\cy_virtualmux_v1_0\cy_virtualmux_v1_0.v'.
Linking 'C:\Users\Hello Kitty\Desktop\MicrocontrollersLab\Lab 4 - UART Motors\Project\Design01.cydsn\codegentemp\Design01.v'.
Linking 'C:\Program Files (x86)\Cypress\PSoC Creator\4.2\PSoC Creator\psoc\content\CyPrimitives\cyprimitives.cylib\ZeroTerminal\ZeroTerminal.v'.
Linking 'C:\Program Files (x86)\Cypress\PSoC Creator\4.2\PSoC Creator\psoc\content\CyPrimitives\cyprimitives.cylib\or_v1_0\or_v1_0.v'.
Linking 'C:\Program Files (x86)\Cypress\PSoC Creator\4.2\PSoC Creator\psoc\content\CyPrimitives\cyprimitives.cylib\CyControlReg_v1_80\CyControlReg_v1_80.v'.
Linking 'C:\Program Files (x86)\Cypress\PSoC Creator\4.2\PSoC Creator\warp\lib\common\cypress.v'.
Linking 'C:\Program Files (x86)\Cypress\PSoC Creator\4.2\PSoC Creator\warp\lib\common\cy_psoc3_inc.v'.
Linking 'C:\Program Files (x86)\Cypress\PSoC Creator\4.2\PSoC Creator\warp\lib\lcpsoc3\stdlogic\cpsoc3.vif'.

----------------------------------------------------------
Detecting unused logic.
----------------------------------------------------------
    User names
	\UART:Net_1257\
	\UART:uncfg_rx_irq\
	\UART:Net_1099\
	\UART:Net_1258\
	Net_11
	Net_5
	Net_6
	Net_7
	Net_8
	Net_9
	Net_10
	Net_15
	Net_22
	Net_14
	Net_27
	Net_28
	Net_29
	Net_30


Deleted 18 User equations/components.
Deleted 0 Synthesized equations/components.

------------------------------------------------------
Alias Detection
------------------------------------------------------
Aliasing \UART:sclk_s_wire\ to \UART:select_s_wire\
Aliasing \UART:mosi_s_wire\ to \UART:select_s_wire\
Aliasing \UART:miso_m_wire\ to \UART:select_s_wire\
Aliasing zero to \UART:select_s_wire\
Aliasing one to \UART:tmpOE__tx_net_0\
Aliasing \UART:tmpOE__rx_net_0\ to \UART:tmpOE__tx_net_0\
Aliasing \UART:cts_wire\ to \UART:select_s_wire\
Aliasing \Motor:clk\ to \UART:select_s_wire\
Aliasing \Motor:rst\ to \UART:select_s_wire\
Aliasing tmpOE__PhsBNeg_net_0 to \UART:tmpOE__tx_net_0\
Aliasing tmpOE__PhsBPos_net_0 to \UART:tmpOE__tx_net_0\
Aliasing tmpOE__PhsANeg_net_0 to \UART:tmpOE__tx_net_0\
Aliasing tmpOE__PhsAPos_net_0 to \UART:tmpOE__tx_net_0\
Removing Rhs of wire \UART:rx_wire\[3] = \UART:Net_1268\[4]
Removing Lhs of wire \UART:Net_1170\[7] = \UART:Net_847\[1]
Removing Lhs of wire \UART:sclk_s_wire\[8] = \UART:select_s_wire\[2]
Removing Lhs of wire \UART:mosi_s_wire\[9] = \UART:select_s_wire\[2]
Removing Lhs of wire \UART:miso_m_wire\[10] = \UART:select_s_wire\[2]
Removing Rhs of wire zero[17] = \UART:select_s_wire\[2]
Removing Rhs of wire one[18] = \UART:tmpOE__tx_net_0\[12]
Removing Lhs of wire \UART:tmpOE__rx_net_0\[23] = one[18]
Removing Lhs of wire \UART:cts_wire\[27] = zero[17]
Removing Lhs of wire \Motor:clk\[53] = zero[17]
Removing Lhs of wire \Motor:rst\[54] = zero[17]
Removing Rhs of wire Net_26[55] = \Motor:control_out_0\[56]
Removing Rhs of wire Net_26[55] = \Motor:control_0\[79]
Removing Rhs of wire Net_23[57] = \Motor:control_out_1\[58]
Removing Rhs of wire Net_23[57] = \Motor:control_1\[78]
Removing Rhs of wire Net_24[59] = \Motor:control_out_2\[60]
Removing Rhs of wire Net_24[59] = \Motor:control_2\[77]
Removing Rhs of wire Net_25[61] = \Motor:control_out_3\[62]
Removing Rhs of wire Net_25[61] = \Motor:control_3\[76]
Removing Lhs of wire tmpOE__PhsBNeg_net_0[81] = one[18]
Removing Lhs of wire tmpOE__PhsBPos_net_0[87] = one[18]
Removing Lhs of wire tmpOE__PhsANeg_net_0[93] = one[18]
Removing Lhs of wire tmpOE__PhsAPos_net_0[99] = one[18]

------------------------------------------------------
Aliased 0 equations, 23 wires.
------------------------------------------------------

----------------------------------------------------------
Circuit simplification
----------------------------------------------------------

Substituting virtuals - pass 1:


----------------------------------------------------------
Circuit simplification results:

	Expanded 0 signals.
	Turned 0 signals into soft nodes.
	Maximum default expansion cost was set at 3.
----------------------------------------------------------

topld:  No errors.

CYPRESS_DIR    : C:\Program Files (x86)\Cypress\PSoC Creator\4.2\PSoC Creator\warp
Warp Program   : C:\Program Files (x86)\Cypress\PSoC Creator\4.2\PSoC Creator\warp\bin\warp.exe
Warp Arguments : -yv2 -q10 -ygs -o2 -v3 -.fftcfgtype=LE -ya "-.fftprj=C:\Users\Hello Kitty\Desktop\MicrocontrollersLab\Lab 4 - UART Motors\Project\Design01.cydsn\Design01.cyprj" -dcpsoc3 Design01.v -verilog
</CYPRESSTAG>
Warp synthesis phase: Elapsed time ==> 1s.208ms
<CYPRESSTAG name="Fitter results...">
<CYPRESSTAG name="Fitter startup details...">
cyp3fit: V4.2.0.641, Family: PSoC3, Started at: Wednesday, 01 March 2023 22:06:21
Options: -yv2 -q10 -ygs -o2 -v3 -.fftcfgtype=LE -ya -.fftprj=C:\Users\Hello Kitty\Desktop\MicrocontrollersLab\Lab 4 - UART Motors\Project\Design01.cydsn\Design01.cyprj -d CY8C4247AZI-M485 Design01.v -verilog
</CYPRESSTAG>
<CYPRESSTAG name="Design parsing">
Design parsing phase: Elapsed time ==> 0s.010ms
</CYPRESSTAG>
<CYPRESSTAG name="Tech Mapping">
<CYPRESSTAG name="Initial Mapping" icon="FILE_RPT_TECHM">
<CYPRESSTAG name="Global Clock Selection" icon="FILE_RPT_TECHM">
    Fixed Function Clock 2: Automatic-assigning  clock 'UART_SCBCLK'. Signal=\UART:Net_847_ff2\
<CYPRESSTAG name="UDB Clock/Enable Remapping Results">
</CYPRESSTAG>
</CYPRESSTAG>

Removing unused cells resulting from optimization
Done removing unused cells.
<CYPRESSTAG name="Duplicate Macrocell detection">
</CYPRESSTAG>
</CYPRESSTAG>
<CYPRESSTAG name="Duplicate Macrocell detection">
</CYPRESSTAG>
<CYPRESSTAG name="Design Equations" icon="FILE_RPT_EQUATION">

------------------------------------------------------------
Design Equations
------------------------------------------------------------
    <CYPRESSTAG name="Pin listing">

    ------------------------------------------------------------
    Pin listing
    ------------------------------------------------------------

    Pin : Name = \UART:tx(0)\
        Attributes:
            In Group/Port: True
            In Sync Option: NOSYNC
            Out Sync Option: NOSYNC
            Interrupt generated: False
            Interrupt mode: NONE
            Drive mode: CMOS_OUT
            VTrip: CMOS
            Slew: FAST
            Input Sync needed: False
            Output Sync needed: False
            SC shield enabled: False
            POR State: ANY
            LCD Mode: COMMON
            Register Mode: RegComb
            CaSense Mode: NEITHER
            Treat as pin: True
            Is OE Registered: False
            Uses Analog: False
            Can contain Digital: True
            Is SIO: False
            SIO Output Buf: NONREGULATED
            SIO Input Buf: SINGLE_ENDED
            SIO HiFreq: LOW
            SIO Hyst: DISABLED
            SIO Vtrip: MULTIPLIER_0_5
            SIO Multiplier Index: 0
            SIO RefSel: VCC_IO
            Required Capabilities: DIGITAL
            Initial Value: 1
            IO Voltage: 0
        PORT MAP (
            pa_out => \UART:tx(0)\__PA ,
            pin_input => \UART:tx_wire\ ,
            pad => \UART:tx(0)_PAD\ );
        Properties:
        {
        }

    Pin : Name = \UART:rx(0)\
        Attributes:
            In Group/Port: True
            In Sync Option: NOSYNC
            Out Sync Option: AUTO
            Interrupt generated: False
            Interrupt mode: NONE
            Drive mode: HI_Z_DIGITAL
            VTrip: CMOS
            Slew: FAST
            Input Sync needed: False
            Output Sync needed: False
            SC shield enabled: False
            POR State: ANY
            LCD Mode: COMMON
            Register Mode: RegComb
            CaSense Mode: NEITHER
            Treat as pin: True
            Is OE Registered: False
            Uses Analog: False
            Can contain Digital: True
            Is SIO: False
            SIO Output Buf: NONREGULATED
            SIO Input Buf: SINGLE_ENDED
            SIO HiFreq: LOW
            SIO Hyst: DISABLED
            SIO Vtrip: MULTIPLIER_0_5
            SIO Multiplier Index: 0
            SIO RefSel: VCC_IO
            Required Capabilities: DIGITAL
            Initial Value: 0
            IO Voltage: 0
        PORT MAP (
            pa_out => \UART:rx(0)\__PA ,
            fb => \UART:rx_wire\ ,
            pad => \UART:rx(0)_PAD\ );
        Properties:
        {
        }

    Pin : Name = PhsBNeg(0)
        Attributes:
            In Group/Port: True
            In Sync Option: AUTO
            Out Sync Option: NOSYNC
            Interrupt generated: False
            Interrupt mode: NONE
            Drive mode: CMOS_OUT
            VTrip: EITHER
            Slew: FAST
            Input Sync needed: False
            Output Sync needed: False
            SC shield enabled: False
            POR State: ANY
            LCD Mode: COMMON
            Register Mode: RegComb
            CaSense Mode: NEITHER
            Treat as pin: True
            Is OE Registered: False
            Uses Analog: False
            Can contain Digital: True
            Is SIO: False
            SIO Output Buf: NONREGULATED
            SIO Input Buf: SINGLE_ENDED
            SIO HiFreq: LOW
            SIO Hyst: DISABLED
            SIO Vtrip: MULTIPLIER_0_5
            SIO Multiplier Index: 0
            SIO RefSel: VCC_IO
            Required Capabilities: DIGITAL, ROUTABLE
            Initial Value: 1
            IO Voltage: 0
        PORT MAP (
            pa_out => PhsBNeg(0)__PA ,
            pin_input => Net_25 ,
            pad => PhsBNeg(0)_PAD );
        Properties:
        {
        }

    Pin : Name = PhsBPos(0)
        Attributes:
            In Group/Port: True
            In Sync Option: AUTO
            Out Sync Option: NOSYNC
            Interrupt generated: False
            Interrupt mode: NONE
            Drive mode: CMOS_OUT
            VTrip: EITHER
            Slew: FAST
            Input Sync needed: False
            Output Sync needed: False
            SC shield enabled: False
            POR State: ANY
            LCD Mode: COMMON
            Register Mode: RegComb
            CaSense Mode: NEITHER
            Treat as pin: True
            Is OE Registered: False
            Uses Analog: False
            Can contain Digital: True
            Is SIO: False
            SIO Output Buf: NONREGULATED
            SIO Input Buf: SINGLE_ENDED
            SIO HiFreq: LOW
            SIO Hyst: DISABLED
            SIO Vtrip: MULTIPLIER_0_5
            SIO Multiplier Index: 0
            SIO RefSel: VCC_IO
            Required Capabilities: DIGITAL, ROUTABLE
            Initial Value: 1
            IO Voltage: 0
        PORT MAP (
            pa_out => PhsBPos(0)__PA ,
            pin_input => Net_24 ,
            pad => PhsBPos(0)_PAD );
        Properties:
        {
        }

    Pin : Name = PhsANeg(0)
        Attributes:
            In Group/Port: True
            In Sync Option: AUTO
            Out Sync Option: NOSYNC
            Interrupt generated: False
            Interrupt mode: NONE
            Drive mode: CMOS_OUT
            VTrip: EITHER
            Slew: FAST
            Input Sync needed: False
            Output Sync needed: False
            SC shield enabled: False
            POR State: ANY
            LCD Mode: COMMON
            Register Mode: RegComb
            CaSense Mode: NEITHER
            Treat as pin: True
            Is OE Registered: False
            Uses Analog: False
            Can contain Digital: True
            Is SIO: False
            SIO Output Buf: NONREGULATED
            SIO Input Buf: SINGLE_ENDED
            SIO HiFreq: LOW
            SIO Hyst: DISABLED
            SIO Vtrip: MULTIPLIER_0_5
            SIO Multiplier Index: 0
            SIO RefSel: VCC_IO
            Required Capabilities: DIGITAL, ROUTABLE
            Initial Value: 1
            IO Voltage: 0
        PORT MAP (
            pa_out => PhsANeg(0)__PA ,
            pin_input => Net_23 ,
            pad => PhsANeg(0)_PAD );
        Properties:
        {
        }

    Pin : Name = PhsAPos(0)
        Attributes:
            In Group/Port: True
            In Sync Option: AUTO
            Out Sync Option: NOSYNC
            Interrupt generated: False
            Interrupt mode: NONE
            Drive mode: CMOS_OUT
            VTrip: EITHER
            Slew: FAST
            Input Sync needed: False
            Output Sync needed: False
            SC shield enabled: False
            POR State: ANY
            LCD Mode: COMMON
            Register Mode: RegComb
            CaSense Mode: NEITHER
            Treat as pin: True
            Is OE Registered: False
            Uses Analog: False
            Can contain Digital: True
            Is SIO: False
            SIO Output Buf: NONREGULATED
            SIO Input Buf: SINGLE_ENDED
            SIO HiFreq: LOW
            SIO Hyst: DISABLED
            SIO Vtrip: MULTIPLIER_0_5
            SIO Multiplier Index: 0
            SIO RefSel: VCC_IO
            Required Capabilities: DIGITAL, ROUTABLE
            Initial Value: 1
            IO Voltage: 0
        PORT MAP (
            pa_out => PhsAPos(0)__PA ,
            pin_input => Net_26 ,
            pad => PhsAPos(0)_PAD );
        Properties:
        {
        }
    </CYPRESSTAG>
    <CYPRESSTAG name="Macrocell listing" icon="FILE_RPT_EQUATION">
    </CYPRESSTAG>
    <CYPRESSTAG name="Datapath listing">
    </CYPRESSTAG>
    <CYPRESSTAG name="Status register listing">
    </CYPRESSTAG>
    <CYPRESSTAG name="StatusI register listing">
    </CYPRESSTAG>
    <CYPRESSTAG name="Sync listing">
    </CYPRESSTAG>
    <CYPRESSTAG name="Control register listing">

    ------------------------------------------------------------
    Control register listing
    ------------------------------------------------------------

    controlcell: Name =\Motor:Sync:ctrl_reg\
        PORT MAP (
            control_7 => \Motor:control_7\ ,
            control_6 => \Motor:control_6\ ,
            control_5 => \Motor:control_5\ ,
            control_4 => \Motor:control_4\ ,
            control_3 => Net_25 ,
            control_2 => Net_24 ,
            control_1 => Net_23 ,
            control_0 => Net_26 );
        Properties:
        {
            cy_ctrl_mode_0 = "00000000"
            cy_ctrl_mode_1 = "00000000"
            cy_ext_reset = 0
            cy_force_order = 1
            cy_init_value = "00000000"
        }
        Clock Enable: True
    </CYPRESSTAG>
    <CYPRESSTAG name="Count7 listing">
    </CYPRESSTAG>
    <CYPRESSTAG name="DRQ listing">
    </CYPRESSTAG>
    <CYPRESSTAG name="Interrupt listing">
    </CYPRESSTAG>
</CYPRESSTAG>
<CYPRESSTAG name="Technology mapping summary" expanded>

------------------------------------------------------------
Technology mapping summary
------------------------------------------------------------

Resource Type                 : Used : Free :  Max :  % Used
============================================================
Digital Clocks                :    0 :    4 :    4 :  0.00 %
Interrupts                    :    0 :   32 :   32 :  0.00 %
IO                            :    8 :   43 :   51 : 15.69 %
Segment LCD                   :    0 :    1 :    1 :  0.00 %
CapSense                      :    0 :    2 :    2 :  0.00 %
Die Temp                      :    0 :    1 :    1 :  0.00 %
CAN 2.0b                      :    0 :    2 :    2 :  0.00 %
Serial Communication (SCB)    :    1 :    3 :    4 : 25.00 %
DMA Channels                  :    0 :    8 :    8 :  0.00 %
Timer/Counter/PWM             :    0 :    8 :    8 :  0.00 %
UDB                           :      :      :      :        
  Macrocells                  :    0 :   32 :   32 :  0.00 %
  Unique P-terms              :    0 :   64 :   64 :  0.00 %
  Total P-terms               :    0 :      :      :        
  Datapath Cells              :    0 :    4 :    4 :  0.00 %
  Status Cells                :    0 :    4 :    4 :  0.00 %
  Control Cells               :    1 :    3 :    4 : 25.00 %
    Control Registers         :    1 :      :      :        
Comparator/Opamp              :    0 :    4 :    4 :  0.00 %
LP Comparator                 :    0 :    2 :    2 :  0.00 %
SAR ADC                       :    0 :    1 :    1 :  0.00 %
DAC                           :      :      :      :        
  7-bit IDAC                  :    0 :    2 :    2 :  0.00 %
  8-bit IDAC                  :    0 :    2 :    2 :  0.00 %
</CYPRESSTAG>
Technology Mapping: Elapsed time ==> 0s.015ms
Tech Mapping phase: Elapsed time ==> 0s.061ms
</CYPRESSTAG>
<CYPRESSTAG name="Analog Placement">
<CYPRESSTAG name="FFB & IO Pre Placement">
<CYPRESSTAG name="Placement" icon="FILE_RPT_PLACEMENT">

Cell                                : Block                              
=========================================================================
\UART:tx(0)\                        : [IOP=(7)][IoId=(1)]                
\UART:rx(0)\                        : [IOP=(7)][IoId=(0)]                
PhsBNeg(0)                          : [IOP=(0)][IoId=(3)]                
PhsBPos(0)                          : [IOP=(0)][IoId=(2)]                
PhsANeg(0)                          : [IOP=(3)][IoId=(1)]                
PhsAPos(0)                          : [IOP=(3)][IoId=(0)]                
ClockGenBlock                       : CLK_GEN_[FFB(CLK_GEN,0)]           
\UART:SCB\                          : SCB_[FFB(SCB,3)]                   

</CYPRESSTAG>
</CYPRESSTAG>
<CYPRESSTAG name="Real Analog Placement">
Elapsed time ==> 0.5999531s
</CYPRESSTAG>
Analog Placement phase: Elapsed time ==> 0s.885ms
</CYPRESSTAG>
<CYPRESSTAG name="Analog Routing">
<CYPRESSTAG name="Analog Routing">
Route success=True, Iterations=1 Elapsed=0.0006074 secs
</CYPRESSTAG>
Analog Routing phase: Elapsed time ==> 0s.001ms
</CYPRESSTAG>
<CYPRESSTAG name="Analog Code Generation">
============ Analog Final Answer Routes ============
Dump of CyAnalogRoutingResultsDB
Map of net to items {
}
Map of item to net {
}
Mux Info {
}
Analog Code Generation phase: Elapsed time ==> 0s.050ms
</CYPRESSTAG>
<CYPRESSTAG name="Digital Placement">
<CYPRESSTAG name="Detailed placement messages">
I2659: No Constrained paths were found. The placer will run in non-timing driven mode.
I2076: Total run-time: 0.5 sec.

</CYPRESSTAG>
<CYPRESSTAG name="PLD Packing">
<CYPRESSTAG name="PLD Packing Summary">
No PLDs were packed.
</CYPRESSTAG>
PLD Packing: Elapsed time ==> 0s.001ms
</CYPRESSTAG>
<CYPRESSTAG name="Partitioning">
<CYPRESSTAG name="Initial Partitioning Summary">
Initial Partitioning Summary not displayed at this verbose level.</CYPRESSTAG>
<CYPRESSTAG name="Final Partitioning Summary">
Final Partitioning Summary not displayed at this verbose level.</CYPRESSTAG>
Partitioning: Elapsed time ==> 0s.010ms
</CYPRESSTAG>
<CYPRESSTAG name="Final Placement Summary">

------------------------------------------------------------
Final Placement Summary
------------------------------------------------------------

       Resource Type :      Count : Avg Inputs : Avg Outputs
    ========================================================
                 UDB :          1 :       0.00 :       0.00
<CYPRESSTAG name="Final Placement Details">
<CYPRESSTAG name="Component Details">

------------------------------------------------------------
Component Placement Details
------------------------------------------------------------
UDB [UDB=(0,0)] is empty.
UDB [UDB=(0,1)] is empty.
UDB [UDB=(1,0)] contents:
controlcell: Name =\Motor:Sync:ctrl_reg\
    PORT MAP (
        control_7 => \Motor:control_7\ ,
        control_6 => \Motor:control_6\ ,
        control_5 => \Motor:control_5\ ,
        control_4 => \Motor:control_4\ ,
        control_3 => Net_25 ,
        control_2 => Net_24 ,
        control_1 => Net_23 ,
        control_0 => Net_26 );
    Properties:
    {
        cy_ctrl_mode_0 = "00000000"
        cy_ctrl_mode_1 = "00000000"
        cy_ext_reset = 0
        cy_force_order = 1
        cy_init_value = "00000000"
    }
    Clock Enable: True

UDB [UDB=(1,1)] is empty.
Intr container @ [IntrContainer=(0)]: empty
Drq container @ [DrqContainer=(0)]: empty
Port 0 contains the following IO cells:
[IoId=2]: 
Pin : Name = PhsBPos(0)
    Attributes:
        In Group/Port: True
        In Sync Option: AUTO
        Out Sync Option: NOSYNC
        Interrupt generated: False
        Interrupt mode: NONE
        Drive mode: CMOS_OUT
        VTrip: EITHER
        Slew: FAST
        Input Sync needed: False
        Output Sync needed: False
        SC shield enabled: False
        POR State: ANY
        LCD Mode: COMMON
        Register Mode: RegComb
        CaSense Mode: NEITHER
        Treat as pin: True
        Is OE Registered: False
        Uses Analog: False
        Can contain Digital: True
        Is SIO: False
        SIO Output Buf: NONREGULATED
        SIO Input Buf: SINGLE_ENDED
        SIO HiFreq: LOW
        SIO Hyst: DISABLED
        SIO Vtrip: MULTIPLIER_0_5
        SIO Multiplier Index: 0
        SIO RefSel: VCC_IO
        Required Capabilities: DIGITAL, ROUTABLE
        Initial Value: 1
        IO Voltage: 0
    PORT MAP (
        pa_out => PhsBPos(0)__PA ,
        pin_input => Net_24 ,
        pad => PhsBPos(0)_PAD );
    Properties:
    {
    }

[IoId=3]: 
Pin : Name = PhsBNeg(0)
    Attributes:
        In Group/Port: True
        In Sync Option: AUTO
        Out Sync Option: NOSYNC
        Interrupt generated: False
        Interrupt mode: NONE
        Drive mode: CMOS_OUT
        VTrip: EITHER
        Slew: FAST
        Input Sync needed: False
        Output Sync needed: False
        SC shield enabled: False
        POR State: ANY
        LCD Mode: COMMON
        Register Mode: RegComb
        CaSense Mode: NEITHER
        Treat as pin: True
        Is OE Registered: False
        Uses Analog: False
        Can contain Digital: True
        Is SIO: False
        SIO Output Buf: NONREGULATED
        SIO Input Buf: SINGLE_ENDED
        SIO HiFreq: LOW
        SIO Hyst: DISABLED
        SIO Vtrip: MULTIPLIER_0_5
        SIO Multiplier Index: 0
        SIO RefSel: VCC_IO
        Required Capabilities: DIGITAL, ROUTABLE
        Initial Value: 1
        IO Voltage: 0
    PORT MAP (
        pa_out => PhsBNeg(0)__PA ,
        pin_input => Net_25 ,
        pad => PhsBNeg(0)_PAD );
    Properties:
    {
    }

Port 1 contains the following IO cells:
Port 2 contains the following IO cells:
Port 3 contains the following IO cells:
[IoId=0]: 
Pin : Name = PhsAPos(0)
    Attributes:
        In Group/Port: True
        In Sync Option: AUTO
        Out Sync Option: NOSYNC
        Interrupt generated: False
        Interrupt mode: NONE
        Drive mode: CMOS_OUT
        VTrip: EITHER
        Slew: FAST
        Input Sync needed: False
        Output Sync needed: False
        SC shield enabled: False
        POR State: ANY
        LCD Mode: COMMON
        Register Mode: RegComb
        CaSense Mode: NEITHER
        Treat as pin: True
        Is OE Registered: False
        Uses Analog: False
        Can contain Digital: True
        Is SIO: False
        SIO Output Buf: NONREGULATED
        SIO Input Buf: SINGLE_ENDED
        SIO HiFreq: LOW
        SIO Hyst: DISABLED
        SIO Vtrip: MULTIPLIER_0_5
        SIO Multiplier Index: 0
        SIO RefSel: VCC_IO
        Required Capabilities: DIGITAL, ROUTABLE
        Initial Value: 1
        IO Voltage: 0
    PORT MAP (
        pa_out => PhsAPos(0)__PA ,
        pin_input => Net_26 ,
        pad => PhsAPos(0)_PAD );
    Properties:
    {
    }

[IoId=1]: 
Pin : Name = PhsANeg(0)
    Attributes:
        In Group/Port: True
        In Sync Option: AUTO
        Out Sync Option: NOSYNC
        Interrupt generated: False
        Interrupt mode: NONE
        Drive mode: CMOS_OUT
        VTrip: EITHER
        Slew: FAST
        Input Sync needed: False
        Output Sync needed: False
        SC shield enabled: False
        POR State: ANY
        LCD Mode: COMMON
        Register Mode: RegComb
        CaSense Mode: NEITHER
        Treat as pin: True
        Is OE Registered: False
        Uses Analog: False
        Can contain Digital: True
        Is SIO: False
        SIO Output Buf: NONREGULATED
        SIO Input Buf: SINGLE_ENDED
        SIO HiFreq: LOW
        SIO Hyst: DISABLED
        SIO Vtrip: MULTIPLIER_0_5
        SIO Multiplier Index: 0
        SIO RefSel: VCC_IO
        Required Capabilities: DIGITAL, ROUTABLE
        Initial Value: 1
        IO Voltage: 0
    PORT MAP (
        pa_out => PhsANeg(0)__PA ,
        pin_input => Net_23 ,
        pad => PhsANeg(0)_PAD );
    Properties:
    {
    }

Port 4 contains the following IO cells:
Port 5 contains the following IO cells:
Port 6 contains the following IO cells:
Port 7 contains the following IO cells:
[IoId=0]: 
Pin : Name = \UART:rx(0)\
    Attributes:
        In Group/Port: True
        In Sync Option: NOSYNC
        Out Sync Option: AUTO
        Interrupt generated: False
        Interrupt mode: NONE
        Drive mode: HI_Z_DIGITAL
        VTrip: CMOS
        Slew: FAST
        Input Sync needed: False
        Output Sync needed: False
        SC shield enabled: False
        POR State: ANY
        LCD Mode: COMMON
        Register Mode: RegComb
        CaSense Mode: NEITHER
        Treat as pin: True
        Is OE Registered: False
        Uses Analog: False
        Can contain Digital: True
        Is SIO: False
        SIO Output Buf: NONREGULATED
        SIO Input Buf: SINGLE_ENDED
        SIO HiFreq: LOW
        SIO Hyst: DISABLED
        SIO Vtrip: MULTIPLIER_0_5
        SIO Multiplier Index: 0
        SIO RefSel: VCC_IO
        Required Capabilities: DIGITAL
        Initial Value: 0
        IO Voltage: 0
    PORT MAP (
        pa_out => \UART:rx(0)\__PA ,
        fb => \UART:rx_wire\ ,
        pad => \UART:rx(0)_PAD\ );
    Properties:
    {
    }

[IoId=1]: 
Pin : Name = \UART:tx(0)\
    Attributes:
        In Group/Port: True
        In Sync Option: NOSYNC
        Out Sync Option: NOSYNC
        Interrupt generated: False
        Interrupt mode: NONE
        Drive mode: CMOS_OUT
        VTrip: CMOS
        Slew: FAST
        Input Sync needed: False
        Output Sync needed: False
        SC shield enabled: False
        POR State: ANY
        LCD Mode: COMMON
        Register Mode: RegComb
        CaSense Mode: NEITHER
        Treat as pin: True
        Is OE Registered: False
        Uses Analog: False
        Can contain Digital: True
        Is SIO: False
        SIO Output Buf: NONREGULATED
        SIO Input Buf: SINGLE_ENDED
        SIO HiFreq: LOW
        SIO Hyst: DISABLED
        SIO Vtrip: MULTIPLIER_0_5
        SIO Multiplier Index: 0
        SIO RefSel: VCC_IO
        Required Capabilities: DIGITAL
        Initial Value: 1
        IO Voltage: 0
    PORT MAP (
        pa_out => \UART:tx(0)\__PA ,
        pin_input => \UART:tx_wire\ ,
        pad => \UART:tx(0)_PAD\ );
    Properties:
    {
    }

ARM group 0: empty
CAN group 0: empty
Clock group 0: 
    Clock Block @ F(Clock,0): 
    m0s8clockblockcell: Name =ClockBlock
        PORT MAP (
            hfclk => ClockBlock_HFClk ,
            imo => ClockBlock_IMO ,
            ext => ClockBlock_ExtClk ,
            sysclk => ClockBlock_SysClk ,
            ilo => ClockBlock_ILO ,
            lfclk => ClockBlock_LFClk ,
            wco => ClockBlock_WCO ,
            dsi_in_0 => ClockBlock_Routed1 ,
            ff_div_2 => \UART:Net_847_ff2\ );
        Properties:
        {
        }
LCD group 0: empty
PICU group 0: empty
LPCOMP group 0: empty
SCB group 0: 
    SCB Block @ F(SCB,3): 
    m0s8scbcell: Name =\UART:SCB\
        PORT MAP (
            clock => \UART:Net_847_ff2\ ,
            interrupt => Net_3 ,
            uart_rx => \UART:rx_wire\ ,
            uart_tx => \UART:tx_wire\ ,
            uart_rts => \UART:rts_wire\ ,
            mosi_m => \UART:mosi_m_wire\ ,
            select_m_3 => \UART:select_m_wire_3\ ,
            select_m_2 => \UART:select_m_wire_2\ ,
            select_m_1 => \UART:select_m_wire_1\ ,
            select_m_0 => \UART:select_m_wire_0\ ,
            sclk_m => \UART:sclk_m_wire\ ,
            miso_s => \UART:miso_s_wire\ ,
            tr_tx_req => Net_21 ,
            tr_rx_req => Net_12 );
        Properties:
        {
            cy_registers = ""
            scb_mode = 2
        }
CSD group 0: empty
CSIDAC8 group 0: empty
CSIDAC7 group 0: empty
TCPWM group 0: empty
OA group 0: empty
TEMP group 0: empty
SARADC group 0: empty
CLK_GEN group 0: 
    M0S8 Clock Gen Block @ F(CLK_GEN,0): 
    m0s8clockgenblockcell: Name =ClockGenBlock
        PORT MAP (
             );
        Properties:
        {
        }
LPCOMPBLOCK group 0: empty
PASSBLOCK group 0: empty
WCO group 0: empty
SRSS group 0: empty
CPUSS group 0: empty
IOSS group 0: empty
EXCO group 0: empty
</CYPRESSTAG>
<CYPRESSTAG name="Port Configuration Details">

------------------------------------------------------------
Port Configuration report
------------------------------------------------------------
     |     |       | Interrupt |                  |              | 
Port | Pin | Fixed |      Type |       Drive Mode |         Name | Connections
-----+-----+-------+-----------+------------------+--------------+-------------------
   0 |   2 |     * |      NONE |         CMOS_OUT |   PhsBPos(0) | In(Net_24)
     |   3 |     * |      NONE |         CMOS_OUT |   PhsBNeg(0) | In(Net_25)
-----+-----+-------+-----------+------------------+--------------+-------------------
   3 |   0 |     * |      NONE |         CMOS_OUT |   PhsAPos(0) | In(Net_26)
     |   1 |     * |      NONE |         CMOS_OUT |   PhsANeg(0) | In(Net_23)
-----+-----+-------+-----------+------------------+--------------+-------------------
   7 |   0 |     * |      NONE |     HI_Z_DIGITAL | \UART:rx(0)\ | FB(\UART:rx_wire\)
     |   1 |     * |      NONE |         CMOS_OUT | \UART:tx(0)\ | In(\UART:tx_wire\)
-------------------------------------------------------------------------------------
</CYPRESSTAG>
</CYPRESSTAG>
</CYPRESSTAG>
Digital component placer commit/Report: Elapsed time ==> 0s.006ms
Digital Placement phase: Elapsed time ==> 1s.917ms
</CYPRESSTAG>
<CYPRESSTAG name="Digital Routing">
"C:\Program Files (x86)\Cypress\PSoC Creator\4.2\PSoC Creator\bin/sjrouter.exe" --xml-path "C:\Program Files (x86)\Cypress\PSoC Creator\4.2\PSoC Creator\dev\psoc4/4/route_arch-rrg.cydata" --vh2-path "Design01_r.vh2" --pcf-path "Design01.pco" --des-name "Design01" --dsf-path "Design01.dsf" --sdc-path "Design01.sdc" --lib-path "Design01_r.lib"
Routing successful.
Digital Routing phase: Elapsed time ==> 0s.858ms
</CYPRESSTAG>
<CYPRESSTAG name="Bitstream Generation">
Bitstream Generation phase: Elapsed time ==> 0s.290ms
</CYPRESSTAG>
<CYPRESSTAG name="Bitstream Verification">
Bitstream Verification phase: Elapsed time ==> 0s.040ms
</CYPRESSTAG>
<CYPRESSTAG name="Static timing analysis">
Timing report is in Design01_timing.html.
Static timing analysis phase: Elapsed time ==> 0s.458ms
</CYPRESSTAG>
<CYPRESSTAG name="Data reporting">
Data reporting phase: Elapsed time ==> 0s.000ms
</CYPRESSTAG>
<CYPRESSTAG name="Database update...">
Design database save phase: Elapsed time ==> 0s.150ms
</CYPRESSTAG>
cydsfit: Elapsed time ==> 4s.803ms
</CYPRESSTAG>
Fitter phase: Elapsed time ==> 4s.813ms
API generation phase: Elapsed time ==> 2s.567ms
Dependency generation phase: Elapsed time ==> 0s.015ms
Cleanup phase: Elapsed time ==> 0s.000ms
