ARM GAS  C:\Users\HELLOK~1\AppData\Local\Temp\cciw2CL3.s 			page 1


   1              		.syntax unified
   2              		.cpu cortex-m0
   3              		.fpu softvfp
   4              		.eabi_attribute 20, 1
   5              		.eabi_attribute 21, 1
   6              		.eabi_attribute 23, 3
   7              		.eabi_attribute 24, 1
   8              		.eabi_attribute 25, 1
   9              		.eabi_attribute 26, 1
  10              		.eabi_attribute 30, 1
  11              		.eabi_attribute 34, 0
  12              		.eabi_attribute 18, 4
  13              		.thumb
  14              		.syntax unified
  15              		.file	"ENC_ISR.c"
  16              		.text
  17              	.Ltext0:
  18              		.cfi_sections	.debug_frame
  19              		.section	.text.ENC_ISR_Interrupt,"ax",%progbits
  20              		.align	2
  21              		.global	ENC_ISR_Interrupt
  22              		.code	16
  23              		.thumb_func
  24              		.type	ENC_ISR_Interrupt, %function
  25              	ENC_ISR_Interrupt:
  26              	.LFB4:
  27              		.file 1 "Generated_Source\\PSoC4\\ENC_ISR.c"
   1:Generated_Source\PSoC4/ENC_ISR.c **** /*******************************************************************************
   2:Generated_Source\PSoC4/ENC_ISR.c **** * File Name: ENC_ISR.c  
   3:Generated_Source\PSoC4/ENC_ISR.c **** * Version 1.70
   4:Generated_Source\PSoC4/ENC_ISR.c **** *
   5:Generated_Source\PSoC4/ENC_ISR.c **** *  Description:
   6:Generated_Source\PSoC4/ENC_ISR.c **** *   API for controlling the state of an interrupt.
   7:Generated_Source\PSoC4/ENC_ISR.c **** *
   8:Generated_Source\PSoC4/ENC_ISR.c **** *
   9:Generated_Source\PSoC4/ENC_ISR.c **** *  Note:
  10:Generated_Source\PSoC4/ENC_ISR.c **** *
  11:Generated_Source\PSoC4/ENC_ISR.c **** ********************************************************************************
  12:Generated_Source\PSoC4/ENC_ISR.c **** * Copyright 2008-2015, Cypress Semiconductor Corporation.  All rights reserved.
  13:Generated_Source\PSoC4/ENC_ISR.c **** * You may use this file only in accordance with the license, terms, conditions, 
  14:Generated_Source\PSoC4/ENC_ISR.c **** * disclaimers, and limitations in the end user license agreement accompanying 
  15:Generated_Source\PSoC4/ENC_ISR.c **** * the software package with which this file was provided.
  16:Generated_Source\PSoC4/ENC_ISR.c **** *******************************************************************************/
  17:Generated_Source\PSoC4/ENC_ISR.c **** 
  18:Generated_Source\PSoC4/ENC_ISR.c **** 
  19:Generated_Source\PSoC4/ENC_ISR.c **** #include <cydevice_trm.h>
  20:Generated_Source\PSoC4/ENC_ISR.c **** #include <CyLib.h>
  21:Generated_Source\PSoC4/ENC_ISR.c **** #include <ENC_ISR.h>
  22:Generated_Source\PSoC4/ENC_ISR.c **** #include "cyapicallbacks.h"
  23:Generated_Source\PSoC4/ENC_ISR.c **** 
  24:Generated_Source\PSoC4/ENC_ISR.c **** #if !defined(ENC_ISR__REMOVED) /* Check for removal by optimization */
  25:Generated_Source\PSoC4/ENC_ISR.c **** 
  26:Generated_Source\PSoC4/ENC_ISR.c **** /*******************************************************************************
  27:Generated_Source\PSoC4/ENC_ISR.c **** *  Place your includes, defines and code here 
  28:Generated_Source\PSoC4/ENC_ISR.c **** ********************************************************************************/
  29:Generated_Source\PSoC4/ENC_ISR.c **** /* `#START ENC_ISR_intc` */
  30:Generated_Source\PSoC4/ENC_ISR.c **** #include "ENC.h"
ARM GAS  C:\Users\HELLOK~1\AppData\Local\Temp\cciw2CL3.s 			page 2


  31:Generated_Source\PSoC4/ENC_ISR.c **** // Take variables from global space (main.c)
  32:Generated_Source\PSoC4/ENC_ISR.c **** extern volatile int encoderAsync;
  33:Generated_Source\PSoC4/ENC_ISR.c **** extern volatile int encoderPos;
  34:Generated_Source\PSoC4/ENC_ISR.c **** /* `#END` */
  35:Generated_Source\PSoC4/ENC_ISR.c **** 
  36:Generated_Source\PSoC4/ENC_ISR.c **** extern cyisraddress CyRamVectors[CYINT_IRQ_BASE + CY_NUM_INTERRUPTS];
  37:Generated_Source\PSoC4/ENC_ISR.c **** 
  38:Generated_Source\PSoC4/ENC_ISR.c **** /* Declared in startup, used to set unused interrupts to. */
  39:Generated_Source\PSoC4/ENC_ISR.c **** CY_ISR_PROTO(IntDefaultHandler);
  40:Generated_Source\PSoC4/ENC_ISR.c **** 
  41:Generated_Source\PSoC4/ENC_ISR.c **** 
  42:Generated_Source\PSoC4/ENC_ISR.c **** /*******************************************************************************
  43:Generated_Source\PSoC4/ENC_ISR.c **** * Function Name: ENC_ISR_Start
  44:Generated_Source\PSoC4/ENC_ISR.c **** ********************************************************************************
  45:Generated_Source\PSoC4/ENC_ISR.c **** *
  46:Generated_Source\PSoC4/ENC_ISR.c **** * Summary:
  47:Generated_Source\PSoC4/ENC_ISR.c **** *  Set up the interrupt and enable it. This function disables the interrupt, 
  48:Generated_Source\PSoC4/ENC_ISR.c **** *  sets the default interrupt vector, sets the priority from the value in the
  49:Generated_Source\PSoC4/ENC_ISR.c **** *  Design Wide Resources Interrupt Editor, then enables the interrupt to the 
  50:Generated_Source\PSoC4/ENC_ISR.c **** *  interrupt controller.
  51:Generated_Source\PSoC4/ENC_ISR.c **** *
  52:Generated_Source\PSoC4/ENC_ISR.c **** * Parameters:  
  53:Generated_Source\PSoC4/ENC_ISR.c **** *   None
  54:Generated_Source\PSoC4/ENC_ISR.c **** *
  55:Generated_Source\PSoC4/ENC_ISR.c **** * Return:
  56:Generated_Source\PSoC4/ENC_ISR.c **** *   None
  57:Generated_Source\PSoC4/ENC_ISR.c **** *
  58:Generated_Source\PSoC4/ENC_ISR.c **** *******************************************************************************/
  59:Generated_Source\PSoC4/ENC_ISR.c **** void ENC_ISR_Start(void)
  60:Generated_Source\PSoC4/ENC_ISR.c **** {
  61:Generated_Source\PSoC4/ENC_ISR.c ****     /* For all we know the interrupt is active. */
  62:Generated_Source\PSoC4/ENC_ISR.c ****     ENC_ISR_Disable();
  63:Generated_Source\PSoC4/ENC_ISR.c **** 
  64:Generated_Source\PSoC4/ENC_ISR.c ****     /* Set the ISR to point to the ENC_ISR Interrupt. */
  65:Generated_Source\PSoC4/ENC_ISR.c ****     ENC_ISR_SetVector(&ENC_ISR_Interrupt);
  66:Generated_Source\PSoC4/ENC_ISR.c **** 
  67:Generated_Source\PSoC4/ENC_ISR.c ****     /* Set the priority. */
  68:Generated_Source\PSoC4/ENC_ISR.c ****     ENC_ISR_SetPriority((uint8)ENC_ISR_INTC_PRIOR_NUMBER);
  69:Generated_Source\PSoC4/ENC_ISR.c **** 
  70:Generated_Source\PSoC4/ENC_ISR.c ****     /* Enable it. */
  71:Generated_Source\PSoC4/ENC_ISR.c ****     ENC_ISR_Enable();
  72:Generated_Source\PSoC4/ENC_ISR.c **** }
  73:Generated_Source\PSoC4/ENC_ISR.c **** 
  74:Generated_Source\PSoC4/ENC_ISR.c **** 
  75:Generated_Source\PSoC4/ENC_ISR.c **** /*******************************************************************************
  76:Generated_Source\PSoC4/ENC_ISR.c **** * Function Name: ENC_ISR_StartEx
  77:Generated_Source\PSoC4/ENC_ISR.c **** ********************************************************************************
  78:Generated_Source\PSoC4/ENC_ISR.c **** *
  79:Generated_Source\PSoC4/ENC_ISR.c **** * Summary:
  80:Generated_Source\PSoC4/ENC_ISR.c **** *  Sets up the interrupt and enables it. This function disables the interrupt,
  81:Generated_Source\PSoC4/ENC_ISR.c **** *  sets the interrupt vector based on the address passed in, sets the priority 
  82:Generated_Source\PSoC4/ENC_ISR.c **** *  from the value in the Design Wide Resources Interrupt Editor, then enables 
  83:Generated_Source\PSoC4/ENC_ISR.c **** *  the interrupt to the interrupt controller.
  84:Generated_Source\PSoC4/ENC_ISR.c **** *  
  85:Generated_Source\PSoC4/ENC_ISR.c **** *  When defining ISR functions, the CY_ISR and CY_ISR_PROTO macros should be 
  86:Generated_Source\PSoC4/ENC_ISR.c **** *  used to provide consistent definition across compilers:
  87:Generated_Source\PSoC4/ENC_ISR.c **** *  
ARM GAS  C:\Users\HELLOK~1\AppData\Local\Temp\cciw2CL3.s 			page 3


  88:Generated_Source\PSoC4/ENC_ISR.c **** *  Function definition example:
  89:Generated_Source\PSoC4/ENC_ISR.c **** *   CY_ISR(MyISR)
  90:Generated_Source\PSoC4/ENC_ISR.c **** *   {
  91:Generated_Source\PSoC4/ENC_ISR.c **** *   }
  92:Generated_Source\PSoC4/ENC_ISR.c **** *   Function prototype example:
  93:Generated_Source\PSoC4/ENC_ISR.c **** *   CY_ISR_PROTO(MyISR);
  94:Generated_Source\PSoC4/ENC_ISR.c **** *
  95:Generated_Source\PSoC4/ENC_ISR.c **** * Parameters:  
  96:Generated_Source\PSoC4/ENC_ISR.c **** *   address: Address of the ISR to set in the interrupt vector table.
  97:Generated_Source\PSoC4/ENC_ISR.c **** *
  98:Generated_Source\PSoC4/ENC_ISR.c **** * Return:
  99:Generated_Source\PSoC4/ENC_ISR.c **** *   None
 100:Generated_Source\PSoC4/ENC_ISR.c **** *
 101:Generated_Source\PSoC4/ENC_ISR.c **** *******************************************************************************/
 102:Generated_Source\PSoC4/ENC_ISR.c **** void ENC_ISR_StartEx(cyisraddress address)
 103:Generated_Source\PSoC4/ENC_ISR.c **** {
 104:Generated_Source\PSoC4/ENC_ISR.c ****     /* For all we know the interrupt is active. */
 105:Generated_Source\PSoC4/ENC_ISR.c ****     ENC_ISR_Disable();
 106:Generated_Source\PSoC4/ENC_ISR.c **** 
 107:Generated_Source\PSoC4/ENC_ISR.c ****     /* Set the ISR to point to the ENC_ISR Interrupt. */
 108:Generated_Source\PSoC4/ENC_ISR.c ****     ENC_ISR_SetVector(address);
 109:Generated_Source\PSoC4/ENC_ISR.c **** 
 110:Generated_Source\PSoC4/ENC_ISR.c ****     /* Set the priority. */
 111:Generated_Source\PSoC4/ENC_ISR.c ****     ENC_ISR_SetPriority((uint8)ENC_ISR_INTC_PRIOR_NUMBER);
 112:Generated_Source\PSoC4/ENC_ISR.c **** 
 113:Generated_Source\PSoC4/ENC_ISR.c ****     /* Enable it. */
 114:Generated_Source\PSoC4/ENC_ISR.c ****     ENC_ISR_Enable();
 115:Generated_Source\PSoC4/ENC_ISR.c **** }
 116:Generated_Source\PSoC4/ENC_ISR.c **** 
 117:Generated_Source\PSoC4/ENC_ISR.c **** 
 118:Generated_Source\PSoC4/ENC_ISR.c **** /*******************************************************************************
 119:Generated_Source\PSoC4/ENC_ISR.c **** * Function Name: ENC_ISR_Stop
 120:Generated_Source\PSoC4/ENC_ISR.c **** ********************************************************************************
 121:Generated_Source\PSoC4/ENC_ISR.c **** *
 122:Generated_Source\PSoC4/ENC_ISR.c **** * Summary:
 123:Generated_Source\PSoC4/ENC_ISR.c **** *   Disables and removes the interrupt.
 124:Generated_Source\PSoC4/ENC_ISR.c **** *
 125:Generated_Source\PSoC4/ENC_ISR.c **** * Parameters:  
 126:Generated_Source\PSoC4/ENC_ISR.c **** *   None
 127:Generated_Source\PSoC4/ENC_ISR.c **** *
 128:Generated_Source\PSoC4/ENC_ISR.c **** * Return:
 129:Generated_Source\PSoC4/ENC_ISR.c **** *   None
 130:Generated_Source\PSoC4/ENC_ISR.c **** *
 131:Generated_Source\PSoC4/ENC_ISR.c **** *******************************************************************************/
 132:Generated_Source\PSoC4/ENC_ISR.c **** void ENC_ISR_Stop(void)
 133:Generated_Source\PSoC4/ENC_ISR.c **** {
 134:Generated_Source\PSoC4/ENC_ISR.c ****     /* Disable this interrupt. */
 135:Generated_Source\PSoC4/ENC_ISR.c ****     ENC_ISR_Disable();
 136:Generated_Source\PSoC4/ENC_ISR.c **** 
 137:Generated_Source\PSoC4/ENC_ISR.c ****     /* Set the ISR to point to the passive one. */
 138:Generated_Source\PSoC4/ENC_ISR.c ****     ENC_ISR_SetVector(&IntDefaultHandler);
 139:Generated_Source\PSoC4/ENC_ISR.c **** }
 140:Generated_Source\PSoC4/ENC_ISR.c **** 
 141:Generated_Source\PSoC4/ENC_ISR.c **** 
 142:Generated_Source\PSoC4/ENC_ISR.c **** /*******************************************************************************
 143:Generated_Source\PSoC4/ENC_ISR.c **** * Function Name: ENC_ISR_Interrupt
 144:Generated_Source\PSoC4/ENC_ISR.c **** ********************************************************************************
ARM GAS  C:\Users\HELLOK~1\AppData\Local\Temp\cciw2CL3.s 			page 4


 145:Generated_Source\PSoC4/ENC_ISR.c **** *
 146:Generated_Source\PSoC4/ENC_ISR.c **** * Summary:
 147:Generated_Source\PSoC4/ENC_ISR.c **** *   The default Interrupt Service Routine for ENC_ISR.
 148:Generated_Source\PSoC4/ENC_ISR.c **** *
 149:Generated_Source\PSoC4/ENC_ISR.c **** *   Add custom code between the START and END comments to keep the next version
 150:Generated_Source\PSoC4/ENC_ISR.c **** *   of this file from over-writing your code.
 151:Generated_Source\PSoC4/ENC_ISR.c **** *
 152:Generated_Source\PSoC4/ENC_ISR.c **** *   Note You may use either the default ISR by using this API, or you may define
 153:Generated_Source\PSoC4/ENC_ISR.c **** *   your own separate ISR through ISR_StartEx().
 154:Generated_Source\PSoC4/ENC_ISR.c **** *
 155:Generated_Source\PSoC4/ENC_ISR.c **** * Parameters:  
 156:Generated_Source\PSoC4/ENC_ISR.c **** *   None
 157:Generated_Source\PSoC4/ENC_ISR.c **** *
 158:Generated_Source\PSoC4/ENC_ISR.c **** * Return:
 159:Generated_Source\PSoC4/ENC_ISR.c **** *   None
 160:Generated_Source\PSoC4/ENC_ISR.c **** *
 161:Generated_Source\PSoC4/ENC_ISR.c **** *******************************************************************************/
 162:Generated_Source\PSoC4/ENC_ISR.c **** CY_ISR(ENC_ISR_Interrupt)
 163:Generated_Source\PSoC4/ENC_ISR.c **** {
  28              		.loc 1 163 0
  29              		.cfi_startproc
  30              		@ args = 0, pretend = 0, frame = 16
  31              		@ frame_needed = 0, uses_anonymous_args = 0
  32 0000 00B5     		push	{lr}
  33              		.cfi_def_cfa_offset 4
  34              		.cfi_offset 14, -4
  35 0002 85B0     		sub	sp, sp, #20
  36              		.cfi_def_cfa_offset 24
 164:Generated_Source\PSoC4/ENC_ISR.c ****     #ifdef ENC_ISR_INTERRUPT_INTERRUPT_CALLBACK
 165:Generated_Source\PSoC4/ENC_ISR.c ****         ENC_ISR_Interrupt_InterruptCallback();
 166:Generated_Source\PSoC4/ENC_ISR.c ****     #endif /* ENC_ISR_INTERRUPT_INTERRUPT_CALLBACK */ 
 167:Generated_Source\PSoC4/ENC_ISR.c **** 
 168:Generated_Source\PSoC4/ENC_ISR.c ****     /*  Place your Interrupt code here. */
 169:Generated_Source\PSoC4/ENC_ISR.c ****     /* `#START ENC_ISR_Interrupt` */
 170:Generated_Source\PSoC4/ENC_ISR.c ****     // Read the first variable, then wait for it to change
 171:Generated_Source\PSoC4/ENC_ISR.c ****     volatile int a  = ENC_Read();
  37              		.loc 1 171 0
  38 0004 FFF7FEFF 		bl	ENC_Read
  39              	.LVL0:
  40 0008 0390     		str	r0, [sp, #12]
  41              	.L2:
 172:Generated_Source\PSoC4/ENC_ISR.c ****     while(a == ENC_Read());
  42              		.loc 1 172 0 discriminator 1
  43 000a FFF7FEFF 		bl	ENC_Read
  44              	.LVL1:
  45 000e 039B     		ldr	r3, [sp, #12]
  46 0010 9842     		cmp	r0, r3
  47 0012 FAD0     		beq	.L2
 173:Generated_Source\PSoC4/ENC_ISR.c ****     // Read next variable, then wait for it to change
 174:Generated_Source\PSoC4/ENC_ISR.c ****     volatile int b  = ENC_Read();
  48              		.loc 1 174 0
  49 0014 FFF7FEFF 		bl	ENC_Read
  50              	.LVL2:
  51 0018 0290     		str	r0, [sp, #8]
  52              	.L3:
 175:Generated_Source\PSoC4/ENC_ISR.c ****     while(b == ENC_Read());
  53              		.loc 1 175 0 discriminator 1
ARM GAS  C:\Users\HELLOK~1\AppData\Local\Temp\cciw2CL3.s 			page 5


  54 001a FFF7FEFF 		bl	ENC_Read
  55              	.LVL3:
  56 001e 029B     		ldr	r3, [sp, #8]
  57 0020 9842     		cmp	r0, r3
  58 0022 FAD0     		beq	.L3
 176:Generated_Source\PSoC4/ENC_ISR.c ****     // Read next variable, then wait for it to change
 177:Generated_Source\PSoC4/ENC_ISR.c ****     volatile int c  = ENC_Read();
  59              		.loc 1 177 0
  60 0024 FFF7FEFF 		bl	ENC_Read
  61              	.LVL4:
  62 0028 0190     		str	r0, [sp, #4]
  63              	.L4:
 178:Generated_Source\PSoC4/ENC_ISR.c ****     while(c == ENC_Read());
  64              		.loc 1 178 0 discriminator 1
  65 002a FFF7FEFF 		bl	ENC_Read
  66              	.LVL5:
  67 002e 019B     		ldr	r3, [sp, #4]
  68 0030 9842     		cmp	r0, r3
  69 0032 FAD0     		beq	.L4
 179:Generated_Source\PSoC4/ENC_ISR.c ****     // Based on the following variables, decide whether it is CW or CCW
 180:Generated_Source\PSoC4/ENC_ISR.c ****     if(a == 1 && c == 2){
  70              		.loc 1 180 0
  71 0034 039B     		ldr	r3, [sp, #12]
  72 0036 012B     		cmp	r3, #1
  73 0038 0ED1     		bne	.L5
  74              		.loc 1 180 0 is_stmt 0 discriminator 1
  75 003a 019B     		ldr	r3, [sp, #4]
  76 003c 022B     		cmp	r3, #2
  77 003e 0BD1     		bne	.L5
 181:Generated_Source\PSoC4/ENC_ISR.c ****         // Clockwise (increase bar)
 182:Generated_Source\PSoC4/ENC_ISR.c ****         // Set flag
 183:Generated_Source\PSoC4/ENC_ISR.c ****         encoderAsync = 1;
  78              		.loc 1 183 0 is_stmt 1
  79 0040 0122     		movs	r2, #1
  80 0042 104B     		ldr	r3, .L7
  81 0044 1A60     		str	r2, [r3]
 184:Generated_Source\PSoC4/ENC_ISR.c ****         // Set limit of 80 on the right side
 185:Generated_Source\PSoC4/ENC_ISR.c ****         if(encoderPos == 80){}
  82              		.loc 1 185 0
  83 0046 104B     		ldr	r3, .L7+4
  84 0048 1B68     		ldr	r3, [r3]
  85 004a 502B     		cmp	r3, #80
  86 004c 15D0     		beq	.L6
 186:Generated_Source\PSoC4/ENC_ISR.c ****         // If not at limit, increase position
 187:Generated_Source\PSoC4/ENC_ISR.c ****         else{
 188:Generated_Source\PSoC4/ENC_ISR.c ****             encoderPos++;
  87              		.loc 1 188 0
  88 004e 0E4A     		ldr	r2, .L7+4
  89 0050 1368     		ldr	r3, [r2]
  90 0052 0133     		adds	r3, r3, #1
  91 0054 1360     		str	r3, [r2]
  92 0056 10E0     		b	.L6
  93              	.L5:
 189:Generated_Source\PSoC4/ENC_ISR.c ****         }
 190:Generated_Source\PSoC4/ENC_ISR.c ****     }
 191:Generated_Source\PSoC4/ENC_ISR.c ****     else if(a == 2 && c==1){
  94              		.loc 1 191 0
ARM GAS  C:\Users\HELLOK~1\AppData\Local\Temp\cciw2CL3.s 			page 6


  95 0058 039B     		ldr	r3, [sp, #12]
  96 005a 022B     		cmp	r3, #2
  97 005c 0DD1     		bne	.L6
  98              		.loc 1 191 0 is_stmt 0 discriminator 1
  99 005e 019B     		ldr	r3, [sp, #4]
 100 0060 012B     		cmp	r3, #1
 101 0062 0AD1     		bne	.L6
 192:Generated_Source\PSoC4/ENC_ISR.c ****         // Counter-Clockwise (decrease bar)
 193:Generated_Source\PSoC4/ENC_ISR.c ****         // Set flag
 194:Generated_Source\PSoC4/ENC_ISR.c ****         encoderAsync = 1;
 102              		.loc 1 194 0 is_stmt 1
 103 0064 0122     		movs	r2, #1
 104 0066 074B     		ldr	r3, .L7
 105 0068 1A60     		str	r2, [r3]
 195:Generated_Source\PSoC4/ENC_ISR.c ****         // Set limit of 0 on the left side
 196:Generated_Source\PSoC4/ENC_ISR.c ****         if(encoderPos == 0){}
 106              		.loc 1 196 0
 107 006a 074B     		ldr	r3, .L7+4
 108 006c 1B68     		ldr	r3, [r3]
 109 006e 002B     		cmp	r3, #0
 110 0070 03D0     		beq	.L6
 197:Generated_Source\PSoC4/ENC_ISR.c ****         // If not at limit, decrease position
 198:Generated_Source\PSoC4/ENC_ISR.c ****         else{
 199:Generated_Source\PSoC4/ENC_ISR.c ****             encoderPos--;
 111              		.loc 1 199 0
 112 0072 054A     		ldr	r2, .L7+4
 113 0074 1368     		ldr	r3, [r2]
 114 0076 013B     		subs	r3, r3, #1
 115 0078 1360     		str	r3, [r2]
 116              	.L6:
 200:Generated_Source\PSoC4/ENC_ISR.c ****         }
 201:Generated_Source\PSoC4/ENC_ISR.c ****     }
 202:Generated_Source\PSoC4/ENC_ISR.c ****     // Clear interrupt
 203:Generated_Source\PSoC4/ENC_ISR.c ****     ENC_ClearInterrupt();   
 117              		.loc 1 203 0
 118 007a FFF7FEFF 		bl	ENC_ClearInterrupt
 119              	.LVL6:
 204:Generated_Source\PSoC4/ENC_ISR.c ****     /* `#END` */
 205:Generated_Source\PSoC4/ENC_ISR.c **** }
 120              		.loc 1 205 0
 121 007e 05B0     		add	sp, sp, #20
 122              		@ sp needed
 123 0080 00BD     		pop	{pc}
 124              	.L8:
 125 0082 C046     		.align	2
 126              	.L7:
 127 0084 00000000 		.word	encoderAsync
 128 0088 00000000 		.word	encoderPos
 129              		.cfi_endproc
 130              	.LFE4:
 131              		.size	ENC_ISR_Interrupt, .-ENC_ISR_Interrupt
 132              		.section	.text.ENC_ISR_SetVector,"ax",%progbits
 133              		.align	2
 134              		.global	ENC_ISR_SetVector
 135              		.code	16
 136              		.thumb_func
 137              		.type	ENC_ISR_SetVector, %function
ARM GAS  C:\Users\HELLOK~1\AppData\Local\Temp\cciw2CL3.s 			page 7


 138              	ENC_ISR_SetVector:
 139              	.LFB5:
 206:Generated_Source\PSoC4/ENC_ISR.c **** 
 207:Generated_Source\PSoC4/ENC_ISR.c **** 
 208:Generated_Source\PSoC4/ENC_ISR.c **** /*******************************************************************************
 209:Generated_Source\PSoC4/ENC_ISR.c **** * Function Name: ENC_ISR_SetVector
 210:Generated_Source\PSoC4/ENC_ISR.c **** ********************************************************************************
 211:Generated_Source\PSoC4/ENC_ISR.c **** *
 212:Generated_Source\PSoC4/ENC_ISR.c **** * Summary:
 213:Generated_Source\PSoC4/ENC_ISR.c **** *   Change the ISR vector for the Interrupt. Note calling ENC_ISR_Start
 214:Generated_Source\PSoC4/ENC_ISR.c **** *   will override any effect this method would have had. To set the vector 
 215:Generated_Source\PSoC4/ENC_ISR.c **** *   before the component has been started use ENC_ISR_StartEx instead.
 216:Generated_Source\PSoC4/ENC_ISR.c **** * 
 217:Generated_Source\PSoC4/ENC_ISR.c **** *   When defining ISR functions, the CY_ISR and CY_ISR_PROTO macros should be 
 218:Generated_Source\PSoC4/ENC_ISR.c **** *   used to provide consistent definition across compilers:
 219:Generated_Source\PSoC4/ENC_ISR.c **** *
 220:Generated_Source\PSoC4/ENC_ISR.c **** *   Function definition example:
 221:Generated_Source\PSoC4/ENC_ISR.c **** *   CY_ISR(MyISR)
 222:Generated_Source\PSoC4/ENC_ISR.c **** *   {
 223:Generated_Source\PSoC4/ENC_ISR.c **** *   }
 224:Generated_Source\PSoC4/ENC_ISR.c **** *
 225:Generated_Source\PSoC4/ENC_ISR.c **** *   Function prototype example:
 226:Generated_Source\PSoC4/ENC_ISR.c **** *     CY_ISR_PROTO(MyISR);
 227:Generated_Source\PSoC4/ENC_ISR.c **** *
 228:Generated_Source\PSoC4/ENC_ISR.c **** * Parameters:
 229:Generated_Source\PSoC4/ENC_ISR.c **** *   address: Address of the ISR to set in the interrupt vector table.
 230:Generated_Source\PSoC4/ENC_ISR.c **** *
 231:Generated_Source\PSoC4/ENC_ISR.c **** * Return:
 232:Generated_Source\PSoC4/ENC_ISR.c **** *   None
 233:Generated_Source\PSoC4/ENC_ISR.c **** *
 234:Generated_Source\PSoC4/ENC_ISR.c **** *******************************************************************************/
 235:Generated_Source\PSoC4/ENC_ISR.c **** void ENC_ISR_SetVector(cyisraddress address)
 236:Generated_Source\PSoC4/ENC_ISR.c **** {
 140              		.loc 1 236 0
 141              		.cfi_startproc
 142              		@ args = 0, pretend = 0, frame = 0
 143              		@ frame_needed = 0, uses_anonymous_args = 0
 144              		@ link register save eliminated.
 145              	.LVL7:
 237:Generated_Source\PSoC4/ENC_ISR.c ****     CyRamVectors[CYINT_IRQ_BASE + ENC_ISR__INTC_NUMBER] = address;
 146              		.loc 1 237 0
 147 0000 014B     		ldr	r3, .L10
 148 0002 1864     		str	r0, [r3, #64]
 238:Generated_Source\PSoC4/ENC_ISR.c **** }
 149              		.loc 1 238 0
 150              		@ sp needed
 151 0004 7047     		bx	lr
 152              	.L11:
 153 0006 C046     		.align	2
 154              	.L10:
 155 0008 00000000 		.word	CyRamVectors
 156              		.cfi_endproc
 157              	.LFE5:
 158              		.size	ENC_ISR_SetVector, .-ENC_ISR_SetVector
 159              		.section	.text.ENC_ISR_GetVector,"ax",%progbits
 160              		.align	2
 161              		.global	ENC_ISR_GetVector
ARM GAS  C:\Users\HELLOK~1\AppData\Local\Temp\cciw2CL3.s 			page 8


 162              		.code	16
 163              		.thumb_func
 164              		.type	ENC_ISR_GetVector, %function
 165              	ENC_ISR_GetVector:
 166              	.LFB6:
 239:Generated_Source\PSoC4/ENC_ISR.c **** 
 240:Generated_Source\PSoC4/ENC_ISR.c **** 
 241:Generated_Source\PSoC4/ENC_ISR.c **** /*******************************************************************************
 242:Generated_Source\PSoC4/ENC_ISR.c **** * Function Name: ENC_ISR_GetVector
 243:Generated_Source\PSoC4/ENC_ISR.c **** ********************************************************************************
 244:Generated_Source\PSoC4/ENC_ISR.c **** *
 245:Generated_Source\PSoC4/ENC_ISR.c **** * Summary:
 246:Generated_Source\PSoC4/ENC_ISR.c **** *   Gets the "address" of the current ISR vector for the Interrupt.
 247:Generated_Source\PSoC4/ENC_ISR.c **** *
 248:Generated_Source\PSoC4/ENC_ISR.c **** * Parameters:
 249:Generated_Source\PSoC4/ENC_ISR.c **** *   None
 250:Generated_Source\PSoC4/ENC_ISR.c **** *
 251:Generated_Source\PSoC4/ENC_ISR.c **** * Return:
 252:Generated_Source\PSoC4/ENC_ISR.c **** *   Address of the ISR in the interrupt vector table.
 253:Generated_Source\PSoC4/ENC_ISR.c **** *
 254:Generated_Source\PSoC4/ENC_ISR.c **** *******************************************************************************/
 255:Generated_Source\PSoC4/ENC_ISR.c **** cyisraddress ENC_ISR_GetVector(void)
 256:Generated_Source\PSoC4/ENC_ISR.c **** {
 167              		.loc 1 256 0
 168              		.cfi_startproc
 169              		@ args = 0, pretend = 0, frame = 0
 170              		@ frame_needed = 0, uses_anonymous_args = 0
 171              		@ link register save eliminated.
 257:Generated_Source\PSoC4/ENC_ISR.c ****     return CyRamVectors[CYINT_IRQ_BASE + ENC_ISR__INTC_NUMBER];
 172              		.loc 1 257 0
 173 0000 014B     		ldr	r3, .L13
 174 0002 186C     		ldr	r0, [r3, #64]
 258:Generated_Source\PSoC4/ENC_ISR.c **** }
 175              		.loc 1 258 0
 176              		@ sp needed
 177 0004 7047     		bx	lr
 178              	.L14:
 179 0006 C046     		.align	2
 180              	.L13:
 181 0008 00000000 		.word	CyRamVectors
 182              		.cfi_endproc
 183              	.LFE6:
 184              		.size	ENC_ISR_GetVector, .-ENC_ISR_GetVector
 185              		.section	.text.ENC_ISR_SetPriority,"ax",%progbits
 186              		.align	2
 187              		.global	ENC_ISR_SetPriority
 188              		.code	16
 189              		.thumb_func
 190              		.type	ENC_ISR_SetPriority, %function
 191              	ENC_ISR_SetPriority:
 192              	.LFB7:
 259:Generated_Source\PSoC4/ENC_ISR.c **** 
 260:Generated_Source\PSoC4/ENC_ISR.c **** 
 261:Generated_Source\PSoC4/ENC_ISR.c **** /*******************************************************************************
 262:Generated_Source\PSoC4/ENC_ISR.c **** * Function Name: ENC_ISR_SetPriority
 263:Generated_Source\PSoC4/ENC_ISR.c **** ********************************************************************************
 264:Generated_Source\PSoC4/ENC_ISR.c **** *
ARM GAS  C:\Users\HELLOK~1\AppData\Local\Temp\cciw2CL3.s 			page 9


 265:Generated_Source\PSoC4/ENC_ISR.c **** * Summary:
 266:Generated_Source\PSoC4/ENC_ISR.c **** *   Sets the Priority of the Interrupt. 
 267:Generated_Source\PSoC4/ENC_ISR.c **** *
 268:Generated_Source\PSoC4/ENC_ISR.c **** *   Note calling ENC_ISR_Start or ENC_ISR_StartEx will 
 269:Generated_Source\PSoC4/ENC_ISR.c **** *   override any effect this API would have had. This API should only be called
 270:Generated_Source\PSoC4/ENC_ISR.c **** *   after ENC_ISR_Start or ENC_ISR_StartEx has been called. 
 271:Generated_Source\PSoC4/ENC_ISR.c **** *   To set the initial priority for the component, use the Design-Wide Resources
 272:Generated_Source\PSoC4/ENC_ISR.c **** *   Interrupt Editor.
 273:Generated_Source\PSoC4/ENC_ISR.c **** *
 274:Generated_Source\PSoC4/ENC_ISR.c **** *   Note This API has no effect on Non-maskable interrupt NMI).
 275:Generated_Source\PSoC4/ENC_ISR.c **** *
 276:Generated_Source\PSoC4/ENC_ISR.c **** * Parameters:
 277:Generated_Source\PSoC4/ENC_ISR.c **** *   priority: Priority of the interrupt, 0 being the highest priority
 278:Generated_Source\PSoC4/ENC_ISR.c **** *             PSoC 3 and PSoC 5LP: Priority is from 0 to 7.
 279:Generated_Source\PSoC4/ENC_ISR.c **** *             PSoC 4: Priority is from 0 to 3.
 280:Generated_Source\PSoC4/ENC_ISR.c **** *
 281:Generated_Source\PSoC4/ENC_ISR.c **** * Return:
 282:Generated_Source\PSoC4/ENC_ISR.c **** *   None
 283:Generated_Source\PSoC4/ENC_ISR.c **** *
 284:Generated_Source\PSoC4/ENC_ISR.c **** *******************************************************************************/
 285:Generated_Source\PSoC4/ENC_ISR.c **** void ENC_ISR_SetPriority(uint8 priority)
 286:Generated_Source\PSoC4/ENC_ISR.c **** {
 193              		.loc 1 286 0
 194              		.cfi_startproc
 195              		@ args = 0, pretend = 0, frame = 0
 196              		@ frame_needed = 0, uses_anonymous_args = 0
 197              	.LVL8:
 198 0000 10B5     		push	{r4, lr}
 199              		.cfi_def_cfa_offset 8
 200              		.cfi_offset 4, -8
 201              		.cfi_offset 14, -4
 202 0002 0400     		movs	r4, r0
 203              	.LVL9:
 287:Generated_Source\PSoC4/ENC_ISR.c **** 	uint8 interruptState;
 288:Generated_Source\PSoC4/ENC_ISR.c ****     uint32 priorityOffset = ((ENC_ISR__INTC_NUMBER % 4u) * 8u) + 6u;
 289:Generated_Source\PSoC4/ENC_ISR.c ****     
 290:Generated_Source\PSoC4/ENC_ISR.c **** 	interruptState = CyEnterCriticalSection();
 204              		.loc 1 290 0
 205 0004 FFF7FEFF 		bl	CyEnterCriticalSection
 206              	.LVL10:
 291:Generated_Source\PSoC4/ENC_ISR.c ****     *ENC_ISR_INTC_PRIOR = (*ENC_ISR_INTC_PRIOR & (uint32)(~ENC_ISR__INTC_PRIOR_MASK)) |
 207              		.loc 1 291 0
 208 0008 044A     		ldr	r2, .L16
 209 000a 1368     		ldr	r3, [r2]
 210 000c C021     		movs	r1, #192
 211 000e 8B43     		bics	r3, r1
 292:Generated_Source\PSoC4/ENC_ISR.c ****                                     ((uint32)priority << priorityOffset);
 212              		.loc 1 292 0
 213 0010 A401     		lsls	r4, r4, #6
 291:Generated_Source\PSoC4/ENC_ISR.c ****     *ENC_ISR_INTC_PRIOR = (*ENC_ISR_INTC_PRIOR & (uint32)(~ENC_ISR__INTC_PRIOR_MASK)) |
 214              		.loc 1 291 0
 215 0012 1C43     		orrs	r4, r3
 216 0014 1460     		str	r4, [r2]
 293:Generated_Source\PSoC4/ENC_ISR.c **** 	CyExitCriticalSection(interruptState);
 217              		.loc 1 293 0
 218 0016 FFF7FEFF 		bl	CyExitCriticalSection
 219              	.LVL11:
ARM GAS  C:\Users\HELLOK~1\AppData\Local\Temp\cciw2CL3.s 			page 10


 294:Generated_Source\PSoC4/ENC_ISR.c **** }
 220              		.loc 1 294 0
 221              		@ sp needed
 222 001a 10BD     		pop	{r4, pc}
 223              	.L17:
 224              		.align	2
 225              	.L16:
 226 001c 00E400E0 		.word	-536812544
 227              		.cfi_endproc
 228              	.LFE7:
 229              		.size	ENC_ISR_SetPriority, .-ENC_ISR_SetPriority
 230              		.section	.text.ENC_ISR_GetPriority,"ax",%progbits
 231              		.align	2
 232              		.global	ENC_ISR_GetPriority
 233              		.code	16
 234              		.thumb_func
 235              		.type	ENC_ISR_GetPriority, %function
 236              	ENC_ISR_GetPriority:
 237              	.LFB8:
 295:Generated_Source\PSoC4/ENC_ISR.c **** 
 296:Generated_Source\PSoC4/ENC_ISR.c **** 
 297:Generated_Source\PSoC4/ENC_ISR.c **** /*******************************************************************************
 298:Generated_Source\PSoC4/ENC_ISR.c **** * Function Name: ENC_ISR_GetPriority
 299:Generated_Source\PSoC4/ENC_ISR.c **** ********************************************************************************
 300:Generated_Source\PSoC4/ENC_ISR.c **** *
 301:Generated_Source\PSoC4/ENC_ISR.c **** * Summary:
 302:Generated_Source\PSoC4/ENC_ISR.c **** *   Gets the Priority of the Interrupt.
 303:Generated_Source\PSoC4/ENC_ISR.c **** *
 304:Generated_Source\PSoC4/ENC_ISR.c **** * Parameters:
 305:Generated_Source\PSoC4/ENC_ISR.c **** *   None
 306:Generated_Source\PSoC4/ENC_ISR.c **** *
 307:Generated_Source\PSoC4/ENC_ISR.c **** * Return:
 308:Generated_Source\PSoC4/ENC_ISR.c **** *   Priority of the interrupt, 0 being the highest priority
 309:Generated_Source\PSoC4/ENC_ISR.c **** *    PSoC 3 and PSoC 5LP: Priority is from 0 to 7.
 310:Generated_Source\PSoC4/ENC_ISR.c **** *    PSoC 4: Priority is from 0 to 3.
 311:Generated_Source\PSoC4/ENC_ISR.c **** *
 312:Generated_Source\PSoC4/ENC_ISR.c **** *******************************************************************************/
 313:Generated_Source\PSoC4/ENC_ISR.c **** uint8 ENC_ISR_GetPriority(void)
 314:Generated_Source\PSoC4/ENC_ISR.c **** {
 238              		.loc 1 314 0
 239              		.cfi_startproc
 240              		@ args = 0, pretend = 0, frame = 0
 241              		@ frame_needed = 0, uses_anonymous_args = 0
 242              		@ link register save eliminated.
 243              	.LVL12:
 315:Generated_Source\PSoC4/ENC_ISR.c ****     uint32 priority;
 316:Generated_Source\PSoC4/ENC_ISR.c **** 	uint32 priorityOffset = ((ENC_ISR__INTC_NUMBER % 4u) * 8u) + 6u;
 317:Generated_Source\PSoC4/ENC_ISR.c **** 
 318:Generated_Source\PSoC4/ENC_ISR.c ****     priority = (*ENC_ISR_INTC_PRIOR & ENC_ISR__INTC_PRIOR_MASK) >> priorityOffset;
 244              		.loc 1 318 0
 245 0000 024B     		ldr	r3, .L19
 246 0002 1868     		ldr	r0, [r3]
 247 0004 8009     		lsrs	r0, r0, #6
 248              	.LVL13:
 319:Generated_Source\PSoC4/ENC_ISR.c **** 
 320:Generated_Source\PSoC4/ENC_ISR.c ****     return (uint8)priority;
 249              		.loc 1 320 0
ARM GAS  C:\Users\HELLOK~1\AppData\Local\Temp\cciw2CL3.s 			page 11


 250 0006 0323     		movs	r3, #3
 251 0008 1840     		ands	r0, r3
 252              	.LVL14:
 321:Generated_Source\PSoC4/ENC_ISR.c **** }
 253              		.loc 1 321 0
 254              		@ sp needed
 255 000a 7047     		bx	lr
 256              	.L20:
 257              		.align	2
 258              	.L19:
 259 000c 00E400E0 		.word	-536812544
 260              		.cfi_endproc
 261              	.LFE8:
 262              		.size	ENC_ISR_GetPriority, .-ENC_ISR_GetPriority
 263              		.section	.text.ENC_ISR_Enable,"ax",%progbits
 264              		.align	2
 265              		.global	ENC_ISR_Enable
 266              		.code	16
 267              		.thumb_func
 268              		.type	ENC_ISR_Enable, %function
 269              	ENC_ISR_Enable:
 270              	.LFB9:
 322:Generated_Source\PSoC4/ENC_ISR.c **** 
 323:Generated_Source\PSoC4/ENC_ISR.c **** 
 324:Generated_Source\PSoC4/ENC_ISR.c **** /*******************************************************************************
 325:Generated_Source\PSoC4/ENC_ISR.c **** * Function Name: ENC_ISR_Enable
 326:Generated_Source\PSoC4/ENC_ISR.c **** ********************************************************************************
 327:Generated_Source\PSoC4/ENC_ISR.c **** *
 328:Generated_Source\PSoC4/ENC_ISR.c **** * Summary:
 329:Generated_Source\PSoC4/ENC_ISR.c **** *   Enables the interrupt to the interrupt controller. Do not call this function
 330:Generated_Source\PSoC4/ENC_ISR.c **** *   unless ISR_Start() has been called or the functionality of the ISR_Start() 
 331:Generated_Source\PSoC4/ENC_ISR.c **** *   function, which sets the vector and the priority, has been called.
 332:Generated_Source\PSoC4/ENC_ISR.c **** *
 333:Generated_Source\PSoC4/ENC_ISR.c **** * Parameters:
 334:Generated_Source\PSoC4/ENC_ISR.c **** *   None
 335:Generated_Source\PSoC4/ENC_ISR.c **** *
 336:Generated_Source\PSoC4/ENC_ISR.c **** * Return:
 337:Generated_Source\PSoC4/ENC_ISR.c **** *   None
 338:Generated_Source\PSoC4/ENC_ISR.c **** *
 339:Generated_Source\PSoC4/ENC_ISR.c **** *******************************************************************************/
 340:Generated_Source\PSoC4/ENC_ISR.c **** void ENC_ISR_Enable(void)
 341:Generated_Source\PSoC4/ENC_ISR.c **** {
 271              		.loc 1 341 0
 272              		.cfi_startproc
 273              		@ args = 0, pretend = 0, frame = 0
 274              		@ frame_needed = 0, uses_anonymous_args = 0
 275              		@ link register save eliminated.
 342:Generated_Source\PSoC4/ENC_ISR.c ****     /* Enable the general interrupt. */
 343:Generated_Source\PSoC4/ENC_ISR.c ****     *ENC_ISR_INTC_SET_EN = ENC_ISR__INTC_MASK;
 276              		.loc 1 343 0
 277 0000 0122     		movs	r2, #1
 278 0002 014B     		ldr	r3, .L22
 279 0004 1A60     		str	r2, [r3]
 344:Generated_Source\PSoC4/ENC_ISR.c **** }
 280              		.loc 1 344 0
 281              		@ sp needed
 282 0006 7047     		bx	lr
ARM GAS  C:\Users\HELLOK~1\AppData\Local\Temp\cciw2CL3.s 			page 12


 283              	.L23:
 284              		.align	2
 285              	.L22:
 286 0008 00E100E0 		.word	-536813312
 287              		.cfi_endproc
 288              	.LFE9:
 289              		.size	ENC_ISR_Enable, .-ENC_ISR_Enable
 290              		.section	.text.ENC_ISR_GetState,"ax",%progbits
 291              		.align	2
 292              		.global	ENC_ISR_GetState
 293              		.code	16
 294              		.thumb_func
 295              		.type	ENC_ISR_GetState, %function
 296              	ENC_ISR_GetState:
 297              	.LFB10:
 345:Generated_Source\PSoC4/ENC_ISR.c **** 
 346:Generated_Source\PSoC4/ENC_ISR.c **** 
 347:Generated_Source\PSoC4/ENC_ISR.c **** /*******************************************************************************
 348:Generated_Source\PSoC4/ENC_ISR.c **** * Function Name: ENC_ISR_GetState
 349:Generated_Source\PSoC4/ENC_ISR.c **** ********************************************************************************
 350:Generated_Source\PSoC4/ENC_ISR.c **** *
 351:Generated_Source\PSoC4/ENC_ISR.c **** * Summary:
 352:Generated_Source\PSoC4/ENC_ISR.c **** *   Gets the state (enabled, disabled) of the Interrupt.
 353:Generated_Source\PSoC4/ENC_ISR.c **** *
 354:Generated_Source\PSoC4/ENC_ISR.c **** * Parameters:
 355:Generated_Source\PSoC4/ENC_ISR.c **** *   None
 356:Generated_Source\PSoC4/ENC_ISR.c **** *
 357:Generated_Source\PSoC4/ENC_ISR.c **** * Return:
 358:Generated_Source\PSoC4/ENC_ISR.c **** *   1 if enabled, 0 if disabled.
 359:Generated_Source\PSoC4/ENC_ISR.c **** *
 360:Generated_Source\PSoC4/ENC_ISR.c **** *******************************************************************************/
 361:Generated_Source\PSoC4/ENC_ISR.c **** uint8 ENC_ISR_GetState(void)
 362:Generated_Source\PSoC4/ENC_ISR.c **** {
 298              		.loc 1 362 0
 299              		.cfi_startproc
 300              		@ args = 0, pretend = 0, frame = 0
 301              		@ frame_needed = 0, uses_anonymous_args = 0
 302              		@ link register save eliminated.
 363:Generated_Source\PSoC4/ENC_ISR.c ****     /* Get the state of the general interrupt. */
 364:Generated_Source\PSoC4/ENC_ISR.c ****     return ((*ENC_ISR_INTC_SET_EN & (uint32)ENC_ISR__INTC_MASK) != 0u) ? 1u:0u;
 303              		.loc 1 364 0
 304 0000 024B     		ldr	r3, .L25
 305 0002 1B68     		ldr	r3, [r3]
 306 0004 0120     		movs	r0, #1
 307 0006 1840     		ands	r0, r3
 365:Generated_Source\PSoC4/ENC_ISR.c **** }
 308              		.loc 1 365 0
 309              		@ sp needed
 310 0008 7047     		bx	lr
 311              	.L26:
 312 000a C046     		.align	2
 313              	.L25:
 314 000c 00E100E0 		.word	-536813312
 315              		.cfi_endproc
 316              	.LFE10:
 317              		.size	ENC_ISR_GetState, .-ENC_ISR_GetState
 318              		.section	.text.ENC_ISR_Disable,"ax",%progbits
ARM GAS  C:\Users\HELLOK~1\AppData\Local\Temp\cciw2CL3.s 			page 13


 319              		.align	2
 320              		.global	ENC_ISR_Disable
 321              		.code	16
 322              		.thumb_func
 323              		.type	ENC_ISR_Disable, %function
 324              	ENC_ISR_Disable:
 325              	.LFB11:
 366:Generated_Source\PSoC4/ENC_ISR.c **** 
 367:Generated_Source\PSoC4/ENC_ISR.c **** 
 368:Generated_Source\PSoC4/ENC_ISR.c **** /*******************************************************************************
 369:Generated_Source\PSoC4/ENC_ISR.c **** * Function Name: ENC_ISR_Disable
 370:Generated_Source\PSoC4/ENC_ISR.c **** ********************************************************************************
 371:Generated_Source\PSoC4/ENC_ISR.c **** *
 372:Generated_Source\PSoC4/ENC_ISR.c **** * Summary:
 373:Generated_Source\PSoC4/ENC_ISR.c **** *   Disables the Interrupt in the interrupt controller.
 374:Generated_Source\PSoC4/ENC_ISR.c **** *
 375:Generated_Source\PSoC4/ENC_ISR.c **** * Parameters:
 376:Generated_Source\PSoC4/ENC_ISR.c **** *   None
 377:Generated_Source\PSoC4/ENC_ISR.c **** *
 378:Generated_Source\PSoC4/ENC_ISR.c **** * Return:
 379:Generated_Source\PSoC4/ENC_ISR.c **** *   None
 380:Generated_Source\PSoC4/ENC_ISR.c **** *
 381:Generated_Source\PSoC4/ENC_ISR.c **** *******************************************************************************/
 382:Generated_Source\PSoC4/ENC_ISR.c **** void ENC_ISR_Disable(void)
 383:Generated_Source\PSoC4/ENC_ISR.c **** {
 326              		.loc 1 383 0
 327              		.cfi_startproc
 328              		@ args = 0, pretend = 0, frame = 0
 329              		@ frame_needed = 0, uses_anonymous_args = 0
 330              		@ link register save eliminated.
 384:Generated_Source\PSoC4/ENC_ISR.c ****     /* Disable the general interrupt. */
 385:Generated_Source\PSoC4/ENC_ISR.c ****     *ENC_ISR_INTC_CLR_EN = ENC_ISR__INTC_MASK;
 331              		.loc 1 385 0
 332 0000 0122     		movs	r2, #1
 333 0002 014B     		ldr	r3, .L28
 334 0004 1A60     		str	r2, [r3]
 386:Generated_Source\PSoC4/ENC_ISR.c **** }
 335              		.loc 1 386 0
 336              		@ sp needed
 337 0006 7047     		bx	lr
 338              	.L29:
 339              		.align	2
 340              	.L28:
 341 0008 80E100E0 		.word	-536813184
 342              		.cfi_endproc
 343              	.LFE11:
 344              		.size	ENC_ISR_Disable, .-ENC_ISR_Disable
 345              		.section	.text.ENC_ISR_Start,"ax",%progbits
 346              		.align	2
 347              		.global	ENC_ISR_Start
 348              		.code	16
 349              		.thumb_func
 350              		.type	ENC_ISR_Start, %function
 351              	ENC_ISR_Start:
 352              	.LFB1:
  60:Generated_Source\PSoC4/ENC_ISR.c ****     /* For all we know the interrupt is active. */
 353              		.loc 1 60 0
ARM GAS  C:\Users\HELLOK~1\AppData\Local\Temp\cciw2CL3.s 			page 14


 354              		.cfi_startproc
 355              		@ args = 0, pretend = 0, frame = 0
 356              		@ frame_needed = 0, uses_anonymous_args = 0
 357 0000 10B5     		push	{r4, lr}
 358              		.cfi_def_cfa_offset 8
 359              		.cfi_offset 4, -8
 360              		.cfi_offset 14, -4
  62:Generated_Source\PSoC4/ENC_ISR.c **** 
 361              		.loc 1 62 0
 362 0002 FFF7FEFF 		bl	ENC_ISR_Disable
 363              	.LVL15:
  65:Generated_Source\PSoC4/ENC_ISR.c **** 
 364              		.loc 1 65 0
 365 0006 0448     		ldr	r0, .L31
 366 0008 FFF7FEFF 		bl	ENC_ISR_SetVector
 367              	.LVL16:
  68:Generated_Source\PSoC4/ENC_ISR.c **** 
 368              		.loc 1 68 0
 369 000c 0320     		movs	r0, #3
 370 000e FFF7FEFF 		bl	ENC_ISR_SetPriority
 371              	.LVL17:
  71:Generated_Source\PSoC4/ENC_ISR.c **** }
 372              		.loc 1 71 0
 373 0012 FFF7FEFF 		bl	ENC_ISR_Enable
 374              	.LVL18:
  72:Generated_Source\PSoC4/ENC_ISR.c **** 
 375              		.loc 1 72 0
 376              		@ sp needed
 377 0016 10BD     		pop	{r4, pc}
 378              	.L32:
 379              		.align	2
 380              	.L31:
 381 0018 00000000 		.word	ENC_ISR_Interrupt
 382              		.cfi_endproc
 383              	.LFE1:
 384              		.size	ENC_ISR_Start, .-ENC_ISR_Start
 385              		.section	.text.ENC_ISR_StartEx,"ax",%progbits
 386              		.align	2
 387              		.global	ENC_ISR_StartEx
 388              		.code	16
 389              		.thumb_func
 390              		.type	ENC_ISR_StartEx, %function
 391              	ENC_ISR_StartEx:
 392              	.LFB2:
 103:Generated_Source\PSoC4/ENC_ISR.c ****     /* For all we know the interrupt is active. */
 393              		.loc 1 103 0
 394              		.cfi_startproc
 395              		@ args = 0, pretend = 0, frame = 0
 396              		@ frame_needed = 0, uses_anonymous_args = 0
 397              	.LVL19:
 398 0000 10B5     		push	{r4, lr}
 399              		.cfi_def_cfa_offset 8
 400              		.cfi_offset 4, -8
 401              		.cfi_offset 14, -4
 402 0002 0400     		movs	r4, r0
 105:Generated_Source\PSoC4/ENC_ISR.c **** 
 403              		.loc 1 105 0
ARM GAS  C:\Users\HELLOK~1\AppData\Local\Temp\cciw2CL3.s 			page 15


 404 0004 FFF7FEFF 		bl	ENC_ISR_Disable
 405              	.LVL20:
 108:Generated_Source\PSoC4/ENC_ISR.c **** 
 406              		.loc 1 108 0
 407 0008 2000     		movs	r0, r4
 408 000a FFF7FEFF 		bl	ENC_ISR_SetVector
 409              	.LVL21:
 111:Generated_Source\PSoC4/ENC_ISR.c **** 
 410              		.loc 1 111 0
 411 000e 0320     		movs	r0, #3
 412 0010 FFF7FEFF 		bl	ENC_ISR_SetPriority
 413              	.LVL22:
 114:Generated_Source\PSoC4/ENC_ISR.c **** }
 414              		.loc 1 114 0
 415 0014 FFF7FEFF 		bl	ENC_ISR_Enable
 416              	.LVL23:
 115:Generated_Source\PSoC4/ENC_ISR.c **** 
 417              		.loc 1 115 0
 418              		@ sp needed
 419              	.LVL24:
 420 0018 10BD     		pop	{r4, pc}
 421              		.cfi_endproc
 422              	.LFE2:
 423              		.size	ENC_ISR_StartEx, .-ENC_ISR_StartEx
 424 001a C046     		.section	.text.ENC_ISR_Stop,"ax",%progbits
 425              		.align	2
 426              		.global	ENC_ISR_Stop
 427              		.code	16
 428              		.thumb_func
 429              		.type	ENC_ISR_Stop, %function
 430              	ENC_ISR_Stop:
 431              	.LFB3:
 133:Generated_Source\PSoC4/ENC_ISR.c ****     /* Disable this interrupt. */
 432              		.loc 1 133 0
 433              		.cfi_startproc
 434              		@ args = 0, pretend = 0, frame = 0
 435              		@ frame_needed = 0, uses_anonymous_args = 0
 436 0000 10B5     		push	{r4, lr}
 437              		.cfi_def_cfa_offset 8
 438              		.cfi_offset 4, -8
 439              		.cfi_offset 14, -4
 135:Generated_Source\PSoC4/ENC_ISR.c **** 
 440              		.loc 1 135 0
 441 0002 FFF7FEFF 		bl	ENC_ISR_Disable
 442              	.LVL25:
 138:Generated_Source\PSoC4/ENC_ISR.c **** }
 443              		.loc 1 138 0
 444 0006 0248     		ldr	r0, .L35
 445 0008 FFF7FEFF 		bl	ENC_ISR_SetVector
 446              	.LVL26:
 139:Generated_Source\PSoC4/ENC_ISR.c **** 
 447              		.loc 1 139 0
 448              		@ sp needed
 449 000c 10BD     		pop	{r4, pc}
 450              	.L36:
 451 000e C046     		.align	2
 452              	.L35:
ARM GAS  C:\Users\HELLOK~1\AppData\Local\Temp\cciw2CL3.s 			page 16


 453 0010 00000000 		.word	IntDefaultHandler
 454              		.cfi_endproc
 455              	.LFE3:
 456              		.size	ENC_ISR_Stop, .-ENC_ISR_Stop
 457              		.section	.text.ENC_ISR_SetPending,"ax",%progbits
 458              		.align	2
 459              		.global	ENC_ISR_SetPending
 460              		.code	16
 461              		.thumb_func
 462              		.type	ENC_ISR_SetPending, %function
 463              	ENC_ISR_SetPending:
 464              	.LFB12:
 387:Generated_Source\PSoC4/ENC_ISR.c **** 
 388:Generated_Source\PSoC4/ENC_ISR.c **** 
 389:Generated_Source\PSoC4/ENC_ISR.c **** /*******************************************************************************
 390:Generated_Source\PSoC4/ENC_ISR.c **** * Function Name: ENC_ISR_SetPending
 391:Generated_Source\PSoC4/ENC_ISR.c **** ********************************************************************************
 392:Generated_Source\PSoC4/ENC_ISR.c **** *
 393:Generated_Source\PSoC4/ENC_ISR.c **** * Summary:
 394:Generated_Source\PSoC4/ENC_ISR.c **** *   Causes the Interrupt to enter the pending state, a software method of
 395:Generated_Source\PSoC4/ENC_ISR.c **** *   generating the interrupt.
 396:Generated_Source\PSoC4/ENC_ISR.c **** *
 397:Generated_Source\PSoC4/ENC_ISR.c **** * Parameters:
 398:Generated_Source\PSoC4/ENC_ISR.c **** *   None
 399:Generated_Source\PSoC4/ENC_ISR.c **** *
 400:Generated_Source\PSoC4/ENC_ISR.c **** * Return:
 401:Generated_Source\PSoC4/ENC_ISR.c **** *   None
 402:Generated_Source\PSoC4/ENC_ISR.c **** *
 403:Generated_Source\PSoC4/ENC_ISR.c **** * Side Effects:
 404:Generated_Source\PSoC4/ENC_ISR.c **** *   If interrupts are enabled and the interrupt is set up properly, the ISR is
 405:Generated_Source\PSoC4/ENC_ISR.c **** *   entered (depending on the priority of this interrupt and other pending 
 406:Generated_Source\PSoC4/ENC_ISR.c **** *   interrupts).
 407:Generated_Source\PSoC4/ENC_ISR.c **** *
 408:Generated_Source\PSoC4/ENC_ISR.c **** *******************************************************************************/
 409:Generated_Source\PSoC4/ENC_ISR.c **** void ENC_ISR_SetPending(void)
 410:Generated_Source\PSoC4/ENC_ISR.c **** {
 465              		.loc 1 410 0
 466              		.cfi_startproc
 467              		@ args = 0, pretend = 0, frame = 0
 468              		@ frame_needed = 0, uses_anonymous_args = 0
 469              		@ link register save eliminated.
 411:Generated_Source\PSoC4/ENC_ISR.c ****     *ENC_ISR_INTC_SET_PD = ENC_ISR__INTC_MASK;
 470              		.loc 1 411 0
 471 0000 0122     		movs	r2, #1
 472 0002 014B     		ldr	r3, .L38
 473 0004 1A60     		str	r2, [r3]
 412:Generated_Source\PSoC4/ENC_ISR.c **** }
 474              		.loc 1 412 0
 475              		@ sp needed
 476 0006 7047     		bx	lr
 477              	.L39:
 478              		.align	2
 479              	.L38:
 480 0008 00E200E0 		.word	-536813056
 481              		.cfi_endproc
 482              	.LFE12:
 483              		.size	ENC_ISR_SetPending, .-ENC_ISR_SetPending
ARM GAS  C:\Users\HELLOK~1\AppData\Local\Temp\cciw2CL3.s 			page 17


 484              		.section	.text.ENC_ISR_ClearPending,"ax",%progbits
 485              		.align	2
 486              		.global	ENC_ISR_ClearPending
 487              		.code	16
 488              		.thumb_func
 489              		.type	ENC_ISR_ClearPending, %function
 490              	ENC_ISR_ClearPending:
 491              	.LFB13:
 413:Generated_Source\PSoC4/ENC_ISR.c **** 
 414:Generated_Source\PSoC4/ENC_ISR.c **** 
 415:Generated_Source\PSoC4/ENC_ISR.c **** /*******************************************************************************
 416:Generated_Source\PSoC4/ENC_ISR.c **** * Function Name: ENC_ISR_ClearPending
 417:Generated_Source\PSoC4/ENC_ISR.c **** ********************************************************************************
 418:Generated_Source\PSoC4/ENC_ISR.c **** *
 419:Generated_Source\PSoC4/ENC_ISR.c **** * Summary:
 420:Generated_Source\PSoC4/ENC_ISR.c **** *   Clears a pending interrupt in the interrupt controller.
 421:Generated_Source\PSoC4/ENC_ISR.c **** *
 422:Generated_Source\PSoC4/ENC_ISR.c **** *   Note Some interrupt sources are clear-on-read and require the block 
 423:Generated_Source\PSoC4/ENC_ISR.c **** *   interrupt/status register to be read/cleared with the appropriate block API 
 424:Generated_Source\PSoC4/ENC_ISR.c **** *   (GPIO, UART, and so on). Otherwise the ISR will continue to remain in 
 425:Generated_Source\PSoC4/ENC_ISR.c **** *   pending state even though the interrupt itself is cleared using this API.
 426:Generated_Source\PSoC4/ENC_ISR.c **** *
 427:Generated_Source\PSoC4/ENC_ISR.c **** * Parameters:
 428:Generated_Source\PSoC4/ENC_ISR.c **** *   None
 429:Generated_Source\PSoC4/ENC_ISR.c **** *
 430:Generated_Source\PSoC4/ENC_ISR.c **** * Return:
 431:Generated_Source\PSoC4/ENC_ISR.c **** *   None
 432:Generated_Source\PSoC4/ENC_ISR.c **** *
 433:Generated_Source\PSoC4/ENC_ISR.c **** *******************************************************************************/
 434:Generated_Source\PSoC4/ENC_ISR.c **** void ENC_ISR_ClearPending(void)
 435:Generated_Source\PSoC4/ENC_ISR.c **** {
 492              		.loc 1 435 0
 493              		.cfi_startproc
 494              		@ args = 0, pretend = 0, frame = 0
 495              		@ frame_needed = 0, uses_anonymous_args = 0
 496              		@ link register save eliminated.
 436:Generated_Source\PSoC4/ENC_ISR.c ****     *ENC_ISR_INTC_CLR_PD = ENC_ISR__INTC_MASK;
 497              		.loc 1 436 0
 498 0000 0122     		movs	r2, #1
 499 0002 014B     		ldr	r3, .L41
 500 0004 1A60     		str	r2, [r3]
 437:Generated_Source\PSoC4/ENC_ISR.c **** }
 501              		.loc 1 437 0
 502              		@ sp needed
 503 0006 7047     		bx	lr
 504              	.L42:
 505              		.align	2
 506              	.L41:
 507 0008 80E200E0 		.word	-536812928
 508              		.cfi_endproc
 509              	.LFE13:
 510              		.size	ENC_ISR_ClearPending, .-ENC_ISR_ClearPending
 511              		.text
 512              	.Letext0:
 513              		.file 2 "Generated_Source\\PSoC4/cytypes.h"
 514              		.file 3 "Generated_Source\\PSoC4\\ENC.h"
 515              		.file 4 "Generated_Source\\PSoC4/CyLib.h"
ARM GAS  C:\Users\HELLOK~1\AppData\Local\Temp\cciw2CL3.s 			page 18


 516              		.section	.debug_info,"",%progbits
 517              	.Ldebug_info0:
 518 0000 9E030000 		.4byte	0x39e
 519 0004 0400     		.2byte	0x4
 520 0006 00000000 		.4byte	.Ldebug_abbrev0
 521 000a 04       		.byte	0x4
 522 000b 01       		.uleb128 0x1
 523 000c CC010000 		.4byte	.LASF41
 524 0010 0C       		.byte	0xc
 525 0011 E6020000 		.4byte	.LASF42
 526 0015 5A020000 		.4byte	.LASF43
 527 0019 00000000 		.4byte	.Ldebug_ranges0+0
 528 001d 00000000 		.4byte	0
 529 0021 00000000 		.4byte	.Ldebug_line0
 530 0025 02       		.uleb128 0x2
 531 0026 01       		.byte	0x1
 532 0027 06       		.byte	0x6
 533 0028 51030000 		.4byte	.LASF0
 534 002c 02       		.uleb128 0x2
 535 002d 01       		.byte	0x1
 536 002e 08       		.byte	0x8
 537 002f 7D000000 		.4byte	.LASF1
 538 0033 02       		.uleb128 0x2
 539 0034 02       		.byte	0x2
 540 0035 05       		.byte	0x5
 541 0036 1E010000 		.4byte	.LASF2
 542 003a 02       		.uleb128 0x2
 543 003b 02       		.byte	0x2
 544 003c 07       		.byte	0x7
 545 003d 3D000000 		.4byte	.LASF3
 546 0041 02       		.uleb128 0x2
 547 0042 04       		.byte	0x4
 548 0043 05       		.byte	0x5
 549 0044 3C030000 		.4byte	.LASF4
 550 0048 02       		.uleb128 0x2
 551 0049 04       		.byte	0x4
 552 004a 07       		.byte	0x7
 553 004b 9A000000 		.4byte	.LASF5
 554 004f 02       		.uleb128 0x2
 555 0050 08       		.byte	0x8
 556 0051 05       		.byte	0x5
 557 0052 D3020000 		.4byte	.LASF6
 558 0056 02       		.uleb128 0x2
 559 0057 08       		.byte	0x8
 560 0058 07       		.byte	0x7
 561 0059 66000000 		.4byte	.LASF7
 562 005d 03       		.uleb128 0x3
 563 005e 04       		.byte	0x4
 564 005f 05       		.byte	0x5
 565 0060 696E7400 		.ascii	"int\000"
 566 0064 02       		.uleb128 0x2
 567 0065 04       		.byte	0x4
 568 0066 07       		.byte	0x7
 569 0067 62010000 		.4byte	.LASF8
 570 006b 04       		.uleb128 0x4
 571 006c AC000000 		.4byte	.LASF9
 572 0070 02       		.byte	0x2
ARM GAS  C:\Users\HELLOK~1\AppData\Local\Temp\cciw2CL3.s 			page 19


 573 0071 E401     		.2byte	0x1e4
 574 0073 2C000000 		.4byte	0x2c
 575 0077 04       		.uleb128 0x4
 576 0078 44010000 		.4byte	.LASF10
 577 007c 02       		.byte	0x2
 578 007d E601     		.2byte	0x1e6
 579 007f 48000000 		.4byte	0x48
 580 0083 02       		.uleb128 0x2
 581 0084 04       		.byte	0x4
 582 0085 04       		.byte	0x4
 583 0086 60000000 		.4byte	.LASF11
 584 008a 02       		.uleb128 0x2
 585 008b 08       		.byte	0x8
 586 008c 04       		.byte	0x4
 587 008d F6000000 		.4byte	.LASF12
 588 0091 02       		.uleb128 0x2
 589 0092 01       		.byte	0x1
 590 0093 08       		.byte	0x8
 591 0094 E1020000 		.4byte	.LASF13
 592 0098 04       		.uleb128 0x4
 593 0099 12000000 		.4byte	.LASF14
 594 009d 02       		.byte	0x2
 595 009e 9002     		.2byte	0x290
 596 00a0 A4000000 		.4byte	0xa4
 597 00a4 05       		.uleb128 0x5
 598 00a5 77000000 		.4byte	0x77
 599 00a9 04       		.uleb128 0x4
 600 00aa BF010000 		.4byte	.LASF15
 601 00ae 02       		.byte	0x2
 602 00af A002     		.2byte	0x2a0
 603 00b1 B5000000 		.4byte	0xb5
 604 00b5 06       		.uleb128 0x6
 605 00b6 04       		.byte	0x4
 606 00b7 BB000000 		.4byte	0xbb
 607 00bb 07       		.uleb128 0x7
 608 00bc 02       		.uleb128 0x2
 609 00bd 08       		.byte	0x8
 610 00be 04       		.byte	0x4
 611 00bf 45030000 		.4byte	.LASF16
 612 00c3 02       		.uleb128 0x2
 613 00c4 04       		.byte	0x4
 614 00c5 07       		.byte	0x7
 615 00c6 BF020000 		.4byte	.LASF17
 616 00ca 08       		.uleb128 0x8
 617 00cb BF000000 		.4byte	.LASF18
 618 00cf 01       		.byte	0x1
 619 00d0 A2       		.byte	0xa2
 620 00d1 00000000 		.4byte	.LFB4
 621 00d5 8C000000 		.4byte	.LFE4-.LFB4
 622 00d9 01       		.uleb128 0x1
 623 00da 9C       		.byte	0x9c
 624 00db 43010000 		.4byte	0x143
 625 00df 09       		.uleb128 0x9
 626 00e0 6100     		.ascii	"a\000"
 627 00e2 01       		.byte	0x1
 628 00e3 AB       		.byte	0xab
 629 00e4 43010000 		.4byte	0x143
ARM GAS  C:\Users\HELLOK~1\AppData\Local\Temp\cciw2CL3.s 			page 20


 630 00e8 02       		.uleb128 0x2
 631 00e9 91       		.byte	0x91
 632 00ea 74       		.sleb128 -12
 633 00eb 09       		.uleb128 0x9
 634 00ec 6200     		.ascii	"b\000"
 635 00ee 01       		.byte	0x1
 636 00ef AE       		.byte	0xae
 637 00f0 43010000 		.4byte	0x143
 638 00f4 02       		.uleb128 0x2
 639 00f5 91       		.byte	0x91
 640 00f6 70       		.sleb128 -16
 641 00f7 09       		.uleb128 0x9
 642 00f8 6300     		.ascii	"c\000"
 643 00fa 01       		.byte	0x1
 644 00fb B1       		.byte	0xb1
 645 00fc 43010000 		.4byte	0x143
 646 0100 02       		.uleb128 0x2
 647 0101 91       		.byte	0x91
 648 0102 6C       		.sleb128 -20
 649 0103 0A       		.uleb128 0xa
 650 0104 08000000 		.4byte	.LVL0
 651 0108 75030000 		.4byte	0x375
 652 010c 0A       		.uleb128 0xa
 653 010d 0E000000 		.4byte	.LVL1
 654 0111 75030000 		.4byte	0x375
 655 0115 0A       		.uleb128 0xa
 656 0116 18000000 		.4byte	.LVL2
 657 011a 75030000 		.4byte	0x375
 658 011e 0A       		.uleb128 0xa
 659 011f 1E000000 		.4byte	.LVL3
 660 0123 75030000 		.4byte	0x375
 661 0127 0A       		.uleb128 0xa
 662 0128 28000000 		.4byte	.LVL4
 663 012c 75030000 		.4byte	0x375
 664 0130 0A       		.uleb128 0xa
 665 0131 2E000000 		.4byte	.LVL5
 666 0135 75030000 		.4byte	0x375
 667 0139 0A       		.uleb128 0xa
 668 013a 7E000000 		.4byte	.LVL6
 669 013e 80030000 		.4byte	0x380
 670 0142 00       		.byte	0
 671 0143 05       		.uleb128 0x5
 672 0144 5D000000 		.4byte	0x5d
 673 0148 08       		.uleb128 0x8
 674 0149 00000000 		.4byte	.LASF19
 675 014d 01       		.byte	0x1
 676 014e EB       		.byte	0xeb
 677 014f 00000000 		.4byte	.LFB5
 678 0153 0C000000 		.4byte	.LFE5-.LFB5
 679 0157 01       		.uleb128 0x1
 680 0158 9C       		.byte	0x9c
 681 0159 6B010000 		.4byte	0x16b
 682 015d 0B       		.uleb128 0xb
 683 015e 80010000 		.4byte	.LASF21
 684 0162 01       		.byte	0x1
 685 0163 EB       		.byte	0xeb
 686 0164 A9000000 		.4byte	0xa9
ARM GAS  C:\Users\HELLOK~1\AppData\Local\Temp\cciw2CL3.s 			page 21


 687 0168 01       		.uleb128 0x1
 688 0169 50       		.byte	0x50
 689 016a 00       		.byte	0
 690 016b 0C       		.uleb128 0xc
 691 016c 1B030000 		.4byte	.LASF25
 692 0170 01       		.byte	0x1
 693 0171 FF       		.byte	0xff
 694 0172 A9000000 		.4byte	0xa9
 695 0176 00000000 		.4byte	.LFB6
 696 017a 0C000000 		.4byte	.LFE6-.LFB6
 697 017e 01       		.uleb128 0x1
 698 017f 9C       		.byte	0x9c
 699 0180 0D       		.uleb128 0xd
 700 0181 9E010000 		.4byte	.LASF20
 701 0185 01       		.byte	0x1
 702 0186 1D01     		.2byte	0x11d
 703 0188 00000000 		.4byte	.LFB7
 704 018c 20000000 		.4byte	.LFE7-.LFB7
 705 0190 01       		.uleb128 0x1
 706 0191 9C       		.byte	0x9c
 707 0192 D6010000 		.4byte	0x1d6
 708 0196 0E       		.uleb128 0xe
 709 0197 28010000 		.4byte	.LASF22
 710 019b 01       		.byte	0x1
 711 019c 1D01     		.2byte	0x11d
 712 019e 6B000000 		.4byte	0x6b
 713 01a2 00000000 		.4byte	.LLST0
 714 01a6 0F       		.uleb128 0xf
 715 01a7 8B000000 		.4byte	.LASF23
 716 01ab 01       		.byte	0x1
 717 01ac 1F01     		.2byte	0x11f
 718 01ae 6B000000 		.4byte	0x6b
 719 01b2 21000000 		.4byte	.LLST1
 720 01b6 10       		.uleb128 0x10
 721 01b7 2D030000 		.4byte	.LASF24
 722 01bb 01       		.byte	0x1
 723 01bc 2001     		.2byte	0x120
 724 01be 77000000 		.4byte	0x77
 725 01c2 06       		.byte	0x6
 726 01c3 0A       		.uleb128 0xa
 727 01c4 08000000 		.4byte	.LVL10
 728 01c8 8B030000 		.4byte	0x38b
 729 01cc 0A       		.uleb128 0xa
 730 01cd 1A000000 		.4byte	.LVL11
 731 01d1 96030000 		.4byte	0x396
 732 01d5 00       		.byte	0
 733 01d6 11       		.uleb128 0x11
 734 01d7 07030000 		.4byte	.LASF44
 735 01db 01       		.byte	0x1
 736 01dc 3901     		.2byte	0x139
 737 01de 6B000000 		.4byte	0x6b
 738 01e2 00000000 		.4byte	.LFB8
 739 01e6 10000000 		.4byte	.LFE8-.LFB8
 740 01ea 01       		.uleb128 0x1
 741 01eb 9C       		.byte	0x9c
 742 01ec 0E020000 		.4byte	0x20e
 743 01f0 0F       		.uleb128 0xf
ARM GAS  C:\Users\HELLOK~1\AppData\Local\Temp\cciw2CL3.s 			page 22


 744 01f1 28010000 		.4byte	.LASF22
 745 01f5 01       		.byte	0x1
 746 01f6 3B01     		.2byte	0x13b
 747 01f8 77000000 		.4byte	0x77
 748 01fc 34000000 		.4byte	.LLST2
 749 0200 10       		.uleb128 0x10
 750 0201 2D030000 		.4byte	.LASF24
 751 0205 01       		.byte	0x1
 752 0206 3C01     		.2byte	0x13c
 753 0208 77000000 		.4byte	0x77
 754 020c 06       		.byte	0x6
 755 020d 00       		.byte	0
 756 020e 12       		.uleb128 0x12
 757 020f 18000000 		.4byte	.LASF27
 758 0213 01       		.byte	0x1
 759 0214 5401     		.2byte	0x154
 760 0216 00000000 		.4byte	.LFB9
 761 021a 0C000000 		.4byte	.LFE9-.LFB9
 762 021e 01       		.uleb128 0x1
 763 021f 9C       		.byte	0x9c
 764 0220 13       		.uleb128 0x13
 765 0221 6F010000 		.4byte	.LASF26
 766 0225 01       		.byte	0x1
 767 0226 6901     		.2byte	0x169
 768 0228 6B000000 		.4byte	0x6b
 769 022c 00000000 		.4byte	.LFB10
 770 0230 10000000 		.4byte	.LFE10-.LFB10
 771 0234 01       		.uleb128 0x1
 772 0235 9C       		.byte	0x9c
 773 0236 12       		.uleb128 0x12
 774 0237 E6000000 		.4byte	.LASF28
 775 023b 01       		.byte	0x1
 776 023c 7E01     		.2byte	0x17e
 777 023e 00000000 		.4byte	.LFB11
 778 0242 0C000000 		.4byte	.LFE11-.LFB11
 779 0246 01       		.uleb128 0x1
 780 0247 9C       		.byte	0x9c
 781 0248 08       		.uleb128 0x8
 782 0249 FD000000 		.4byte	.LASF29
 783 024d 01       		.byte	0x1
 784 024e 3B       		.byte	0x3b
 785 024f 00000000 		.4byte	.LFB1
 786 0253 1C000000 		.4byte	.LFE1-.LFB1
 787 0257 01       		.uleb128 0x1
 788 0258 9C       		.byte	0x9c
 789 0259 9A020000 		.4byte	0x29a
 790 025d 0A       		.uleb128 0xa
 791 025e 06000000 		.4byte	.LVL15
 792 0262 36020000 		.4byte	0x236
 793 0266 14       		.uleb128 0x14
 794 0267 0C000000 		.4byte	.LVL16
 795 026b 48010000 		.4byte	0x148
 796 026f 7D020000 		.4byte	0x27d
 797 0273 15       		.uleb128 0x15
 798 0274 01       		.uleb128 0x1
 799 0275 50       		.byte	0x50
 800 0276 05       		.uleb128 0x5
ARM GAS  C:\Users\HELLOK~1\AppData\Local\Temp\cciw2CL3.s 			page 23


 801 0277 03       		.byte	0x3
 802 0278 00000000 		.4byte	ENC_ISR_Interrupt
 803 027c 00       		.byte	0
 804 027d 14       		.uleb128 0x14
 805 027e 12000000 		.4byte	.LVL17
 806 0282 80010000 		.4byte	0x180
 807 0286 90020000 		.4byte	0x290
 808 028a 15       		.uleb128 0x15
 809 028b 01       		.uleb128 0x1
 810 028c 50       		.byte	0x50
 811 028d 01       		.uleb128 0x1
 812 028e 33       		.byte	0x33
 813 028f 00       		.byte	0
 814 0290 0A       		.uleb128 0xa
 815 0291 16000000 		.4byte	.LVL18
 816 0295 0E020000 		.4byte	0x20e
 817 0299 00       		.byte	0
 818 029a 08       		.uleb128 0x8
 819 029b 50000000 		.4byte	.LASF30
 820 029f 01       		.byte	0x1
 821 02a0 66       		.byte	0x66
 822 02a1 00000000 		.4byte	.LFB2
 823 02a5 1A000000 		.4byte	.LFE2-.LFB2
 824 02a9 01       		.uleb128 0x1
 825 02aa 9C       		.byte	0x9c
 826 02ab F8020000 		.4byte	0x2f8
 827 02af 16       		.uleb128 0x16
 828 02b0 80010000 		.4byte	.LASF21
 829 02b4 01       		.byte	0x1
 830 02b5 66       		.byte	0x66
 831 02b6 A9000000 		.4byte	0xa9
 832 02ba 56000000 		.4byte	.LLST3
 833 02be 0A       		.uleb128 0xa
 834 02bf 08000000 		.4byte	.LVL20
 835 02c3 36020000 		.4byte	0x236
 836 02c7 14       		.uleb128 0x14
 837 02c8 0E000000 		.4byte	.LVL21
 838 02cc 48010000 		.4byte	0x148
 839 02d0 DB020000 		.4byte	0x2db
 840 02d4 15       		.uleb128 0x15
 841 02d5 01       		.uleb128 0x1
 842 02d6 50       		.byte	0x50
 843 02d7 02       		.uleb128 0x2
 844 02d8 74       		.byte	0x74
 845 02d9 00       		.sleb128 0
 846 02da 00       		.byte	0
 847 02db 14       		.uleb128 0x14
 848 02dc 14000000 		.4byte	.LVL22
 849 02e0 80010000 		.4byte	0x180
 850 02e4 EE020000 		.4byte	0x2ee
 851 02e8 15       		.uleb128 0x15
 852 02e9 01       		.uleb128 0x1
 853 02ea 50       		.byte	0x50
 854 02eb 01       		.uleb128 0x1
 855 02ec 33       		.byte	0x33
 856 02ed 00       		.byte	0
 857 02ee 0A       		.uleb128 0xa
ARM GAS  C:\Users\HELLOK~1\AppData\Local\Temp\cciw2CL3.s 			page 24


 858 02ef 18000000 		.4byte	.LVL23
 859 02f3 0E020000 		.4byte	0x20e
 860 02f7 00       		.byte	0
 861 02f8 08       		.uleb128 0x8
 862 02f9 B2010000 		.4byte	.LASF31
 863 02fd 01       		.byte	0x1
 864 02fe 84       		.byte	0x84
 865 02ff 00000000 		.4byte	.LFB3
 866 0303 14000000 		.4byte	.LFE3-.LFB3
 867 0307 01       		.uleb128 0x1
 868 0308 9C       		.byte	0x9c
 869 0309 20030000 		.4byte	0x320
 870 030d 0A       		.uleb128 0xa
 871 030e 06000000 		.4byte	.LVL25
 872 0312 36020000 		.4byte	0x236
 873 0316 0A       		.uleb128 0xa
 874 0317 0C000000 		.4byte	.LVL26
 875 031b 48010000 		.4byte	0x148
 876 031f 00       		.byte	0
 877 0320 12       		.uleb128 0x12
 878 0321 31010000 		.4byte	.LASF32
 879 0325 01       		.byte	0x1
 880 0326 9901     		.2byte	0x199
 881 0328 00000000 		.4byte	.LFB12
 882 032c 0C000000 		.4byte	.LFE12-.LFB12
 883 0330 01       		.uleb128 0x1
 884 0331 9C       		.byte	0x9c
 885 0332 12       		.uleb128 0x12
 886 0333 D1000000 		.4byte	.LASF33
 887 0337 01       		.byte	0x1
 888 0338 B201     		.2byte	0x1b2
 889 033a 00000000 		.4byte	.LFB13
 890 033e 0C000000 		.4byte	.LFE13-.LFB13
 891 0342 01       		.uleb128 0x1
 892 0343 9C       		.byte	0x9c
 893 0344 17       		.uleb128 0x17
 894 0345 B2000000 		.4byte	.LASF34
 895 0349 01       		.byte	0x1
 896 034a 20       		.byte	0x20
 897 034b 43010000 		.4byte	0x143
 898 034f 17       		.uleb128 0x17
 899 0350 C8020000 		.4byte	.LASF35
 900 0354 01       		.byte	0x1
 901 0355 21       		.byte	0x21
 902 0356 43010000 		.4byte	0x143
 903 035a 18       		.uleb128 0x18
 904 035b A9000000 		.4byte	0xa9
 905 035f 6A030000 		.4byte	0x36a
 906 0363 19       		.uleb128 0x19
 907 0364 C3000000 		.4byte	0xc3
 908 0368 2F       		.byte	0x2f
 909 0369 00       		.byte	0
 910 036a 17       		.uleb128 0x17
 911 036b 27000000 		.4byte	.LASF36
 912 036f 01       		.byte	0x1
 913 0370 24       		.byte	0x24
 914 0371 5A030000 		.4byte	0x35a
ARM GAS  C:\Users\HELLOK~1\AppData\Local\Temp\cciw2CL3.s 			page 25


 915 0375 1A       		.uleb128 0x1a
 916 0376 34000000 		.4byte	.LASF37
 917 037a 34000000 		.4byte	.LASF37
 918 037e 03       		.byte	0x3
 919 037f 32       		.byte	0x32
 920 0380 1A       		.uleb128 0x1a
 921 0381 0B010000 		.4byte	.LASF38
 922 0385 0B010000 		.4byte	.LASF38
 923 0389 03       		.byte	0x3
 924 038a 39       		.byte	0x39
 925 038b 1A       		.uleb128 0x1a
 926 038c 4B010000 		.4byte	.LASF39
 927 0390 4B010000 		.4byte	.LASF39
 928 0394 04       		.byte	0x4
 929 0395 E5       		.byte	0xe5
 930 0396 1A       		.uleb128 0x1a
 931 0397 88010000 		.4byte	.LASF40
 932 039b 88010000 		.4byte	.LASF40
 933 039f 04       		.byte	0x4
 934 03a0 E6       		.byte	0xe6
 935 03a1 00       		.byte	0
 936              		.section	.debug_abbrev,"",%progbits
 937              	.Ldebug_abbrev0:
 938 0000 01       		.uleb128 0x1
 939 0001 11       		.uleb128 0x11
 940 0002 01       		.byte	0x1
 941 0003 25       		.uleb128 0x25
 942 0004 0E       		.uleb128 0xe
 943 0005 13       		.uleb128 0x13
 944 0006 0B       		.uleb128 0xb
 945 0007 03       		.uleb128 0x3
 946 0008 0E       		.uleb128 0xe
 947 0009 1B       		.uleb128 0x1b
 948 000a 0E       		.uleb128 0xe
 949 000b 55       		.uleb128 0x55
 950 000c 17       		.uleb128 0x17
 951 000d 11       		.uleb128 0x11
 952 000e 01       		.uleb128 0x1
 953 000f 10       		.uleb128 0x10
 954 0010 17       		.uleb128 0x17
 955 0011 00       		.byte	0
 956 0012 00       		.byte	0
 957 0013 02       		.uleb128 0x2
 958 0014 24       		.uleb128 0x24
 959 0015 00       		.byte	0
 960 0016 0B       		.uleb128 0xb
 961 0017 0B       		.uleb128 0xb
 962 0018 3E       		.uleb128 0x3e
 963 0019 0B       		.uleb128 0xb
 964 001a 03       		.uleb128 0x3
 965 001b 0E       		.uleb128 0xe
 966 001c 00       		.byte	0
 967 001d 00       		.byte	0
 968 001e 03       		.uleb128 0x3
 969 001f 24       		.uleb128 0x24
 970 0020 00       		.byte	0
 971 0021 0B       		.uleb128 0xb
ARM GAS  C:\Users\HELLOK~1\AppData\Local\Temp\cciw2CL3.s 			page 26


 972 0022 0B       		.uleb128 0xb
 973 0023 3E       		.uleb128 0x3e
 974 0024 0B       		.uleb128 0xb
 975 0025 03       		.uleb128 0x3
 976 0026 08       		.uleb128 0x8
 977 0027 00       		.byte	0
 978 0028 00       		.byte	0
 979 0029 04       		.uleb128 0x4
 980 002a 16       		.uleb128 0x16
 981 002b 00       		.byte	0
 982 002c 03       		.uleb128 0x3
 983 002d 0E       		.uleb128 0xe
 984 002e 3A       		.uleb128 0x3a
 985 002f 0B       		.uleb128 0xb
 986 0030 3B       		.uleb128 0x3b
 987 0031 05       		.uleb128 0x5
 988 0032 49       		.uleb128 0x49
 989 0033 13       		.uleb128 0x13
 990 0034 00       		.byte	0
 991 0035 00       		.byte	0
 992 0036 05       		.uleb128 0x5
 993 0037 35       		.uleb128 0x35
 994 0038 00       		.byte	0
 995 0039 49       		.uleb128 0x49
 996 003a 13       		.uleb128 0x13
 997 003b 00       		.byte	0
 998 003c 00       		.byte	0
 999 003d 06       		.uleb128 0x6
 1000 003e 0F       		.uleb128 0xf
 1001 003f 00       		.byte	0
 1002 0040 0B       		.uleb128 0xb
 1003 0041 0B       		.uleb128 0xb
 1004 0042 49       		.uleb128 0x49
 1005 0043 13       		.uleb128 0x13
 1006 0044 00       		.byte	0
 1007 0045 00       		.byte	0
 1008 0046 07       		.uleb128 0x7
 1009 0047 15       		.uleb128 0x15
 1010 0048 00       		.byte	0
 1011 0049 27       		.uleb128 0x27
 1012 004a 19       		.uleb128 0x19
 1013 004b 00       		.byte	0
 1014 004c 00       		.byte	0
 1015 004d 08       		.uleb128 0x8
 1016 004e 2E       		.uleb128 0x2e
 1017 004f 01       		.byte	0x1
 1018 0050 3F       		.uleb128 0x3f
 1019 0051 19       		.uleb128 0x19
 1020 0052 03       		.uleb128 0x3
 1021 0053 0E       		.uleb128 0xe
 1022 0054 3A       		.uleb128 0x3a
 1023 0055 0B       		.uleb128 0xb
 1024 0056 3B       		.uleb128 0x3b
 1025 0057 0B       		.uleb128 0xb
 1026 0058 27       		.uleb128 0x27
 1027 0059 19       		.uleb128 0x19
 1028 005a 11       		.uleb128 0x11
ARM GAS  C:\Users\HELLOK~1\AppData\Local\Temp\cciw2CL3.s 			page 27


 1029 005b 01       		.uleb128 0x1
 1030 005c 12       		.uleb128 0x12
 1031 005d 06       		.uleb128 0x6
 1032 005e 40       		.uleb128 0x40
 1033 005f 18       		.uleb128 0x18
 1034 0060 9742     		.uleb128 0x2117
 1035 0062 19       		.uleb128 0x19
 1036 0063 01       		.uleb128 0x1
 1037 0064 13       		.uleb128 0x13
 1038 0065 00       		.byte	0
 1039 0066 00       		.byte	0
 1040 0067 09       		.uleb128 0x9
 1041 0068 34       		.uleb128 0x34
 1042 0069 00       		.byte	0
 1043 006a 03       		.uleb128 0x3
 1044 006b 08       		.uleb128 0x8
 1045 006c 3A       		.uleb128 0x3a
 1046 006d 0B       		.uleb128 0xb
 1047 006e 3B       		.uleb128 0x3b
 1048 006f 0B       		.uleb128 0xb
 1049 0070 49       		.uleb128 0x49
 1050 0071 13       		.uleb128 0x13
 1051 0072 02       		.uleb128 0x2
 1052 0073 18       		.uleb128 0x18
 1053 0074 00       		.byte	0
 1054 0075 00       		.byte	0
 1055 0076 0A       		.uleb128 0xa
 1056 0077 898201   		.uleb128 0x4109
 1057 007a 00       		.byte	0
 1058 007b 11       		.uleb128 0x11
 1059 007c 01       		.uleb128 0x1
 1060 007d 31       		.uleb128 0x31
 1061 007e 13       		.uleb128 0x13
 1062 007f 00       		.byte	0
 1063 0080 00       		.byte	0
 1064 0081 0B       		.uleb128 0xb
 1065 0082 05       		.uleb128 0x5
 1066 0083 00       		.byte	0
 1067 0084 03       		.uleb128 0x3
 1068 0085 0E       		.uleb128 0xe
 1069 0086 3A       		.uleb128 0x3a
 1070 0087 0B       		.uleb128 0xb
 1071 0088 3B       		.uleb128 0x3b
 1072 0089 0B       		.uleb128 0xb
 1073 008a 49       		.uleb128 0x49
 1074 008b 13       		.uleb128 0x13
 1075 008c 02       		.uleb128 0x2
 1076 008d 18       		.uleb128 0x18
 1077 008e 00       		.byte	0
 1078 008f 00       		.byte	0
 1079 0090 0C       		.uleb128 0xc
 1080 0091 2E       		.uleb128 0x2e
 1081 0092 00       		.byte	0
 1082 0093 3F       		.uleb128 0x3f
 1083 0094 19       		.uleb128 0x19
 1084 0095 03       		.uleb128 0x3
 1085 0096 0E       		.uleb128 0xe
ARM GAS  C:\Users\HELLOK~1\AppData\Local\Temp\cciw2CL3.s 			page 28


 1086 0097 3A       		.uleb128 0x3a
 1087 0098 0B       		.uleb128 0xb
 1088 0099 3B       		.uleb128 0x3b
 1089 009a 0B       		.uleb128 0xb
 1090 009b 27       		.uleb128 0x27
 1091 009c 19       		.uleb128 0x19
 1092 009d 49       		.uleb128 0x49
 1093 009e 13       		.uleb128 0x13
 1094 009f 11       		.uleb128 0x11
 1095 00a0 01       		.uleb128 0x1
 1096 00a1 12       		.uleb128 0x12
 1097 00a2 06       		.uleb128 0x6
 1098 00a3 40       		.uleb128 0x40
 1099 00a4 18       		.uleb128 0x18
 1100 00a5 9742     		.uleb128 0x2117
 1101 00a7 19       		.uleb128 0x19
 1102 00a8 00       		.byte	0
 1103 00a9 00       		.byte	0
 1104 00aa 0D       		.uleb128 0xd
 1105 00ab 2E       		.uleb128 0x2e
 1106 00ac 01       		.byte	0x1
 1107 00ad 3F       		.uleb128 0x3f
 1108 00ae 19       		.uleb128 0x19
 1109 00af 03       		.uleb128 0x3
 1110 00b0 0E       		.uleb128 0xe
 1111 00b1 3A       		.uleb128 0x3a
 1112 00b2 0B       		.uleb128 0xb
 1113 00b3 3B       		.uleb128 0x3b
 1114 00b4 05       		.uleb128 0x5
 1115 00b5 27       		.uleb128 0x27
 1116 00b6 19       		.uleb128 0x19
 1117 00b7 11       		.uleb128 0x11
 1118 00b8 01       		.uleb128 0x1
 1119 00b9 12       		.uleb128 0x12
 1120 00ba 06       		.uleb128 0x6
 1121 00bb 40       		.uleb128 0x40
 1122 00bc 18       		.uleb128 0x18
 1123 00bd 9742     		.uleb128 0x2117
 1124 00bf 19       		.uleb128 0x19
 1125 00c0 01       		.uleb128 0x1
 1126 00c1 13       		.uleb128 0x13
 1127 00c2 00       		.byte	0
 1128 00c3 00       		.byte	0
 1129 00c4 0E       		.uleb128 0xe
 1130 00c5 05       		.uleb128 0x5
 1131 00c6 00       		.byte	0
 1132 00c7 03       		.uleb128 0x3
 1133 00c8 0E       		.uleb128 0xe
 1134 00c9 3A       		.uleb128 0x3a
 1135 00ca 0B       		.uleb128 0xb
 1136 00cb 3B       		.uleb128 0x3b
 1137 00cc 05       		.uleb128 0x5
 1138 00cd 49       		.uleb128 0x49
 1139 00ce 13       		.uleb128 0x13
 1140 00cf 02       		.uleb128 0x2
 1141 00d0 17       		.uleb128 0x17
 1142 00d1 00       		.byte	0
ARM GAS  C:\Users\HELLOK~1\AppData\Local\Temp\cciw2CL3.s 			page 29


 1143 00d2 00       		.byte	0
 1144 00d3 0F       		.uleb128 0xf
 1145 00d4 34       		.uleb128 0x34
 1146 00d5 00       		.byte	0
 1147 00d6 03       		.uleb128 0x3
 1148 00d7 0E       		.uleb128 0xe
 1149 00d8 3A       		.uleb128 0x3a
 1150 00d9 0B       		.uleb128 0xb
 1151 00da 3B       		.uleb128 0x3b
 1152 00db 05       		.uleb128 0x5
 1153 00dc 49       		.uleb128 0x49
 1154 00dd 13       		.uleb128 0x13
 1155 00de 02       		.uleb128 0x2
 1156 00df 17       		.uleb128 0x17
 1157 00e0 00       		.byte	0
 1158 00e1 00       		.byte	0
 1159 00e2 10       		.uleb128 0x10
 1160 00e3 34       		.uleb128 0x34
 1161 00e4 00       		.byte	0
 1162 00e5 03       		.uleb128 0x3
 1163 00e6 0E       		.uleb128 0xe
 1164 00e7 3A       		.uleb128 0x3a
 1165 00e8 0B       		.uleb128 0xb
 1166 00e9 3B       		.uleb128 0x3b
 1167 00ea 05       		.uleb128 0x5
 1168 00eb 49       		.uleb128 0x49
 1169 00ec 13       		.uleb128 0x13
 1170 00ed 1C       		.uleb128 0x1c
 1171 00ee 0B       		.uleb128 0xb
 1172 00ef 00       		.byte	0
 1173 00f0 00       		.byte	0
 1174 00f1 11       		.uleb128 0x11
 1175 00f2 2E       		.uleb128 0x2e
 1176 00f3 01       		.byte	0x1
 1177 00f4 3F       		.uleb128 0x3f
 1178 00f5 19       		.uleb128 0x19
 1179 00f6 03       		.uleb128 0x3
 1180 00f7 0E       		.uleb128 0xe
 1181 00f8 3A       		.uleb128 0x3a
 1182 00f9 0B       		.uleb128 0xb
 1183 00fa 3B       		.uleb128 0x3b
 1184 00fb 05       		.uleb128 0x5
 1185 00fc 27       		.uleb128 0x27
 1186 00fd 19       		.uleb128 0x19
 1187 00fe 49       		.uleb128 0x49
 1188 00ff 13       		.uleb128 0x13
 1189 0100 11       		.uleb128 0x11
 1190 0101 01       		.uleb128 0x1
 1191 0102 12       		.uleb128 0x12
 1192 0103 06       		.uleb128 0x6
 1193 0104 40       		.uleb128 0x40
 1194 0105 18       		.uleb128 0x18
 1195 0106 9742     		.uleb128 0x2117
 1196 0108 19       		.uleb128 0x19
 1197 0109 01       		.uleb128 0x1
 1198 010a 13       		.uleb128 0x13
 1199 010b 00       		.byte	0
ARM GAS  C:\Users\HELLOK~1\AppData\Local\Temp\cciw2CL3.s 			page 30


 1200 010c 00       		.byte	0
 1201 010d 12       		.uleb128 0x12
 1202 010e 2E       		.uleb128 0x2e
 1203 010f 00       		.byte	0
 1204 0110 3F       		.uleb128 0x3f
 1205 0111 19       		.uleb128 0x19
 1206 0112 03       		.uleb128 0x3
 1207 0113 0E       		.uleb128 0xe
 1208 0114 3A       		.uleb128 0x3a
 1209 0115 0B       		.uleb128 0xb
 1210 0116 3B       		.uleb128 0x3b
 1211 0117 05       		.uleb128 0x5
 1212 0118 27       		.uleb128 0x27
 1213 0119 19       		.uleb128 0x19
 1214 011a 11       		.uleb128 0x11
 1215 011b 01       		.uleb128 0x1
 1216 011c 12       		.uleb128 0x12
 1217 011d 06       		.uleb128 0x6
 1218 011e 40       		.uleb128 0x40
 1219 011f 18       		.uleb128 0x18
 1220 0120 9742     		.uleb128 0x2117
 1221 0122 19       		.uleb128 0x19
 1222 0123 00       		.byte	0
 1223 0124 00       		.byte	0
 1224 0125 13       		.uleb128 0x13
 1225 0126 2E       		.uleb128 0x2e
 1226 0127 00       		.byte	0
 1227 0128 3F       		.uleb128 0x3f
 1228 0129 19       		.uleb128 0x19
 1229 012a 03       		.uleb128 0x3
 1230 012b 0E       		.uleb128 0xe
 1231 012c 3A       		.uleb128 0x3a
 1232 012d 0B       		.uleb128 0xb
 1233 012e 3B       		.uleb128 0x3b
 1234 012f 05       		.uleb128 0x5
 1235 0130 27       		.uleb128 0x27
 1236 0131 19       		.uleb128 0x19
 1237 0132 49       		.uleb128 0x49
 1238 0133 13       		.uleb128 0x13
 1239 0134 11       		.uleb128 0x11
 1240 0135 01       		.uleb128 0x1
 1241 0136 12       		.uleb128 0x12
 1242 0137 06       		.uleb128 0x6
 1243 0138 40       		.uleb128 0x40
 1244 0139 18       		.uleb128 0x18
 1245 013a 9742     		.uleb128 0x2117
 1246 013c 19       		.uleb128 0x19
 1247 013d 00       		.byte	0
 1248 013e 00       		.byte	0
 1249 013f 14       		.uleb128 0x14
 1250 0140 898201   		.uleb128 0x4109
 1251 0143 01       		.byte	0x1
 1252 0144 11       		.uleb128 0x11
 1253 0145 01       		.uleb128 0x1
 1254 0146 31       		.uleb128 0x31
 1255 0147 13       		.uleb128 0x13
 1256 0148 01       		.uleb128 0x1
ARM GAS  C:\Users\HELLOK~1\AppData\Local\Temp\cciw2CL3.s 			page 31


 1257 0149 13       		.uleb128 0x13
 1258 014a 00       		.byte	0
 1259 014b 00       		.byte	0
 1260 014c 15       		.uleb128 0x15
 1261 014d 8A8201   		.uleb128 0x410a
 1262 0150 00       		.byte	0
 1263 0151 02       		.uleb128 0x2
 1264 0152 18       		.uleb128 0x18
 1265 0153 9142     		.uleb128 0x2111
 1266 0155 18       		.uleb128 0x18
 1267 0156 00       		.byte	0
 1268 0157 00       		.byte	0
 1269 0158 16       		.uleb128 0x16
 1270 0159 05       		.uleb128 0x5
 1271 015a 00       		.byte	0
 1272 015b 03       		.uleb128 0x3
 1273 015c 0E       		.uleb128 0xe
 1274 015d 3A       		.uleb128 0x3a
 1275 015e 0B       		.uleb128 0xb
 1276 015f 3B       		.uleb128 0x3b
 1277 0160 0B       		.uleb128 0xb
 1278 0161 49       		.uleb128 0x49
 1279 0162 13       		.uleb128 0x13
 1280 0163 02       		.uleb128 0x2
 1281 0164 17       		.uleb128 0x17
 1282 0165 00       		.byte	0
 1283 0166 00       		.byte	0
 1284 0167 17       		.uleb128 0x17
 1285 0168 34       		.uleb128 0x34
 1286 0169 00       		.byte	0
 1287 016a 03       		.uleb128 0x3
 1288 016b 0E       		.uleb128 0xe
 1289 016c 3A       		.uleb128 0x3a
 1290 016d 0B       		.uleb128 0xb
 1291 016e 3B       		.uleb128 0x3b
 1292 016f 0B       		.uleb128 0xb
 1293 0170 49       		.uleb128 0x49
 1294 0171 13       		.uleb128 0x13
 1295 0172 3F       		.uleb128 0x3f
 1296 0173 19       		.uleb128 0x19
 1297 0174 3C       		.uleb128 0x3c
 1298 0175 19       		.uleb128 0x19
 1299 0176 00       		.byte	0
 1300 0177 00       		.byte	0
 1301 0178 18       		.uleb128 0x18
 1302 0179 01       		.uleb128 0x1
 1303 017a 01       		.byte	0x1
 1304 017b 49       		.uleb128 0x49
 1305 017c 13       		.uleb128 0x13
 1306 017d 01       		.uleb128 0x1
 1307 017e 13       		.uleb128 0x13
 1308 017f 00       		.byte	0
 1309 0180 00       		.byte	0
 1310 0181 19       		.uleb128 0x19
 1311 0182 21       		.uleb128 0x21
 1312 0183 00       		.byte	0
 1313 0184 49       		.uleb128 0x49
ARM GAS  C:\Users\HELLOK~1\AppData\Local\Temp\cciw2CL3.s 			page 32


 1314 0185 13       		.uleb128 0x13
 1315 0186 2F       		.uleb128 0x2f
 1316 0187 0B       		.uleb128 0xb
 1317 0188 00       		.byte	0
 1318 0189 00       		.byte	0
 1319 018a 1A       		.uleb128 0x1a
 1320 018b 2E       		.uleb128 0x2e
 1321 018c 00       		.byte	0
 1322 018d 3F       		.uleb128 0x3f
 1323 018e 19       		.uleb128 0x19
 1324 018f 3C       		.uleb128 0x3c
 1325 0190 19       		.uleb128 0x19
 1326 0191 6E       		.uleb128 0x6e
 1327 0192 0E       		.uleb128 0xe
 1328 0193 03       		.uleb128 0x3
 1329 0194 0E       		.uleb128 0xe
 1330 0195 3A       		.uleb128 0x3a
 1331 0196 0B       		.uleb128 0xb
 1332 0197 3B       		.uleb128 0x3b
 1333 0198 0B       		.uleb128 0xb
 1334 0199 00       		.byte	0
 1335 019a 00       		.byte	0
 1336 019b 00       		.byte	0
 1337              		.section	.debug_loc,"",%progbits
 1338              	.Ldebug_loc0:
 1339              	.LLST0:
 1340 0000 00000000 		.4byte	.LVL8
 1341 0004 07000000 		.4byte	.LVL10-1
 1342 0008 0100     		.2byte	0x1
 1343 000a 50       		.byte	0x50
 1344 000b 07000000 		.4byte	.LVL10-1
 1345 000f 20000000 		.4byte	.LFE7
 1346 0013 0400     		.2byte	0x4
 1347 0015 F3       		.byte	0xf3
 1348 0016 01       		.uleb128 0x1
 1349 0017 50       		.byte	0x50
 1350 0018 9F       		.byte	0x9f
 1351 0019 00000000 		.4byte	0
 1352 001d 00000000 		.4byte	0
 1353              	.LLST1:
 1354 0021 08000000 		.4byte	.LVL10
 1355 0025 19000000 		.4byte	.LVL11-1
 1356 0029 0100     		.2byte	0x1
 1357 002b 50       		.byte	0x50
 1358 002c 00000000 		.4byte	0
 1359 0030 00000000 		.4byte	0
 1360              	.LLST2:
 1361 0034 06000000 		.4byte	.LVL13
 1362 0038 0A000000 		.4byte	.LVL14
 1363 003c 0500     		.2byte	0x5
 1364 003e 70       		.byte	0x70
 1365 003f 00       		.sleb128 0
 1366 0040 33       		.byte	0x33
 1367 0041 1A       		.byte	0x1a
 1368 0042 9F       		.byte	0x9f
 1369 0043 0A000000 		.4byte	.LVL14
 1370 0047 10000000 		.4byte	.LFE8
ARM GAS  C:\Users\HELLOK~1\AppData\Local\Temp\cciw2CL3.s 			page 33


 1371 004b 0100     		.2byte	0x1
 1372 004d 50       		.byte	0x50
 1373 004e 00000000 		.4byte	0
 1374 0052 00000000 		.4byte	0
 1375              	.LLST3:
 1376 0056 00000000 		.4byte	.LVL19
 1377 005a 07000000 		.4byte	.LVL20-1
 1378 005e 0100     		.2byte	0x1
 1379 0060 50       		.byte	0x50
 1380 0061 07000000 		.4byte	.LVL20-1
 1381 0065 18000000 		.4byte	.LVL24
 1382 0069 0100     		.2byte	0x1
 1383 006b 54       		.byte	0x54
 1384 006c 18000000 		.4byte	.LVL24
 1385 0070 1A000000 		.4byte	.LFE2
 1386 0074 0400     		.2byte	0x4
 1387 0076 F3       		.byte	0xf3
 1388 0077 01       		.uleb128 0x1
 1389 0078 50       		.byte	0x50
 1390 0079 9F       		.byte	0x9f
 1391 007a 00000000 		.4byte	0
 1392 007e 00000000 		.4byte	0
 1393              		.section	.debug_aranges,"",%progbits
 1394 0000 7C000000 		.4byte	0x7c
 1395 0004 0200     		.2byte	0x2
 1396 0006 00000000 		.4byte	.Ldebug_info0
 1397 000a 04       		.byte	0x4
 1398 000b 00       		.byte	0
 1399 000c 0000     		.2byte	0
 1400 000e 0000     		.2byte	0
 1401 0010 00000000 		.4byte	.LFB4
 1402 0014 8C000000 		.4byte	.LFE4-.LFB4
 1403 0018 00000000 		.4byte	.LFB5
 1404 001c 0C000000 		.4byte	.LFE5-.LFB5
 1405 0020 00000000 		.4byte	.LFB6
 1406 0024 0C000000 		.4byte	.LFE6-.LFB6
 1407 0028 00000000 		.4byte	.LFB7
 1408 002c 20000000 		.4byte	.LFE7-.LFB7
 1409 0030 00000000 		.4byte	.LFB8
 1410 0034 10000000 		.4byte	.LFE8-.LFB8
 1411 0038 00000000 		.4byte	.LFB9
 1412 003c 0C000000 		.4byte	.LFE9-.LFB9
 1413 0040 00000000 		.4byte	.LFB10
 1414 0044 10000000 		.4byte	.LFE10-.LFB10
 1415 0048 00000000 		.4byte	.LFB11
 1416 004c 0C000000 		.4byte	.LFE11-.LFB11
 1417 0050 00000000 		.4byte	.LFB1
 1418 0054 1C000000 		.4byte	.LFE1-.LFB1
 1419 0058 00000000 		.4byte	.LFB2
 1420 005c 1A000000 		.4byte	.LFE2-.LFB2
 1421 0060 00000000 		.4byte	.LFB3
 1422 0064 14000000 		.4byte	.LFE3-.LFB3
 1423 0068 00000000 		.4byte	.LFB12
 1424 006c 0C000000 		.4byte	.LFE12-.LFB12
 1425 0070 00000000 		.4byte	.LFB13
 1426 0074 0C000000 		.4byte	.LFE13-.LFB13
 1427 0078 00000000 		.4byte	0
ARM GAS  C:\Users\HELLOK~1\AppData\Local\Temp\cciw2CL3.s 			page 34


 1428 007c 00000000 		.4byte	0
 1429              		.section	.debug_ranges,"",%progbits
 1430              	.Ldebug_ranges0:
 1431 0000 00000000 		.4byte	.LFB4
 1432 0004 8C000000 		.4byte	.LFE4
 1433 0008 00000000 		.4byte	.LFB5
 1434 000c 0C000000 		.4byte	.LFE5
 1435 0010 00000000 		.4byte	.LFB6
 1436 0014 0C000000 		.4byte	.LFE6
 1437 0018 00000000 		.4byte	.LFB7
 1438 001c 20000000 		.4byte	.LFE7
 1439 0020 00000000 		.4byte	.LFB8
 1440 0024 10000000 		.4byte	.LFE8
 1441 0028 00000000 		.4byte	.LFB9
 1442 002c 0C000000 		.4byte	.LFE9
 1443 0030 00000000 		.4byte	.LFB10
 1444 0034 10000000 		.4byte	.LFE10
 1445 0038 00000000 		.4byte	.LFB11
 1446 003c 0C000000 		.4byte	.LFE11
 1447 0040 00000000 		.4byte	.LFB1
 1448 0044 1C000000 		.4byte	.LFE1
 1449 0048 00000000 		.4byte	.LFB2
 1450 004c 1A000000 		.4byte	.LFE2
 1451 0050 00000000 		.4byte	.LFB3
 1452 0054 14000000 		.4byte	.LFE3
 1453 0058 00000000 		.4byte	.LFB12
 1454 005c 0C000000 		.4byte	.LFE12
 1455 0060 00000000 		.4byte	.LFB13
 1456 0064 0C000000 		.4byte	.LFE13
 1457 0068 00000000 		.4byte	0
 1458 006c 00000000 		.4byte	0
 1459              		.section	.debug_line,"",%progbits
 1460              	.Ldebug_line0:
 1461 0000 7B010000 		.section	.debug_str,"MS",%progbits,1
 1461      02005800 
 1461      00000201 
 1461      FB0E0D00 
 1461      01010101 
 1462              	.LASF19:
 1463 0000 454E435F 		.ascii	"ENC_ISR_SetVector\000"
 1463      4953525F 
 1463      53657456 
 1463      6563746F 
 1463      7200
 1464              	.LASF14:
 1465 0012 72656733 		.ascii	"reg32\000"
 1465      3200
 1466              	.LASF27:
 1467 0018 454E435F 		.ascii	"ENC_ISR_Enable\000"
 1467      4953525F 
 1467      456E6162 
 1467      6C6500
 1468              	.LASF36:
 1469 0027 43795261 		.ascii	"CyRamVectors\000"
 1469      6D566563 
 1469      746F7273 
 1469      00
ARM GAS  C:\Users\HELLOK~1\AppData\Local\Temp\cciw2CL3.s 			page 35


 1470              	.LASF37:
 1471 0034 454E435F 		.ascii	"ENC_Read\000"
 1471      52656164 
 1471      00
 1472              	.LASF3:
 1473 003d 73686F72 		.ascii	"short unsigned int\000"
 1473      7420756E 
 1473      7369676E 
 1473      65642069 
 1473      6E7400
 1474              	.LASF30:
 1475 0050 454E435F 		.ascii	"ENC_ISR_StartEx\000"
 1475      4953525F 
 1475      53746172 
 1475      74457800 
 1476              	.LASF11:
 1477 0060 666C6F61 		.ascii	"float\000"
 1477      7400
 1478              	.LASF7:
 1479 0066 6C6F6E67 		.ascii	"long long unsigned int\000"
 1479      206C6F6E 
 1479      6720756E 
 1479      7369676E 
 1479      65642069 
 1480              	.LASF1:
 1481 007d 756E7369 		.ascii	"unsigned char\000"
 1481      676E6564 
 1481      20636861 
 1481      7200
 1482              	.LASF23:
 1483 008b 696E7465 		.ascii	"interruptState\000"
 1483      72727570 
 1483      74537461 
 1483      746500
 1484              	.LASF5:
 1485 009a 6C6F6E67 		.ascii	"long unsigned int\000"
 1485      20756E73 
 1485      69676E65 
 1485      6420696E 
 1485      7400
 1486              	.LASF9:
 1487 00ac 75696E74 		.ascii	"uint8\000"
 1487      3800
 1488              	.LASF34:
 1489 00b2 656E636F 		.ascii	"encoderAsync\000"
 1489      64657241 
 1489      73796E63 
 1489      00
 1490              	.LASF18:
 1491 00bf 454E435F 		.ascii	"ENC_ISR_Interrupt\000"
 1491      4953525F 
 1491      496E7465 
 1491      72727570 
 1491      7400
 1492              	.LASF33:
 1493 00d1 454E435F 		.ascii	"ENC_ISR_ClearPending\000"
 1493      4953525F 
ARM GAS  C:\Users\HELLOK~1\AppData\Local\Temp\cciw2CL3.s 			page 36


 1493      436C6561 
 1493      7250656E 
 1493      64696E67 
 1494              	.LASF28:
 1495 00e6 454E435F 		.ascii	"ENC_ISR_Disable\000"
 1495      4953525F 
 1495      44697361 
 1495      626C6500 
 1496              	.LASF12:
 1497 00f6 646F7562 		.ascii	"double\000"
 1497      6C6500
 1498              	.LASF29:
 1499 00fd 454E435F 		.ascii	"ENC_ISR_Start\000"
 1499      4953525F 
 1499      53746172 
 1499      7400
 1500              	.LASF38:
 1501 010b 454E435F 		.ascii	"ENC_ClearInterrupt\000"
 1501      436C6561 
 1501      72496E74 
 1501      65727275 
 1501      707400
 1502              	.LASF2:
 1503 011e 73686F72 		.ascii	"short int\000"
 1503      7420696E 
 1503      7400
 1504              	.LASF22:
 1505 0128 7072696F 		.ascii	"priority\000"
 1505      72697479 
 1505      00
 1506              	.LASF32:
 1507 0131 454E435F 		.ascii	"ENC_ISR_SetPending\000"
 1507      4953525F 
 1507      53657450 
 1507      656E6469 
 1507      6E6700
 1508              	.LASF10:
 1509 0144 75696E74 		.ascii	"uint32\000"
 1509      333200
 1510              	.LASF39:
 1511 014b 4379456E 		.ascii	"CyEnterCriticalSection\000"
 1511      74657243 
 1511      72697469 
 1511      63616C53 
 1511      65637469 
 1512              	.LASF8:
 1513 0162 756E7369 		.ascii	"unsigned int\000"
 1513      676E6564 
 1513      20696E74 
 1513      00
 1514              	.LASF26:
 1515 016f 454E435F 		.ascii	"ENC_ISR_GetState\000"
 1515      4953525F 
 1515      47657453 
 1515      74617465 
 1515      00
 1516              	.LASF21:
ARM GAS  C:\Users\HELLOK~1\AppData\Local\Temp\cciw2CL3.s 			page 37


 1517 0180 61646472 		.ascii	"address\000"
 1517      65737300 
 1518              	.LASF40:
 1519 0188 43794578 		.ascii	"CyExitCriticalSection\000"
 1519      69744372 
 1519      69746963 
 1519      616C5365 
 1519      6374696F 
 1520              	.LASF20:
 1521 019e 454E435F 		.ascii	"ENC_ISR_SetPriority\000"
 1521      4953525F 
 1521      53657450 
 1521      72696F72 
 1521      69747900 
 1522              	.LASF31:
 1523 01b2 454E435F 		.ascii	"ENC_ISR_Stop\000"
 1523      4953525F 
 1523      53746F70 
 1523      00
 1524              	.LASF15:
 1525 01bf 63796973 		.ascii	"cyisraddress\000"
 1525      72616464 
 1525      72657373 
 1525      00
 1526              	.LASF41:
 1527 01cc 474E5520 		.ascii	"GNU C11 5.4.1 20160609 (release) [ARM/embedded-5-br"
 1527      43313120 
 1527      352E342E 
 1527      31203230 
 1527      31363036 
 1528 01ff 616E6368 		.ascii	"anch revision 237715] -mcpu=cortex-m0 -mthumb -g -O"
 1528      20726576 
 1528      6973696F 
 1528      6E203233 
 1528      37373135 
 1529 0232 67202D66 		.ascii	"g -ffunction-sections -ffat-lto-objects\000"
 1529      66756E63 
 1529      74696F6E 
 1529      2D736563 
 1529      74696F6E 
 1530              	.LASF43:
 1531 025a 433A5C55 		.ascii	"C:\\Users\\Hello Kitty\\Desktop\\MicrocontrollersLa"
 1531      73657273 
 1531      5C48656C 
 1531      6C6F204B 
 1531      69747479 
 1532 0289 625C4C61 		.ascii	"b\\Lab 2 - Interrupts\\Project\\Lab02 - Interrupts."
 1532      62203220 
 1532      2D20496E 
 1532      74657272 
 1532      75707473 
 1533 02b9 63796473 		.ascii	"cydsn\000"
 1533      6E00
 1534              	.LASF17:
 1535 02bf 73697A65 		.ascii	"sizetype\000"
 1535      74797065 
 1535      00
ARM GAS  C:\Users\HELLOK~1\AppData\Local\Temp\cciw2CL3.s 			page 38


 1536              	.LASF35:
 1537 02c8 656E636F 		.ascii	"encoderPos\000"
 1537      64657250 
 1537      6F7300
 1538              	.LASF6:
 1539 02d3 6C6F6E67 		.ascii	"long long int\000"
 1539      206C6F6E 
 1539      6720696E 
 1539      7400
 1540              	.LASF13:
 1541 02e1 63686172 		.ascii	"char\000"
 1541      00
 1542              	.LASF42:
 1543 02e6 47656E65 		.ascii	"Generated_Source\\PSoC4\\ENC_ISR.c\000"
 1543      72617465 
 1543      645F536F 
 1543      75726365 
 1543      5C50536F 
 1544              	.LASF44:
 1545 0307 454E435F 		.ascii	"ENC_ISR_GetPriority\000"
 1545      4953525F 
 1545      47657450 
 1545      72696F72 
 1545      69747900 
 1546              	.LASF25:
 1547 031b 454E435F 		.ascii	"ENC_ISR_GetVector\000"
 1547      4953525F 
 1547      47657456 
 1547      6563746F 
 1547      7200
 1548              	.LASF24:
 1549 032d 7072696F 		.ascii	"priorityOffset\000"
 1549      72697479 
 1549      4F666673 
 1549      657400
 1550              	.LASF4:
 1551 033c 6C6F6E67 		.ascii	"long int\000"
 1551      20696E74 
 1551      00
 1552              	.LASF16:
 1553 0345 6C6F6E67 		.ascii	"long double\000"
 1553      20646F75 
 1553      626C6500 
 1554              	.LASF0:
 1555 0351 7369676E 		.ascii	"signed char\000"
 1555      65642063 
 1555      68617200 
 1556              		.ident	"GCC: (GNU Tools for ARM Embedded Processors) 5.4.1 20160609 (release) [ARM/embedded-5-bran
