ARM GAS  C:\Users\HELLOK~1.1\AppData\Local\Temp\ccYyLz4e.s 			page 1


   1              		.syntax unified
   2              		.cpu cortex-m0
   3              		.fpu softvfp
   4              		.eabi_attribute 20, 1
   5              		.eabi_attribute 21, 1
   6              		.eabi_attribute 23, 3
   7              		.eabi_attribute 24, 1
   8              		.eabi_attribute 25, 1
   9              		.eabi_attribute 26, 1
  10              		.eabi_attribute 30, 1
  11              		.eabi_attribute 34, 0
  12              		.eabi_attribute 18, 4
  13              		.thumb
  14              		.syntax unified
  15              		.file	"BTN_ISR.c"
  16              		.text
  17              	.Ltext0:
  18              		.cfi_sections	.debug_frame
  19              		.section	.text.BTN_ISR_Interrupt,"ax",%progbits
  20              		.align	2
  21              		.global	BTN_ISR_Interrupt
  22              		.code	16
  23              		.thumb_func
  24              		.type	BTN_ISR_Interrupt, %function
  25              	BTN_ISR_Interrupt:
  26              	.LFB4:
  27              		.file 1 "Generated_Source\\PSoC4\\BTN_ISR.c"
   1:Generated_Source\PSoC4/BTN_ISR.c **** /*******************************************************************************
   2:Generated_Source\PSoC4/BTN_ISR.c **** * File Name: BTN_ISR.c  
   3:Generated_Source\PSoC4/BTN_ISR.c **** * Version 1.71
   4:Generated_Source\PSoC4/BTN_ISR.c **** *
   5:Generated_Source\PSoC4/BTN_ISR.c **** *  Description:
   6:Generated_Source\PSoC4/BTN_ISR.c **** *   API for controlling the state of an interrupt.
   7:Generated_Source\PSoC4/BTN_ISR.c **** *
   8:Generated_Source\PSoC4/BTN_ISR.c **** *
   9:Generated_Source\PSoC4/BTN_ISR.c **** *  Note:
  10:Generated_Source\PSoC4/BTN_ISR.c **** *
  11:Generated_Source\PSoC4/BTN_ISR.c **** ********************************************************************************
  12:Generated_Source\PSoC4/BTN_ISR.c **** * Copyright 2008-2015, Cypress Semiconductor Corporation.  All rights reserved.
  13:Generated_Source\PSoC4/BTN_ISR.c **** * You may use this file only in accordance with the license, terms, conditions, 
  14:Generated_Source\PSoC4/BTN_ISR.c **** * disclaimers, and limitations in the end user license agreement accompanying 
  15:Generated_Source\PSoC4/BTN_ISR.c **** * the software package with which this file was provided.
  16:Generated_Source\PSoC4/BTN_ISR.c **** *******************************************************************************/
  17:Generated_Source\PSoC4/BTN_ISR.c **** 
  18:Generated_Source\PSoC4/BTN_ISR.c **** 
  19:Generated_Source\PSoC4/BTN_ISR.c **** #include <cydevice_trm.h>
  20:Generated_Source\PSoC4/BTN_ISR.c **** #include <CyLib.h>
  21:Generated_Source\PSoC4/BTN_ISR.c **** #include <BTN_ISR.h>
  22:Generated_Source\PSoC4/BTN_ISR.c **** #include "cyapicallbacks.h"
  23:Generated_Source\PSoC4/BTN_ISR.c **** 
  24:Generated_Source\PSoC4/BTN_ISR.c **** #if !defined(BTN_ISR__REMOVED) /* Check for removal by optimization */
  25:Generated_Source\PSoC4/BTN_ISR.c **** 
  26:Generated_Source\PSoC4/BTN_ISR.c **** /*******************************************************************************
  27:Generated_Source\PSoC4/BTN_ISR.c **** *  Place your includes, defines and code here 
  28:Generated_Source\PSoC4/BTN_ISR.c **** ********************************************************************************/
  29:Generated_Source\PSoC4/BTN_ISR.c **** /* `#START BTN_ISR_intc` */
  30:Generated_Source\PSoC4/BTN_ISR.c **** #include "BTN.h"
ARM GAS  C:\Users\HELLOK~1.1\AppData\Local\Temp\ccYyLz4e.s 			page 2


  31:Generated_Source\PSoC4/BTN_ISR.c **** extern volatile uint8 buttonFlag;
  32:Generated_Source\PSoC4/BTN_ISR.c **** /* `#END` */
  33:Generated_Source\PSoC4/BTN_ISR.c **** 
  34:Generated_Source\PSoC4/BTN_ISR.c **** extern cyisraddress CyRamVectors[CYINT_IRQ_BASE + CY_NUM_INTERRUPTS];
  35:Generated_Source\PSoC4/BTN_ISR.c **** 
  36:Generated_Source\PSoC4/BTN_ISR.c **** /* Declared in startup, used to set unused interrupts to. */
  37:Generated_Source\PSoC4/BTN_ISR.c **** CY_ISR_PROTO(IntDefaultHandler);
  38:Generated_Source\PSoC4/BTN_ISR.c **** 
  39:Generated_Source\PSoC4/BTN_ISR.c **** 
  40:Generated_Source\PSoC4/BTN_ISR.c **** /*******************************************************************************
  41:Generated_Source\PSoC4/BTN_ISR.c **** * Function Name: BTN_ISR_Start
  42:Generated_Source\PSoC4/BTN_ISR.c **** ********************************************************************************
  43:Generated_Source\PSoC4/BTN_ISR.c **** *
  44:Generated_Source\PSoC4/BTN_ISR.c **** * Summary:
  45:Generated_Source\PSoC4/BTN_ISR.c **** *  Set up the interrupt and enable it. This function disables the interrupt, 
  46:Generated_Source\PSoC4/BTN_ISR.c **** *  sets the default interrupt vector, sets the priority from the value in the
  47:Generated_Source\PSoC4/BTN_ISR.c **** *  Design Wide Resources Interrupt Editor, then enables the interrupt to the 
  48:Generated_Source\PSoC4/BTN_ISR.c **** *  interrupt controller.
  49:Generated_Source\PSoC4/BTN_ISR.c **** *
  50:Generated_Source\PSoC4/BTN_ISR.c **** * Parameters:  
  51:Generated_Source\PSoC4/BTN_ISR.c **** *   None
  52:Generated_Source\PSoC4/BTN_ISR.c **** *
  53:Generated_Source\PSoC4/BTN_ISR.c **** * Return:
  54:Generated_Source\PSoC4/BTN_ISR.c **** *   None
  55:Generated_Source\PSoC4/BTN_ISR.c **** *
  56:Generated_Source\PSoC4/BTN_ISR.c **** *******************************************************************************/
  57:Generated_Source\PSoC4/BTN_ISR.c **** void BTN_ISR_Start(void)
  58:Generated_Source\PSoC4/BTN_ISR.c **** {
  59:Generated_Source\PSoC4/BTN_ISR.c ****     /* For all we know the interrupt is active. */
  60:Generated_Source\PSoC4/BTN_ISR.c ****     BTN_ISR_Disable();
  61:Generated_Source\PSoC4/BTN_ISR.c **** 
  62:Generated_Source\PSoC4/BTN_ISR.c ****     /* Set the ISR to point to the BTN_ISR Interrupt. */
  63:Generated_Source\PSoC4/BTN_ISR.c ****     BTN_ISR_SetVector(&BTN_ISR_Interrupt);
  64:Generated_Source\PSoC4/BTN_ISR.c **** 
  65:Generated_Source\PSoC4/BTN_ISR.c ****     /* Set the priority. */
  66:Generated_Source\PSoC4/BTN_ISR.c ****     BTN_ISR_SetPriority((uint8)BTN_ISR_INTC_PRIOR_NUMBER);
  67:Generated_Source\PSoC4/BTN_ISR.c **** 
  68:Generated_Source\PSoC4/BTN_ISR.c ****     /* Enable it. */
  69:Generated_Source\PSoC4/BTN_ISR.c ****     BTN_ISR_Enable();
  70:Generated_Source\PSoC4/BTN_ISR.c **** }
  71:Generated_Source\PSoC4/BTN_ISR.c **** 
  72:Generated_Source\PSoC4/BTN_ISR.c **** 
  73:Generated_Source\PSoC4/BTN_ISR.c **** /*******************************************************************************
  74:Generated_Source\PSoC4/BTN_ISR.c **** * Function Name: BTN_ISR_StartEx
  75:Generated_Source\PSoC4/BTN_ISR.c **** ********************************************************************************
  76:Generated_Source\PSoC4/BTN_ISR.c **** *
  77:Generated_Source\PSoC4/BTN_ISR.c **** * Summary:
  78:Generated_Source\PSoC4/BTN_ISR.c **** *  Sets up the interrupt and enables it. This function disables the interrupt,
  79:Generated_Source\PSoC4/BTN_ISR.c **** *  sets the interrupt vector based on the address passed in, sets the priority 
  80:Generated_Source\PSoC4/BTN_ISR.c **** *  from the value in the Design Wide Resources Interrupt Editor, then enables 
  81:Generated_Source\PSoC4/BTN_ISR.c **** *  the interrupt to the interrupt controller.
  82:Generated_Source\PSoC4/BTN_ISR.c **** *  
  83:Generated_Source\PSoC4/BTN_ISR.c **** *  When defining ISR functions, the CY_ISR and CY_ISR_PROTO macros should be 
  84:Generated_Source\PSoC4/BTN_ISR.c **** *  used to provide consistent definition across compilers:
  85:Generated_Source\PSoC4/BTN_ISR.c **** *  
  86:Generated_Source\PSoC4/BTN_ISR.c **** *  Function definition example:
  87:Generated_Source\PSoC4/BTN_ISR.c **** *   CY_ISR(MyISR)
ARM GAS  C:\Users\HELLOK~1.1\AppData\Local\Temp\ccYyLz4e.s 			page 3


  88:Generated_Source\PSoC4/BTN_ISR.c **** *   {
  89:Generated_Source\PSoC4/BTN_ISR.c **** *   }
  90:Generated_Source\PSoC4/BTN_ISR.c **** *   Function prototype example:
  91:Generated_Source\PSoC4/BTN_ISR.c **** *   CY_ISR_PROTO(MyISR);
  92:Generated_Source\PSoC4/BTN_ISR.c **** *
  93:Generated_Source\PSoC4/BTN_ISR.c **** * Parameters:  
  94:Generated_Source\PSoC4/BTN_ISR.c **** *   address: Address of the ISR to set in the interrupt vector table.
  95:Generated_Source\PSoC4/BTN_ISR.c **** *
  96:Generated_Source\PSoC4/BTN_ISR.c **** * Return:
  97:Generated_Source\PSoC4/BTN_ISR.c **** *   None
  98:Generated_Source\PSoC4/BTN_ISR.c **** *
  99:Generated_Source\PSoC4/BTN_ISR.c **** *******************************************************************************/
 100:Generated_Source\PSoC4/BTN_ISR.c **** void BTN_ISR_StartEx(cyisraddress address)
 101:Generated_Source\PSoC4/BTN_ISR.c **** {
 102:Generated_Source\PSoC4/BTN_ISR.c ****     /* For all we know the interrupt is active. */
 103:Generated_Source\PSoC4/BTN_ISR.c ****     BTN_ISR_Disable();
 104:Generated_Source\PSoC4/BTN_ISR.c **** 
 105:Generated_Source\PSoC4/BTN_ISR.c ****     /* Set the ISR to point to the BTN_ISR Interrupt. */
 106:Generated_Source\PSoC4/BTN_ISR.c ****     BTN_ISR_SetVector(address);
 107:Generated_Source\PSoC4/BTN_ISR.c **** 
 108:Generated_Source\PSoC4/BTN_ISR.c ****     /* Set the priority. */
 109:Generated_Source\PSoC4/BTN_ISR.c ****     BTN_ISR_SetPriority((uint8)BTN_ISR_INTC_PRIOR_NUMBER);
 110:Generated_Source\PSoC4/BTN_ISR.c **** 
 111:Generated_Source\PSoC4/BTN_ISR.c ****     /* Enable it. */
 112:Generated_Source\PSoC4/BTN_ISR.c ****     BTN_ISR_Enable();
 113:Generated_Source\PSoC4/BTN_ISR.c **** }
 114:Generated_Source\PSoC4/BTN_ISR.c **** 
 115:Generated_Source\PSoC4/BTN_ISR.c **** 
 116:Generated_Source\PSoC4/BTN_ISR.c **** /*******************************************************************************
 117:Generated_Source\PSoC4/BTN_ISR.c **** * Function Name: BTN_ISR_Stop
 118:Generated_Source\PSoC4/BTN_ISR.c **** ********************************************************************************
 119:Generated_Source\PSoC4/BTN_ISR.c **** *
 120:Generated_Source\PSoC4/BTN_ISR.c **** * Summary:
 121:Generated_Source\PSoC4/BTN_ISR.c **** *   Disables and removes the interrupt.
 122:Generated_Source\PSoC4/BTN_ISR.c **** *
 123:Generated_Source\PSoC4/BTN_ISR.c **** * Parameters:  
 124:Generated_Source\PSoC4/BTN_ISR.c **** *   None
 125:Generated_Source\PSoC4/BTN_ISR.c **** *
 126:Generated_Source\PSoC4/BTN_ISR.c **** * Return:
 127:Generated_Source\PSoC4/BTN_ISR.c **** *   None
 128:Generated_Source\PSoC4/BTN_ISR.c **** *
 129:Generated_Source\PSoC4/BTN_ISR.c **** *******************************************************************************/
 130:Generated_Source\PSoC4/BTN_ISR.c **** void BTN_ISR_Stop(void)
 131:Generated_Source\PSoC4/BTN_ISR.c **** {
 132:Generated_Source\PSoC4/BTN_ISR.c ****     /* Disable this interrupt. */
 133:Generated_Source\PSoC4/BTN_ISR.c ****     BTN_ISR_Disable();
 134:Generated_Source\PSoC4/BTN_ISR.c **** 
 135:Generated_Source\PSoC4/BTN_ISR.c ****     /* Set the ISR to point to the passive one. */
 136:Generated_Source\PSoC4/BTN_ISR.c ****     BTN_ISR_SetVector(&IntDefaultHandler);
 137:Generated_Source\PSoC4/BTN_ISR.c **** }
 138:Generated_Source\PSoC4/BTN_ISR.c **** 
 139:Generated_Source\PSoC4/BTN_ISR.c **** 
 140:Generated_Source\PSoC4/BTN_ISR.c **** /*******************************************************************************
 141:Generated_Source\PSoC4/BTN_ISR.c **** * Function Name: BTN_ISR_Interrupt
 142:Generated_Source\PSoC4/BTN_ISR.c **** ********************************************************************************
 143:Generated_Source\PSoC4/BTN_ISR.c **** *
 144:Generated_Source\PSoC4/BTN_ISR.c **** * Summary:
ARM GAS  C:\Users\HELLOK~1.1\AppData\Local\Temp\ccYyLz4e.s 			page 4


 145:Generated_Source\PSoC4/BTN_ISR.c **** *   The default Interrupt Service Routine for BTN_ISR.
 146:Generated_Source\PSoC4/BTN_ISR.c **** *
 147:Generated_Source\PSoC4/BTN_ISR.c **** *   Add custom code between the START and END comments to keep the next version
 148:Generated_Source\PSoC4/BTN_ISR.c **** *   of this file from over-writing your code.
 149:Generated_Source\PSoC4/BTN_ISR.c **** *
 150:Generated_Source\PSoC4/BTN_ISR.c **** *   Note You may use either the default ISR by using this API, or you may define
 151:Generated_Source\PSoC4/BTN_ISR.c **** *   your own separate ISR through ISR_StartEx().
 152:Generated_Source\PSoC4/BTN_ISR.c **** *
 153:Generated_Source\PSoC4/BTN_ISR.c **** * Parameters:  
 154:Generated_Source\PSoC4/BTN_ISR.c **** *   None
 155:Generated_Source\PSoC4/BTN_ISR.c **** *
 156:Generated_Source\PSoC4/BTN_ISR.c **** * Return:
 157:Generated_Source\PSoC4/BTN_ISR.c **** *   None
 158:Generated_Source\PSoC4/BTN_ISR.c **** *
 159:Generated_Source\PSoC4/BTN_ISR.c **** *******************************************************************************/
 160:Generated_Source\PSoC4/BTN_ISR.c **** CY_ISR(BTN_ISR_Interrupt)
 161:Generated_Source\PSoC4/BTN_ISR.c **** {
  28              		.loc 1 161 0
  29              		.cfi_startproc
  30              		@ args = 0, pretend = 0, frame = 0
  31              		@ frame_needed = 0, uses_anonymous_args = 0
  32 0000 10B5     		push	{r4, lr}
  33              		.cfi_def_cfa_offset 8
  34              		.cfi_offset 4, -8
  35              		.cfi_offset 14, -4
 162:Generated_Source\PSoC4/BTN_ISR.c ****     #ifdef BTN_ISR_INTERRUPT_INTERRUPT_CALLBACK
 163:Generated_Source\PSoC4/BTN_ISR.c ****         BTN_ISR_Interrupt_InterruptCallback();
 164:Generated_Source\PSoC4/BTN_ISR.c ****     #endif /* BTN_ISR_INTERRUPT_INTERRUPT_CALLBACK */ 
 165:Generated_Source\PSoC4/BTN_ISR.c **** 
 166:Generated_Source\PSoC4/BTN_ISR.c ****     /*  Place your Interrupt code here. */
 167:Generated_Source\PSoC4/BTN_ISR.c ****     /* `#START BTN_ISR_Interrupt` */
 168:Generated_Source\PSoC4/BTN_ISR.c **** // Small delay for debouncing
 169:Generated_Source\PSoC4/BTN_ISR.c ****      CyDelay(20);
  36              		.loc 1 169 0
  37 0002 1420     		movs	r0, #20
  38 0004 FFF7FEFF 		bl	CyDelay
  39              	.LVL0:
 170:Generated_Source\PSoC4/BTN_ISR.c ****      // Clear interrupt
 171:Generated_Source\PSoC4/BTN_ISR.c ****      BTN_ClearInterrupt();
  40              		.loc 1 171 0
  41 0008 FFF7FEFF 		bl	BTN_ClearInterrupt
  42              	.LVL1:
 172:Generated_Source\PSoC4/BTN_ISR.c ****      
 173:Generated_Source\PSoC4/BTN_ISR.c ****      // If button is still 1 after delay, set flag, if not, don't
 174:Generated_Source\PSoC4/BTN_ISR.c ****      if(BTN_Read() == 1){
  43              		.loc 1 174 0
  44 000c FFF7FEFF 		bl	BTN_Read
  45              	.LVL2:
  46 0010 0128     		cmp	r0, #1
  47 0012 03D1     		bne	.L2
 175:Generated_Source\PSoC4/BTN_ISR.c ****      buttonFlag = 1;
  48              		.loc 1 175 0
  49 0014 0122     		movs	r2, #1
  50 0016 034B     		ldr	r3, .L4
  51 0018 1A70     		strb	r2, [r3]
  52 001a 02E0     		b	.L1
  53              	.L2:
ARM GAS  C:\Users\HELLOK~1.1\AppData\Local\Temp\ccYyLz4e.s 			page 5


 176:Generated_Source\PSoC4/BTN_ISR.c ****      } else {
 177:Generated_Source\PSoC4/BTN_ISR.c ****      buttonFlag = 0;
  54              		.loc 1 177 0
  55 001c 0022     		movs	r2, #0
  56 001e 014B     		ldr	r3, .L4
  57 0020 1A70     		strb	r2, [r3]
  58              	.L1:
 178:Generated_Source\PSoC4/BTN_ISR.c ****      }
 179:Generated_Source\PSoC4/BTN_ISR.c ****     /* `#END` */
 180:Generated_Source\PSoC4/BTN_ISR.c **** }
  59              		.loc 1 180 0
  60              		@ sp needed
  61 0022 10BD     		pop	{r4, pc}
  62              	.L5:
  63              		.align	2
  64              	.L4:
  65 0024 00000000 		.word	buttonFlag
  66              		.cfi_endproc
  67              	.LFE4:
  68              		.size	BTN_ISR_Interrupt, .-BTN_ISR_Interrupt
  69              		.section	.text.BTN_ISR_SetVector,"ax",%progbits
  70              		.align	2
  71              		.global	BTN_ISR_SetVector
  72              		.code	16
  73              		.thumb_func
  74              		.type	BTN_ISR_SetVector, %function
  75              	BTN_ISR_SetVector:
  76              	.LFB5:
 181:Generated_Source\PSoC4/BTN_ISR.c **** 
 182:Generated_Source\PSoC4/BTN_ISR.c **** 
 183:Generated_Source\PSoC4/BTN_ISR.c **** /*******************************************************************************
 184:Generated_Source\PSoC4/BTN_ISR.c **** * Function Name: BTN_ISR_SetVector
 185:Generated_Source\PSoC4/BTN_ISR.c **** ********************************************************************************
 186:Generated_Source\PSoC4/BTN_ISR.c **** *
 187:Generated_Source\PSoC4/BTN_ISR.c **** * Summary:
 188:Generated_Source\PSoC4/BTN_ISR.c **** *   Change the ISR vector for the Interrupt. Note calling BTN_ISR_Start
 189:Generated_Source\PSoC4/BTN_ISR.c **** *   will override any effect this method would have had. To set the vector 
 190:Generated_Source\PSoC4/BTN_ISR.c **** *   before the component has been started use BTN_ISR_StartEx instead.
 191:Generated_Source\PSoC4/BTN_ISR.c **** * 
 192:Generated_Source\PSoC4/BTN_ISR.c **** *   When defining ISR functions, the CY_ISR and CY_ISR_PROTO macros should be 
 193:Generated_Source\PSoC4/BTN_ISR.c **** *   used to provide consistent definition across compilers:
 194:Generated_Source\PSoC4/BTN_ISR.c **** *
 195:Generated_Source\PSoC4/BTN_ISR.c **** *   Function definition example:
 196:Generated_Source\PSoC4/BTN_ISR.c **** *   CY_ISR(MyISR)
 197:Generated_Source\PSoC4/BTN_ISR.c **** *   {
 198:Generated_Source\PSoC4/BTN_ISR.c **** *   }
 199:Generated_Source\PSoC4/BTN_ISR.c **** *
 200:Generated_Source\PSoC4/BTN_ISR.c **** *   Function prototype example:
 201:Generated_Source\PSoC4/BTN_ISR.c **** *     CY_ISR_PROTO(MyISR);
 202:Generated_Source\PSoC4/BTN_ISR.c **** *
 203:Generated_Source\PSoC4/BTN_ISR.c **** * Parameters:
 204:Generated_Source\PSoC4/BTN_ISR.c **** *   address: Address of the ISR to set in the interrupt vector table.
 205:Generated_Source\PSoC4/BTN_ISR.c **** *
 206:Generated_Source\PSoC4/BTN_ISR.c **** * Return:
 207:Generated_Source\PSoC4/BTN_ISR.c **** *   None
 208:Generated_Source\PSoC4/BTN_ISR.c **** *
 209:Generated_Source\PSoC4/BTN_ISR.c **** *******************************************************************************/
ARM GAS  C:\Users\HELLOK~1.1\AppData\Local\Temp\ccYyLz4e.s 			page 6


 210:Generated_Source\PSoC4/BTN_ISR.c **** void BTN_ISR_SetVector(cyisraddress address)
 211:Generated_Source\PSoC4/BTN_ISR.c **** {
  77              		.loc 1 211 0
  78              		.cfi_startproc
  79              		@ args = 0, pretend = 0, frame = 0
  80              		@ frame_needed = 0, uses_anonymous_args = 0
  81              		@ link register save eliminated.
  82              	.LVL3:
 212:Generated_Source\PSoC4/BTN_ISR.c ****     CyRamVectors[CYINT_IRQ_BASE + BTN_ISR__INTC_NUMBER] = address;
  83              		.loc 1 212 0
  84 0000 014B     		ldr	r3, .L7
  85 0002 1865     		str	r0, [r3, #80]
 213:Generated_Source\PSoC4/BTN_ISR.c **** }
  86              		.loc 1 213 0
  87              		@ sp needed
  88 0004 7047     		bx	lr
  89              	.L8:
  90 0006 C046     		.align	2
  91              	.L7:
  92 0008 00000000 		.word	CyRamVectors
  93              		.cfi_endproc
  94              	.LFE5:
  95              		.size	BTN_ISR_SetVector, .-BTN_ISR_SetVector
  96              		.section	.text.BTN_ISR_GetVector,"ax",%progbits
  97              		.align	2
  98              		.global	BTN_ISR_GetVector
  99              		.code	16
 100              		.thumb_func
 101              		.type	BTN_ISR_GetVector, %function
 102              	BTN_ISR_GetVector:
 103              	.LFB6:
 214:Generated_Source\PSoC4/BTN_ISR.c **** 
 215:Generated_Source\PSoC4/BTN_ISR.c **** 
 216:Generated_Source\PSoC4/BTN_ISR.c **** /*******************************************************************************
 217:Generated_Source\PSoC4/BTN_ISR.c **** * Function Name: BTN_ISR_GetVector
 218:Generated_Source\PSoC4/BTN_ISR.c **** ********************************************************************************
 219:Generated_Source\PSoC4/BTN_ISR.c **** *
 220:Generated_Source\PSoC4/BTN_ISR.c **** * Summary:
 221:Generated_Source\PSoC4/BTN_ISR.c **** *   Gets the "address" of the current ISR vector for the Interrupt.
 222:Generated_Source\PSoC4/BTN_ISR.c **** *
 223:Generated_Source\PSoC4/BTN_ISR.c **** * Parameters:
 224:Generated_Source\PSoC4/BTN_ISR.c **** *   None
 225:Generated_Source\PSoC4/BTN_ISR.c **** *
 226:Generated_Source\PSoC4/BTN_ISR.c **** * Return:
 227:Generated_Source\PSoC4/BTN_ISR.c **** *   Address of the ISR in the interrupt vector table.
 228:Generated_Source\PSoC4/BTN_ISR.c **** *
 229:Generated_Source\PSoC4/BTN_ISR.c **** *******************************************************************************/
 230:Generated_Source\PSoC4/BTN_ISR.c **** cyisraddress BTN_ISR_GetVector(void)
 231:Generated_Source\PSoC4/BTN_ISR.c **** {
 104              		.loc 1 231 0
 105              		.cfi_startproc
 106              		@ args = 0, pretend = 0, frame = 0
 107              		@ frame_needed = 0, uses_anonymous_args = 0
 108              		@ link register save eliminated.
 232:Generated_Source\PSoC4/BTN_ISR.c ****     return CyRamVectors[CYINT_IRQ_BASE + BTN_ISR__INTC_NUMBER];
 109              		.loc 1 232 0
 110 0000 014B     		ldr	r3, .L10
ARM GAS  C:\Users\HELLOK~1.1\AppData\Local\Temp\ccYyLz4e.s 			page 7


 111 0002 186D     		ldr	r0, [r3, #80]
 233:Generated_Source\PSoC4/BTN_ISR.c **** }
 112              		.loc 1 233 0
 113              		@ sp needed
 114 0004 7047     		bx	lr
 115              	.L11:
 116 0006 C046     		.align	2
 117              	.L10:
 118 0008 00000000 		.word	CyRamVectors
 119              		.cfi_endproc
 120              	.LFE6:
 121              		.size	BTN_ISR_GetVector, .-BTN_ISR_GetVector
 122              		.section	.text.BTN_ISR_SetPriority,"ax",%progbits
 123              		.align	2
 124              		.global	BTN_ISR_SetPriority
 125              		.code	16
 126              		.thumb_func
 127              		.type	BTN_ISR_SetPriority, %function
 128              	BTN_ISR_SetPriority:
 129              	.LFB7:
 234:Generated_Source\PSoC4/BTN_ISR.c **** 
 235:Generated_Source\PSoC4/BTN_ISR.c **** 
 236:Generated_Source\PSoC4/BTN_ISR.c **** /*******************************************************************************
 237:Generated_Source\PSoC4/BTN_ISR.c **** * Function Name: BTN_ISR_SetPriority
 238:Generated_Source\PSoC4/BTN_ISR.c **** ********************************************************************************
 239:Generated_Source\PSoC4/BTN_ISR.c **** *
 240:Generated_Source\PSoC4/BTN_ISR.c **** * Summary:
 241:Generated_Source\PSoC4/BTN_ISR.c **** *   Sets the Priority of the Interrupt. 
 242:Generated_Source\PSoC4/BTN_ISR.c **** *
 243:Generated_Source\PSoC4/BTN_ISR.c **** *   Note calling BTN_ISR_Start or BTN_ISR_StartEx will 
 244:Generated_Source\PSoC4/BTN_ISR.c **** *   override any effect this API would have had. This API should only be called
 245:Generated_Source\PSoC4/BTN_ISR.c **** *   after BTN_ISR_Start or BTN_ISR_StartEx has been called. 
 246:Generated_Source\PSoC4/BTN_ISR.c **** *   To set the initial priority for the component, use the Design-Wide Resources
 247:Generated_Source\PSoC4/BTN_ISR.c **** *   Interrupt Editor.
 248:Generated_Source\PSoC4/BTN_ISR.c **** *
 249:Generated_Source\PSoC4/BTN_ISR.c **** *   Note This API has no effect on Non-maskable interrupt NMI).
 250:Generated_Source\PSoC4/BTN_ISR.c **** *
 251:Generated_Source\PSoC4/BTN_ISR.c **** * Parameters:
 252:Generated_Source\PSoC4/BTN_ISR.c **** *   priority: Priority of the interrupt, 0 being the highest priority
 253:Generated_Source\PSoC4/BTN_ISR.c **** *             PSoC 3 and PSoC 5LP: Priority is from 0 to 7.
 254:Generated_Source\PSoC4/BTN_ISR.c **** *             PSoC 4: Priority is from 0 to 3.
 255:Generated_Source\PSoC4/BTN_ISR.c **** *
 256:Generated_Source\PSoC4/BTN_ISR.c **** * Return:
 257:Generated_Source\PSoC4/BTN_ISR.c **** *   None
 258:Generated_Source\PSoC4/BTN_ISR.c **** *
 259:Generated_Source\PSoC4/BTN_ISR.c **** *******************************************************************************/
 260:Generated_Source\PSoC4/BTN_ISR.c **** void BTN_ISR_SetPriority(uint8 priority)
 261:Generated_Source\PSoC4/BTN_ISR.c **** {
 130              		.loc 1 261 0
 131              		.cfi_startproc
 132              		@ args = 0, pretend = 0, frame = 0
 133              		@ frame_needed = 0, uses_anonymous_args = 0
 134              	.LVL4:
 135 0000 10B5     		push	{r4, lr}
 136              		.cfi_def_cfa_offset 8
 137              		.cfi_offset 4, -8
 138              		.cfi_offset 14, -4
ARM GAS  C:\Users\HELLOK~1.1\AppData\Local\Temp\ccYyLz4e.s 			page 8


 139 0002 0400     		movs	r4, r0
 140              	.LVL5:
 262:Generated_Source\PSoC4/BTN_ISR.c **** 	uint8 interruptState;
 263:Generated_Source\PSoC4/BTN_ISR.c ****     uint32 priorityOffset = ((BTN_ISR__INTC_NUMBER % 4u) * 8u) + 6u;
 264:Generated_Source\PSoC4/BTN_ISR.c ****     
 265:Generated_Source\PSoC4/BTN_ISR.c **** 	interruptState = CyEnterCriticalSection();
 141              		.loc 1 265 0
 142 0004 FFF7FEFF 		bl	CyEnterCriticalSection
 143              	.LVL6:
 266:Generated_Source\PSoC4/BTN_ISR.c ****     *BTN_ISR_INTC_PRIOR = (*BTN_ISR_INTC_PRIOR & (uint32)(~(uint32)BTN_ISR__INTC_PRIOR_MASK)) |
 144              		.loc 1 266 0
 145 0008 044A     		ldr	r2, .L13
 146 000a 1368     		ldr	r3, [r2]
 147 000c C021     		movs	r1, #192
 148 000e 8B43     		bics	r3, r1
 267:Generated_Source\PSoC4/BTN_ISR.c ****                                     ((uint32)priority << priorityOffset);
 149              		.loc 1 267 0
 150 0010 A401     		lsls	r4, r4, #6
 266:Generated_Source\PSoC4/BTN_ISR.c ****     *BTN_ISR_INTC_PRIOR = (*BTN_ISR_INTC_PRIOR & (uint32)(~(uint32)BTN_ISR__INTC_PRIOR_MASK)) |
 151              		.loc 1 266 0
 152 0012 1C43     		orrs	r4, r3
 153 0014 1460     		str	r4, [r2]
 268:Generated_Source\PSoC4/BTN_ISR.c **** 	CyExitCriticalSection(interruptState);
 154              		.loc 1 268 0
 155 0016 FFF7FEFF 		bl	CyExitCriticalSection
 156              	.LVL7:
 269:Generated_Source\PSoC4/BTN_ISR.c **** }
 157              		.loc 1 269 0
 158              		@ sp needed
 159 001a 10BD     		pop	{r4, pc}
 160              	.L14:
 161              		.align	2
 162              	.L13:
 163 001c 04E400E0 		.word	-536812540
 164              		.cfi_endproc
 165              	.LFE7:
 166              		.size	BTN_ISR_SetPriority, .-BTN_ISR_SetPriority
 167              		.section	.text.BTN_ISR_GetPriority,"ax",%progbits
 168              		.align	2
 169              		.global	BTN_ISR_GetPriority
 170              		.code	16
 171              		.thumb_func
 172              		.type	BTN_ISR_GetPriority, %function
 173              	BTN_ISR_GetPriority:
 174              	.LFB8:
 270:Generated_Source\PSoC4/BTN_ISR.c **** 
 271:Generated_Source\PSoC4/BTN_ISR.c **** 
 272:Generated_Source\PSoC4/BTN_ISR.c **** /*******************************************************************************
 273:Generated_Source\PSoC4/BTN_ISR.c **** * Function Name: BTN_ISR_GetPriority
 274:Generated_Source\PSoC4/BTN_ISR.c **** ********************************************************************************
 275:Generated_Source\PSoC4/BTN_ISR.c **** *
 276:Generated_Source\PSoC4/BTN_ISR.c **** * Summary:
 277:Generated_Source\PSoC4/BTN_ISR.c **** *   Gets the Priority of the Interrupt.
 278:Generated_Source\PSoC4/BTN_ISR.c **** *
 279:Generated_Source\PSoC4/BTN_ISR.c **** * Parameters:
 280:Generated_Source\PSoC4/BTN_ISR.c **** *   None
 281:Generated_Source\PSoC4/BTN_ISR.c **** *
ARM GAS  C:\Users\HELLOK~1.1\AppData\Local\Temp\ccYyLz4e.s 			page 9


 282:Generated_Source\PSoC4/BTN_ISR.c **** * Return:
 283:Generated_Source\PSoC4/BTN_ISR.c **** *   Priority of the interrupt, 0 being the highest priority
 284:Generated_Source\PSoC4/BTN_ISR.c **** *    PSoC 3 and PSoC 5LP: Priority is from 0 to 7.
 285:Generated_Source\PSoC4/BTN_ISR.c **** *    PSoC 4: Priority is from 0 to 3.
 286:Generated_Source\PSoC4/BTN_ISR.c **** *
 287:Generated_Source\PSoC4/BTN_ISR.c **** *******************************************************************************/
 288:Generated_Source\PSoC4/BTN_ISR.c **** uint8 BTN_ISR_GetPriority(void)
 289:Generated_Source\PSoC4/BTN_ISR.c **** {
 175              		.loc 1 289 0
 176              		.cfi_startproc
 177              		@ args = 0, pretend = 0, frame = 0
 178              		@ frame_needed = 0, uses_anonymous_args = 0
 179              		@ link register save eliminated.
 180              	.LVL8:
 290:Generated_Source\PSoC4/BTN_ISR.c ****     uint32 priority;
 291:Generated_Source\PSoC4/BTN_ISR.c **** 	uint32 priorityOffset = ((BTN_ISR__INTC_NUMBER % 4u) * 8u) + 6u;
 292:Generated_Source\PSoC4/BTN_ISR.c **** 
 293:Generated_Source\PSoC4/BTN_ISR.c ****     priority = (*BTN_ISR_INTC_PRIOR & BTN_ISR__INTC_PRIOR_MASK) >> priorityOffset;
 181              		.loc 1 293 0
 182 0000 024B     		ldr	r3, .L16
 183 0002 1868     		ldr	r0, [r3]
 184 0004 8009     		lsrs	r0, r0, #6
 185              	.LVL9:
 294:Generated_Source\PSoC4/BTN_ISR.c **** 
 295:Generated_Source\PSoC4/BTN_ISR.c ****     return (uint8)priority;
 186              		.loc 1 295 0
 187 0006 0323     		movs	r3, #3
 188 0008 1840     		ands	r0, r3
 189              	.LVL10:
 296:Generated_Source\PSoC4/BTN_ISR.c **** }
 190              		.loc 1 296 0
 191              		@ sp needed
 192 000a 7047     		bx	lr
 193              	.L17:
 194              		.align	2
 195              	.L16:
 196 000c 04E400E0 		.word	-536812540
 197              		.cfi_endproc
 198              	.LFE8:
 199              		.size	BTN_ISR_GetPriority, .-BTN_ISR_GetPriority
 200              		.section	.text.BTN_ISR_Enable,"ax",%progbits
 201              		.align	2
 202              		.global	BTN_ISR_Enable
 203              		.code	16
 204              		.thumb_func
 205              		.type	BTN_ISR_Enable, %function
 206              	BTN_ISR_Enable:
 207              	.LFB9:
 297:Generated_Source\PSoC4/BTN_ISR.c **** 
 298:Generated_Source\PSoC4/BTN_ISR.c **** 
 299:Generated_Source\PSoC4/BTN_ISR.c **** /*******************************************************************************
 300:Generated_Source\PSoC4/BTN_ISR.c **** * Function Name: BTN_ISR_Enable
 301:Generated_Source\PSoC4/BTN_ISR.c **** ********************************************************************************
 302:Generated_Source\PSoC4/BTN_ISR.c **** *
 303:Generated_Source\PSoC4/BTN_ISR.c **** * Summary:
 304:Generated_Source\PSoC4/BTN_ISR.c **** *   Enables the interrupt to the interrupt controller. Do not call this function
 305:Generated_Source\PSoC4/BTN_ISR.c **** *   unless ISR_Start() has been called or the functionality of the ISR_Start() 
ARM GAS  C:\Users\HELLOK~1.1\AppData\Local\Temp\ccYyLz4e.s 			page 10


 306:Generated_Source\PSoC4/BTN_ISR.c **** *   function, which sets the vector and the priority, has been called.
 307:Generated_Source\PSoC4/BTN_ISR.c **** *
 308:Generated_Source\PSoC4/BTN_ISR.c **** * Parameters:
 309:Generated_Source\PSoC4/BTN_ISR.c **** *   None
 310:Generated_Source\PSoC4/BTN_ISR.c **** *
 311:Generated_Source\PSoC4/BTN_ISR.c **** * Return:
 312:Generated_Source\PSoC4/BTN_ISR.c **** *   None
 313:Generated_Source\PSoC4/BTN_ISR.c **** *
 314:Generated_Source\PSoC4/BTN_ISR.c **** *******************************************************************************/
 315:Generated_Source\PSoC4/BTN_ISR.c **** void BTN_ISR_Enable(void)
 316:Generated_Source\PSoC4/BTN_ISR.c **** {
 208              		.loc 1 316 0
 209              		.cfi_startproc
 210              		@ args = 0, pretend = 0, frame = 0
 211              		@ frame_needed = 0, uses_anonymous_args = 0
 212              		@ link register save eliminated.
 317:Generated_Source\PSoC4/BTN_ISR.c ****     /* Enable the general interrupt. */
 318:Generated_Source\PSoC4/BTN_ISR.c ****     *BTN_ISR_INTC_SET_EN = BTN_ISR__INTC_MASK;
 213              		.loc 1 318 0
 214 0000 1022     		movs	r2, #16
 215 0002 014B     		ldr	r3, .L19
 216 0004 1A60     		str	r2, [r3]
 319:Generated_Source\PSoC4/BTN_ISR.c **** }
 217              		.loc 1 319 0
 218              		@ sp needed
 219 0006 7047     		bx	lr
 220              	.L20:
 221              		.align	2
 222              	.L19:
 223 0008 00E100E0 		.word	-536813312
 224              		.cfi_endproc
 225              	.LFE9:
 226              		.size	BTN_ISR_Enable, .-BTN_ISR_Enable
 227              		.section	.text.BTN_ISR_GetState,"ax",%progbits
 228              		.align	2
 229              		.global	BTN_ISR_GetState
 230              		.code	16
 231              		.thumb_func
 232              		.type	BTN_ISR_GetState, %function
 233              	BTN_ISR_GetState:
 234              	.LFB10:
 320:Generated_Source\PSoC4/BTN_ISR.c **** 
 321:Generated_Source\PSoC4/BTN_ISR.c **** 
 322:Generated_Source\PSoC4/BTN_ISR.c **** /*******************************************************************************
 323:Generated_Source\PSoC4/BTN_ISR.c **** * Function Name: BTN_ISR_GetState
 324:Generated_Source\PSoC4/BTN_ISR.c **** ********************************************************************************
 325:Generated_Source\PSoC4/BTN_ISR.c **** *
 326:Generated_Source\PSoC4/BTN_ISR.c **** * Summary:
 327:Generated_Source\PSoC4/BTN_ISR.c **** *   Gets the state (enabled, disabled) of the Interrupt.
 328:Generated_Source\PSoC4/BTN_ISR.c **** *
 329:Generated_Source\PSoC4/BTN_ISR.c **** * Parameters:
 330:Generated_Source\PSoC4/BTN_ISR.c **** *   None
 331:Generated_Source\PSoC4/BTN_ISR.c **** *
 332:Generated_Source\PSoC4/BTN_ISR.c **** * Return:
 333:Generated_Source\PSoC4/BTN_ISR.c **** *   1 if enabled, 0 if disabled.
 334:Generated_Source\PSoC4/BTN_ISR.c **** *
 335:Generated_Source\PSoC4/BTN_ISR.c **** *******************************************************************************/
ARM GAS  C:\Users\HELLOK~1.1\AppData\Local\Temp\ccYyLz4e.s 			page 11


 336:Generated_Source\PSoC4/BTN_ISR.c **** uint8 BTN_ISR_GetState(void)
 337:Generated_Source\PSoC4/BTN_ISR.c **** {
 235              		.loc 1 337 0
 236              		.cfi_startproc
 237              		@ args = 0, pretend = 0, frame = 0
 238              		@ frame_needed = 0, uses_anonymous_args = 0
 239              		@ link register save eliminated.
 338:Generated_Source\PSoC4/BTN_ISR.c ****     /* Get the state of the general interrupt. */
 339:Generated_Source\PSoC4/BTN_ISR.c ****     return ((*BTN_ISR_INTC_SET_EN & (uint32)BTN_ISR__INTC_MASK) != 0u) ? 1u:0u;
 240              		.loc 1 339 0
 241 0000 034B     		ldr	r3, .L24
 242 0002 1B68     		ldr	r3, [r3]
 243 0004 DB06     		lsls	r3, r3, #27
 244 0006 01D5     		bpl	.L23
 245 0008 0120     		movs	r0, #1
 246 000a 00E0     		b	.L22
 247              	.L23:
 248 000c 0020     		movs	r0, #0
 249              	.L22:
 340:Generated_Source\PSoC4/BTN_ISR.c **** }
 250              		.loc 1 340 0 discriminator 4
 251              		@ sp needed
 252 000e 7047     		bx	lr
 253              	.L25:
 254              		.align	2
 255              	.L24:
 256 0010 00E100E0 		.word	-536813312
 257              		.cfi_endproc
 258              	.LFE10:
 259              		.size	BTN_ISR_GetState, .-BTN_ISR_GetState
 260              		.section	.text.BTN_ISR_Disable,"ax",%progbits
 261              		.align	2
 262              		.global	BTN_ISR_Disable
 263              		.code	16
 264              		.thumb_func
 265              		.type	BTN_ISR_Disable, %function
 266              	BTN_ISR_Disable:
 267              	.LFB11:
 341:Generated_Source\PSoC4/BTN_ISR.c **** 
 342:Generated_Source\PSoC4/BTN_ISR.c **** 
 343:Generated_Source\PSoC4/BTN_ISR.c **** /*******************************************************************************
 344:Generated_Source\PSoC4/BTN_ISR.c **** * Function Name: BTN_ISR_Disable
 345:Generated_Source\PSoC4/BTN_ISR.c **** ********************************************************************************
 346:Generated_Source\PSoC4/BTN_ISR.c **** *
 347:Generated_Source\PSoC4/BTN_ISR.c **** * Summary:
 348:Generated_Source\PSoC4/BTN_ISR.c **** *   Disables the Interrupt in the interrupt controller.
 349:Generated_Source\PSoC4/BTN_ISR.c **** *
 350:Generated_Source\PSoC4/BTN_ISR.c **** * Parameters:
 351:Generated_Source\PSoC4/BTN_ISR.c **** *   None
 352:Generated_Source\PSoC4/BTN_ISR.c **** *
 353:Generated_Source\PSoC4/BTN_ISR.c **** * Return:
 354:Generated_Source\PSoC4/BTN_ISR.c **** *   None
 355:Generated_Source\PSoC4/BTN_ISR.c **** *
 356:Generated_Source\PSoC4/BTN_ISR.c **** *******************************************************************************/
 357:Generated_Source\PSoC4/BTN_ISR.c **** void BTN_ISR_Disable(void)
 358:Generated_Source\PSoC4/BTN_ISR.c **** {
 268              		.loc 1 358 0
ARM GAS  C:\Users\HELLOK~1.1\AppData\Local\Temp\ccYyLz4e.s 			page 12


 269              		.cfi_startproc
 270              		@ args = 0, pretend = 0, frame = 0
 271              		@ frame_needed = 0, uses_anonymous_args = 0
 272              		@ link register save eliminated.
 359:Generated_Source\PSoC4/BTN_ISR.c ****     /* Disable the general interrupt. */
 360:Generated_Source\PSoC4/BTN_ISR.c ****     *BTN_ISR_INTC_CLR_EN = BTN_ISR__INTC_MASK;
 273              		.loc 1 360 0
 274 0000 1022     		movs	r2, #16
 275 0002 014B     		ldr	r3, .L27
 276 0004 1A60     		str	r2, [r3]
 361:Generated_Source\PSoC4/BTN_ISR.c **** }
 277              		.loc 1 361 0
 278              		@ sp needed
 279 0006 7047     		bx	lr
 280              	.L28:
 281              		.align	2
 282              	.L27:
 283 0008 80E100E0 		.word	-536813184
 284              		.cfi_endproc
 285              	.LFE11:
 286              		.size	BTN_ISR_Disable, .-BTN_ISR_Disable
 287              		.section	.text.BTN_ISR_Start,"ax",%progbits
 288              		.align	2
 289              		.global	BTN_ISR_Start
 290              		.code	16
 291              		.thumb_func
 292              		.type	BTN_ISR_Start, %function
 293              	BTN_ISR_Start:
 294              	.LFB1:
  58:Generated_Source\PSoC4/BTN_ISR.c ****     /* For all we know the interrupt is active. */
 295              		.loc 1 58 0
 296              		.cfi_startproc
 297              		@ args = 0, pretend = 0, frame = 0
 298              		@ frame_needed = 0, uses_anonymous_args = 0
 299 0000 10B5     		push	{r4, lr}
 300              		.cfi_def_cfa_offset 8
 301              		.cfi_offset 4, -8
 302              		.cfi_offset 14, -4
  60:Generated_Source\PSoC4/BTN_ISR.c **** 
 303              		.loc 1 60 0
 304 0002 FFF7FEFF 		bl	BTN_ISR_Disable
 305              	.LVL11:
  63:Generated_Source\PSoC4/BTN_ISR.c **** 
 306              		.loc 1 63 0
 307 0006 0448     		ldr	r0, .L30
 308 0008 FFF7FEFF 		bl	BTN_ISR_SetVector
 309              	.LVL12:
  66:Generated_Source\PSoC4/BTN_ISR.c **** 
 310              		.loc 1 66 0
 311 000c 0320     		movs	r0, #3
 312 000e FFF7FEFF 		bl	BTN_ISR_SetPriority
 313              	.LVL13:
  69:Generated_Source\PSoC4/BTN_ISR.c **** }
 314              		.loc 1 69 0
 315 0012 FFF7FEFF 		bl	BTN_ISR_Enable
 316              	.LVL14:
  70:Generated_Source\PSoC4/BTN_ISR.c **** 
ARM GAS  C:\Users\HELLOK~1.1\AppData\Local\Temp\ccYyLz4e.s 			page 13


 317              		.loc 1 70 0
 318              		@ sp needed
 319 0016 10BD     		pop	{r4, pc}
 320              	.L31:
 321              		.align	2
 322              	.L30:
 323 0018 00000000 		.word	BTN_ISR_Interrupt
 324              		.cfi_endproc
 325              	.LFE1:
 326              		.size	BTN_ISR_Start, .-BTN_ISR_Start
 327              		.section	.text.BTN_ISR_StartEx,"ax",%progbits
 328              		.align	2
 329              		.global	BTN_ISR_StartEx
 330              		.code	16
 331              		.thumb_func
 332              		.type	BTN_ISR_StartEx, %function
 333              	BTN_ISR_StartEx:
 334              	.LFB2:
 101:Generated_Source\PSoC4/BTN_ISR.c ****     /* For all we know the interrupt is active. */
 335              		.loc 1 101 0
 336              		.cfi_startproc
 337              		@ args = 0, pretend = 0, frame = 0
 338              		@ frame_needed = 0, uses_anonymous_args = 0
 339              	.LVL15:
 340 0000 10B5     		push	{r4, lr}
 341              		.cfi_def_cfa_offset 8
 342              		.cfi_offset 4, -8
 343              		.cfi_offset 14, -4
 344 0002 0400     		movs	r4, r0
 103:Generated_Source\PSoC4/BTN_ISR.c **** 
 345              		.loc 1 103 0
 346 0004 FFF7FEFF 		bl	BTN_ISR_Disable
 347              	.LVL16:
 106:Generated_Source\PSoC4/BTN_ISR.c **** 
 348              		.loc 1 106 0
 349 0008 2000     		movs	r0, r4
 350 000a FFF7FEFF 		bl	BTN_ISR_SetVector
 351              	.LVL17:
 109:Generated_Source\PSoC4/BTN_ISR.c **** 
 352              		.loc 1 109 0
 353 000e 0320     		movs	r0, #3
 354 0010 FFF7FEFF 		bl	BTN_ISR_SetPriority
 355              	.LVL18:
 112:Generated_Source\PSoC4/BTN_ISR.c **** }
 356              		.loc 1 112 0
 357 0014 FFF7FEFF 		bl	BTN_ISR_Enable
 358              	.LVL19:
 113:Generated_Source\PSoC4/BTN_ISR.c **** 
 359              		.loc 1 113 0
 360              		@ sp needed
 361              	.LVL20:
 362 0018 10BD     		pop	{r4, pc}
 363              		.cfi_endproc
 364              	.LFE2:
 365              		.size	BTN_ISR_StartEx, .-BTN_ISR_StartEx
 366 001a C046     		.section	.text.BTN_ISR_Stop,"ax",%progbits
 367              		.align	2
ARM GAS  C:\Users\HELLOK~1.1\AppData\Local\Temp\ccYyLz4e.s 			page 14


 368              		.global	BTN_ISR_Stop
 369              		.code	16
 370              		.thumb_func
 371              		.type	BTN_ISR_Stop, %function
 372              	BTN_ISR_Stop:
 373              	.LFB3:
 131:Generated_Source\PSoC4/BTN_ISR.c ****     /* Disable this interrupt. */
 374              		.loc 1 131 0
 375              		.cfi_startproc
 376              		@ args = 0, pretend = 0, frame = 0
 377              		@ frame_needed = 0, uses_anonymous_args = 0
 378 0000 10B5     		push	{r4, lr}
 379              		.cfi_def_cfa_offset 8
 380              		.cfi_offset 4, -8
 381              		.cfi_offset 14, -4
 133:Generated_Source\PSoC4/BTN_ISR.c **** 
 382              		.loc 1 133 0
 383 0002 FFF7FEFF 		bl	BTN_ISR_Disable
 384              	.LVL21:
 136:Generated_Source\PSoC4/BTN_ISR.c **** }
 385              		.loc 1 136 0
 386 0006 0248     		ldr	r0, .L34
 387 0008 FFF7FEFF 		bl	BTN_ISR_SetVector
 388              	.LVL22:
 137:Generated_Source\PSoC4/BTN_ISR.c **** 
 389              		.loc 1 137 0
 390              		@ sp needed
 391 000c 10BD     		pop	{r4, pc}
 392              	.L35:
 393 000e C046     		.align	2
 394              	.L34:
 395 0010 00000000 		.word	IntDefaultHandler
 396              		.cfi_endproc
 397              	.LFE3:
 398              		.size	BTN_ISR_Stop, .-BTN_ISR_Stop
 399              		.section	.text.BTN_ISR_SetPending,"ax",%progbits
 400              		.align	2
 401              		.global	BTN_ISR_SetPending
 402              		.code	16
 403              		.thumb_func
 404              		.type	BTN_ISR_SetPending, %function
 405              	BTN_ISR_SetPending:
 406              	.LFB12:
 362:Generated_Source\PSoC4/BTN_ISR.c **** 
 363:Generated_Source\PSoC4/BTN_ISR.c **** 
 364:Generated_Source\PSoC4/BTN_ISR.c **** /*******************************************************************************
 365:Generated_Source\PSoC4/BTN_ISR.c **** * Function Name: BTN_ISR_SetPending
 366:Generated_Source\PSoC4/BTN_ISR.c **** ********************************************************************************
 367:Generated_Source\PSoC4/BTN_ISR.c **** *
 368:Generated_Source\PSoC4/BTN_ISR.c **** * Summary:
 369:Generated_Source\PSoC4/BTN_ISR.c **** *   Causes the Interrupt to enter the pending state, a software method of
 370:Generated_Source\PSoC4/BTN_ISR.c **** *   generating the interrupt.
 371:Generated_Source\PSoC4/BTN_ISR.c **** *
 372:Generated_Source\PSoC4/BTN_ISR.c **** * Parameters:
 373:Generated_Source\PSoC4/BTN_ISR.c **** *   None
 374:Generated_Source\PSoC4/BTN_ISR.c **** *
 375:Generated_Source\PSoC4/BTN_ISR.c **** * Return:
ARM GAS  C:\Users\HELLOK~1.1\AppData\Local\Temp\ccYyLz4e.s 			page 15


 376:Generated_Source\PSoC4/BTN_ISR.c **** *   None
 377:Generated_Source\PSoC4/BTN_ISR.c **** *
 378:Generated_Source\PSoC4/BTN_ISR.c **** * Side Effects:
 379:Generated_Source\PSoC4/BTN_ISR.c **** *   If interrupts are enabled and the interrupt is set up properly, the ISR is
 380:Generated_Source\PSoC4/BTN_ISR.c **** *   entered (depending on the priority of this interrupt and other pending 
 381:Generated_Source\PSoC4/BTN_ISR.c **** *   interrupts).
 382:Generated_Source\PSoC4/BTN_ISR.c **** *
 383:Generated_Source\PSoC4/BTN_ISR.c **** *******************************************************************************/
 384:Generated_Source\PSoC4/BTN_ISR.c **** void BTN_ISR_SetPending(void)
 385:Generated_Source\PSoC4/BTN_ISR.c **** {
 407              		.loc 1 385 0
 408              		.cfi_startproc
 409              		@ args = 0, pretend = 0, frame = 0
 410              		@ frame_needed = 0, uses_anonymous_args = 0
 411              		@ link register save eliminated.
 386:Generated_Source\PSoC4/BTN_ISR.c ****     *BTN_ISR_INTC_SET_PD = BTN_ISR__INTC_MASK;
 412              		.loc 1 386 0
 413 0000 1022     		movs	r2, #16
 414 0002 014B     		ldr	r3, .L37
 415 0004 1A60     		str	r2, [r3]
 387:Generated_Source\PSoC4/BTN_ISR.c **** }
 416              		.loc 1 387 0
 417              		@ sp needed
 418 0006 7047     		bx	lr
 419              	.L38:
 420              		.align	2
 421              	.L37:
 422 0008 00E200E0 		.word	-536813056
 423              		.cfi_endproc
 424              	.LFE12:
 425              		.size	BTN_ISR_SetPending, .-BTN_ISR_SetPending
 426              		.section	.text.BTN_ISR_ClearPending,"ax",%progbits
 427              		.align	2
 428              		.global	BTN_ISR_ClearPending
 429              		.code	16
 430              		.thumb_func
 431              		.type	BTN_ISR_ClearPending, %function
 432              	BTN_ISR_ClearPending:
 433              	.LFB13:
 388:Generated_Source\PSoC4/BTN_ISR.c **** 
 389:Generated_Source\PSoC4/BTN_ISR.c **** 
 390:Generated_Source\PSoC4/BTN_ISR.c **** /*******************************************************************************
 391:Generated_Source\PSoC4/BTN_ISR.c **** * Function Name: BTN_ISR_ClearPending
 392:Generated_Source\PSoC4/BTN_ISR.c **** ********************************************************************************
 393:Generated_Source\PSoC4/BTN_ISR.c **** *
 394:Generated_Source\PSoC4/BTN_ISR.c **** * Summary:
 395:Generated_Source\PSoC4/BTN_ISR.c **** *   Clears a pending interrupt in the interrupt controller.
 396:Generated_Source\PSoC4/BTN_ISR.c **** *
 397:Generated_Source\PSoC4/BTN_ISR.c **** *   Note Some interrupt sources are clear-on-read and require the block 
 398:Generated_Source\PSoC4/BTN_ISR.c **** *   interrupt/status register to be read/cleared with the appropriate block API 
 399:Generated_Source\PSoC4/BTN_ISR.c **** *   (GPIO, UART, and so on). Otherwise the ISR will continue to remain in 
 400:Generated_Source\PSoC4/BTN_ISR.c **** *   pending state even though the interrupt itself is cleared using this API.
 401:Generated_Source\PSoC4/BTN_ISR.c **** *
 402:Generated_Source\PSoC4/BTN_ISR.c **** * Parameters:
 403:Generated_Source\PSoC4/BTN_ISR.c **** *   None
 404:Generated_Source\PSoC4/BTN_ISR.c **** *
 405:Generated_Source\PSoC4/BTN_ISR.c **** * Return:
ARM GAS  C:\Users\HELLOK~1.1\AppData\Local\Temp\ccYyLz4e.s 			page 16


 406:Generated_Source\PSoC4/BTN_ISR.c **** *   None
 407:Generated_Source\PSoC4/BTN_ISR.c **** *
 408:Generated_Source\PSoC4/BTN_ISR.c **** *******************************************************************************/
 409:Generated_Source\PSoC4/BTN_ISR.c **** void BTN_ISR_ClearPending(void)
 410:Generated_Source\PSoC4/BTN_ISR.c **** {
 434              		.loc 1 410 0
 435              		.cfi_startproc
 436              		@ args = 0, pretend = 0, frame = 0
 437              		@ frame_needed = 0, uses_anonymous_args = 0
 438              		@ link register save eliminated.
 411:Generated_Source\PSoC4/BTN_ISR.c ****     *BTN_ISR_INTC_CLR_PD = BTN_ISR__INTC_MASK;
 439              		.loc 1 411 0
 440 0000 1022     		movs	r2, #16
 441 0002 014B     		ldr	r3, .L40
 442 0004 1A60     		str	r2, [r3]
 412:Generated_Source\PSoC4/BTN_ISR.c **** }
 443              		.loc 1 412 0
 444              		@ sp needed
 445 0006 7047     		bx	lr
 446              	.L41:
 447              		.align	2
 448              	.L40:
 449 0008 80E200E0 		.word	-536812928
 450              		.cfi_endproc
 451              	.LFE13:
 452              		.size	BTN_ISR_ClearPending, .-BTN_ISR_ClearPending
 453              		.text
 454              	.Letext0:
 455              		.file 2 "Generated_Source\\PSoC4/cytypes.h"
 456              		.file 3 "Generated_Source\\PSoC4/CyLib.h"
 457              		.file 4 "Generated_Source\\PSoC4\\BTN.h"
 458              		.section	.debug_info,"",%progbits
 459              	.Ldebug_info0:
 460 0000 60030000 		.4byte	0x360
 461 0004 0400     		.2byte	0x4
 462 0006 00000000 		.4byte	.Ldebug_abbrev0
 463 000a 04       		.byte	0x4
 464 000b 01       		.uleb128 0x1
 465 000c D3010000 		.4byte	.LASF41
 466 0010 0C       		.byte	0xc
 467 0011 16000000 		.4byte	.LASF42
 468 0015 61020000 		.4byte	.LASF43
 469 0019 00000000 		.4byte	.Ldebug_ranges0+0
 470 001d 00000000 		.4byte	0
 471 0021 00000000 		.4byte	.Ldebug_line0
 472 0025 02       		.uleb128 0x2
 473 0026 01       		.byte	0x1
 474 0027 06       		.byte	0x6
 475 0028 43030000 		.4byte	.LASF0
 476 002c 02       		.uleb128 0x2
 477 002d 01       		.byte	0x1
 478 002e 08       		.byte	0x8
 479 002f D2000000 		.4byte	.LASF1
 480 0033 02       		.uleb128 0x2
 481 0034 02       		.byte	0x2
 482 0035 05       		.byte	0x5
 483 0036 F8020000 		.4byte	.LASF2
ARM GAS  C:\Users\HELLOK~1.1\AppData\Local\Temp\ccYyLz4e.s 			page 17


 484 003a 02       		.uleb128 0x2
 485 003b 02       		.byte	0x2
 486 003c 07       		.byte	0x7
 487 003d 4D000000 		.4byte	.LASF3
 488 0041 02       		.uleb128 0x2
 489 0042 04       		.byte	0x4
 490 0043 05       		.byte	0x5
 491 0044 44000000 		.4byte	.LASF4
 492 0048 02       		.uleb128 0x2
 493 0049 04       		.byte	0x4
 494 004a 07       		.byte	0x7
 495 004b EF000000 		.4byte	.LASF5
 496 004f 02       		.uleb128 0x2
 497 0050 08       		.byte	0x8
 498 0051 05       		.byte	0x5
 499 0052 D7020000 		.4byte	.LASF6
 500 0056 02       		.uleb128 0x2
 501 0057 08       		.byte	0x8
 502 0058 07       		.byte	0x7
 503 0059 BB000000 		.4byte	.LASF7
 504 005d 03       		.uleb128 0x3
 505 005e 04       		.byte	0x4
 506 005f 05       		.byte	0x5
 507 0060 696E7400 		.ascii	"int\000"
 508 0064 02       		.uleb128 0x2
 509 0065 04       		.byte	0x4
 510 0066 07       		.byte	0x7
 511 0067 63010000 		.4byte	.LASF8
 512 006b 04       		.uleb128 0x4
 513 006c 01010000 		.4byte	.LASF9
 514 0070 02       		.byte	0x2
 515 0071 FC01     		.2byte	0x1fc
 516 0073 2C000000 		.4byte	0x2c
 517 0077 04       		.uleb128 0x4
 518 0078 45010000 		.4byte	.LASF10
 519 007c 02       		.byte	0x2
 520 007d FE01     		.2byte	0x1fe
 521 007f 48000000 		.4byte	0x48
 522 0083 02       		.uleb128 0x2
 523 0084 04       		.byte	0x4
 524 0085 04       		.byte	0x4
 525 0086 B5000000 		.4byte	.LASF11
 526 008a 02       		.uleb128 0x2
 527 008b 08       		.byte	0x8
 528 008c 04       		.byte	0x4
 529 008d 1D010000 		.4byte	.LASF12
 530 0091 02       		.uleb128 0x2
 531 0092 01       		.byte	0x1
 532 0093 08       		.byte	0x8
 533 0094 F3020000 		.4byte	.LASF13
 534 0098 05       		.uleb128 0x5
 535 0099 6B000000 		.4byte	0x6b
 536 009d 04       		.uleb128 0x4
 537 009e 10000000 		.4byte	.LASF14
 538 00a2 02       		.byte	0x2
 539 00a3 A802     		.2byte	0x2a8
 540 00a5 A9000000 		.4byte	0xa9
ARM GAS  C:\Users\HELLOK~1.1\AppData\Local\Temp\ccYyLz4e.s 			page 18


 541 00a9 05       		.uleb128 0x5
 542 00aa 77000000 		.4byte	0x77
 543 00ae 04       		.uleb128 0x4
 544 00af C6010000 		.4byte	.LASF15
 545 00b3 02       		.byte	0x2
 546 00b4 B802     		.2byte	0x2b8
 547 00b6 BA000000 		.4byte	0xba
 548 00ba 06       		.uleb128 0x6
 549 00bb 04       		.byte	0x4
 550 00bc C0000000 		.4byte	0xc0
 551 00c0 07       		.uleb128 0x7
 552 00c1 02       		.uleb128 0x2
 553 00c2 08       		.byte	0x8
 554 00c3 04       		.byte	0x4
 555 00c4 37030000 		.4byte	.LASF16
 556 00c8 02       		.uleb128 0x2
 557 00c9 04       		.byte	0x4
 558 00ca 07       		.byte	0x7
 559 00cb C5020000 		.4byte	.LASF17
 560 00cf 08       		.uleb128 0x8
 561 00d0 8E010000 		.4byte	.LASF18
 562 00d4 01       		.byte	0x1
 563 00d5 A0       		.byte	0xa0
 564 00d6 00000000 		.4byte	.LFB4
 565 00da 28000000 		.4byte	.LFE4-.LFB4
 566 00de 01       		.uleb128 0x1
 567 00df 9C       		.byte	0x9c
 568 00e0 0A010000 		.4byte	0x10a
 569 00e4 09       		.uleb128 0x9
 570 00e5 08000000 		.4byte	.LVL0
 571 00e9 2C030000 		.4byte	0x32c
 572 00ed F7000000 		.4byte	0xf7
 573 00f1 0A       		.uleb128 0xa
 574 00f2 01       		.uleb128 0x1
 575 00f3 50       		.byte	0x50
 576 00f4 01       		.uleb128 0x1
 577 00f5 44       		.byte	0x44
 578 00f6 00       		.byte	0
 579 00f7 0B       		.uleb128 0xb
 580 00f8 0C000000 		.4byte	.LVL1
 581 00fc 37030000 		.4byte	0x337
 582 0100 0B       		.uleb128 0xb
 583 0101 10000000 		.4byte	.LVL2
 584 0105 42030000 		.4byte	0x342
 585 0109 00       		.byte	0
 586 010a 08       		.uleb128 0x8
 587 010b 33010000 		.4byte	.LASF19
 588 010f 01       		.byte	0x1
 589 0110 D2       		.byte	0xd2
 590 0111 00000000 		.4byte	.LFB5
 591 0115 0C000000 		.4byte	.LFE5-.LFB5
 592 0119 01       		.uleb128 0x1
 593 011a 9C       		.byte	0x9c
 594 011b 2D010000 		.4byte	0x12d
 595 011f 0C       		.uleb128 0xc
 596 0120 70010000 		.4byte	.LASF21
 597 0124 01       		.byte	0x1
ARM GAS  C:\Users\HELLOK~1.1\AppData\Local\Temp\ccYyLz4e.s 			page 19


 598 0125 D2       		.byte	0xd2
 599 0126 AE000000 		.4byte	0xae
 600 012a 01       		.uleb128 0x1
 601 012b 50       		.byte	0x50
 602 012c 00       		.byte	0
 603 012d 0D       		.uleb128 0xd
 604 012e 11030000 		.4byte	.LASF25
 605 0132 01       		.byte	0x1
 606 0133 E6       		.byte	0xe6
 607 0134 AE000000 		.4byte	0xae
 608 0138 00000000 		.4byte	.LFB6
 609 013c 0C000000 		.4byte	.LFE6-.LFB6
 610 0140 01       		.uleb128 0x1
 611 0141 9C       		.byte	0x9c
 612 0142 0E       		.uleb128 0xe
 613 0143 70000000 		.4byte	.LASF20
 614 0147 01       		.byte	0x1
 615 0148 0401     		.2byte	0x104
 616 014a 00000000 		.4byte	.LFB7
 617 014e 20000000 		.4byte	.LFE7-.LFB7
 618 0152 01       		.uleb128 0x1
 619 0153 9C       		.byte	0x9c
 620 0154 98010000 		.4byte	0x198
 621 0158 0F       		.uleb128 0xf
 622 0159 14010000 		.4byte	.LASF22
 623 015d 01       		.byte	0x1
 624 015e 0401     		.2byte	0x104
 625 0160 6B000000 		.4byte	0x6b
 626 0164 00000000 		.4byte	.LLST0
 627 0168 10       		.uleb128 0x10
 628 0169 E0000000 		.4byte	.LASF23
 629 016d 01       		.byte	0x1
 630 016e 0601     		.2byte	0x106
 631 0170 6B000000 		.4byte	0x6b
 632 0174 21000000 		.4byte	.LLST1
 633 0178 11       		.uleb128 0x11
 634 0179 02030000 		.4byte	.LASF24
 635 017d 01       		.byte	0x1
 636 017e 0701     		.2byte	0x107
 637 0180 77000000 		.4byte	0x77
 638 0184 06       		.byte	0x6
 639 0185 0B       		.uleb128 0xb
 640 0186 08000000 		.4byte	.LVL6
 641 018a 4D030000 		.4byte	0x34d
 642 018e 0B       		.uleb128 0xb
 643 018f 1A000000 		.4byte	.LVL7
 644 0193 58030000 		.4byte	0x358
 645 0197 00       		.byte	0
 646 0198 12       		.uleb128 0x12
 647 0199 23030000 		.4byte	.LASF44
 648 019d 01       		.byte	0x1
 649 019e 2001     		.2byte	0x120
 650 01a0 6B000000 		.4byte	0x6b
 651 01a4 00000000 		.4byte	.LFB8
 652 01a8 10000000 		.4byte	.LFE8-.LFB8
 653 01ac 01       		.uleb128 0x1
 654 01ad 9C       		.byte	0x9c
ARM GAS  C:\Users\HELLOK~1.1\AppData\Local\Temp\ccYyLz4e.s 			page 20


 655 01ae D0010000 		.4byte	0x1d0
 656 01b2 10       		.uleb128 0x10
 657 01b3 14010000 		.4byte	.LASF22
 658 01b7 01       		.byte	0x1
 659 01b8 2201     		.2byte	0x122
 660 01ba 77000000 		.4byte	0x77
 661 01be 34000000 		.4byte	.LLST2
 662 01c2 11       		.uleb128 0x11
 663 01c3 02030000 		.4byte	.LASF24
 664 01c7 01       		.byte	0x1
 665 01c8 2301     		.2byte	0x123
 666 01ca 77000000 		.4byte	0x77
 667 01ce 06       		.byte	0x6
 668 01cf 00       		.byte	0
 669 01d0 13       		.uleb128 0x13
 670 01d1 24010000 		.4byte	.LASF27
 671 01d5 01       		.byte	0x1
 672 01d6 3B01     		.2byte	0x13b
 673 01d8 00000000 		.4byte	.LFB9
 674 01dc 0C000000 		.4byte	.LFE9-.LFB9
 675 01e0 01       		.uleb128 0x1
 676 01e1 9C       		.byte	0x9c
 677 01e2 14       		.uleb128 0x14
 678 01e3 A4000000 		.4byte	.LASF26
 679 01e7 01       		.byte	0x1
 680 01e8 5001     		.2byte	0x150
 681 01ea 6B000000 		.4byte	0x6b
 682 01ee 00000000 		.4byte	.LFB10
 683 01f2 14000000 		.4byte	.LFE10-.LFB10
 684 01f6 01       		.uleb128 0x1
 685 01f7 9C       		.byte	0x9c
 686 01f8 13       		.uleb128 0x13
 687 01f9 60000000 		.4byte	.LASF28
 688 01fd 01       		.byte	0x1
 689 01fe 6501     		.2byte	0x165
 690 0200 00000000 		.4byte	.LFB11
 691 0204 0C000000 		.4byte	.LFE11-.LFB11
 692 0208 01       		.uleb128 0x1
 693 0209 9C       		.byte	0x9c
 694 020a 08       		.uleb128 0x8
 695 020b E5020000 		.4byte	.LASF29
 696 020f 01       		.byte	0x1
 697 0210 39       		.byte	0x39
 698 0211 00000000 		.4byte	.LFB1
 699 0215 1C000000 		.4byte	.LFE1-.LFB1
 700 0219 01       		.uleb128 0x1
 701 021a 9C       		.byte	0x9c
 702 021b 5C020000 		.4byte	0x25c
 703 021f 0B       		.uleb128 0xb
 704 0220 06000000 		.4byte	.LVL11
 705 0224 F8010000 		.4byte	0x1f8
 706 0228 09       		.uleb128 0x9
 707 0229 0C000000 		.4byte	.LVL12
 708 022d 0A010000 		.4byte	0x10a
 709 0231 3F020000 		.4byte	0x23f
 710 0235 0A       		.uleb128 0xa
 711 0236 01       		.uleb128 0x1
ARM GAS  C:\Users\HELLOK~1.1\AppData\Local\Temp\ccYyLz4e.s 			page 21


 712 0237 50       		.byte	0x50
 713 0238 05       		.uleb128 0x5
 714 0239 03       		.byte	0x3
 715 023a 00000000 		.4byte	BTN_ISR_Interrupt
 716 023e 00       		.byte	0
 717 023f 09       		.uleb128 0x9
 718 0240 12000000 		.4byte	.LVL13
 719 0244 42010000 		.4byte	0x142
 720 0248 52020000 		.4byte	0x252
 721 024c 0A       		.uleb128 0xa
 722 024d 01       		.uleb128 0x1
 723 024e 50       		.byte	0x50
 724 024f 01       		.uleb128 0x1
 725 0250 33       		.byte	0x33
 726 0251 00       		.byte	0
 727 0252 0B       		.uleb128 0xb
 728 0253 16000000 		.4byte	.LVL14
 729 0257 D0010000 		.4byte	0x1d0
 730 025b 00       		.byte	0
 731 025c 08       		.uleb128 0x8
 732 025d 00000000 		.4byte	.LASF30
 733 0261 01       		.byte	0x1
 734 0262 64       		.byte	0x64
 735 0263 00000000 		.4byte	.LFB2
 736 0267 1A000000 		.4byte	.LFE2-.LFB2
 737 026b 01       		.uleb128 0x1
 738 026c 9C       		.byte	0x9c
 739 026d BA020000 		.4byte	0x2ba
 740 0271 15       		.uleb128 0x15
 741 0272 70010000 		.4byte	.LASF21
 742 0276 01       		.byte	0x1
 743 0277 64       		.byte	0x64
 744 0278 AE000000 		.4byte	0xae
 745 027c 56000000 		.4byte	.LLST3
 746 0280 0B       		.uleb128 0xb
 747 0281 08000000 		.4byte	.LVL16
 748 0285 F8010000 		.4byte	0x1f8
 749 0289 09       		.uleb128 0x9
 750 028a 0E000000 		.4byte	.LVL17
 751 028e 0A010000 		.4byte	0x10a
 752 0292 9D020000 		.4byte	0x29d
 753 0296 0A       		.uleb128 0xa
 754 0297 01       		.uleb128 0x1
 755 0298 50       		.byte	0x50
 756 0299 02       		.uleb128 0x2
 757 029a 74       		.byte	0x74
 758 029b 00       		.sleb128 0
 759 029c 00       		.byte	0
 760 029d 09       		.uleb128 0x9
 761 029e 14000000 		.4byte	.LVL18
 762 02a2 42010000 		.4byte	0x142
 763 02a6 B0020000 		.4byte	0x2b0
 764 02aa 0A       		.uleb128 0xa
 765 02ab 01       		.uleb128 0x1
 766 02ac 50       		.byte	0x50
 767 02ad 01       		.uleb128 0x1
 768 02ae 33       		.byte	0x33
ARM GAS  C:\Users\HELLOK~1.1\AppData\Local\Temp\ccYyLz4e.s 			page 22


 769 02af 00       		.byte	0
 770 02b0 0B       		.uleb128 0xb
 771 02b1 18000000 		.4byte	.LVL19
 772 02b5 D0010000 		.4byte	0x1d0
 773 02b9 00       		.byte	0
 774 02ba 08       		.uleb128 0x8
 775 02bb 07010000 		.4byte	.LASF31
 776 02bf 01       		.byte	0x1
 777 02c0 82       		.byte	0x82
 778 02c1 00000000 		.4byte	.LFB3
 779 02c5 14000000 		.4byte	.LFE3-.LFB3
 780 02c9 01       		.uleb128 0x1
 781 02ca 9C       		.byte	0x9c
 782 02cb E2020000 		.4byte	0x2e2
 783 02cf 0B       		.uleb128 0xb
 784 02d0 06000000 		.4byte	.LVL21
 785 02d4 F8010000 		.4byte	0x1f8
 786 02d8 0B       		.uleb128 0xb
 787 02d9 0C000000 		.4byte	.LVL22
 788 02dd 0A010000 		.4byte	0x10a
 789 02e1 00       		.byte	0
 790 02e2 13       		.uleb128 0x13
 791 02e3 B3010000 		.4byte	.LASF32
 792 02e7 01       		.byte	0x1
 793 02e8 8001     		.2byte	0x180
 794 02ea 00000000 		.4byte	.LFB12
 795 02ee 0C000000 		.4byte	.LFE12-.LFB12
 796 02f2 01       		.uleb128 0x1
 797 02f3 9C       		.byte	0x9c
 798 02f4 13       		.uleb128 0x13
 799 02f5 84000000 		.4byte	.LASF33
 800 02f9 01       		.byte	0x1
 801 02fa 9901     		.2byte	0x199
 802 02fc 00000000 		.4byte	.LFB13
 803 0300 0C000000 		.4byte	.LFE13-.LFB13
 804 0304 01       		.uleb128 0x1
 805 0305 9C       		.byte	0x9c
 806 0306 16       		.uleb128 0x16
 807 0307 99000000 		.4byte	.LASF34
 808 030b 01       		.byte	0x1
 809 030c 1F       		.byte	0x1f
 810 030d 98000000 		.4byte	0x98
 811 0311 17       		.uleb128 0x17
 812 0312 AE000000 		.4byte	0xae
 813 0316 21030000 		.4byte	0x321
 814 031a 18       		.uleb128 0x18
 815 031b C8000000 		.4byte	0xc8
 816 031f 2F       		.byte	0x2f
 817 0320 00       		.byte	0
 818 0321 16       		.uleb128 0x16
 819 0322 37000000 		.4byte	.LASF35
 820 0326 01       		.byte	0x1
 821 0327 22       		.byte	0x22
 822 0328 11030000 		.4byte	0x311
 823 032c 19       		.uleb128 0x19
 824 032d 4F030000 		.4byte	.LASF36
 825 0331 4F030000 		.4byte	.LASF36
ARM GAS  C:\Users\HELLOK~1.1\AppData\Local\Temp\ccYyLz4e.s 			page 23


 826 0335 03       		.byte	0x3
 827 0336 EC       		.byte	0xec
 828 0337 19       		.uleb128 0x19
 829 0338 A0010000 		.4byte	.LASF37
 830 033c A0010000 		.4byte	.LASF37
 831 0340 04       		.byte	0x4
 832 0341 39       		.byte	0x39
 833 0342 19       		.uleb128 0x19
 834 0343 CE020000 		.4byte	.LASF38
 835 0347 CE020000 		.4byte	.LASF38
 836 034b 04       		.byte	0x4
 837 034c 32       		.byte	0x32
 838 034d 19       		.uleb128 0x19
 839 034e 4C010000 		.4byte	.LASF39
 840 0352 4C010000 		.4byte	.LASF39
 841 0356 03       		.byte	0x3
 842 0357 F8       		.byte	0xf8
 843 0358 19       		.uleb128 0x19
 844 0359 78010000 		.4byte	.LASF40
 845 035d 78010000 		.4byte	.LASF40
 846 0361 03       		.byte	0x3
 847 0362 F9       		.byte	0xf9
 848 0363 00       		.byte	0
 849              		.section	.debug_abbrev,"",%progbits
 850              	.Ldebug_abbrev0:
 851 0000 01       		.uleb128 0x1
 852 0001 11       		.uleb128 0x11
 853 0002 01       		.byte	0x1
 854 0003 25       		.uleb128 0x25
 855 0004 0E       		.uleb128 0xe
 856 0005 13       		.uleb128 0x13
 857 0006 0B       		.uleb128 0xb
 858 0007 03       		.uleb128 0x3
 859 0008 0E       		.uleb128 0xe
 860 0009 1B       		.uleb128 0x1b
 861 000a 0E       		.uleb128 0xe
 862 000b 55       		.uleb128 0x55
 863 000c 17       		.uleb128 0x17
 864 000d 11       		.uleb128 0x11
 865 000e 01       		.uleb128 0x1
 866 000f 10       		.uleb128 0x10
 867 0010 17       		.uleb128 0x17
 868 0011 00       		.byte	0
 869 0012 00       		.byte	0
 870 0013 02       		.uleb128 0x2
 871 0014 24       		.uleb128 0x24
 872 0015 00       		.byte	0
 873 0016 0B       		.uleb128 0xb
 874 0017 0B       		.uleb128 0xb
 875 0018 3E       		.uleb128 0x3e
 876 0019 0B       		.uleb128 0xb
 877 001a 03       		.uleb128 0x3
 878 001b 0E       		.uleb128 0xe
 879 001c 00       		.byte	0
 880 001d 00       		.byte	0
 881 001e 03       		.uleb128 0x3
 882 001f 24       		.uleb128 0x24
ARM GAS  C:\Users\HELLOK~1.1\AppData\Local\Temp\ccYyLz4e.s 			page 24


 883 0020 00       		.byte	0
 884 0021 0B       		.uleb128 0xb
 885 0022 0B       		.uleb128 0xb
 886 0023 3E       		.uleb128 0x3e
 887 0024 0B       		.uleb128 0xb
 888 0025 03       		.uleb128 0x3
 889 0026 08       		.uleb128 0x8
 890 0027 00       		.byte	0
 891 0028 00       		.byte	0
 892 0029 04       		.uleb128 0x4
 893 002a 16       		.uleb128 0x16
 894 002b 00       		.byte	0
 895 002c 03       		.uleb128 0x3
 896 002d 0E       		.uleb128 0xe
 897 002e 3A       		.uleb128 0x3a
 898 002f 0B       		.uleb128 0xb
 899 0030 3B       		.uleb128 0x3b
 900 0031 05       		.uleb128 0x5
 901 0032 49       		.uleb128 0x49
 902 0033 13       		.uleb128 0x13
 903 0034 00       		.byte	0
 904 0035 00       		.byte	0
 905 0036 05       		.uleb128 0x5
 906 0037 35       		.uleb128 0x35
 907 0038 00       		.byte	0
 908 0039 49       		.uleb128 0x49
 909 003a 13       		.uleb128 0x13
 910 003b 00       		.byte	0
 911 003c 00       		.byte	0
 912 003d 06       		.uleb128 0x6
 913 003e 0F       		.uleb128 0xf
 914 003f 00       		.byte	0
 915 0040 0B       		.uleb128 0xb
 916 0041 0B       		.uleb128 0xb
 917 0042 49       		.uleb128 0x49
 918 0043 13       		.uleb128 0x13
 919 0044 00       		.byte	0
 920 0045 00       		.byte	0
 921 0046 07       		.uleb128 0x7
 922 0047 15       		.uleb128 0x15
 923 0048 00       		.byte	0
 924 0049 27       		.uleb128 0x27
 925 004a 19       		.uleb128 0x19
 926 004b 00       		.byte	0
 927 004c 00       		.byte	0
 928 004d 08       		.uleb128 0x8
 929 004e 2E       		.uleb128 0x2e
 930 004f 01       		.byte	0x1
 931 0050 3F       		.uleb128 0x3f
 932 0051 19       		.uleb128 0x19
 933 0052 03       		.uleb128 0x3
 934 0053 0E       		.uleb128 0xe
 935 0054 3A       		.uleb128 0x3a
 936 0055 0B       		.uleb128 0xb
 937 0056 3B       		.uleb128 0x3b
 938 0057 0B       		.uleb128 0xb
 939 0058 27       		.uleb128 0x27
ARM GAS  C:\Users\HELLOK~1.1\AppData\Local\Temp\ccYyLz4e.s 			page 25


 940 0059 19       		.uleb128 0x19
 941 005a 11       		.uleb128 0x11
 942 005b 01       		.uleb128 0x1
 943 005c 12       		.uleb128 0x12
 944 005d 06       		.uleb128 0x6
 945 005e 40       		.uleb128 0x40
 946 005f 18       		.uleb128 0x18
 947 0060 9742     		.uleb128 0x2117
 948 0062 19       		.uleb128 0x19
 949 0063 01       		.uleb128 0x1
 950 0064 13       		.uleb128 0x13
 951 0065 00       		.byte	0
 952 0066 00       		.byte	0
 953 0067 09       		.uleb128 0x9
 954 0068 898201   		.uleb128 0x4109
 955 006b 01       		.byte	0x1
 956 006c 11       		.uleb128 0x11
 957 006d 01       		.uleb128 0x1
 958 006e 31       		.uleb128 0x31
 959 006f 13       		.uleb128 0x13
 960 0070 01       		.uleb128 0x1
 961 0071 13       		.uleb128 0x13
 962 0072 00       		.byte	0
 963 0073 00       		.byte	0
 964 0074 0A       		.uleb128 0xa
 965 0075 8A8201   		.uleb128 0x410a
 966 0078 00       		.byte	0
 967 0079 02       		.uleb128 0x2
 968 007a 18       		.uleb128 0x18
 969 007b 9142     		.uleb128 0x2111
 970 007d 18       		.uleb128 0x18
 971 007e 00       		.byte	0
 972 007f 00       		.byte	0
 973 0080 0B       		.uleb128 0xb
 974 0081 898201   		.uleb128 0x4109
 975 0084 00       		.byte	0
 976 0085 11       		.uleb128 0x11
 977 0086 01       		.uleb128 0x1
 978 0087 31       		.uleb128 0x31
 979 0088 13       		.uleb128 0x13
 980 0089 00       		.byte	0
 981 008a 00       		.byte	0
 982 008b 0C       		.uleb128 0xc
 983 008c 05       		.uleb128 0x5
 984 008d 00       		.byte	0
 985 008e 03       		.uleb128 0x3
 986 008f 0E       		.uleb128 0xe
 987 0090 3A       		.uleb128 0x3a
 988 0091 0B       		.uleb128 0xb
 989 0092 3B       		.uleb128 0x3b
 990 0093 0B       		.uleb128 0xb
 991 0094 49       		.uleb128 0x49
 992 0095 13       		.uleb128 0x13
 993 0096 02       		.uleb128 0x2
 994 0097 18       		.uleb128 0x18
 995 0098 00       		.byte	0
 996 0099 00       		.byte	0
ARM GAS  C:\Users\HELLOK~1.1\AppData\Local\Temp\ccYyLz4e.s 			page 26


 997 009a 0D       		.uleb128 0xd
 998 009b 2E       		.uleb128 0x2e
 999 009c 00       		.byte	0
 1000 009d 3F       		.uleb128 0x3f
 1001 009e 19       		.uleb128 0x19
 1002 009f 03       		.uleb128 0x3
 1003 00a0 0E       		.uleb128 0xe
 1004 00a1 3A       		.uleb128 0x3a
 1005 00a2 0B       		.uleb128 0xb
 1006 00a3 3B       		.uleb128 0x3b
 1007 00a4 0B       		.uleb128 0xb
 1008 00a5 27       		.uleb128 0x27
 1009 00a6 19       		.uleb128 0x19
 1010 00a7 49       		.uleb128 0x49
 1011 00a8 13       		.uleb128 0x13
 1012 00a9 11       		.uleb128 0x11
 1013 00aa 01       		.uleb128 0x1
 1014 00ab 12       		.uleb128 0x12
 1015 00ac 06       		.uleb128 0x6
 1016 00ad 40       		.uleb128 0x40
 1017 00ae 18       		.uleb128 0x18
 1018 00af 9742     		.uleb128 0x2117
 1019 00b1 19       		.uleb128 0x19
 1020 00b2 00       		.byte	0
 1021 00b3 00       		.byte	0
 1022 00b4 0E       		.uleb128 0xe
 1023 00b5 2E       		.uleb128 0x2e
 1024 00b6 01       		.byte	0x1
 1025 00b7 3F       		.uleb128 0x3f
 1026 00b8 19       		.uleb128 0x19
 1027 00b9 03       		.uleb128 0x3
 1028 00ba 0E       		.uleb128 0xe
 1029 00bb 3A       		.uleb128 0x3a
 1030 00bc 0B       		.uleb128 0xb
 1031 00bd 3B       		.uleb128 0x3b
 1032 00be 05       		.uleb128 0x5
 1033 00bf 27       		.uleb128 0x27
 1034 00c0 19       		.uleb128 0x19
 1035 00c1 11       		.uleb128 0x11
 1036 00c2 01       		.uleb128 0x1
 1037 00c3 12       		.uleb128 0x12
 1038 00c4 06       		.uleb128 0x6
 1039 00c5 40       		.uleb128 0x40
 1040 00c6 18       		.uleb128 0x18
 1041 00c7 9742     		.uleb128 0x2117
 1042 00c9 19       		.uleb128 0x19
 1043 00ca 01       		.uleb128 0x1
 1044 00cb 13       		.uleb128 0x13
 1045 00cc 00       		.byte	0
 1046 00cd 00       		.byte	0
 1047 00ce 0F       		.uleb128 0xf
 1048 00cf 05       		.uleb128 0x5
 1049 00d0 00       		.byte	0
 1050 00d1 03       		.uleb128 0x3
 1051 00d2 0E       		.uleb128 0xe
 1052 00d3 3A       		.uleb128 0x3a
 1053 00d4 0B       		.uleb128 0xb
ARM GAS  C:\Users\HELLOK~1.1\AppData\Local\Temp\ccYyLz4e.s 			page 27


 1054 00d5 3B       		.uleb128 0x3b
 1055 00d6 05       		.uleb128 0x5
 1056 00d7 49       		.uleb128 0x49
 1057 00d8 13       		.uleb128 0x13
 1058 00d9 02       		.uleb128 0x2
 1059 00da 17       		.uleb128 0x17
 1060 00db 00       		.byte	0
 1061 00dc 00       		.byte	0
 1062 00dd 10       		.uleb128 0x10
 1063 00de 34       		.uleb128 0x34
 1064 00df 00       		.byte	0
 1065 00e0 03       		.uleb128 0x3
 1066 00e1 0E       		.uleb128 0xe
 1067 00e2 3A       		.uleb128 0x3a
 1068 00e3 0B       		.uleb128 0xb
 1069 00e4 3B       		.uleb128 0x3b
 1070 00e5 05       		.uleb128 0x5
 1071 00e6 49       		.uleb128 0x49
 1072 00e7 13       		.uleb128 0x13
 1073 00e8 02       		.uleb128 0x2
 1074 00e9 17       		.uleb128 0x17
 1075 00ea 00       		.byte	0
 1076 00eb 00       		.byte	0
 1077 00ec 11       		.uleb128 0x11
 1078 00ed 34       		.uleb128 0x34
 1079 00ee 00       		.byte	0
 1080 00ef 03       		.uleb128 0x3
 1081 00f0 0E       		.uleb128 0xe
 1082 00f1 3A       		.uleb128 0x3a
 1083 00f2 0B       		.uleb128 0xb
 1084 00f3 3B       		.uleb128 0x3b
 1085 00f4 05       		.uleb128 0x5
 1086 00f5 49       		.uleb128 0x49
 1087 00f6 13       		.uleb128 0x13
 1088 00f7 1C       		.uleb128 0x1c
 1089 00f8 0B       		.uleb128 0xb
 1090 00f9 00       		.byte	0
 1091 00fa 00       		.byte	0
 1092 00fb 12       		.uleb128 0x12
 1093 00fc 2E       		.uleb128 0x2e
 1094 00fd 01       		.byte	0x1
 1095 00fe 3F       		.uleb128 0x3f
 1096 00ff 19       		.uleb128 0x19
 1097 0100 03       		.uleb128 0x3
 1098 0101 0E       		.uleb128 0xe
 1099 0102 3A       		.uleb128 0x3a
 1100 0103 0B       		.uleb128 0xb
 1101 0104 3B       		.uleb128 0x3b
 1102 0105 05       		.uleb128 0x5
 1103 0106 27       		.uleb128 0x27
 1104 0107 19       		.uleb128 0x19
 1105 0108 49       		.uleb128 0x49
 1106 0109 13       		.uleb128 0x13
 1107 010a 11       		.uleb128 0x11
 1108 010b 01       		.uleb128 0x1
 1109 010c 12       		.uleb128 0x12
 1110 010d 06       		.uleb128 0x6
ARM GAS  C:\Users\HELLOK~1.1\AppData\Local\Temp\ccYyLz4e.s 			page 28


 1111 010e 40       		.uleb128 0x40
 1112 010f 18       		.uleb128 0x18
 1113 0110 9742     		.uleb128 0x2117
 1114 0112 19       		.uleb128 0x19
 1115 0113 01       		.uleb128 0x1
 1116 0114 13       		.uleb128 0x13
 1117 0115 00       		.byte	0
 1118 0116 00       		.byte	0
 1119 0117 13       		.uleb128 0x13
 1120 0118 2E       		.uleb128 0x2e
 1121 0119 00       		.byte	0
 1122 011a 3F       		.uleb128 0x3f
 1123 011b 19       		.uleb128 0x19
 1124 011c 03       		.uleb128 0x3
 1125 011d 0E       		.uleb128 0xe
 1126 011e 3A       		.uleb128 0x3a
 1127 011f 0B       		.uleb128 0xb
 1128 0120 3B       		.uleb128 0x3b
 1129 0121 05       		.uleb128 0x5
 1130 0122 27       		.uleb128 0x27
 1131 0123 19       		.uleb128 0x19
 1132 0124 11       		.uleb128 0x11
 1133 0125 01       		.uleb128 0x1
 1134 0126 12       		.uleb128 0x12
 1135 0127 06       		.uleb128 0x6
 1136 0128 40       		.uleb128 0x40
 1137 0129 18       		.uleb128 0x18
 1138 012a 9742     		.uleb128 0x2117
 1139 012c 19       		.uleb128 0x19
 1140 012d 00       		.byte	0
 1141 012e 00       		.byte	0
 1142 012f 14       		.uleb128 0x14
 1143 0130 2E       		.uleb128 0x2e
 1144 0131 00       		.byte	0
 1145 0132 3F       		.uleb128 0x3f
 1146 0133 19       		.uleb128 0x19
 1147 0134 03       		.uleb128 0x3
 1148 0135 0E       		.uleb128 0xe
 1149 0136 3A       		.uleb128 0x3a
 1150 0137 0B       		.uleb128 0xb
 1151 0138 3B       		.uleb128 0x3b
 1152 0139 05       		.uleb128 0x5
 1153 013a 27       		.uleb128 0x27
 1154 013b 19       		.uleb128 0x19
 1155 013c 49       		.uleb128 0x49
 1156 013d 13       		.uleb128 0x13
 1157 013e 11       		.uleb128 0x11
 1158 013f 01       		.uleb128 0x1
 1159 0140 12       		.uleb128 0x12
 1160 0141 06       		.uleb128 0x6
 1161 0142 40       		.uleb128 0x40
 1162 0143 18       		.uleb128 0x18
 1163 0144 9742     		.uleb128 0x2117
 1164 0146 19       		.uleb128 0x19
 1165 0147 00       		.byte	0
 1166 0148 00       		.byte	0
 1167 0149 15       		.uleb128 0x15
ARM GAS  C:\Users\HELLOK~1.1\AppData\Local\Temp\ccYyLz4e.s 			page 29


 1168 014a 05       		.uleb128 0x5
 1169 014b 00       		.byte	0
 1170 014c 03       		.uleb128 0x3
 1171 014d 0E       		.uleb128 0xe
 1172 014e 3A       		.uleb128 0x3a
 1173 014f 0B       		.uleb128 0xb
 1174 0150 3B       		.uleb128 0x3b
 1175 0151 0B       		.uleb128 0xb
 1176 0152 49       		.uleb128 0x49
 1177 0153 13       		.uleb128 0x13
 1178 0154 02       		.uleb128 0x2
 1179 0155 17       		.uleb128 0x17
 1180 0156 00       		.byte	0
 1181 0157 00       		.byte	0
 1182 0158 16       		.uleb128 0x16
 1183 0159 34       		.uleb128 0x34
 1184 015a 00       		.byte	0
 1185 015b 03       		.uleb128 0x3
 1186 015c 0E       		.uleb128 0xe
 1187 015d 3A       		.uleb128 0x3a
 1188 015e 0B       		.uleb128 0xb
 1189 015f 3B       		.uleb128 0x3b
 1190 0160 0B       		.uleb128 0xb
 1191 0161 49       		.uleb128 0x49
 1192 0162 13       		.uleb128 0x13
 1193 0163 3F       		.uleb128 0x3f
 1194 0164 19       		.uleb128 0x19
 1195 0165 3C       		.uleb128 0x3c
 1196 0166 19       		.uleb128 0x19
 1197 0167 00       		.byte	0
 1198 0168 00       		.byte	0
 1199 0169 17       		.uleb128 0x17
 1200 016a 01       		.uleb128 0x1
 1201 016b 01       		.byte	0x1
 1202 016c 49       		.uleb128 0x49
 1203 016d 13       		.uleb128 0x13
 1204 016e 01       		.uleb128 0x1
 1205 016f 13       		.uleb128 0x13
 1206 0170 00       		.byte	0
 1207 0171 00       		.byte	0
 1208 0172 18       		.uleb128 0x18
 1209 0173 21       		.uleb128 0x21
 1210 0174 00       		.byte	0
 1211 0175 49       		.uleb128 0x49
 1212 0176 13       		.uleb128 0x13
 1213 0177 2F       		.uleb128 0x2f
 1214 0178 0B       		.uleb128 0xb
 1215 0179 00       		.byte	0
 1216 017a 00       		.byte	0
 1217 017b 19       		.uleb128 0x19
 1218 017c 2E       		.uleb128 0x2e
 1219 017d 00       		.byte	0
 1220 017e 3F       		.uleb128 0x3f
 1221 017f 19       		.uleb128 0x19
 1222 0180 3C       		.uleb128 0x3c
 1223 0181 19       		.uleb128 0x19
 1224 0182 6E       		.uleb128 0x6e
ARM GAS  C:\Users\HELLOK~1.1\AppData\Local\Temp\ccYyLz4e.s 			page 30


 1225 0183 0E       		.uleb128 0xe
 1226 0184 03       		.uleb128 0x3
 1227 0185 0E       		.uleb128 0xe
 1228 0186 3A       		.uleb128 0x3a
 1229 0187 0B       		.uleb128 0xb
 1230 0188 3B       		.uleb128 0x3b
 1231 0189 0B       		.uleb128 0xb
 1232 018a 00       		.byte	0
 1233 018b 00       		.byte	0
 1234 018c 00       		.byte	0
 1235              		.section	.debug_loc,"",%progbits
 1236              	.Ldebug_loc0:
 1237              	.LLST0:
 1238 0000 00000000 		.4byte	.LVL4
 1239 0004 07000000 		.4byte	.LVL6-1
 1240 0008 0100     		.2byte	0x1
 1241 000a 50       		.byte	0x50
 1242 000b 07000000 		.4byte	.LVL6-1
 1243 000f 20000000 		.4byte	.LFE7
 1244 0013 0400     		.2byte	0x4
 1245 0015 F3       		.byte	0xf3
 1246 0016 01       		.uleb128 0x1
 1247 0017 50       		.byte	0x50
 1248 0018 9F       		.byte	0x9f
 1249 0019 00000000 		.4byte	0
 1250 001d 00000000 		.4byte	0
 1251              	.LLST1:
 1252 0021 08000000 		.4byte	.LVL6
 1253 0025 19000000 		.4byte	.LVL7-1
 1254 0029 0100     		.2byte	0x1
 1255 002b 50       		.byte	0x50
 1256 002c 00000000 		.4byte	0
 1257 0030 00000000 		.4byte	0
 1258              	.LLST2:
 1259 0034 06000000 		.4byte	.LVL9
 1260 0038 0A000000 		.4byte	.LVL10
 1261 003c 0500     		.2byte	0x5
 1262 003e 70       		.byte	0x70
 1263 003f 00       		.sleb128 0
 1264 0040 33       		.byte	0x33
 1265 0041 1A       		.byte	0x1a
 1266 0042 9F       		.byte	0x9f
 1267 0043 0A000000 		.4byte	.LVL10
 1268 0047 10000000 		.4byte	.LFE8
 1269 004b 0100     		.2byte	0x1
 1270 004d 50       		.byte	0x50
 1271 004e 00000000 		.4byte	0
 1272 0052 00000000 		.4byte	0
 1273              	.LLST3:
 1274 0056 00000000 		.4byte	.LVL15
 1275 005a 07000000 		.4byte	.LVL16-1
 1276 005e 0100     		.2byte	0x1
 1277 0060 50       		.byte	0x50
 1278 0061 07000000 		.4byte	.LVL16-1
 1279 0065 18000000 		.4byte	.LVL20
 1280 0069 0100     		.2byte	0x1
 1281 006b 54       		.byte	0x54
ARM GAS  C:\Users\HELLOK~1.1\AppData\Local\Temp\ccYyLz4e.s 			page 31


 1282 006c 18000000 		.4byte	.LVL20
 1283 0070 1A000000 		.4byte	.LFE2
 1284 0074 0400     		.2byte	0x4
 1285 0076 F3       		.byte	0xf3
 1286 0077 01       		.uleb128 0x1
 1287 0078 50       		.byte	0x50
 1288 0079 9F       		.byte	0x9f
 1289 007a 00000000 		.4byte	0
 1290 007e 00000000 		.4byte	0
 1291              		.section	.debug_aranges,"",%progbits
 1292 0000 7C000000 		.4byte	0x7c
 1293 0004 0200     		.2byte	0x2
 1294 0006 00000000 		.4byte	.Ldebug_info0
 1295 000a 04       		.byte	0x4
 1296 000b 00       		.byte	0
 1297 000c 0000     		.2byte	0
 1298 000e 0000     		.2byte	0
 1299 0010 00000000 		.4byte	.LFB4
 1300 0014 28000000 		.4byte	.LFE4-.LFB4
 1301 0018 00000000 		.4byte	.LFB5
 1302 001c 0C000000 		.4byte	.LFE5-.LFB5
 1303 0020 00000000 		.4byte	.LFB6
 1304 0024 0C000000 		.4byte	.LFE6-.LFB6
 1305 0028 00000000 		.4byte	.LFB7
 1306 002c 20000000 		.4byte	.LFE7-.LFB7
 1307 0030 00000000 		.4byte	.LFB8
 1308 0034 10000000 		.4byte	.LFE8-.LFB8
 1309 0038 00000000 		.4byte	.LFB9
 1310 003c 0C000000 		.4byte	.LFE9-.LFB9
 1311 0040 00000000 		.4byte	.LFB10
 1312 0044 14000000 		.4byte	.LFE10-.LFB10
 1313 0048 00000000 		.4byte	.LFB11
 1314 004c 0C000000 		.4byte	.LFE11-.LFB11
 1315 0050 00000000 		.4byte	.LFB1
 1316 0054 1C000000 		.4byte	.LFE1-.LFB1
 1317 0058 00000000 		.4byte	.LFB2
 1318 005c 1A000000 		.4byte	.LFE2-.LFB2
 1319 0060 00000000 		.4byte	.LFB3
 1320 0064 14000000 		.4byte	.LFE3-.LFB3
 1321 0068 00000000 		.4byte	.LFB12
 1322 006c 0C000000 		.4byte	.LFE12-.LFB12
 1323 0070 00000000 		.4byte	.LFB13
 1324 0074 0C000000 		.4byte	.LFE13-.LFB13
 1325 0078 00000000 		.4byte	0
 1326 007c 00000000 		.4byte	0
 1327              		.section	.debug_ranges,"",%progbits
 1328              	.Ldebug_ranges0:
 1329 0000 00000000 		.4byte	.LFB4
 1330 0004 28000000 		.4byte	.LFE4
 1331 0008 00000000 		.4byte	.LFB5
 1332 000c 0C000000 		.4byte	.LFE5
 1333 0010 00000000 		.4byte	.LFB6
 1334 0014 0C000000 		.4byte	.LFE6
 1335 0018 00000000 		.4byte	.LFB7
 1336 001c 20000000 		.4byte	.LFE7
 1337 0020 00000000 		.4byte	.LFB8
 1338 0024 10000000 		.4byte	.LFE8
ARM GAS  C:\Users\HELLOK~1.1\AppData\Local\Temp\ccYyLz4e.s 			page 32


 1339 0028 00000000 		.4byte	.LFB9
 1340 002c 0C000000 		.4byte	.LFE9
 1341 0030 00000000 		.4byte	.LFB10
 1342 0034 14000000 		.4byte	.LFE10
 1343 0038 00000000 		.4byte	.LFB11
 1344 003c 0C000000 		.4byte	.LFE11
 1345 0040 00000000 		.4byte	.LFB1
 1346 0044 1C000000 		.4byte	.LFE1
 1347 0048 00000000 		.4byte	.LFB2
 1348 004c 1A000000 		.4byte	.LFE2
 1349 0050 00000000 		.4byte	.LFB3
 1350 0054 14000000 		.4byte	.LFE3
 1351 0058 00000000 		.4byte	.LFB12
 1352 005c 0C000000 		.4byte	.LFE12
 1353 0060 00000000 		.4byte	.LFB13
 1354 0064 0C000000 		.4byte	.LFE13
 1355 0068 00000000 		.4byte	0
 1356 006c 00000000 		.4byte	0
 1357              		.section	.debug_line,"",%progbits
 1358              	.Ldebug_line0:
 1359 0000 5B010000 		.section	.debug_str,"MS",%progbits,1
 1359      02005800 
 1359      00000201 
 1359      FB0E0D00 
 1359      01010101 
 1360              	.LASF30:
 1361 0000 42544E5F 		.ascii	"BTN_ISR_StartEx\000"
 1361      4953525F 
 1361      53746172 
 1361      74457800 
 1362              	.LASF14:
 1363 0010 72656733 		.ascii	"reg32\000"
 1363      3200
 1364              	.LASF42:
 1365 0016 47656E65 		.ascii	"Generated_Source\\PSoC4\\BTN_ISR.c\000"
 1365      72617465 
 1365      645F536F 
 1365      75726365 
 1365      5C50536F 
 1366              	.LASF35:
 1367 0037 43795261 		.ascii	"CyRamVectors\000"
 1367      6D566563 
 1367      746F7273 
 1367      00
 1368              	.LASF4:
 1369 0044 6C6F6E67 		.ascii	"long int\000"
 1369      20696E74 
 1369      00
 1370              	.LASF3:
 1371 004d 73686F72 		.ascii	"short unsigned int\000"
 1371      7420756E 
 1371      7369676E 
 1371      65642069 
 1371      6E7400
 1372              	.LASF28:
 1373 0060 42544E5F 		.ascii	"BTN_ISR_Disable\000"
 1373      4953525F 
ARM GAS  C:\Users\HELLOK~1.1\AppData\Local\Temp\ccYyLz4e.s 			page 33


 1373      44697361 
 1373      626C6500 
 1374              	.LASF20:
 1375 0070 42544E5F 		.ascii	"BTN_ISR_SetPriority\000"
 1375      4953525F 
 1375      53657450 
 1375      72696F72 
 1375      69747900 
 1376              	.LASF33:
 1377 0084 42544E5F 		.ascii	"BTN_ISR_ClearPending\000"
 1377      4953525F 
 1377      436C6561 
 1377      7250656E 
 1377      64696E67 
 1378              	.LASF34:
 1379 0099 62757474 		.ascii	"buttonFlag\000"
 1379      6F6E466C 
 1379      616700
 1380              	.LASF26:
 1381 00a4 42544E5F 		.ascii	"BTN_ISR_GetState\000"
 1381      4953525F 
 1381      47657453 
 1381      74617465 
 1381      00
 1382              	.LASF11:
 1383 00b5 666C6F61 		.ascii	"float\000"
 1383      7400
 1384              	.LASF7:
 1385 00bb 6C6F6E67 		.ascii	"long long unsigned int\000"
 1385      206C6F6E 
 1385      6720756E 
 1385      7369676E 
 1385      65642069 
 1386              	.LASF1:
 1387 00d2 756E7369 		.ascii	"unsigned char\000"
 1387      676E6564 
 1387      20636861 
 1387      7200
 1388              	.LASF23:
 1389 00e0 696E7465 		.ascii	"interruptState\000"
 1389      72727570 
 1389      74537461 
 1389      746500
 1390              	.LASF5:
 1391 00ef 6C6F6E67 		.ascii	"long unsigned int\000"
 1391      20756E73 
 1391      69676E65 
 1391      6420696E 
 1391      7400
 1392              	.LASF9:
 1393 0101 75696E74 		.ascii	"uint8\000"
 1393      3800
 1394              	.LASF31:
 1395 0107 42544E5F 		.ascii	"BTN_ISR_Stop\000"
 1395      4953525F 
 1395      53746F70 
 1395      00
ARM GAS  C:\Users\HELLOK~1.1\AppData\Local\Temp\ccYyLz4e.s 			page 34


 1396              	.LASF22:
 1397 0114 7072696F 		.ascii	"priority\000"
 1397      72697479 
 1397      00
 1398              	.LASF12:
 1399 011d 646F7562 		.ascii	"double\000"
 1399      6C6500
 1400              	.LASF27:
 1401 0124 42544E5F 		.ascii	"BTN_ISR_Enable\000"
 1401      4953525F 
 1401      456E6162 
 1401      6C6500
 1402              	.LASF19:
 1403 0133 42544E5F 		.ascii	"BTN_ISR_SetVector\000"
 1403      4953525F 
 1403      53657456 
 1403      6563746F 
 1403      7200
 1404              	.LASF10:
 1405 0145 75696E74 		.ascii	"uint32\000"
 1405      333200
 1406              	.LASF39:
 1407 014c 4379456E 		.ascii	"CyEnterCriticalSection\000"
 1407      74657243 
 1407      72697469 
 1407      63616C53 
 1407      65637469 
 1408              	.LASF8:
 1409 0163 756E7369 		.ascii	"unsigned int\000"
 1409      676E6564 
 1409      20696E74 
 1409      00
 1410              	.LASF21:
 1411 0170 61646472 		.ascii	"address\000"
 1411      65737300 
 1412              	.LASF40:
 1413 0178 43794578 		.ascii	"CyExitCriticalSection\000"
 1413      69744372 
 1413      69746963 
 1413      616C5365 
 1413      6374696F 
 1414              	.LASF18:
 1415 018e 42544E5F 		.ascii	"BTN_ISR_Interrupt\000"
 1415      4953525F 
 1415      496E7465 
 1415      72727570 
 1415      7400
 1416              	.LASF37:
 1417 01a0 42544E5F 		.ascii	"BTN_ClearInterrupt\000"
 1417      436C6561 
 1417      72496E74 
 1417      65727275 
 1417      707400
 1418              	.LASF32:
 1419 01b3 42544E5F 		.ascii	"BTN_ISR_SetPending\000"
 1419      4953525F 
 1419      53657450 
ARM GAS  C:\Users\HELLOK~1.1\AppData\Local\Temp\ccYyLz4e.s 			page 35


 1419      656E6469 
 1419      6E6700
 1420              	.LASF15:
 1421 01c6 63796973 		.ascii	"cyisraddress\000"
 1421      72616464 
 1421      72657373 
 1421      00
 1422              	.LASF41:
 1423 01d3 474E5520 		.ascii	"GNU C11 5.4.1 20160609 (release) [ARM/embedded-5-br"
 1423      43313120 
 1423      352E342E 
 1423      31203230 
 1423      31363036 
 1424 0206 616E6368 		.ascii	"anch revision 237715] -mcpu=cortex-m0 -mthumb -g -O"
 1424      20726576 
 1424      6973696F 
 1424      6E203233 
 1424      37373135 
 1425 0239 67202D66 		.ascii	"g -ffunction-sections -ffat-lto-objects\000"
 1425      66756E63 
 1425      74696F6E 
 1425      2D736563 
 1425      74696F6E 
 1426              	.LASF43:
 1427 0261 433A5C55 		.ascii	"C:\\Users\\hElLo KiTtY 2.1\\Desktop\\Final Project\\"
 1427      73657273 
 1427      5C68456C 
 1427      4C6F204B 
 1427      69547459 
 1428 0290 50726F6A 		.ascii	"Project Files\\Final Project\\AutomaticPetFeeder.cy"
 1428      65637420 
 1428      46696C65 
 1428      735C4669 
 1428      6E616C20 
 1429 02c1 64736E00 		.ascii	"dsn\000"
 1430              	.LASF17:
 1431 02c5 73697A65 		.ascii	"sizetype\000"
 1431      74797065 
 1431      00
 1432              	.LASF38:
 1433 02ce 42544E5F 		.ascii	"BTN_Read\000"
 1433      52656164 
 1433      00
 1434              	.LASF6:
 1435 02d7 6C6F6E67 		.ascii	"long long int\000"
 1435      206C6F6E 
 1435      6720696E 
 1435      7400
 1436              	.LASF29:
 1437 02e5 42544E5F 		.ascii	"BTN_ISR_Start\000"
 1437      4953525F 
 1437      53746172 
 1437      7400
 1438              	.LASF13:
 1439 02f3 63686172 		.ascii	"char\000"
 1439      00
 1440              	.LASF2:
ARM GAS  C:\Users\HELLOK~1.1\AppData\Local\Temp\ccYyLz4e.s 			page 36


 1441 02f8 73686F72 		.ascii	"short int\000"
 1441      7420696E 
 1441      7400
 1442              	.LASF24:
 1443 0302 7072696F 		.ascii	"priorityOffset\000"
 1443      72697479 
 1443      4F666673 
 1443      657400
 1444              	.LASF25:
 1445 0311 42544E5F 		.ascii	"BTN_ISR_GetVector\000"
 1445      4953525F 
 1445      47657456 
 1445      6563746F 
 1445      7200
 1446              	.LASF44:
 1447 0323 42544E5F 		.ascii	"BTN_ISR_GetPriority\000"
 1447      4953525F 
 1447      47657450 
 1447      72696F72 
 1447      69747900 
 1448              	.LASF16:
 1449 0337 6C6F6E67 		.ascii	"long double\000"
 1449      20646F75 
 1449      626C6500 
 1450              	.LASF0:
 1451 0343 7369676E 		.ascii	"signed char\000"
 1451      65642063 
 1451      68617200 
 1452              	.LASF36:
 1453 034f 43794465 		.ascii	"CyDelay\000"
 1453      6C617900 
 1454              		.ident	"GCC: (GNU Tools for ARM Embedded Processors) 5.4.1 20160609 (release) [ARM/embedded-5-bran
