ARM GAS  C:\Users\HELLOK~1\AppData\Local\Temp\ccC6GXFo.s 			page 1


   1              		.syntax unified
   2              		.cpu cortex-m0
   3              		.fpu softvfp
   4              		.eabi_attribute 20, 1
   5              		.eabi_attribute 21, 1
   6              		.eabi_attribute 23, 3
   7              		.eabi_attribute 24, 1
   8              		.eabi_attribute 25, 1
   9              		.eabi_attribute 26, 1
  10              		.eabi_attribute 30, 1
  11              		.eabi_attribute 34, 0
  12              		.eabi_attribute 18, 4
  13              		.thumb
  14              		.syntax unified
  15              		.file	"ENC_ISR.c"
  16              		.text
  17              	.Ltext0:
  18              		.cfi_sections	.debug_frame
  19              		.section	.text.ENC_ISR_Interrupt,"ax",%progbits
  20              		.align	2
  21              		.global	ENC_ISR_Interrupt
  22              		.code	16
  23              		.thumb_func
  24              		.type	ENC_ISR_Interrupt, %function
  25              	ENC_ISR_Interrupt:
  26              	.LFB4:
  27              		.file 1 "Generated_Source\\PSoC4\\ENC_ISR.c"
   1:Generated_Source\PSoC4/ENC_ISR.c **** /*******************************************************************************
   2:Generated_Source\PSoC4/ENC_ISR.c **** * File Name: ENC_ISR.c  
   3:Generated_Source\PSoC4/ENC_ISR.c **** * Version 1.71
   4:Generated_Source\PSoC4/ENC_ISR.c **** *
   5:Generated_Source\PSoC4/ENC_ISR.c **** *  Description:
   6:Generated_Source\PSoC4/ENC_ISR.c **** *   API for controlling the state of an interrupt.
   7:Generated_Source\PSoC4/ENC_ISR.c **** *
   8:Generated_Source\PSoC4/ENC_ISR.c **** *
   9:Generated_Source\PSoC4/ENC_ISR.c **** *  Note:
  10:Generated_Source\PSoC4/ENC_ISR.c **** *
  11:Generated_Source\PSoC4/ENC_ISR.c **** ********************************************************************************
  12:Generated_Source\PSoC4/ENC_ISR.c **** * Copyright 2008-2015, Cypress Semiconductor Corporation.  All rights reserved.
  13:Generated_Source\PSoC4/ENC_ISR.c **** * You may use this file only in accordance with the license, terms, conditions, 
  14:Generated_Source\PSoC4/ENC_ISR.c **** * disclaimers, and limitations in the end user license agreement accompanying 
  15:Generated_Source\PSoC4/ENC_ISR.c **** * the software package with which this file was provided.
  16:Generated_Source\PSoC4/ENC_ISR.c **** *******************************************************************************/
  17:Generated_Source\PSoC4/ENC_ISR.c **** 
  18:Generated_Source\PSoC4/ENC_ISR.c **** 
  19:Generated_Source\PSoC4/ENC_ISR.c **** #include <cydevice_trm.h>
  20:Generated_Source\PSoC4/ENC_ISR.c **** #include <CyLib.h>
  21:Generated_Source\PSoC4/ENC_ISR.c **** #include <ENC_ISR.h>
  22:Generated_Source\PSoC4/ENC_ISR.c **** #include "cyapicallbacks.h"
  23:Generated_Source\PSoC4/ENC_ISR.c **** 
  24:Generated_Source\PSoC4/ENC_ISR.c **** #if !defined(ENC_ISR__REMOVED) /* Check for removal by optimization */
  25:Generated_Source\PSoC4/ENC_ISR.c **** 
  26:Generated_Source\PSoC4/ENC_ISR.c **** /*******************************************************************************
  27:Generated_Source\PSoC4/ENC_ISR.c **** *  Place your includes, defines and code here 
  28:Generated_Source\PSoC4/ENC_ISR.c **** ********************************************************************************/
  29:Generated_Source\PSoC4/ENC_ISR.c **** /* `#START ENC_ISR_intc` */
  30:Generated_Source\PSoC4/ENC_ISR.c **** #include "ENC.h"
ARM GAS  C:\Users\HELLOK~1\AppData\Local\Temp\ccC6GXFo.s 			page 2


  31:Generated_Source\PSoC4/ENC_ISR.c **** extern volatile uint8 encFlag;
  32:Generated_Source\PSoC4/ENC_ISR.c **** extern volatile uint8 encPos;
  33:Generated_Source\PSoC4/ENC_ISR.c **** /* `#END` */
  34:Generated_Source\PSoC4/ENC_ISR.c **** 
  35:Generated_Source\PSoC4/ENC_ISR.c **** extern cyisraddress CyRamVectors[CYINT_IRQ_BASE + CY_NUM_INTERRUPTS];
  36:Generated_Source\PSoC4/ENC_ISR.c **** 
  37:Generated_Source\PSoC4/ENC_ISR.c **** /* Declared in startup, used to set unused interrupts to. */
  38:Generated_Source\PSoC4/ENC_ISR.c **** CY_ISR_PROTO(IntDefaultHandler);
  39:Generated_Source\PSoC4/ENC_ISR.c **** 
  40:Generated_Source\PSoC4/ENC_ISR.c **** 
  41:Generated_Source\PSoC4/ENC_ISR.c **** /*******************************************************************************
  42:Generated_Source\PSoC4/ENC_ISR.c **** * Function Name: ENC_ISR_Start
  43:Generated_Source\PSoC4/ENC_ISR.c **** ********************************************************************************
  44:Generated_Source\PSoC4/ENC_ISR.c **** *
  45:Generated_Source\PSoC4/ENC_ISR.c **** * Summary:
  46:Generated_Source\PSoC4/ENC_ISR.c **** *  Set up the interrupt and enable it. This function disables the interrupt, 
  47:Generated_Source\PSoC4/ENC_ISR.c **** *  sets the default interrupt vector, sets the priority from the value in the
  48:Generated_Source\PSoC4/ENC_ISR.c **** *  Design Wide Resources Interrupt Editor, then enables the interrupt to the 
  49:Generated_Source\PSoC4/ENC_ISR.c **** *  interrupt controller.
  50:Generated_Source\PSoC4/ENC_ISR.c **** *
  51:Generated_Source\PSoC4/ENC_ISR.c **** * Parameters:  
  52:Generated_Source\PSoC4/ENC_ISR.c **** *   None
  53:Generated_Source\PSoC4/ENC_ISR.c **** *
  54:Generated_Source\PSoC4/ENC_ISR.c **** * Return:
  55:Generated_Source\PSoC4/ENC_ISR.c **** *   None
  56:Generated_Source\PSoC4/ENC_ISR.c **** *
  57:Generated_Source\PSoC4/ENC_ISR.c **** *******************************************************************************/
  58:Generated_Source\PSoC4/ENC_ISR.c **** void ENC_ISR_Start(void)
  59:Generated_Source\PSoC4/ENC_ISR.c **** {
  60:Generated_Source\PSoC4/ENC_ISR.c ****     /* For all we know the interrupt is active. */
  61:Generated_Source\PSoC4/ENC_ISR.c ****     ENC_ISR_Disable();
  62:Generated_Source\PSoC4/ENC_ISR.c **** 
  63:Generated_Source\PSoC4/ENC_ISR.c ****     /* Set the ISR to point to the ENC_ISR Interrupt. */
  64:Generated_Source\PSoC4/ENC_ISR.c ****     ENC_ISR_SetVector(&ENC_ISR_Interrupt);
  65:Generated_Source\PSoC4/ENC_ISR.c **** 
  66:Generated_Source\PSoC4/ENC_ISR.c ****     /* Set the priority. */
  67:Generated_Source\PSoC4/ENC_ISR.c ****     ENC_ISR_SetPriority((uint8)ENC_ISR_INTC_PRIOR_NUMBER);
  68:Generated_Source\PSoC4/ENC_ISR.c **** 
  69:Generated_Source\PSoC4/ENC_ISR.c ****     /* Enable it. */
  70:Generated_Source\PSoC4/ENC_ISR.c ****     ENC_ISR_Enable();
  71:Generated_Source\PSoC4/ENC_ISR.c **** }
  72:Generated_Source\PSoC4/ENC_ISR.c **** 
  73:Generated_Source\PSoC4/ENC_ISR.c **** 
  74:Generated_Source\PSoC4/ENC_ISR.c **** /*******************************************************************************
  75:Generated_Source\PSoC4/ENC_ISR.c **** * Function Name: ENC_ISR_StartEx
  76:Generated_Source\PSoC4/ENC_ISR.c **** ********************************************************************************
  77:Generated_Source\PSoC4/ENC_ISR.c **** *
  78:Generated_Source\PSoC4/ENC_ISR.c **** * Summary:
  79:Generated_Source\PSoC4/ENC_ISR.c **** *  Sets up the interrupt and enables it. This function disables the interrupt,
  80:Generated_Source\PSoC4/ENC_ISR.c **** *  sets the interrupt vector based on the address passed in, sets the priority 
  81:Generated_Source\PSoC4/ENC_ISR.c **** *  from the value in the Design Wide Resources Interrupt Editor, then enables 
  82:Generated_Source\PSoC4/ENC_ISR.c **** *  the interrupt to the interrupt controller.
  83:Generated_Source\PSoC4/ENC_ISR.c **** *  
  84:Generated_Source\PSoC4/ENC_ISR.c **** *  When defining ISR functions, the CY_ISR and CY_ISR_PROTO macros should be 
  85:Generated_Source\PSoC4/ENC_ISR.c **** *  used to provide consistent definition across compilers:
  86:Generated_Source\PSoC4/ENC_ISR.c **** *  
  87:Generated_Source\PSoC4/ENC_ISR.c **** *  Function definition example:
ARM GAS  C:\Users\HELLOK~1\AppData\Local\Temp\ccC6GXFo.s 			page 3


  88:Generated_Source\PSoC4/ENC_ISR.c **** *   CY_ISR(MyISR)
  89:Generated_Source\PSoC4/ENC_ISR.c **** *   {
  90:Generated_Source\PSoC4/ENC_ISR.c **** *   }
  91:Generated_Source\PSoC4/ENC_ISR.c **** *   Function prototype example:
  92:Generated_Source\PSoC4/ENC_ISR.c **** *   CY_ISR_PROTO(MyISR);
  93:Generated_Source\PSoC4/ENC_ISR.c **** *
  94:Generated_Source\PSoC4/ENC_ISR.c **** * Parameters:  
  95:Generated_Source\PSoC4/ENC_ISR.c **** *   address: Address of the ISR to set in the interrupt vector table.
  96:Generated_Source\PSoC4/ENC_ISR.c **** *
  97:Generated_Source\PSoC4/ENC_ISR.c **** * Return:
  98:Generated_Source\PSoC4/ENC_ISR.c **** *   None
  99:Generated_Source\PSoC4/ENC_ISR.c **** *
 100:Generated_Source\PSoC4/ENC_ISR.c **** *******************************************************************************/
 101:Generated_Source\PSoC4/ENC_ISR.c **** void ENC_ISR_StartEx(cyisraddress address)
 102:Generated_Source\PSoC4/ENC_ISR.c **** {
 103:Generated_Source\PSoC4/ENC_ISR.c ****     /* For all we know the interrupt is active. */
 104:Generated_Source\PSoC4/ENC_ISR.c ****     ENC_ISR_Disable();
 105:Generated_Source\PSoC4/ENC_ISR.c **** 
 106:Generated_Source\PSoC4/ENC_ISR.c ****     /* Set the ISR to point to the ENC_ISR Interrupt. */
 107:Generated_Source\PSoC4/ENC_ISR.c ****     ENC_ISR_SetVector(address);
 108:Generated_Source\PSoC4/ENC_ISR.c **** 
 109:Generated_Source\PSoC4/ENC_ISR.c ****     /* Set the priority. */
 110:Generated_Source\PSoC4/ENC_ISR.c ****     ENC_ISR_SetPriority((uint8)ENC_ISR_INTC_PRIOR_NUMBER);
 111:Generated_Source\PSoC4/ENC_ISR.c **** 
 112:Generated_Source\PSoC4/ENC_ISR.c ****     /* Enable it. */
 113:Generated_Source\PSoC4/ENC_ISR.c ****     ENC_ISR_Enable();
 114:Generated_Source\PSoC4/ENC_ISR.c **** }
 115:Generated_Source\PSoC4/ENC_ISR.c **** 
 116:Generated_Source\PSoC4/ENC_ISR.c **** 
 117:Generated_Source\PSoC4/ENC_ISR.c **** /*******************************************************************************
 118:Generated_Source\PSoC4/ENC_ISR.c **** * Function Name: ENC_ISR_Stop
 119:Generated_Source\PSoC4/ENC_ISR.c **** ********************************************************************************
 120:Generated_Source\PSoC4/ENC_ISR.c **** *
 121:Generated_Source\PSoC4/ENC_ISR.c **** * Summary:
 122:Generated_Source\PSoC4/ENC_ISR.c **** *   Disables and removes the interrupt.
 123:Generated_Source\PSoC4/ENC_ISR.c **** *
 124:Generated_Source\PSoC4/ENC_ISR.c **** * Parameters:  
 125:Generated_Source\PSoC4/ENC_ISR.c **** *   None
 126:Generated_Source\PSoC4/ENC_ISR.c **** *
 127:Generated_Source\PSoC4/ENC_ISR.c **** * Return:
 128:Generated_Source\PSoC4/ENC_ISR.c **** *   None
 129:Generated_Source\PSoC4/ENC_ISR.c **** *
 130:Generated_Source\PSoC4/ENC_ISR.c **** *******************************************************************************/
 131:Generated_Source\PSoC4/ENC_ISR.c **** void ENC_ISR_Stop(void)
 132:Generated_Source\PSoC4/ENC_ISR.c **** {
 133:Generated_Source\PSoC4/ENC_ISR.c ****     /* Disable this interrupt. */
 134:Generated_Source\PSoC4/ENC_ISR.c ****     ENC_ISR_Disable();
 135:Generated_Source\PSoC4/ENC_ISR.c **** 
 136:Generated_Source\PSoC4/ENC_ISR.c ****     /* Set the ISR to point to the passive one. */
 137:Generated_Source\PSoC4/ENC_ISR.c ****     ENC_ISR_SetVector(&IntDefaultHandler);
 138:Generated_Source\PSoC4/ENC_ISR.c **** }
 139:Generated_Source\PSoC4/ENC_ISR.c **** 
 140:Generated_Source\PSoC4/ENC_ISR.c **** 
 141:Generated_Source\PSoC4/ENC_ISR.c **** /*******************************************************************************
 142:Generated_Source\PSoC4/ENC_ISR.c **** * Function Name: ENC_ISR_Interrupt
 143:Generated_Source\PSoC4/ENC_ISR.c **** ********************************************************************************
 144:Generated_Source\PSoC4/ENC_ISR.c **** *
ARM GAS  C:\Users\HELLOK~1\AppData\Local\Temp\ccC6GXFo.s 			page 4


 145:Generated_Source\PSoC4/ENC_ISR.c **** * Summary:
 146:Generated_Source\PSoC4/ENC_ISR.c **** *   The default Interrupt Service Routine for ENC_ISR.
 147:Generated_Source\PSoC4/ENC_ISR.c **** *
 148:Generated_Source\PSoC4/ENC_ISR.c **** *   Add custom code between the START and END comments to keep the next version
 149:Generated_Source\PSoC4/ENC_ISR.c **** *   of this file from over-writing your code.
 150:Generated_Source\PSoC4/ENC_ISR.c **** *
 151:Generated_Source\PSoC4/ENC_ISR.c **** *   Note You may use either the default ISR by using this API, or you may define
 152:Generated_Source\PSoC4/ENC_ISR.c **** *   your own separate ISR through ISR_StartEx().
 153:Generated_Source\PSoC4/ENC_ISR.c **** *
 154:Generated_Source\PSoC4/ENC_ISR.c **** * Parameters:  
 155:Generated_Source\PSoC4/ENC_ISR.c **** *   None
 156:Generated_Source\PSoC4/ENC_ISR.c **** *
 157:Generated_Source\PSoC4/ENC_ISR.c **** * Return:
 158:Generated_Source\PSoC4/ENC_ISR.c **** *   None
 159:Generated_Source\PSoC4/ENC_ISR.c **** *
 160:Generated_Source\PSoC4/ENC_ISR.c **** *******************************************************************************/
 161:Generated_Source\PSoC4/ENC_ISR.c **** CY_ISR(ENC_ISR_Interrupt)
 162:Generated_Source\PSoC4/ENC_ISR.c **** {
  28              		.loc 1 162 0
  29              		.cfi_startproc
  30              		@ args = 0, pretend = 0, frame = 16
  31              		@ frame_needed = 0, uses_anonymous_args = 0
  32 0000 10B5     		push	{r4, lr}
  33              		.cfi_def_cfa_offset 8
  34              		.cfi_offset 4, -8
  35              		.cfi_offset 14, -4
  36 0002 84B0     		sub	sp, sp, #16
  37              		.cfi_def_cfa_offset 24
 163:Generated_Source\PSoC4/ENC_ISR.c ****     #ifdef ENC_ISR_INTERRUPT_INTERRUPT_CALLBACK
 164:Generated_Source\PSoC4/ENC_ISR.c ****         ENC_ISR_Interrupt_InterruptCallback();
 165:Generated_Source\PSoC4/ENC_ISR.c ****     #endif /* ENC_ISR_INTERRUPT_INTERRUPT_CALLBACK */ 
 166:Generated_Source\PSoC4/ENC_ISR.c **** 
 167:Generated_Source\PSoC4/ENC_ISR.c ****     /*  Place your Interrupt code here. */
 168:Generated_Source\PSoC4/ENC_ISR.c ****     /* `#START ENC_ISR_Interrupt` */
 169:Generated_Source\PSoC4/ENC_ISR.c ****     // Read the first variable, then wait for it to change
 170:Generated_Source\PSoC4/ENC_ISR.c ****     volatile int a  = ENC_Read();
  38              		.loc 1 170 0
  39 0004 FFF7FEFF 		bl	ENC_Read
  40              	.LVL0:
  41 0008 0390     		str	r0, [sp, #12]
  42              	.LVL1:
 171:Generated_Source\PSoC4/ENC_ISR.c ****     int count = 0;
  43              		.loc 1 171 0
  44 000a 0024     		movs	r4, #0
 172:Generated_Source\PSoC4/ENC_ISR.c ****     while(a == ENC_Read() && count < 100000){
  45              		.loc 1 172 0
  46 000c 00E0     		b	.L2
  47              	.LVL2:
  48              	.L4:
 173:Generated_Source\PSoC4/ENC_ISR.c ****         count++;
  49              		.loc 1 173 0
  50 000e 0134     		adds	r4, r4, #1
  51              	.LVL3:
  52              	.L2:
 172:Generated_Source\PSoC4/ENC_ISR.c ****     while(a == ENC_Read() && count < 100000){
  53              		.loc 1 172 0
  54 0010 FFF7FEFF 		bl	ENC_Read
ARM GAS  C:\Users\HELLOK~1\AppData\Local\Temp\ccC6GXFo.s 			page 5


  55              	.LVL4:
  56 0014 039B     		ldr	r3, [sp, #12]
  57 0016 9842     		cmp	r0, r3
  58 0018 02D1     		bne	.L3
 172:Generated_Source\PSoC4/ENC_ISR.c ****     while(a == ENC_Read() && count < 100000){
  59              		.loc 1 172 0 is_stmt 0 discriminator 1
  60 001a 1D4B     		ldr	r3, .L13
  61 001c 9C42     		cmp	r4, r3
  62 001e F6DD     		ble	.L4
  63              	.L3:
  64              	.LVL5:
 174:Generated_Source\PSoC4/ENC_ISR.c ****     }
 175:Generated_Source\PSoC4/ENC_ISR.c ****     count = 0;
 176:Generated_Source\PSoC4/ENC_ISR.c ****     // Read next variable, then wait for it to change
 177:Generated_Source\PSoC4/ENC_ISR.c ****     volatile int b  = ENC_Read();
  65              		.loc 1 177 0 is_stmt 1
  66 0020 FFF7FEFF 		bl	ENC_Read
  67              	.LVL6:
  68 0024 0290     		str	r0, [sp, #8]
 175:Generated_Source\PSoC4/ENC_ISR.c ****     // Read next variable, then wait for it to change
  69              		.loc 1 175 0
  70 0026 0024     		movs	r4, #0
 178:Generated_Source\PSoC4/ENC_ISR.c ****     while(b == ENC_Read() && count < 100000){
  71              		.loc 1 178 0
  72 0028 00E0     		b	.L5
  73              	.LVL7:
  74              	.L7:
 179:Generated_Source\PSoC4/ENC_ISR.c ****         count++;
  75              		.loc 1 179 0
  76 002a 0134     		adds	r4, r4, #1
  77              	.LVL8:
  78              	.L5:
 178:Generated_Source\PSoC4/ENC_ISR.c ****     while(b == ENC_Read() && count < 100000){
  79              		.loc 1 178 0
  80 002c FFF7FEFF 		bl	ENC_Read
  81              	.LVL9:
  82 0030 029B     		ldr	r3, [sp, #8]
  83 0032 9842     		cmp	r0, r3
  84 0034 02D1     		bne	.L6
 178:Generated_Source\PSoC4/ENC_ISR.c ****     while(b == ENC_Read() && count < 100000){
  85              		.loc 1 178 0 is_stmt 0 discriminator 1
  86 0036 164B     		ldr	r3, .L13
  87 0038 9C42     		cmp	r4, r3
  88 003a F6DD     		ble	.L7
  89              	.L6:
  90              	.LVL10:
 180:Generated_Source\PSoC4/ENC_ISR.c ****     }
 181:Generated_Source\PSoC4/ENC_ISR.c ****     count = 0;
 182:Generated_Source\PSoC4/ENC_ISR.c ****     // Read next variable, then wait for it to change
 183:Generated_Source\PSoC4/ENC_ISR.c ****     volatile int c  = ENC_Read();
  91              		.loc 1 183 0 is_stmt 1
  92 003c FFF7FEFF 		bl	ENC_Read
  93              	.LVL11:
  94 0040 0190     		str	r0, [sp, #4]
 181:Generated_Source\PSoC4/ENC_ISR.c ****     // Read next variable, then wait for it to change
  95              		.loc 1 181 0
  96 0042 0024     		movs	r4, #0
ARM GAS  C:\Users\HELLOK~1\AppData\Local\Temp\ccC6GXFo.s 			page 6


 184:Generated_Source\PSoC4/ENC_ISR.c ****     while(c == ENC_Read() && count < 100000){
  97              		.loc 1 184 0
  98 0044 00E0     		b	.L8
  99              	.LVL12:
 100              	.L10:
 185:Generated_Source\PSoC4/ENC_ISR.c ****         count++;
 101              		.loc 1 185 0
 102 0046 0134     		adds	r4, r4, #1
 103              	.LVL13:
 104              	.L8:
 184:Generated_Source\PSoC4/ENC_ISR.c ****     while(c == ENC_Read() && count < 100000){
 105              		.loc 1 184 0
 106 0048 FFF7FEFF 		bl	ENC_Read
 107              	.LVL14:
 108 004c 019B     		ldr	r3, [sp, #4]
 109 004e 9842     		cmp	r0, r3
 110 0050 02D1     		bne	.L9
 184:Generated_Source\PSoC4/ENC_ISR.c ****     while(c == ENC_Read() && count < 100000){
 111              		.loc 1 184 0 is_stmt 0 discriminator 1
 112 0052 0F4B     		ldr	r3, .L13
 113 0054 9C42     		cmp	r4, r3
 114 0056 F6DD     		ble	.L10
 115              	.L9:
 116              	.LVL15:
 186:Generated_Source\PSoC4/ENC_ISR.c ****     }
 187:Generated_Source\PSoC4/ENC_ISR.c ****     count = 0;
 188:Generated_Source\PSoC4/ENC_ISR.c ****     // Based on the following variables, decide whether it is CW or CCW
 189:Generated_Source\PSoC4/ENC_ISR.c ****     if(a == 1 && c == 2){
 117              		.loc 1 189 0 is_stmt 1
 118 0058 039B     		ldr	r3, [sp, #12]
 119 005a 012B     		cmp	r3, #1
 120 005c 09D1     		bne	.L11
 121              		.loc 1 189 0 is_stmt 0 discriminator 1
 122 005e 019B     		ldr	r3, [sp, #4]
 123 0060 022B     		cmp	r3, #2
 124 0062 06D1     		bne	.L11
 190:Generated_Source\PSoC4/ENC_ISR.c ****         // Clockwise (increase bar)
 191:Generated_Source\PSoC4/ENC_ISR.c ****         // Set flag
 192:Generated_Source\PSoC4/ENC_ISR.c ****         encFlag = 1;
 125              		.loc 1 192 0 is_stmt 1
 126 0064 0122     		movs	r2, #1
 127 0066 0B4B     		ldr	r3, .L13+4
 128 0068 1A70     		strb	r2, [r3]
 193:Generated_Source\PSoC4/ENC_ISR.c ****         // Set limit of 80 on the right side
 194:Generated_Source\PSoC4/ENC_ISR.c ****         encPos = 2;
 129              		.loc 1 194 0
 130 006a 0132     		adds	r2, r2, #1
 131 006c 0A4B     		ldr	r3, .L13+8
 132 006e 1A70     		strb	r2, [r3]
 133 0070 09E0     		b	.L12
 134              	.L11:
 195:Generated_Source\PSoC4/ENC_ISR.c ****     }
 196:Generated_Source\PSoC4/ENC_ISR.c ****     else if(a == 2 && c==1){
 135              		.loc 1 196 0
 136 0072 039B     		ldr	r3, [sp, #12]
 137 0074 022B     		cmp	r3, #2
 138 0076 06D1     		bne	.L12
ARM GAS  C:\Users\HELLOK~1\AppData\Local\Temp\ccC6GXFo.s 			page 7


 139              		.loc 1 196 0 is_stmt 0 discriminator 1
 140 0078 019B     		ldr	r3, [sp, #4]
 141 007a 012B     		cmp	r3, #1
 142 007c 03D1     		bne	.L12
 197:Generated_Source\PSoC4/ENC_ISR.c ****         // Counter-Clockwise (decrease bar)
 198:Generated_Source\PSoC4/ENC_ISR.c ****         // Set flag
 199:Generated_Source\PSoC4/ENC_ISR.c ****         encFlag = 1;
 143              		.loc 1 199 0 is_stmt 1
 144 007e 054A     		ldr	r2, .L13+4
 145 0080 1370     		strb	r3, [r2]
 200:Generated_Source\PSoC4/ENC_ISR.c ****         // Set limit of 0 on the left side
 201:Generated_Source\PSoC4/ENC_ISR.c ****         encPos = 1;
 146              		.loc 1 201 0
 147 0082 054A     		ldr	r2, .L13+8
 148 0084 1370     		strb	r3, [r2]
 149              	.L12:
 202:Generated_Source\PSoC4/ENC_ISR.c ****     }
 203:Generated_Source\PSoC4/ENC_ISR.c ****     // Clear interrupt
 204:Generated_Source\PSoC4/ENC_ISR.c ****     ENC_ClearInterrupt();
 150              		.loc 1 204 0
 151 0086 FFF7FEFF 		bl	ENC_ClearInterrupt
 152              	.LVL16:
 205:Generated_Source\PSoC4/ENC_ISR.c ****     /* `#END` */
 206:Generated_Source\PSoC4/ENC_ISR.c **** }
 153              		.loc 1 206 0
 154 008a 04B0     		add	sp, sp, #16
 155              		@ sp needed
 156 008c 10BD     		pop	{r4, pc}
 157              	.L14:
 158 008e C046     		.align	2
 159              	.L13:
 160 0090 9F860100 		.word	99999
 161 0094 00000000 		.word	encFlag
 162 0098 00000000 		.word	encPos
 163              		.cfi_endproc
 164              	.LFE4:
 165              		.size	ENC_ISR_Interrupt, .-ENC_ISR_Interrupt
 166              		.section	.text.ENC_ISR_SetVector,"ax",%progbits
 167              		.align	2
 168              		.global	ENC_ISR_SetVector
 169              		.code	16
 170              		.thumb_func
 171              		.type	ENC_ISR_SetVector, %function
 172              	ENC_ISR_SetVector:
 173              	.LFB5:
 207:Generated_Source\PSoC4/ENC_ISR.c **** 
 208:Generated_Source\PSoC4/ENC_ISR.c **** 
 209:Generated_Source\PSoC4/ENC_ISR.c **** /*******************************************************************************
 210:Generated_Source\PSoC4/ENC_ISR.c **** * Function Name: ENC_ISR_SetVector
 211:Generated_Source\PSoC4/ENC_ISR.c **** ********************************************************************************
 212:Generated_Source\PSoC4/ENC_ISR.c **** *
 213:Generated_Source\PSoC4/ENC_ISR.c **** * Summary:
 214:Generated_Source\PSoC4/ENC_ISR.c **** *   Change the ISR vector for the Interrupt. Note calling ENC_ISR_Start
 215:Generated_Source\PSoC4/ENC_ISR.c **** *   will override any effect this method would have had. To set the vector 
 216:Generated_Source\PSoC4/ENC_ISR.c **** *   before the component has been started use ENC_ISR_StartEx instead.
 217:Generated_Source\PSoC4/ENC_ISR.c **** * 
 218:Generated_Source\PSoC4/ENC_ISR.c **** *   When defining ISR functions, the CY_ISR and CY_ISR_PROTO macros should be 
ARM GAS  C:\Users\HELLOK~1\AppData\Local\Temp\ccC6GXFo.s 			page 8


 219:Generated_Source\PSoC4/ENC_ISR.c **** *   used to provide consistent definition across compilers:
 220:Generated_Source\PSoC4/ENC_ISR.c **** *
 221:Generated_Source\PSoC4/ENC_ISR.c **** *   Function definition example:
 222:Generated_Source\PSoC4/ENC_ISR.c **** *   CY_ISR(MyISR)
 223:Generated_Source\PSoC4/ENC_ISR.c **** *   {
 224:Generated_Source\PSoC4/ENC_ISR.c **** *   }
 225:Generated_Source\PSoC4/ENC_ISR.c **** *
 226:Generated_Source\PSoC4/ENC_ISR.c **** *   Function prototype example:
 227:Generated_Source\PSoC4/ENC_ISR.c **** *     CY_ISR_PROTO(MyISR);
 228:Generated_Source\PSoC4/ENC_ISR.c **** *
 229:Generated_Source\PSoC4/ENC_ISR.c **** * Parameters:
 230:Generated_Source\PSoC4/ENC_ISR.c **** *   address: Address of the ISR to set in the interrupt vector table.
 231:Generated_Source\PSoC4/ENC_ISR.c **** *
 232:Generated_Source\PSoC4/ENC_ISR.c **** * Return:
 233:Generated_Source\PSoC4/ENC_ISR.c **** *   None
 234:Generated_Source\PSoC4/ENC_ISR.c **** *
 235:Generated_Source\PSoC4/ENC_ISR.c **** *******************************************************************************/
 236:Generated_Source\PSoC4/ENC_ISR.c **** void ENC_ISR_SetVector(cyisraddress address)
 237:Generated_Source\PSoC4/ENC_ISR.c **** {
 174              		.loc 1 237 0
 175              		.cfi_startproc
 176              		@ args = 0, pretend = 0, frame = 0
 177              		@ frame_needed = 0, uses_anonymous_args = 0
 178              		@ link register save eliminated.
 179              	.LVL17:
 238:Generated_Source\PSoC4/ENC_ISR.c ****     CyRamVectors[CYINT_IRQ_BASE + ENC_ISR__INTC_NUMBER] = address;
 180              		.loc 1 238 0
 181 0000 014B     		ldr	r3, .L16
 182 0002 1864     		str	r0, [r3, #64]
 239:Generated_Source\PSoC4/ENC_ISR.c **** }
 183              		.loc 1 239 0
 184              		@ sp needed
 185 0004 7047     		bx	lr
 186              	.L17:
 187 0006 C046     		.align	2
 188              	.L16:
 189 0008 00000000 		.word	CyRamVectors
 190              		.cfi_endproc
 191              	.LFE5:
 192              		.size	ENC_ISR_SetVector, .-ENC_ISR_SetVector
 193              		.section	.text.ENC_ISR_GetVector,"ax",%progbits
 194              		.align	2
 195              		.global	ENC_ISR_GetVector
 196              		.code	16
 197              		.thumb_func
 198              		.type	ENC_ISR_GetVector, %function
 199              	ENC_ISR_GetVector:
 200              	.LFB6:
 240:Generated_Source\PSoC4/ENC_ISR.c **** 
 241:Generated_Source\PSoC4/ENC_ISR.c **** 
 242:Generated_Source\PSoC4/ENC_ISR.c **** /*******************************************************************************
 243:Generated_Source\PSoC4/ENC_ISR.c **** * Function Name: ENC_ISR_GetVector
 244:Generated_Source\PSoC4/ENC_ISR.c **** ********************************************************************************
 245:Generated_Source\PSoC4/ENC_ISR.c **** *
 246:Generated_Source\PSoC4/ENC_ISR.c **** * Summary:
 247:Generated_Source\PSoC4/ENC_ISR.c **** *   Gets the "address" of the current ISR vector for the Interrupt.
 248:Generated_Source\PSoC4/ENC_ISR.c **** *
ARM GAS  C:\Users\HELLOK~1\AppData\Local\Temp\ccC6GXFo.s 			page 9


 249:Generated_Source\PSoC4/ENC_ISR.c **** * Parameters:
 250:Generated_Source\PSoC4/ENC_ISR.c **** *   None
 251:Generated_Source\PSoC4/ENC_ISR.c **** *
 252:Generated_Source\PSoC4/ENC_ISR.c **** * Return:
 253:Generated_Source\PSoC4/ENC_ISR.c **** *   Address of the ISR in the interrupt vector table.
 254:Generated_Source\PSoC4/ENC_ISR.c **** *
 255:Generated_Source\PSoC4/ENC_ISR.c **** *******************************************************************************/
 256:Generated_Source\PSoC4/ENC_ISR.c **** cyisraddress ENC_ISR_GetVector(void)
 257:Generated_Source\PSoC4/ENC_ISR.c **** {
 201              		.loc 1 257 0
 202              		.cfi_startproc
 203              		@ args = 0, pretend = 0, frame = 0
 204              		@ frame_needed = 0, uses_anonymous_args = 0
 205              		@ link register save eliminated.
 258:Generated_Source\PSoC4/ENC_ISR.c ****     return CyRamVectors[CYINT_IRQ_BASE + ENC_ISR__INTC_NUMBER];
 206              		.loc 1 258 0
 207 0000 014B     		ldr	r3, .L19
 208 0002 186C     		ldr	r0, [r3, #64]
 259:Generated_Source\PSoC4/ENC_ISR.c **** }
 209              		.loc 1 259 0
 210              		@ sp needed
 211 0004 7047     		bx	lr
 212              	.L20:
 213 0006 C046     		.align	2
 214              	.L19:
 215 0008 00000000 		.word	CyRamVectors
 216              		.cfi_endproc
 217              	.LFE6:
 218              		.size	ENC_ISR_GetVector, .-ENC_ISR_GetVector
 219              		.section	.text.ENC_ISR_SetPriority,"ax",%progbits
 220              		.align	2
 221              		.global	ENC_ISR_SetPriority
 222              		.code	16
 223              		.thumb_func
 224              		.type	ENC_ISR_SetPriority, %function
 225              	ENC_ISR_SetPriority:
 226              	.LFB7:
 260:Generated_Source\PSoC4/ENC_ISR.c **** 
 261:Generated_Source\PSoC4/ENC_ISR.c **** 
 262:Generated_Source\PSoC4/ENC_ISR.c **** /*******************************************************************************
 263:Generated_Source\PSoC4/ENC_ISR.c **** * Function Name: ENC_ISR_SetPriority
 264:Generated_Source\PSoC4/ENC_ISR.c **** ********************************************************************************
 265:Generated_Source\PSoC4/ENC_ISR.c **** *
 266:Generated_Source\PSoC4/ENC_ISR.c **** * Summary:
 267:Generated_Source\PSoC4/ENC_ISR.c **** *   Sets the Priority of the Interrupt. 
 268:Generated_Source\PSoC4/ENC_ISR.c **** *
 269:Generated_Source\PSoC4/ENC_ISR.c **** *   Note calling ENC_ISR_Start or ENC_ISR_StartEx will 
 270:Generated_Source\PSoC4/ENC_ISR.c **** *   override any effect this API would have had. This API should only be called
 271:Generated_Source\PSoC4/ENC_ISR.c **** *   after ENC_ISR_Start or ENC_ISR_StartEx has been called. 
 272:Generated_Source\PSoC4/ENC_ISR.c **** *   To set the initial priority for the component, use the Design-Wide Resources
 273:Generated_Source\PSoC4/ENC_ISR.c **** *   Interrupt Editor.
 274:Generated_Source\PSoC4/ENC_ISR.c **** *
 275:Generated_Source\PSoC4/ENC_ISR.c **** *   Note This API has no effect on Non-maskable interrupt NMI).
 276:Generated_Source\PSoC4/ENC_ISR.c **** *
 277:Generated_Source\PSoC4/ENC_ISR.c **** * Parameters:
 278:Generated_Source\PSoC4/ENC_ISR.c **** *   priority: Priority of the interrupt, 0 being the highest priority
 279:Generated_Source\PSoC4/ENC_ISR.c **** *             PSoC 3 and PSoC 5LP: Priority is from 0 to 7.
ARM GAS  C:\Users\HELLOK~1\AppData\Local\Temp\ccC6GXFo.s 			page 10


 280:Generated_Source\PSoC4/ENC_ISR.c **** *             PSoC 4: Priority is from 0 to 3.
 281:Generated_Source\PSoC4/ENC_ISR.c **** *
 282:Generated_Source\PSoC4/ENC_ISR.c **** * Return:
 283:Generated_Source\PSoC4/ENC_ISR.c **** *   None
 284:Generated_Source\PSoC4/ENC_ISR.c **** *
 285:Generated_Source\PSoC4/ENC_ISR.c **** *******************************************************************************/
 286:Generated_Source\PSoC4/ENC_ISR.c **** void ENC_ISR_SetPriority(uint8 priority)
 287:Generated_Source\PSoC4/ENC_ISR.c **** {
 227              		.loc 1 287 0
 228              		.cfi_startproc
 229              		@ args = 0, pretend = 0, frame = 0
 230              		@ frame_needed = 0, uses_anonymous_args = 0
 231              	.LVL18:
 232 0000 10B5     		push	{r4, lr}
 233              		.cfi_def_cfa_offset 8
 234              		.cfi_offset 4, -8
 235              		.cfi_offset 14, -4
 236 0002 0400     		movs	r4, r0
 237              	.LVL19:
 288:Generated_Source\PSoC4/ENC_ISR.c **** 	uint8 interruptState;
 289:Generated_Source\PSoC4/ENC_ISR.c ****     uint32 priorityOffset = ((ENC_ISR__INTC_NUMBER % 4u) * 8u) + 6u;
 290:Generated_Source\PSoC4/ENC_ISR.c ****     
 291:Generated_Source\PSoC4/ENC_ISR.c **** 	interruptState = CyEnterCriticalSection();
 238              		.loc 1 291 0
 239 0004 FFF7FEFF 		bl	CyEnterCriticalSection
 240              	.LVL20:
 292:Generated_Source\PSoC4/ENC_ISR.c ****     *ENC_ISR_INTC_PRIOR = (*ENC_ISR_INTC_PRIOR & (uint32)(~(uint32)ENC_ISR__INTC_PRIOR_MASK)) |
 241              		.loc 1 292 0
 242 0008 044A     		ldr	r2, .L22
 243 000a 1368     		ldr	r3, [r2]
 244 000c C021     		movs	r1, #192
 245 000e 8B43     		bics	r3, r1
 293:Generated_Source\PSoC4/ENC_ISR.c ****                                     ((uint32)priority << priorityOffset);
 246              		.loc 1 293 0
 247 0010 A401     		lsls	r4, r4, #6
 292:Generated_Source\PSoC4/ENC_ISR.c ****     *ENC_ISR_INTC_PRIOR = (*ENC_ISR_INTC_PRIOR & (uint32)(~(uint32)ENC_ISR__INTC_PRIOR_MASK)) |
 248              		.loc 1 292 0
 249 0012 1C43     		orrs	r4, r3
 250 0014 1460     		str	r4, [r2]
 294:Generated_Source\PSoC4/ENC_ISR.c **** 	CyExitCriticalSection(interruptState);
 251              		.loc 1 294 0
 252 0016 FFF7FEFF 		bl	CyExitCriticalSection
 253              	.LVL21:
 295:Generated_Source\PSoC4/ENC_ISR.c **** }
 254              		.loc 1 295 0
 255              		@ sp needed
 256 001a 10BD     		pop	{r4, pc}
 257              	.L23:
 258              		.align	2
 259              	.L22:
 260 001c 00E400E0 		.word	-536812544
 261              		.cfi_endproc
 262              	.LFE7:
 263              		.size	ENC_ISR_SetPriority, .-ENC_ISR_SetPriority
 264              		.section	.text.ENC_ISR_GetPriority,"ax",%progbits
 265              		.align	2
 266              		.global	ENC_ISR_GetPriority
ARM GAS  C:\Users\HELLOK~1\AppData\Local\Temp\ccC6GXFo.s 			page 11


 267              		.code	16
 268              		.thumb_func
 269              		.type	ENC_ISR_GetPriority, %function
 270              	ENC_ISR_GetPriority:
 271              	.LFB8:
 296:Generated_Source\PSoC4/ENC_ISR.c **** 
 297:Generated_Source\PSoC4/ENC_ISR.c **** 
 298:Generated_Source\PSoC4/ENC_ISR.c **** /*******************************************************************************
 299:Generated_Source\PSoC4/ENC_ISR.c **** * Function Name: ENC_ISR_GetPriority
 300:Generated_Source\PSoC4/ENC_ISR.c **** ********************************************************************************
 301:Generated_Source\PSoC4/ENC_ISR.c **** *
 302:Generated_Source\PSoC4/ENC_ISR.c **** * Summary:
 303:Generated_Source\PSoC4/ENC_ISR.c **** *   Gets the Priority of the Interrupt.
 304:Generated_Source\PSoC4/ENC_ISR.c **** *
 305:Generated_Source\PSoC4/ENC_ISR.c **** * Parameters:
 306:Generated_Source\PSoC4/ENC_ISR.c **** *   None
 307:Generated_Source\PSoC4/ENC_ISR.c **** *
 308:Generated_Source\PSoC4/ENC_ISR.c **** * Return:
 309:Generated_Source\PSoC4/ENC_ISR.c **** *   Priority of the interrupt, 0 being the highest priority
 310:Generated_Source\PSoC4/ENC_ISR.c **** *    PSoC 3 and PSoC 5LP: Priority is from 0 to 7.
 311:Generated_Source\PSoC4/ENC_ISR.c **** *    PSoC 4: Priority is from 0 to 3.
 312:Generated_Source\PSoC4/ENC_ISR.c **** *
 313:Generated_Source\PSoC4/ENC_ISR.c **** *******************************************************************************/
 314:Generated_Source\PSoC4/ENC_ISR.c **** uint8 ENC_ISR_GetPriority(void)
 315:Generated_Source\PSoC4/ENC_ISR.c **** {
 272              		.loc 1 315 0
 273              		.cfi_startproc
 274              		@ args = 0, pretend = 0, frame = 0
 275              		@ frame_needed = 0, uses_anonymous_args = 0
 276              		@ link register save eliminated.
 277              	.LVL22:
 316:Generated_Source\PSoC4/ENC_ISR.c ****     uint32 priority;
 317:Generated_Source\PSoC4/ENC_ISR.c **** 	uint32 priorityOffset = ((ENC_ISR__INTC_NUMBER % 4u) * 8u) + 6u;
 318:Generated_Source\PSoC4/ENC_ISR.c **** 
 319:Generated_Source\PSoC4/ENC_ISR.c ****     priority = (*ENC_ISR_INTC_PRIOR & ENC_ISR__INTC_PRIOR_MASK) >> priorityOffset;
 278              		.loc 1 319 0
 279 0000 024B     		ldr	r3, .L25
 280 0002 1868     		ldr	r0, [r3]
 281 0004 8009     		lsrs	r0, r0, #6
 282              	.LVL23:
 320:Generated_Source\PSoC4/ENC_ISR.c **** 
 321:Generated_Source\PSoC4/ENC_ISR.c ****     return (uint8)priority;
 283              		.loc 1 321 0
 284 0006 0323     		movs	r3, #3
 285 0008 1840     		ands	r0, r3
 286              	.LVL24:
 322:Generated_Source\PSoC4/ENC_ISR.c **** }
 287              		.loc 1 322 0
 288              		@ sp needed
 289 000a 7047     		bx	lr
 290              	.L26:
 291              		.align	2
 292              	.L25:
 293 000c 00E400E0 		.word	-536812544
 294              		.cfi_endproc
 295              	.LFE8:
 296              		.size	ENC_ISR_GetPriority, .-ENC_ISR_GetPriority
ARM GAS  C:\Users\HELLOK~1\AppData\Local\Temp\ccC6GXFo.s 			page 12


 297              		.section	.text.ENC_ISR_Enable,"ax",%progbits
 298              		.align	2
 299              		.global	ENC_ISR_Enable
 300              		.code	16
 301              		.thumb_func
 302              		.type	ENC_ISR_Enable, %function
 303              	ENC_ISR_Enable:
 304              	.LFB9:
 323:Generated_Source\PSoC4/ENC_ISR.c **** 
 324:Generated_Source\PSoC4/ENC_ISR.c **** 
 325:Generated_Source\PSoC4/ENC_ISR.c **** /*******************************************************************************
 326:Generated_Source\PSoC4/ENC_ISR.c **** * Function Name: ENC_ISR_Enable
 327:Generated_Source\PSoC4/ENC_ISR.c **** ********************************************************************************
 328:Generated_Source\PSoC4/ENC_ISR.c **** *
 329:Generated_Source\PSoC4/ENC_ISR.c **** * Summary:
 330:Generated_Source\PSoC4/ENC_ISR.c **** *   Enables the interrupt to the interrupt controller. Do not call this function
 331:Generated_Source\PSoC4/ENC_ISR.c **** *   unless ISR_Start() has been called or the functionality of the ISR_Start() 
 332:Generated_Source\PSoC4/ENC_ISR.c **** *   function, which sets the vector and the priority, has been called.
 333:Generated_Source\PSoC4/ENC_ISR.c **** *
 334:Generated_Source\PSoC4/ENC_ISR.c **** * Parameters:
 335:Generated_Source\PSoC4/ENC_ISR.c **** *   None
 336:Generated_Source\PSoC4/ENC_ISR.c **** *
 337:Generated_Source\PSoC4/ENC_ISR.c **** * Return:
 338:Generated_Source\PSoC4/ENC_ISR.c **** *   None
 339:Generated_Source\PSoC4/ENC_ISR.c **** *
 340:Generated_Source\PSoC4/ENC_ISR.c **** *******************************************************************************/
 341:Generated_Source\PSoC4/ENC_ISR.c **** void ENC_ISR_Enable(void)
 342:Generated_Source\PSoC4/ENC_ISR.c **** {
 305              		.loc 1 342 0
 306              		.cfi_startproc
 307              		@ args = 0, pretend = 0, frame = 0
 308              		@ frame_needed = 0, uses_anonymous_args = 0
 309              		@ link register save eliminated.
 343:Generated_Source\PSoC4/ENC_ISR.c ****     /* Enable the general interrupt. */
 344:Generated_Source\PSoC4/ENC_ISR.c ****     *ENC_ISR_INTC_SET_EN = ENC_ISR__INTC_MASK;
 310              		.loc 1 344 0
 311 0000 0122     		movs	r2, #1
 312 0002 014B     		ldr	r3, .L28
 313 0004 1A60     		str	r2, [r3]
 345:Generated_Source\PSoC4/ENC_ISR.c **** }
 314              		.loc 1 345 0
 315              		@ sp needed
 316 0006 7047     		bx	lr
 317              	.L29:
 318              		.align	2
 319              	.L28:
 320 0008 00E100E0 		.word	-536813312
 321              		.cfi_endproc
 322              	.LFE9:
 323              		.size	ENC_ISR_Enable, .-ENC_ISR_Enable
 324              		.section	.text.ENC_ISR_GetState,"ax",%progbits
 325              		.align	2
 326              		.global	ENC_ISR_GetState
 327              		.code	16
 328              		.thumb_func
 329              		.type	ENC_ISR_GetState, %function
 330              	ENC_ISR_GetState:
ARM GAS  C:\Users\HELLOK~1\AppData\Local\Temp\ccC6GXFo.s 			page 13


 331              	.LFB10:
 346:Generated_Source\PSoC4/ENC_ISR.c **** 
 347:Generated_Source\PSoC4/ENC_ISR.c **** 
 348:Generated_Source\PSoC4/ENC_ISR.c **** /*******************************************************************************
 349:Generated_Source\PSoC4/ENC_ISR.c **** * Function Name: ENC_ISR_GetState
 350:Generated_Source\PSoC4/ENC_ISR.c **** ********************************************************************************
 351:Generated_Source\PSoC4/ENC_ISR.c **** *
 352:Generated_Source\PSoC4/ENC_ISR.c **** * Summary:
 353:Generated_Source\PSoC4/ENC_ISR.c **** *   Gets the state (enabled, disabled) of the Interrupt.
 354:Generated_Source\PSoC4/ENC_ISR.c **** *
 355:Generated_Source\PSoC4/ENC_ISR.c **** * Parameters:
 356:Generated_Source\PSoC4/ENC_ISR.c **** *   None
 357:Generated_Source\PSoC4/ENC_ISR.c **** *
 358:Generated_Source\PSoC4/ENC_ISR.c **** * Return:
 359:Generated_Source\PSoC4/ENC_ISR.c **** *   1 if enabled, 0 if disabled.
 360:Generated_Source\PSoC4/ENC_ISR.c **** *
 361:Generated_Source\PSoC4/ENC_ISR.c **** *******************************************************************************/
 362:Generated_Source\PSoC4/ENC_ISR.c **** uint8 ENC_ISR_GetState(void)
 363:Generated_Source\PSoC4/ENC_ISR.c **** {
 332              		.loc 1 363 0
 333              		.cfi_startproc
 334              		@ args = 0, pretend = 0, frame = 0
 335              		@ frame_needed = 0, uses_anonymous_args = 0
 336              		@ link register save eliminated.
 364:Generated_Source\PSoC4/ENC_ISR.c ****     /* Get the state of the general interrupt. */
 365:Generated_Source\PSoC4/ENC_ISR.c ****     return ((*ENC_ISR_INTC_SET_EN & (uint32)ENC_ISR__INTC_MASK) != 0u) ? 1u:0u;
 337              		.loc 1 365 0
 338 0000 024B     		ldr	r3, .L31
 339 0002 1B68     		ldr	r3, [r3]
 340 0004 0120     		movs	r0, #1
 341 0006 1840     		ands	r0, r3
 366:Generated_Source\PSoC4/ENC_ISR.c **** }
 342              		.loc 1 366 0
 343              		@ sp needed
 344 0008 7047     		bx	lr
 345              	.L32:
 346 000a C046     		.align	2
 347              	.L31:
 348 000c 00E100E0 		.word	-536813312
 349              		.cfi_endproc
 350              	.LFE10:
 351              		.size	ENC_ISR_GetState, .-ENC_ISR_GetState
 352              		.section	.text.ENC_ISR_Disable,"ax",%progbits
 353              		.align	2
 354              		.global	ENC_ISR_Disable
 355              		.code	16
 356              		.thumb_func
 357              		.type	ENC_ISR_Disable, %function
 358              	ENC_ISR_Disable:
 359              	.LFB11:
 367:Generated_Source\PSoC4/ENC_ISR.c **** 
 368:Generated_Source\PSoC4/ENC_ISR.c **** 
 369:Generated_Source\PSoC4/ENC_ISR.c **** /*******************************************************************************
 370:Generated_Source\PSoC4/ENC_ISR.c **** * Function Name: ENC_ISR_Disable
 371:Generated_Source\PSoC4/ENC_ISR.c **** ********************************************************************************
 372:Generated_Source\PSoC4/ENC_ISR.c **** *
 373:Generated_Source\PSoC4/ENC_ISR.c **** * Summary:
ARM GAS  C:\Users\HELLOK~1\AppData\Local\Temp\ccC6GXFo.s 			page 14


 374:Generated_Source\PSoC4/ENC_ISR.c **** *   Disables the Interrupt in the interrupt controller.
 375:Generated_Source\PSoC4/ENC_ISR.c **** *
 376:Generated_Source\PSoC4/ENC_ISR.c **** * Parameters:
 377:Generated_Source\PSoC4/ENC_ISR.c **** *   None
 378:Generated_Source\PSoC4/ENC_ISR.c **** *
 379:Generated_Source\PSoC4/ENC_ISR.c **** * Return:
 380:Generated_Source\PSoC4/ENC_ISR.c **** *   None
 381:Generated_Source\PSoC4/ENC_ISR.c **** *
 382:Generated_Source\PSoC4/ENC_ISR.c **** *******************************************************************************/
 383:Generated_Source\PSoC4/ENC_ISR.c **** void ENC_ISR_Disable(void)
 384:Generated_Source\PSoC4/ENC_ISR.c **** {
 360              		.loc 1 384 0
 361              		.cfi_startproc
 362              		@ args = 0, pretend = 0, frame = 0
 363              		@ frame_needed = 0, uses_anonymous_args = 0
 364              		@ link register save eliminated.
 385:Generated_Source\PSoC4/ENC_ISR.c ****     /* Disable the general interrupt. */
 386:Generated_Source\PSoC4/ENC_ISR.c ****     *ENC_ISR_INTC_CLR_EN = ENC_ISR__INTC_MASK;
 365              		.loc 1 386 0
 366 0000 0122     		movs	r2, #1
 367 0002 014B     		ldr	r3, .L34
 368 0004 1A60     		str	r2, [r3]
 387:Generated_Source\PSoC4/ENC_ISR.c **** }
 369              		.loc 1 387 0
 370              		@ sp needed
 371 0006 7047     		bx	lr
 372              	.L35:
 373              		.align	2
 374              	.L34:
 375 0008 80E100E0 		.word	-536813184
 376              		.cfi_endproc
 377              	.LFE11:
 378              		.size	ENC_ISR_Disable, .-ENC_ISR_Disable
 379              		.section	.text.ENC_ISR_Start,"ax",%progbits
 380              		.align	2
 381              		.global	ENC_ISR_Start
 382              		.code	16
 383              		.thumb_func
 384              		.type	ENC_ISR_Start, %function
 385              	ENC_ISR_Start:
 386              	.LFB1:
  59:Generated_Source\PSoC4/ENC_ISR.c ****     /* For all we know the interrupt is active. */
 387              		.loc 1 59 0
 388              		.cfi_startproc
 389              		@ args = 0, pretend = 0, frame = 0
 390              		@ frame_needed = 0, uses_anonymous_args = 0
 391 0000 10B5     		push	{r4, lr}
 392              		.cfi_def_cfa_offset 8
 393              		.cfi_offset 4, -8
 394              		.cfi_offset 14, -4
  61:Generated_Source\PSoC4/ENC_ISR.c **** 
 395              		.loc 1 61 0
 396 0002 FFF7FEFF 		bl	ENC_ISR_Disable
 397              	.LVL25:
  64:Generated_Source\PSoC4/ENC_ISR.c **** 
 398              		.loc 1 64 0
 399 0006 0448     		ldr	r0, .L37
ARM GAS  C:\Users\HELLOK~1\AppData\Local\Temp\ccC6GXFo.s 			page 15


 400 0008 FFF7FEFF 		bl	ENC_ISR_SetVector
 401              	.LVL26:
  67:Generated_Source\PSoC4/ENC_ISR.c **** 
 402              		.loc 1 67 0
 403 000c 0320     		movs	r0, #3
 404 000e FFF7FEFF 		bl	ENC_ISR_SetPriority
 405              	.LVL27:
  70:Generated_Source\PSoC4/ENC_ISR.c **** }
 406              		.loc 1 70 0
 407 0012 FFF7FEFF 		bl	ENC_ISR_Enable
 408              	.LVL28:
  71:Generated_Source\PSoC4/ENC_ISR.c **** 
 409              		.loc 1 71 0
 410              		@ sp needed
 411 0016 10BD     		pop	{r4, pc}
 412              	.L38:
 413              		.align	2
 414              	.L37:
 415 0018 00000000 		.word	ENC_ISR_Interrupt
 416              		.cfi_endproc
 417              	.LFE1:
 418              		.size	ENC_ISR_Start, .-ENC_ISR_Start
 419              		.section	.text.ENC_ISR_StartEx,"ax",%progbits
 420              		.align	2
 421              		.global	ENC_ISR_StartEx
 422              		.code	16
 423              		.thumb_func
 424              		.type	ENC_ISR_StartEx, %function
 425              	ENC_ISR_StartEx:
 426              	.LFB2:
 102:Generated_Source\PSoC4/ENC_ISR.c ****     /* For all we know the interrupt is active. */
 427              		.loc 1 102 0
 428              		.cfi_startproc
 429              		@ args = 0, pretend = 0, frame = 0
 430              		@ frame_needed = 0, uses_anonymous_args = 0
 431              	.LVL29:
 432 0000 10B5     		push	{r4, lr}
 433              		.cfi_def_cfa_offset 8
 434              		.cfi_offset 4, -8
 435              		.cfi_offset 14, -4
 436 0002 0400     		movs	r4, r0
 104:Generated_Source\PSoC4/ENC_ISR.c **** 
 437              		.loc 1 104 0
 438 0004 FFF7FEFF 		bl	ENC_ISR_Disable
 439              	.LVL30:
 107:Generated_Source\PSoC4/ENC_ISR.c **** 
 440              		.loc 1 107 0
 441 0008 2000     		movs	r0, r4
 442 000a FFF7FEFF 		bl	ENC_ISR_SetVector
 443              	.LVL31:
 110:Generated_Source\PSoC4/ENC_ISR.c **** 
 444              		.loc 1 110 0
 445 000e 0320     		movs	r0, #3
 446 0010 FFF7FEFF 		bl	ENC_ISR_SetPriority
 447              	.LVL32:
 113:Generated_Source\PSoC4/ENC_ISR.c **** }
 448              		.loc 1 113 0
ARM GAS  C:\Users\HELLOK~1\AppData\Local\Temp\ccC6GXFo.s 			page 16


 449 0014 FFF7FEFF 		bl	ENC_ISR_Enable
 450              	.LVL33:
 114:Generated_Source\PSoC4/ENC_ISR.c **** 
 451              		.loc 1 114 0
 452              		@ sp needed
 453              	.LVL34:
 454 0018 10BD     		pop	{r4, pc}
 455              		.cfi_endproc
 456              	.LFE2:
 457              		.size	ENC_ISR_StartEx, .-ENC_ISR_StartEx
 458 001a C046     		.section	.text.ENC_ISR_Stop,"ax",%progbits
 459              		.align	2
 460              		.global	ENC_ISR_Stop
 461              		.code	16
 462              		.thumb_func
 463              		.type	ENC_ISR_Stop, %function
 464              	ENC_ISR_Stop:
 465              	.LFB3:
 132:Generated_Source\PSoC4/ENC_ISR.c ****     /* Disable this interrupt. */
 466              		.loc 1 132 0
 467              		.cfi_startproc
 468              		@ args = 0, pretend = 0, frame = 0
 469              		@ frame_needed = 0, uses_anonymous_args = 0
 470 0000 10B5     		push	{r4, lr}
 471              		.cfi_def_cfa_offset 8
 472              		.cfi_offset 4, -8
 473              		.cfi_offset 14, -4
 134:Generated_Source\PSoC4/ENC_ISR.c **** 
 474              		.loc 1 134 0
 475 0002 FFF7FEFF 		bl	ENC_ISR_Disable
 476              	.LVL35:
 137:Generated_Source\PSoC4/ENC_ISR.c **** }
 477              		.loc 1 137 0
 478 0006 0248     		ldr	r0, .L41
 479 0008 FFF7FEFF 		bl	ENC_ISR_SetVector
 480              	.LVL36:
 138:Generated_Source\PSoC4/ENC_ISR.c **** 
 481              		.loc 1 138 0
 482              		@ sp needed
 483 000c 10BD     		pop	{r4, pc}
 484              	.L42:
 485 000e C046     		.align	2
 486              	.L41:
 487 0010 00000000 		.word	IntDefaultHandler
 488              		.cfi_endproc
 489              	.LFE3:
 490              		.size	ENC_ISR_Stop, .-ENC_ISR_Stop
 491              		.section	.text.ENC_ISR_SetPending,"ax",%progbits
 492              		.align	2
 493              		.global	ENC_ISR_SetPending
 494              		.code	16
 495              		.thumb_func
 496              		.type	ENC_ISR_SetPending, %function
 497              	ENC_ISR_SetPending:
 498              	.LFB12:
 388:Generated_Source\PSoC4/ENC_ISR.c **** 
 389:Generated_Source\PSoC4/ENC_ISR.c **** 
ARM GAS  C:\Users\HELLOK~1\AppData\Local\Temp\ccC6GXFo.s 			page 17


 390:Generated_Source\PSoC4/ENC_ISR.c **** /*******************************************************************************
 391:Generated_Source\PSoC4/ENC_ISR.c **** * Function Name: ENC_ISR_SetPending
 392:Generated_Source\PSoC4/ENC_ISR.c **** ********************************************************************************
 393:Generated_Source\PSoC4/ENC_ISR.c **** *
 394:Generated_Source\PSoC4/ENC_ISR.c **** * Summary:
 395:Generated_Source\PSoC4/ENC_ISR.c **** *   Causes the Interrupt to enter the pending state, a software method of
 396:Generated_Source\PSoC4/ENC_ISR.c **** *   generating the interrupt.
 397:Generated_Source\PSoC4/ENC_ISR.c **** *
 398:Generated_Source\PSoC4/ENC_ISR.c **** * Parameters:
 399:Generated_Source\PSoC4/ENC_ISR.c **** *   None
 400:Generated_Source\PSoC4/ENC_ISR.c **** *
 401:Generated_Source\PSoC4/ENC_ISR.c **** * Return:
 402:Generated_Source\PSoC4/ENC_ISR.c **** *   None
 403:Generated_Source\PSoC4/ENC_ISR.c **** *
 404:Generated_Source\PSoC4/ENC_ISR.c **** * Side Effects:
 405:Generated_Source\PSoC4/ENC_ISR.c **** *   If interrupts are enabled and the interrupt is set up properly, the ISR is
 406:Generated_Source\PSoC4/ENC_ISR.c **** *   entered (depending on the priority of this interrupt and other pending 
 407:Generated_Source\PSoC4/ENC_ISR.c **** *   interrupts).
 408:Generated_Source\PSoC4/ENC_ISR.c **** *
 409:Generated_Source\PSoC4/ENC_ISR.c **** *******************************************************************************/
 410:Generated_Source\PSoC4/ENC_ISR.c **** void ENC_ISR_SetPending(void)
 411:Generated_Source\PSoC4/ENC_ISR.c **** {
 499              		.loc 1 411 0
 500              		.cfi_startproc
 501              		@ args = 0, pretend = 0, frame = 0
 502              		@ frame_needed = 0, uses_anonymous_args = 0
 503              		@ link register save eliminated.
 412:Generated_Source\PSoC4/ENC_ISR.c ****     *ENC_ISR_INTC_SET_PD = ENC_ISR__INTC_MASK;
 504              		.loc 1 412 0
 505 0000 0122     		movs	r2, #1
 506 0002 014B     		ldr	r3, .L44
 507 0004 1A60     		str	r2, [r3]
 413:Generated_Source\PSoC4/ENC_ISR.c **** }
 508              		.loc 1 413 0
 509              		@ sp needed
 510 0006 7047     		bx	lr
 511              	.L45:
 512              		.align	2
 513              	.L44:
 514 0008 00E200E0 		.word	-536813056
 515              		.cfi_endproc
 516              	.LFE12:
 517              		.size	ENC_ISR_SetPending, .-ENC_ISR_SetPending
 518              		.section	.text.ENC_ISR_ClearPending,"ax",%progbits
 519              		.align	2
 520              		.global	ENC_ISR_ClearPending
 521              		.code	16
 522              		.thumb_func
 523              		.type	ENC_ISR_ClearPending, %function
 524              	ENC_ISR_ClearPending:
 525              	.LFB13:
 414:Generated_Source\PSoC4/ENC_ISR.c **** 
 415:Generated_Source\PSoC4/ENC_ISR.c **** 
 416:Generated_Source\PSoC4/ENC_ISR.c **** /*******************************************************************************
 417:Generated_Source\PSoC4/ENC_ISR.c **** * Function Name: ENC_ISR_ClearPending
 418:Generated_Source\PSoC4/ENC_ISR.c **** ********************************************************************************
 419:Generated_Source\PSoC4/ENC_ISR.c **** *
ARM GAS  C:\Users\HELLOK~1\AppData\Local\Temp\ccC6GXFo.s 			page 18


 420:Generated_Source\PSoC4/ENC_ISR.c **** * Summary:
 421:Generated_Source\PSoC4/ENC_ISR.c **** *   Clears a pending interrupt in the interrupt controller.
 422:Generated_Source\PSoC4/ENC_ISR.c **** *
 423:Generated_Source\PSoC4/ENC_ISR.c **** *   Note Some interrupt sources are clear-on-read and require the block 
 424:Generated_Source\PSoC4/ENC_ISR.c **** *   interrupt/status register to be read/cleared with the appropriate block API 
 425:Generated_Source\PSoC4/ENC_ISR.c **** *   (GPIO, UART, and so on). Otherwise the ISR will continue to remain in 
 426:Generated_Source\PSoC4/ENC_ISR.c **** *   pending state even though the interrupt itself is cleared using this API.
 427:Generated_Source\PSoC4/ENC_ISR.c **** *
 428:Generated_Source\PSoC4/ENC_ISR.c **** * Parameters:
 429:Generated_Source\PSoC4/ENC_ISR.c **** *   None
 430:Generated_Source\PSoC4/ENC_ISR.c **** *
 431:Generated_Source\PSoC4/ENC_ISR.c **** * Return:
 432:Generated_Source\PSoC4/ENC_ISR.c **** *   None
 433:Generated_Source\PSoC4/ENC_ISR.c **** *
 434:Generated_Source\PSoC4/ENC_ISR.c **** *******************************************************************************/
 435:Generated_Source\PSoC4/ENC_ISR.c **** void ENC_ISR_ClearPending(void)
 436:Generated_Source\PSoC4/ENC_ISR.c **** {
 526              		.loc 1 436 0
 527              		.cfi_startproc
 528              		@ args = 0, pretend = 0, frame = 0
 529              		@ frame_needed = 0, uses_anonymous_args = 0
 530              		@ link register save eliminated.
 437:Generated_Source\PSoC4/ENC_ISR.c ****     *ENC_ISR_INTC_CLR_PD = ENC_ISR__INTC_MASK;
 531              		.loc 1 437 0
 532 0000 0122     		movs	r2, #1
 533 0002 014B     		ldr	r3, .L47
 534 0004 1A60     		str	r2, [r3]
 438:Generated_Source\PSoC4/ENC_ISR.c **** }
 535              		.loc 1 438 0
 536              		@ sp needed
 537 0006 7047     		bx	lr
 538              	.L48:
 539              		.align	2
 540              	.L47:
 541 0008 80E200E0 		.word	-536812928
 542              		.cfi_endproc
 543              	.LFE13:
 544              		.size	ENC_ISR_ClearPending, .-ENC_ISR_ClearPending
 545              		.text
 546              	.Letext0:
 547              		.file 2 "Generated_Source\\PSoC4/cytypes.h"
 548              		.file 3 "Generated_Source\\PSoC4\\ENC.h"
 549              		.file 4 "Generated_Source\\PSoC4/CyLib.h"
 550              		.section	.debug_info,"",%progbits
 551              	.Ldebug_info0:
 552 0000 B3030000 		.4byte	0x3b3
 553 0004 0400     		.2byte	0x4
 554 0006 00000000 		.4byte	.Ldebug_abbrev0
 555 000a 04       		.byte	0x4
 556 000b 01       		.uleb128 0x1
 557 000c CC010000 		.4byte	.LASF42
 558 0010 0C       		.byte	0xc
 559 0011 7E020000 		.4byte	.LASF43
 560 0015 B3020000 		.4byte	.LASF44
 561 0019 00000000 		.4byte	.Ldebug_ranges0+0
 562 001d 00000000 		.4byte	0
 563 0021 00000000 		.4byte	.Ldebug_line0
ARM GAS  C:\Users\HELLOK~1\AppData\Local\Temp\ccC6GXFo.s 			page 19


 564 0025 02       		.uleb128 0x2
 565 0026 01       		.byte	0x1
 566 0027 06       		.byte	0x6
 567 0028 5D030000 		.4byte	.LASF0
 568 002c 02       		.uleb128 0x2
 569 002d 01       		.byte	0x1
 570 002e 08       		.byte	0x8
 571 002f 8A000000 		.4byte	.LASF1
 572 0033 02       		.uleb128 0x2
 573 0034 02       		.byte	0x2
 574 0035 05       		.byte	0x5
 575 0036 1E010000 		.4byte	.LASF2
 576 003a 02       		.uleb128 0x2
 577 003b 02       		.byte	0x2
 578 003c 07       		.byte	0x7
 579 003d 4A000000 		.4byte	.LASF3
 580 0041 02       		.uleb128 0x2
 581 0042 04       		.byte	0x4
 582 0043 05       		.byte	0x5
 583 0044 48030000 		.4byte	.LASF4
 584 0048 02       		.uleb128 0x2
 585 0049 04       		.byte	0x4
 586 004a 07       		.byte	0x7
 587 004b A7000000 		.4byte	.LASF5
 588 004f 02       		.uleb128 0x2
 589 0050 08       		.byte	0x8
 590 0051 05       		.byte	0x5
 591 0052 6B020000 		.4byte	.LASF6
 592 0056 02       		.uleb128 0x2
 593 0057 08       		.byte	0x8
 594 0058 07       		.byte	0x7
 595 0059 73000000 		.4byte	.LASF7
 596 005d 03       		.uleb128 0x3
 597 005e 04       		.byte	0x4
 598 005f 05       		.byte	0x5
 599 0060 696E7400 		.ascii	"int\000"
 600 0064 02       		.uleb128 0x2
 601 0065 04       		.byte	0x4
 602 0066 07       		.byte	0x7
 603 0067 62010000 		.4byte	.LASF8
 604 006b 04       		.uleb128 0x4
 605 006c B9000000 		.4byte	.LASF9
 606 0070 02       		.byte	0x2
 607 0071 E701     		.2byte	0x1e7
 608 0073 2C000000 		.4byte	0x2c
 609 0077 04       		.uleb128 0x4
 610 0078 44010000 		.4byte	.LASF10
 611 007c 02       		.byte	0x2
 612 007d E901     		.2byte	0x1e9
 613 007f 48000000 		.4byte	0x48
 614 0083 02       		.uleb128 0x2
 615 0084 04       		.byte	0x4
 616 0085 04       		.byte	0x4
 617 0086 6D000000 		.4byte	.LASF11
 618 008a 02       		.uleb128 0x2
 619 008b 08       		.byte	0x8
 620 008c 04       		.byte	0x4
ARM GAS  C:\Users\HELLOK~1\AppData\Local\Temp\ccC6GXFo.s 			page 20


 621 008d F6000000 		.4byte	.LASF12
 622 0091 02       		.uleb128 0x2
 623 0092 01       		.byte	0x1
 624 0093 08       		.byte	0x8
 625 0094 79020000 		.4byte	.LASF13
 626 0098 05       		.uleb128 0x5
 627 0099 6B000000 		.4byte	0x6b
 628 009d 04       		.uleb128 0x4
 629 009e 12000000 		.4byte	.LASF14
 630 00a2 02       		.byte	0x2
 631 00a3 9302     		.2byte	0x293
 632 00a5 A9000000 		.4byte	0xa9
 633 00a9 05       		.uleb128 0x5
 634 00aa 77000000 		.4byte	0x77
 635 00ae 04       		.uleb128 0x4
 636 00af BF010000 		.4byte	.LASF15
 637 00b3 02       		.byte	0x2
 638 00b4 A302     		.2byte	0x2a3
 639 00b6 BA000000 		.4byte	0xba
 640 00ba 06       		.uleb128 0x6
 641 00bb 04       		.byte	0x4
 642 00bc C0000000 		.4byte	0xc0
 643 00c0 07       		.uleb128 0x7
 644 00c1 02       		.uleb128 0x2
 645 00c2 08       		.byte	0x8
 646 00c3 04       		.byte	0x4
 647 00c4 51030000 		.4byte	.LASF16
 648 00c8 02       		.uleb128 0x2
 649 00c9 04       		.byte	0x4
 650 00ca 07       		.byte	0x7
 651 00cb 62020000 		.4byte	.LASF17
 652 00cf 08       		.uleb128 0x8
 653 00d0 BF000000 		.4byte	.LASF19
 654 00d4 01       		.byte	0x1
 655 00d5 A1       		.byte	0xa1
 656 00d6 00000000 		.4byte	.LFB4
 657 00da 9C000000 		.4byte	.LFE4-.LFB4
 658 00de 01       		.uleb128 0x1
 659 00df 9C       		.byte	0x9c
 660 00e0 57010000 		.4byte	0x157
 661 00e4 09       		.uleb128 0x9
 662 00e5 6100     		.ascii	"a\000"
 663 00e7 01       		.byte	0x1
 664 00e8 AA       		.byte	0xaa
 665 00e9 57010000 		.4byte	0x157
 666 00ed 02       		.uleb128 0x2
 667 00ee 91       		.byte	0x91
 668 00ef 74       		.sleb128 -12
 669 00f0 0A       		.uleb128 0xa
 670 00f1 44000000 		.4byte	.LASF18
 671 00f5 01       		.byte	0x1
 672 00f6 AB       		.byte	0xab
 673 00f7 5D000000 		.4byte	0x5d
 674 00fb 00000000 		.4byte	.LLST0
 675 00ff 09       		.uleb128 0x9
 676 0100 6200     		.ascii	"b\000"
 677 0102 01       		.byte	0x1
ARM GAS  C:\Users\HELLOK~1\AppData\Local\Temp\ccC6GXFo.s 			page 21


 678 0103 B1       		.byte	0xb1
 679 0104 57010000 		.4byte	0x157
 680 0108 02       		.uleb128 0x2
 681 0109 91       		.byte	0x91
 682 010a 70       		.sleb128 -16
 683 010b 09       		.uleb128 0x9
 684 010c 6300     		.ascii	"c\000"
 685 010e 01       		.byte	0x1
 686 010f B7       		.byte	0xb7
 687 0110 57010000 		.4byte	0x157
 688 0114 02       		.uleb128 0x2
 689 0115 91       		.byte	0x91
 690 0116 6C       		.sleb128 -20
 691 0117 0B       		.uleb128 0xb
 692 0118 08000000 		.4byte	.LVL0
 693 011c 8A030000 		.4byte	0x38a
 694 0120 0B       		.uleb128 0xb
 695 0121 14000000 		.4byte	.LVL4
 696 0125 8A030000 		.4byte	0x38a
 697 0129 0B       		.uleb128 0xb
 698 012a 24000000 		.4byte	.LVL6
 699 012e 8A030000 		.4byte	0x38a
 700 0132 0B       		.uleb128 0xb
 701 0133 30000000 		.4byte	.LVL9
 702 0137 8A030000 		.4byte	0x38a
 703 013b 0B       		.uleb128 0xb
 704 013c 40000000 		.4byte	.LVL11
 705 0140 8A030000 		.4byte	0x38a
 706 0144 0B       		.uleb128 0xb
 707 0145 4C000000 		.4byte	.LVL14
 708 0149 8A030000 		.4byte	0x38a
 709 014d 0B       		.uleb128 0xb
 710 014e 8A000000 		.4byte	.LVL16
 711 0152 95030000 		.4byte	0x395
 712 0156 00       		.byte	0
 713 0157 05       		.uleb128 0x5
 714 0158 5D000000 		.4byte	0x5d
 715 015c 08       		.uleb128 0x8
 716 015d 00000000 		.4byte	.LASF20
 717 0161 01       		.byte	0x1
 718 0162 EC       		.byte	0xec
 719 0163 00000000 		.4byte	.LFB5
 720 0167 0C000000 		.4byte	.LFE5-.LFB5
 721 016b 01       		.uleb128 0x1
 722 016c 9C       		.byte	0x9c
 723 016d 7F010000 		.4byte	0x17f
 724 0171 0C       		.uleb128 0xc
 725 0172 80010000 		.4byte	.LASF22
 726 0176 01       		.byte	0x1
 727 0177 EC       		.byte	0xec
 728 0178 AE000000 		.4byte	0xae
 729 017c 01       		.uleb128 0x1
 730 017d 50       		.byte	0x50
 731 017e 00       		.byte	0
 732 017f 0D       		.uleb128 0xd
 733 0180 27030000 		.4byte	.LASF26
 734 0184 01       		.byte	0x1
ARM GAS  C:\Users\HELLOK~1\AppData\Local\Temp\ccC6GXFo.s 			page 22


 735 0185 0001     		.2byte	0x100
 736 0187 AE000000 		.4byte	0xae
 737 018b 00000000 		.4byte	.LFB6
 738 018f 0C000000 		.4byte	.LFE6-.LFB6
 739 0193 01       		.uleb128 0x1
 740 0194 9C       		.byte	0x9c
 741 0195 0E       		.uleb128 0xe
 742 0196 9E010000 		.4byte	.LASF21
 743 019a 01       		.byte	0x1
 744 019b 1E01     		.2byte	0x11e
 745 019d 00000000 		.4byte	.LFB7
 746 01a1 20000000 		.4byte	.LFE7-.LFB7
 747 01a5 01       		.uleb128 0x1
 748 01a6 9C       		.byte	0x9c
 749 01a7 EB010000 		.4byte	0x1eb
 750 01ab 0F       		.uleb128 0xf
 751 01ac 28010000 		.4byte	.LASF23
 752 01b0 01       		.byte	0x1
 753 01b1 1E01     		.2byte	0x11e
 754 01b3 6B000000 		.4byte	0x6b
 755 01b7 59000000 		.4byte	.LLST1
 756 01bb 10       		.uleb128 0x10
 757 01bc 98000000 		.4byte	.LASF24
 758 01c0 01       		.byte	0x1
 759 01c1 2001     		.2byte	0x120
 760 01c3 6B000000 		.4byte	0x6b
 761 01c7 7A000000 		.4byte	.LLST2
 762 01cb 11       		.uleb128 0x11
 763 01cc 39030000 		.4byte	.LASF25
 764 01d0 01       		.byte	0x1
 765 01d1 2101     		.2byte	0x121
 766 01d3 77000000 		.4byte	0x77
 767 01d7 06       		.byte	0x6
 768 01d8 0B       		.uleb128 0xb
 769 01d9 08000000 		.4byte	.LVL20
 770 01dd A0030000 		.4byte	0x3a0
 771 01e1 0B       		.uleb128 0xb
 772 01e2 1A000000 		.4byte	.LVL21
 773 01e6 AB030000 		.4byte	0x3ab
 774 01ea 00       		.byte	0
 775 01eb 12       		.uleb128 0x12
 776 01ec 9F020000 		.4byte	.LASF45
 777 01f0 01       		.byte	0x1
 778 01f1 3A01     		.2byte	0x13a
 779 01f3 6B000000 		.4byte	0x6b
 780 01f7 00000000 		.4byte	.LFB8
 781 01fb 10000000 		.4byte	.LFE8-.LFB8
 782 01ff 01       		.uleb128 0x1
 783 0200 9C       		.byte	0x9c
 784 0201 23020000 		.4byte	0x223
 785 0205 10       		.uleb128 0x10
 786 0206 28010000 		.4byte	.LASF23
 787 020a 01       		.byte	0x1
 788 020b 3C01     		.2byte	0x13c
 789 020d 77000000 		.4byte	0x77
 790 0211 8D000000 		.4byte	.LLST3
 791 0215 11       		.uleb128 0x11
ARM GAS  C:\Users\HELLOK~1\AppData\Local\Temp\ccC6GXFo.s 			page 23


 792 0216 39030000 		.4byte	.LASF25
 793 021a 01       		.byte	0x1
 794 021b 3D01     		.2byte	0x13d
 795 021d 77000000 		.4byte	0x77
 796 0221 06       		.byte	0x6
 797 0222 00       		.byte	0
 798 0223 13       		.uleb128 0x13
 799 0224 18000000 		.4byte	.LASF28
 800 0228 01       		.byte	0x1
 801 0229 5501     		.2byte	0x155
 802 022b 00000000 		.4byte	.LFB9
 803 022f 0C000000 		.4byte	.LFE9-.LFB9
 804 0233 01       		.uleb128 0x1
 805 0234 9C       		.byte	0x9c
 806 0235 0D       		.uleb128 0xd
 807 0236 6F010000 		.4byte	.LASF27
 808 023a 01       		.byte	0x1
 809 023b 6A01     		.2byte	0x16a
 810 023d 6B000000 		.4byte	0x6b
 811 0241 00000000 		.4byte	.LFB10
 812 0245 10000000 		.4byte	.LFE10-.LFB10
 813 0249 01       		.uleb128 0x1
 814 024a 9C       		.byte	0x9c
 815 024b 13       		.uleb128 0x13
 816 024c E6000000 		.4byte	.LASF29
 817 0250 01       		.byte	0x1
 818 0251 7F01     		.2byte	0x17f
 819 0253 00000000 		.4byte	.LFB11
 820 0257 0C000000 		.4byte	.LFE11-.LFB11
 821 025b 01       		.uleb128 0x1
 822 025c 9C       		.byte	0x9c
 823 025d 08       		.uleb128 0x8
 824 025e FD000000 		.4byte	.LASF30
 825 0262 01       		.byte	0x1
 826 0263 3A       		.byte	0x3a
 827 0264 00000000 		.4byte	.LFB1
 828 0268 1C000000 		.4byte	.LFE1-.LFB1
 829 026c 01       		.uleb128 0x1
 830 026d 9C       		.byte	0x9c
 831 026e AF020000 		.4byte	0x2af
 832 0272 0B       		.uleb128 0xb
 833 0273 06000000 		.4byte	.LVL25
 834 0277 4B020000 		.4byte	0x24b
 835 027b 14       		.uleb128 0x14
 836 027c 0C000000 		.4byte	.LVL26
 837 0280 5C010000 		.4byte	0x15c
 838 0284 92020000 		.4byte	0x292
 839 0288 15       		.uleb128 0x15
 840 0289 01       		.uleb128 0x1
 841 028a 50       		.byte	0x50
 842 028b 05       		.uleb128 0x5
 843 028c 03       		.byte	0x3
 844 028d 00000000 		.4byte	ENC_ISR_Interrupt
 845 0291 00       		.byte	0
 846 0292 14       		.uleb128 0x14
 847 0293 12000000 		.4byte	.LVL27
 848 0297 95010000 		.4byte	0x195
ARM GAS  C:\Users\HELLOK~1\AppData\Local\Temp\ccC6GXFo.s 			page 24


 849 029b A5020000 		.4byte	0x2a5
 850 029f 15       		.uleb128 0x15
 851 02a0 01       		.uleb128 0x1
 852 02a1 50       		.byte	0x50
 853 02a2 01       		.uleb128 0x1
 854 02a3 33       		.byte	0x33
 855 02a4 00       		.byte	0
 856 02a5 0B       		.uleb128 0xb
 857 02a6 16000000 		.4byte	.LVL28
 858 02aa 23020000 		.4byte	0x223
 859 02ae 00       		.byte	0
 860 02af 08       		.uleb128 0x8
 861 02b0 5D000000 		.4byte	.LASF31
 862 02b4 01       		.byte	0x1
 863 02b5 65       		.byte	0x65
 864 02b6 00000000 		.4byte	.LFB2
 865 02ba 1A000000 		.4byte	.LFE2-.LFB2
 866 02be 01       		.uleb128 0x1
 867 02bf 9C       		.byte	0x9c
 868 02c0 0D030000 		.4byte	0x30d
 869 02c4 16       		.uleb128 0x16
 870 02c5 80010000 		.4byte	.LASF22
 871 02c9 01       		.byte	0x1
 872 02ca 65       		.byte	0x65
 873 02cb AE000000 		.4byte	0xae
 874 02cf AF000000 		.4byte	.LLST4
 875 02d3 0B       		.uleb128 0xb
 876 02d4 08000000 		.4byte	.LVL30
 877 02d8 4B020000 		.4byte	0x24b
 878 02dc 14       		.uleb128 0x14
 879 02dd 0E000000 		.4byte	.LVL31
 880 02e1 5C010000 		.4byte	0x15c
 881 02e5 F0020000 		.4byte	0x2f0
 882 02e9 15       		.uleb128 0x15
 883 02ea 01       		.uleb128 0x1
 884 02eb 50       		.byte	0x50
 885 02ec 02       		.uleb128 0x2
 886 02ed 74       		.byte	0x74
 887 02ee 00       		.sleb128 0
 888 02ef 00       		.byte	0
 889 02f0 14       		.uleb128 0x14
 890 02f1 14000000 		.4byte	.LVL32
 891 02f5 95010000 		.4byte	0x195
 892 02f9 03030000 		.4byte	0x303
 893 02fd 15       		.uleb128 0x15
 894 02fe 01       		.uleb128 0x1
 895 02ff 50       		.byte	0x50
 896 0300 01       		.uleb128 0x1
 897 0301 33       		.byte	0x33
 898 0302 00       		.byte	0
 899 0303 0B       		.uleb128 0xb
 900 0304 18000000 		.4byte	.LVL33
 901 0308 23020000 		.4byte	0x223
 902 030c 00       		.byte	0
 903 030d 08       		.uleb128 0x8
 904 030e B2010000 		.4byte	.LASF32
 905 0312 01       		.byte	0x1
ARM GAS  C:\Users\HELLOK~1\AppData\Local\Temp\ccC6GXFo.s 			page 25


 906 0313 83       		.byte	0x83
 907 0314 00000000 		.4byte	.LFB3
 908 0318 14000000 		.4byte	.LFE3-.LFB3
 909 031c 01       		.uleb128 0x1
 910 031d 9C       		.byte	0x9c
 911 031e 35030000 		.4byte	0x335
 912 0322 0B       		.uleb128 0xb
 913 0323 06000000 		.4byte	.LVL35
 914 0327 4B020000 		.4byte	0x24b
 915 032b 0B       		.uleb128 0xb
 916 032c 0C000000 		.4byte	.LVL36
 917 0330 5C010000 		.4byte	0x15c
 918 0334 00       		.byte	0
 919 0335 13       		.uleb128 0x13
 920 0336 31010000 		.4byte	.LASF33
 921 033a 01       		.byte	0x1
 922 033b 9A01     		.2byte	0x19a
 923 033d 00000000 		.4byte	.LFB12
 924 0341 0C000000 		.4byte	.LFE12-.LFB12
 925 0345 01       		.uleb128 0x1
 926 0346 9C       		.byte	0x9c
 927 0347 13       		.uleb128 0x13
 928 0348 D1000000 		.4byte	.LASF34
 929 034c 01       		.byte	0x1
 930 034d B301     		.2byte	0x1b3
 931 034f 00000000 		.4byte	.LFB13
 932 0353 0C000000 		.4byte	.LFE13-.LFB13
 933 0357 01       		.uleb128 0x1
 934 0358 9C       		.byte	0x9c
 935 0359 17       		.uleb128 0x17
 936 035a 5A020000 		.4byte	.LASF35
 937 035e 01       		.byte	0x1
 938 035f 1F       		.byte	0x1f
 939 0360 98000000 		.4byte	0x98
 940 0364 17       		.uleb128 0x17
 941 0365 27000000 		.4byte	.LASF36
 942 0369 01       		.byte	0x1
 943 036a 20       		.byte	0x20
 944 036b 98000000 		.4byte	0x98
 945 036f 18       		.uleb128 0x18
 946 0370 AE000000 		.4byte	0xae
 947 0374 7F030000 		.4byte	0x37f
 948 0378 19       		.uleb128 0x19
 949 0379 C8000000 		.4byte	0xc8
 950 037d 2F       		.byte	0x2f
 951 037e 00       		.byte	0
 952 037f 17       		.uleb128 0x17
 953 0380 2E000000 		.4byte	.LASF37
 954 0384 01       		.byte	0x1
 955 0385 23       		.byte	0x23
 956 0386 6F030000 		.4byte	0x36f
 957 038a 1A       		.uleb128 0x1a
 958 038b 3B000000 		.4byte	.LASF38
 959 038f 3B000000 		.4byte	.LASF38
 960 0393 03       		.byte	0x3
 961 0394 32       		.byte	0x32
 962 0395 1A       		.uleb128 0x1a
ARM GAS  C:\Users\HELLOK~1\AppData\Local\Temp\ccC6GXFo.s 			page 26


 963 0396 0B010000 		.4byte	.LASF39
 964 039a 0B010000 		.4byte	.LASF39
 965 039e 03       		.byte	0x3
 966 039f 39       		.byte	0x39
 967 03a0 1A       		.uleb128 0x1a
 968 03a1 4B010000 		.4byte	.LASF40
 969 03a5 4B010000 		.4byte	.LASF40
 970 03a9 04       		.byte	0x4
 971 03aa E5       		.byte	0xe5
 972 03ab 1A       		.uleb128 0x1a
 973 03ac 88010000 		.4byte	.LASF41
 974 03b0 88010000 		.4byte	.LASF41
 975 03b4 04       		.byte	0x4
 976 03b5 E6       		.byte	0xe6
 977 03b6 00       		.byte	0
 978              		.section	.debug_abbrev,"",%progbits
 979              	.Ldebug_abbrev0:
 980 0000 01       		.uleb128 0x1
 981 0001 11       		.uleb128 0x11
 982 0002 01       		.byte	0x1
 983 0003 25       		.uleb128 0x25
 984 0004 0E       		.uleb128 0xe
 985 0005 13       		.uleb128 0x13
 986 0006 0B       		.uleb128 0xb
 987 0007 03       		.uleb128 0x3
 988 0008 0E       		.uleb128 0xe
 989 0009 1B       		.uleb128 0x1b
 990 000a 0E       		.uleb128 0xe
 991 000b 55       		.uleb128 0x55
 992 000c 17       		.uleb128 0x17
 993 000d 11       		.uleb128 0x11
 994 000e 01       		.uleb128 0x1
 995 000f 10       		.uleb128 0x10
 996 0010 17       		.uleb128 0x17
 997 0011 00       		.byte	0
 998 0012 00       		.byte	0
 999 0013 02       		.uleb128 0x2
 1000 0014 24       		.uleb128 0x24
 1001 0015 00       		.byte	0
 1002 0016 0B       		.uleb128 0xb
 1003 0017 0B       		.uleb128 0xb
 1004 0018 3E       		.uleb128 0x3e
 1005 0019 0B       		.uleb128 0xb
 1006 001a 03       		.uleb128 0x3
 1007 001b 0E       		.uleb128 0xe
 1008 001c 00       		.byte	0
 1009 001d 00       		.byte	0
 1010 001e 03       		.uleb128 0x3
 1011 001f 24       		.uleb128 0x24
 1012 0020 00       		.byte	0
 1013 0021 0B       		.uleb128 0xb
 1014 0022 0B       		.uleb128 0xb
 1015 0023 3E       		.uleb128 0x3e
 1016 0024 0B       		.uleb128 0xb
 1017 0025 03       		.uleb128 0x3
 1018 0026 08       		.uleb128 0x8
 1019 0027 00       		.byte	0
ARM GAS  C:\Users\HELLOK~1\AppData\Local\Temp\ccC6GXFo.s 			page 27


 1020 0028 00       		.byte	0
 1021 0029 04       		.uleb128 0x4
 1022 002a 16       		.uleb128 0x16
 1023 002b 00       		.byte	0
 1024 002c 03       		.uleb128 0x3
 1025 002d 0E       		.uleb128 0xe
 1026 002e 3A       		.uleb128 0x3a
 1027 002f 0B       		.uleb128 0xb
 1028 0030 3B       		.uleb128 0x3b
 1029 0031 05       		.uleb128 0x5
 1030 0032 49       		.uleb128 0x49
 1031 0033 13       		.uleb128 0x13
 1032 0034 00       		.byte	0
 1033 0035 00       		.byte	0
 1034 0036 05       		.uleb128 0x5
 1035 0037 35       		.uleb128 0x35
 1036 0038 00       		.byte	0
 1037 0039 49       		.uleb128 0x49
 1038 003a 13       		.uleb128 0x13
 1039 003b 00       		.byte	0
 1040 003c 00       		.byte	0
 1041 003d 06       		.uleb128 0x6
 1042 003e 0F       		.uleb128 0xf
 1043 003f 00       		.byte	0
 1044 0040 0B       		.uleb128 0xb
 1045 0041 0B       		.uleb128 0xb
 1046 0042 49       		.uleb128 0x49
 1047 0043 13       		.uleb128 0x13
 1048 0044 00       		.byte	0
 1049 0045 00       		.byte	0
 1050 0046 07       		.uleb128 0x7
 1051 0047 15       		.uleb128 0x15
 1052 0048 00       		.byte	0
 1053 0049 27       		.uleb128 0x27
 1054 004a 19       		.uleb128 0x19
 1055 004b 00       		.byte	0
 1056 004c 00       		.byte	0
 1057 004d 08       		.uleb128 0x8
 1058 004e 2E       		.uleb128 0x2e
 1059 004f 01       		.byte	0x1
 1060 0050 3F       		.uleb128 0x3f
 1061 0051 19       		.uleb128 0x19
 1062 0052 03       		.uleb128 0x3
 1063 0053 0E       		.uleb128 0xe
 1064 0054 3A       		.uleb128 0x3a
 1065 0055 0B       		.uleb128 0xb
 1066 0056 3B       		.uleb128 0x3b
 1067 0057 0B       		.uleb128 0xb
 1068 0058 27       		.uleb128 0x27
 1069 0059 19       		.uleb128 0x19
 1070 005a 11       		.uleb128 0x11
 1071 005b 01       		.uleb128 0x1
 1072 005c 12       		.uleb128 0x12
 1073 005d 06       		.uleb128 0x6
 1074 005e 40       		.uleb128 0x40
 1075 005f 18       		.uleb128 0x18
 1076 0060 9742     		.uleb128 0x2117
ARM GAS  C:\Users\HELLOK~1\AppData\Local\Temp\ccC6GXFo.s 			page 28


 1077 0062 19       		.uleb128 0x19
 1078 0063 01       		.uleb128 0x1
 1079 0064 13       		.uleb128 0x13
 1080 0065 00       		.byte	0
 1081 0066 00       		.byte	0
 1082 0067 09       		.uleb128 0x9
 1083 0068 34       		.uleb128 0x34
 1084 0069 00       		.byte	0
 1085 006a 03       		.uleb128 0x3
 1086 006b 08       		.uleb128 0x8
 1087 006c 3A       		.uleb128 0x3a
 1088 006d 0B       		.uleb128 0xb
 1089 006e 3B       		.uleb128 0x3b
 1090 006f 0B       		.uleb128 0xb
 1091 0070 49       		.uleb128 0x49
 1092 0071 13       		.uleb128 0x13
 1093 0072 02       		.uleb128 0x2
 1094 0073 18       		.uleb128 0x18
 1095 0074 00       		.byte	0
 1096 0075 00       		.byte	0
 1097 0076 0A       		.uleb128 0xa
 1098 0077 34       		.uleb128 0x34
 1099 0078 00       		.byte	0
 1100 0079 03       		.uleb128 0x3
 1101 007a 0E       		.uleb128 0xe
 1102 007b 3A       		.uleb128 0x3a
 1103 007c 0B       		.uleb128 0xb
 1104 007d 3B       		.uleb128 0x3b
 1105 007e 0B       		.uleb128 0xb
 1106 007f 49       		.uleb128 0x49
 1107 0080 13       		.uleb128 0x13
 1108 0081 02       		.uleb128 0x2
 1109 0082 17       		.uleb128 0x17
 1110 0083 00       		.byte	0
 1111 0084 00       		.byte	0
 1112 0085 0B       		.uleb128 0xb
 1113 0086 898201   		.uleb128 0x4109
 1114 0089 00       		.byte	0
 1115 008a 11       		.uleb128 0x11
 1116 008b 01       		.uleb128 0x1
 1117 008c 31       		.uleb128 0x31
 1118 008d 13       		.uleb128 0x13
 1119 008e 00       		.byte	0
 1120 008f 00       		.byte	0
 1121 0090 0C       		.uleb128 0xc
 1122 0091 05       		.uleb128 0x5
 1123 0092 00       		.byte	0
 1124 0093 03       		.uleb128 0x3
 1125 0094 0E       		.uleb128 0xe
 1126 0095 3A       		.uleb128 0x3a
 1127 0096 0B       		.uleb128 0xb
 1128 0097 3B       		.uleb128 0x3b
 1129 0098 0B       		.uleb128 0xb
 1130 0099 49       		.uleb128 0x49
 1131 009a 13       		.uleb128 0x13
 1132 009b 02       		.uleb128 0x2
 1133 009c 18       		.uleb128 0x18
ARM GAS  C:\Users\HELLOK~1\AppData\Local\Temp\ccC6GXFo.s 			page 29


 1134 009d 00       		.byte	0
 1135 009e 00       		.byte	0
 1136 009f 0D       		.uleb128 0xd
 1137 00a0 2E       		.uleb128 0x2e
 1138 00a1 00       		.byte	0
 1139 00a2 3F       		.uleb128 0x3f
 1140 00a3 19       		.uleb128 0x19
 1141 00a4 03       		.uleb128 0x3
 1142 00a5 0E       		.uleb128 0xe
 1143 00a6 3A       		.uleb128 0x3a
 1144 00a7 0B       		.uleb128 0xb
 1145 00a8 3B       		.uleb128 0x3b
 1146 00a9 05       		.uleb128 0x5
 1147 00aa 27       		.uleb128 0x27
 1148 00ab 19       		.uleb128 0x19
 1149 00ac 49       		.uleb128 0x49
 1150 00ad 13       		.uleb128 0x13
 1151 00ae 11       		.uleb128 0x11
 1152 00af 01       		.uleb128 0x1
 1153 00b0 12       		.uleb128 0x12
 1154 00b1 06       		.uleb128 0x6
 1155 00b2 40       		.uleb128 0x40
 1156 00b3 18       		.uleb128 0x18
 1157 00b4 9742     		.uleb128 0x2117
 1158 00b6 19       		.uleb128 0x19
 1159 00b7 00       		.byte	0
 1160 00b8 00       		.byte	0
 1161 00b9 0E       		.uleb128 0xe
 1162 00ba 2E       		.uleb128 0x2e
 1163 00bb 01       		.byte	0x1
 1164 00bc 3F       		.uleb128 0x3f
 1165 00bd 19       		.uleb128 0x19
 1166 00be 03       		.uleb128 0x3
 1167 00bf 0E       		.uleb128 0xe
 1168 00c0 3A       		.uleb128 0x3a
 1169 00c1 0B       		.uleb128 0xb
 1170 00c2 3B       		.uleb128 0x3b
 1171 00c3 05       		.uleb128 0x5
 1172 00c4 27       		.uleb128 0x27
 1173 00c5 19       		.uleb128 0x19
 1174 00c6 11       		.uleb128 0x11
 1175 00c7 01       		.uleb128 0x1
 1176 00c8 12       		.uleb128 0x12
 1177 00c9 06       		.uleb128 0x6
 1178 00ca 40       		.uleb128 0x40
 1179 00cb 18       		.uleb128 0x18
 1180 00cc 9742     		.uleb128 0x2117
 1181 00ce 19       		.uleb128 0x19
 1182 00cf 01       		.uleb128 0x1
 1183 00d0 13       		.uleb128 0x13
 1184 00d1 00       		.byte	0
 1185 00d2 00       		.byte	0
 1186 00d3 0F       		.uleb128 0xf
 1187 00d4 05       		.uleb128 0x5
 1188 00d5 00       		.byte	0
 1189 00d6 03       		.uleb128 0x3
 1190 00d7 0E       		.uleb128 0xe
ARM GAS  C:\Users\HELLOK~1\AppData\Local\Temp\ccC6GXFo.s 			page 30


 1191 00d8 3A       		.uleb128 0x3a
 1192 00d9 0B       		.uleb128 0xb
 1193 00da 3B       		.uleb128 0x3b
 1194 00db 05       		.uleb128 0x5
 1195 00dc 49       		.uleb128 0x49
 1196 00dd 13       		.uleb128 0x13
 1197 00de 02       		.uleb128 0x2
 1198 00df 17       		.uleb128 0x17
 1199 00e0 00       		.byte	0
 1200 00e1 00       		.byte	0
 1201 00e2 10       		.uleb128 0x10
 1202 00e3 34       		.uleb128 0x34
 1203 00e4 00       		.byte	0
 1204 00e5 03       		.uleb128 0x3
 1205 00e6 0E       		.uleb128 0xe
 1206 00e7 3A       		.uleb128 0x3a
 1207 00e8 0B       		.uleb128 0xb
 1208 00e9 3B       		.uleb128 0x3b
 1209 00ea 05       		.uleb128 0x5
 1210 00eb 49       		.uleb128 0x49
 1211 00ec 13       		.uleb128 0x13
 1212 00ed 02       		.uleb128 0x2
 1213 00ee 17       		.uleb128 0x17
 1214 00ef 00       		.byte	0
 1215 00f0 00       		.byte	0
 1216 00f1 11       		.uleb128 0x11
 1217 00f2 34       		.uleb128 0x34
 1218 00f3 00       		.byte	0
 1219 00f4 03       		.uleb128 0x3
 1220 00f5 0E       		.uleb128 0xe
 1221 00f6 3A       		.uleb128 0x3a
 1222 00f7 0B       		.uleb128 0xb
 1223 00f8 3B       		.uleb128 0x3b
 1224 00f9 05       		.uleb128 0x5
 1225 00fa 49       		.uleb128 0x49
 1226 00fb 13       		.uleb128 0x13
 1227 00fc 1C       		.uleb128 0x1c
 1228 00fd 0B       		.uleb128 0xb
 1229 00fe 00       		.byte	0
 1230 00ff 00       		.byte	0
 1231 0100 12       		.uleb128 0x12
 1232 0101 2E       		.uleb128 0x2e
 1233 0102 01       		.byte	0x1
 1234 0103 3F       		.uleb128 0x3f
 1235 0104 19       		.uleb128 0x19
 1236 0105 03       		.uleb128 0x3
 1237 0106 0E       		.uleb128 0xe
 1238 0107 3A       		.uleb128 0x3a
 1239 0108 0B       		.uleb128 0xb
 1240 0109 3B       		.uleb128 0x3b
 1241 010a 05       		.uleb128 0x5
 1242 010b 27       		.uleb128 0x27
 1243 010c 19       		.uleb128 0x19
 1244 010d 49       		.uleb128 0x49
 1245 010e 13       		.uleb128 0x13
 1246 010f 11       		.uleb128 0x11
 1247 0110 01       		.uleb128 0x1
ARM GAS  C:\Users\HELLOK~1\AppData\Local\Temp\ccC6GXFo.s 			page 31


 1248 0111 12       		.uleb128 0x12
 1249 0112 06       		.uleb128 0x6
 1250 0113 40       		.uleb128 0x40
 1251 0114 18       		.uleb128 0x18
 1252 0115 9742     		.uleb128 0x2117
 1253 0117 19       		.uleb128 0x19
 1254 0118 01       		.uleb128 0x1
 1255 0119 13       		.uleb128 0x13
 1256 011a 00       		.byte	0
 1257 011b 00       		.byte	0
 1258 011c 13       		.uleb128 0x13
 1259 011d 2E       		.uleb128 0x2e
 1260 011e 00       		.byte	0
 1261 011f 3F       		.uleb128 0x3f
 1262 0120 19       		.uleb128 0x19
 1263 0121 03       		.uleb128 0x3
 1264 0122 0E       		.uleb128 0xe
 1265 0123 3A       		.uleb128 0x3a
 1266 0124 0B       		.uleb128 0xb
 1267 0125 3B       		.uleb128 0x3b
 1268 0126 05       		.uleb128 0x5
 1269 0127 27       		.uleb128 0x27
 1270 0128 19       		.uleb128 0x19
 1271 0129 11       		.uleb128 0x11
 1272 012a 01       		.uleb128 0x1
 1273 012b 12       		.uleb128 0x12
 1274 012c 06       		.uleb128 0x6
 1275 012d 40       		.uleb128 0x40
 1276 012e 18       		.uleb128 0x18
 1277 012f 9742     		.uleb128 0x2117
 1278 0131 19       		.uleb128 0x19
 1279 0132 00       		.byte	0
 1280 0133 00       		.byte	0
 1281 0134 14       		.uleb128 0x14
 1282 0135 898201   		.uleb128 0x4109
 1283 0138 01       		.byte	0x1
 1284 0139 11       		.uleb128 0x11
 1285 013a 01       		.uleb128 0x1
 1286 013b 31       		.uleb128 0x31
 1287 013c 13       		.uleb128 0x13
 1288 013d 01       		.uleb128 0x1
 1289 013e 13       		.uleb128 0x13
 1290 013f 00       		.byte	0
 1291 0140 00       		.byte	0
 1292 0141 15       		.uleb128 0x15
 1293 0142 8A8201   		.uleb128 0x410a
 1294 0145 00       		.byte	0
 1295 0146 02       		.uleb128 0x2
 1296 0147 18       		.uleb128 0x18
 1297 0148 9142     		.uleb128 0x2111
 1298 014a 18       		.uleb128 0x18
 1299 014b 00       		.byte	0
 1300 014c 00       		.byte	0
 1301 014d 16       		.uleb128 0x16
 1302 014e 05       		.uleb128 0x5
 1303 014f 00       		.byte	0
 1304 0150 03       		.uleb128 0x3
ARM GAS  C:\Users\HELLOK~1\AppData\Local\Temp\ccC6GXFo.s 			page 32


 1305 0151 0E       		.uleb128 0xe
 1306 0152 3A       		.uleb128 0x3a
 1307 0153 0B       		.uleb128 0xb
 1308 0154 3B       		.uleb128 0x3b
 1309 0155 0B       		.uleb128 0xb
 1310 0156 49       		.uleb128 0x49
 1311 0157 13       		.uleb128 0x13
 1312 0158 02       		.uleb128 0x2
 1313 0159 17       		.uleb128 0x17
 1314 015a 00       		.byte	0
 1315 015b 00       		.byte	0
 1316 015c 17       		.uleb128 0x17
 1317 015d 34       		.uleb128 0x34
 1318 015e 00       		.byte	0
 1319 015f 03       		.uleb128 0x3
 1320 0160 0E       		.uleb128 0xe
 1321 0161 3A       		.uleb128 0x3a
 1322 0162 0B       		.uleb128 0xb
 1323 0163 3B       		.uleb128 0x3b
 1324 0164 0B       		.uleb128 0xb
 1325 0165 49       		.uleb128 0x49
 1326 0166 13       		.uleb128 0x13
 1327 0167 3F       		.uleb128 0x3f
 1328 0168 19       		.uleb128 0x19
 1329 0169 3C       		.uleb128 0x3c
 1330 016a 19       		.uleb128 0x19
 1331 016b 00       		.byte	0
 1332 016c 00       		.byte	0
 1333 016d 18       		.uleb128 0x18
 1334 016e 01       		.uleb128 0x1
 1335 016f 01       		.byte	0x1
 1336 0170 49       		.uleb128 0x49
 1337 0171 13       		.uleb128 0x13
 1338 0172 01       		.uleb128 0x1
 1339 0173 13       		.uleb128 0x13
 1340 0174 00       		.byte	0
 1341 0175 00       		.byte	0
 1342 0176 19       		.uleb128 0x19
 1343 0177 21       		.uleb128 0x21
 1344 0178 00       		.byte	0
 1345 0179 49       		.uleb128 0x49
 1346 017a 13       		.uleb128 0x13
 1347 017b 2F       		.uleb128 0x2f
 1348 017c 0B       		.uleb128 0xb
 1349 017d 00       		.byte	0
 1350 017e 00       		.byte	0
 1351 017f 1A       		.uleb128 0x1a
 1352 0180 2E       		.uleb128 0x2e
 1353 0181 00       		.byte	0
 1354 0182 3F       		.uleb128 0x3f
 1355 0183 19       		.uleb128 0x19
 1356 0184 3C       		.uleb128 0x3c
 1357 0185 19       		.uleb128 0x19
 1358 0186 6E       		.uleb128 0x6e
 1359 0187 0E       		.uleb128 0xe
 1360 0188 03       		.uleb128 0x3
 1361 0189 0E       		.uleb128 0xe
ARM GAS  C:\Users\HELLOK~1\AppData\Local\Temp\ccC6GXFo.s 			page 33


 1362 018a 3A       		.uleb128 0x3a
 1363 018b 0B       		.uleb128 0xb
 1364 018c 3B       		.uleb128 0x3b
 1365 018d 0B       		.uleb128 0xb
 1366 018e 00       		.byte	0
 1367 018f 00       		.byte	0
 1368 0190 00       		.byte	0
 1369              		.section	.debug_loc,"",%progbits
 1370              	.Ldebug_loc0:
 1371              	.LLST0:
 1372 0000 0A000000 		.4byte	.LVL1
 1373 0004 0E000000 		.4byte	.LVL2
 1374 0008 0200     		.2byte	0x2
 1375 000a 30       		.byte	0x30
 1376 000b 9F       		.byte	0x9f
 1377 000c 0E000000 		.4byte	.LVL2
 1378 0010 20000000 		.4byte	.LVL5
 1379 0014 0100     		.2byte	0x1
 1380 0016 54       		.byte	0x54
 1381 0017 20000000 		.4byte	.LVL5
 1382 001b 2A000000 		.4byte	.LVL7
 1383 001f 0200     		.2byte	0x2
 1384 0021 30       		.byte	0x30
 1385 0022 9F       		.byte	0x9f
 1386 0023 2A000000 		.4byte	.LVL7
 1387 0027 3C000000 		.4byte	.LVL10
 1388 002b 0100     		.2byte	0x1
 1389 002d 54       		.byte	0x54
 1390 002e 3C000000 		.4byte	.LVL10
 1391 0032 46000000 		.4byte	.LVL12
 1392 0036 0200     		.2byte	0x2
 1393 0038 30       		.byte	0x30
 1394 0039 9F       		.byte	0x9f
 1395 003a 46000000 		.4byte	.LVL12
 1396 003e 58000000 		.4byte	.LVL15
 1397 0042 0100     		.2byte	0x1
 1398 0044 54       		.byte	0x54
 1399 0045 58000000 		.4byte	.LVL15
 1400 0049 9C000000 		.4byte	.LFE4
 1401 004d 0200     		.2byte	0x2
 1402 004f 30       		.byte	0x30
 1403 0050 9F       		.byte	0x9f
 1404 0051 00000000 		.4byte	0
 1405 0055 00000000 		.4byte	0
 1406              	.LLST1:
 1407 0059 00000000 		.4byte	.LVL18
 1408 005d 07000000 		.4byte	.LVL20-1
 1409 0061 0100     		.2byte	0x1
 1410 0063 50       		.byte	0x50
 1411 0064 07000000 		.4byte	.LVL20-1
 1412 0068 20000000 		.4byte	.LFE7
 1413 006c 0400     		.2byte	0x4
 1414 006e F3       		.byte	0xf3
 1415 006f 01       		.uleb128 0x1
 1416 0070 50       		.byte	0x50
 1417 0071 9F       		.byte	0x9f
 1418 0072 00000000 		.4byte	0
ARM GAS  C:\Users\HELLOK~1\AppData\Local\Temp\ccC6GXFo.s 			page 34


 1419 0076 00000000 		.4byte	0
 1420              	.LLST2:
 1421 007a 08000000 		.4byte	.LVL20
 1422 007e 19000000 		.4byte	.LVL21-1
 1423 0082 0100     		.2byte	0x1
 1424 0084 50       		.byte	0x50
 1425 0085 00000000 		.4byte	0
 1426 0089 00000000 		.4byte	0
 1427              	.LLST3:
 1428 008d 06000000 		.4byte	.LVL23
 1429 0091 0A000000 		.4byte	.LVL24
 1430 0095 0500     		.2byte	0x5
 1431 0097 70       		.byte	0x70
 1432 0098 00       		.sleb128 0
 1433 0099 33       		.byte	0x33
 1434 009a 1A       		.byte	0x1a
 1435 009b 9F       		.byte	0x9f
 1436 009c 0A000000 		.4byte	.LVL24
 1437 00a0 10000000 		.4byte	.LFE8
 1438 00a4 0100     		.2byte	0x1
 1439 00a6 50       		.byte	0x50
 1440 00a7 00000000 		.4byte	0
 1441 00ab 00000000 		.4byte	0
 1442              	.LLST4:
 1443 00af 00000000 		.4byte	.LVL29
 1444 00b3 07000000 		.4byte	.LVL30-1
 1445 00b7 0100     		.2byte	0x1
 1446 00b9 50       		.byte	0x50
 1447 00ba 07000000 		.4byte	.LVL30-1
 1448 00be 18000000 		.4byte	.LVL34
 1449 00c2 0100     		.2byte	0x1
 1450 00c4 54       		.byte	0x54
 1451 00c5 18000000 		.4byte	.LVL34
 1452 00c9 1A000000 		.4byte	.LFE2
 1453 00cd 0400     		.2byte	0x4
 1454 00cf F3       		.byte	0xf3
 1455 00d0 01       		.uleb128 0x1
 1456 00d1 50       		.byte	0x50
 1457 00d2 9F       		.byte	0x9f
 1458 00d3 00000000 		.4byte	0
 1459 00d7 00000000 		.4byte	0
 1460              		.section	.debug_aranges,"",%progbits
 1461 0000 7C000000 		.4byte	0x7c
 1462 0004 0200     		.2byte	0x2
 1463 0006 00000000 		.4byte	.Ldebug_info0
 1464 000a 04       		.byte	0x4
 1465 000b 00       		.byte	0
 1466 000c 0000     		.2byte	0
 1467 000e 0000     		.2byte	0
 1468 0010 00000000 		.4byte	.LFB4
 1469 0014 9C000000 		.4byte	.LFE4-.LFB4
 1470 0018 00000000 		.4byte	.LFB5
 1471 001c 0C000000 		.4byte	.LFE5-.LFB5
 1472 0020 00000000 		.4byte	.LFB6
 1473 0024 0C000000 		.4byte	.LFE6-.LFB6
 1474 0028 00000000 		.4byte	.LFB7
 1475 002c 20000000 		.4byte	.LFE7-.LFB7
ARM GAS  C:\Users\HELLOK~1\AppData\Local\Temp\ccC6GXFo.s 			page 35


 1476 0030 00000000 		.4byte	.LFB8
 1477 0034 10000000 		.4byte	.LFE8-.LFB8
 1478 0038 00000000 		.4byte	.LFB9
 1479 003c 0C000000 		.4byte	.LFE9-.LFB9
 1480 0040 00000000 		.4byte	.LFB10
 1481 0044 10000000 		.4byte	.LFE10-.LFB10
 1482 0048 00000000 		.4byte	.LFB11
 1483 004c 0C000000 		.4byte	.LFE11-.LFB11
 1484 0050 00000000 		.4byte	.LFB1
 1485 0054 1C000000 		.4byte	.LFE1-.LFB1
 1486 0058 00000000 		.4byte	.LFB2
 1487 005c 1A000000 		.4byte	.LFE2-.LFB2
 1488 0060 00000000 		.4byte	.LFB3
 1489 0064 14000000 		.4byte	.LFE3-.LFB3
 1490 0068 00000000 		.4byte	.LFB12
 1491 006c 0C000000 		.4byte	.LFE12-.LFB12
 1492 0070 00000000 		.4byte	.LFB13
 1493 0074 0C000000 		.4byte	.LFE13-.LFB13
 1494 0078 00000000 		.4byte	0
 1495 007c 00000000 		.4byte	0
 1496              		.section	.debug_ranges,"",%progbits
 1497              	.Ldebug_ranges0:
 1498 0000 00000000 		.4byte	.LFB4
 1499 0004 9C000000 		.4byte	.LFE4
 1500 0008 00000000 		.4byte	.LFB5
 1501 000c 0C000000 		.4byte	.LFE5
 1502 0010 00000000 		.4byte	.LFB6
 1503 0014 0C000000 		.4byte	.LFE6
 1504 0018 00000000 		.4byte	.LFB7
 1505 001c 20000000 		.4byte	.LFE7
 1506 0020 00000000 		.4byte	.LFB8
 1507 0024 10000000 		.4byte	.LFE8
 1508 0028 00000000 		.4byte	.LFB9
 1509 002c 0C000000 		.4byte	.LFE9
 1510 0030 00000000 		.4byte	.LFB10
 1511 0034 10000000 		.4byte	.LFE10
 1512 0038 00000000 		.4byte	.LFB11
 1513 003c 0C000000 		.4byte	.LFE11
 1514 0040 00000000 		.4byte	.LFB1
 1515 0044 1C000000 		.4byte	.LFE1
 1516 0048 00000000 		.4byte	.LFB2
 1517 004c 1A000000 		.4byte	.LFE2
 1518 0050 00000000 		.4byte	.LFB3
 1519 0054 14000000 		.4byte	.LFE3
 1520 0058 00000000 		.4byte	.LFB12
 1521 005c 0C000000 		.4byte	.LFE12
 1522 0060 00000000 		.4byte	.LFB13
 1523 0064 0C000000 		.4byte	.LFE13
 1524 0068 00000000 		.4byte	0
 1525 006c 00000000 		.4byte	0
 1526              		.section	.debug_line,"",%progbits
 1527              	.Ldebug_line0:
 1528 0000 8B010000 		.section	.debug_str,"MS",%progbits,1
 1528      02005800 
 1528      00000201 
 1528      FB0E0D00 
 1528      01010101 
ARM GAS  C:\Users\HELLOK~1\AppData\Local\Temp\ccC6GXFo.s 			page 36


 1529              	.LASF20:
 1530 0000 454E435F 		.ascii	"ENC_ISR_SetVector\000"
 1530      4953525F 
 1530      53657456 
 1530      6563746F 
 1530      7200
 1531              	.LASF14:
 1532 0012 72656733 		.ascii	"reg32\000"
 1532      3200
 1533              	.LASF28:
 1534 0018 454E435F 		.ascii	"ENC_ISR_Enable\000"
 1534      4953525F 
 1534      456E6162 
 1534      6C6500
 1535              	.LASF36:
 1536 0027 656E6350 		.ascii	"encPos\000"
 1536      6F7300
 1537              	.LASF37:
 1538 002e 43795261 		.ascii	"CyRamVectors\000"
 1538      6D566563 
 1538      746F7273 
 1538      00
 1539              	.LASF38:
 1540 003b 454E435F 		.ascii	"ENC_Read\000"
 1540      52656164 
 1540      00
 1541              	.LASF18:
 1542 0044 636F756E 		.ascii	"count\000"
 1542      7400
 1543              	.LASF3:
 1544 004a 73686F72 		.ascii	"short unsigned int\000"
 1544      7420756E 
 1544      7369676E 
 1544      65642069 
 1544      6E7400
 1545              	.LASF31:
 1546 005d 454E435F 		.ascii	"ENC_ISR_StartEx\000"
 1546      4953525F 
 1546      53746172 
 1546      74457800 
 1547              	.LASF11:
 1548 006d 666C6F61 		.ascii	"float\000"
 1548      7400
 1549              	.LASF7:
 1550 0073 6C6F6E67 		.ascii	"long long unsigned int\000"
 1550      206C6F6E 
 1550      6720756E 
 1550      7369676E 
 1550      65642069 
 1551              	.LASF1:
 1552 008a 756E7369 		.ascii	"unsigned char\000"
 1552      676E6564 
 1552      20636861 
 1552      7200
 1553              	.LASF24:
 1554 0098 696E7465 		.ascii	"interruptState\000"
 1554      72727570 
ARM GAS  C:\Users\HELLOK~1\AppData\Local\Temp\ccC6GXFo.s 			page 37


 1554      74537461 
 1554      746500
 1555              	.LASF5:
 1556 00a7 6C6F6E67 		.ascii	"long unsigned int\000"
 1556      20756E73 
 1556      69676E65 
 1556      6420696E 
 1556      7400
 1557              	.LASF9:
 1558 00b9 75696E74 		.ascii	"uint8\000"
 1558      3800
 1559              	.LASF19:
 1560 00bf 454E435F 		.ascii	"ENC_ISR_Interrupt\000"
 1560      4953525F 
 1560      496E7465 
 1560      72727570 
 1560      7400
 1561              	.LASF34:
 1562 00d1 454E435F 		.ascii	"ENC_ISR_ClearPending\000"
 1562      4953525F 
 1562      436C6561 
 1562      7250656E 
 1562      64696E67 
 1563              	.LASF29:
 1564 00e6 454E435F 		.ascii	"ENC_ISR_Disable\000"
 1564      4953525F 
 1564      44697361 
 1564      626C6500 
 1565              	.LASF12:
 1566 00f6 646F7562 		.ascii	"double\000"
 1566      6C6500
 1567              	.LASF30:
 1568 00fd 454E435F 		.ascii	"ENC_ISR_Start\000"
 1568      4953525F 
 1568      53746172 
 1568      7400
 1569              	.LASF39:
 1570 010b 454E435F 		.ascii	"ENC_ClearInterrupt\000"
 1570      436C6561 
 1570      72496E74 
 1570      65727275 
 1570      707400
 1571              	.LASF2:
 1572 011e 73686F72 		.ascii	"short int\000"
 1572      7420696E 
 1572      7400
 1573              	.LASF23:
 1574 0128 7072696F 		.ascii	"priority\000"
 1574      72697479 
 1574      00
 1575              	.LASF33:
 1576 0131 454E435F 		.ascii	"ENC_ISR_SetPending\000"
 1576      4953525F 
 1576      53657450 
 1576      656E6469 
 1576      6E6700
 1577              	.LASF10:
ARM GAS  C:\Users\HELLOK~1\AppData\Local\Temp\ccC6GXFo.s 			page 38


 1578 0144 75696E74 		.ascii	"uint32\000"
 1578      333200
 1579              	.LASF40:
 1580 014b 4379456E 		.ascii	"CyEnterCriticalSection\000"
 1580      74657243 
 1580      72697469 
 1580      63616C53 
 1580      65637469 
 1581              	.LASF8:
 1582 0162 756E7369 		.ascii	"unsigned int\000"
 1582      676E6564 
 1582      20696E74 
 1582      00
 1583              	.LASF27:
 1584 016f 454E435F 		.ascii	"ENC_ISR_GetState\000"
 1584      4953525F 
 1584      47657453 
 1584      74617465 
 1584      00
 1585              	.LASF22:
 1586 0180 61646472 		.ascii	"address\000"
 1586      65737300 
 1587              	.LASF41:
 1588 0188 43794578 		.ascii	"CyExitCriticalSection\000"
 1588      69744372 
 1588      69746963 
 1588      616C5365 
 1588      6374696F 
 1589              	.LASF21:
 1590 019e 454E435F 		.ascii	"ENC_ISR_SetPriority\000"
 1590      4953525F 
 1590      53657450 
 1590      72696F72 
 1590      69747900 
 1591              	.LASF32:
 1592 01b2 454E435F 		.ascii	"ENC_ISR_Stop\000"
 1592      4953525F 
 1592      53746F70 
 1592      00
 1593              	.LASF15:
 1594 01bf 63796973 		.ascii	"cyisraddress\000"
 1594      72616464 
 1594      72657373 
 1594      00
 1595              	.LASF42:
 1596 01cc 474E5520 		.ascii	"GNU C11 5.4.1 20160609 (release) [ARM/embedded-5-br"
 1596      43313120 
 1596      352E342E 
 1596      31203230 
 1596      31363036 
 1597 01ff 616E6368 		.ascii	"anch revision 237715] -mcpu=cortex-m0 -mthumb -g -O"
 1597      20726576 
 1597      6973696F 
 1597      6E203233 
 1597      37373135 
 1598 0232 67202D66 		.ascii	"g -ffunction-sections -ffat-lto-objects\000"
 1598      66756E63 
ARM GAS  C:\Users\HELLOK~1\AppData\Local\Temp\ccC6GXFo.s 			page 39


 1598      74696F6E 
 1598      2D736563 
 1598      74696F6E 
 1599              	.LASF35:
 1600 025a 656E6346 		.ascii	"encFlag\000"
 1600      6C616700 
 1601              	.LASF17:
 1602 0262 73697A65 		.ascii	"sizetype\000"
 1602      74797065 
 1602      00
 1603              	.LASF6:
 1604 026b 6C6F6E67 		.ascii	"long long int\000"
 1604      206C6F6E 
 1604      6720696E 
 1604      7400
 1605              	.LASF13:
 1606 0279 63686172 		.ascii	"char\000"
 1606      00
 1607              	.LASF43:
 1608 027e 47656E65 		.ascii	"Generated_Source\\PSoC4\\ENC_ISR.c\000"
 1608      72617465 
 1608      645F536F 
 1608      75726365 
 1608      5C50536F 
 1609              	.LASF45:
 1610 029f 454E435F 		.ascii	"ENC_ISR_GetPriority\000"
 1610      4953525F 
 1610      47657450 
 1610      72696F72 
 1610      69747900 
 1611              	.LASF44:
 1612 02b3 433A5C55 		.ascii	"C:\\Users\\Hello Kitty\\Desktop\\MicrocontrollersLa"
 1612      73657273 
 1612      5C48656C 
 1612      6C6F204B 
 1612      69747479 
 1613 02e2 625C4669 		.ascii	"b\\Final Project\\Project Files\\Final Project\\Aut"
 1613      6E616C20 
 1613      50726F6A 
 1613      6563745C 
 1613      50726F6A 
 1614 0311 6F6D6174 		.ascii	"omaticPetFeeder.cydsn\000"
 1614      69635065 
 1614      74466565 
 1614      6465722E 
 1614      63796473 
 1615              	.LASF26:
 1616 0327 454E435F 		.ascii	"ENC_ISR_GetVector\000"
 1616      4953525F 
 1616      47657456 
 1616      6563746F 
 1616      7200
 1617              	.LASF25:
 1618 0339 7072696F 		.ascii	"priorityOffset\000"
 1618      72697479 
 1618      4F666673 
 1618      657400
ARM GAS  C:\Users\HELLOK~1\AppData\Local\Temp\ccC6GXFo.s 			page 40


 1619              	.LASF4:
 1620 0348 6C6F6E67 		.ascii	"long int\000"
 1620      20696E74 
 1620      00
 1621              	.LASF16:
 1622 0351 6C6F6E67 		.ascii	"long double\000"
 1622      20646F75 
 1622      626C6500 
 1623              	.LASF0:
 1624 035d 7369676E 		.ascii	"signed char\000"
 1624      65642063 
 1624      68617200 
 1625              		.ident	"GCC: (GNU Tools for ARM Embedded Processors) 5.4.1 20160609 (release) [ARM/embedded-5-bran
