ARM GAS  C:\Users\HELLOK~1.1\AppData\Local\Temp\ccpRPjsn.s 			page 1


   1              		.syntax unified
   2              		.cpu cortex-m0
   3              		.fpu softvfp
   4              		.eabi_attribute 20, 1
   5              		.eabi_attribute 21, 1
   6              		.eabi_attribute 23, 3
   7              		.eabi_attribute 24, 1
   8              		.eabi_attribute 25, 1
   9              		.eabi_attribute 26, 1
  10              		.eabi_attribute 30, 1
  11              		.eabi_attribute 34, 0
  12              		.eabi_attribute 18, 4
  13              		.thumb
  14              		.syntax unified
  15              		.file	"main.c"
  16              		.text
  17              	.Ltext0:
  18              		.cfi_sections	.debug_frame
  19              		.section	.text.writeToAddr,"ax",%progbits
  20              		.align	2
  21              		.global	writeToAddr
  22              		.code	16
  23              		.thumb_func
  24              		.type	writeToAddr, %function
  25              	writeToAddr:
  26              	.LFB35:
  27              		.file 1 "main.c"
   1:main.c        **** /* ========================================
   2:main.c        ****  *
   3:main.c        ****  * Copyright YOUR COMPANY, THE YEAR
   4:main.c        ****  * All Rights Reserved
   5:main.c        ****  * UNPUBLISHED, LICENSED SOFTWARE.
   6:main.c        ****  *
   7:main.c        ****  * CONFIDENTIAL AND PROPRIETARY INFORMATION
   8:main.c        ****  * WHICH IS THE PROPERTY OF your company.
   9:main.c        ****  *
  10:main.c        ****  * ========================================
  11:main.c        **** */
  12:main.c        **** #include "project.h"
  13:main.c        **** #include <stdio.h>
  14:main.c        **** #include "LiquidCrystal_I2C.h"
  15:main.c        **** 
  16:main.c        **** struct Time{
  17:main.c        ****     uint8 hour;
  18:main.c        ****     uint8 minute;
  19:main.c        ****     char* AM;
  20:main.c        **** };
  21:main.c        **** 
  22:main.c        **** struct Date{
  23:main.c        ****     uint8 day;
  24:main.c        ****     char* month;
  25:main.c        ****     uint32 year;
  26:main.c        **** };
  27:main.c        **** 
  28:main.c        **** const uint32 LCDAddr = 0x27;
  29:main.c        **** 
  30:main.c        **** /*
ARM GAS  C:\Users\HELLOK~1.1\AppData\Local\Temp\ccpRPjsn.s 			page 2


  31:main.c        **** This function simply writes to any I2C device.
  32:main.c        **** writeBuf will be the size of writeBytes and any data inside here will be written to the I2C bus.
  33:main.c        **** writeBytes is the number of bytes written to the I2C bus.
  34:main.c        ****     NOTE: The first byte of the writeBuf will be overwritten if it is stored, as it is the memory a
  35:main.c        **** devAddr is the I2C address that the microcontroller is talking to.
  36:main.c        **** memAddr is the memory or register address that is inside the I2C device.
  37:main.c        **** */
  38:main.c        **** void writeToAddr(uint8* writeBuf, int writeBytes, uint32 devAddr, uint32 memAddr){
  28              		.loc 1 38 0
  29              		.cfi_startproc
  30              		@ args = 0, pretend = 0, frame = 0
  31              		@ frame_needed = 0, uses_anonymous_args = 0
  32              	.LVL0:
  33 0000 10B5     		push	{r4, lr}
  34              		.cfi_def_cfa_offset 8
  35              		.cfi_offset 4, -8
  36              		.cfi_offset 14, -4
  37 0002 1400     		movs	r4, r2
  39:main.c        ****     // Store the first byte as the memory address we are writing to.
  40:main.c        ****     writeBuf[0] = memAddr;
  38              		.loc 1 40 0
  39 0004 0370     		strb	r3, [r0]
  41:main.c        **** 
  42:main.c        ****     // Write the data to the device.
  43:main.c        ****     I2C_I2CMasterWriteBuf(devAddr, writeBuf, writeBytes, I2C_I2C_MODE_COMPLETE_XFER);
  40              		.loc 1 43 0
  41 0006 0023     		movs	r3, #0
  42              	.LVL1:
  43 0008 0A00     		movs	r2, r1
  44              	.LVL2:
  45 000a 0100     		movs	r1, r0
  46              	.LVL3:
  47 000c 2000     		movs	r0, r4
  48              	.LVL4:
  49 000e FFF7FEFF 		bl	I2C_I2CMasterWriteBuf
  50              	.LVL5:
  51              	.L2:
  44:main.c        ****     while(!(I2C_I2CMasterStatus() & I2C_I2C_MSTAT_WR_CMPLT));
  52              		.loc 1 44 0 discriminator 1
  53 0012 FFF7FEFF 		bl	I2C_I2CMasterStatus
  54              	.LVL6:
  55 0016 8307     		lsls	r3, r0, #30
  56 0018 FBD5     		bpl	.L2
  45:main.c        ****     I2C_I2CMasterClearStatus();
  57              		.loc 1 45 0
  58 001a FFF7FEFF 		bl	I2C_I2CMasterClearStatus
  59              	.LVL7:
  46:main.c        **** }
  60              		.loc 1 46 0
  61              		@ sp needed
  62              	.LVL8:
  63 001e 10BD     		pop	{r4, pc}
  64              		.cfi_endproc
  65              	.LFE35:
  66              		.size	writeToAddr, .-writeToAddr
  67              		.section	.text.LCDInit,"ax",%progbits
  68              		.align	2
ARM GAS  C:\Users\HELLOK~1.1\AppData\Local\Temp\ccpRPjsn.s 			page 3


  69              		.global	LCDInit
  70              		.code	16
  71              		.thumb_func
  72              		.type	LCDInit, %function
  73              	LCDInit:
  74              	.LFB36:
  47:main.c        **** 
  48:main.c        **** void LCDInit(struct Time currTime, struct Time nextTime, struct Date currDate, struct Date nextDate
  75              		.loc 1 48 0
  76              		.cfi_startproc
  77              		@ args = 24, pretend = 0, frame = 40
  78              		@ frame_needed = 0, uses_anonymous_args = 0
  79 0000 F0B5     		push	{r4, r5, r6, r7, lr}
  80              		.cfi_def_cfa_offset 20
  81              		.cfi_offset 4, -20
  82              		.cfi_offset 5, -16
  83              		.cfi_offset 6, -12
  84              		.cfi_offset 7, -8
  85              		.cfi_offset 14, -4
  86 0002 91B0     		sub	sp, sp, #68
  87              		.cfi_def_cfa_offset 88
  88 0004 08AE     		add	r6, sp, #32
  89 0006 0890     		str	r0, [sp, #32]
  90 0008 0991     		str	r1, [sp, #36]
  91 000a 06AD     		add	r5, sp, #24
  92 000c 0692     		str	r2, [sp, #24]
  93 000e 0793     		str	r3, [sp, #28]
  49:main.c        ****     // First line time
  50:main.c        ****     setCursor(0,0);
  94              		.loc 1 50 0
  95 0010 0021     		movs	r1, #0
  96 0012 0020     		movs	r0, #0
  97 0014 FFF7FEFF 		bl	setCursor
  98              	.LVL9:
  51:main.c        ****     char printString[21];
  52:main.c        ****     snprintf(printString, 21, "%d:%.2d%s %s %d, %lu",currTime.hour, currTime.minute,currTime.AM, cu
  99              		.loc 1 52 0
 100 0018 3378     		ldrb	r3, [r6]
 101 001a 7278     		ldrb	r2, [r6, #1]
 102 001c 16A9     		add	r1, sp, #88
 103 001e 0978     		ldrb	r1, [r1]
 104 0020 1F4F     		ldr	r7, .L4
 105 0022 0AAC     		add	r4, sp, #40
 106 0024 1898     		ldr	r0, [sp, #96]
 107 0026 0490     		str	r0, [sp, #16]
 108 0028 0391     		str	r1, [sp, #12]
 109 002a 1799     		ldr	r1, [sp, #92]
 110 002c 0291     		str	r1, [sp, #8]
 111 002e 7168     		ldr	r1, [r6, #4]
 112 0030 0191     		str	r1, [sp, #4]
 113 0032 0092     		str	r2, [sp]
 114 0034 3A00     		movs	r2, r7
 115 0036 1521     		movs	r1, #21
 116 0038 2000     		movs	r0, r4
 117 003a FFF7FEFF 		bl	snprintf
 118              	.LVL10:
  53:main.c        ****     printString[20] = '\0';
ARM GAS  C:\Users\HELLOK~1.1\AppData\Local\Temp\ccpRPjsn.s 			page 4


 119              		.loc 1 53 0
 120 003e 0026     		movs	r6, #0
 121 0040 2675     		strb	r6, [r4, #20]
  54:main.c        ****     LCD_print(printString);
 122              		.loc 1 54 0
 123 0042 2000     		movs	r0, r4
 124 0044 FFF7FEFF 		bl	LCD_print
 125              	.LVL11:
  55:main.c        ****     setCursor(0,1);
 126              		.loc 1 55 0
 127 0048 0121     		movs	r1, #1
 128 004a 0020     		movs	r0, #0
 129 004c FFF7FEFF 		bl	setCursor
 130              	.LVL12:
  56:main.c        ****     LCD_print("--------------------");
 131              		.loc 1 56 0
 132 0050 1448     		ldr	r0, .L4+4
 133 0052 FFF7FEFF 		bl	LCD_print
 134              	.LVL13:
  57:main.c        ****     setCursor(0,2);
 135              		.loc 1 57 0
 136 0056 0221     		movs	r1, #2
 137 0058 0020     		movs	r0, #0
 138 005a FFF7FEFF 		bl	setCursor
 139              	.LVL14:
  58:main.c        ****     LCD_print("Time of Next Feed:");
 140              		.loc 1 58 0
 141 005e 1248     		ldr	r0, .L4+8
 142 0060 FFF7FEFF 		bl	LCD_print
 143              	.LVL15:
  59:main.c        ****     setCursor(0,3);
 144              		.loc 1 59 0
 145 0064 0321     		movs	r1, #3
 146 0066 0020     		movs	r0, #0
 147 0068 FFF7FEFF 		bl	setCursor
 148              	.LVL16:
  60:main.c        ****     snprintf(printString, 21, "%d:%.2d%s %s %d, %lu",nextTime.hour, nextTime.minute,nextTime.AM, ne
 149              		.loc 1 60 0
 150 006c 2B78     		ldrb	r3, [r5]
 151 006e 6A78     		ldrb	r2, [r5, #1]
 152 0070 9446     		mov	ip, r2
 153 0072 19AA     		add	r2, sp, #100
 154 0074 1078     		ldrb	r0, [r2]
 155 0076 1B99     		ldr	r1, [sp, #108]
 156 0078 0491     		str	r1, [sp, #16]
 157 007a 0390     		str	r0, [sp, #12]
 158 007c 1A9A     		ldr	r2, [sp, #104]
 159 007e 0292     		str	r2, [sp, #8]
 160 0080 6A68     		ldr	r2, [r5, #4]
 161 0082 0192     		str	r2, [sp, #4]
 162 0084 6246     		mov	r2, ip
 163 0086 0092     		str	r2, [sp]
 164 0088 3A00     		movs	r2, r7
 165 008a 1521     		movs	r1, #21
 166 008c 2000     		movs	r0, r4
 167 008e FFF7FEFF 		bl	snprintf
 168              	.LVL17:
ARM GAS  C:\Users\HELLOK~1.1\AppData\Local\Temp\ccpRPjsn.s 			page 5


  61:main.c        ****     printString[20] = '\0';
 169              		.loc 1 61 0
 170 0092 2675     		strb	r6, [r4, #20]
  62:main.c        ****     LCD_print(printString);
 171              		.loc 1 62 0
 172 0094 2000     		movs	r0, r4
 173 0096 FFF7FEFF 		bl	LCD_print
 174              	.LVL18:
  63:main.c        **** }
 175              		.loc 1 63 0
 176 009a 11B0     		add	sp, sp, #68
 177              		@ sp needed
 178 009c F0BD     		pop	{r4, r5, r6, r7, pc}
 179              	.L5:
 180 009e C046     		.align	2
 181              	.L4:
 182 00a0 00000000 		.word	.LC8
 183 00a4 18000000 		.word	.LC10
 184 00a8 30000000 		.word	.LC12
 185              		.cfi_endproc
 186              	.LFE36:
 187              		.size	LCDInit, .-LCDInit
 188              		.section	.text.main,"ax",%progbits
 189              		.align	2
 190              		.global	main
 191              		.code	16
 192              		.thumb_func
 193              		.type	main, %function
 194              	main:
 195              	.LFB37:
  64:main.c        **** 
  65:main.c        **** int main(void)
  66:main.c        **** {
 196              		.loc 1 66 0
 197              		.cfi_startproc
 198              		@ args = 0, pretend = 0, frame = 40
 199              		@ frame_needed = 0, uses_anonymous_args = 0
 200 0000 F0B5     		push	{r4, r5, r6, r7, lr}
 201              		.cfi_def_cfa_offset 20
 202              		.cfi_offset 4, -20
 203              		.cfi_offset 5, -16
 204              		.cfi_offset 6, -12
 205              		.cfi_offset 7, -8
 206              		.cfi_offset 14, -4
 207 0002 91B0     		sub	sp, sp, #68
 208              		.cfi_def_cfa_offset 88
  67:main.c        ****     CyGlobalIntEnable; /* Enable global interrupts. */
 209              		.loc 1 67 0
 210              		.syntax divided
 211              	@ 67 "main.c" 1
 212 0004 62B6     		CPSIE   i
 213              	@ 0 "" 2
  68:main.c        ****     I2C_Start();
 214              		.loc 1 68 0
 215              		.thumb
 216              		.syntax unified
 217 0006 FFF7FEFF 		bl	I2C_Start
ARM GAS  C:\Users\HELLOK~1.1\AppData\Local\Temp\ccpRPjsn.s 			page 6


 218              	.LVL19:
  69:main.c        ****     LiquidCrystal_I2C_init(LCDAddr, 20,4,0);
 219              		.loc 1 69 0
 220 000a 0023     		movs	r3, #0
 221 000c 0422     		movs	r2, #4
 222 000e 1421     		movs	r1, #20
 223 0010 2720     		movs	r0, #39
 224 0012 FFF7FEFF 		bl	LiquidCrystal_I2C_init
 225              	.LVL20:
  70:main.c        ****     LCDBegin();
 226              		.loc 1 70 0
 227 0016 FFF7FEFF 		bl	LCDBegin
 228              	.LVL21:
  71:main.c        ****     struct Time time = {12,45, "AM"};
 229              		.loc 1 71 0
 230 001a 0EAB     		add	r3, sp, #56
 231 001c 1249     		ldr	r1, .L8
 232 001e 0A00     		movs	r2, r1
 233 0020 11CA     		ldmia	r2!, {r0, r4}
 234 0022 11C3     		stmia	r3!, {r0, r4}
  72:main.c        ****     struct Date date = {31, "Mar",2023};
 235              		.loc 1 72 0
 236 0024 0BAB     		add	r3, sp, #44
 237 0026 9C46     		mov	ip, r3
 238 0028 1800     		movs	r0, r3
 239 002a 70CA     		ldmia	r2!, {r4, r5, r6}
 240 002c 70C0     		stmia	r0!, {r4, r5, r6}
  73:main.c        ****     struct Time nextTime = {6,00, "PM"};
 241              		.loc 1 73 0
 242 002e 09AC     		add	r4, sp, #36
 243 0030 0A00     		movs	r2, r1
 244 0032 1432     		adds	r2, r2, #20
 245 0034 2000     		movs	r0, r4
 246 0036 60CA     		ldmia	r2!, {r5, r6}
 247 0038 60C0     		stmia	r0!, {r5, r6}
  74:main.c        ****     struct Date nextDate = {1, "Apr", 2023};
 248              		.loc 1 74 0
 249 003a 06AA     		add	r2, sp, #24
 250 003c 0800     		movs	r0, r1
 251 003e 1C30     		adds	r0, r0, #28
 252 0040 1500     		movs	r5, r2
 253 0042 C8C8     		ldmia	r0!, {r3, r6, r7}
 254 0044 C8C5     		stmia	r5!, {r3, r6, r7}
  75:main.c        ****     LCDInit(time, nextTime, date, nextDate);
 255              		.loc 1 75 0
 256 0046 03A8     		add	r0, sp, #12
 257 0048 68CA     		ldmia	r2!, {r3, r5, r6}
 258 004a 68C0     		stmia	r0!, {r3, r5, r6}
 259 004c 6A46     		mov	r2, sp
 260 004e 6346     		mov	r3, ip
 261 0050 61CB     		ldmia	r3!, {r0, r5, r6}
 262 0052 61C2     		stmia	r2!, {r0, r5, r6}
 263 0054 099A     		ldr	r2, [sp, #36]
 264 0056 0A9B     		ldr	r3, [sp, #40]
 265 0058 0E98     		ldr	r0, [sp, #56]
 266 005a 4968     		ldr	r1, [r1, #4]
 267 005c FFF7FEFF 		bl	LCDInit
ARM GAS  C:\Users\HELLOK~1.1\AppData\Local\Temp\ccpRPjsn.s 			page 7


 268              	.LVL22:
 269              	.L7:
  76:main.c        ****     
  77:main.c        ****     
  78:main.c        **** 
  79:main.c        ****     /* Place your initialization/startup code here (e.g. MyInst_Start()) */
  80:main.c        **** 
  81:main.c        ****     for(;;)
  82:main.c        ****     {
  83:main.c        ****         CySysPmDeepSleep();
 270              		.loc 1 83 0 discriminator 1
 271 0060 FFF7FEFF 		bl	CySysPmDeepSleep
 272              	.LVL23:
 273 0064 FCE7     		b	.L7
 274              	.L9:
 275 0066 C046     		.align	2
 276              	.L8:
 277 0068 00000000 		.word	.LANCHOR0
 278              		.cfi_endproc
 279              	.LFE37:
 280              		.size	main, .-main
 281              		.global	LCDAddr
 282              		.section	.rodata
 283              		.align	2
 284              		.set	.LANCHOR0,. + 0
 285              	.LC14:
 286 0000 0C       		.byte	12
 287 0001 2D       		.byte	45
 288 0002 0000     		.space	2
 289 0004 50000000 		.word	.LC0
 290              	.LC16:
 291 0008 1F       		.byte	31
 292 0009 000000   		.space	3
 293 000c 4C000000 		.word	.LC2
 294 0010 E7070000 		.word	2023
 295              	.LC17:
 296 0014 06       		.byte	6
 297 0015 00       		.byte	0
 298 0016 0000     		.space	2
 299 0018 48000000 		.word	.LC4
 300              	.LC18:
 301 001c 01       		.byte	1
 302 001d 000000   		.space	3
 303 0020 44000000 		.word	.LC6
 304 0024 E7070000 		.word	2023
 305              		.type	LCDAddr, %object
 306              		.size	LCDAddr, 4
 307              	LCDAddr:
 308 0028 27000000 		.word	39
 309              		.section	.rodata.str1.4,"aMS",%progbits,1
 310              		.align	2
 311              	.LC8:
 312 0000 25643A25 		.ascii	"%d:%.2d%s %s %d, %lu\000"
 312      2E326425 
 312      73202573 
 312      2025642C 
 312      20256C75 
ARM GAS  C:\Users\HELLOK~1.1\AppData\Local\Temp\ccpRPjsn.s 			page 8


 313 0015 000000   		.space	3
 314              	.LC10:
 315 0018 2D2D2D2D 		.ascii	"--------------------\000"
 315      2D2D2D2D 
 315      2D2D2D2D 
 315      2D2D2D2D 
 315      2D2D2D2D 
 316 002d 000000   		.space	3
 317              	.LC12:
 318 0030 54696D65 		.ascii	"Time of Next Feed:\000"
 318      206F6620 
 318      4E657874 
 318      20466565 
 318      643A00
 319 0043 00       		.space	1
 320              	.LC6:
 321 0044 41707200 		.ascii	"Apr\000"
 322              	.LC4:
 323 0048 504D00   		.ascii	"PM\000"
 324 004b 00       		.space	1
 325              	.LC2:
 326 004c 4D617200 		.ascii	"Mar\000"
 327              	.LC0:
 328 0050 414D00   		.ascii	"AM\000"
 329              		.text
 330              	.Letext0:
 331              		.file 2 "Generated_Source\\PSoC4/cytypes.h"
 332              		.file 3 "Generated_Source\\PSoC4/I2C_I2C.h"
 333              		.file 4 "LiquidCrystal_I2C.h"
 334              		.file 5 "c:\\program files (x86)\\cypress\\psoc creator\\4.4\\psoc creator\\import\\gnu\\arm\\5.4.
 335              		.file 6 "Generated_Source\\PSoC4/I2C.h"
 336              		.file 7 "Generated_Source\\PSoC4/cyPm.h"
 337              		.section	.debug_info,"",%progbits
 338              	.Ldebug_info0:
 339 0000 84040000 		.4byte	0x484
 340 0004 0400     		.2byte	0x4
 341 0006 00000000 		.4byte	.Ldebug_abbrev0
 342 000a 04       		.byte	0x4
 343 000b 01       		.uleb128 0x1
 344 000c 8E010000 		.4byte	.LASF46
 345 0010 0C       		.byte	0xc
 346 0011 46020000 		.4byte	.LASF47
 347 0015 A1000000 		.4byte	.LASF48
 348 0019 00000000 		.4byte	.Ldebug_ranges0+0
 349 001d 00000000 		.4byte	0
 350 0021 00000000 		.4byte	.Ldebug_line0
 351 0025 02       		.uleb128 0x2
 352 0026 01       		.byte	0x1
 353 0027 06       		.byte	0x6
 354 0028 9F020000 		.4byte	.LASF0
 355 002c 02       		.uleb128 0x2
 356 002d 01       		.byte	0x1
 357 002e 08       		.byte	0x8
 358 002f 0A010000 		.4byte	.LASF1
 359 0033 02       		.uleb128 0x2
 360 0034 02       		.byte	0x2
 361 0035 05       		.byte	0x5
ARM GAS  C:\Users\HELLOK~1.1\AppData\Local\Temp\ccpRPjsn.s 			page 9


 362 0036 29010000 		.4byte	.LASF2
 363 003a 02       		.uleb128 0x2
 364 003b 02       		.byte	0x2
 365 003c 07       		.byte	0x7
 366 003d E7000000 		.4byte	.LASF3
 367 0041 02       		.uleb128 0x2
 368 0042 04       		.byte	0x4
 369 0043 05       		.byte	0x5
 370 0044 8A020000 		.4byte	.LASF4
 371 0048 02       		.uleb128 0x2
 372 0049 04       		.byte	0x4
 373 004a 07       		.byte	0x7
 374 004b 8F000000 		.4byte	.LASF5
 375 004f 02       		.uleb128 0x2
 376 0050 08       		.byte	0x8
 377 0051 05       		.byte	0x5
 378 0052 00000000 		.4byte	.LASF6
 379 0056 02       		.uleb128 0x2
 380 0057 08       		.byte	0x8
 381 0058 07       		.byte	0x7
 382 0059 5A010000 		.4byte	.LASF7
 383 005d 03       		.uleb128 0x3
 384 005e 04       		.byte	0x4
 385 005f 05       		.byte	0x5
 386 0060 696E7400 		.ascii	"int\000"
 387 0064 02       		.uleb128 0x2
 388 0065 04       		.byte	0x4
 389 0066 07       		.byte	0x7
 390 0067 4D010000 		.4byte	.LASF8
 391 006b 04       		.uleb128 0x4
 392 006c 62020000 		.4byte	.LASF9
 393 0070 02       		.byte	0x2
 394 0071 FC01     		.2byte	0x1fc
 395 0073 2C000000 		.4byte	0x2c
 396 0077 04       		.uleb128 0x4
 397 0078 03010000 		.4byte	.LASF10
 398 007c 02       		.byte	0x2
 399 007d FD01     		.2byte	0x1fd
 400 007f 3A000000 		.4byte	0x3a
 401 0083 04       		.uleb128 0x4
 402 0084 41010000 		.4byte	.LASF11
 403 0088 02       		.byte	0x2
 404 0089 FE01     		.2byte	0x1fe
 405 008b 48000000 		.4byte	0x48
 406 008f 02       		.uleb128 0x2
 407 0090 04       		.byte	0x4
 408 0091 04       		.byte	0x4
 409 0092 7B000000 		.4byte	.LASF12
 410 0096 02       		.uleb128 0x2
 411 0097 08       		.byte	0x8
 412 0098 04       		.byte	0x4
 413 0099 18010000 		.4byte	.LASF13
 414 009d 02       		.uleb128 0x2
 415 009e 01       		.byte	0x1
 416 009f 08       		.byte	0x8
 417 00a0 4D020000 		.4byte	.LASF14
 418 00a4 02       		.uleb128 0x2
ARM GAS  C:\Users\HELLOK~1.1\AppData\Local\Temp\ccpRPjsn.s 			page 10


 419 00a5 08       		.byte	0x8
 420 00a6 04       		.byte	0x4
 421 00a7 93020000 		.4byte	.LASF15
 422 00ab 02       		.uleb128 0x2
 423 00ac 04       		.byte	0x4
 424 00ad 07       		.byte	0x7
 425 00ae 26020000 		.4byte	.LASF16
 426 00b2 05       		.uleb128 0x5
 427 00b3 04       		.byte	0x4
 428 00b4 9D000000 		.4byte	0x9d
 429 00b8 05       		.uleb128 0x5
 430 00b9 04       		.byte	0x4
 431 00ba 6B000000 		.4byte	0x6b
 432 00be 06       		.uleb128 0x6
 433 00bf D0020000 		.4byte	.LASF19
 434 00c3 08       		.byte	0x8
 435 00c4 01       		.byte	0x1
 436 00c5 10       		.byte	0x10
 437 00c6 EE000000 		.4byte	0xee
 438 00ca 07       		.uleb128 0x7
 439 00cb 84010000 		.4byte	.LASF17
 440 00cf 01       		.byte	0x1
 441 00d0 11       		.byte	0x11
 442 00d1 6B000000 		.4byte	0x6b
 443 00d5 00       		.byte	0
 444 00d6 07       		.uleb128 0x7
 445 00d7 32000000 		.4byte	.LASF18
 446 00db 01       		.byte	0x1
 447 00dc 12       		.byte	0x12
 448 00dd 6B000000 		.4byte	0x6b
 449 00e1 01       		.byte	0x1
 450 00e2 08       		.uleb128 0x8
 451 00e3 414D00   		.ascii	"AM\000"
 452 00e6 01       		.byte	0x1
 453 00e7 13       		.byte	0x13
 454 00e8 B2000000 		.4byte	0xb2
 455 00ec 04       		.byte	0x4
 456 00ed 00       		.byte	0
 457 00ee 06       		.uleb128 0x6
 458 00ef 33010000 		.4byte	.LASF20
 459 00f3 0C       		.byte	0xc
 460 00f4 01       		.byte	0x1
 461 00f5 16       		.byte	0x16
 462 00f6 1F010000 		.4byte	0x11f
 463 00fa 08       		.uleb128 0x8
 464 00fb 64617900 		.ascii	"day\000"
 465 00ff 01       		.byte	0x1
 466 0100 17       		.byte	0x17
 467 0101 6B000000 		.4byte	0x6b
 468 0105 00       		.byte	0
 469 0106 07       		.uleb128 0x7
 470 0107 57000000 		.4byte	.LASF21
 471 010b 01       		.byte	0x1
 472 010c 18       		.byte	0x18
 473 010d B2000000 		.4byte	0xb2
 474 0111 04       		.byte	0x4
 475 0112 07       		.uleb128 0x7
ARM GAS  C:\Users\HELLOK~1.1\AppData\Local\Temp\ccpRPjsn.s 			page 11


 476 0113 2D000000 		.4byte	.LASF22
 477 0117 01       		.byte	0x1
 478 0118 19       		.byte	0x19
 479 0119 83000000 		.4byte	0x83
 480 011d 08       		.byte	0x8
 481 011e 00       		.byte	0
 482 011f 09       		.uleb128 0x9
 483 0120 4B000000 		.4byte	.LASF27
 484 0124 01       		.byte	0x1
 485 0125 26       		.byte	0x26
 486 0126 00000000 		.4byte	.LFB35
 487 012a 20000000 		.4byte	.LFE35-.LFB35
 488 012e 01       		.uleb128 0x1
 489 012f 9C       		.byte	0x9c
 490 0130 AA010000 		.4byte	0x1aa
 491 0134 0A       		.uleb128 0xa
 492 0135 FA000000 		.4byte	.LASF23
 493 0139 01       		.byte	0x1
 494 013a 26       		.byte	0x26
 495 013b B8000000 		.4byte	0xb8
 496 013f 00000000 		.4byte	.LLST0
 497 0143 0A       		.uleb128 0xa
 498 0144 71010000 		.4byte	.LASF24
 499 0148 01       		.byte	0x1
 500 0149 26       		.byte	0x26
 501 014a 5D000000 		.4byte	0x5d
 502 014e 2C000000 		.4byte	.LLST1
 503 0152 0A       		.uleb128 0xa
 504 0153 5A020000 		.4byte	.LASF25
 505 0157 01       		.byte	0x1
 506 0158 26       		.byte	0x26
 507 0159 83000000 		.4byte	0x83
 508 015d 58000000 		.4byte	.LLST2
 509 0161 0A       		.uleb128 0xa
 510 0162 71020000 		.4byte	.LASF26
 511 0166 01       		.byte	0x1
 512 0167 26       		.byte	0x26
 513 0168 83000000 		.4byte	0x83
 514 016c 84000000 		.4byte	.LLST3
 515 0170 0B       		.uleb128 0xb
 516 0171 12000000 		.4byte	.LVL5
 517 0175 16040000 		.4byte	0x416
 518 0179 97010000 		.4byte	0x197
 519 017d 0C       		.uleb128 0xc
 520 017e 01       		.uleb128 0x1
 521 017f 50       		.byte	0x50
 522 0180 02       		.uleb128 0x2
 523 0181 74       		.byte	0x74
 524 0182 00       		.sleb128 0
 525 0183 0C       		.uleb128 0xc
 526 0184 01       		.uleb128 0x1
 527 0185 51       		.byte	0x51
 528 0186 03       		.uleb128 0x3
 529 0187 F3       		.byte	0xf3
 530 0188 01       		.uleb128 0x1
 531 0189 50       		.byte	0x50
 532 018a 0C       		.uleb128 0xc
ARM GAS  C:\Users\HELLOK~1.1\AppData\Local\Temp\ccpRPjsn.s 			page 12


 533 018b 01       		.uleb128 0x1
 534 018c 52       		.byte	0x52
 535 018d 03       		.uleb128 0x3
 536 018e F3       		.byte	0xf3
 537 018f 01       		.uleb128 0x1
 538 0190 51       		.byte	0x51
 539 0191 0C       		.uleb128 0xc
 540 0192 01       		.uleb128 0x1
 541 0193 53       		.byte	0x53
 542 0194 01       		.uleb128 0x1
 543 0195 30       		.byte	0x30
 544 0196 00       		.byte	0
 545 0197 0D       		.uleb128 0xd
 546 0198 16000000 		.4byte	.LVL6
 547 019c 22040000 		.4byte	0x422
 548 01a0 0D       		.uleb128 0xd
 549 01a1 1E000000 		.4byte	.LVL7
 550 01a5 2E040000 		.4byte	0x42e
 551 01a9 00       		.byte	0
 552 01aa 09       		.uleb128 0x9
 553 01ab 7C010000 		.4byte	.LASF28
 554 01af 01       		.byte	0x1
 555 01b0 30       		.byte	0x30
 556 01b1 00000000 		.4byte	.LFB36
 557 01b5 AC000000 		.4byte	.LFE36-.LFB36
 558 01b9 01       		.uleb128 0x1
 559 01ba 9C       		.byte	0x9c
 560 01bb 57030000 		.4byte	0x357
 561 01bf 0E       		.uleb128 0xe
 562 01c0 38010000 		.4byte	.LASF29
 563 01c4 01       		.byte	0x1
 564 01c5 30       		.byte	0x30
 565 01c6 BE000000 		.4byte	0xbe
 566 01ca 02       		.uleb128 0x2
 567 01cb 91       		.byte	0x91
 568 01cc 48       		.sleb128 -56
 569 01cd 0E       		.uleb128 0xe
 570 01ce 86000000 		.4byte	.LASF30
 571 01d2 01       		.byte	0x1
 572 01d3 30       		.byte	0x30
 573 01d4 BE000000 		.4byte	0xbe
 574 01d8 02       		.uleb128 0x2
 575 01d9 91       		.byte	0x91
 576 01da 40       		.sleb128 -64
 577 01db 0E       		.uleb128 0xe
 578 01dc 0E000000 		.4byte	.LASF31
 579 01e0 01       		.byte	0x1
 580 01e1 30       		.byte	0x30
 581 01e2 EE000000 		.4byte	0xee
 582 01e6 02       		.uleb128 0x2
 583 01e7 91       		.byte	0x91
 584 01e8 00       		.sleb128 0
 585 01e9 0E       		.uleb128 0xe
 586 01ea 68020000 		.4byte	.LASF32
 587 01ee 01       		.byte	0x1
 588 01ef 30       		.byte	0x30
 589 01f0 EE000000 		.4byte	0xee
ARM GAS  C:\Users\HELLOK~1.1\AppData\Local\Temp\ccpRPjsn.s 			page 13


 590 01f4 02       		.uleb128 0x2
 591 01f5 91       		.byte	0x91
 592 01f6 0C       		.sleb128 12
 593 01f7 0F       		.uleb128 0xf
 594 01f8 C4020000 		.4byte	.LASF33
 595 01fc 01       		.byte	0x1
 596 01fd 33       		.byte	0x33
 597 01fe 57030000 		.4byte	0x357
 598 0202 02       		.uleb128 0x2
 599 0203 91       		.byte	0x91
 600 0204 50       		.sleb128 -48
 601 0205 0B       		.uleb128 0xb
 602 0206 18000000 		.4byte	.LVL9
 603 020a 3A040000 		.4byte	0x43a
 604 020e 1D020000 		.4byte	0x21d
 605 0212 0C       		.uleb128 0xc
 606 0213 01       		.uleb128 0x1
 607 0214 50       		.byte	0x50
 608 0215 01       		.uleb128 0x1
 609 0216 30       		.byte	0x30
 610 0217 0C       		.uleb128 0xc
 611 0218 01       		.uleb128 0x1
 612 0219 51       		.byte	0x51
 613 021a 01       		.uleb128 0x1
 614 021b 30       		.byte	0x30
 615 021c 00       		.byte	0
 616 021d 0B       		.uleb128 0xb
 617 021e 3E000000 		.4byte	.LVL10
 618 0222 45040000 		.4byte	0x445
 619 0226 6B020000 		.4byte	0x26b
 620 022a 0C       		.uleb128 0xc
 621 022b 01       		.uleb128 0x1
 622 022c 50       		.byte	0x50
 623 022d 02       		.uleb128 0x2
 624 022e 74       		.byte	0x74
 625 022f 00       		.sleb128 0
 626 0230 0C       		.uleb128 0xc
 627 0231 01       		.uleb128 0x1
 628 0232 51       		.byte	0x51
 629 0233 01       		.uleb128 0x1
 630 0234 45       		.byte	0x45
 631 0235 0C       		.uleb128 0xc
 632 0236 01       		.uleb128 0x1
 633 0237 52       		.byte	0x52
 634 0238 02       		.uleb128 0x2
 635 0239 77       		.byte	0x77
 636 023a 00       		.sleb128 0
 637 023b 0C       		.uleb128 0xc
 638 023c 01       		.uleb128 0x1
 639 023d 53       		.byte	0x53
 640 023e 07       		.uleb128 0x7
 641 023f 76       		.byte	0x76
 642 0240 00       		.sleb128 0
 643 0241 94       		.byte	0x94
 644 0242 01       		.byte	0x1
 645 0243 08       		.byte	0x8
 646 0244 FF       		.byte	0xff
ARM GAS  C:\Users\HELLOK~1.1\AppData\Local\Temp\ccpRPjsn.s 			page 14


 647 0245 1A       		.byte	0x1a
 648 0246 0C       		.uleb128 0xc
 649 0247 02       		.uleb128 0x2
 650 0248 7D       		.byte	0x7d
 651 0249 04       		.sleb128 4
 652 024a 03       		.uleb128 0x3
 653 024b 76       		.byte	0x76
 654 024c 04       		.sleb128 4
 655 024d 06       		.byte	0x6
 656 024e 0C       		.uleb128 0xc
 657 024f 02       		.uleb128 0x2
 658 0250 7D       		.byte	0x7d
 659 0251 08       		.sleb128 8
 660 0252 03       		.uleb128 0x3
 661 0253 91       		.byte	0x91
 662 0254 04       		.sleb128 4
 663 0255 06       		.byte	0x6
 664 0256 0C       		.uleb128 0xc
 665 0257 02       		.uleb128 0x2
 666 0258 7D       		.byte	0x7d
 667 0259 0C       		.sleb128 12
 668 025a 07       		.uleb128 0x7
 669 025b 91       		.byte	0x91
 670 025c 00       		.sleb128 0
 671 025d 94       		.byte	0x94
 672 025e 01       		.byte	0x1
 673 025f 08       		.byte	0x8
 674 0260 FF       		.byte	0xff
 675 0261 1A       		.byte	0x1a
 676 0262 0C       		.uleb128 0xc
 677 0263 02       		.uleb128 0x2
 678 0264 7D       		.byte	0x7d
 679 0265 10       		.sleb128 16
 680 0266 03       		.uleb128 0x3
 681 0267 91       		.byte	0x91
 682 0268 08       		.sleb128 8
 683 0269 06       		.byte	0x6
 684 026a 00       		.byte	0
 685 026b 0B       		.uleb128 0xb
 686 026c 48000000 		.4byte	.LVL11
 687 0270 50040000 		.4byte	0x450
 688 0274 7F020000 		.4byte	0x27f
 689 0278 0C       		.uleb128 0xc
 690 0279 01       		.uleb128 0x1
 691 027a 50       		.byte	0x50
 692 027b 02       		.uleb128 0x2
 693 027c 74       		.byte	0x74
 694 027d 00       		.sleb128 0
 695 027e 00       		.byte	0
 696 027f 0B       		.uleb128 0xb
 697 0280 50000000 		.4byte	.LVL12
 698 0284 3A040000 		.4byte	0x43a
 699 0288 98020000 		.4byte	0x298
 700 028c 0C       		.uleb128 0xc
 701 028d 01       		.uleb128 0x1
 702 028e 50       		.byte	0x50
 703 028f 02       		.uleb128 0x2
ARM GAS  C:\Users\HELLOK~1.1\AppData\Local\Temp\ccpRPjsn.s 			page 15


 704 0290 76       		.byte	0x76
 705 0291 00       		.sleb128 0
 706 0292 0C       		.uleb128 0xc
 707 0293 01       		.uleb128 0x1
 708 0294 51       		.byte	0x51
 709 0295 01       		.uleb128 0x1
 710 0296 31       		.byte	0x31
 711 0297 00       		.byte	0
 712 0298 0B       		.uleb128 0xb
 713 0299 56000000 		.4byte	.LVL13
 714 029d 50040000 		.4byte	0x450
 715 02a1 AF020000 		.4byte	0x2af
 716 02a5 0C       		.uleb128 0xc
 717 02a6 01       		.uleb128 0x1
 718 02a7 50       		.byte	0x50
 719 02a8 05       		.uleb128 0x5
 720 02a9 03       		.byte	0x3
 721 02aa 18000000 		.4byte	.LC10
 722 02ae 00       		.byte	0
 723 02af 0B       		.uleb128 0xb
 724 02b0 5E000000 		.4byte	.LVL14
 725 02b4 3A040000 		.4byte	0x43a
 726 02b8 C8020000 		.4byte	0x2c8
 727 02bc 0C       		.uleb128 0xc
 728 02bd 01       		.uleb128 0x1
 729 02be 50       		.byte	0x50
 730 02bf 02       		.uleb128 0x2
 731 02c0 76       		.byte	0x76
 732 02c1 00       		.sleb128 0
 733 02c2 0C       		.uleb128 0xc
 734 02c3 01       		.uleb128 0x1
 735 02c4 51       		.byte	0x51
 736 02c5 01       		.uleb128 0x1
 737 02c6 32       		.byte	0x32
 738 02c7 00       		.byte	0
 739 02c8 0B       		.uleb128 0xb
 740 02c9 64000000 		.4byte	.LVL15
 741 02cd 50040000 		.4byte	0x450
 742 02d1 DF020000 		.4byte	0x2df
 743 02d5 0C       		.uleb128 0xc
 744 02d6 01       		.uleb128 0x1
 745 02d7 50       		.byte	0x50
 746 02d8 05       		.uleb128 0x5
 747 02d9 03       		.byte	0x3
 748 02da 30000000 		.4byte	.LC12
 749 02de 00       		.byte	0
 750 02df 0B       		.uleb128 0xb
 751 02e0 6C000000 		.4byte	.LVL16
 752 02e4 3A040000 		.4byte	0x43a
 753 02e8 F8020000 		.4byte	0x2f8
 754 02ec 0C       		.uleb128 0xc
 755 02ed 01       		.uleb128 0x1
 756 02ee 50       		.byte	0x50
 757 02ef 02       		.uleb128 0x2
 758 02f0 76       		.byte	0x76
 759 02f1 00       		.sleb128 0
 760 02f2 0C       		.uleb128 0xc
ARM GAS  C:\Users\HELLOK~1.1\AppData\Local\Temp\ccpRPjsn.s 			page 16


 761 02f3 01       		.uleb128 0x1
 762 02f4 51       		.byte	0x51
 763 02f5 01       		.uleb128 0x1
 764 02f6 33       		.byte	0x33
 765 02f7 00       		.byte	0
 766 02f8 0B       		.uleb128 0xb
 767 02f9 92000000 		.4byte	.LVL17
 768 02fd 45040000 		.4byte	0x445
 769 0301 46030000 		.4byte	0x346
 770 0305 0C       		.uleb128 0xc
 771 0306 01       		.uleb128 0x1
 772 0307 50       		.byte	0x50
 773 0308 02       		.uleb128 0x2
 774 0309 74       		.byte	0x74
 775 030a 00       		.sleb128 0
 776 030b 0C       		.uleb128 0xc
 777 030c 01       		.uleb128 0x1
 778 030d 51       		.byte	0x51
 779 030e 01       		.uleb128 0x1
 780 030f 45       		.byte	0x45
 781 0310 0C       		.uleb128 0xc
 782 0311 01       		.uleb128 0x1
 783 0312 52       		.byte	0x52
 784 0313 02       		.uleb128 0x2
 785 0314 77       		.byte	0x77
 786 0315 00       		.sleb128 0
 787 0316 0C       		.uleb128 0xc
 788 0317 01       		.uleb128 0x1
 789 0318 53       		.byte	0x53
 790 0319 07       		.uleb128 0x7
 791 031a 75       		.byte	0x75
 792 031b 00       		.sleb128 0
 793 031c 94       		.byte	0x94
 794 031d 01       		.byte	0x1
 795 031e 08       		.byte	0x8
 796 031f FF       		.byte	0xff
 797 0320 1A       		.byte	0x1a
 798 0321 0C       		.uleb128 0xc
 799 0322 02       		.uleb128 0x2
 800 0323 7D       		.byte	0x7d
 801 0324 04       		.sleb128 4
 802 0325 03       		.uleb128 0x3
 803 0326 75       		.byte	0x75
 804 0327 04       		.sleb128 4
 805 0328 06       		.byte	0x6
 806 0329 0C       		.uleb128 0xc
 807 032a 02       		.uleb128 0x2
 808 032b 7D       		.byte	0x7d
 809 032c 08       		.sleb128 8
 810 032d 03       		.uleb128 0x3
 811 032e 91       		.byte	0x91
 812 032f 10       		.sleb128 16
 813 0330 06       		.byte	0x6
 814 0331 0C       		.uleb128 0xc
 815 0332 02       		.uleb128 0x2
 816 0333 7D       		.byte	0x7d
 817 0334 0C       		.sleb128 12
ARM GAS  C:\Users\HELLOK~1.1\AppData\Local\Temp\ccpRPjsn.s 			page 17


 818 0335 07       		.uleb128 0x7
 819 0336 91       		.byte	0x91
 820 0337 0C       		.sleb128 12
 821 0338 94       		.byte	0x94
 822 0339 01       		.byte	0x1
 823 033a 08       		.byte	0x8
 824 033b FF       		.byte	0xff
 825 033c 1A       		.byte	0x1a
 826 033d 0C       		.uleb128 0xc
 827 033e 02       		.uleb128 0x2
 828 033f 7D       		.byte	0x7d
 829 0340 10       		.sleb128 16
 830 0341 03       		.uleb128 0x3
 831 0342 91       		.byte	0x91
 832 0343 14       		.sleb128 20
 833 0344 06       		.byte	0x6
 834 0345 00       		.byte	0
 835 0346 10       		.uleb128 0x10
 836 0347 9A000000 		.4byte	.LVL18
 837 034b 50040000 		.4byte	0x450
 838 034f 0C       		.uleb128 0xc
 839 0350 01       		.uleb128 0x1
 840 0351 50       		.byte	0x50
 841 0352 02       		.uleb128 0x2
 842 0353 74       		.byte	0x74
 843 0354 00       		.sleb128 0
 844 0355 00       		.byte	0
 845 0356 00       		.byte	0
 846 0357 11       		.uleb128 0x11
 847 0358 9D000000 		.4byte	0x9d
 848 035c 67030000 		.4byte	0x367
 849 0360 12       		.uleb128 0x12
 850 0361 AB000000 		.4byte	0xab
 851 0365 14       		.byte	0x14
 852 0366 00       		.byte	0
 853 0367 13       		.uleb128 0x13
 854 0368 48010000 		.4byte	.LASF49
 855 036c 01       		.byte	0x1
 856 036d 41       		.byte	0x41
 857 036e 5D000000 		.4byte	0x5d
 858 0372 00000000 		.4byte	.LFB37
 859 0376 6C000000 		.4byte	.LFE37-.LFB37
 860 037a 01       		.uleb128 0x1
 861 037b 9C       		.byte	0x9c
 862 037c 00040000 		.4byte	0x400
 863 0380 0F       		.uleb128 0xf
 864 0381 89010000 		.4byte	.LASF34
 865 0385 01       		.byte	0x1
 866 0386 47       		.byte	0x47
 867 0387 BE000000 		.4byte	0xbe
 868 038b 02       		.uleb128 0x2
 869 038c 91       		.byte	0x91
 870 038d 60       		.sleb128 -32
 871 038e 0F       		.uleb128 0xf
 872 038f 81000000 		.4byte	.LASF35
 873 0393 01       		.byte	0x1
 874 0394 48       		.byte	0x48
ARM GAS  C:\Users\HELLOK~1.1\AppData\Local\Temp\ccpRPjsn.s 			page 18


 875 0395 EE000000 		.4byte	0xee
 876 0399 02       		.uleb128 0x2
 877 039a 91       		.byte	0x91
 878 039b 54       		.sleb128 -44
 879 039c 0F       		.uleb128 0xf
 880 039d 86000000 		.4byte	.LASF30
 881 03a1 01       		.byte	0x1
 882 03a2 49       		.byte	0x49
 883 03a3 BE000000 		.4byte	0xbe
 884 03a7 02       		.uleb128 0x2
 885 03a8 91       		.byte	0x91
 886 03a9 4C       		.sleb128 -52
 887 03aa 0F       		.uleb128 0xf
 888 03ab 68020000 		.4byte	.LASF32
 889 03af 01       		.byte	0x1
 890 03b0 4A       		.byte	0x4a
 891 03b1 EE000000 		.4byte	0xee
 892 03b5 02       		.uleb128 0x2
 893 03b6 91       		.byte	0x91
 894 03b7 40       		.sleb128 -64
 895 03b8 0D       		.uleb128 0xd
 896 03b9 0A000000 		.4byte	.LVL19
 897 03bd 5B040000 		.4byte	0x45b
 898 03c1 0B       		.uleb128 0xb
 899 03c2 16000000 		.4byte	.LVL20
 900 03c6 66040000 		.4byte	0x466
 901 03ca E4030000 		.4byte	0x3e4
 902 03ce 0C       		.uleb128 0xc
 903 03cf 01       		.uleb128 0x1
 904 03d0 50       		.byte	0x50
 905 03d1 02       		.uleb128 0x2
 906 03d2 08       		.byte	0x8
 907 03d3 27       		.byte	0x27
 908 03d4 0C       		.uleb128 0xc
 909 03d5 01       		.uleb128 0x1
 910 03d6 51       		.byte	0x51
 911 03d7 01       		.uleb128 0x1
 912 03d8 44       		.byte	0x44
 913 03d9 0C       		.uleb128 0xc
 914 03da 01       		.uleb128 0x1
 915 03db 52       		.byte	0x52
 916 03dc 01       		.uleb128 0x1
 917 03dd 34       		.byte	0x34
 918 03de 0C       		.uleb128 0xc
 919 03df 01       		.uleb128 0x1
 920 03e0 53       		.byte	0x53
 921 03e1 01       		.uleb128 0x1
 922 03e2 30       		.byte	0x30
 923 03e3 00       		.byte	0
 924 03e4 0D       		.uleb128 0xd
 925 03e5 1A000000 		.4byte	.LVL21
 926 03e9 71040000 		.4byte	0x471
 927 03ed 0D       		.uleb128 0xd
 928 03ee 60000000 		.4byte	.LVL22
 929 03f2 AA010000 		.4byte	0x1aa
 930 03f6 0D       		.uleb128 0xd
 931 03f7 64000000 		.4byte	.LVL23
ARM GAS  C:\Users\HELLOK~1.1\AppData\Local\Temp\ccpRPjsn.s 			page 19


 932 03fb 7C040000 		.4byte	0x47c
 933 03ff 00       		.byte	0
 934 0400 14       		.uleb128 0x14
 935 0401 52020000 		.4byte	.LASF50
 936 0405 01       		.byte	0x1
 937 0406 1C       		.byte	0x1c
 938 0407 11040000 		.4byte	0x411
 939 040b 05       		.uleb128 0x5
 940 040c 03       		.byte	0x3
 941 040d 00000000 		.4byte	LCDAddr
 942 0411 15       		.uleb128 0x15
 943 0412 83000000 		.4byte	0x83
 944 0416 16       		.uleb128 0x16
 945 0417 17000000 		.4byte	.LASF36
 946 041b 17000000 		.4byte	.LASF36
 947 041f 03       		.byte	0x3
 948 0420 1301     		.2byte	0x113
 949 0422 16       		.uleb128 0x16
 950 0423 67000000 		.4byte	.LASF37
 951 0427 67000000 		.4byte	.LASF37
 952 042b 03       		.byte	0x3
 953 042c 0F01     		.2byte	0x10f
 954 042e 16       		.uleb128 0x16
 955 042f AB020000 		.4byte	.LASF38
 956 0433 AB020000 		.4byte	.LASF38
 957 0437 03       		.byte	0x3
 958 0438 1001     		.2byte	0x110
 959 043a 17       		.uleb128 0x17
 960 043b 1C020000 		.4byte	.LASF39
 961 043f 1C020000 		.4byte	.LASF39
 962 0443 04       		.byte	0x4
 963 0444 88       		.byte	0x88
 964 0445 17       		.uleb128 0x17
 965 0446 39000000 		.4byte	.LASF40
 966 044a 39000000 		.4byte	.LASF40
 967 044e 05       		.byte	0x5
 968 044f FD       		.byte	0xfd
 969 0450 17       		.uleb128 0x17
 970 0451 1F010000 		.4byte	.LASF41
 971 0455 1F010000 		.4byte	.LASF41
 972 0459 04       		.byte	0x4
 973 045a 8B       		.byte	0x8b
 974 045b 17       		.uleb128 0x17
 975 045c 5D000000 		.4byte	.LASF42
 976 0460 5D000000 		.4byte	.LASF42
 977 0464 06       		.byte	0x6
 978 0465 72       		.byte	0x72
 979 0466 17       		.uleb128 0x17
 980 0467 2F020000 		.4byte	.LASF43
 981 046b 2F020000 		.4byte	.LASF43
 982 046f 04       		.byte	0x4
 983 0470 47       		.byte	0x47
 984 0471 17       		.uleb128 0x17
 985 0472 42000000 		.4byte	.LASF44
 986 0476 42000000 		.4byte	.LASF44
 987 047a 04       		.byte	0x4
 988 047b 4E       		.byte	0x4e
ARM GAS  C:\Users\HELLOK~1.1\AppData\Local\Temp\ccpRPjsn.s 			page 20


 989 047c 17       		.uleb128 0x17
 990 047d 79020000 		.4byte	.LASF45
 991 0481 79020000 		.4byte	.LASF45
 992 0485 07       		.byte	0x7
 993 0486 57       		.byte	0x57
 994 0487 00       		.byte	0
 995              		.section	.debug_abbrev,"",%progbits
 996              	.Ldebug_abbrev0:
 997 0000 01       		.uleb128 0x1
 998 0001 11       		.uleb128 0x11
 999 0002 01       		.byte	0x1
 1000 0003 25       		.uleb128 0x25
 1001 0004 0E       		.uleb128 0xe
 1002 0005 13       		.uleb128 0x13
 1003 0006 0B       		.uleb128 0xb
 1004 0007 03       		.uleb128 0x3
 1005 0008 0E       		.uleb128 0xe
 1006 0009 1B       		.uleb128 0x1b
 1007 000a 0E       		.uleb128 0xe
 1008 000b 55       		.uleb128 0x55
 1009 000c 17       		.uleb128 0x17
 1010 000d 11       		.uleb128 0x11
 1011 000e 01       		.uleb128 0x1
 1012 000f 10       		.uleb128 0x10
 1013 0010 17       		.uleb128 0x17
 1014 0011 00       		.byte	0
 1015 0012 00       		.byte	0
 1016 0013 02       		.uleb128 0x2
 1017 0014 24       		.uleb128 0x24
 1018 0015 00       		.byte	0
 1019 0016 0B       		.uleb128 0xb
 1020 0017 0B       		.uleb128 0xb
 1021 0018 3E       		.uleb128 0x3e
 1022 0019 0B       		.uleb128 0xb
 1023 001a 03       		.uleb128 0x3
 1024 001b 0E       		.uleb128 0xe
 1025 001c 00       		.byte	0
 1026 001d 00       		.byte	0
 1027 001e 03       		.uleb128 0x3
 1028 001f 24       		.uleb128 0x24
 1029 0020 00       		.byte	0
 1030 0021 0B       		.uleb128 0xb
 1031 0022 0B       		.uleb128 0xb
 1032 0023 3E       		.uleb128 0x3e
 1033 0024 0B       		.uleb128 0xb
 1034 0025 03       		.uleb128 0x3
 1035 0026 08       		.uleb128 0x8
 1036 0027 00       		.byte	0
 1037 0028 00       		.byte	0
 1038 0029 04       		.uleb128 0x4
 1039 002a 16       		.uleb128 0x16
 1040 002b 00       		.byte	0
 1041 002c 03       		.uleb128 0x3
 1042 002d 0E       		.uleb128 0xe
 1043 002e 3A       		.uleb128 0x3a
 1044 002f 0B       		.uleb128 0xb
 1045 0030 3B       		.uleb128 0x3b
ARM GAS  C:\Users\HELLOK~1.1\AppData\Local\Temp\ccpRPjsn.s 			page 21


 1046 0031 05       		.uleb128 0x5
 1047 0032 49       		.uleb128 0x49
 1048 0033 13       		.uleb128 0x13
 1049 0034 00       		.byte	0
 1050 0035 00       		.byte	0
 1051 0036 05       		.uleb128 0x5
 1052 0037 0F       		.uleb128 0xf
 1053 0038 00       		.byte	0
 1054 0039 0B       		.uleb128 0xb
 1055 003a 0B       		.uleb128 0xb
 1056 003b 49       		.uleb128 0x49
 1057 003c 13       		.uleb128 0x13
 1058 003d 00       		.byte	0
 1059 003e 00       		.byte	0
 1060 003f 06       		.uleb128 0x6
 1061 0040 13       		.uleb128 0x13
 1062 0041 01       		.byte	0x1
 1063 0042 03       		.uleb128 0x3
 1064 0043 0E       		.uleb128 0xe
 1065 0044 0B       		.uleb128 0xb
 1066 0045 0B       		.uleb128 0xb
 1067 0046 3A       		.uleb128 0x3a
 1068 0047 0B       		.uleb128 0xb
 1069 0048 3B       		.uleb128 0x3b
 1070 0049 0B       		.uleb128 0xb
 1071 004a 01       		.uleb128 0x1
 1072 004b 13       		.uleb128 0x13
 1073 004c 00       		.byte	0
 1074 004d 00       		.byte	0
 1075 004e 07       		.uleb128 0x7
 1076 004f 0D       		.uleb128 0xd
 1077 0050 00       		.byte	0
 1078 0051 03       		.uleb128 0x3
 1079 0052 0E       		.uleb128 0xe
 1080 0053 3A       		.uleb128 0x3a
 1081 0054 0B       		.uleb128 0xb
 1082 0055 3B       		.uleb128 0x3b
 1083 0056 0B       		.uleb128 0xb
 1084 0057 49       		.uleb128 0x49
 1085 0058 13       		.uleb128 0x13
 1086 0059 38       		.uleb128 0x38
 1087 005a 0B       		.uleb128 0xb
 1088 005b 00       		.byte	0
 1089 005c 00       		.byte	0
 1090 005d 08       		.uleb128 0x8
 1091 005e 0D       		.uleb128 0xd
 1092 005f 00       		.byte	0
 1093 0060 03       		.uleb128 0x3
 1094 0061 08       		.uleb128 0x8
 1095 0062 3A       		.uleb128 0x3a
 1096 0063 0B       		.uleb128 0xb
 1097 0064 3B       		.uleb128 0x3b
 1098 0065 0B       		.uleb128 0xb
 1099 0066 49       		.uleb128 0x49
 1100 0067 13       		.uleb128 0x13
 1101 0068 38       		.uleb128 0x38
 1102 0069 0B       		.uleb128 0xb
ARM GAS  C:\Users\HELLOK~1.1\AppData\Local\Temp\ccpRPjsn.s 			page 22


 1103 006a 00       		.byte	0
 1104 006b 00       		.byte	0
 1105 006c 09       		.uleb128 0x9
 1106 006d 2E       		.uleb128 0x2e
 1107 006e 01       		.byte	0x1
 1108 006f 3F       		.uleb128 0x3f
 1109 0070 19       		.uleb128 0x19
 1110 0071 03       		.uleb128 0x3
 1111 0072 0E       		.uleb128 0xe
 1112 0073 3A       		.uleb128 0x3a
 1113 0074 0B       		.uleb128 0xb
 1114 0075 3B       		.uleb128 0x3b
 1115 0076 0B       		.uleb128 0xb
 1116 0077 27       		.uleb128 0x27
 1117 0078 19       		.uleb128 0x19
 1118 0079 11       		.uleb128 0x11
 1119 007a 01       		.uleb128 0x1
 1120 007b 12       		.uleb128 0x12
 1121 007c 06       		.uleb128 0x6
 1122 007d 40       		.uleb128 0x40
 1123 007e 18       		.uleb128 0x18
 1124 007f 9742     		.uleb128 0x2117
 1125 0081 19       		.uleb128 0x19
 1126 0082 01       		.uleb128 0x1
 1127 0083 13       		.uleb128 0x13
 1128 0084 00       		.byte	0
 1129 0085 00       		.byte	0
 1130 0086 0A       		.uleb128 0xa
 1131 0087 05       		.uleb128 0x5
 1132 0088 00       		.byte	0
 1133 0089 03       		.uleb128 0x3
 1134 008a 0E       		.uleb128 0xe
 1135 008b 3A       		.uleb128 0x3a
 1136 008c 0B       		.uleb128 0xb
 1137 008d 3B       		.uleb128 0x3b
 1138 008e 0B       		.uleb128 0xb
 1139 008f 49       		.uleb128 0x49
 1140 0090 13       		.uleb128 0x13
 1141 0091 02       		.uleb128 0x2
 1142 0092 17       		.uleb128 0x17
 1143 0093 00       		.byte	0
 1144 0094 00       		.byte	0
 1145 0095 0B       		.uleb128 0xb
 1146 0096 898201   		.uleb128 0x4109
 1147 0099 01       		.byte	0x1
 1148 009a 11       		.uleb128 0x11
 1149 009b 01       		.uleb128 0x1
 1150 009c 31       		.uleb128 0x31
 1151 009d 13       		.uleb128 0x13
 1152 009e 01       		.uleb128 0x1
 1153 009f 13       		.uleb128 0x13
 1154 00a0 00       		.byte	0
 1155 00a1 00       		.byte	0
 1156 00a2 0C       		.uleb128 0xc
 1157 00a3 8A8201   		.uleb128 0x410a
 1158 00a6 00       		.byte	0
 1159 00a7 02       		.uleb128 0x2
ARM GAS  C:\Users\HELLOK~1.1\AppData\Local\Temp\ccpRPjsn.s 			page 23


 1160 00a8 18       		.uleb128 0x18
 1161 00a9 9142     		.uleb128 0x2111
 1162 00ab 18       		.uleb128 0x18
 1163 00ac 00       		.byte	0
 1164 00ad 00       		.byte	0
 1165 00ae 0D       		.uleb128 0xd
 1166 00af 898201   		.uleb128 0x4109
 1167 00b2 00       		.byte	0
 1168 00b3 11       		.uleb128 0x11
 1169 00b4 01       		.uleb128 0x1
 1170 00b5 31       		.uleb128 0x31
 1171 00b6 13       		.uleb128 0x13
 1172 00b7 00       		.byte	0
 1173 00b8 00       		.byte	0
 1174 00b9 0E       		.uleb128 0xe
 1175 00ba 05       		.uleb128 0x5
 1176 00bb 00       		.byte	0
 1177 00bc 03       		.uleb128 0x3
 1178 00bd 0E       		.uleb128 0xe
 1179 00be 3A       		.uleb128 0x3a
 1180 00bf 0B       		.uleb128 0xb
 1181 00c0 3B       		.uleb128 0x3b
 1182 00c1 0B       		.uleb128 0xb
 1183 00c2 49       		.uleb128 0x49
 1184 00c3 13       		.uleb128 0x13
 1185 00c4 02       		.uleb128 0x2
 1186 00c5 18       		.uleb128 0x18
 1187 00c6 00       		.byte	0
 1188 00c7 00       		.byte	0
 1189 00c8 0F       		.uleb128 0xf
 1190 00c9 34       		.uleb128 0x34
 1191 00ca 00       		.byte	0
 1192 00cb 03       		.uleb128 0x3
 1193 00cc 0E       		.uleb128 0xe
 1194 00cd 3A       		.uleb128 0x3a
 1195 00ce 0B       		.uleb128 0xb
 1196 00cf 3B       		.uleb128 0x3b
 1197 00d0 0B       		.uleb128 0xb
 1198 00d1 49       		.uleb128 0x49
 1199 00d2 13       		.uleb128 0x13
 1200 00d3 02       		.uleb128 0x2
 1201 00d4 18       		.uleb128 0x18
 1202 00d5 00       		.byte	0
 1203 00d6 00       		.byte	0
 1204 00d7 10       		.uleb128 0x10
 1205 00d8 898201   		.uleb128 0x4109
 1206 00db 01       		.byte	0x1
 1207 00dc 11       		.uleb128 0x11
 1208 00dd 01       		.uleb128 0x1
 1209 00de 31       		.uleb128 0x31
 1210 00df 13       		.uleb128 0x13
 1211 00e0 00       		.byte	0
 1212 00e1 00       		.byte	0
 1213 00e2 11       		.uleb128 0x11
 1214 00e3 01       		.uleb128 0x1
 1215 00e4 01       		.byte	0x1
 1216 00e5 49       		.uleb128 0x49
ARM GAS  C:\Users\HELLOK~1.1\AppData\Local\Temp\ccpRPjsn.s 			page 24


 1217 00e6 13       		.uleb128 0x13
 1218 00e7 01       		.uleb128 0x1
 1219 00e8 13       		.uleb128 0x13
 1220 00e9 00       		.byte	0
 1221 00ea 00       		.byte	0
 1222 00eb 12       		.uleb128 0x12
 1223 00ec 21       		.uleb128 0x21
 1224 00ed 00       		.byte	0
 1225 00ee 49       		.uleb128 0x49
 1226 00ef 13       		.uleb128 0x13
 1227 00f0 2F       		.uleb128 0x2f
 1228 00f1 0B       		.uleb128 0xb
 1229 00f2 00       		.byte	0
 1230 00f3 00       		.byte	0
 1231 00f4 13       		.uleb128 0x13
 1232 00f5 2E       		.uleb128 0x2e
 1233 00f6 01       		.byte	0x1
 1234 00f7 3F       		.uleb128 0x3f
 1235 00f8 19       		.uleb128 0x19
 1236 00f9 03       		.uleb128 0x3
 1237 00fa 0E       		.uleb128 0xe
 1238 00fb 3A       		.uleb128 0x3a
 1239 00fc 0B       		.uleb128 0xb
 1240 00fd 3B       		.uleb128 0x3b
 1241 00fe 0B       		.uleb128 0xb
 1242 00ff 27       		.uleb128 0x27
 1243 0100 19       		.uleb128 0x19
 1244 0101 49       		.uleb128 0x49
 1245 0102 13       		.uleb128 0x13
 1246 0103 8701     		.uleb128 0x87
 1247 0105 19       		.uleb128 0x19
 1248 0106 11       		.uleb128 0x11
 1249 0107 01       		.uleb128 0x1
 1250 0108 12       		.uleb128 0x12
 1251 0109 06       		.uleb128 0x6
 1252 010a 40       		.uleb128 0x40
 1253 010b 18       		.uleb128 0x18
 1254 010c 9742     		.uleb128 0x2117
 1255 010e 19       		.uleb128 0x19
 1256 010f 01       		.uleb128 0x1
 1257 0110 13       		.uleb128 0x13
 1258 0111 00       		.byte	0
 1259 0112 00       		.byte	0
 1260 0113 14       		.uleb128 0x14
 1261 0114 34       		.uleb128 0x34
 1262 0115 00       		.byte	0
 1263 0116 03       		.uleb128 0x3
 1264 0117 0E       		.uleb128 0xe
 1265 0118 3A       		.uleb128 0x3a
 1266 0119 0B       		.uleb128 0xb
 1267 011a 3B       		.uleb128 0x3b
 1268 011b 0B       		.uleb128 0xb
 1269 011c 49       		.uleb128 0x49
 1270 011d 13       		.uleb128 0x13
 1271 011e 3F       		.uleb128 0x3f
 1272 011f 19       		.uleb128 0x19
 1273 0120 02       		.uleb128 0x2
ARM GAS  C:\Users\HELLOK~1.1\AppData\Local\Temp\ccpRPjsn.s 			page 25


 1274 0121 18       		.uleb128 0x18
 1275 0122 00       		.byte	0
 1276 0123 00       		.byte	0
 1277 0124 15       		.uleb128 0x15
 1278 0125 26       		.uleb128 0x26
 1279 0126 00       		.byte	0
 1280 0127 49       		.uleb128 0x49
 1281 0128 13       		.uleb128 0x13
 1282 0129 00       		.byte	0
 1283 012a 00       		.byte	0
 1284 012b 16       		.uleb128 0x16
 1285 012c 2E       		.uleb128 0x2e
 1286 012d 00       		.byte	0
 1287 012e 3F       		.uleb128 0x3f
 1288 012f 19       		.uleb128 0x19
 1289 0130 3C       		.uleb128 0x3c
 1290 0131 19       		.uleb128 0x19
 1291 0132 6E       		.uleb128 0x6e
 1292 0133 0E       		.uleb128 0xe
 1293 0134 03       		.uleb128 0x3
 1294 0135 0E       		.uleb128 0xe
 1295 0136 3A       		.uleb128 0x3a
 1296 0137 0B       		.uleb128 0xb
 1297 0138 3B       		.uleb128 0x3b
 1298 0139 05       		.uleb128 0x5
 1299 013a 00       		.byte	0
 1300 013b 00       		.byte	0
 1301 013c 17       		.uleb128 0x17
 1302 013d 2E       		.uleb128 0x2e
 1303 013e 00       		.byte	0
 1304 013f 3F       		.uleb128 0x3f
 1305 0140 19       		.uleb128 0x19
 1306 0141 3C       		.uleb128 0x3c
 1307 0142 19       		.uleb128 0x19
 1308 0143 6E       		.uleb128 0x6e
 1309 0144 0E       		.uleb128 0xe
 1310 0145 03       		.uleb128 0x3
 1311 0146 0E       		.uleb128 0xe
 1312 0147 3A       		.uleb128 0x3a
 1313 0148 0B       		.uleb128 0xb
 1314 0149 3B       		.uleb128 0x3b
 1315 014a 0B       		.uleb128 0xb
 1316 014b 00       		.byte	0
 1317 014c 00       		.byte	0
 1318 014d 00       		.byte	0
 1319              		.section	.debug_loc,"",%progbits
 1320              	.Ldebug_loc0:
 1321              	.LLST0:
 1322 0000 00000000 		.4byte	.LVL0
 1323 0004 0E000000 		.4byte	.LVL4
 1324 0008 0100     		.2byte	0x1
 1325 000a 50       		.byte	0x50
 1326 000b 0E000000 		.4byte	.LVL4
 1327 000f 11000000 		.4byte	.LVL5-1
 1328 0013 0100     		.2byte	0x1
 1329 0015 51       		.byte	0x51
 1330 0016 11000000 		.4byte	.LVL5-1
ARM GAS  C:\Users\HELLOK~1.1\AppData\Local\Temp\ccpRPjsn.s 			page 26


 1331 001a 20000000 		.4byte	.LFE35
 1332 001e 0400     		.2byte	0x4
 1333 0020 F3       		.byte	0xf3
 1334 0021 01       		.uleb128 0x1
 1335 0022 50       		.byte	0x50
 1336 0023 9F       		.byte	0x9f
 1337 0024 00000000 		.4byte	0
 1338 0028 00000000 		.4byte	0
 1339              	.LLST1:
 1340 002c 00000000 		.4byte	.LVL0
 1341 0030 0C000000 		.4byte	.LVL3
 1342 0034 0100     		.2byte	0x1
 1343 0036 51       		.byte	0x51
 1344 0037 0C000000 		.4byte	.LVL3
 1345 003b 11000000 		.4byte	.LVL5-1
 1346 003f 0100     		.2byte	0x1
 1347 0041 52       		.byte	0x52
 1348 0042 11000000 		.4byte	.LVL5-1
 1349 0046 20000000 		.4byte	.LFE35
 1350 004a 0400     		.2byte	0x4
 1351 004c F3       		.byte	0xf3
 1352 004d 01       		.uleb128 0x1
 1353 004e 51       		.byte	0x51
 1354 004f 9F       		.byte	0x9f
 1355 0050 00000000 		.4byte	0
 1356 0054 00000000 		.4byte	0
 1357              	.LLST2:
 1358 0058 00000000 		.4byte	.LVL0
 1359 005c 0A000000 		.4byte	.LVL2
 1360 0060 0100     		.2byte	0x1
 1361 0062 52       		.byte	0x52
 1362 0063 0A000000 		.4byte	.LVL2
 1363 0067 1E000000 		.4byte	.LVL8
 1364 006b 0100     		.2byte	0x1
 1365 006d 54       		.byte	0x54
 1366 006e 1E000000 		.4byte	.LVL8
 1367 0072 20000000 		.4byte	.LFE35
 1368 0076 0400     		.2byte	0x4
 1369 0078 F3       		.byte	0xf3
 1370 0079 01       		.uleb128 0x1
 1371 007a 52       		.byte	0x52
 1372 007b 9F       		.byte	0x9f
 1373 007c 00000000 		.4byte	0
 1374 0080 00000000 		.4byte	0
 1375              	.LLST3:
 1376 0084 00000000 		.4byte	.LVL0
 1377 0088 08000000 		.4byte	.LVL1
 1378 008c 0100     		.2byte	0x1
 1379 008e 53       		.byte	0x53
 1380 008f 08000000 		.4byte	.LVL1
 1381 0093 20000000 		.4byte	.LFE35
 1382 0097 0400     		.2byte	0x4
 1383 0099 F3       		.byte	0xf3
 1384 009a 01       		.uleb128 0x1
 1385 009b 53       		.byte	0x53
 1386 009c 9F       		.byte	0x9f
 1387 009d 00000000 		.4byte	0
ARM GAS  C:\Users\HELLOK~1.1\AppData\Local\Temp\ccpRPjsn.s 			page 27


 1388 00a1 00000000 		.4byte	0
 1389              		.section	.debug_aranges,"",%progbits
 1390 0000 2C000000 		.4byte	0x2c
 1391 0004 0200     		.2byte	0x2
 1392 0006 00000000 		.4byte	.Ldebug_info0
 1393 000a 04       		.byte	0x4
 1394 000b 00       		.byte	0
 1395 000c 0000     		.2byte	0
 1396 000e 0000     		.2byte	0
 1397 0010 00000000 		.4byte	.LFB35
 1398 0014 20000000 		.4byte	.LFE35-.LFB35
 1399 0018 00000000 		.4byte	.LFB36
 1400 001c AC000000 		.4byte	.LFE36-.LFB36
 1401 0020 00000000 		.4byte	.LFB37
 1402 0024 6C000000 		.4byte	.LFE37-.LFB37
 1403 0028 00000000 		.4byte	0
 1404 002c 00000000 		.4byte	0
 1405              		.section	.debug_ranges,"",%progbits
 1406              	.Ldebug_ranges0:
 1407 0000 00000000 		.4byte	.LFB35
 1408 0004 20000000 		.4byte	.LFE35
 1409 0008 00000000 		.4byte	.LFB36
 1410 000c AC000000 		.4byte	.LFE36
 1411 0010 00000000 		.4byte	.LFB37
 1412 0014 6C000000 		.4byte	.LFE37
 1413 0018 00000000 		.4byte	0
 1414 001c 00000000 		.4byte	0
 1415              		.section	.debug_line,"",%progbits
 1416              	.Ldebug_line0:
 1417 0000 45010000 		.section	.debug_str,"MS",%progbits,1
 1417      0200EB00 
 1417      00000201 
 1417      FB0E0D00 
 1417      01010101 
 1418              	.LASF6:
 1419 0000 6C6F6E67 		.ascii	"long long int\000"
 1419      206C6F6E 
 1419      6720696E 
 1419      7400
 1420              	.LASF31:
 1421 000e 63757272 		.ascii	"currDate\000"
 1421      44617465 
 1421      00
 1422              	.LASF36:
 1423 0017 4932435F 		.ascii	"I2C_I2CMasterWriteBuf\000"
 1423      4932434D 
 1423      61737465 
 1423      72577269 
 1423      74654275 
 1424              	.LASF22:
 1425 002d 79656172 		.ascii	"year\000"
 1425      00
 1426              	.LASF18:
 1427 0032 6D696E75 		.ascii	"minute\000"
 1427      746500
 1428              	.LASF40:
 1429 0039 736E7072 		.ascii	"snprintf\000"
ARM GAS  C:\Users\HELLOK~1.1\AppData\Local\Temp\ccpRPjsn.s 			page 28


 1429      696E7466 
 1429      00
 1430              	.LASF44:
 1431 0042 4C434442 		.ascii	"LCDBegin\000"
 1431      6567696E 
 1431      00
 1432              	.LASF27:
 1433 004b 77726974 		.ascii	"writeToAddr\000"
 1433      65546F41 
 1433      64647200 
 1434              	.LASF21:
 1435 0057 6D6F6E74 		.ascii	"month\000"
 1435      6800
 1436              	.LASF42:
 1437 005d 4932435F 		.ascii	"I2C_Start\000"
 1437      53746172 
 1437      7400
 1438              	.LASF37:
 1439 0067 4932435F 		.ascii	"I2C_I2CMasterStatus\000"
 1439      4932434D 
 1439      61737465 
 1439      72537461 
 1439      74757300 
 1440              	.LASF12:
 1441 007b 666C6F61 		.ascii	"float\000"
 1441      7400
 1442              	.LASF35:
 1443 0081 64617465 		.ascii	"date\000"
 1443      00
 1444              	.LASF30:
 1445 0086 6E657874 		.ascii	"nextTime\000"
 1445      54696D65 
 1445      00
 1446              	.LASF5:
 1447 008f 6C6F6E67 		.ascii	"long unsigned int\000"
 1447      20756E73 
 1447      69676E65 
 1447      6420696E 
 1447      7400
 1448              	.LASF48:
 1449 00a1 443A5C46 		.ascii	"D:\\Final Project\\Project Files\\Final Project\\Au"
 1449      696E616C 
 1449      2050726F 
 1449      6A656374 
 1449      5C50726F 
 1450 00d0 746F6D61 		.ascii	"tomaticPetFeeder.cydsn\000"
 1450      74696350 
 1450      65744665 
 1450      65646572 
 1450      2E637964 
 1451              	.LASF3:
 1452 00e7 73686F72 		.ascii	"short unsigned int\000"
 1452      7420756E 
 1452      7369676E 
 1452      65642069 
 1452      6E7400
 1453              	.LASF23:
ARM GAS  C:\Users\HELLOK~1.1\AppData\Local\Temp\ccpRPjsn.s 			page 29


 1454 00fa 77726974 		.ascii	"writeBuf\000"
 1454      65427566 
 1454      00
 1455              	.LASF10:
 1456 0103 75696E74 		.ascii	"uint16\000"
 1456      313600
 1457              	.LASF1:
 1458 010a 756E7369 		.ascii	"unsigned char\000"
 1458      676E6564 
 1458      20636861 
 1458      7200
 1459              	.LASF13:
 1460 0118 646F7562 		.ascii	"double\000"
 1460      6C6500
 1461              	.LASF41:
 1462 011f 4C43445F 		.ascii	"LCD_print\000"
 1462      7072696E 
 1462      7400
 1463              	.LASF2:
 1464 0129 73686F72 		.ascii	"short int\000"
 1464      7420696E 
 1464      7400
 1465              	.LASF20:
 1466 0133 44617465 		.ascii	"Date\000"
 1466      00
 1467              	.LASF29:
 1468 0138 63757272 		.ascii	"currTime\000"
 1468      54696D65 
 1468      00
 1469              	.LASF11:
 1470 0141 75696E74 		.ascii	"uint32\000"
 1470      333200
 1471              	.LASF49:
 1472 0148 6D61696E 		.ascii	"main\000"
 1472      00
 1473              	.LASF8:
 1474 014d 756E7369 		.ascii	"unsigned int\000"
 1474      676E6564 
 1474      20696E74 
 1474      00
 1475              	.LASF7:
 1476 015a 6C6F6E67 		.ascii	"long long unsigned int\000"
 1476      206C6F6E 
 1476      6720756E 
 1476      7369676E 
 1476      65642069 
 1477              	.LASF24:
 1478 0171 77726974 		.ascii	"writeBytes\000"
 1478      65427974 
 1478      657300
 1479              	.LASF28:
 1480 017c 4C434449 		.ascii	"LCDInit\000"
 1480      6E697400 
 1481              	.LASF17:
 1482 0184 686F7572 		.ascii	"hour\000"
 1482      00
 1483              	.LASF34:
ARM GAS  C:\Users\HELLOK~1.1\AppData\Local\Temp\ccpRPjsn.s 			page 30


 1484 0189 74696D65 		.ascii	"time\000"
 1484      00
 1485              	.LASF46:
 1486 018e 474E5520 		.ascii	"GNU C11 5.4.1 20160609 (release) [ARM/embedded-5-br"
 1486      43313120 
 1486      352E342E 
 1486      31203230 
 1486      31363036 
 1487 01c1 616E6368 		.ascii	"anch revision 237715] -mcpu=cortex-m0 -mthumb -g -O"
 1487      20726576 
 1487      6973696F 
 1487      6E203233 
 1487      37373135 
 1488 01f4 67202D66 		.ascii	"g -ffunction-sections -ffat-lto-objects\000"
 1488      66756E63 
 1488      74696F6E 
 1488      2D736563 
 1488      74696F6E 
 1489              	.LASF39:
 1490 021c 73657443 		.ascii	"setCursor\000"
 1490      7572736F 
 1490      7200
 1491              	.LASF16:
 1492 0226 73697A65 		.ascii	"sizetype\000"
 1492      74797065 
 1492      00
 1493              	.LASF43:
 1494 022f 4C697175 		.ascii	"LiquidCrystal_I2C_init\000"
 1494      69644372 
 1494      79737461 
 1494      6C5F4932 
 1494      435F696E 
 1495              	.LASF47:
 1496 0246 6D61696E 		.ascii	"main.c\000"
 1496      2E6300
 1497              	.LASF14:
 1498 024d 63686172 		.ascii	"char\000"
 1498      00
 1499              	.LASF50:
 1500 0252 4C434441 		.ascii	"LCDAddr\000"
 1500      64647200 
 1501              	.LASF25:
 1502 025a 64657641 		.ascii	"devAddr\000"
 1502      64647200 
 1503              	.LASF9:
 1504 0262 75696E74 		.ascii	"uint8\000"
 1504      3800
 1505              	.LASF32:
 1506 0268 6E657874 		.ascii	"nextDate\000"
 1506      44617465 
 1506      00
 1507              	.LASF26:
 1508 0271 6D656D41 		.ascii	"memAddr\000"
 1508      64647200 
 1509              	.LASF45:
 1510 0279 43795379 		.ascii	"CySysPmDeepSleep\000"
 1510      73506D44 
ARM GAS  C:\Users\HELLOK~1.1\AppData\Local\Temp\ccpRPjsn.s 			page 31


 1510      65657053 
 1510      6C656570 
 1510      00
 1511              	.LASF4:
 1512 028a 6C6F6E67 		.ascii	"long int\000"
 1512      20696E74 
 1512      00
 1513              	.LASF15:
 1514 0293 6C6F6E67 		.ascii	"long double\000"
 1514      20646F75 
 1514      626C6500 
 1515              	.LASF0:
 1516 029f 7369676E 		.ascii	"signed char\000"
 1516      65642063 
 1516      68617200 
 1517              	.LASF38:
 1518 02ab 4932435F 		.ascii	"I2C_I2CMasterClearStatus\000"
 1518      4932434D 
 1518      61737465 
 1518      72436C65 
 1518      61725374 
 1519              	.LASF33:
 1520 02c4 7072696E 		.ascii	"printString\000"
 1520      74537472 
 1520      696E6700 
 1521              	.LASF19:
 1522 02d0 54696D65 		.ascii	"Time\000"
 1522      00
 1523              		.ident	"GCC: (GNU Tools for ARM Embedded Processors) 5.4.1 20160609 (release) [ARM/embedded-5-bran
