ARM GAS  C:\Users\HELLOK~1\AppData\Local\Temp\ccnE6CX2.s 			page 1


   1              		.syntax unified
   2              		.cpu cortex-m0
   3              		.fpu softvfp
   4              		.eabi_attribute 20, 1
   5              		.eabi_attribute 21, 1
   6              		.eabi_attribute 23, 3
   7              		.eabi_attribute 24, 1
   8              		.eabi_attribute 25, 1
   9              		.eabi_attribute 26, 1
  10              		.eabi_attribute 30, 1
  11              		.eabi_attribute 34, 0
  12              		.eabi_attribute 18, 4
  13              		.thumb
  14              		.syntax unified
  15              		.file	"cyfitter_cfg.c"
  16              		.text
  17              	.Ltext0:
  18              		.cfi_sections	.debug_frame
  19              		.section	.text.AnalogSetDefault,"ax",%progbits
  20              		.align	2
  21              		.code	16
  22              		.thumb_func
  23              		.type	AnalogSetDefault, %function
  24              	AnalogSetDefault:
  25              	.LFB5:
  26              		.file 1 "Generated_Source\\PSoC4\\cyfitter_cfg.c"
   1:Generated_Source\PSoC4/cyfitter_cfg.c **** 
   2:Generated_Source\PSoC4/cyfitter_cfg.c **** /*******************************************************************************
   3:Generated_Source\PSoC4/cyfitter_cfg.c **** * File Name: cyfitter_cfg.c
   4:Generated_Source\PSoC4/cyfitter_cfg.c **** * 
   5:Generated_Source\PSoC4/cyfitter_cfg.c **** * PSoC Creator  4.2
   6:Generated_Source\PSoC4/cyfitter_cfg.c **** *
   7:Generated_Source\PSoC4/cyfitter_cfg.c **** * Description:
   8:Generated_Source\PSoC4/cyfitter_cfg.c **** * This file contains device initialization code.
   9:Generated_Source\PSoC4/cyfitter_cfg.c **** * Except for the user defined sections in CyClockStartupError(), this file should not be modified.
  10:Generated_Source\PSoC4/cyfitter_cfg.c **** * This file is automatically generated by PSoC Creator.
  11:Generated_Source\PSoC4/cyfitter_cfg.c **** *
  12:Generated_Source\PSoC4/cyfitter_cfg.c **** ********************************************************************************
  13:Generated_Source\PSoC4/cyfitter_cfg.c **** * Copyright (c) 2007-2018 Cypress Semiconductor.  All rights reserved.
  14:Generated_Source\PSoC4/cyfitter_cfg.c **** * You may use this file only in accordance with the license, terms, conditions, 
  15:Generated_Source\PSoC4/cyfitter_cfg.c **** * disclaimers, and limitations in the end user license agreement accompanying 
  16:Generated_Source\PSoC4/cyfitter_cfg.c **** * the software package with which this file was provided.
  17:Generated_Source\PSoC4/cyfitter_cfg.c **** ********************************************************************************/
  18:Generated_Source\PSoC4/cyfitter_cfg.c **** 
  19:Generated_Source\PSoC4/cyfitter_cfg.c **** #include <string.h>
  20:Generated_Source\PSoC4/cyfitter_cfg.c **** #include "cytypes.h"
  21:Generated_Source\PSoC4/cyfitter_cfg.c **** #include "cydevice_trm.h"
  22:Generated_Source\PSoC4/cyfitter_cfg.c **** #include "cyfitter.h"
  23:Generated_Source\PSoC4/cyfitter_cfg.c **** #include "CyLib.h"
  24:Generated_Source\PSoC4/cyfitter_cfg.c **** #include "CyLFClk.h"
  25:Generated_Source\PSoC4/cyfitter_cfg.c **** #include "cyfitter_cfg.h"
  26:Generated_Source\PSoC4/cyfitter_cfg.c **** #include "cyapicallbacks.h"
  27:Generated_Source\PSoC4/cyfitter_cfg.c **** 
  28:Generated_Source\PSoC4/cyfitter_cfg.c **** 
  29:Generated_Source\PSoC4/cyfitter_cfg.c **** #if defined(__GNUC__) || defined(__ARMCC_VERSION)
  30:Generated_Source\PSoC4/cyfitter_cfg.c ****     #define CYPACKED 
  31:Generated_Source\PSoC4/cyfitter_cfg.c ****     #define CYPACKED_ATTR __attribute__ ((packed))
ARM GAS  C:\Users\HELLOK~1\AppData\Local\Temp\ccnE6CX2.s 			page 2


  32:Generated_Source\PSoC4/cyfitter_cfg.c ****     #define CYALIGNED __attribute__ ((aligned))
  33:Generated_Source\PSoC4/cyfitter_cfg.c ****     #define CY_CFG_UNUSED __attribute__ ((unused))
  34:Generated_Source\PSoC4/cyfitter_cfg.c ****     #ifndef CY_CFG_SECTION
  35:Generated_Source\PSoC4/cyfitter_cfg.c ****         #define CY_CFG_SECTION __attribute__ ((section(".psocinit")))
  36:Generated_Source\PSoC4/cyfitter_cfg.c ****     #endif
  37:Generated_Source\PSoC4/cyfitter_cfg.c ****     
  38:Generated_Source\PSoC4/cyfitter_cfg.c ****     #if defined(__ARMCC_VERSION)
  39:Generated_Source\PSoC4/cyfitter_cfg.c ****         #define CY_CFG_MEMORY_BARRIER() __memory_changed()
  40:Generated_Source\PSoC4/cyfitter_cfg.c ****     #else
  41:Generated_Source\PSoC4/cyfitter_cfg.c ****         #define CY_CFG_MEMORY_BARRIER() __sync_synchronize()
  42:Generated_Source\PSoC4/cyfitter_cfg.c ****     #endif
  43:Generated_Source\PSoC4/cyfitter_cfg.c ****     
  44:Generated_Source\PSoC4/cyfitter_cfg.c **** #elif defined(__ICCARM__)
  45:Generated_Source\PSoC4/cyfitter_cfg.c ****     #include <intrinsics.h>
  46:Generated_Source\PSoC4/cyfitter_cfg.c **** 
  47:Generated_Source\PSoC4/cyfitter_cfg.c ****     #define CYPACKED __packed
  48:Generated_Source\PSoC4/cyfitter_cfg.c ****     #define CYPACKED_ATTR 
  49:Generated_Source\PSoC4/cyfitter_cfg.c ****     #define CYALIGNED _Pragma("data_alignment=4")
  50:Generated_Source\PSoC4/cyfitter_cfg.c ****     #define CY_CFG_UNUSED _Pragma("diag_suppress=Pe177")
  51:Generated_Source\PSoC4/cyfitter_cfg.c ****     #define CY_CFG_SECTION _Pragma("location=\".psocinit\"")
  52:Generated_Source\PSoC4/cyfitter_cfg.c ****     
  53:Generated_Source\PSoC4/cyfitter_cfg.c ****     #define CY_CFG_MEMORY_BARRIER() __DMB()
  54:Generated_Source\PSoC4/cyfitter_cfg.c ****     
  55:Generated_Source\PSoC4/cyfitter_cfg.c **** #else
  56:Generated_Source\PSoC4/cyfitter_cfg.c ****     #error Unsupported toolchain
  57:Generated_Source\PSoC4/cyfitter_cfg.c **** #endif
  58:Generated_Source\PSoC4/cyfitter_cfg.c **** 
  59:Generated_Source\PSoC4/cyfitter_cfg.c **** #ifndef CYCODE
  60:Generated_Source\PSoC4/cyfitter_cfg.c ****     #define CYCODE
  61:Generated_Source\PSoC4/cyfitter_cfg.c **** #endif
  62:Generated_Source\PSoC4/cyfitter_cfg.c **** #ifndef CYDATA
  63:Generated_Source\PSoC4/cyfitter_cfg.c ****     #define CYDATA
  64:Generated_Source\PSoC4/cyfitter_cfg.c **** #endif
  65:Generated_Source\PSoC4/cyfitter_cfg.c **** #ifndef CYFAR
  66:Generated_Source\PSoC4/cyfitter_cfg.c ****     #define CYFAR
  67:Generated_Source\PSoC4/cyfitter_cfg.c **** #endif
  68:Generated_Source\PSoC4/cyfitter_cfg.c **** #ifndef CYXDATA
  69:Generated_Source\PSoC4/cyfitter_cfg.c ****     #define CYXDATA
  70:Generated_Source\PSoC4/cyfitter_cfg.c **** #endif
  71:Generated_Source\PSoC4/cyfitter_cfg.c **** 
  72:Generated_Source\PSoC4/cyfitter_cfg.c **** 
  73:Generated_Source\PSoC4/cyfitter_cfg.c **** CY_CFG_UNUSED
  74:Generated_Source\PSoC4/cyfitter_cfg.c **** static void CYMEMZERO(void *s, size_t n);
  75:Generated_Source\PSoC4/cyfitter_cfg.c **** CY_CFG_UNUSED
  76:Generated_Source\PSoC4/cyfitter_cfg.c **** static void CYMEMZERO(void *s, size_t n)
  77:Generated_Source\PSoC4/cyfitter_cfg.c **** {
  78:Generated_Source\PSoC4/cyfitter_cfg.c **** 	(void)memset(s, 0, n);
  79:Generated_Source\PSoC4/cyfitter_cfg.c **** }
  80:Generated_Source\PSoC4/cyfitter_cfg.c **** CY_CFG_UNUSED
  81:Generated_Source\PSoC4/cyfitter_cfg.c **** static void CYCONFIGCPY(void *dest, const void *src, size_t n);
  82:Generated_Source\PSoC4/cyfitter_cfg.c **** CY_CFG_UNUSED
  83:Generated_Source\PSoC4/cyfitter_cfg.c **** static void CYCONFIGCPY(void *dest, const void *src, size_t n)
  84:Generated_Source\PSoC4/cyfitter_cfg.c **** {
  85:Generated_Source\PSoC4/cyfitter_cfg.c **** 	(void)memcpy(dest, src, n);
  86:Generated_Source\PSoC4/cyfitter_cfg.c **** }
  87:Generated_Source\PSoC4/cyfitter_cfg.c **** CY_CFG_UNUSED
  88:Generated_Source\PSoC4/cyfitter_cfg.c **** static void CYCONFIGCPYCODE(void *dest, const void *src, size_t n);
ARM GAS  C:\Users\HELLOK~1\AppData\Local\Temp\ccnE6CX2.s 			page 3


  89:Generated_Source\PSoC4/cyfitter_cfg.c **** CY_CFG_UNUSED
  90:Generated_Source\PSoC4/cyfitter_cfg.c **** static void CYCONFIGCPYCODE(void *dest, const void *src, size_t n)
  91:Generated_Source\PSoC4/cyfitter_cfg.c **** {
  92:Generated_Source\PSoC4/cyfitter_cfg.c **** 	(void)memcpy(dest, src, n);
  93:Generated_Source\PSoC4/cyfitter_cfg.c **** }
  94:Generated_Source\PSoC4/cyfitter_cfg.c **** 
  95:Generated_Source\PSoC4/cyfitter_cfg.c **** 
  96:Generated_Source\PSoC4/cyfitter_cfg.c **** 
  97:Generated_Source\PSoC4/cyfitter_cfg.c **** 
  98:Generated_Source\PSoC4/cyfitter_cfg.c **** /* Clock startup error codes                                                   */
  99:Generated_Source\PSoC4/cyfitter_cfg.c **** #define CYCLOCKSTART_NO_ERROR    0u
 100:Generated_Source\PSoC4/cyfitter_cfg.c **** #define CYCLOCKSTART_XTAL_ERROR  1u
 101:Generated_Source\PSoC4/cyfitter_cfg.c **** #define CYCLOCKSTART_32KHZ_ERROR 2u
 102:Generated_Source\PSoC4/cyfitter_cfg.c **** #define CYCLOCKSTART_PLL_ERROR   3u
 103:Generated_Source\PSoC4/cyfitter_cfg.c **** #define CYCLOCKSTART_FLL_ERROR   4u
 104:Generated_Source\PSoC4/cyfitter_cfg.c **** #define CYCLOCKSTART_WCO_ERROR   5u
 105:Generated_Source\PSoC4/cyfitter_cfg.c **** 
 106:Generated_Source\PSoC4/cyfitter_cfg.c **** 
 107:Generated_Source\PSoC4/cyfitter_cfg.c **** #ifdef CY_NEED_CYCLOCKSTARTUPERROR
 108:Generated_Source\PSoC4/cyfitter_cfg.c **** /*******************************************************************************
 109:Generated_Source\PSoC4/cyfitter_cfg.c **** * Function Name: CyClockStartupError
 110:Generated_Source\PSoC4/cyfitter_cfg.c **** ********************************************************************************
 111:Generated_Source\PSoC4/cyfitter_cfg.c **** * Summary:
 112:Generated_Source\PSoC4/cyfitter_cfg.c **** *  If an error is encountered during clock configuration (crystal startup error,
 113:Generated_Source\PSoC4/cyfitter_cfg.c **** *  PLL lock error, etc.), the system will end up here.  Unless reimplemented by
 114:Generated_Source\PSoC4/cyfitter_cfg.c **** *  the customer, this function will stop in an infinite loop.
 115:Generated_Source\PSoC4/cyfitter_cfg.c **** *
 116:Generated_Source\PSoC4/cyfitter_cfg.c **** * Parameters:
 117:Generated_Source\PSoC4/cyfitter_cfg.c **** *   void
 118:Generated_Source\PSoC4/cyfitter_cfg.c **** *
 119:Generated_Source\PSoC4/cyfitter_cfg.c **** * Return:
 120:Generated_Source\PSoC4/cyfitter_cfg.c **** *   void
 121:Generated_Source\PSoC4/cyfitter_cfg.c **** *
 122:Generated_Source\PSoC4/cyfitter_cfg.c **** *******************************************************************************/
 123:Generated_Source\PSoC4/cyfitter_cfg.c **** CY_CFG_UNUSED
 124:Generated_Source\PSoC4/cyfitter_cfg.c **** static void CyClockStartupError(uint8 errorCode);
 125:Generated_Source\PSoC4/cyfitter_cfg.c **** CY_CFG_UNUSED
 126:Generated_Source\PSoC4/cyfitter_cfg.c **** static void CyClockStartupError(uint8 errorCode)
 127:Generated_Source\PSoC4/cyfitter_cfg.c **** {
 128:Generated_Source\PSoC4/cyfitter_cfg.c ****     /* To remove the compiler warning if errorCode not used.                */
 129:Generated_Source\PSoC4/cyfitter_cfg.c ****     errorCode = errorCode;
 130:Generated_Source\PSoC4/cyfitter_cfg.c **** 
 131:Generated_Source\PSoC4/cyfitter_cfg.c ****     /* If we have a clock startup error (bad MHz crystal, PLL lock, etc.),  */
 132:Generated_Source\PSoC4/cyfitter_cfg.c ****     /* we will end up here to allow the customer to implement something to  */
 133:Generated_Source\PSoC4/cyfitter_cfg.c ****     /* deal with the clock condition.                                       */
 134:Generated_Source\PSoC4/cyfitter_cfg.c **** 
 135:Generated_Source\PSoC4/cyfitter_cfg.c **** #ifdef CY_CFG_CLOCK_STARTUP_ERROR_CALLBACK
 136:Generated_Source\PSoC4/cyfitter_cfg.c ****     CY_CFG_Clock_Startup_ErrorCallback();
 137:Generated_Source\PSoC4/cyfitter_cfg.c **** #else
 138:Generated_Source\PSoC4/cyfitter_cfg.c ****     /*  If not using CY_CFG_CLOCK_STARTUP_ERROR_CALLBACK, place your clock startup code here. */
 139:Generated_Source\PSoC4/cyfitter_cfg.c ****     /* `#START CyClockStartupError` */
 140:Generated_Source\PSoC4/cyfitter_cfg.c **** 
 141:Generated_Source\PSoC4/cyfitter_cfg.c **** 
 142:Generated_Source\PSoC4/cyfitter_cfg.c **** 
 143:Generated_Source\PSoC4/cyfitter_cfg.c ****     /* `#END` */
 144:Generated_Source\PSoC4/cyfitter_cfg.c **** 
 145:Generated_Source\PSoC4/cyfitter_cfg.c ****     while(1) {}
ARM GAS  C:\Users\HELLOK~1\AppData\Local\Temp\ccnE6CX2.s 			page 4


 146:Generated_Source\PSoC4/cyfitter_cfg.c **** #endif /* CY_CFG_CLOCK_STARTUP_ERROR_CALLBACK */
 147:Generated_Source\PSoC4/cyfitter_cfg.c **** }
 148:Generated_Source\PSoC4/cyfitter_cfg.c **** #endif
 149:Generated_Source\PSoC4/cyfitter_cfg.c **** 
 150:Generated_Source\PSoC4/cyfitter_cfg.c **** 
 151:Generated_Source\PSoC4/cyfitter_cfg.c **** 
 152:Generated_Source\PSoC4/cyfitter_cfg.c **** /*******************************************************************************
 153:Generated_Source\PSoC4/cyfitter_cfg.c **** * Function Name: ClockSetup
 154:Generated_Source\PSoC4/cyfitter_cfg.c **** ********************************************************************************
 155:Generated_Source\PSoC4/cyfitter_cfg.c **** *
 156:Generated_Source\PSoC4/cyfitter_cfg.c **** * Summary:
 157:Generated_Source\PSoC4/cyfitter_cfg.c **** *   Performs the initialization of all of the clocks in the device based on the
 158:Generated_Source\PSoC4/cyfitter_cfg.c **** *   settings in the Clock tab of the DWR.  This includes enabling the requested
 159:Generated_Source\PSoC4/cyfitter_cfg.c **** *   clocks and setting the necessary dividers to produce the desired frequency. 
 160:Generated_Source\PSoC4/cyfitter_cfg.c **** *
 161:Generated_Source\PSoC4/cyfitter_cfg.c **** * Parameters:
 162:Generated_Source\PSoC4/cyfitter_cfg.c **** *   void
 163:Generated_Source\PSoC4/cyfitter_cfg.c **** *
 164:Generated_Source\PSoC4/cyfitter_cfg.c **** * Return:
 165:Generated_Source\PSoC4/cyfitter_cfg.c **** *   void
 166:Generated_Source\PSoC4/cyfitter_cfg.c **** *
 167:Generated_Source\PSoC4/cyfitter_cfg.c **** *******************************************************************************/
 168:Generated_Source\PSoC4/cyfitter_cfg.c **** static void ClockSetup(void);
 169:Generated_Source\PSoC4/cyfitter_cfg.c **** CY_CFG_SECTION
 170:Generated_Source\PSoC4/cyfitter_cfg.c **** static void ClockSetup(void)
 171:Generated_Source\PSoC4/cyfitter_cfg.c **** {
 172:Generated_Source\PSoC4/cyfitter_cfg.c **** 
 173:Generated_Source\PSoC4/cyfitter_cfg.c **** 	/* Set Flash Cycles based on max possible frequency in case a glitch occurs during ClockSetup(). *
 174:Generated_Source\PSoC4/cyfitter_cfg.c **** 	CY_SET_REG32((void CYXDATA *)(CYREG_CPUSS_FLASH_CTL), (0x0012u));
 175:Generated_Source\PSoC4/cyfitter_cfg.c **** 	/* Setup and trim IMO based on desired frequency. */
 176:Generated_Source\PSoC4/cyfitter_cfg.c **** 	CySysClkWriteImoFreq(48u);
 177:Generated_Source\PSoC4/cyfitter_cfg.c **** 	/* CYDEV_CLK_ILO_CONFIG Starting address: CYDEV_CLK_ILO_CONFIG */
 178:Generated_Source\PSoC4/cyfitter_cfg.c **** 	CY_SET_REG32((void *)(CYREG_CLK_ILO_CONFIG), 0x80000006u);
 179:Generated_Source\PSoC4/cyfitter_cfg.c **** 
 180:Generated_Source\PSoC4/cyfitter_cfg.c **** 
 181:Generated_Source\PSoC4/cyfitter_cfg.c **** 	/* Setup phase aligned clocks */
 182:Generated_Source\PSoC4/cyfitter_cfg.c **** 
 183:Generated_Source\PSoC4/cyfitter_cfg.c **** 	/* CYDEV_CLK_IMO_CONFIG Starting address: CYDEV_CLK_IMO_CONFIG */
 184:Generated_Source\PSoC4/cyfitter_cfg.c **** 	CY_SET_REG32((void *)(CYREG_CLK_IMO_CONFIG), 0x80000000u);
 185:Generated_Source\PSoC4/cyfitter_cfg.c **** 
 186:Generated_Source\PSoC4/cyfitter_cfg.c **** 	/* CYDEV_CLK_SELECT Starting address: CYDEV_CLK_SELECT */
 187:Generated_Source\PSoC4/cyfitter_cfg.c **** 	CY_SET_REG32((void *)(CYREG_CLK_SELECT), 0x00040000u);
 188:Generated_Source\PSoC4/cyfitter_cfg.c **** 
 189:Generated_Source\PSoC4/cyfitter_cfg.c **** 	(void)CyIntSetVector(7u, &CySysWdtIsr);
 190:Generated_Source\PSoC4/cyfitter_cfg.c **** 	CyIntEnable(7u);
 191:Generated_Source\PSoC4/cyfitter_cfg.c **** 	CY_SET_REG32((void *)(CYREG_WDT_CONFIG), 0x00000000u);
 192:Generated_Source\PSoC4/cyfitter_cfg.c **** }
 193:Generated_Source\PSoC4/cyfitter_cfg.c **** 
 194:Generated_Source\PSoC4/cyfitter_cfg.c **** 
 195:Generated_Source\PSoC4/cyfitter_cfg.c **** /* Analog API Functions */
 196:Generated_Source\PSoC4/cyfitter_cfg.c **** 
 197:Generated_Source\PSoC4/cyfitter_cfg.c **** 
 198:Generated_Source\PSoC4/cyfitter_cfg.c **** /*******************************************************************************
 199:Generated_Source\PSoC4/cyfitter_cfg.c **** * Function Name: AnalogSetDefault
 200:Generated_Source\PSoC4/cyfitter_cfg.c **** ********************************************************************************
 201:Generated_Source\PSoC4/cyfitter_cfg.c **** *
 202:Generated_Source\PSoC4/cyfitter_cfg.c **** * Summary:
ARM GAS  C:\Users\HELLOK~1\AppData\Local\Temp\ccnE6CX2.s 			page 5


 203:Generated_Source\PSoC4/cyfitter_cfg.c **** *  Sets up the analog portions of the chip to default values based on chip
 204:Generated_Source\PSoC4/cyfitter_cfg.c **** *  configuration options from the project.
 205:Generated_Source\PSoC4/cyfitter_cfg.c **** *
 206:Generated_Source\PSoC4/cyfitter_cfg.c **** * Parameters:
 207:Generated_Source\PSoC4/cyfitter_cfg.c **** *  void
 208:Generated_Source\PSoC4/cyfitter_cfg.c **** *
 209:Generated_Source\PSoC4/cyfitter_cfg.c **** * Return:
 210:Generated_Source\PSoC4/cyfitter_cfg.c **** *  void
 211:Generated_Source\PSoC4/cyfitter_cfg.c **** *
 212:Generated_Source\PSoC4/cyfitter_cfg.c **** *******************************************************************************/
 213:Generated_Source\PSoC4/cyfitter_cfg.c **** static void AnalogSetDefault(void);
 214:Generated_Source\PSoC4/cyfitter_cfg.c **** static void AnalogSetDefault(void)
 215:Generated_Source\PSoC4/cyfitter_cfg.c **** {
  27              		.loc 1 215 0
  28              		.cfi_startproc
  29              		@ args = 0, pretend = 0, frame = 0
  30              		@ frame_needed = 0, uses_anonymous_args = 0
  31              		@ link register save eliminated.
 216:Generated_Source\PSoC4/cyfitter_cfg.c **** 	CY_SET_XTND_REG32((void CYFAR *)CYREG_CTBM0_DFT_CTRL, 0x00000003u);
  32              		.loc 1 216 0
  33 0000 0323     		movs	r3, #3
  34 0002 044A     		ldr	r2, .L2
  35 0004 1360     		str	r3, [r2]
 217:Generated_Source\PSoC4/cyfitter_cfg.c **** 	CY_SET_XTND_REG32((void CYFAR *)CYREG_CTBM1_DFT_CTRL, 0x00000003u);
  36              		.loc 1 217 0
  37 0006 044A     		ldr	r2, .L2+4
  38 0008 1360     		str	r3, [r2]
 218:Generated_Source\PSoC4/cyfitter_cfg.c **** 	CY_SET_XTND_REG32((void CYFAR *)CYREG_PASS_DSAB_DSAB_CTRL, 0x00000000u);
  39              		.loc 1 218 0
  40 000a 0022     		movs	r2, #0
  41 000c 034B     		ldr	r3, .L2+8
  42 000e 1A60     		str	r2, [r3]
 219:Generated_Source\PSoC4/cyfitter_cfg.c **** }
  43              		.loc 1 219 0
  44              		@ sp needed
  45 0010 7047     		bx	lr
  46              	.L3:
  47 0012 C046     		.align	2
  48              	.L2:
  49 0014 30003040 		.word	1076887600
  50 0018 30003140 		.word	1076953136
  51 001c 000E3F40 		.word	1077874176
  52              		.cfi_endproc
  53              	.LFE5:
  54              		.size	AnalogSetDefault, .-AnalogSetDefault
  55              		.section	.text.CYMEMZERO,"ax",%progbits
  56              		.align	2
  57              		.code	16
  58              		.thumb_func
  59              		.type	CYMEMZERO, %function
  60              	CYMEMZERO:
  61              	.LFB1:
  77:Generated_Source\PSoC4/cyfitter_cfg.c **** 	(void)memset(s, 0, n);
  62              		.loc 1 77 0
  63              		.cfi_startproc
  64              		@ args = 0, pretend = 0, frame = 0
  65              		@ frame_needed = 0, uses_anonymous_args = 0
ARM GAS  C:\Users\HELLOK~1\AppData\Local\Temp\ccnE6CX2.s 			page 6


  66              	.LVL0:
  67 0000 10B5     		push	{r4, lr}
  68              		.cfi_def_cfa_offset 8
  69              		.cfi_offset 4, -8
  70              		.cfi_offset 14, -4
  71 0002 0A00     		movs	r2, r1
  78:Generated_Source\PSoC4/cyfitter_cfg.c **** }
  72              		.loc 1 78 0
  73 0004 0021     		movs	r1, #0
  74              	.LVL1:
  75 0006 FFF7FEFF 		bl	memset
  76              	.LVL2:
  79:Generated_Source\PSoC4/cyfitter_cfg.c **** CY_CFG_UNUSED
  77              		.loc 1 79 0
  78              		@ sp needed
  79 000a 10BD     		pop	{r4, pc}
  80              		.cfi_endproc
  81              	.LFE1:
  82              		.size	CYMEMZERO, .-CYMEMZERO
  83              		.section	.psocinit,"ax",%progbits
  84              		.align	2
  85              		.code	16
  86              		.thumb_func
  87              		.type	ClockSetup, %function
  88              	ClockSetup:
  89              	.LFB4:
 171:Generated_Source\PSoC4/cyfitter_cfg.c **** 
  90              		.loc 1 171 0
  91              		.cfi_startproc
  92              		@ args = 0, pretend = 0, frame = 0
  93              		@ frame_needed = 0, uses_anonymous_args = 0
  94 0000 10B5     		push	{r4, lr}
  95              		.cfi_def_cfa_offset 8
  96              		.cfi_offset 4, -8
  97              		.cfi_offset 14, -4
 174:Generated_Source\PSoC4/cyfitter_cfg.c **** 	/* Setup and trim IMO based on desired frequency. */
  98              		.loc 1 174 0
  99 0002 1222     		movs	r2, #18
 100 0004 0C4B     		ldr	r3, .L6
 101 0006 1A60     		str	r2, [r3]
 176:Generated_Source\PSoC4/cyfitter_cfg.c **** 	/* CYDEV_CLK_ILO_CONFIG Starting address: CYDEV_CLK_ILO_CONFIG */
 102              		.loc 1 176 0
 103 0008 3020     		movs	r0, #48
 104 000a FFF7FEFF 		bl	CySysClkWriteImoFreq
 105              	.LVL3:
 178:Generated_Source\PSoC4/cyfitter_cfg.c **** 
 106              		.loc 1 178 0
 107 000e 0B4A     		ldr	r2, .L6+4
 108 0010 0B4B     		ldr	r3, .L6+8
 109 0012 1A60     		str	r2, [r3]
 184:Generated_Source\PSoC4/cyfitter_cfg.c **** 
 110              		.loc 1 184 0
 111 0014 063A     		subs	r2, r2, #6
 112 0016 0B4B     		ldr	r3, .L6+12
 113 0018 1A60     		str	r2, [r3]
 187:Generated_Source\PSoC4/cyfitter_cfg.c **** 
 114              		.loc 1 187 0
ARM GAS  C:\Users\HELLOK~1\AppData\Local\Temp\ccnE6CX2.s 			page 7


 115 001a 8022     		movs	r2, #128
 116 001c D202     		lsls	r2, r2, #11
 117 001e 0A4B     		ldr	r3, .L6+16
 118 0020 1A60     		str	r2, [r3]
 189:Generated_Source\PSoC4/cyfitter_cfg.c **** 	CyIntEnable(7u);
 119              		.loc 1 189 0
 120 0022 0A49     		ldr	r1, .L6+20
 121 0024 0720     		movs	r0, #7
 122 0026 FFF7FEFF 		bl	CyIntSetVector
 123              	.LVL4:
 190:Generated_Source\PSoC4/cyfitter_cfg.c **** 	CY_SET_REG32((void *)(CYREG_WDT_CONFIG), 0x00000000u);
 124              		.loc 1 190 0
 125 002a 0720     		movs	r0, #7
 126 002c FFF7FEFF 		bl	CyIntEnable
 127              	.LVL5:
 191:Generated_Source\PSoC4/cyfitter_cfg.c **** }
 128              		.loc 1 191 0
 129 0030 0022     		movs	r2, #0
 130 0032 074B     		ldr	r3, .L6+24
 131 0034 1A60     		str	r2, [r3]
 192:Generated_Source\PSoC4/cyfitter_cfg.c **** 
 132              		.loc 1 192 0
 133              		@ sp needed
 134 0036 10BD     		pop	{r4, pc}
 135              	.L7:
 136              		.align	2
 137              	.L6:
 138 0038 30001040 		.word	1074790448
 139 003c 06000080 		.word	-2147483642
 140 0040 04010B40 		.word	1074462980
 141 0044 08010B40 		.word	1074462984
 142 0048 00010B40 		.word	1074462976
 143 004c 00000000 		.word	CySysWdtIsr
 144 0050 0C020B40 		.word	1074463244
 145              		.cfi_endproc
 146              	.LFE4:
 147              		.size	ClockSetup, .-ClockSetup
 148              		.align	2
 149              		.global	cyfitter_cfg
 150              		.code	16
 151              		.thumb_func
 152              		.type	cyfitter_cfg, %function
 153              	cyfitter_cfg:
 154              	.LFB6:
 220:Generated_Source\PSoC4/cyfitter_cfg.c **** 
 221:Generated_Source\PSoC4/cyfitter_cfg.c **** 
 222:Generated_Source\PSoC4/cyfitter_cfg.c **** 
 223:Generated_Source\PSoC4/cyfitter_cfg.c **** 
 224:Generated_Source\PSoC4/cyfitter_cfg.c **** /*******************************************************************************
 225:Generated_Source\PSoC4/cyfitter_cfg.c **** * Function Name: cyfitter_cfg
 226:Generated_Source\PSoC4/cyfitter_cfg.c **** ********************************************************************************
 227:Generated_Source\PSoC4/cyfitter_cfg.c **** * Summary:
 228:Generated_Source\PSoC4/cyfitter_cfg.c **** *  This function is called by the start-up code for the selected device. It
 229:Generated_Source\PSoC4/cyfitter_cfg.c **** *  performs all of the necessary device configuration based on the design
 230:Generated_Source\PSoC4/cyfitter_cfg.c **** *  settings.  This includes settings from the Design Wide Resources (DWR) such
 231:Generated_Source\PSoC4/cyfitter_cfg.c **** *  as Clocks and Pins as well as any component configuration that is necessary.
 232:Generated_Source\PSoC4/cyfitter_cfg.c **** *
ARM GAS  C:\Users\HELLOK~1\AppData\Local\Temp\ccnE6CX2.s 			page 8


 233:Generated_Source\PSoC4/cyfitter_cfg.c **** * Parameters:
 234:Generated_Source\PSoC4/cyfitter_cfg.c **** *   void
 235:Generated_Source\PSoC4/cyfitter_cfg.c **** *
 236:Generated_Source\PSoC4/cyfitter_cfg.c **** * Return:
 237:Generated_Source\PSoC4/cyfitter_cfg.c **** *   void
 238:Generated_Source\PSoC4/cyfitter_cfg.c **** *
 239:Generated_Source\PSoC4/cyfitter_cfg.c **** *******************************************************************************/
 240:Generated_Source\PSoC4/cyfitter_cfg.c **** CY_CFG_SECTION
 241:Generated_Source\PSoC4/cyfitter_cfg.c **** void cyfitter_cfg(void)
 242:Generated_Source\PSoC4/cyfitter_cfg.c **** {
 155              		.loc 1 242 0
 156              		.cfi_startproc
 157              		@ args = 0, pretend = 0, frame = 0
 158              		@ frame_needed = 0, uses_anonymous_args = 0
 159 0054 10B5     		push	{r4, lr}
 160              		.cfi_def_cfa_offset 8
 161              		.cfi_offset 4, -8
 162              		.cfi_offset 14, -4
 243:Generated_Source\PSoC4/cyfitter_cfg.c **** 	/* Disable interrupts by default. Let user enable if/when they want. */
 244:Generated_Source\PSoC4/cyfitter_cfg.c **** 	CyGlobalIntDisable;
 163              		.loc 1 244 0
 164              		.syntax divided
 165              	@ 244 "Generated_Source\PSoC4\cyfitter_cfg.c" 1
 166 0056 72B6     		CPSID   i
 167              	@ 0 "" 2
 168              	.LVL6:
 169              		.thumb
 170              		.syntax unified
 171              	.LBB2:
 245:Generated_Source\PSoC4/cyfitter_cfg.c **** 
 246:Generated_Source\PSoC4/cyfitter_cfg.c **** 	{
 247:Generated_Source\PSoC4/cyfitter_cfg.c **** 
 248:Generated_Source\PSoC4/cyfitter_cfg.c **** 		CYPACKED typedef struct {
 249:Generated_Source\PSoC4/cyfitter_cfg.c **** 			void CYFAR *address;
 250:Generated_Source\PSoC4/cyfitter_cfg.c **** 			uint16 size;
 251:Generated_Source\PSoC4/cyfitter_cfg.c **** 		} CYPACKED_ATTR cfg_memset_t;
 252:Generated_Source\PSoC4/cyfitter_cfg.c **** 
 253:Generated_Source\PSoC4/cyfitter_cfg.c **** 		static const cfg_memset_t CYCODE cfg_memset_list[] = {
 254:Generated_Source\PSoC4/cyfitter_cfg.c **** 			/* address, size */
 255:Generated_Source\PSoC4/cyfitter_cfg.c **** 			{(void CYFAR *)(CYDEV_UDB_P0_U0_BASE), 1024u},
 256:Generated_Source\PSoC4/cyfitter_cfg.c **** 			{(void CYFAR *)(CYDEV_UDB_DSI0_BASE), 1024u},
 257:Generated_Source\PSoC4/cyfitter_cfg.c **** 		};
 258:Generated_Source\PSoC4/cyfitter_cfg.c **** 
 259:Generated_Source\PSoC4/cyfitter_cfg.c **** 		uint8 CYDATA i;
 260:Generated_Source\PSoC4/cyfitter_cfg.c **** 
 261:Generated_Source\PSoC4/cyfitter_cfg.c **** 		/* Zero out critical memory blocks before beginning configuration */
 262:Generated_Source\PSoC4/cyfitter_cfg.c **** 		for (i = 0u; i < (sizeof(cfg_memset_list)/sizeof(cfg_memset_list[0])); i++)
 172              		.loc 1 262 0
 173 0058 0024     		movs	r4, #0
 174 005a 0FE0     		b	.L9
 175              	.LVL7:
 176              	.L10:
 177              	.LBB3:
 263:Generated_Source\PSoC4/cyfitter_cfg.c **** 		{
 264:Generated_Source\PSoC4/cyfitter_cfg.c **** 			const cfg_memset_t CYCODE * CYDATA ms = &cfg_memset_list[i];
 265:Generated_Source\PSoC4/cyfitter_cfg.c **** 			CYMEMZERO(ms->address, (size_t)(uint32)(ms->size));
 178              		.loc 1 265 0 discriminator 3
ARM GAS  C:\Users\HELLOK~1\AppData\Local\Temp\ccnE6CX2.s 			page 9


 179 005c 1B48     		ldr	r0, .L11
 180 005e 6200     		lsls	r2, r4, #1
 181 0060 1319     		adds	r3, r2, r4
 182 0062 5900     		lsls	r1, r3, #1
 183 0064 0B00     		movs	r3, r1
 184 0066 4118     		adds	r1, r0, r1
 185 0068 8988     		ldrh	r1, [r1, #4]
 186 006a 1A5A     		ldrh	r2, [r3, r0]
 187 006c C318     		adds	r3, r0, r3
 188 006e 5888     		ldrh	r0, [r3, #2]
 189 0070 0004     		lsls	r0, r0, #16
 190 0072 1043     		orrs	r0, r2
 191 0074 FFF7FEFF 		bl	CYMEMZERO
 192              	.LVL8:
 193              	.LBE3:
 262:Generated_Source\PSoC4/cyfitter_cfg.c **** 		{
 194              		.loc 1 262 0 discriminator 3
 195 0078 0134     		adds	r4, r4, #1
 196              	.LVL9:
 197 007a E4B2     		uxtb	r4, r4
 198              	.LVL10:
 199              	.L9:
 262:Generated_Source\PSoC4/cyfitter_cfg.c **** 		{
 200              		.loc 1 262 0 is_stmt 0 discriminator 1
 201 007c 012C     		cmp	r4, #1
 202 007e EDD9     		bls	.L10
 266:Generated_Source\PSoC4/cyfitter_cfg.c **** 		}
 267:Generated_Source\PSoC4/cyfitter_cfg.c **** 
 268:Generated_Source\PSoC4/cyfitter_cfg.c **** 		/* HSIOM Starting address: CYDEV_HSIOM_BASE */
 269:Generated_Source\PSoC4/cyfitter_cfg.c **** 		CY_SET_REG32((void *)(CYREG_HSIOM_PORT_SEL3), 0x0000EE00u);
 203              		.loc 1 269 0 is_stmt 1
 204 0080 EE22     		movs	r2, #238
 205 0082 1202     		lsls	r2, r2, #8
 206 0084 124B     		ldr	r3, .L11+4
 207 0086 1A60     		str	r2, [r3]
 270:Generated_Source\PSoC4/cyfitter_cfg.c **** 
 271:Generated_Source\PSoC4/cyfitter_cfg.c **** 		/* UDB_PA_0 Starting address: CYDEV_UDB_PA0_BASE */
 272:Generated_Source\PSoC4/cyfitter_cfg.c **** 		CY_SET_REG32((void *)(CYDEV_UDB_PA0_BASE), 0x00990000u);
 208              		.loc 1 272 0
 209 0088 9923     		movs	r3, #153
 210 008a 1B04     		lsls	r3, r3, #16
 211 008c 114A     		ldr	r2, .L11+8
 212 008e 1360     		str	r3, [r2]
 273:Generated_Source\PSoC4/cyfitter_cfg.c **** 
 274:Generated_Source\PSoC4/cyfitter_cfg.c **** 		/* UDB_PA_2 Starting address: CYDEV_UDB_PA2_BASE */
 275:Generated_Source\PSoC4/cyfitter_cfg.c **** 		CY_SET_REG32((void *)(CYDEV_UDB_PA2_BASE), 0x00990000u);
 213              		.loc 1 275 0
 214 0090 114A     		ldr	r2, .L11+12
 215 0092 1360     		str	r3, [r2]
 276:Generated_Source\PSoC4/cyfitter_cfg.c **** 
 277:Generated_Source\PSoC4/cyfitter_cfg.c **** 		/* UDB_PA_3 Starting address: CYDEV_UDB_PA3_BASE */
 278:Generated_Source\PSoC4/cyfitter_cfg.c **** 		CY_SET_REG32((void *)(CYDEV_UDB_PA3_BASE), 0x00990000u);
 216              		.loc 1 278 0
 217 0094 114A     		ldr	r2, .L11+16
 218 0096 1360     		str	r3, [r2]
 279:Generated_Source\PSoC4/cyfitter_cfg.c **** 
 280:Generated_Source\PSoC4/cyfitter_cfg.c **** 		/* Enable digital routing */
ARM GAS  C:\Users\HELLOK~1\AppData\Local\Temp\ccnE6CX2.s 			page 10


 281:Generated_Source\PSoC4/cyfitter_cfg.c **** 		CY_SET_XTND_REG8((void *)CYREG_UDB_UDBIF_BANK_CTL, (uint8)(CY_GET_XTND_REG8((void *)CYREG_UDB_UDB
 219              		.loc 1 281 0
 220 0098 114A     		ldr	r2, .L11+20
 221 009a 1178     		ldrb	r1, [r2]
 222 009c 0623     		movs	r3, #6
 223 009e 0B43     		orrs	r3, r1
 224 00a0 DBB2     		uxtb	r3, r3
 225 00a2 1370     		strb	r3, [r2]
 226              	.LBE2:
 282:Generated_Source\PSoC4/cyfitter_cfg.c **** 	}
 283:Generated_Source\PSoC4/cyfitter_cfg.c **** 
 284:Generated_Source\PSoC4/cyfitter_cfg.c **** 	/* Perform second pass device configuration. These items must be configured in specific order afte
 285:Generated_Source\PSoC4/cyfitter_cfg.c **** 	/* IOPINS0_0 Starting address: CYDEV_GPIO_PRT0_BASE */
 286:Generated_Source\PSoC4/cyfitter_cfg.c **** 	CY_SET_REG32((void *)(CYREG_GPIO_PRT0_PC), 0x00180000u);
 227              		.loc 1 286 0
 228 00a4 C023     		movs	r3, #192
 229 00a6 5B03     		lsls	r3, r3, #13
 230 00a8 0E4A     		ldr	r2, .L11+24
 231 00aa 1360     		str	r3, [r2]
 287:Generated_Source\PSoC4/cyfitter_cfg.c **** 
 288:Generated_Source\PSoC4/cyfitter_cfg.c **** 	/* IOPINS0_2 Starting address: CYDEV_GPIO_PRT2_BASE */
 289:Generated_Source\PSoC4/cyfitter_cfg.c **** 	CY_SET_REG32((void *)(CYREG_GPIO_PRT2_PC), 0x00180000u);
 232              		.loc 1 289 0
 233 00ac 0E4A     		ldr	r2, .L11+28
 234 00ae 1360     		str	r3, [r2]
 290:Generated_Source\PSoC4/cyfitter_cfg.c **** 
 291:Generated_Source\PSoC4/cyfitter_cfg.c **** 	/* IOPINS0_3 Starting address: CYDEV_GPIO_PRT3_BASE */
 292:Generated_Source\PSoC4/cyfitter_cfg.c **** 	CY_SET_REG32((void *)(CYREG_GPIO_PRT3_PC), 0x00000D80u);
 235              		.loc 1 292 0
 236 00b0 D822     		movs	r2, #216
 237 00b2 1201     		lsls	r2, r2, #4
 238 00b4 0D4B     		ldr	r3, .L11+32
 239 00b6 1A60     		str	r2, [r3]
 293:Generated_Source\PSoC4/cyfitter_cfg.c **** 
 294:Generated_Source\PSoC4/cyfitter_cfg.c **** 	/* IOPINS0_6 Starting address: CYDEV_GPIO_PRT6_BASE */
 295:Generated_Source\PSoC4/cyfitter_cfg.c **** 	CY_SET_REG32((void *)(CYREG_GPIO_PRT6_PC), 0x00030000u);
 240              		.loc 1 295 0
 241 00b8 C022     		movs	r2, #192
 242 00ba 9202     		lsls	r2, r2, #10
 243 00bc 0C4B     		ldr	r3, .L11+36
 244 00be 1A60     		str	r2, [r3]
 296:Generated_Source\PSoC4/cyfitter_cfg.c **** 
 297:Generated_Source\PSoC4/cyfitter_cfg.c **** 
 298:Generated_Source\PSoC4/cyfitter_cfg.c **** 	/* Setup clocks based on selections from Clock DWR */
 299:Generated_Source\PSoC4/cyfitter_cfg.c **** 	ClockSetup();
 245              		.loc 1 299 0
 246 00c0 FFF79EFF 		bl	ClockSetup
 247              	.LVL11:
 300:Generated_Source\PSoC4/cyfitter_cfg.c **** 
 301:Generated_Source\PSoC4/cyfitter_cfg.c **** 	/* Perform basic analog initialization to defaults */
 302:Generated_Source\PSoC4/cyfitter_cfg.c **** 	AnalogSetDefault();
 248              		.loc 1 302 0
 249 00c4 FFF7FEFF 		bl	AnalogSetDefault
 250              	.LVL12:
 303:Generated_Source\PSoC4/cyfitter_cfg.c **** 
 304:Generated_Source\PSoC4/cyfitter_cfg.c **** }
 251              		.loc 1 304 0
ARM GAS  C:\Users\HELLOK~1\AppData\Local\Temp\ccnE6CX2.s 			page 11


 252              		@ sp needed
 253              	.LVL13:
 254 00c8 10BD     		pop	{r4, pc}
 255              	.L12:
 256 00ca C046     		.align	2
 257              	.L11:
 258 00cc 00000000 		.word	.LANCHOR0
 259 00d0 00030240 		.word	1073873664
 260 00d4 00500F40 		.word	1074745344
 261 00d8 20500F40 		.word	1074745376
 262 00dc 30500F40 		.word	1074745392
 263 00e0 00700F40 		.word	1074753536
 264 00e4 08000440 		.word	1074003976
 265 00e8 08020440 		.word	1074004488
 266 00ec 08030440 		.word	1074004744
 267 00f0 08060440 		.word	1074005512
 268              		.cfi_endproc
 269              	.LFE6:
 270              		.size	cyfitter_cfg, .-cyfitter_cfg
 271              		.section	.rodata
 272              		.align	2
 273              		.set	.LANCHOR0,. + 0
 274              		.type	cfg_memset_list.4888, %object
 275              		.size	cfg_memset_list.4888, 12
 276              	cfg_memset_list.4888:
 277 0000 00300F40 		.word	1074737152
 278 0004 0004     		.short	1024
 279 0006 00400F40 		.4byte	1074741248
 280 000a 0004     		.short	1024
 281              		.text
 282              	.Letext0:
 283              		.file 2 "c:\\program files (x86)\\cypress\\psoc creator\\4.2\\psoc creator\\import\\gnu\\arm\\5.4.
 284              		.file 3 "Generated_Source\\PSoC4\\cytypes.h"
 285              		.file 4 "Generated_Source\\PSoC4\\CyLib.h"
 286              		.section	.debug_info,"",%progbits
 287              	.Ldebug_info0:
 288 0000 8F020000 		.4byte	0x28f
 289 0004 0400     		.2byte	0x4
 290 0006 00000000 		.4byte	.Ldebug_abbrev0
 291 000a 04       		.byte	0x4
 292 000b 01       		.uleb128 0x1
 293 000c FC000000 		.4byte	.LASF29
 294 0010 0C       		.byte	0xc
 295 0011 45020000 		.4byte	.LASF30
 296 0015 AE010000 		.4byte	.LASF31
 297 0019 00000000 		.4byte	.Ldebug_ranges0+0
 298 001d 00000000 		.4byte	0
 299 0021 00000000 		.4byte	.Ldebug_line0
 300 0025 02       		.uleb128 0x2
 301 0026 04       		.byte	0x4
 302 0027 05       		.byte	0x5
 303 0028 696E7400 		.ascii	"int\000"
 304 002c 03       		.uleb128 0x3
 305 002d 06000000 		.4byte	.LASF12
 306 0031 02       		.byte	0x2
 307 0032 D8       		.byte	0xd8
 308 0033 37000000 		.4byte	0x37
ARM GAS  C:\Users\HELLOK~1\AppData\Local\Temp\ccnE6CX2.s 			page 12


 309 0037 04       		.uleb128 0x4
 310 0038 04       		.byte	0x4
 311 0039 07       		.byte	0x7
 312 003a C3000000 		.4byte	.LASF0
 313 003e 04       		.uleb128 0x4
 314 003f 08       		.byte	0x8
 315 0040 05       		.byte	0x5
 316 0041 A0010000 		.4byte	.LASF1
 317 0045 04       		.uleb128 0x4
 318 0046 08       		.byte	0x8
 319 0047 04       		.byte	0x4
 320 0048 2D020000 		.4byte	.LASF2
 321 004c 04       		.uleb128 0x4
 322 004d 01       		.byte	0x1
 323 004e 06       		.byte	0x6
 324 004f 39020000 		.4byte	.LASF3
 325 0053 04       		.uleb128 0x4
 326 0054 01       		.byte	0x1
 327 0055 08       		.byte	0x8
 328 0056 8D000000 		.4byte	.LASF4
 329 005a 04       		.uleb128 0x4
 330 005b 02       		.byte	0x2
 331 005c 05       		.byte	0x5
 332 005d 00020000 		.4byte	.LASF5
 333 0061 04       		.uleb128 0x4
 334 0062 02       		.byte	0x2
 335 0063 07       		.byte	0x7
 336 0064 48000000 		.4byte	.LASF6
 337 0068 04       		.uleb128 0x4
 338 0069 04       		.byte	0x4
 339 006a 05       		.byte	0x5
 340 006b 1F020000 		.4byte	.LASF7
 341 006f 04       		.uleb128 0x4
 342 0070 04       		.byte	0x4
 343 0071 07       		.byte	0x7
 344 0072 6B000000 		.4byte	.LASF8
 345 0076 04       		.uleb128 0x4
 346 0077 08       		.byte	0x8
 347 0078 07       		.byte	0x7
 348 0079 E5000000 		.4byte	.LASF9
 349 007d 04       		.uleb128 0x4
 350 007e 04       		.byte	0x4
 351 007f 07       		.byte	0x7
 352 0080 97010000 		.4byte	.LASF10
 353 0084 05       		.uleb128 0x5
 354 0085 04       		.byte	0x4
 355 0086 04       		.uleb128 0x4
 356 0087 01       		.byte	0x1
 357 0088 08       		.byte	0x8
 358 0089 28020000 		.4byte	.LASF11
 359 008d 06       		.uleb128 0x6
 360 008e 7D000000 		.4byte	.LASF13
 361 0092 03       		.byte	0x3
 362 0093 E401     		.2byte	0x1e4
 363 0095 53000000 		.4byte	0x53
 364 0099 06       		.uleb128 0x6
 365 009a B5000000 		.4byte	.LASF14
ARM GAS  C:\Users\HELLOK~1\AppData\Local\Temp\ccnE6CX2.s 			page 13


 366 009e 03       		.byte	0x3
 367 009f E501     		.2byte	0x1e5
 368 00a1 61000000 		.4byte	0x61
 369 00a5 06       		.uleb128 0x6
 370 00a6 BC000000 		.4byte	.LASF15
 371 00aa 03       		.byte	0x3
 372 00ab E601     		.2byte	0x1e6
 373 00ad 6F000000 		.4byte	0x6f
 374 00b1 04       		.uleb128 0x4
 375 00b2 04       		.byte	0x4
 376 00b3 04       		.byte	0x4
 377 00b4 5B000000 		.4byte	.LASF16
 378 00b8 04       		.uleb128 0x4
 379 00b9 08       		.byte	0x8
 380 00ba 04       		.byte	0x4
 381 00bb A2000000 		.4byte	.LASF17
 382 00bf 06       		.uleb128 0x6
 383 00c0 66000000 		.4byte	.LASF18
 384 00c4 03       		.byte	0x3
 385 00c5 8E02     		.2byte	0x28e
 386 00c7 CB000000 		.4byte	0xcb
 387 00cb 07       		.uleb128 0x7
 388 00cc 8D000000 		.4byte	0x8d
 389 00d0 06       		.uleb128 0x6
 390 00d1 00000000 		.4byte	.LASF19
 391 00d5 03       		.byte	0x3
 392 00d6 9002     		.2byte	0x290
 393 00d8 DC000000 		.4byte	0xdc
 394 00dc 07       		.uleb128 0x7
 395 00dd A5000000 		.4byte	0xa5
 396 00e1 08       		.uleb128 0x8
 397 00e2 0D000000 		.4byte	.LASF32
 398 00e6 01       		.byte	0x1
 399 00e7 D6       		.byte	0xd6
 400 00e8 00000000 		.4byte	.LFB5
 401 00ec 20000000 		.4byte	.LFE5-.LFB5
 402 00f0 01       		.uleb128 0x1
 403 00f1 9C       		.byte	0x9c
 404 00f2 09       		.uleb128 0x9
 405 00f3 83000000 		.4byte	.LASF20
 406 00f7 01       		.byte	0x1
 407 00f8 4C       		.byte	0x4c
 408 00f9 00000000 		.4byte	.LFB1
 409 00fd 0C000000 		.4byte	.LFE1-.LFB1
 410 0101 01       		.uleb128 0x1
 411 0102 9C       		.byte	0x9c
 412 0103 3F010000 		.4byte	0x13f
 413 0107 0A       		.uleb128 0xa
 414 0108 7300     		.ascii	"s\000"
 415 010a 01       		.byte	0x1
 416 010b 4C       		.byte	0x4c
 417 010c 84000000 		.4byte	0x84
 418 0110 00000000 		.4byte	.LLST0
 419 0114 0A       		.uleb128 0xa
 420 0115 6E00     		.ascii	"n\000"
 421 0117 01       		.byte	0x1
 422 0118 4C       		.byte	0x4c
ARM GAS  C:\Users\HELLOK~1\AppData\Local\Temp\ccnE6CX2.s 			page 14


 423 0119 2C000000 		.4byte	0x2c
 424 011d 21000000 		.4byte	.LLST1
 425 0121 0B       		.uleb128 0xb
 426 0122 0A000000 		.4byte	.LVL2
 427 0126 68020000 		.4byte	0x268
 428 012a 0C       		.uleb128 0xc
 429 012b 01       		.uleb128 0x1
 430 012c 50       		.byte	0x50
 431 012d 03       		.uleb128 0x3
 432 012e F3       		.byte	0xf3
 433 012f 01       		.uleb128 0x1
 434 0130 50       		.byte	0x50
 435 0131 0C       		.uleb128 0xc
 436 0132 01       		.uleb128 0x1
 437 0133 51       		.byte	0x51
 438 0134 01       		.uleb128 0x1
 439 0135 30       		.byte	0x30
 440 0136 0C       		.uleb128 0xc
 441 0137 01       		.uleb128 0x1
 442 0138 52       		.byte	0x52
 443 0139 03       		.uleb128 0x3
 444 013a F3       		.byte	0xf3
 445 013b 01       		.uleb128 0x1
 446 013c 51       		.byte	0x51
 447 013d 00       		.byte	0
 448 013e 00       		.byte	0
 449 013f 09       		.uleb128 0x9
 450 0140 3D000000 		.4byte	.LASF21
 451 0144 01       		.byte	0x1
 452 0145 AA       		.byte	0xaa
 453 0146 00000000 		.4byte	.LFB4
 454 014a 54000000 		.4byte	.LFE4-.LFB4
 455 014e 01       		.uleb128 0x1
 456 014f 9C       		.byte	0x9c
 457 0150 8B010000 		.4byte	0x18b
 458 0154 0D       		.uleb128 0xd
 459 0155 0E000000 		.4byte	.LVL3
 460 0159 71020000 		.4byte	0x271
 461 015d 68010000 		.4byte	0x168
 462 0161 0C       		.uleb128 0xc
 463 0162 01       		.uleb128 0x1
 464 0163 50       		.byte	0x50
 465 0164 02       		.uleb128 0x2
 466 0165 08       		.byte	0x8
 467 0166 30       		.byte	0x30
 468 0167 00       		.byte	0
 469 0168 0D       		.uleb128 0xd
 470 0169 2A000000 		.4byte	.LVL4
 471 016d 7C020000 		.4byte	0x27c
 472 0171 7B010000 		.4byte	0x17b
 473 0175 0C       		.uleb128 0xc
 474 0176 01       		.uleb128 0x1
 475 0177 50       		.byte	0x50
 476 0178 01       		.uleb128 0x1
 477 0179 37       		.byte	0x37
 478 017a 00       		.byte	0
 479 017b 0B       		.uleb128 0xb
ARM GAS  C:\Users\HELLOK~1\AppData\Local\Temp\ccnE6CX2.s 			page 15


 480 017c 30000000 		.4byte	.LVL5
 481 0180 87020000 		.4byte	0x287
 482 0184 0C       		.uleb128 0xc
 483 0185 01       		.uleb128 0x1
 484 0186 50       		.byte	0x50
 485 0187 01       		.uleb128 0x1
 486 0188 37       		.byte	0x37
 487 0189 00       		.byte	0
 488 018a 00       		.byte	0
 489 018b 0E       		.uleb128 0xe
 490 018c D0000000 		.4byte	.LASF33
 491 0190 01       		.byte	0x1
 492 0191 F1       		.byte	0xf1
 493 0192 54000000 		.4byte	.LFB6
 494 0196 A0000000 		.4byte	.LFE6-.LFB6
 495 019a 01       		.uleb128 0x1
 496 019b 9C       		.byte	0x9c
 497 019c 68020000 		.4byte	0x268
 498 01a0 0F       		.uleb128 0xf
 499 01a1 58000000 		.4byte	.LBB2
 500 01a5 4C000000 		.4byte	.LBE2-.LBB2
 501 01a9 55020000 		.4byte	0x255
 502 01ad 10       		.uleb128 0x10
 503 01ae 06       		.byte	0x6
 504 01af 01       		.byte	0x1
 505 01b0 F8       		.byte	0xf8
 506 01b1 CE010000 		.4byte	0x1ce
 507 01b5 11       		.uleb128 0x11
 508 01b6 DD000000 		.4byte	.LASF22
 509 01ba 01       		.byte	0x1
 510 01bb F9       		.byte	0xf9
 511 01bc 84000000 		.4byte	0x84
 512 01c0 00       		.byte	0
 513 01c1 11       		.uleb128 0x11
 514 01c2 61000000 		.4byte	.LASF23
 515 01c6 01       		.byte	0x1
 516 01c7 FA       		.byte	0xfa
 517 01c8 99000000 		.4byte	0x99
 518 01cc 04       		.byte	0x4
 519 01cd 00       		.byte	0
 520 01ce 03       		.uleb128 0x3
 521 01cf 8A010000 		.4byte	.LASF24
 522 01d3 01       		.byte	0x1
 523 01d4 FB       		.byte	0xfb
 524 01d5 AD010000 		.4byte	0x1ad
 525 01d9 12       		.uleb128 0x12
 526 01da E9010000 		.4byte	0x1e9
 527 01de E9010000 		.4byte	0x1e9
 528 01e2 13       		.uleb128 0x13
 529 01e3 7D000000 		.4byte	0x7d
 530 01e7 01       		.byte	0x1
 531 01e8 00       		.byte	0
 532 01e9 14       		.uleb128 0x14
 533 01ea CE010000 		.4byte	0x1ce
 534 01ee 15       		.uleb128 0x15
 535 01ef 2D000000 		.4byte	.LASF25
 536 01f3 01       		.byte	0x1
ARM GAS  C:\Users\HELLOK~1\AppData\Local\Temp\ccnE6CX2.s 			page 16


 537 01f4 FD       		.byte	0xfd
 538 01f5 FF010000 		.4byte	0x1ff
 539 01f9 05       		.uleb128 0x5
 540 01fa 03       		.byte	0x3
 541 01fb 00000000 		.4byte	cfg_memset_list.4888
 542 01ff 14       		.uleb128 0x14
 543 0200 D9010000 		.4byte	0x1d9
 544 0204 16       		.uleb128 0x16
 545 0205 6900     		.ascii	"i\000"
 546 0207 01       		.byte	0x1
 547 0208 0301     		.2byte	0x103
 548 020a 8D000000 		.4byte	0x8d
 549 020e 4D000000 		.4byte	.LLST2
 550 0212 17       		.uleb128 0x17
 551 0213 5C000000 		.4byte	.LBB3
 552 0217 1C000000 		.4byte	.LBE3-.LBB3
 553 021b 16       		.uleb128 0x16
 554 021c 6D7300   		.ascii	"ms\000"
 555 021f 01       		.byte	0x1
 556 0220 0801     		.2byte	0x108
 557 0222 2A020000 		.4byte	0x22a
 558 0226 77000000 		.4byte	.LLST3
 559 022a 18       		.uleb128 0x18
 560 022b 04       		.byte	0x4
 561 022c E9010000 		.4byte	0x1e9
 562 0230 0B       		.uleb128 0xb
 563 0231 78000000 		.4byte	.LVL8
 564 0235 F2000000 		.4byte	0xf2
 565 0239 0C       		.uleb128 0xc
 566 023a 01       		.uleb128 0x1
 567 023b 51       		.byte	0x51
 568 023c 15       		.uleb128 0x15
 569 023d 74       		.byte	0x74
 570 023e 00       		.sleb128 0
 571 023f 31       		.byte	0x31
 572 0240 24       		.byte	0x24
 573 0241 74       		.byte	0x74
 574 0242 00       		.sleb128 0
 575 0243 22       		.byte	0x22
 576 0244 31       		.byte	0x31
 577 0245 24       		.byte	0x24
 578 0246 03       		.byte	0x3
 579 0247 04000000 		.4byte	.LANCHOR0+4
 580 024b 22       		.byte	0x22
 581 024c 94       		.byte	0x94
 582 024d 02       		.byte	0x2
 583 024e 0A       		.byte	0xa
 584 024f FFFF     		.2byte	0xffff
 585 0251 1A       		.byte	0x1a
 586 0252 00       		.byte	0
 587 0253 00       		.byte	0
 588 0254 00       		.byte	0
 589 0255 19       		.uleb128 0x19
 590 0256 C4000000 		.4byte	.LVL11
 591 025a 3F010000 		.4byte	0x13f
 592 025e 19       		.uleb128 0x19
 593 025f C8000000 		.4byte	.LVL12
ARM GAS  C:\Users\HELLOK~1\AppData\Local\Temp\ccnE6CX2.s 			page 17


 594 0263 E1000000 		.4byte	0xe1
 595 0267 00       		.byte	0
 596 0268 1A       		.uleb128 0x1a
 597 0269 9B000000 		.4byte	.LASF34
 598 026d 9B000000 		.4byte	.LASF34
 599 0271 1B       		.uleb128 0x1b
 600 0272 0A020000 		.4byte	.LASF26
 601 0276 0A020000 		.4byte	.LASF26
 602 027a 04       		.byte	0x4
 603 027b 6C       		.byte	0x6c
 604 027c 1B       		.uleb128 0x1b
 605 027d 1E000000 		.4byte	.LASF27
 606 0281 1E000000 		.4byte	.LASF27
 607 0285 04       		.byte	0x4
 608 0286 BD       		.byte	0xbd
 609 0287 1B       		.uleb128 0x1b
 610 0288 A9000000 		.4byte	.LASF28
 611 028c A9000000 		.4byte	.LASF28
 612 0290 04       		.byte	0x4
 613 0291 C3       		.byte	0xc3
 614 0292 00       		.byte	0
 615              		.section	.debug_abbrev,"",%progbits
 616              	.Ldebug_abbrev0:
 617 0000 01       		.uleb128 0x1
 618 0001 11       		.uleb128 0x11
 619 0002 01       		.byte	0x1
 620 0003 25       		.uleb128 0x25
 621 0004 0E       		.uleb128 0xe
 622 0005 13       		.uleb128 0x13
 623 0006 0B       		.uleb128 0xb
 624 0007 03       		.uleb128 0x3
 625 0008 0E       		.uleb128 0xe
 626 0009 1B       		.uleb128 0x1b
 627 000a 0E       		.uleb128 0xe
 628 000b 55       		.uleb128 0x55
 629 000c 17       		.uleb128 0x17
 630 000d 11       		.uleb128 0x11
 631 000e 01       		.uleb128 0x1
 632 000f 10       		.uleb128 0x10
 633 0010 17       		.uleb128 0x17
 634 0011 00       		.byte	0
 635 0012 00       		.byte	0
 636 0013 02       		.uleb128 0x2
 637 0014 24       		.uleb128 0x24
 638 0015 00       		.byte	0
 639 0016 0B       		.uleb128 0xb
 640 0017 0B       		.uleb128 0xb
 641 0018 3E       		.uleb128 0x3e
 642 0019 0B       		.uleb128 0xb
 643 001a 03       		.uleb128 0x3
 644 001b 08       		.uleb128 0x8
 645 001c 00       		.byte	0
 646 001d 00       		.byte	0
 647 001e 03       		.uleb128 0x3
 648 001f 16       		.uleb128 0x16
 649 0020 00       		.byte	0
 650 0021 03       		.uleb128 0x3
ARM GAS  C:\Users\HELLOK~1\AppData\Local\Temp\ccnE6CX2.s 			page 18


 651 0022 0E       		.uleb128 0xe
 652 0023 3A       		.uleb128 0x3a
 653 0024 0B       		.uleb128 0xb
 654 0025 3B       		.uleb128 0x3b
 655 0026 0B       		.uleb128 0xb
 656 0027 49       		.uleb128 0x49
 657 0028 13       		.uleb128 0x13
 658 0029 00       		.byte	0
 659 002a 00       		.byte	0
 660 002b 04       		.uleb128 0x4
 661 002c 24       		.uleb128 0x24
 662 002d 00       		.byte	0
 663 002e 0B       		.uleb128 0xb
 664 002f 0B       		.uleb128 0xb
 665 0030 3E       		.uleb128 0x3e
 666 0031 0B       		.uleb128 0xb
 667 0032 03       		.uleb128 0x3
 668 0033 0E       		.uleb128 0xe
 669 0034 00       		.byte	0
 670 0035 00       		.byte	0
 671 0036 05       		.uleb128 0x5
 672 0037 0F       		.uleb128 0xf
 673 0038 00       		.byte	0
 674 0039 0B       		.uleb128 0xb
 675 003a 0B       		.uleb128 0xb
 676 003b 00       		.byte	0
 677 003c 00       		.byte	0
 678 003d 06       		.uleb128 0x6
 679 003e 16       		.uleb128 0x16
 680 003f 00       		.byte	0
 681 0040 03       		.uleb128 0x3
 682 0041 0E       		.uleb128 0xe
 683 0042 3A       		.uleb128 0x3a
 684 0043 0B       		.uleb128 0xb
 685 0044 3B       		.uleb128 0x3b
 686 0045 05       		.uleb128 0x5
 687 0046 49       		.uleb128 0x49
 688 0047 13       		.uleb128 0x13
 689 0048 00       		.byte	0
 690 0049 00       		.byte	0
 691 004a 07       		.uleb128 0x7
 692 004b 35       		.uleb128 0x35
 693 004c 00       		.byte	0
 694 004d 49       		.uleb128 0x49
 695 004e 13       		.uleb128 0x13
 696 004f 00       		.byte	0
 697 0050 00       		.byte	0
 698 0051 08       		.uleb128 0x8
 699 0052 2E       		.uleb128 0x2e
 700 0053 00       		.byte	0
 701 0054 03       		.uleb128 0x3
 702 0055 0E       		.uleb128 0xe
 703 0056 3A       		.uleb128 0x3a
 704 0057 0B       		.uleb128 0xb
 705 0058 3B       		.uleb128 0x3b
 706 0059 0B       		.uleb128 0xb
 707 005a 27       		.uleb128 0x27
ARM GAS  C:\Users\HELLOK~1\AppData\Local\Temp\ccnE6CX2.s 			page 19


 708 005b 19       		.uleb128 0x19
 709 005c 11       		.uleb128 0x11
 710 005d 01       		.uleb128 0x1
 711 005e 12       		.uleb128 0x12
 712 005f 06       		.uleb128 0x6
 713 0060 40       		.uleb128 0x40
 714 0061 18       		.uleb128 0x18
 715 0062 9742     		.uleb128 0x2117
 716 0064 19       		.uleb128 0x19
 717 0065 00       		.byte	0
 718 0066 00       		.byte	0
 719 0067 09       		.uleb128 0x9
 720 0068 2E       		.uleb128 0x2e
 721 0069 01       		.byte	0x1
 722 006a 03       		.uleb128 0x3
 723 006b 0E       		.uleb128 0xe
 724 006c 3A       		.uleb128 0x3a
 725 006d 0B       		.uleb128 0xb
 726 006e 3B       		.uleb128 0x3b
 727 006f 0B       		.uleb128 0xb
 728 0070 27       		.uleb128 0x27
 729 0071 19       		.uleb128 0x19
 730 0072 11       		.uleb128 0x11
 731 0073 01       		.uleb128 0x1
 732 0074 12       		.uleb128 0x12
 733 0075 06       		.uleb128 0x6
 734 0076 40       		.uleb128 0x40
 735 0077 18       		.uleb128 0x18
 736 0078 9742     		.uleb128 0x2117
 737 007a 19       		.uleb128 0x19
 738 007b 01       		.uleb128 0x1
 739 007c 13       		.uleb128 0x13
 740 007d 00       		.byte	0
 741 007e 00       		.byte	0
 742 007f 0A       		.uleb128 0xa
 743 0080 05       		.uleb128 0x5
 744 0081 00       		.byte	0
 745 0082 03       		.uleb128 0x3
 746 0083 08       		.uleb128 0x8
 747 0084 3A       		.uleb128 0x3a
 748 0085 0B       		.uleb128 0xb
 749 0086 3B       		.uleb128 0x3b
 750 0087 0B       		.uleb128 0xb
 751 0088 49       		.uleb128 0x49
 752 0089 13       		.uleb128 0x13
 753 008a 02       		.uleb128 0x2
 754 008b 17       		.uleb128 0x17
 755 008c 00       		.byte	0
 756 008d 00       		.byte	0
 757 008e 0B       		.uleb128 0xb
 758 008f 898201   		.uleb128 0x4109
 759 0092 01       		.byte	0x1
 760 0093 11       		.uleb128 0x11
 761 0094 01       		.uleb128 0x1
 762 0095 31       		.uleb128 0x31
 763 0096 13       		.uleb128 0x13
 764 0097 00       		.byte	0
ARM GAS  C:\Users\HELLOK~1\AppData\Local\Temp\ccnE6CX2.s 			page 20


 765 0098 00       		.byte	0
 766 0099 0C       		.uleb128 0xc
 767 009a 8A8201   		.uleb128 0x410a
 768 009d 00       		.byte	0
 769 009e 02       		.uleb128 0x2
 770 009f 18       		.uleb128 0x18
 771 00a0 9142     		.uleb128 0x2111
 772 00a2 18       		.uleb128 0x18
 773 00a3 00       		.byte	0
 774 00a4 00       		.byte	0
 775 00a5 0D       		.uleb128 0xd
 776 00a6 898201   		.uleb128 0x4109
 777 00a9 01       		.byte	0x1
 778 00aa 11       		.uleb128 0x11
 779 00ab 01       		.uleb128 0x1
 780 00ac 31       		.uleb128 0x31
 781 00ad 13       		.uleb128 0x13
 782 00ae 01       		.uleb128 0x1
 783 00af 13       		.uleb128 0x13
 784 00b0 00       		.byte	0
 785 00b1 00       		.byte	0
 786 00b2 0E       		.uleb128 0xe
 787 00b3 2E       		.uleb128 0x2e
 788 00b4 01       		.byte	0x1
 789 00b5 3F       		.uleb128 0x3f
 790 00b6 19       		.uleb128 0x19
 791 00b7 03       		.uleb128 0x3
 792 00b8 0E       		.uleb128 0xe
 793 00b9 3A       		.uleb128 0x3a
 794 00ba 0B       		.uleb128 0xb
 795 00bb 3B       		.uleb128 0x3b
 796 00bc 0B       		.uleb128 0xb
 797 00bd 27       		.uleb128 0x27
 798 00be 19       		.uleb128 0x19
 799 00bf 11       		.uleb128 0x11
 800 00c0 01       		.uleb128 0x1
 801 00c1 12       		.uleb128 0x12
 802 00c2 06       		.uleb128 0x6
 803 00c3 40       		.uleb128 0x40
 804 00c4 18       		.uleb128 0x18
 805 00c5 9742     		.uleb128 0x2117
 806 00c7 19       		.uleb128 0x19
 807 00c8 01       		.uleb128 0x1
 808 00c9 13       		.uleb128 0x13
 809 00ca 00       		.byte	0
 810 00cb 00       		.byte	0
 811 00cc 0F       		.uleb128 0xf
 812 00cd 0B       		.uleb128 0xb
 813 00ce 01       		.byte	0x1
 814 00cf 11       		.uleb128 0x11
 815 00d0 01       		.uleb128 0x1
 816 00d1 12       		.uleb128 0x12
 817 00d2 06       		.uleb128 0x6
 818 00d3 01       		.uleb128 0x1
 819 00d4 13       		.uleb128 0x13
 820 00d5 00       		.byte	0
 821 00d6 00       		.byte	0
ARM GAS  C:\Users\HELLOK~1\AppData\Local\Temp\ccnE6CX2.s 			page 21


 822 00d7 10       		.uleb128 0x10
 823 00d8 13       		.uleb128 0x13
 824 00d9 01       		.byte	0x1
 825 00da 0B       		.uleb128 0xb
 826 00db 0B       		.uleb128 0xb
 827 00dc 3A       		.uleb128 0x3a
 828 00dd 0B       		.uleb128 0xb
 829 00de 3B       		.uleb128 0x3b
 830 00df 0B       		.uleb128 0xb
 831 00e0 01       		.uleb128 0x1
 832 00e1 13       		.uleb128 0x13
 833 00e2 00       		.byte	0
 834 00e3 00       		.byte	0
 835 00e4 11       		.uleb128 0x11
 836 00e5 0D       		.uleb128 0xd
 837 00e6 00       		.byte	0
 838 00e7 03       		.uleb128 0x3
 839 00e8 0E       		.uleb128 0xe
 840 00e9 3A       		.uleb128 0x3a
 841 00ea 0B       		.uleb128 0xb
 842 00eb 3B       		.uleb128 0x3b
 843 00ec 0B       		.uleb128 0xb
 844 00ed 49       		.uleb128 0x49
 845 00ee 13       		.uleb128 0x13
 846 00ef 38       		.uleb128 0x38
 847 00f0 0B       		.uleb128 0xb
 848 00f1 00       		.byte	0
 849 00f2 00       		.byte	0
 850 00f3 12       		.uleb128 0x12
 851 00f4 01       		.uleb128 0x1
 852 00f5 01       		.byte	0x1
 853 00f6 49       		.uleb128 0x49
 854 00f7 13       		.uleb128 0x13
 855 00f8 01       		.uleb128 0x1
 856 00f9 13       		.uleb128 0x13
 857 00fa 00       		.byte	0
 858 00fb 00       		.byte	0
 859 00fc 13       		.uleb128 0x13
 860 00fd 21       		.uleb128 0x21
 861 00fe 00       		.byte	0
 862 00ff 49       		.uleb128 0x49
 863 0100 13       		.uleb128 0x13
 864 0101 2F       		.uleb128 0x2f
 865 0102 0B       		.uleb128 0xb
 866 0103 00       		.byte	0
 867 0104 00       		.byte	0
 868 0105 14       		.uleb128 0x14
 869 0106 26       		.uleb128 0x26
 870 0107 00       		.byte	0
 871 0108 49       		.uleb128 0x49
 872 0109 13       		.uleb128 0x13
 873 010a 00       		.byte	0
 874 010b 00       		.byte	0
 875 010c 15       		.uleb128 0x15
 876 010d 34       		.uleb128 0x34
 877 010e 00       		.byte	0
 878 010f 03       		.uleb128 0x3
ARM GAS  C:\Users\HELLOK~1\AppData\Local\Temp\ccnE6CX2.s 			page 22


 879 0110 0E       		.uleb128 0xe
 880 0111 3A       		.uleb128 0x3a
 881 0112 0B       		.uleb128 0xb
 882 0113 3B       		.uleb128 0x3b
 883 0114 0B       		.uleb128 0xb
 884 0115 49       		.uleb128 0x49
 885 0116 13       		.uleb128 0x13
 886 0117 02       		.uleb128 0x2
 887 0118 18       		.uleb128 0x18
 888 0119 00       		.byte	0
 889 011a 00       		.byte	0
 890 011b 16       		.uleb128 0x16
 891 011c 34       		.uleb128 0x34
 892 011d 00       		.byte	0
 893 011e 03       		.uleb128 0x3
 894 011f 08       		.uleb128 0x8
 895 0120 3A       		.uleb128 0x3a
 896 0121 0B       		.uleb128 0xb
 897 0122 3B       		.uleb128 0x3b
 898 0123 05       		.uleb128 0x5
 899 0124 49       		.uleb128 0x49
 900 0125 13       		.uleb128 0x13
 901 0126 02       		.uleb128 0x2
 902 0127 17       		.uleb128 0x17
 903 0128 00       		.byte	0
 904 0129 00       		.byte	0
 905 012a 17       		.uleb128 0x17
 906 012b 0B       		.uleb128 0xb
 907 012c 01       		.byte	0x1
 908 012d 11       		.uleb128 0x11
 909 012e 01       		.uleb128 0x1
 910 012f 12       		.uleb128 0x12
 911 0130 06       		.uleb128 0x6
 912 0131 00       		.byte	0
 913 0132 00       		.byte	0
 914 0133 18       		.uleb128 0x18
 915 0134 0F       		.uleb128 0xf
 916 0135 00       		.byte	0
 917 0136 0B       		.uleb128 0xb
 918 0137 0B       		.uleb128 0xb
 919 0138 49       		.uleb128 0x49
 920 0139 13       		.uleb128 0x13
 921 013a 00       		.byte	0
 922 013b 00       		.byte	0
 923 013c 19       		.uleb128 0x19
 924 013d 898201   		.uleb128 0x4109
 925 0140 00       		.byte	0
 926 0141 11       		.uleb128 0x11
 927 0142 01       		.uleb128 0x1
 928 0143 31       		.uleb128 0x31
 929 0144 13       		.uleb128 0x13
 930 0145 00       		.byte	0
 931 0146 00       		.byte	0
 932 0147 1A       		.uleb128 0x1a
 933 0148 2E       		.uleb128 0x2e
 934 0149 00       		.byte	0
 935 014a 3F       		.uleb128 0x3f
ARM GAS  C:\Users\HELLOK~1\AppData\Local\Temp\ccnE6CX2.s 			page 23


 936 014b 19       		.uleb128 0x19
 937 014c 3C       		.uleb128 0x3c
 938 014d 19       		.uleb128 0x19
 939 014e 6E       		.uleb128 0x6e
 940 014f 0E       		.uleb128 0xe
 941 0150 03       		.uleb128 0x3
 942 0151 0E       		.uleb128 0xe
 943 0152 00       		.byte	0
 944 0153 00       		.byte	0
 945 0154 1B       		.uleb128 0x1b
 946 0155 2E       		.uleb128 0x2e
 947 0156 00       		.byte	0
 948 0157 3F       		.uleb128 0x3f
 949 0158 19       		.uleb128 0x19
 950 0159 3C       		.uleb128 0x3c
 951 015a 19       		.uleb128 0x19
 952 015b 6E       		.uleb128 0x6e
 953 015c 0E       		.uleb128 0xe
 954 015d 03       		.uleb128 0x3
 955 015e 0E       		.uleb128 0xe
 956 015f 3A       		.uleb128 0x3a
 957 0160 0B       		.uleb128 0xb
 958 0161 3B       		.uleb128 0x3b
 959 0162 0B       		.uleb128 0xb
 960 0163 00       		.byte	0
 961 0164 00       		.byte	0
 962 0165 00       		.byte	0
 963              		.section	.debug_loc,"",%progbits
 964              	.Ldebug_loc0:
 965              	.LLST0:
 966 0000 00000000 		.4byte	.LVL0
 967 0004 09000000 		.4byte	.LVL2-1
 968 0008 0100     		.2byte	0x1
 969 000a 50       		.byte	0x50
 970 000b 09000000 		.4byte	.LVL2-1
 971 000f 0C000000 		.4byte	.LFE1
 972 0013 0400     		.2byte	0x4
 973 0015 F3       		.byte	0xf3
 974 0016 01       		.uleb128 0x1
 975 0017 50       		.byte	0x50
 976 0018 9F       		.byte	0x9f
 977 0019 00000000 		.4byte	0
 978 001d 00000000 		.4byte	0
 979              	.LLST1:
 980 0021 00000000 		.4byte	.LVL0
 981 0025 06000000 		.4byte	.LVL1
 982 0029 0100     		.2byte	0x1
 983 002b 51       		.byte	0x51
 984 002c 06000000 		.4byte	.LVL1
 985 0030 09000000 		.4byte	.LVL2-1
 986 0034 0100     		.2byte	0x1
 987 0036 52       		.byte	0x52
 988 0037 09000000 		.4byte	.LVL2-1
 989 003b 0C000000 		.4byte	.LFE1
 990 003f 0400     		.2byte	0x4
 991 0041 F3       		.byte	0xf3
 992 0042 01       		.uleb128 0x1
ARM GAS  C:\Users\HELLOK~1\AppData\Local\Temp\ccnE6CX2.s 			page 24


 993 0043 51       		.byte	0x51
 994 0044 9F       		.byte	0x9f
 995 0045 00000000 		.4byte	0
 996 0049 00000000 		.4byte	0
 997              	.LLST2:
 998 004d 58000000 		.4byte	.LVL6
 999 0051 5C000000 		.4byte	.LVL7
 1000 0055 0200     		.2byte	0x2
 1001 0057 30       		.byte	0x30
 1002 0058 9F       		.byte	0x9f
 1003 0059 5C000000 		.4byte	.LVL7
 1004 005d 7A000000 		.4byte	.LVL9
 1005 0061 0100     		.2byte	0x1
 1006 0063 54       		.byte	0x54
 1007 0064 7C000000 		.4byte	.LVL10
 1008 0068 C8000000 		.4byte	.LVL13
 1009 006c 0100     		.2byte	0x1
 1010 006e 54       		.byte	0x54
 1011 006f 00000000 		.4byte	0
 1012 0073 00000000 		.4byte	0
 1013              	.LLST3:
 1014 0077 5C000000 		.4byte	.LVL7
 1015 007b 7A000000 		.4byte	.LVL9
 1016 007f 0B00     		.2byte	0xb
 1017 0081 74       		.byte	0x74
 1018 0082 00       		.sleb128 0
 1019 0083 36       		.byte	0x36
 1020 0084 1E       		.byte	0x1e
 1021 0085 03       		.byte	0x3
 1022 0086 00000000 		.4byte	cfg_memset_list.4888
 1023 008a 22       		.byte	0x22
 1024 008b 9F       		.byte	0x9f
 1025 008c 7A000000 		.4byte	.LVL9
 1026 0090 7C000000 		.4byte	.LVL10
 1027 0094 0B00     		.2byte	0xb
 1028 0096 74       		.byte	0x74
 1029 0097 7F       		.sleb128 -1
 1030 0098 36       		.byte	0x36
 1031 0099 1E       		.byte	0x1e
 1032 009a 03       		.byte	0x3
 1033 009b 00000000 		.4byte	cfg_memset_list.4888
 1034 009f 22       		.byte	0x22
 1035 00a0 9F       		.byte	0x9f
 1036 00a1 00000000 		.4byte	0
 1037 00a5 00000000 		.4byte	0
 1038              		.section	.debug_aranges,"",%progbits
 1039 0000 34000000 		.4byte	0x34
 1040 0004 0200     		.2byte	0x2
 1041 0006 00000000 		.4byte	.Ldebug_info0
 1042 000a 04       		.byte	0x4
 1043 000b 00       		.byte	0
 1044 000c 0000     		.2byte	0
 1045 000e 0000     		.2byte	0
 1046 0010 00000000 		.4byte	.LFB5
 1047 0014 20000000 		.4byte	.LFE5-.LFB5
 1048 0018 00000000 		.4byte	.LFB1
 1049 001c 0C000000 		.4byte	.LFE1-.LFB1
ARM GAS  C:\Users\HELLOK~1\AppData\Local\Temp\ccnE6CX2.s 			page 25


 1050 0020 00000000 		.4byte	.LFB4
 1051 0024 54000000 		.4byte	.LFE4-.LFB4
 1052 0028 54000000 		.4byte	.LFB6
 1053 002c A0000000 		.4byte	.LFE6-.LFB6
 1054 0030 00000000 		.4byte	0
 1055 0034 00000000 		.4byte	0
 1056              		.section	.debug_ranges,"",%progbits
 1057              	.Ldebug_ranges0:
 1058 0000 00000000 		.4byte	.LFB5
 1059 0004 20000000 		.4byte	.LFE5
 1060 0008 00000000 		.4byte	.LFB1
 1061 000c 0C000000 		.4byte	.LFE1
 1062 0010 00000000 		.4byte	.LFB4
 1063 0014 54000000 		.4byte	.LFE4
 1064 0018 54000000 		.4byte	.LFB6
 1065 001c F4000000 		.4byte	.LFE6
 1066 0020 00000000 		.4byte	0
 1067 0024 00000000 		.4byte	0
 1068              		.section	.debug_line,"",%progbits
 1069              	.Ldebug_line0:
 1070 0000 3F010000 		.section	.debug_str,"MS",%progbits,1
 1070      0200D600 
 1070      00000201 
 1070      FB0E0D00 
 1070      01010101 
 1071              	.LASF19:
 1072 0000 72656733 		.ascii	"reg32\000"
 1072      3200
 1073              	.LASF12:
 1074 0006 73697A65 		.ascii	"size_t\000"
 1074      5F7400
 1075              	.LASF32:
 1076 000d 416E616C 		.ascii	"AnalogSetDefault\000"
 1076      6F675365 
 1076      74446566 
 1076      61756C74 
 1076      00
 1077              	.LASF27:
 1078 001e 4379496E 		.ascii	"CyIntSetVector\000"
 1078      74536574 
 1078      56656374 
 1078      6F7200
 1079              	.LASF25:
 1080 002d 6366675F 		.ascii	"cfg_memset_list\000"
 1080      6D656D73 
 1080      65745F6C 
 1080      69737400 
 1081              	.LASF21:
 1082 003d 436C6F63 		.ascii	"ClockSetup\000"
 1082      6B536574 
 1082      757000
 1083              	.LASF6:
 1084 0048 73686F72 		.ascii	"short unsigned int\000"
 1084      7420756E 
 1084      7369676E 
 1084      65642069 
 1084      6E7400
ARM GAS  C:\Users\HELLOK~1\AppData\Local\Temp\ccnE6CX2.s 			page 26


 1085              	.LASF16:
 1086 005b 666C6F61 		.ascii	"float\000"
 1086      7400
 1087              	.LASF23:
 1088 0061 73697A65 		.ascii	"size\000"
 1088      00
 1089              	.LASF18:
 1090 0066 72656738 		.ascii	"reg8\000"
 1090      00
 1091              	.LASF8:
 1092 006b 6C6F6E67 		.ascii	"long unsigned int\000"
 1092      20756E73 
 1092      69676E65 
 1092      6420696E 
 1092      7400
 1093              	.LASF13:
 1094 007d 75696E74 		.ascii	"uint8\000"
 1094      3800
 1095              	.LASF20:
 1096 0083 43594D45 		.ascii	"CYMEMZERO\000"
 1096      4D5A4552 
 1096      4F00
 1097              	.LASF4:
 1098 008d 756E7369 		.ascii	"unsigned char\000"
 1098      676E6564 
 1098      20636861 
 1098      7200
 1099              	.LASF34:
 1100 009b 6D656D73 		.ascii	"memset\000"
 1100      657400
 1101              	.LASF17:
 1102 00a2 646F7562 		.ascii	"double\000"
 1102      6C6500
 1103              	.LASF28:
 1104 00a9 4379496E 		.ascii	"CyIntEnable\000"
 1104      74456E61 
 1104      626C6500 
 1105              	.LASF14:
 1106 00b5 75696E74 		.ascii	"uint16\000"
 1106      313600
 1107              	.LASF15:
 1108 00bc 75696E74 		.ascii	"uint32\000"
 1108      333200
 1109              	.LASF0:
 1110 00c3 756E7369 		.ascii	"unsigned int\000"
 1110      676E6564 
 1110      20696E74 
 1110      00
 1111              	.LASF33:
 1112 00d0 63796669 		.ascii	"cyfitter_cfg\000"
 1112      74746572 
 1112      5F636667 
 1112      00
 1113              	.LASF22:
 1114 00dd 61646472 		.ascii	"address\000"
 1114      65737300 
 1115              	.LASF9:
ARM GAS  C:\Users\HELLOK~1\AppData\Local\Temp\ccnE6CX2.s 			page 27


 1116 00e5 6C6F6E67 		.ascii	"long long unsigned int\000"
 1116      206C6F6E 
 1116      6720756E 
 1116      7369676E 
 1116      65642069 
 1117              	.LASF29:
 1118 00fc 474E5520 		.ascii	"GNU C11 5.4.1 20160609 (release) [ARM/embedded-5-br"
 1118      43313120 
 1118      352E342E 
 1118      31203230 
 1118      31363036 
 1119 012f 616E6368 		.ascii	"anch revision 237715] -mcpu=cortex-m0 -mthumb -g -O"
 1119      20726576 
 1119      6973696F 
 1119      6E203233 
 1119      37373135 
 1120 0162 67202D66 		.ascii	"g -ffunction-sections -ffat-lto-objects\000"
 1120      66756E63 
 1120      74696F6E 
 1120      2D736563 
 1120      74696F6E 
 1121              	.LASF24:
 1122 018a 6366675F 		.ascii	"cfg_memset_t\000"
 1122      6D656D73 
 1122      65745F74 
 1122      00
 1123              	.LASF10:
 1124 0197 73697A65 		.ascii	"sizetype\000"
 1124      74797065 
 1124      00
 1125              	.LASF1:
 1126 01a0 6C6F6E67 		.ascii	"long long int\000"
 1126      206C6F6E 
 1126      6720696E 
 1126      7400
 1127              	.LASF31:
 1128 01ae 433A5C55 		.ascii	"C:\\Users\\Hello Kitty\\Desktop\\PSoC\\Old 381 Labs"
 1128      73657273 
 1128      5C48656C 
 1128      6C6F204B 
 1128      69747479 
 1129 01dc 5C50536F 		.ascii	"\\PSoC Creator\\blink_led\\Lab00.cydsn\000"
 1129      43204372 
 1129      6561746F 
 1129      725C626C 
 1129      696E6B5F 
 1130              	.LASF5:
 1131 0200 73686F72 		.ascii	"short int\000"
 1131      7420696E 
 1131      7400
 1132              	.LASF26:
 1133 020a 43795379 		.ascii	"CySysClkWriteImoFreq\000"
 1133      73436C6B 
 1133      57726974 
 1133      65496D6F 
 1133      46726571 
 1134              	.LASF7:
ARM GAS  C:\Users\HELLOK~1\AppData\Local\Temp\ccnE6CX2.s 			page 28


 1135 021f 6C6F6E67 		.ascii	"long int\000"
 1135      20696E74 
 1135      00
 1136              	.LASF11:
 1137 0228 63686172 		.ascii	"char\000"
 1137      00
 1138              	.LASF2:
 1139 022d 6C6F6E67 		.ascii	"long double\000"
 1139      20646F75 
 1139      626C6500 
 1140              	.LASF3:
 1141 0239 7369676E 		.ascii	"signed char\000"
 1141      65642063 
 1141      68617200 
 1142              	.LASF30:
 1143 0245 47656E65 		.ascii	"Generated_Source\\PSoC4\\cyfitter_cfg.c\000"
 1143      72617465 
 1143      645F536F 
 1143      75726365 
 1143      5C50536F 
 1144              		.ident	"GCC: (GNU Tools for ARM Embedded Processors) 5.4.1 20160609 (release) [ARM/embedded-5-bran
